Log file open, 12/09/17 11:20:55
LogInit:Display: Running engine for game: CastleGuardReborn
LogPlatformFile: Not using cached read wrapper
LogInit:Display: RandInit(1748184311) SRandInit(1748184311).
LogTaskGraph: Started task graph with 5 named threads and 8 total threads with 1 sets of task threads.
LogStats: Stats thread started at 0.078886
LogInit: Using libcurl 7.47.1
LogInit:  - built for x86_64-pc-win32
LogInit:  - supports SSL with OpenSSL/1.0.2g
LogInit:  - supports HTTP deflate (compression) using libz 1.2.8
LogInit:  - other features:
LogInit:      CURL_VERSION_SSL
LogInit:      CURL_VERSION_LIBZ
LogInit:      CURL_VERSION_IPV6
LogInit:      CURL_VERSION_ASYNCHDNS
LogInit:      CURL_VERSION_LARGEFILE
LogInit:      CURL_VERSION_IDN
LogInit:  CurlRequestOptions (configurable via config and command line):
LogInit:  - bVerifyPeer = false  - Libcurl will NOT verify peer certificate
LogInit:  - bUseHttpProxy = false  - Libcurl will NOT use HTTP proxy
LogInit:  - bDontReuseConnections = false  - Libcurl will reuse connections
LogInit:  - CertBundlePath = nullptr  - Libcurl will use whatever was configured at build time.
LogInit: Build: ++UE4+Release-4.16-CL-3514769
LogInit: Engine Version: 4.16.2-3514769+++UE4+Release-4.16
LogInit: Compatible Engine Version: 4.16.0-3452394+++UE4+Release-4.16
LogInit: Net CL: 3452394
LogDevObjectVersion: Number of dev versions registered: 16
LogDevObjectVersion:   Dev-Blueprints (B0D832E4-1F89-4F0D-ACCF-7EB736FD4AA2): 9
LogDevObjectVersion:   Dev-Build (E1C64328-A22C-4D53-A36C-8E866417BD8C): 0
LogDevObjectVersion:   Dev-Core (375EC13C-06E4-48FB-B500-84F0262A717E): 2
LogDevObjectVersion:   Dev-Editor (E4B068ED-F494-42E9-A231-DA0B2E46BB41): 17
LogDevObjectVersion:   Dev-Framework (CFFC743F-43B0-4480-9391-14DF171D2073): 23
LogDevObjectVersion:   Dev-Mobile (B02B49B5-BB20-44E9-A304-32B752E40360): 0
LogDevObjectVersion:   Dev-Networking (A4E4105C-59A1-49B5-A7C5-40C4547EDFEE): 0
LogDevObjectVersion:   Dev-Online (39C831C9-5AE6-47DC-9A44-9C173E1C8E7C): 0
LogDevObjectVersion:   Dev-Physics (78F01B33-EBEA-4F98-B9B4-84EACCB95AA2): 0
LogDevObjectVersion:   Dev-Platform (6631380F-2D4D-43E0-8009-CF276956A95A): 0
LogDevObjectVersion:   Dev-Rendering (12F88B9F-8875-4AFC-A67C-D90C383ABD29): 15
LogDevObjectVersion:   Dev-Sequencer (7B5AE74C-D270-4C10-A958-57980B212A5A): 4
LogDevObjectVersion:   Dev-VR (D7296918-1DD6-4BDD-9DE2-64A83CC13884): 0
LogDevObjectVersion:   Dev-LoadTimes (C2A15278-BFE7-4AFE-6C17-90FF531DF755): 1
LogDevObjectVersion:   Private-Geometry (6EACA3D4-40EC-4CC1-B786-8BED09428FC5): 1
LogDevObjectVersion:   Dev-AnimPhys (29E575DD-E0A3-4627-9D10-D276232CDCEA): 3
LogInit: Compiled (64-bit): Jun 29 2017 02:03:24
LogInit: Compiled with Visual C++: 19.00.24215.01
LogInit: Build Configuration: Development
LogInit: Branch Name: ++UE4+Release-4.16
LogInit: Command line:  
LogInit: Base directory: C:/Program Files/Epic Games/UE_4.16/Engine/Binaries/Win64/
LogInit: Installed Engine Build: 1
LogInit: Presizing for max 8388607 objects, including 0 objects not considered by GC, pre-allocating 0 bytes for permanent pool.
LogInit: Object subsystem initialized
[2017.12.09-19.20.55:508][  0]LogInit: Selected Device Profile: [Windows]
[2017.12.09-19.20.55:508][  0]LogInit: Applying CVar settings loaded from the selected device profile: [Windows]
[2017.12.09-19.20.55:515][  0]LogInit: Computer: LCIVAN-238-00
[2017.12.09-19.20.55:515][  0]LogInit: User: studentuser
[2017.12.09-19.20.55:515][  0]LogInit: CPU Page size=4096, Cores=4
[2017.12.09-19.20.55:515][  0]LogInit: High frequency timer resolution =4.101561 MHz
[2017.12.09-19.20.55:516][  0]LogMemory: Memory total: Physical=15.9GB (16GB approx)
[2017.12.09-19.20.55:516][  0]LogMemory: Platform Memory Stats for Windows
[2017.12.09-19.20.55:516][  0]LogMemory: Process Physical Memory: 274.78 MB used, 274.78 MB peak
[2017.12.09-19.20.55:516][  0]LogMemory: Process Virtual Memory: 260.86 MB used, 260.86 MB peak
[2017.12.09-19.20.55:516][  0]LogMemory: Physical Memory: 6028.77 MB used,  10254.68 MB free, 16283.45 MB total
[2017.12.09-19.20.55:516][  0]LogMemory: Virtual Memory: 638.49 MB used,  10254.68 MB free, 134217728.00 MB total
[2017.12.09-19.20.55:566][  0]LogInit: Using OS detected language (en-US).
[2017.12.09-19.20.55:566][  0]LogInit: Using OS detected locale (en-CA).
[2017.12.09-19.20.55:568][  0]LogTextLocalizationManager: No specific localization for 'en-US' exists, so the 'en' localization will be used.
[2017.12.09-19.20.56:231][  0]LogD3D11RHI: D3D11 adapters:
[2017.12.09-19.20.56:266][  0]LogD3D11RHI:    0. 'NVIDIA GeForce GTX 1070' (Feature Level 11_0)
[2017.12.09-19.20.56:266][  0]LogD3D11RHI:       8120/0/8141 MB DedicatedVideo/DedicatedSystem/SharedSystem, Outputs:1, VendorId:0x10de
[2017.12.09-19.20.56:272][  0]LogD3D11RHI:    1. 'Intel(R) HD Graphics 630' (Feature Level 11_0)
[2017.12.09-19.20.56:272][  0]LogD3D11RHI:       128/0/8141 MB DedicatedVideo/DedicatedSystem/SharedSystem, Outputs:0, VendorId:0x8086
[2017.12.09-19.20.56:272][  0]LogD3D11RHI:    2. 'Microsoft Basic Render Driver' (Feature Level 11_0)
[2017.12.09-19.20.56:272][  0]LogD3D11RHI:       0/0/8141 MB DedicatedVideo/DedicatedSystem/SharedSystem, Outputs:0, VendorId:0x1414
[2017.12.09-19.20.56:272][  0]LogD3D11RHI: Chosen D3D11 Adapter: 0
[2017.12.09-19.20.56:279][  0]LogD3D11RHI: Creating new Direct3DDevice
[2017.12.09-19.20.56:279][  0]LogD3D11RHI:     GPU DeviceId: 0x1b81 (for the marketing name, search the web for "GPU Device Id")
[2017.12.09-19.20.56:279][  0]LogWindows: EnumDisplayDevices:
[2017.12.09-19.20.56:279][  0]LogWindows:    0. 'NVIDIA GeForce GTX 1070' (P:1 D:1)
[2017.12.09-19.20.56:279][  0]LogWindows:    1. 'NVIDIA GeForce GTX 1070' (P:0 D:0)
[2017.12.09-19.20.56:279][  0]LogWindows:    2. 'NVIDIA GeForce GTX 1070' (P:0 D:0)
[2017.12.09-19.20.56:279][  0]LogWindows:    3. 'NVIDIA GeForce GTX 1070' (P:0 D:0)
[2017.12.09-19.20.56:279][  0]LogWindows:    4. 'Intel(R) HD Graphics 630' (P:0 D:0)
[2017.12.09-19.20.56:279][  0]LogWindows:    5. 'Intel(R) HD Graphics 630' (P:0 D:0)
[2017.12.09-19.20.56:279][  0]LogWindows:    6. 'Intel(R) HD Graphics 630' (P:0 D:0)
[2017.12.09-19.20.56:279][  0]LogWindows: DebugString: PrimaryIsNotTheChoosenAdapter PrimaryIsNotTheChoosenAdapter PrimaryIsNotTheChoosenAdapter FoundDriverCount:4 
[2017.12.09-19.20.56:279][  0]LogD3D11RHI:     Adapter Name: NVIDIA GeForce GTX 1070
[2017.12.09-19.20.56:279][  0]LogD3D11RHI:   Driver Version: 382.05 (internal:22.21.13.8205, unified:382.05)
[2017.12.09-19.20.56:279][  0]LogD3D11RHI:      Driver Date: 5-1-2017
[2017.12.09-19.20.56:279][  0]LogRHI: Texture pool is 1361 MB (70% of 1945 MB)
[2017.12.09-19.20.56:304][  0]LogD3D11RHI: Async texture creation enabled
[2017.12.09-19.20.56:320][  0]LogD3D11RHI: GPU Timing Frequency: 1000.000000 (Debug: 2 2)
[2017.12.09-19.20.56:368][  0]LogShaderCompilers: Guid format shader working directory is -5 characters bigger than the processId version (D:/CastleGuardCurrent/CastleGuardPhase2/CastleGuardReborn/Intermediate/Shaders/WorkingDirectory/9120/).
[2017.12.09-19.20.56:368][  0]LogShaderCompilers: Cleaned the shader compiler working directory 'C:/Users/studentuser/AppData/Local/Temp/UnrealShaderWorkingDir/2D1C2C394D10542D7288F68BF65860CB/'.
[2017.12.09-19.20.56:368][  0]LogShaderCompilers:Display: Using Local Shader Compiler.
[2017.12.09-19.20.57:088][  0]LogTemp:Display: Loaded TP AllDesktopTargetPlatform
[2017.12.09-19.20.57:127][  0]LogTemp:Display: Loaded TP MacClientTargetPlatform
[2017.12.09-19.20.57:163][  0]LogTemp:Display: Loaded TP MacNoEditorTargetPlatform
[2017.12.09-19.20.57:200][  0]LogTemp:Display: Loaded TP MacServerTargetPlatform
[2017.12.09-19.20.57:239][  0]LogTemp:Display: Loaded TP MacTargetPlatform
[2017.12.09-19.20.57:275][  0]LogTemp:Display: Loaded TP WindowsClientTargetPlatform
[2017.12.09-19.20.57:312][  0]LogTemp:Display: Loaded TP WindowsNoEditorTargetPlatform
[2017.12.09-19.20.57:348][  0]LogTemp:Display: Loaded TP WindowsServerTargetPlatform
[2017.12.09-19.20.57:380][  0]LogTemp:Display: Loaded TP WindowsTargetPlatform
[2017.12.09-19.20.57:414][  0]LogTemp:Display: Loaded TP AndroidTargetPlatform
[2017.12.09-19.20.57:450][  0]LogTemp:Display: Loaded TP Android_ASTCTargetPlatform
[2017.12.09-19.20.57:486][  0]LogTemp:Display: Loaded TP Android_ATCTargetPlatform
[2017.12.09-19.20.57:522][  0]LogTemp:Display: Loaded TP Android_DXTTargetPlatform
[2017.12.09-19.20.57:557][  0]LogTemp:Display: Loaded TP Android_ETC1TargetPlatform
[2017.12.09-19.20.57:592][  0]LogTemp:Display: Loaded TP Android_ETC2TargetPlatform
[2017.12.09-19.20.57:662][  0]LogTemp:Display: Loaded TP Android_MultiTargetPlatform
[2017.12.09-19.20.57:662][  0]LogTemp:Display: Loaded TP Android_PVRTCTargetPlatform
[2017.12.09-19.20.57:689][  0]LogTemp:Display: Loaded TP HTML5TargetPlatform
[2017.12.09-19.20.57:762][  0]LogTemp:Display: Loaded TP IOSTargetPlatform
[2017.12.09-19.20.57:784][  0]LogTemp:Display: Loaded TP TVOSTargetPlatform
[2017.12.09-19.20.57:819][  0]LogTemp:Display: Loaded TP LinuxClientTargetPlatform
[2017.12.09-19.20.57:854][  0]LogTemp:Display: Loaded TP LinuxNoEditorTargetPlatform
[2017.12.09-19.20.57:890][  0]LogTemp:Display: Loaded TP LinuxServerTargetPlatform
[2017.12.09-19.20.57:928][  0]LogTemp:Display: Loaded TP LinuxTargetPlatform
[2017.12.09-19.20.57:928][  0]LogTargetPlatformManager:Display: Building Assets For Windows
[2017.12.09-19.20.58:296][  0]LogDerivedDataCache:Display: Max Cache Size: 512 MB
[2017.12.09-19.20.58:381][  0]LogDerivedDataCache: Loaded boot cache 0.09s 103MB C:/Users/studentuser/AppData/Local/UnrealEngine/4.16/DerivedDataCache/Boot.ddc.
[2017.12.09-19.20.58:381][  0]LogDerivedDataCache:Display: Loaded Boot cache: C:/Users/studentuser/AppData/Local/UnrealEngine/4.16/DerivedDataCache/Boot.ddc
[2017.12.09-19.20.58:381][  0]LogDerivedDataCache: FDerivedDataBackendGraph:  Pak pak cache file D:/CastleGuardCurrent/CastleGuardPhase2/CastleGuardReborn/DerivedDataCache/DDC.ddp not found, will not use a pak cache.
[2017.12.09-19.20.58:381][  0]LogDerivedDataCache: Unable to find inner node Pak for hierarchical cache Hierarchy.
[2017.12.09-19.20.58:381][  0]LogDerivedDataCache: FDerivedDataBackendGraph:  CompressedPak pak cache file D:/CastleGuardCurrent/CastleGuardPhase2/CastleGuardReborn/DerivedDataCache/Compressed.ddp not found, will not use a pak cache.
[2017.12.09-19.20.58:381][  0]LogDerivedDataCache: Unable to find inner node CompressedPak for hierarchical cache Hierarchy.
[2017.12.09-19.20.58:392][  0]LogDerivedDataCache:Display: Pak cache opened for reading ../../../Engine/DerivedDataCache/Compressed.ddp.
[2017.12.09-19.20.58:404][  0]LogDerivedDataCache: Using Local data cache path C:/Users/studentuser/AppData/Local/UnrealEngine/Common/DerivedDataCache: Writable
[2017.12.09-19.20.58:411][  0]LogMaterial: Verifying Global Shaders for PCD3D_SM5
[2017.12.09-19.20.58:411][  0]LogSlate: Using Freetype 2.6.0
[2017.12.09-19.20.58:412][  0]LogSlate: SlateFontCache - WITH_FREETYPE: 1, WITH_HARFBUZZ: 1
[2017.12.09-19.20.58:412][  0]LogSlate: SlateFontCache - WITH_FREETYPE: 1, WITH_HARFBUZZ: 1
[2017.12.09-19.20.58:644][  0]LogInit: Selected Device Profile: [Windows]
[2017.12.09-19.20.58:705][  0]LogContentStreaming: Texture pool size is 0.00 MB
[2017.12.09-19.20.58:820][  0]LogMeshUtilities: Using QuadricMeshReduction for automatic static mesh reduction
[2017.12.09-19.20.58:854][  0]LogSimplygon: Simplygon DLL not present - disabling.
[2017.12.09-19.20.58:894][  0]LogMeshUtilities: Using SimplygonSwarm for distributed automatic mesh merging
[2017.12.09-19.20.58:894][  0]LogMeshUtilities: No automatic skeletal mesh reduction module available
[2017.12.09-19.20.58:894][  0]LogMeshUtilities: No automatic mesh merging module available
[2017.12.09-19.20.59:322][  0]LogNetVersion: CastleGuardReborn , NetCL: 3452394, EngineNetVer: 2, GameNetVer: 0 (Checksum: 2303850599)
[2017.12.09-19.20.59:373][  0]LogAssetRegistry: FAssetRegistry took 0.0242 seconds to start up
[2017.12.09-19.20.59:414][  0]LogPackageLocalizationCache: Processed 4 localized package path(s) for 2 prioritized culture(s) in 0.021397 seconds
[2017.12.09-19.20.59:418][  0]LogUObjectArray: 34194 objects as part of root set at end of initial load.
[2017.12.09-19.20.59:418][  0]LogUObjectAllocator: 7260416 out of 0 bytes used by permanent object pool.
[2017.12.09-19.20.59:418][  0]LogUObjectArray: CloseDisregardForGC: 0/0 objects in disregard for GC pool
[2017.12.09-19.20.59:466][  0]LogInit: WinSock: version 1.1 (2.2), MaxSocks=32767, MaxUdp=65467
[2017.12.09-19.21.01:164][  0]LogTcpMessaging: Initializing TcpMessaging bridge
[2017.12.09-19.21.01:196][  0]LogUdpMessaging: Initializing bridge on interface 0.0.0.0:0 to multicast group 230.0.0.1:6666.
[2017.12.09-19.21.01:583][  0]LogMaterial: Uniform references updated for custom material expression Custom.
[2017.12.09-19.21.01:876][  0]SourceControl: Info Source control is disabled
[2017.12.09-19.21.01:913][  0]SourceControl: Info Source control is disabled
[2017.12.09-19.21.01:951][  0]SourceControl: Info Source control is disabled
[2017.12.09-19.21.01:989][  0]SourceControl: Info Source control is disabled
[2017.12.09-19.21.02:482][  0]LogAndroidPermission: UAndroidPermissionCallbackProxy::GetInstance
[2017.12.09-19.21.02:915][  0]LogEngine: Initializing Engine...
[2017.12.09-19.21.05:475][  0]LogHMD: SteamVR initialized.  Driver: lighthouse  Display: LHR-A4D81BA4
[2017.12.09-19.21.05:651][  0]LogStats: UGameplayTagsManager::ConstructGameplayTagTree: Construct from data asset -  0.000 s
[2017.12.09-19.21.05:651][  0]LogStats: UGameplayTagsManager::ConstructGameplayTagTree: GameplayTagTreeChangedEvent.Broadcast -  0.000 s
[2017.12.09-19.21.05:752][  0]LogAIModule: Creating AISystem for world Untitled
[2017.12.09-19.21.05:766][  0]LogInit: XAudio2 using 'Speakers / Headphones (Realtek Audio)' : 2 channels at 48 kHz using 32 bits per sample (channel mask 0x3)
[2017.12.09-19.21.05:782][  0]LogInit: FAudioDevice initialized.
[2017.12.09-19.21.05:825][  0]LogDerivedDataCache: Saved boot cache 0.04s 90MB C:/Users/studentuser/AppData/Local/UnrealEngine/4.16/DerivedDataCache/Boot.ddc.
[2017.12.09-19.21.05:846][  0]LogInit: Texture streaming: Enabled
[2017.12.09-19.21.05:920][  0]LogEngineSessionManager: EngineSessionManager initialized
[2017.12.09-19.21.06:079][  0]LogInit: Transaction tracking system initialized
[2017.12.09-19.21.06:304][  0]BlueprintLog: New page: Editor Load
[2017.12.09-19.21.06:985][  0]LocalizationService: Info Localization service is disabled
[2017.12.09-19.21.07:478][  0]LogConsoleResponse:Display: 
[2017.12.09-19.21.07:580][  0]LogCook:Display: Max memory allowance for cook 16384mb min free memory 0mb
[2017.12.09-19.21.07:580][  0]LogCook:Display: Mobile HDR setting 1
[2017.12.09-19.21.08:330][  0]SourceControl: Info Source control is disabled
[2017.12.09-19.21.08:330][  0]Cmd: MAP LOAD FILE="D:/CastleGuardCurrent/CastleGuardPhase2/CastleGuardReborn/Content/VirtualRealityBP/Maps/default.umap" TEMPLATE=0 SHOWPROGRESS=1 FEATURELEVEL=3
[2017.12.09-19.21.08:330][  0]LightingResults: New page: Lighting Build
[2017.12.09-19.21.08:361][  0]MapCheck: New page: Map Check
[2017.12.09-19.21.08:361][  0]LightingResults: New page: Lighting Build
[2017.12.09-19.21.09:035][  0]LogBlueprint:Warning: [Compiler ABP_Soldier] Warning  OperateSiege to State  will never be taken, please connect something to  Can Enter Transition
[2017.12.09-19.21.09:038][  0]LogBlueprint:Warning: [Compiler ABP_Soldier] Warning [0014.76] Compile of ABP_Soldier successful, but with 1 Warning(s) [in 7 ms] (/Game/Vive/Blueprints/AI/SoldierAI/ABP_Soldier.ABP_Soldier)
[2017.12.09-19.21.09:039][  0]LogBlueprint:Warning: [Compiler ABP_Soldier] Warning [0014.76] Compile of ABP_Soldier successful, but with 2 Warning(s) [in 1 ms] (/Game/Vive/Blueprints/AI/SoldierAI/ABP_Soldier.ABP_Soldier)
[2017.12.09-19.21.09:039][  0]LogBlueprint:Warning: [Compiler ABP_Soldier] Warning [0014.76] Compile of ABP_Soldier successful, but with 3 Warning(s) [in 0 ms] (/Game/Vive/Blueprints/AI/SoldierAI/ABP_Soldier.ABP_Soldier)
[2017.12.09-19.21.09:596][  0]LogBlueprint:Warning: [Compiler ABP_Soldier] Warning  OperateSiege to State  will never be taken, please connect something to  Can Enter Transition
[2017.12.09-19.21.09:599][  0]LogBlueprint:Warning: [Compiler ABP_Soldier] Warning [0015.32] Compile of ABP_Soldier successful, but with 1 Warning(s) [in 7 ms] (/Game/Vive/Blueprints/AI/SoldierAI/ABP_Soldier.ABP_Soldier)
[2017.12.09-19.21.09:599][  0]LogBlueprint:Warning: [Compiler ABP_Soldier] Warning [0015.32] Compile of ABP_Soldier successful, but with 2 Warning(s) [in 0 ms] (/Game/Vive/Blueprints/AI/SoldierAI/ABP_Soldier.ABP_Soldier)
[2017.12.09-19.21.09:601][  0]LogBlueprint:Warning: [Compiler ABP_Soldier] Warning [0015.32] Compile of ABP_Soldier successful, but with 3 Warning(s) [in 1 ms] (/Game/Vive/Blueprints/AI/SoldierAI/ABP_Soldier.ABP_Soldier)
[2017.12.09-19.21.10:800][  0]LogClass:Warning: Enum '/Game/Vive/Blueprints/Enum_GameStatus.Enum_GameStatus' was upgraded to use FText to store its display name data. Please re-save this asset to avoid issues with localization and determinstic cooking.
[2017.12.09-19.21.11:047][  0]LogAIModule: Creating AISystem for world default
[2017.12.09-19.21.11:202][  0]LogEditorServer: Finished looking for orphan Actors (0.000 secs)
[2017.12.09-19.21.11:287][  0]Cmd: MAP CHECKDEP NOCLEARLOG
[2017.12.09-19.21.11:334][  0]MapCheck: Info Map check complete: 0 Error(s), 0 Warning(s), took 47.1ms to complete.
[2017.12.09-19.21.11:334][  0]LogFileHelpers: Loading map 'default' took 3.004
[2017.12.09-19.21.11:398][  0]LogWindowsTextInputMethodSystem:Display: IME system now deactivated.
[2017.12.09-19.21.11:458][  0]LogCollectionManager: Loaded 0 collections in 0.001678 seconds
[2017.12.09-19.21.11:524][  0]LogFileCache: Scanning file cache for directory 'D:/CastleGuardCurrent/CastleGuardPhase2/CastleGuardReborn/Saved/Collections/' took 0.01s
[2017.12.09-19.21.11:524][  0]LogFileCache: Scanning file cache for directory 'D:/CastleGuardCurrent/CastleGuardPhase2/CastleGuardReborn/Content/Developers/studentuser/Collections/' took 0.01s
[2017.12.09-19.21.11:524][  0]LogFileCache: Scanning file cache for directory 'D:/CastleGuardCurrent/CastleGuardPhase2/CastleGuardReborn/Content/Collections/' took 0.01s
[2017.12.09-19.21.11:524][  0]LogCollectionManager: Rebuilt the GUID cache for 0 collections in 0.000001 seconds
[2017.12.09-19.21.11:530][  0]LogContentBrowser: Native class hierarchy populated in 0.0064 seconds. Added 2329 classes and 491 folders.
[2017.12.09-19.21.11:577][  0]LogContentBrowser: Native class hierarchy updated for 'WidgetCarousel' in 0.0004 seconds. Added 0 classes and 0 folders.
[2017.12.09-19.21.11:601][  0]LogContentBrowser: Native class hierarchy updated for 'AddContentDialog' in 0.0004 seconds. Added 0 classes and 0 folders.
[2017.12.09-19.21.11:633][  0]LogContentBrowser: Native class hierarchy updated for 'SceneOutliner' in 0.0004 seconds. Added 1 classes and 2 folders.
[2017.12.09-19.21.11:664][  0]LogCrashTracker: Crashtracker disabled due to settings.
[2017.12.09-19.21.11:670][  0]LogSlate: Took 0.000135 seconds to synchronously load lazily loaded font '../../../Engine/Content/Slate/Fonts/Roboto-Regular.ttf' (155K)
[2017.12.09-19.21.11:672][  0]LogSlate: Took 0.000112 seconds to synchronously load lazily loaded font '../../../Engine/Content/Slate/Fonts/Roboto-Bold.ttf' (160K)
[2017.12.09-19.21.11:676][  0]LogSlate: Took 0.000164 seconds to synchronously load lazily loaded font '../../../Engine/Content/Editor/Slate/Fonts/FontAwesome.ttf' (139K)
[2017.12.09-19.21.11:745][  0]LogRenderer: Reallocating scene render targets to support 1208x576 NumSamples 1 (Frame:1).
[2017.12.09-19.21.11:832][  0]LogUObjectGlobals:Warning: Failed to find object 'Class None.'
[2017.12.09-19.21.11:888][  0]LogContentBrowser: Native class hierarchy updated for 'HierarchicalLODOutliner' in 0.0005 seconds. Added 1 classes and 2 folders.
[2017.12.09-19.21.11:888][  0]LogLoad: (Engine Initialization) Total time: 17.61 seconds
[2017.12.09-19.21.11:888][  0]LogLoad: (Engine Initialization) Total Blueprint compile time: 0.86 seconds
[2017.12.09-19.21.11:888][  0]LogExternalProfiler: Found external profiler: VSPerf
[2017.12.09-19.21.11:888][  0]LogExternalProfiler: Using external profiler: VSPerf
[2017.12.09-19.21.11:899][  0]LogOcInput: OculusInput pre-init called
[2017.12.09-19.21.11:899][  0]LogHMD: Starting GearVRController plugin
[2017.12.09-19.21.11:899][  0]LogSteamVRController: Controller role for device 1 is 1 (invalid=0, left=1, right=2).
[2017.12.09-19.21.11:899][  0]LogSteamVRController:Warning: Controller device 1 is being assigned to its prefered role 'left'.
[2017.12.09-19.21.11:899][  0]LogSteamVRController: Controller device 1 is being assigned unreal hand 0 (left=0, right=1).
[2017.12.09-19.21.11:899][  0]LogSteamVRController: Controller role for device 2 is 2 (invalid=0, left=1, right=2).
[2017.12.09-19.21.11:899][  0]LogSteamVRController: Putting controller 2 on the right hand because there is already a controller for the left.
[2017.12.09-19.21.11:899][  0]LogSteamVRController: Controller device 2 is being assigned unreal hand 1 (left=0, right=1).
[2017.12.09-19.21.11:924][  0]LogAssetRegistry: Asset discovery search completed in 12.5714 seconds
[2017.12.09-19.21.11:926][  0]LogCollectionManager: Rebuilt the object cache for 0 collections in 0.000000 seconds (found 0 objects)
[2017.12.09-19.21.11:926][  0]LogCollectionManager: Fixed up redirectors for 0 collections in 0.000037 seconds (updated 0 objects)
[2017.12.09-19.21.11:930][  0]LogContentStreaming: Texture pool size now 1000 MB
[2017.12.09-19.21.11:999][  0]LogSlate: Took 0.000171 seconds to synchronously load lazily loaded font '../../../Engine/Content/Slate/Fonts/Roboto-Light.ttf' (159K)
[2017.12.09-19.21.12:927][ 96]LogSlate: Took 0.000228 seconds to synchronously load lazily loaded font '../../../Engine/Content/Slate/Fonts/Roboto-Light.ttf' (159K)
[2017.12.09-19.21.27:144][799]LogSlate: Took 0.000186 seconds to synchronously load lazily loaded font '../../../Engine/Content/Editor/Slate/Fonts/Roboto-Italic.ttf' (157K)
[2017.12.09-19.21.43:997][787]LogScriptCore:Warning: Script Msg: Attempted to access index 0 from array CallFunc_GetAllActorsOfClass_OutActors of length 0!
[2017.12.09-19.21.43:997][787]LogScript:Warning: Accessed None trying to read property CallFunc_Array_Get_Item
	BP_AI_Arrows_C /Engine/Transient.World_9:PersistentLevel.BP_AI_Arrows_C_0
	Function /Game/Vive/Blueprints/AI/ArcherAI/BP_AI_Arrows.BP_AI_Arrows_C:UserConstructionScript:00C8
[2017.12.09-19.21.43:997][787]LogScript:Warning: Accessed None
	BP_AI_Arrows_C /Engine/Transient.World_9:PersistentLevel.BP_AI_Arrows_C_0
	Function /Game/Vive/Blueprints/AI/ArcherAI/BP_AI_Arrows.BP_AI_Arrows_C:UserConstructionScript:00DD
[2017.12.09-19.21.46:443][ 75]LogSlate: Took 0.000122 seconds to synchronously load lazily loaded font '../../../Engine/Content/Slate/Fonts/Roboto-Light.ttf' (159K)
[2017.12.09-19.21.46:717][ 75]LogContentBrowser: Native class hierarchy updated for 'BlueprintGraph' in 0.0006 seconds. Added 112 classes and 0 folders.
[2017.12.09-19.21.47:154][ 75]LogSlate: Took 0.000096 seconds to synchronously load lazily loaded font '../../../Engine/Content/Slate/Fonts/Roboto-Regular.ttf' (155K)
[2017.12.09-19.21.47:197][ 75]LogSlate: Took 0.000134 seconds to synchronously load lazily loaded font '../../../Engine/Content/Editor/Slate/Fonts/Roboto-BoldCondensed.ttf' (158K)
[2017.12.09-19.22.03:057][900]LogScriptCore:Warning: Script Msg: Attempted to access index 0 from array CallFunc_GetAllActorsOfClass_OutActors of length 0!
[2017.12.09-19.22.03:057][900]LogScript:Warning: Accessed None trying to read property CallFunc_Array_Get_Item
	BP_AI_Arrows_C /Engine/Transient.World_12:PersistentLevel.BP_AI_Arrows_C_1
	Function /Game/Vive/Blueprints/AI/ArcherAI/BP_AI_Arrows.BP_AI_Arrows_C:UserConstructionScript:00C8
[2017.12.09-19.22.03:057][900]LogScript:Warning: Accessed None
	BP_AI_Arrows_C /Engine/Transient.World_12:PersistentLevel.BP_AI_Arrows_C_1
	Function /Game/Vive/Blueprints/AI/ArcherAI/BP_AI_Arrows.BP_AI_Arrows_C:UserConstructionScript:00DD
[2017.12.09-19.22.05:950][164]LogScriptCore:Warning: Script Msg: Attempted to access index 0 from array CallFunc_GetAllActorsOfClass_OutActors of length 0!
[2017.12.09-19.22.05:950][164]LogScript:Warning: Accessed None trying to read property CallFunc_Array_Get_Item
	BP_AI_Arrows_C /Engine/Transient.World_12:PersistentLevel.BP_AI_Arrows_C_1
	Function /Game/Vive/Blueprints/AI/ArcherAI/BP_AI_Arrows.BP_AI_Arrows_C:UserConstructionScript:00C8
[2017.12.09-19.22.05:950][164]LogScript:Warning: Accessed None
	BP_AI_Arrows_C /Engine/Transient.World_12:PersistentLevel.BP_AI_Arrows_C_1
	Function /Game/Vive/Blueprints/AI/ArcherAI/BP_AI_Arrows.BP_AI_Arrows_C:UserConstructionScript:00DD
[2017.12.09-19.23.17:873][318]LogRenderer: Reallocating scene render targets to support 1208x712 NumSamples 1 (Frame:3630).
[2017.12.09-19.23.19:488][511]LogEditorViewport: Clicking on Actor (LMB): BP_Castle_C (BP_Castle)
[2017.12.09-19.24.02:651][618]LogTemp: Repeting last play command: Simulate
[2017.12.09-19.24.02:723][618]LogBlueprintUserMessages: Early PlayInEditor Detection: Level '/Game/VirtualRealityBP/Maps/default.default:PersistentLevel' has LevelScriptBlueprint '/Game/VirtualRealityBP/Maps/default.default:PersistentLevel.default' with GeneratedClass '/Game/VirtualRealityBP/Maps/default.default_C' with ClassGeneratedBy '/Game/VirtualRealityBP/Maps/default.default:PersistentLevel.default'
[2017.12.09-19.24.02:723][618]LogPlayLevel: PlayLevel: No blueprints needed recompiling
[2017.12.09-19.24.02:723][618]PIE: New page: SIE session: default (Dec 9, 2017, 3:24:02 AM)
[2017.12.09-19.24.02:723][618]LogPlayLevel: Creating play world package: /Game/VirtualRealityBP/Maps/UEDPIE_0_default
[2017.12.09-19.24.02:895][618]LogPlayLevel: PIE: StaticDuplicateObject took: (0.172742s)
[2017.12.09-19.24.02:896][618]LogAIModule: Creating AISystem for world default
[2017.12.09-19.24.02:896][618]LogPlayLevel: PIE: World Init took: (0.000807s)
[2017.12.09-19.24.02:897][618]LogPlayLevel: PIE: Created PIE world by copying editor world from /Game/VirtualRealityBP/Maps/default.default to /Game/VirtualRealityBP/Maps/UEDPIE_0_default.default (0.174377s)
[2017.12.09-19.24.02:926][618]LogInit: XAudio2 using 'Speakers / Headphones (Realtek Audio)' : 2 channels at 48 kHz using 32 bits per sample (channel mask 0x3)
[2017.12.09-19.24.02:940][618]LogInit: FAudioDevice initialized.
[2017.12.09-19.24.02:982][618]LogLoad: Game class is 'GM_ViveGameMode_C'
[2017.12.09-19.24.02:996][618]LogWorld: Bringing World /Game/VirtualRealityBP/Maps/UEDPIE_0_default.default up for play (max tick rate 0) at 2017.12.09-11.24.02
[2017.12.09-19.24.02:997][618]LogWorld: Bringing up level for play took: 0.014304
[2017.12.09-19.24.02:998][618]LogGameMode: FindPlayerStart: PATHS NOT DEFINED or NO PLAYERSTART with positive rating
[2017.12.09-19.24.03:029][618]LogContentBrowser: Native class hierarchy updated for 'MovieSceneCapture' in 0.0004 seconds. Added 11 classes and 0 folders.
[2017.12.09-19.24.03:029][618]LogGameMode:Display: Match State Changed from EnteringMap to WaitingToStart
[2017.12.09-19.24.03:031][618]LogGameState: Match State Changed from EnteringMap to WaitingToStart
[2017.12.09-19.24.03:031][618]PIE: Info Play in editor start time for /Game/VirtualRealityBP/Maps/UEDPIE_0_default 0.896
[2017.12.09-19.24.03:052][618]LogBlueprintUserMessages: Late PlayInEditor Detection: Level '/Game/VirtualRealityBP/Maps/default.default:PersistentLevel' has LevelScriptBlueprint '/Game/VirtualRealityBP/Maps/default.default:PersistentLevel.default' with GeneratedClass '/Game/VirtualRealityBP/Maps/default.default_C' with ClassGeneratedBy '/Game/VirtualRealityBP/Maps/default.default:PersistentLevel.default'
[2017.12.09-19.24.28:296][737]LogBlueprintUserMessages: [BP_AI_Arrows_C_0] Spawned
[2017.12.09-19.24.28:296][737]LogBlueprintUserMessages: [BP_AI_Arrows_C_0] BP_ArcherAi
[2017.12.09-19.24.28:296][737]LogBlueprintUserMessages: [BP_AI_Arrows_C_0] Cast Failed
[2017.12.09-19.24.29:554][828]LogBlueprintUserMessages: [BP_AI_Arrows_C_0] Castle Succesful
[2017.12.09-19.24.30:316][883]LogBlueprintUserMessages: [BP_AI_Arrows_C_1] Spawned
[2017.12.09-19.24.30:316][883]LogBlueprintUserMessages: [BP_AI_Arrows_C_1] BP_ArcherAi2
[2017.12.09-19.24.30:316][883]LogBlueprintUserMessages: [BP_AI_Arrows_C_1] Cast Failed
[2017.12.09-19.24.31:571][974]LogBlueprintUserMessages: [BP_AI_Arrows_C_1] Castle Succesful
[2017.12.09-19.24.31:891][997]LogBlueprintUserMessages: [BP_AI_Arrows_C_2] Spawned
[2017.12.09-19.24.31:891][997]LogBlueprintUserMessages: [BP_AI_Arrows_C_2] BP_ArcherAi3
[2017.12.09-19.24.31:891][997]LogBlueprintUserMessages: [BP_AI_Arrows_C_2] Cast Failed
[2017.12.09-19.24.32:396][ 34]LogBlueprintUserMessages: [BP_AI_Arrows_C_3] Spawned
[2017.12.09-19.24.33:145][ 89]LogBlueprintUserMessages: [BP_AI_Arrows_C_2] Castle Succesful
[2017.12.09-19.24.33:307][101]LogBlueprintUserMessages: [BP_AI_Arrows_C_4] Spawned
[2017.12.09-19.24.33:307][101]LogBlueprintUserMessages: [BP_AI_Arrows_C_4] BP_ArcherAi
[2017.12.09-19.24.33:307][101]LogBlueprintUserMessages: [BP_AI_Arrows_C_4] Cast Failed
[2017.12.09-19.24.33:657][127]LogBlueprintUserMessages: [BP_AI_Arrows_C_3] Castle Succesful
[2017.12.09-19.24.33:866][142]LogBlueprintUserMessages: [BP_AI_Arrows_C_5] Spawned
[2017.12.09-19.24.33:867][142]LogBlueprintUserMessages: [BP_AI_Arrows_C_5] BP_ArcherAi4
[2017.12.09-19.24.33:867][142]LogBlueprintUserMessages: [BP_AI_Arrows_C_5] Cast Failed
[2017.12.09-19.24.34:562][193]LogBlueprintUserMessages: [BP_AI_Arrows_C_4] Castle Succesful
[2017.12.09-19.24.35:122][238]LogBlueprintUserMessages: [BP_AI_Arrows_C_5] Castle Succesful
[2017.12.09-19.24.35:328][260]LogBlueprintUserMessages: [BP_AI_Arrows_C_6] Spawned
[2017.12.09-19.24.35:328][260]LogBlueprintUserMessages: [BP_AI_Arrows_C_6] BP_ArcherAi2
[2017.12.09-19.24.35:328][260]LogBlueprintUserMessages: [BP_AI_Arrows_C_6] Cast Failed
[2017.12.09-19.24.35:890][301]LogBlueprintUserMessages: [BP_AI_Arrows_C_7] Spawned
[2017.12.09-19.24.35:890][301]LogBlueprintUserMessages: [BP_AI_Arrows_C_7] BP_ArcherAi5
[2017.12.09-19.24.35:890][301]LogBlueprintUserMessages: [BP_AI_Arrows_C_7] Cast Failed
[2017.12.09-19.24.36:583][368]LogBlueprintUserMessages: [BP_AI_Arrows_C_6] Castle Succesful
[2017.12.09-19.24.36:883][391]LogBlueprintUserMessages: [BP_AI_Arrows_C_8] Spawned
[2017.12.09-19.24.36:883][391]LogBlueprintUserMessages: [BP_AI_Arrows_C_8] BP_ArcherAi3
[2017.12.09-19.24.36:883][391]LogBlueprintUserMessages: [BP_AI_Arrows_C_8] Cast Failed
[2017.12.09-19.24.37:164][411]LogBlueprintUserMessages: [BP_AI_Arrows_C_7] Castle Succesful
[2017.12.09-19.24.37:386][427]LogBlueprintUserMessages: [BP_AI_Arrows_C_9] Spawned
[2017.12.09-19.24.38:148][478]LogBlueprintUserMessages: [BP_AI_Arrows_C_8] Castle Succesful
[2017.12.09-19.24.38:304][489]LogBlueprintUserMessages: [BP_AI_Arrows_C_10] Spawned
[2017.12.09-19.24.38:304][489]LogBlueprintUserMessages: [BP_AI_Arrows_C_10] BP_ArcherAi
[2017.12.09-19.24.38:304][489]LogBlueprintUserMessages: [BP_AI_Arrows_C_10] Cast Failed
[2017.12.09-19.24.38:647][514]LogBlueprintUserMessages: [BP_AI_Arrows_C_9] Castle Succesful
[2017.12.09-19.24.38:852][530]LogBlueprintUserMessages: [BP_AI_Arrows_C_11] Spawned
[2017.12.09-19.24.38:852][530]LogBlueprintUserMessages: [BP_AI_Arrows_C_11] BP_ArcherAi4
[2017.12.09-19.24.38:852][530]LogBlueprintUserMessages: [BP_AI_Arrows_C_11] Cast Failed
[2017.12.09-19.24.39:563][586]LogBlueprintUserMessages: [BP_AI_Arrows_C_10] Castle Succesful
[2017.12.09-19.24.40:112][633]LogBlueprintUserMessages: [BP_AI_Arrows_C_11] Castle Succesful
[2017.12.09-19.24.40:324][650]LogBlueprintUserMessages: [BP_AI_Arrows_C_12] Spawned
[2017.12.09-19.24.40:324][650]LogBlueprintUserMessages: [BP_AI_Arrows_C_12] BP_ArcherAi2
[2017.12.09-19.24.40:324][650]LogBlueprintUserMessages: [BP_AI_Arrows_C_12] Cast Failed
[2017.12.09-19.24.40:897][699]LogBlueprintUserMessages: [BP_AI_Arrows_C_13] Spawned
[2017.12.09-19.24.40:898][699]LogBlueprintUserMessages: [BP_AI_Arrows_C_13] BP_ArcherAi5
[2017.12.09-19.24.40:898][699]LogBlueprintUserMessages: [BP_AI_Arrows_C_13] Cast Failed
[2017.12.09-19.24.41:592][757]LogBlueprintUserMessages: [BP_AI_Arrows_C_12] Castle Succesful
[2017.12.09-19.24.41:882][780]LogBlueprintUserMessages: [BP_AI_Arrows_C_14] Spawned
[2017.12.09-19.24.41:882][780]LogBlueprintUserMessages: [BP_AI_Arrows_C_14] BP_ArcherAi3
[2017.12.09-19.24.41:882][780]LogBlueprintUserMessages: [BP_AI_Arrows_C_14] Cast Failed
[2017.12.09-19.24.42:161][802]LogBlueprintUserMessages: [BP_AI_Arrows_C_13] Castle Succesful
[2017.12.09-19.24.42:387][821]LogBlueprintUserMessages: [BP_AI_Arrows_C_15] Spawned
[2017.12.09-19.24.43:141][882]LogBlueprintUserMessages: [BP_AI_Arrows_C_14] Castle Succesful
[2017.12.09-19.24.43:295][895]LogBlueprintUserMessages: [BP_AI_Arrows_C_16] Spawned
[2017.12.09-19.24.43:296][895]LogBlueprintUserMessages: [BP_AI_Arrows_C_16] BP_ArcherAi
[2017.12.09-19.24.43:296][895]LogBlueprintUserMessages: [BP_AI_Arrows_C_16] Cast Failed
[2017.12.09-19.24.43:654][925]LogBlueprintUserMessages: [BP_AI_Arrows_C_15] Castle Succesful
[2017.12.09-19.24.43:855][942]LogBlueprintUserMessages: [BP_AI_Arrows_C_17] Spawned
[2017.12.09-19.24.43:855][942]LogBlueprintUserMessages: [BP_AI_Arrows_C_17] BP_ArcherAi4
[2017.12.09-19.24.43:855][942]LogBlueprintUserMessages: [BP_AI_Arrows_C_17] Cast Failed
[2017.12.09-19.24.44:554][  1]LogBlueprintUserMessages: [BP_AI_Arrows_C_16] Castle Succesful
[2017.12.09-19.24.45:118][ 49]LogBlueprintUserMessages: [BP_AI_Arrows_C_17] Castle Succesful
[2017.12.09-19.24.45:317][ 66]LogBlueprintUserMessages: [BP_AI_Arrows_C_18] Spawned
[2017.12.09-19.24.45:317][ 66]LogBlueprintUserMessages: [BP_AI_Arrows_C_18] BP_ArcherAi2
[2017.12.09-19.24.45:317][ 66]LogBlueprintUserMessages: [BP_AI_Arrows_C_18] Cast Failed
[2017.12.09-19.24.45:893][117]LogBlueprintUserMessages: [BP_AI_Arrows_C_19] Spawned
[2017.12.09-19.24.45:893][117]LogBlueprintUserMessages: [BP_AI_Arrows_C_19] BP_ArcherAi5
[2017.12.09-19.24.45:893][117]LogBlueprintUserMessages: [BP_AI_Arrows_C_19] Cast Failed
[2017.12.09-19.24.46:578][174]LogBlueprintUserMessages: [BP_AI_Arrows_C_18] Castle Succesful
[2017.12.09-19.24.46:891][200]LogBlueprintUserMessages: [BP_AI_Arrows_C_20] Spawned
[2017.12.09-19.24.46:891][200]LogBlueprintUserMessages: [BP_AI_Arrows_C_20] BP_ArcherAi3
[2017.12.09-19.24.46:892][200]LogBlueprintUserMessages: [BP_AI_Arrows_C_20] Cast Failed
[2017.12.09-19.24.47:164][221]LogBlueprintUserMessages: [BP_AI_Arrows_C_19] Castle Succesful
[2017.12.09-19.24.47:394][240]LogBlueprintUserMessages: [BP_AI_Arrows_C_21] Spawned
[2017.12.09-19.24.48:148][300]LogBlueprintUserMessages: [BP_AI_Arrows_C_20] Castle Succesful
[2017.12.09-19.24.48:298][312]LogBlueprintUserMessages: [BP_AI_Arrows_C_22] Spawned
[2017.12.09-19.24.48:298][312]LogBlueprintUserMessages: [BP_AI_Arrows_C_22] BP_ArcherAi
[2017.12.09-19.24.48:298][312]LogBlueprintUserMessages: [BP_AI_Arrows_C_22] Cast Failed
[2017.12.09-19.24.48:654][341]LogBlueprintUserMessages: [BP_AI_Arrows_C_21] Castle Succesful
[2017.12.09-19.24.48:858][358]LogBlueprintUserMessages: [BP_AI_Arrows_C_23] Spawned
[2017.12.09-19.24.48:858][358]LogBlueprintUserMessages: [BP_AI_Arrows_C_23] BP_ArcherAi4
[2017.12.09-19.24.48:858][358]LogBlueprintUserMessages: [BP_AI_Arrows_C_23] Cast Failed
[2017.12.09-19.24.49:558][416]LogBlueprintUserMessages: [BP_AI_Arrows_C_22] Castle Succesful
[2017.12.09-19.24.50:123][463]LogBlueprintUserMessages: [BP_AI_Arrows_C_23] Castle Succesful
[2017.12.09-19.24.50:325][480]LogBlueprintUserMessages: [BP_AI_Arrows_C_24] Spawned
[2017.12.09-19.24.50:325][480]LogBlueprintUserMessages: [BP_AI_Arrows_C_24] BP_ArcherAi2
[2017.12.09-19.24.50:325][480]LogBlueprintUserMessages: [BP_AI_Arrows_C_24] Cast Failed
[2017.12.09-19.24.50:891][527]LogBlueprintUserMessages: [BP_AI_Arrows_C_25] Spawned
[2017.12.09-19.24.50:891][527]LogBlueprintUserMessages: [BP_AI_Arrows_C_25] BP_ArcherAi5
[2017.12.09-19.24.50:891][527]LogBlueprintUserMessages: [BP_AI_Arrows_C_25] Cast Failed
[2017.12.09-19.24.51:583][585]LogBlueprintUserMessages: [BP_AI_Arrows_C_24] Castle Succesful
[2017.12.09-19.24.51:889][610]LogBlueprintUserMessages: [BP_AI_Arrows_C_26] Spawned
[2017.12.09-19.24.51:889][610]LogBlueprintUserMessages: [BP_AI_Arrows_C_26] BP_ArcherAi3
[2017.12.09-19.24.51:889][610]LogBlueprintUserMessages: [BP_AI_Arrows_C_26] Cast Failed
[2017.12.09-19.24.52:164][636]LogBlueprintUserMessages: [BP_AI_Arrows_C_25] Castle Succesful
[2017.12.09-19.24.52:385][657]LogBlueprintUserMessages: [BP_AI_Arrows_C_27] Spawned
[2017.12.09-19.24.52:938][704]LogBlueprintUserMessages: Early EndPlayMap Detection: Level '/Game/VirtualRealityBP/Maps/default.default:PersistentLevel' has LevelScriptBlueprint '/Game/VirtualRealityBP/Maps/default.default:PersistentLevel.default' with GeneratedClass '/Game/VirtualRealityBP/Maps/default.default_C' with ClassGeneratedBy '/Game/VirtualRealityBP/Maps/default.default:PersistentLevel.default'
[2017.12.09-19.24.52:992][704]LogBlueprintUserMessages: Late EndPlayMap Detection: Level '/Game/VirtualRealityBP/Maps/default.default:PersistentLevel' has LevelScriptBlueprint '/Game/VirtualRealityBP/Maps/default.default:PersistentLevel.default' with GeneratedClass '/Game/VirtualRealityBP/Maps/default.default_C' with ClassGeneratedBy '/Game/VirtualRealityBP/Maps/default.default:PersistentLevel.default'
[2017.12.09-19.24.58:828][950]LogSavePackage: Save=3578.86ms
[2017.12.09-19.24.58:828][950]LogSavePackage: Moving 'D:/CastleGuardCurrent/CastleGuardPhase2/CastleGuardReborn/Saved/defaultAB65DDC6460CC58410E2038A75431F20.tmp' to 'D:/CastleGuardCurrent/CastleGuardPhase2/CastleGuardReborn/Content/VirtualRealityBP/Maps/default.umap'
[2017.12.09-19.24.58:831][950]LogSavePackage:Display: Finished SavePackage D:/CastleGuardCurrent/CastleGuardPhase2/CastleGuardReborn/Content/VirtualRealityBP/Maps/default.umap
[2017.12.09-19.24.58:883][950]LogFileHelpers: Saving map 'default' took 3.714
[2017.12.09-19.25.09:219][164]LogActorComponent: UnregisterComponent: (/Engine/Transient.EditorFloorComp) Not registered. Aborting.
[2017.12.09-19.25.09:269][164]LogActorComponent: UnregisterComponent: (/Engine/Transient.EditorFloorComp) Not registered. Aborting.
[2017.12.09-19.25.09:318][164]LogWindowsTextInputMethodSystem:Display: IME system now deactivated.
[2017.12.09-19.25.09:517][165]Cmd: QUIT_EDITOR
[2017.12.09-19.25.09:584][165]LogExit: Preparing to exit.
[2017.12.09-19.25.10:437][165]LogExit: Editor shut down
[2017.12.09-19.25.10:440][165]LogExit: Transaction tracking system shut down
[2017.12.09-19.25.10:528][165]LogObj: Freed 0b from 0 cluster array pools.
[2017.12.09-19.25.10:528][165]LogExit: Object subsystem successfully closed.
[2017.12.09-19.25.10:547][165]LogD3D11RHI: Shutdown
[2017.12.09-19.25.10:547][165]LogD3D11RHI: CleanupD3DDevice
[2017.12.09-19.25.10:630][165]LogD3D11RHI: ~FD3D11DynamicRHI
[2017.12.09-19.25.10:639][165]LogModuleManager: Shutting down and abandoning module MovieSceneCapture (530)
[2017.12.09-19.25.10:639][165]LogModuleManager: Shutting down and abandoning module BlueprintGraph (528)
[2017.12.09-19.25.10:639][165]LogModuleManager: Shutting down and abandoning module BlueprintProfiler (526)
[2017.12.09-19.25.10:639][165]LogModuleManager: Shutting down and abandoning module HierarchicalLODOutliner (524)
[2017.12.09-19.25.10:639][165]LogModuleManager: Shutting down and abandoning module CrashTracker (522)
[2017.12.09-19.25.10:639][165]LogModuleManager: Shutting down and abandoning module SceneOutliner (520)
[2017.12.09-19.25.10:639][165]LogModuleManager: Shutting down and abandoning module AddContentDialog (518)
[2017.12.09-19.25.10:639][165]LogDirectoryWatcher: A directory notification for 'C:/Program Files/Epic Games/UE_4.16/FeaturePacks/' was aborted.
[2017.12.09-19.25.10:640][165]LogModuleManager: Shutting down and abandoning module WidgetCarousel (517)
[2017.12.09-19.25.10:640][165]LogModuleManager: Shutting down and abandoning module EditorWidgets (514)
[2017.12.09-19.25.10:640][165]LogModuleManager: Shutting down and abandoning module CollectionManager (512)
[2017.12.09-19.25.10:640][165]LogDirectoryWatcher: A directory notification for 'D:/CastleGuardCurrent/CastleGuardPhase2/CastleGuardReborn/Content/Collections/' was aborted.
[2017.12.09-19.25.10:640][165]LogDirectoryWatcher: A directory notification for 'D:/CastleGuardCurrent/CastleGuardPhase2/CastleGuardReborn/Content/Developers/studentuser/Collections/' was aborted.
[2017.12.09-19.25.10:640][165]LogDirectoryWatcher: A directory notification for 'D:/CastleGuardCurrent/CastleGuardPhase2/CastleGuardReborn/Saved/Collections/' was aborted.
[2017.12.09-19.25.10:640][165]LogModuleManager: Shutting down and abandoning module StatsViewer (510)
[2017.12.09-19.25.10:640][165]LogModuleManager: Shutting down and abandoning module FoliageEdit (508)
[2017.12.09-19.25.10:640][165]LogModuleManager: Shutting down and abandoning module LandscapeEditor (506)
[2017.12.09-19.25.10:640][165]LogModuleManager: Shutting down and abandoning module MeshPaintMode (504)
[2017.12.09-19.25.10:640][165]LogModuleManager: Shutting down and abandoning module SceneDepthPickerMode (502)
[2017.12.09-19.25.10:640][165]LogModuleManager: Shutting down and abandoning module ActorPickerMode (500)
[2017.12.09-19.25.10:640][165]LogModuleManager: Shutting down and abandoning module GeometryMode (498)
[2017.12.09-19.25.10:640][165]LogModuleManager: Shutting down and abandoning module TextureAlignMode (496)
[2017.12.09-19.25.10:640][165]LogModuleManager: Shutting down and abandoning module BspMode (494)
[2017.12.09-19.25.10:640][165]LogModuleManager: Shutting down and abandoning module HardwareSurvey (492)
[2017.12.09-19.25.10:640][165]LogModuleManager: Shutting down and abandoning module SequenceRecorderSections (490)
[2017.12.09-19.25.10:640][165]LogModuleManager: Shutting down and abandoning module AutomationWorker (488)
[2017.12.09-19.25.10:640][165]LogModuleManager: Shutting down and abandoning module MatineeToLevelSequence (486)
[2017.12.09-19.25.10:640][165]LogModuleManager: Shutting down and abandoning module LevelSequenceEditor (484)
[2017.12.09-19.25.10:640][165]LogModuleManager: Shutting down and abandoning module PlacementMode (483)
[2017.12.09-19.25.10:640][165]LogModuleManager: Shutting down and abandoning module WmfMediaFactory (480)
[2017.12.09-19.25.10:640][165]LogModuleManager: Shutting down and abandoning module WmfMediaEditor (478)
[2017.12.09-19.25.10:640][165]LogModuleManager: Shutting down and abandoning module AvfMediaFactory (476)
[2017.12.09-19.25.10:640][165]LogModuleManager: Shutting down and abandoning module AvfMediaEditor (474)
[2017.12.09-19.25.10:640][165]LogModuleManager: Shutting down and abandoning module AndroidMediaFactory (472)
[2017.12.09-19.25.10:640][165]LogModuleManager: Shutting down and abandoning module Media (471)
[2017.12.09-19.25.10:640][165]LogModuleManager: Shutting down and abandoning module AndroidMediaEditor (468)
[2017.12.09-19.25.10:640][165]LogModuleManager: Shutting down and abandoning module CharacterAI (466)
[2017.12.09-19.25.10:640][165]LogModuleManager: Shutting down and abandoning module AudioCapture (464)
[2017.12.09-19.25.10:640][165]LogModuleManager: Shutting down and abandoning module SequenceRecorder (463)
[2017.12.09-19.25.10:640][165]LogModuleManager: Shutting down and abandoning module SmartSnapping (460)
[2017.12.09-19.25.10:640][165]LogModuleManager: Shutting down and abandoning module SessionServices (458)
[2017.12.09-19.25.10:640][165]LogModuleManager: Shutting down and abandoning module ViewportSnapping (456)
[2017.12.09-19.25.10:640][165]LogModuleManager: Shutting down and abandoning module ViewportInteraction (454)
[2017.12.09-19.25.10:640][165]LogModuleManager: Shutting down and abandoning module ClothPainter (452)
[2017.12.09-19.25.10:640][165]LogModuleManager: Shutting down and abandoning module LogVisualizer (450)
[2017.12.09-19.25.10:640][165]LogModuleManager: Shutting down and abandoning module IntroTutorials (448)
[2017.12.09-19.25.10:640][165]LogModuleManager: Shutting down and abandoning module GameProjectGeneration (447)
[2017.12.09-19.25.10:641][165]LogModuleManager: Shutting down and abandoning module EditorLiveStreaming (444)
[2017.12.09-19.25.10:641][165]LogModuleManager: Shutting down and abandoning module IOSPlatformEditor (442)
[2017.12.09-19.25.10:641][165]LogModuleManager: Shutting down and abandoning module HTML5PlatformEditor (440)
[2017.12.09-19.25.10:641][165]LogModuleManager: Shutting down and abandoning module AndroidPlatformEditor (438)
[2017.12.09-19.25.10:641][165]LogModuleManager: Shutting down and abandoning module AndroidDeviceDetection (437)
[2017.12.09-19.25.11:282][165]LogModuleManager: Shutting down and abandoning module IOSRuntimeSettings (434)
[2017.12.09-19.25.11:282][165]LogModuleManager: Shutting down and abandoning module AndroidRuntimeSettings (432)
[2017.12.09-19.25.11:282][165]LogModuleManager: Shutting down and abandoning module InputBindingEditor (430)
[2017.12.09-19.25.11:282][165]LogModuleManager: Shutting down and abandoning module MergeActors (428)
[2017.12.09-19.25.11:282][165]LogModuleManager: Shutting down and abandoning module SizeMap (426)
[2017.12.09-19.25.11:282][165]LogModuleManager: Shutting down and abandoning module TreeMap (424)
[2017.12.09-19.25.11:282][165]LogModuleManager: Shutting down and abandoning module ReferenceViewer (422)
[2017.12.09-19.25.11:282][165]LogModuleManager: Shutting down and abandoning module LocalizationDashboard (420)
[2017.12.09-19.25.11:282][165]LogModuleManager: Shutting down and abandoning module LocalizationService (419)
[2017.12.09-19.25.11:282][165]LogModuleManager: Shutting down and abandoning module HardwareTargeting (416)
[2017.12.09-19.25.11:282][165]LogModuleManager: Shutting down and abandoning module DeviceProfileEditor (414)
[2017.12.09-19.25.11:282][165]LogModuleManager: Shutting down and abandoning module UndoHistory (412)
[2017.12.09-19.25.11:282][165]LogModuleManager: Shutting down and abandoning module UserFeedback (410)
[2017.12.09-19.25.11:282][165]LogModuleManager: Shutting down and abandoning module XmlParser (408)
[2017.12.09-19.25.11:282][165]LogModuleManager: Shutting down and abandoning module Blutility (406)
[2017.12.09-19.25.11:282][165]LogModuleManager: Shutting down and abandoning module ProjectSettingsViewer (404)
[2017.12.09-19.25.11:282][165]LogModuleManager: Shutting down and abandoning module ProjectTargetPlatformEditor (403)
[2017.12.09-19.25.11:282][165]LogModuleManager: Shutting down and abandoning module EditorSettingsViewer (400)
[2017.12.09-19.25.11:282][165]LogModuleManager: Shutting down and abandoning module SettingsEditor (398)
[2017.12.09-19.25.11:282][165]LogModuleManager: Shutting down and abandoning module ProjectLauncher (396)
[2017.12.09-19.25.11:282][165]LogModuleManager: Shutting down and abandoning module SessionFrontend (394)
[2017.12.09-19.25.11:282][165]LogModuleManager: Shutting down and abandoning module ProfilerClient (392)
[2017.12.09-19.25.11:282][165]LogModuleManager: Shutting down and abandoning module DeviceManager (390)
[2017.12.09-19.25.11:282][165]LogModuleManager: Shutting down and abandoning module TargetDeviceServices (389)
[2017.12.09-19.25.11:346][165]LogModuleManager: Shutting down and abandoning module AutomationController (386)
[2017.12.09-19.25.11:346][165]LogModuleManager: Shutting down and abandoning module AutomationWindow (384)
[2017.12.09-19.25.11:346][165]LogModuleManager: Shutting down and abandoning module Layers (382)
[2017.12.09-19.25.11:346][165]LogModuleManager: Shutting down and abandoning module ComponentVisualizers (380)
[2017.12.09-19.25.11:346][165]LogModuleManager: Shutting down and abandoning module DetailCustomizations (378)
[2017.12.09-19.25.11:346][165]LogModuleManager: Shutting down and abandoning module PackagesDialog (376)
[2017.12.09-19.25.11:346][165]LogModuleManager: Shutting down and abandoning module Persona (374)
[2017.12.09-19.25.11:346][165]LogModuleManager: Shutting down and abandoning module AdvancedPreviewScene (373)
[2017.12.09-19.25.11:346][165]LogModuleManager: Shutting down and abandoning module AnimGraph (371)
[2017.12.09-19.25.11:346][165]LogModuleManager: Shutting down and abandoning module Kismet (368)
[2017.12.09-19.25.11:353][165]LogModuleManager: Shutting down and abandoning module ClassViewer (366)
[2017.12.09-19.25.11:353][165]LogModuleManager: Shutting down and abandoning module Toolbox (364)
[2017.12.09-19.25.11:353][165]LogModuleManager: Shutting down and abandoning module ModuleUI (362)
[2017.12.09-19.25.11:353][165]LogModuleManager: Shutting down and abandoning module MovieSceneTools (360)
[2017.12.09-19.25.11:353][165]LogModuleManager: Shutting down and abandoning module OutputLog (358)
[2017.12.09-19.25.11:353][165]LogModuleManager: Shutting down and abandoning module GammaUI (356)
[2017.12.09-19.25.11:353][165]LogModuleManager: Shutting down and abandoning module Documentation (354)
[2017.12.09-19.25.11:353][165]LogModuleManager: Shutting down and abandoning module MovieSceneTracks (352)
[2017.12.09-19.25.11:353][165]LogModuleManager: Shutting down and abandoning module MovieScene (350)
[2017.12.09-19.25.11:354][165]LogModuleManager: Shutting down and abandoning module Niagara (348)
[2017.12.09-19.25.11:354][165]LogModuleManager: Shutting down and abandoning module NiagaraEditor (347)
[2017.12.09-19.25.11:354][165]LogModuleManager: Shutting down and abandoning module StreamingPauseRendering (344)
[2017.12.09-19.25.11:354][165]LogModuleManager: Shutting down and abandoning module AnalyticsET (342)
[2017.12.09-19.25.11:354][165]LogModuleManager: Shutting down and abandoning module PortalServices (340)
[2017.12.09-19.25.11:354][165]LogModuleManager: Shutting down and abandoning module PortalRpc (338)
[2017.12.09-19.25.11:354][165]LogModuleManager: Shutting down and abandoning module MessagingRpc (336)
[2017.12.09-19.25.11:354][165]LogModuleManager: Shutting down and abandoning module AIModule (334)
[2017.12.09-19.25.11:354][165]LogModuleManager: Shutting down and abandoning module GameplayDebugger (333)
[2017.12.09-19.25.11:354][165]LogModuleManager: Shutting down and abandoning module AITestSuite (331)
[2017.12.09-19.25.11:354][165]LogModuleManager: Shutting down and abandoning module ProfilerService (328)
[2017.12.09-19.25.11:603][165]LogModuleManager: Shutting down and abandoning module TaskGraph (326)
[2017.12.09-19.25.11:603][165]LogModuleManager: Shutting down and abandoning module SteamVRController (324)
[2017.12.09-19.25.11:603][165]LogModuleManager: Shutting down and abandoning module SteamVR (322)
[2017.12.09-19.25.11:603][165]LogModuleManager: Shutting down and abandoning module ProceduralMeshComponentEditor (320)
[2017.12.09-19.25.11:603][165]LogModuleManager: Shutting down and abandoning module ProceduralMeshComponent (318)
[2017.12.09-19.25.11:603][165]LogModuleManager: Shutting down and abandoning module OculusLibrary (316)
[2017.12.09-19.25.11:603][165]LogModuleManager: Shutting down and abandoning module OculusInput (314)
[2017.12.09-19.25.11:603][165]LogModuleManager: Shutting down and abandoning module MobilePatchingUtils (312)
[2017.12.09-19.25.11:603][165]LogModuleManager: Shutting down and abandoning module CustomMeshComponent (310)
[2017.12.09-19.25.11:603][165]LogModuleManager: Shutting down and abandoning module CableComponent (308)
[2017.12.09-19.25.11:603][165]LogModuleManager: Shutting down and abandoning module ArchVisCharacter (306)
[2017.12.09-19.25.11:603][165]LogModuleManager: Shutting down and abandoning module AndroidPermission (304)
[2017.12.09-19.25.11:603][165]LogModuleManager: Shutting down and abandoning module MediaPlayerEditor (300)
[2017.12.09-19.25.11:603][165]LogModuleManager: Shutting down and abandoning module HTML5Networking (298)
[2017.12.09-19.25.11:603][165]LogModuleManager: Shutting down and abandoning module AlembicImporter (296)
[2017.12.09-19.25.11:603][165]LogModuleManager: Shutting down and abandoning module AlembicLibrary (295)
[2017.12.09-19.25.11:603][165]LogModuleManager: Shutting down and abandoning module GeometryCache (294)
[2017.12.09-19.25.11:603][165]LogModuleManager: Shutting down and abandoning module GeometryCacheEd (293)
[2017.12.09-19.25.11:603][165]LogModuleManager: Shutting down and abandoning module SuperSearchEditor (288)
[2017.12.09-19.25.11:603][165]LogModuleManager: Shutting down and abandoning module SuperSearch (287)
[2017.12.09-19.25.11:603][165]LogModuleManager: Shutting down and abandoning module SpeedTreeImporter (284)
[2017.12.09-19.25.11:603][165]LogModuleManager: Shutting down and abandoning module PluginBrowser (282)
[2017.12.09-19.25.11:603][165]LogModuleManager: Shutting down and abandoning module MobileLauncherProfileWizard (280)
[2017.12.09-19.25.11:603][165]LogModuleManager: Shutting down and abandoning module VisualStudioSourceCodeAccess (278)
[2017.12.09-19.25.11:603][165]LogModuleManager: Shutting down and abandoning module DesktopPlatform (277)
[2017.12.09-19.25.11:603][165]LogModuleManager: Shutting down and abandoning module UObjectPlugin (274)
[2017.12.09-19.25.11:603][165]LogModuleManager: Shutting down and abandoning module SubversionSourceControl (272)
[2017.12.09-19.25.11:603][165]LogModuleManager: Shutting down and abandoning module PerforceSourceControl (270)
[2017.12.09-19.25.11:603][165]LogModuleManager: Shutting down and abandoning module GitSourceControl (268)
[2017.12.09-19.25.11:603][165]LogModuleManager: Shutting down and abandoning module SourceControl (267)
[2017.12.09-19.25.11:603][165]LogModuleManager: Shutting down and abandoning module LightPropagationVolumeEditor (264)
[2017.12.09-19.25.11:603][165]LogModuleManager: Shutting down and abandoning module PaperTiledImporter (262)
[2017.12.09-19.25.11:603][165]LogModuleManager: Shutting down and abandoning module PaperSpriteSheetImporter (260)
[2017.12.09-19.25.11:603][165]LogModuleManager: Shutting down and abandoning module Paper2DEditor (258)
[2017.12.09-19.25.11:603][165]LogModuleManager: Shutting down and abandoning module MeshPaint (257)
[2017.12.09-19.25.11:603][165]LogModuleManager: Shutting down and abandoning module LevelEditor (255)
[2017.12.09-19.25.11:603][165]LogModuleManager: Shutting down and abandoning module PixelInspectorModule (254)
[2017.12.09-19.25.11:604][165]LogModuleManager: Shutting down and abandoning module MainFrame (252)
[2017.12.09-19.25.11:604][165]LogModuleManager: Shutting down and abandoning module HotReload (251)
[2017.12.09-19.25.11:604][165]LogModuleManager: Shutting down and abandoning module PhysXVehiclesEditor (246)
[2017.12.09-19.25.11:604][165]LogModuleManager: Shutting down and abandoning module PhysXVehicles (244)
[2017.12.09-19.25.11:604][165]LogModuleManager: Shutting down and abandoning module LocationServicesBPLibrary (242)
[2017.12.09-19.25.11:604][165]LogModuleManager: Shutting down and abandoning module ImmediatePhysicsEditor (240)
[2017.12.09-19.25.11:604][165]LogModuleManager: Shutting down and abandoning module ImmediatePhysics (238)
[2017.12.09-19.25.11:604][165]LogModuleManager: Shutting down and abandoning module UdpMessaging (236)
[2017.12.09-19.25.11:704][165]LogModuleManager: Shutting down and abandoning module TcpMessaging (234)
[2017.12.09-19.25.11:805][165]LogModuleManager: Shutting down and abandoning module GameplayTagsEditor (232)
[2017.12.09-19.25.11:805][165]LogModuleManager: Shutting down and abandoning module FacialAnimationEditor (230)
[2017.12.09-19.25.11:805][165]LogModuleManager: Shutting down and abandoning module FacialAnimation (228)
[2017.12.09-19.25.11:805][165]LogModuleManager: Shutting down and abandoning module AssetManagerEditor (226)
[2017.12.09-19.25.11:805][165]LogModuleManager: Shutting down and abandoning module GraphEditor (225)
[2017.12.09-19.25.11:805][165]LogModuleManager: Shutting down and abandoning module ContentBrowser (223)
[2017.12.09-19.25.11:806][165]LogModuleManager: Shutting down and abandoning module LightPropagationVolumeRuntime (220)
[2017.12.09-19.25.11:806][165]LogModuleManager: Shutting down and abandoning module Paper2D (218)
[2017.12.09-19.25.11:806][165]LogModuleManager: Shutting down and abandoning module WindowsMoviePlayer (216)
[2017.12.09-19.25.11:806][165]LogModuleManager: Shutting down and abandoning module WmfMedia (214)
[2017.12.09-19.25.11:806][165]LogModuleManager: Shutting down and abandoning module ClothingSystemEditor (212)
[2017.12.09-19.25.11:806][165]LogModuleManager: Shutting down and abandoning module ClothingSystemRuntime (210)
[2017.12.09-19.25.11:806][165]LogModuleManager: Shutting down and abandoning module MediaAssets (208)
[2017.12.09-19.25.11:806][165]LogModuleManager: Shutting down and abandoning module GameLiveStreaming (206)
[2017.12.09-19.25.11:806][165]LogModuleManager: Shutting down and abandoning module VREditor (204)
[2017.12.09-19.25.11:806][165]LogModuleManager: Shutting down and abandoning module StringTableEditor (202)
[2017.12.09-19.25.11:806][165]LogModuleManager: Shutting down and abandoning module GameplayTasksEditor (200)
[2017.12.09-19.25.11:806][165]LogModuleManager: Shutting down and abandoning module BehaviorTreeEditor (198)
[2017.12.09-19.25.11:806][165]LogModuleManager: Shutting down and abandoning module FunctionalTesting (196)
[2017.12.09-19.25.11:806][165]LogModuleManager: Shutting down and abandoning module CollisionAnalyzer (194)
[2017.12.09-19.25.11:806][165]LogModuleManager: Shutting down and abandoning module UMG (192)
[2017.12.09-19.25.11:806][165]LogModuleManager: Shutting down and abandoning module UMGEditor (191)
[2017.12.09-19.25.11:806][165]LogModuleManager: Shutting down and abandoning module Sequencer (190)
[2017.12.09-19.25.11:806][165]LogModuleManager: Shutting down and abandoning module AssetTools (188)
[2017.12.09-19.25.11:806][165]LogModuleManager: Shutting down and abandoning module MessageLog (187)
[2017.12.09-19.25.11:806][165]LogModuleManager: Shutting down and abandoning module WorkspaceMenuStructure (186)
[2017.12.09-19.25.11:806][165]LogModuleManager: Shutting down and abandoning module SlateReflector (180)
[2017.12.09-19.25.11:806][165]LogModuleManager: Shutting down and abandoning module Slate (178)
[2017.12.09-19.25.11:806][165]LogModuleManager: Shutting down and abandoning module EditorStyle (176)
[2017.12.09-19.25.11:808][165]LogModuleManager: Shutting down and abandoning module SourceCodeAccess (174)
[2017.12.09-19.25.11:808][165]LogModuleManager: Shutting down and abandoning module HeadMountedDisplay (172)
[2017.12.09-19.25.11:808][165]LogModuleManager: Shutting down and abandoning module XAudio2 (170)
[2017.12.09-19.25.11:808][165]LogModuleManager: Shutting down and abandoning module Networking (168)
[2017.12.09-19.25.11:808][165]LogModuleManager: Shutting down and abandoning module Core (164)
[2017.12.09-19.25.11:808][165]LogModuleManager: Shutting down and abandoning module AssetRegistry (162)
[2017.12.09-19.25.11:873][165]LogDirectoryWatcher: A directory notification for '../../../Engine/Content/' was aborted.
[2017.12.09-19.25.11:873][165]LogDirectoryWatcher: A directory notification for 'D:/CastleGuardCurrent/CastleGuardPhase2/CastleGuardReborn/Content/' was aborted.
[2017.12.09-19.25.11:873][165]LogDirectoryWatcher: A directory notification for '../../../Engine/Plugins/2D/Paper2D/Content/' was aborted.
[2017.12.09-19.25.11:873][165]LogDirectoryWatcher: A directory notification for '../../../Engine/Plugins/Runtime/GearVR/Content/' was aborted.
[2017.12.09-19.25.11:877][165]LogModuleManager: Shutting down and abandoning module DirectoryWatcher (161)
[2017.12.09-19.25.11:877][165]LogModuleManager: Shutting down and abandoning module KismetCompiler (158)
[2017.12.09-19.25.11:877][165]LogModuleManager: Shutting down and abandoning module LevelSequence (156)
[2017.12.09-19.25.11:877][165]LogModuleManager: Shutting down and abandoning module PhysXFormats (154)
[2017.12.09-19.25.11:877][165]LogModuleManager: Shutting down and abandoning module MeshUtilities (152)
[2017.12.09-19.25.11:877][165]LogModuleManager: Shutting down and abandoning module SimplygonSwarm (151)
[2017.12.09-19.25.11:877][165]LogModuleManager: Shutting down and abandoning module SimplygonMeshReduction (149)
[2017.12.09-19.25.11:877][165]LogModuleManager: Shutting down and abandoning module QuadricMeshReduction (147)
[2017.12.09-19.25.11:877][165]LogModuleManager: Shutting down and abandoning module DerivedDataCache (144)
[2017.12.09-19.25.11:908][165]LogDerivedDataCache: Shutdown
[2017.12.09-19.25.11:908][165]LogModuleManager: Shutting down and abandoning module TargetPlatform (142)
[2017.12.09-19.25.11:908][165]LogModuleManager: Shutting down and abandoning module VulkanShaderFormat (141)
[2017.12.09-19.25.11:908][165]LogModuleManager: Shutting down and abandoning module ShaderFormatVectorVM (139)
[2017.12.09-19.25.11:908][165]LogModuleManager: Shutting down and abandoning module ShaderFormatOpenGL (137)
[2017.12.09-19.25.11:908][165]LogModuleManager: Shutting down and abandoning module ShaderFormatD3D (135)
[2017.12.09-19.25.11:908][165]LogModuleManager: Shutting down and abandoning module MetalShaderFormat (133)
[2017.12.09-19.25.11:908][165]LogModuleManager: Shutting down and abandoning module TextureFormatUncompressed (131)
[2017.12.09-19.25.11:908][165]LogModuleManager: Shutting down and abandoning module TextureFormatPVR (129)
[2017.12.09-19.25.11:908][165]LogModuleManager: Shutting down and abandoning module TextureFormatDXT (127)
[2017.12.09-19.25.11:908][165]LogModuleManager: Shutting down and abandoning module TextureFormatIntelISPCTexComp (125)
[2017.12.09-19.25.11:908][165]LogModuleManager: Shutting down and abandoning module TextureFormatASTC (123)
[2017.12.09-19.25.11:908][165]LogModuleManager: Shutting down and abandoning module ImageWrapper (122)
[2017.12.09-19.25.11:908][165]LogModuleManager: Shutting down and abandoning module TextureFormatAndroid (119)
[2017.12.09-19.25.11:908][165]LogModuleManager: Shutting down and abandoning module AudioFormatOpus (117)
[2017.12.09-19.25.11:908][165]LogModuleManager: Shutting down and abandoning module AudioFormatOgg (115)
[2017.12.09-19.25.11:908][165]LogModuleManager: Shutting down and abandoning module AudioFormatADPCM (113)
[2017.12.09-19.25.11:908][165]LogModuleManager: Shutting down and abandoning module LinuxTargetPlatform (111)
[2017.12.09-19.25.11:908][165]LogModuleManager: Shutting down and abandoning module LinuxServerTargetPlatform (109)
[2017.12.09-19.25.11:908][165]LogModuleManager: Shutting down and abandoning module LinuxNoEditorTargetPlatform (107)
[2017.12.09-19.25.11:908][165]LogModuleManager: Shutting down and abandoning module LinuxClientTargetPlatform (105)
[2017.12.09-19.25.11:908][165]LogModuleManager: Shutting down and abandoning module TVOSTargetPlatform (103)
[2017.12.09-19.25.11:908][165]LogModuleManager: Shutting down and abandoning module Messaging (101)
[2017.12.09-19.25.11:908][165]LogModuleManager: Shutting down and abandoning module IOSTargetPlatform (99)
[2017.12.09-19.25.11:908][165]LogModuleManager: Shutting down and abandoning module HTML5TargetPlatform (97)
[2017.12.09-19.25.11:908][165]LogModuleManager: Shutting down and abandoning module Android_PVRTCTargetPlatform (95)
[2017.12.09-19.25.11:908][165]LogModuleManager: Shutting down and abandoning module Android_MultiTargetPlatform (93)
[2017.12.09-19.25.11:908][165]LogModuleManager: Shutting down and abandoning module Android_ETC2TargetPlatform (91)
[2017.12.09-19.25.11:908][165]LogModuleManager: Shutting down and abandoning module Android_ETC1TargetPlatform (89)
[2017.12.09-19.25.11:908][165]LogModuleManager: Shutting down and abandoning module Android_DXTTargetPlatform (87)
[2017.12.09-19.25.11:908][165]LogModuleManager: Shutting down and abandoning module Android_ATCTargetPlatform (85)
[2017.12.09-19.25.11:908][165]LogModuleManager: Shutting down and abandoning module Android_ASTCTargetPlatform (83)
[2017.12.09-19.25.11:908][165]LogModuleManager: Shutting down and abandoning module AndroidTargetPlatform (81)
[2017.12.09-19.25.11:908][165]LogModuleManager: Shutting down and abandoning module WindowsTargetPlatform (79)
[2017.12.09-19.25.11:908][165]LogModuleManager: Shutting down and abandoning module WindowsServerTargetPlatform (77)
[2017.12.09-19.25.11:908][165]LogModuleManager: Shutting down and abandoning module WindowsNoEditorTargetPlatform (75)
[2017.12.09-19.25.11:908][165]LogModuleManager: Shutting down and abandoning module WindowsClientTargetPlatform (73)
[2017.12.09-19.25.11:908][165]LogModuleManager: Shutting down and abandoning module MacTargetPlatform (71)
[2017.12.09-19.25.11:908][165]LogModuleManager: Shutting down and abandoning module MacServerTargetPlatform (69)
[2017.12.09-19.25.11:908][165]LogModuleManager: Shutting down and abandoning module MacNoEditorTargetPlatform (67)
[2017.12.09-19.25.11:908][165]LogModuleManager: Shutting down and abandoning module MacClientTargetPlatform (65)
[2017.12.09-19.25.11:908][165]LogModuleManager: Shutting down and abandoning module AllDesktopTargetPlatform (63)
[2017.12.09-19.25.11:908][165]LogModuleManager: Shutting down and abandoning module InputCore (60)
[2017.12.09-19.25.11:908][165]LogModuleManager: Shutting down and abandoning module Settings (58)
[2017.12.09-19.25.11:908][165]LogModuleManager: Shutting down and abandoning module OculusRift (56)
[2017.12.09-19.25.11:908][165]LogModuleManager: Shutting down and abandoning module GearVRController (54)
[2017.12.09-19.25.11:908][165]LogModuleManager: Shutting down and abandoning module GearVR (52)
[2017.12.09-19.25.11:908][165]LogModuleManager: Shutting down and abandoning module ExampleDeviceProfileSelector (50)
[2017.12.09-19.25.11:908][165]LogModuleManager: Shutting down and abandoning module OnlineBlueprintSupport (48)
[2017.12.09-19.25.11:908][165]LogModuleManager: Shutting down and abandoning module OnlineSubsystem (44)
[2017.12.09-19.25.11:908][165]LogOnline:Display: Unloading online subsystem: NULL
[2017.12.09-19.25.11:908][165]LogModuleManager: Shutting down and abandoning module XMPP (43)
[2017.12.09-19.25.11:908][165]LogModuleManager: Shutting down and abandoning module HTTP (41)
[2017.12.09-19.25.11:908][165]LogHttp:Display: Http module shutting down, but needs to wait on 1 outstanding Http requests:
[2017.12.09-19.25.11:908][165]LogHttp:Display: 	verb=[POST] url=[https://datarouter.ol.epicgames.com/datarouter/api/v1/public/data?SessionID=%7B918B3D64-4F8C-4FEA-C8F8-528A9A0D1258%7D&AppID=UEEditor.Rocket.Release&AppVersion=4.16.2-3514769%2B%2B%2BUE4%2BRelease-4.16&UserID=982011a7482c1cbdc2ce3cbeaef51dbe%7C90661dbbb29643fa8d9650f8ab2c70e2%7C70012bb2-c253-4297-934e-6257f569ac01&AppEnvironment=datacollector-binary&UploadType=eteventstream] status=Processing
[2017.12.09-19.25.11:909][165]LogModuleManager: Shutting down and abandoning module SSL (40)
[2017.12.09-19.25.11:910][165]LogModuleManager: Shutting down and abandoning module HTTPChunkInstaller (36)
[2017.12.09-19.25.11:910][165]LogModuleManager: Shutting down and abandoning module AnimationModifiers (34)
[2017.12.09-19.25.11:910][165]LogModuleManager: Shutting down and abandoning module PropertyEditor (33)
[2017.12.09-19.25.11:910][165]LogModuleManager: Shutting down and abandoning module AudioEditor (30)
[2017.12.09-19.25.11:910][165]LogModuleManager: Shutting down and abandoning module TextureCompressor (28)
[2017.12.09-19.25.11:910][165]LogModuleManager: Shutting down and abandoning module ShaderCore (26)
[2017.12.09-19.25.11:910][165]LogModuleManager: Shutting down and abandoning module Landscape (24)
[2017.12.09-19.25.11:910][165]LogModuleManager: Shutting down and abandoning module SlateRHIRenderer (22)
[2017.12.09-19.25.11:911][165]LogModuleManager: Shutting down and abandoning module OpenGLDrv (20)
[2017.12.09-19.25.11:911][165]LogModuleManager: Shutting down and abandoning module D3D11RHI (18)
[2017.12.09-19.25.11:911][165]LogModuleManager: Shutting down and abandoning module AnimGraphRuntime (16)
[2017.12.09-19.25.11:911][165]LogModuleManager: Shutting down and abandoning module Renderer (14)
[2017.12.09-19.25.11:911][165]LogModuleManager: Shutting down and abandoning module Engine (12)
[2017.12.09-19.25.11:911][165]LogModuleManager: Shutting down and abandoning module CoreUObject (10)
[2017.12.09-19.25.11:911][165]LogModuleManager: Shutting down and abandoning module NetworkFile (8)
[2017.12.09-19.25.11:911][165]LogModuleManager: Shutting down and abandoning module StreamingFile (6)
[2017.12.09-19.25.11:911][165]LogModuleManager: Shutting down and abandoning module SandboxFile (4)
[2017.12.09-19.25.11:911][165]LogModuleManager: Shutting down and abandoning module PakFile (2)
[2017.12.09-19.25.11:912][165]LogExit: Exiting.
[2017.12.09-19.25.11:938][165]Log file closed, 12/09/17 11:25:11
