Log file open, 11/10/17 12:13:52
LogInit:Display: Running engine for game: CastleGuardReborn
LogPlatformFile: Not using cached read wrapper
LogInit:Display: RandInit(1394359916) SRandInit(1394359916).
LogTaskGraph: Started task graph with 5 named threads and 8 total threads with 1 sets of task threads.
LogStats: Stats thread started at 0.084704
LogInit: Using libcurl 7.47.1
LogInit:  - built for x86_64-pc-win32
LogInit:  - supports SSL with OpenSSL/1.0.2g
LogInit:  - supports HTTP deflate (compression) using libz 1.2.8
LogInit:  - other features:
LogInit:      CURL_VERSION_SSL
LogInit:      CURL_VERSION_LIBZ
LogInit:      CURL_VERSION_IPV6
LogInit:      CURL_VERSION_ASYNCHDNS
LogInit:      CURL_VERSION_LARGEFILE
LogInit:      CURL_VERSION_IDN
LogInit:  CurlRequestOptions (configurable via config and command line):
LogInit:  - bVerifyPeer = false  - Libcurl will NOT verify peer certificate
LogInit:  - bUseHttpProxy = false  - Libcurl will NOT use HTTP proxy
LogInit:  - bDontReuseConnections = false  - Libcurl will reuse connections
LogInit:  - CertBundlePath = nullptr  - Libcurl will use whatever was configured at build time.
LogInit: Build: ++UE4+Release-4.16-CL-3514769
LogInit: Engine Version: 4.16.2-3514769+++UE4+Release-4.16
LogInit: Compatible Engine Version: 4.16.0-3452394+++UE4+Release-4.16
LogInit: Net CL: 3452394
LogDevObjectVersion: Number of dev versions registered: 16
LogDevObjectVersion:   Dev-Blueprints (B0D832E4-1F89-4F0D-ACCF-7EB736FD4AA2): 9
LogDevObjectVersion:   Dev-Build (E1C64328-A22C-4D53-A36C-8E866417BD8C): 0
LogDevObjectVersion:   Dev-Core (375EC13C-06E4-48FB-B500-84F0262A717E): 2
LogDevObjectVersion:   Dev-Editor (E4B068ED-F494-42E9-A231-DA0B2E46BB41): 17
LogDevObjectVersion:   Dev-Framework (CFFC743F-43B0-4480-9391-14DF171D2073): 23
LogDevObjectVersion:   Dev-Mobile (B02B49B5-BB20-44E9-A304-32B752E40360): 0
LogDevObjectVersion:   Dev-Networking (A4E4105C-59A1-49B5-A7C5-40C4547EDFEE): 0
LogDevObjectVersion:   Dev-Online (39C831C9-5AE6-47DC-9A44-9C173E1C8E7C): 0
LogDevObjectVersion:   Dev-Physics (78F01B33-EBEA-4F98-B9B4-84EACCB95AA2): 0
LogDevObjectVersion:   Dev-Platform (6631380F-2D4D-43E0-8009-CF276956A95A): 0
LogDevObjectVersion:   Dev-Rendering (12F88B9F-8875-4AFC-A67C-D90C383ABD29): 15
LogDevObjectVersion:   Dev-Sequencer (7B5AE74C-D270-4C10-A958-57980B212A5A): 4
LogDevObjectVersion:   Dev-VR (D7296918-1DD6-4BDD-9DE2-64A83CC13884): 0
LogDevObjectVersion:   Dev-LoadTimes (C2A15278-BFE7-4AFE-6C17-90FF531DF755): 1
LogDevObjectVersion:   Private-Geometry (6EACA3D4-40EC-4CC1-B786-8BED09428FC5): 1
LogDevObjectVersion:   Dev-AnimPhys (29E575DD-E0A3-4627-9D10-D276232CDCEA): 3
LogInit: Compiled (64-bit): Jun 29 2017 02:03:24
LogInit: Compiled with Visual C++: 19.00.24215.01
LogInit: Build Configuration: Development
LogInit: Branch Name: ++UE4+Release-4.16
LogInit: Command line:  
LogInit: Base directory: C:/Program Files/Epic Games/UE_4.16/Engine/Binaries/Win64/
LogInit: Installed Engine Build: 1
LogInit: Presizing for max 8388607 objects, including 0 objects not considered by GC, pre-allocating 0 bytes for permanent pool.
LogInit: Object subsystem initialized
[2017.11.10-20.13.53:236][  0]LogInit: Selected Device Profile: [Windows]
[2017.11.10-20.13.53:236][  0]LogInit: Applying CVar settings loaded from the selected device profile: [Windows]
[2017.11.10-20.13.53:244][  0]LogInit: Computer: LCIVAN-238-00
[2017.11.10-20.13.53:244][  0]LogInit: User: studentuser
[2017.11.10-20.13.53:244][  0]LogInit: CPU Page size=4096, Cores=4
[2017.11.10-20.13.53:244][  0]LogInit: High frequency timer resolution =4.101569 MHz
[2017.11.10-20.13.53:244][  0]LogMemory: Memory total: Physical=15.9GB (16GB approx)
[2017.11.10-20.13.53:244][  0]LogMemory: Platform Memory Stats for Windows
[2017.11.10-20.13.53:244][  0]LogMemory: Process Physical Memory: 275.51 MB used, 275.51 MB peak
[2017.11.10-20.13.53:244][  0]LogMemory: Process Virtual Memory: 276.92 MB used, 276.92 MB peak
[2017.11.10-20.13.53:244][  0]LogMemory: Physical Memory: 6539.91 MB used,  9743.54 MB free, 16283.45 MB total
[2017.11.10-20.13.53:244][  0]LogMemory: Virtual Memory: 654.49 MB used,  9743.54 MB free, 134217728.00 MB total
[2017.11.10-20.13.53:304][  0]LogInit: Using OS detected language (en-US).
[2017.11.10-20.13.53:304][  0]LogInit: Using OS detected locale (en-CA).
[2017.11.10-20.13.53:306][  0]LogTextLocalizationManager: No specific localization for 'en-US' exists, so the 'en' localization will be used.
[2017.11.10-20.13.54:016][  0]LogD3D11RHI: D3D11 adapters:
[2017.11.10-20.13.54:058][  0]LogD3D11RHI:    0. 'NVIDIA GeForce GTX 1070' (Feature Level 11_0)
[2017.11.10-20.13.54:058][  0]LogD3D11RHI:       8115/0/8141 MB DedicatedVideo/DedicatedSystem/SharedSystem, Outputs:1, VendorId:0x10de
[2017.11.10-20.13.54:065][  0]LogD3D11RHI:    1. 'Intel(R) HD Graphics 630' (Feature Level 11_0)
[2017.11.10-20.13.54:065][  0]LogD3D11RHI:       128/0/8141 MB DedicatedVideo/DedicatedSystem/SharedSystem, Outputs:0, VendorId:0x8086
[2017.11.10-20.13.54:066][  0]LogD3D11RHI:    2. 'Microsoft Basic Render Driver' (Feature Level 11_0)
[2017.11.10-20.13.54:066][  0]LogD3D11RHI:       0/0/8141 MB DedicatedVideo/DedicatedSystem/SharedSystem, Outputs:0, VendorId:0x1414
[2017.11.10-20.13.54:066][  0]LogD3D11RHI: Chosen D3D11 Adapter: 0
[2017.11.10-20.13.54:073][  0]LogD3D11RHI: Creating new Direct3DDevice
[2017.11.10-20.13.54:073][  0]LogD3D11RHI:     GPU DeviceId: 0x1b81 (for the marketing name, search the web for "GPU Device Id")
[2017.11.10-20.13.54:073][  0]LogWindows: EnumDisplayDevices:
[2017.11.10-20.13.54:074][  0]LogWindows:    0. 'NVIDIA GeForce GTX 1070' (P:1 D:1)
[2017.11.10-20.13.54:074][  0]LogWindows:    1. 'NVIDIA GeForce GTX 1070' (P:0 D:0)
[2017.11.10-20.13.54:074][  0]LogWindows:    2. 'NVIDIA GeForce GTX 1070' (P:0 D:0)
[2017.11.10-20.13.54:074][  0]LogWindows:    3. 'NVIDIA GeForce GTX 1070' (P:0 D:0)
[2017.11.10-20.13.54:074][  0]LogWindows:    4. 'Intel(R) HD Graphics 630' (P:0 D:0)
[2017.11.10-20.13.54:074][  0]LogWindows:    5. 'Intel(R) HD Graphics 630' (P:0 D:0)
[2017.11.10-20.13.54:074][  0]LogWindows:    6. 'Intel(R) HD Graphics 630' (P:0 D:0)
[2017.11.10-20.13.54:074][  0]LogWindows: DebugString: PrimaryIsNotTheChoosenAdapter PrimaryIsNotTheChoosenAdapter PrimaryIsNotTheChoosenAdapter FoundDriverCount:4 
[2017.11.10-20.13.54:074][  0]LogD3D11RHI:     Adapter Name: NVIDIA GeForce GTX 1070
[2017.11.10-20.13.54:074][  0]LogD3D11RHI:   Driver Version: 382.66 (internal:22.21.13.8266, unified:382.66)
[2017.11.10-20.13.54:074][  0]LogD3D11RHI:      Driver Date: 6-25-2017
[2017.11.10-20.13.54:074][  0]LogRHI: Texture pool is 1361 MB (70% of 1945 MB)
[2017.11.10-20.13.54:102][  0]LogD3D11RHI: Async texture creation enabled
[2017.11.10-20.13.54:117][  0]LogD3D11RHI: GPU Timing Frequency: 1000.000000 (Debug: 2 2)
[2017.11.10-20.13.54:165][  0]LogShaderCompilers: Guid format shader working directory is -6 characters bigger than the processId version (D:/CastleGuardCurrent/CastleGuardPhase2/CastleGuardReborn/Intermediate/Shaders/WorkingDirectory/17268/).
[2017.11.10-20.13.54:165][  0]LogShaderCompilers: Cleaned the shader compiler working directory 'C:/Users/studentuser/AppData/Local/Temp/UnrealShaderWorkingDir/D0CF1BCD4BD3D0849D82739FCFACC754/'.
[2017.11.10-20.13.54:165][  0]LogShaderCompilers:Display: Using Local Shader Compiler.
[2017.11.10-20.13.54:940][  0]LogTemp:Display: Loaded TP AllDesktopTargetPlatform
[2017.11.10-20.13.54:980][  0]LogTemp:Display: Loaded TP MacClientTargetPlatform
[2017.11.10-20.13.55:021][  0]LogTemp:Display: Loaded TP MacNoEditorTargetPlatform
[2017.11.10-20.13.55:063][  0]LogTemp:Display: Loaded TP MacServerTargetPlatform
[2017.11.10-20.13.55:109][  0]LogTemp:Display: Loaded TP MacTargetPlatform
[2017.11.10-20.13.55:153][  0]LogTemp:Display: Loaded TP WindowsClientTargetPlatform
[2017.11.10-20.13.55:193][  0]LogTemp:Display: Loaded TP WindowsNoEditorTargetPlatform
[2017.11.10-20.13.55:234][  0]LogTemp:Display: Loaded TP WindowsServerTargetPlatform
[2017.11.10-20.13.55:270][  0]LogTemp:Display: Loaded TP WindowsTargetPlatform
[2017.11.10-20.13.55:308][  0]LogTemp:Display: Loaded TP AndroidTargetPlatform
[2017.11.10-20.13.55:347][  0]LogTemp:Display: Loaded TP Android_ASTCTargetPlatform
[2017.11.10-20.13.55:388][  0]LogTemp:Display: Loaded TP Android_ATCTargetPlatform
[2017.11.10-20.13.55:428][  0]LogTemp:Display: Loaded TP Android_DXTTargetPlatform
[2017.11.10-20.13.55:469][  0]LogTemp:Display: Loaded TP Android_ETC1TargetPlatform
[2017.11.10-20.13.55:509][  0]LogTemp:Display: Loaded TP Android_ETC2TargetPlatform
[2017.11.10-20.13.55:586][  0]LogTemp:Display: Loaded TP Android_MultiTargetPlatform
[2017.11.10-20.13.55:586][  0]LogTemp:Display: Loaded TP Android_PVRTCTargetPlatform
[2017.11.10-20.13.55:618][  0]LogTemp:Display: Loaded TP HTML5TargetPlatform
[2017.11.10-20.13.55:695][  0]LogTemp:Display: Loaded TP IOSTargetPlatform
[2017.11.10-20.13.55:719][  0]LogTemp:Display: Loaded TP TVOSTargetPlatform
[2017.11.10-20.13.55:756][  0]LogTemp:Display: Loaded TP LinuxClientTargetPlatform
[2017.11.10-20.13.55:794][  0]LogTemp:Display: Loaded TP LinuxNoEditorTargetPlatform
[2017.11.10-20.13.55:836][  0]LogTemp:Display: Loaded TP LinuxServerTargetPlatform
[2017.11.10-20.13.55:873][  0]LogTemp:Display: Loaded TP LinuxTargetPlatform
[2017.11.10-20.13.55:873][  0]LogTargetPlatformManager:Display: Building Assets For Windows
[2017.11.10-20.13.56:265][  0]LogDerivedDataCache:Display: Max Cache Size: 512 MB
[2017.11.10-20.13.56:364][  0]LogDerivedDataCache: Loaded boot cache 0.10s 90MB C:/Users/studentuser/AppData/Local/UnrealEngine/4.16/DerivedDataCache/Boot.ddc.
[2017.11.10-20.13.56:364][  0]LogDerivedDataCache:Display: Loaded Boot cache: C:/Users/studentuser/AppData/Local/UnrealEngine/4.16/DerivedDataCache/Boot.ddc
[2017.11.10-20.13.56:364][  0]LogDerivedDataCache: FDerivedDataBackendGraph:  Pak pak cache file D:/CastleGuardCurrent/CastleGuardPhase2/CastleGuardReborn/DerivedDataCache/DDC.ddp not found, will not use a pak cache.
[2017.11.10-20.13.56:364][  0]LogDerivedDataCache: Unable to find inner node Pak for hierarchical cache Hierarchy.
[2017.11.10-20.13.56:364][  0]LogDerivedDataCache: FDerivedDataBackendGraph:  CompressedPak pak cache file D:/CastleGuardCurrent/CastleGuardPhase2/CastleGuardReborn/DerivedDataCache/Compressed.ddp not found, will not use a pak cache.
[2017.11.10-20.13.56:364][  0]LogDerivedDataCache: Unable to find inner node CompressedPak for hierarchical cache Hierarchy.
[2017.11.10-20.13.56:379][  0]LogDerivedDataCache:Display: Pak cache opened for reading ../../../Engine/DerivedDataCache/Compressed.ddp.
[2017.11.10-20.13.56:390][  0]LogDerivedDataCache: Using Local data cache path C:/Users/studentuser/AppData/Local/UnrealEngine/Common/DerivedDataCache: Writable
[2017.11.10-20.13.56:399][  0]LogMaterial: Verifying Global Shaders for PCD3D_SM5
[2017.11.10-20.13.56:400][  0]LogSlate: Using Freetype 2.6.0
[2017.11.10-20.13.56:400][  0]LogSlate: SlateFontCache - WITH_FREETYPE: 1, WITH_HARFBUZZ: 1
[2017.11.10-20.13.56:401][  0]LogSlate: SlateFontCache - WITH_FREETYPE: 1, WITH_HARFBUZZ: 1
[2017.11.10-20.13.56:652][  0]LogInit: Selected Device Profile: [Windows]
[2017.11.10-20.13.56:722][  0]LogContentStreaming: Texture pool size is 0.00 MB
[2017.11.10-20.13.56:850][  0]LogMeshUtilities: Using QuadricMeshReduction for automatic static mesh reduction
[2017.11.10-20.13.56:886][  0]LogSimplygon: Simplygon DLL not present - disabling.
[2017.11.10-20.13.56:925][  0]LogMeshUtilities: Using SimplygonSwarm for distributed automatic mesh merging
[2017.11.10-20.13.56:925][  0]LogMeshUtilities: No automatic skeletal mesh reduction module available
[2017.11.10-20.13.56:925][  0]LogMeshUtilities: No automatic mesh merging module available
[2017.11.10-20.13.57:436][  0]LogNetVersion: CastleGuardReborn , NetCL: 3452394, EngineNetVer: 2, GameNetVer: 0 (Checksum: 2303850599)
[2017.11.10-20.13.57:500][  0]LogAssetRegistry: FAssetRegistry took 0.0245 seconds to start up
[2017.11.10-20.13.57:550][  0]LogPackageLocalizationCache: Processed 4 localized package path(s) for 2 prioritized culture(s) in 0.026212 seconds
[2017.11.10-20.13.57:554][  0]LogUObjectArray: 34194 objects as part of root set at end of initial load.
[2017.11.10-20.13.57:554][  0]LogUObjectAllocator: 7260416 out of 0 bytes used by permanent object pool.
[2017.11.10-20.13.57:554][  0]LogUObjectArray: CloseDisregardForGC: 0/0 objects in disregard for GC pool
[2017.11.10-20.13.57:608][  0]LogInit: WinSock: version 1.1 (2.2), MaxSocks=32767, MaxUdp=65467
[2017.11.10-20.13.59:508][  0]LogTcpMessaging: Initializing TcpMessaging bridge
[2017.11.10-20.13.59:543][  0]LogUdpMessaging: Initializing bridge on interface 0.0.0.0:0 to multicast group 230.0.0.1:6666.
[2017.11.10-20.13.59:978][  0]LogMaterial: Uniform references updated for custom material expression Custom.
[2017.11.10-20.14.00:305][  0]SourceControl: Info Source control is disabled
[2017.11.10-20.14.00:329][  0]SourceControl: Info Source control is disabled
[2017.11.10-20.14.00:369][  0]SourceControl: Info Source control is disabled
[2017.11.10-20.14.00:406][  0]SourceControl: Info Source control is disabled
[2017.11.10-20.14.00:952][  0]LogAndroidPermission: UAndroidPermissionCallbackProxy::GetInstance
[2017.11.10-20.14.01:426][  0]LogEngine: Initializing Engine...
[2017.11.10-20.14.01:991][  0]LogHMD: SteamVR initialized.  Driver: lighthouse  Display: LHR-A4D81BA4
[2017.11.10-20.14.02:167][  0]LogStats: UGameplayTagsManager::ConstructGameplayTagTree: Construct from data asset -  0.000 s
[2017.11.10-20.14.02:167][  0]LogStats: UGameplayTagsManager::ConstructGameplayTagTree: GameplayTagTreeChangedEvent.Broadcast -  0.000 s
[2017.11.10-20.14.02:279][  0]LogAIModule: Creating AISystem for world Untitled
[2017.11.10-20.14.02:292][  0]LogInit: XAudio2 using 'Speakers / Headphones (Realtek Audio)' : 2 channels at 48 kHz using 32 bits per sample (channel mask 0x3)
[2017.11.10-20.14.02:311][  0]LogInit: FAudioDevice initialized.
[2017.11.10-20.14.02:355][  0]LogDerivedDataCache: Saved boot cache 0.04s 90MB C:/Users/studentuser/AppData/Local/UnrealEngine/4.16/DerivedDataCache/Boot.ddc.
[2017.11.10-20.14.02:375][  0]LogInit: Texture streaming: Enabled
[2017.11.10-20.14.02:456][  0]LogEngineSessionManager: EngineSessionManager initialized
[2017.11.10-20.14.02:618][  0]LogInit: Transaction tracking system initialized
[2017.11.10-20.14.02:879][  0]BlueprintLog: New page: Editor Load
[2017.11.10-20.14.03:618][  0]LocalizationService: Info Localization service is disabled
[2017.11.10-20.14.04:119][  0]LogConsoleResponse:Display: 
[2017.11.10-20.14.04:228][  0]LogCook:Display: Max memory allowance for cook 16384mb min free memory 0mb
[2017.11.10-20.14.04:228][  0]LogCook:Display: Mobile HDR setting 1
[2017.11.10-20.14.04:984][  0]SourceControl: Info Source control is disabled
[2017.11.10-20.14.04:984][  0]Cmd: MAP LOAD FILE="D:/CastleGuardCurrent/CastleGuardPhase2/CastleGuardReborn/Content/VirtualRealityBP/Maps/default.umap" TEMPLATE=0 SHOWPROGRESS=1 FEATURELEVEL=3
[2017.11.10-20.14.04:984][  0]LightingResults: New page: Lighting Build
[2017.11.10-20.14.05:014][  0]MapCheck: New page: Map Check
[2017.11.10-20.14.05:014][  0]LightingResults: New page: Lighting Build
[2017.11.10-20.14.06:548][  0]LogClass:Warning: Enum '/Game/Vive/Blueprints/Enum_GameStatus.Enum_GameStatus' was upgraded to use FText to store its display name data. Please re-save this asset to avoid issues with localization and determinstic cooking.
[2017.11.10-20.14.07:362][  0]LogAIModule: Creating AISystem for world default
[2017.11.10-20.14.08:157][  0]LogEditorServer: Finished looking for orphan Actors (0.000 secs)
[2017.11.10-20.14.08:231][  0]Cmd: MAP CHECKDEP NOCLEARLOG
[2017.11.10-20.14.08:276][  0]MapCheck: Info Map check complete: 0 Error(s), 0 Warning(s), took 44.75ms to complete.
[2017.11.10-20.14.08:276][  0]LogFileHelpers: Loading map 'default' took 3.292
[2017.11.10-20.14.08:446][  0]LogCollectionManager: Loaded 0 collections in 0.001570 seconds
[2017.11.10-20.14.08:511][  0]LogFileCache: Scanning file cache for directory 'D:/CastleGuardCurrent/CastleGuardPhase2/CastleGuardReborn/Saved/Collections/' took 0.01s
[2017.11.10-20.14.08:511][  0]LogFileCache: Scanning file cache for directory 'D:/CastleGuardCurrent/CastleGuardPhase2/CastleGuardReborn/Content/Developers/studentuser/Collections/' took 0.01s
[2017.11.10-20.14.08:511][  0]LogFileCache: Scanning file cache for directory 'D:/CastleGuardCurrent/CastleGuardPhase2/CastleGuardReborn/Content/Collections/' took 0.01s
[2017.11.10-20.14.08:511][  0]LogCollectionManager: Rebuilt the GUID cache for 0 collections in 0.000001 seconds
[2017.11.10-20.14.08:518][  0]LogContentBrowser: Native class hierarchy populated in 0.0064 seconds. Added 2330 classes and 494 folders.
[2017.11.10-20.14.08:566][  0]LogContentBrowser: Native class hierarchy updated for 'WidgetCarousel' in 0.0004 seconds. Added 0 classes and 0 folders.
[2017.11.10-20.14.08:591][  0]LogContentBrowser: Native class hierarchy updated for 'AddContentDialog' in 0.0004 seconds. Added 0 classes and 0 folders.
[2017.11.10-20.14.08:623][  0]LogContentBrowser: Native class hierarchy updated for 'SceneOutliner' in 0.0004 seconds. Added 1 classes and 2 folders.
[2017.11.10-20.14.08:652][  0]LogCrashTracker: Crashtracker disabled due to settings.
[2017.11.10-20.14.09:344][  0]LogSlate: Only BGRA pngs, bmps or icos are supported in by External Image Picker
[2017.11.10-20.14.09:365][  0]LogSlate: Took 0.000253 seconds to synchronously load lazily loaded font '../../../Engine/Content/Slate/Fonts/Roboto-Regular.ttf' (155K)
[2017.11.10-20.14.09:368][  0]LogSlate: Took 0.000222 seconds to synchronously load lazily loaded font '../../../Engine/Content/Slate/Fonts/Roboto-Bold.ttf' (160K)
[2017.11.10-20.14.09:373][  0]LogTemp: Executing iPhonePackager certificates Engine -bundlename com.YourCompany.CastleGuardReborn
[2017.11.10-20.14.09:373][  0]LogTemp: CWD: C:\Program Files\Epic Games\UE_4.16\Engine\Binaries\DotNET\IOS
[2017.11.10-20.14.09:373][  0]LogTemp: Initial Dir: C:\Program Files\Epic Games\UE_4.16
[2017.11.10-20.14.09:373][  0]LogTemp: Env CWD: C:\Program Files\Epic Games\UE_4.16\Engine\Binaries\DotNET\IOS
[2017.11.10-20.14.09:373][  0]LogSlate: Took 0.000142 seconds to synchronously load lazily loaded font '../../../Engine/Content/Editor/Slate/Fonts/FontAwesome.ttf' (139K)
[2017.11.10-20.14.09:445][  0]LogTemp: BranchPath = LCIVAN-238-00/C/Program Files/Epic Games/UE_4.16/Engine/Binaries --- GameBranchPath = LCIVAN-238-00/C/Program Files/Epic Games/UE_4.16/Engine/Binaries
[2017.11.10-20.14.09:445][  0]LogTemp: IPP ERROR: Could not find provision directory 'C:\Users\studentuser\AppData\Local/Apple Computer/MobileDevice/Provisioning Profiles/'.
[2017.11.10-20.14.09:445][  0]LogRenderer: Reallocating scene render targets to support 944x672 NumSamples 1 (Frame:1).
[2017.11.10-20.14.09:550][  0]LogUObjectGlobals:Warning: Failed to find object 'Class None.'
[2017.11.10-20.14.09:604][  0]LogContentBrowser: Native class hierarchy updated for 'HierarchicalLODOutliner' in 0.0004 seconds. Added 1 classes and 2 folders.
[2017.11.10-20.14.09:604][  0]LogLoad: (Engine Initialization) Total time: 17.75 seconds
[2017.11.10-20.14.09:604][  0]LogLoad: (Engine Initialization) Total Blueprint compile time: 0.62 seconds
[2017.11.10-20.14.09:605][  0]LogExternalProfiler: Found external profiler: VSPerf
[2017.11.10-20.14.09:605][  0]LogExternalProfiler: Using external profiler: VSPerf
[2017.11.10-20.14.09:944][  0]LogOcInput: OculusInput pre-init called
[2017.11.10-20.14.09:944][  0]LogHMD: Starting GearVRController plugin
[2017.11.10-20.14.09:944][  0]LogSteamVRController: Controller role for device 1 is 0 (invalid=0, left=1, right=2).
[2017.11.10-20.14.09:944][  0]LogSteamVRController:Warning: Controller device 1 has no role set.  There is no 'right' controller according to steamvr, so we are pickign that.
[2017.11.10-20.14.09:944][  0]LogSteamVRController: Controller device 1 is being assigned unreal hand 1 (left=0, right=1).
[2017.11.10-20.14.09:944][  0]LogSteamVRController: Controller role for device 2 is 1 (invalid=0, left=1, right=2).
[2017.11.10-20.14.09:944][  0]LogSteamVRController: Putting controller 2 on the left hand because there is already a controller for the right.
[2017.11.10-20.14.09:944][  0]LogSteamVRController: Controller device 2 is being assigned unreal hand 0 (left=0, right=1).
[2017.11.10-20.14.09:964][  0]LogAssetRegistry: Asset discovery search completed in 12.4856 seconds
[2017.11.10-20.14.09:966][  0]LogCollectionManager: Rebuilt the object cache for 0 collections in 0.000000 seconds (found 0 objects)
[2017.11.10-20.14.09:966][  0]LogCollectionManager: Fixed up redirectors for 0 collections in 0.000048 seconds (updated 0 objects)
[2017.11.10-20.14.09:970][  0]LogContentStreaming: Texture pool size now 1000 MB
[2017.11.10-20.14.10:027][  0]LogSlate: Took 0.000131 seconds to synchronously load lazily loaded font '../../../Engine/Content/Slate/Fonts/Roboto-Light.ttf' (159K)
[2017.11.10-20.14.10:945][  3]LogSlate: Took 0.000179 seconds to synchronously load lazily loaded font '../../../Engine/Content/Slate/Fonts/Roboto-Light.ttf' (159K)
[2017.11.10-20.14.44:055][757]LogSlate: Took 0.000097 seconds to synchronously load lazily loaded font '../../../Engine/Content/Slate/Fonts/Roboto-Light.ttf' (159K)
[2017.11.10-20.15.00:377][534]LogContentBrowser: Native class hierarchy updated for 'BlueprintGraph' in 0.0007 seconds. Added 112 classes and 0 folders.
[2017.11.10-20.15.00:793][534]LogSlate: Took 0.000116 seconds to synchronously load lazily loaded font '../../../Engine/Content/Slate/Fonts/Roboto-Regular.ttf' (155K)
[2017.11.10-20.15.02:538][704]LogSlate: Took 0.000132 seconds to synchronously load lazily loaded font '../../../Engine/Content/Editor/Slate/Fonts/Roboto-BoldCondensed.ttf' (158K)
[2017.11.10-20.15.13:152][938]LogScriptCore:Warning: Script Msg: Attempted to access index 0 from array CallFunc_GetAllActorsOfClass_OutActors of length 0!
[2017.11.10-20.15.13:152][938]LogScript:Warning: Accessed None trying to read property CallFunc_Array_Get_Item
	BP_CatapultRock_C /Engine/Transient.World_19:PersistentLevel.BP_CatapultRock_C_0
	Function /Game/Vive/Blueprints/CatapultProjectiles/BP_CatapultRock.BP_CatapultRock_C:UserConstructionScript:00D9
[2017.11.10-20.15.13:261][943]LogScriptCore:Warning: Script Msg: Attempted to access index 0 from array CallFunc_GetAllActorsOfClass_OutActors of length 0!
[2017.11.10-20.15.13:261][943]LogScript:Warning: Accessed None trying to read property CallFunc_Array_Get_Item
	ArcherAIArrow_C /Engine/Transient.World_22:PersistentLevel.ArcherAIArrow_C_0
	Function /Game/Vive/Blueprints/AI/ArcherAIArrow.ArcherAIArrow_C:UserConstructionScript:00C8
[2017.11.10-20.15.13:261][943]LogScript:Warning: Accessed None
	ArcherAIArrow_C /Engine/Transient.World_22:PersistentLevel.ArcherAIArrow_C_0
	Function /Game/Vive/Blueprints/AI/ArcherAIArrow.ArcherAIArrow_C:UserConstructionScript:00DD
[2017.11.10-20.15.18:050][449]LogSlate: Took 0.000138 seconds to synchronously load lazily loaded font '../../../Engine/Content/Editor/Slate/Fonts/Roboto-Italic.ttf' (157K)
[2017.11.10-20.15.47:061][821]BlueprintLog: New page: Compile LightArrows
[2017.11.10-20.15.57:066][972]BlueprintLog: New page: Compile LightArrows
[2017.11.10-20.16.06:646][ 85]BlueprintLog: New page: Compile LightArrows
[2017.11.10-20.16.24:317][171]BlueprintLog: New page: Compile LightArrows
[2017.11.10-20.16.52:879][398]LogEditorTransaction: Undo Move Node
[2017.11.10-20.17.19:304][459]LogEditorTransaction: Undo Move Node
[2017.11.10-20.17.33:568][145]BlueprintLog: New page: Compile Vive_Pawn
[2017.11.10-20.18.35:942][337]BlueprintLog: New page: Compile Vive_Pawn
[2017.11.10-20.20.35:168][265]BlueprintLog: New page: Compile Vive_Pawn
[2017.11.10-20.21.53:936][417]BlueprintLog: New page: Compile Vive_Pawn
[2017.11.10-20.21.55:181][463]Cmd: OBJ SAVEPACKAGE PACKAGE="/Game/Vive/Blueprints/Vive_Pawn" FILE="D:/CastleGuardCurrent/CastleGuardPhase2/CastleGuardReborn/Content/Vive/Blueprints/Vive_Pawn.uasset" SILENT=true
[2017.11.10-20.21.55:569][463]LogSavePackage: Save=382.73ms
[2017.11.10-20.21.55:569][463]LogSavePackage: Moving 'D:/CastleGuardCurrent/CastleGuardPhase2/CastleGuardReborn/Saved/Vive_Pawn84C7027C458328CA3BDF648DB2D4FBDE.tmp' to 'D:/CastleGuardCurrent/CastleGuardPhase2/CastleGuardReborn/Content/Vive/Blueprints/Vive_Pawn.uasset'
[2017.11.10-20.21.55:571][463]LogSavePackage:Display: Finished SavePackage D:/CastleGuardCurrent/CastleGuardPhase2/CastleGuardReborn/Content/Vive/Blueprints/Vive_Pawn.uasset
[2017.11.10-20.22.21:887][588]LogMetaData: Removing '/Game/Vive/Blueprints/WorldObjects/BP_LightArrowsPile.BP_LightArrowsPile:UserConstructionScript.K2Node_FunctionEntry_0' ref from Metadata '/Game/Vive/Blueprints/WorldObjects/LightArrows.PackageMetaData'
[2017.11.10-20.22.21:887][588]LogMetaData: Removing '/Game/Vive/Blueprints/WorldObjects/BP_LightArrowsPile.SKEL_BP_LightArrowsPile_C' ref from Metadata '/Game/Vive/Blueprints/WorldObjects/LightArrows.PackageMetaData'
[2017.11.10-20.22.21:887][588]LogMetaData: Removing '/Game/Vive/Blueprints/WorldObjects/BP_LightArrowsPile.BP_LightArrowsPile_C' ref from Metadata '/Game/Vive/Blueprints/WorldObjects/LightArrows.PackageMetaData'
[2017.11.10-20.22.21:887][588]LogMetaData: Removing '/Game/Vive/Blueprints/WorldObjects/BP_LightArrowsPile.BP_LightArrowsPile:EventGraph.K2Node_Event_0' ref from Metadata '/Game/Vive/Blueprints/WorldObjects/LightArrows.PackageMetaData'
[2017.11.10-20.22.21:887][588]LogMetaData: Removing '/Game/Vive/Blueprints/WorldObjects/BP_LightArrowsPile.BP_LightArrowsPile:EventGraph.K2Node_Event_1' ref from Metadata '/Game/Vive/Blueprints/WorldObjects/LightArrows.PackageMetaData'
[2017.11.10-20.22.21:887][588]LogMetaData: Removing '/Game/Vive/Blueprints/WorldObjects/BP_LightArrowsPile.BP_LightArrowsPile:EventGraph.K2Node_Event_2' ref from Metadata '/Game/Vive/Blueprints/WorldObjects/LightArrows.PackageMetaData'
[2017.11.10-20.22.21:937][588]LogSavePackage: Save=8.80ms
[2017.11.10-20.22.21:937][588]LogSavePackage: Moving 'D:/CastleGuardCurrent/CastleGuardPhase2/CastleGuardReborn/Saved/BP_LightArrowsPileDA33754449F5FA0536BA0A9F982AAD63.tmp' to 'D:/CastleGuardCurrent/CastleGuardPhase2/CastleGuardReborn/Content/Vive/Blueprints/WorldObjects/BP_LightArrowsPile.uasset'
[2017.11.10-20.22.21:939][588]LogSavePackage:Display: Finished SavePackage D:/CastleGuardCurrent/CastleGuardPhase2/CastleGuardReborn/Content/Vive/Blueprints/WorldObjects/BP_LightArrowsPile.uasset
[2017.11.10-20.23.09:014][ 99]BlueprintLog: New page: Compile Vive_Pawn
[2017.11.10-20.23.09:925][131]Cmd: OBJ SAVEPACKAGE PACKAGE="/Game/Vive/Blueprints/Vive_Pawn" FILE="D:/CastleGuardCurrent/CastleGuardPhase2/CastleGuardReborn/Content/Vive/Blueprints/Vive_Pawn.uasset" SILENT=true
[2017.11.10-20.23.10:325][131]LogSavePackage: Save=397.29ms
[2017.11.10-20.23.10:325][131]LogSavePackage: Moving 'D:/CastleGuardCurrent/CastleGuardPhase2/CastleGuardReborn/Saved/Vive_PawnA64007F04C2BAFC67D67ABA70D538AE7.tmp' to 'D:/CastleGuardCurrent/CastleGuardPhase2/CastleGuardReborn/Content/Vive/Blueprints/Vive_Pawn.uasset'
[2017.11.10-20.23.10:326][131]LogSavePackage:Display: Finished SavePackage D:/CastleGuardCurrent/CastleGuardPhase2/CastleGuardReborn/Content/Vive/Blueprints/Vive_Pawn.uasset
[2017.11.10-20.24.32:323][783]BlueprintLog: New page: Compile Vive_Pawn
[2017.11.10-20.24.32:912][784]Cmd: OBJ SAVEPACKAGE PACKAGE="/Game/Vive/Blueprints/Vive_Pawn" FILE="D:/CastleGuardCurrent/CastleGuardPhase2/CastleGuardReborn/Content/Vive/Blueprints/Vive_Pawn.uasset" SILENT=true
[2017.11.10-20.24.33:308][784]LogSavePackage: Save=394.20ms
[2017.11.10-20.24.33:308][784]LogSavePackage: Moving 'D:/CastleGuardCurrent/CastleGuardPhase2/CastleGuardReborn/Saved/Vive_Pawn6A99489E4E9B0CF2E784F9B5C5819E4D.tmp' to 'D:/CastleGuardCurrent/CastleGuardPhase2/CastleGuardReborn/Content/Vive/Blueprints/Vive_Pawn.uasset'
[2017.11.10-20.24.33:310][784]LogSavePackage:Display: Finished SavePackage D:/CastleGuardCurrent/CastleGuardPhase2/CastleGuardReborn/Content/Vive/Blueprints/Vive_Pawn.uasset
[2017.11.10-20.25.16:969][808]BlueprintLog: New page: Compile Vive_Pawn
[2017.11.10-20.25.25:376][671]BlueprintLog: New page: Compile Vive_Pawn
[2017.11.10-20.25.26:561][695]LogRenderer: Reallocating scene render targets to support 1184x712 NumSamples 1 (Frame:1).
[2017.11.10-20.25.56:438][216]BlueprintLog: New page: Compile Vive_Pawn
[2017.11.10-20.26.22:743][294]BlueprintLog: New page: Compile Vive_Pawn
[2017.11.10-20.26.23:513][331]Cmd: OBJ SAVEPACKAGE PACKAGE="/Game/Vive/Blueprints/Vive_Pawn" FILE="D:/CastleGuardCurrent/CastleGuardPhase2/CastleGuardReborn/Content/Vive/Blueprints/Vive_Pawn.uasset" SILENT=true
[2017.11.10-20.26.23:906][331]LogSavePackage: Save=391.01ms
[2017.11.10-20.26.23:906][331]LogSavePackage: Moving 'D:/CastleGuardCurrent/CastleGuardPhase2/CastleGuardReborn/Saved/Vive_PawnFFD037D24E74D310E53EB4BA81FD727D.tmp' to 'D:/CastleGuardCurrent/CastleGuardPhase2/CastleGuardReborn/Content/Vive/Blueprints/Vive_Pawn.uasset'
[2017.11.10-20.26.23:908][331]LogSavePackage:Display: Finished SavePackage D:/CastleGuardCurrent/CastleGuardPhase2/CastleGuardReborn/Content/Vive/Blueprints/Vive_Pawn.uasset
[2017.11.10-20.26.29:515][665]LogSavePackage: Save=2686.81ms
[2017.11.10-20.26.29:515][665]LogSavePackage: Moving 'D:/CastleGuardCurrent/CastleGuardPhase2/CastleGuardReborn/Saved/default2D6BEC604ED073835D4868827CECBCCF.tmp' to 'D:/CastleGuardCurrent/CastleGuardPhase2/CastleGuardReborn/Content/VirtualRealityBP/Maps/default.umap'
[2017.11.10-20.26.29:519][665]LogSavePackage:Display: Finished SavePackage D:/CastleGuardCurrent/CastleGuardPhase2/CastleGuardReborn/Content/VirtualRealityBP/Maps/default.umap
[2017.11.10-20.26.29:564][665]LogFileHelpers: Saving map 'default' took 2.831
[2017.11.10-20.26.29:579][665]LogSavePackage: Save=9.13ms
[2017.11.10-20.26.29:579][665]LogSavePackage: Moving 'D:/CastleGuardCurrent/CastleGuardPhase2/CastleGuardReborn/Saved/BP_HeavyArrowsPile9B7AE60B4E787185EBDA418CC66FBF13.tmp' to 'D:/CastleGuardCurrent/CastleGuardPhase2/CastleGuardReborn/Content/Vive/Blueprints/WorldObjects/BP_HeavyArrowsPile.uasset'
[2017.11.10-20.26.29:580][665]LogSavePackage:Display: Finished SavePackage D:/CastleGuardCurrent/CastleGuardPhase2/CastleGuardReborn/Content/Vive/Blueprints/WorldObjects/BP_HeavyArrowsPile.uasset
[2017.11.10-20.26.56:481][832]BlueprintLog: New page: Compile Vive_Pawn
[2017.11.10-20.27.57:207][  2]BlueprintLog: New page: Compile Vive_Pawn
[2017.11.10-20.27.58:479][ 83]Cmd: OBJ SAVEPACKAGE PACKAGE="/Game/Vive/Blueprints/Vive_Pawn" FILE="D:/CastleGuardCurrent/CastleGuardPhase2/CastleGuardReborn/Content/Vive/Blueprints/Vive_Pawn.uasset" SILENT=true
[2017.11.10-20.27.58:876][ 83]LogSavePackage: Save=391.58ms
[2017.11.10-20.27.58:876][ 83]LogSavePackage: Moving 'D:/CastleGuardCurrent/CastleGuardPhase2/CastleGuardReborn/Saved/Vive_Pawn14618C7C4A38BB78FDBCEA999077904B.tmp' to 'D:/CastleGuardCurrent/CastleGuardPhase2/CastleGuardReborn/Content/Vive/Blueprints/Vive_Pawn.uasset'
[2017.11.10-20.27.58:878][ 83]LogSavePackage:Display: Finished SavePackage D:/CastleGuardCurrent/CastleGuardPhase2/CastleGuardReborn/Content/Vive/Blueprints/Vive_Pawn.uasset
[2017.11.10-20.28.14:108][908]BlueprintLog: New page: Compile BP_HeavyArrowsPile
[2017.11.10-20.28.14:637][950]LogSavePackage: Save=8.88ms
[2017.11.10-20.28.14:637][950]LogSavePackage: Moving 'D:/CastleGuardCurrent/CastleGuardPhase2/CastleGuardReborn/Saved/BP_HeavyArrowsPile9598D8094430D4DB8CF7899C87C8110C.tmp' to 'D:/CastleGuardCurrent/CastleGuardPhase2/CastleGuardReborn/Content/Vive/Blueprints/WorldObjects/BP_HeavyArrowsPile.uasset'
[2017.11.10-20.28.14:638][950]LogSavePackage:Display: Finished SavePackage D:/CastleGuardCurrent/CastleGuardPhase2/CastleGuardReborn/Content/Vive/Blueprints/WorldObjects/BP_HeavyArrowsPile.uasset
[2017.11.10-20.28.16:235][130]BlueprintLog: New page: Compile BP_LightArrowsPile
[2017.11.10-20.28.16:782][175]LogSavePackage: Save=8.67ms
[2017.11.10-20.28.16:782][175]LogSavePackage: Moving 'D:/CastleGuardCurrent/CastleGuardPhase2/CastleGuardReborn/Saved/BP_LightArrowsPile6D8168E1411765105388E8B247AD98BA.tmp' to 'D:/CastleGuardCurrent/CastleGuardPhase2/CastleGuardReborn/Content/Vive/Blueprints/WorldObjects/BP_LightArrowsPile.uasset'
[2017.11.10-20.28.16:783][175]LogSavePackage:Display: Finished SavePackage D:/CastleGuardCurrent/CastleGuardPhase2/CastleGuardReborn/Content/Vive/Blueprints/WorldObjects/BP_LightArrowsPile.uasset
[2017.11.10-20.28.23:092][595]LogSavePackage: Save=2700.85ms
[2017.11.10-20.28.23:093][595]LogSavePackage: Moving 'D:/CastleGuardCurrent/CastleGuardPhase2/CastleGuardReborn/Saved/default2A2854BF48266CC839D03F80C4206DD4.tmp' to 'D:/CastleGuardCurrent/CastleGuardPhase2/CastleGuardReborn/Content/VirtualRealityBP/Maps/default.umap'
[2017.11.10-20.28.23:096][595]LogSavePackage:Display: Finished SavePackage D:/CastleGuardCurrent/CastleGuardPhase2/CastleGuardReborn/Content/VirtualRealityBP/Maps/default.umap
[2017.11.10-20.28.23:137][595]LogFileHelpers: Saving map 'default' took 2.815
[2017.11.10-20.28.35:844][105]BlueprintLog: New page: Compile Vive_Pawn
[2017.11.10-20.28.36:401][108]Cmd: OBJ SAVEPACKAGE PACKAGE="/Game/Vive/Blueprints/Vive_Pawn" FILE="D:/CastleGuardCurrent/CastleGuardPhase2/CastleGuardReborn/Content/Vive/Blueprints/Vive_Pawn.uasset" SILENT=true
[2017.11.10-20.28.36:788][108]LogSavePackage: Save=385.22ms
[2017.11.10-20.28.36:788][108]LogSavePackage: Moving 'D:/CastleGuardCurrent/CastleGuardPhase2/CastleGuardReborn/Saved/Vive_Pawn61119F0D47CA54DFCF6A4A8DF73A111A.tmp' to 'D:/CastleGuardCurrent/CastleGuardPhase2/CastleGuardReborn/Content/Vive/Blueprints/Vive_Pawn.uasset'
[2017.11.10-20.28.36:789][108]LogSavePackage:Display: Finished SavePackage D:/CastleGuardCurrent/CastleGuardPhase2/CastleGuardReborn/Content/Vive/Blueprints/Vive_Pawn.uasset
[2017.11.10-20.28.54:146][176]BlueprintLog: New page: Compile Vive_Pawn
[2017.11.10-20.28.54:861][199]Cmd: OBJ SAVEPACKAGE PACKAGE="/Game/Vive/Blueprints/Vive_Pawn" FILE="D:/CastleGuardCurrent/CastleGuardPhase2/CastleGuardReborn/Content/Vive/Blueprints/Vive_Pawn.uasset" SILENT=true
[2017.11.10-20.28.55:254][199]LogSavePackage: Save=391.24ms
[2017.11.10-20.28.55:254][199]LogSavePackage: Moving 'D:/CastleGuardCurrent/CastleGuardPhase2/CastleGuardReborn/Saved/Vive_Pawn41719841470B51DE238E969B59CFCF58.tmp' to 'D:/CastleGuardCurrent/CastleGuardPhase2/CastleGuardReborn/Content/Vive/Blueprints/Vive_Pawn.uasset'
[2017.11.10-20.28.55:255][199]LogSavePackage:Display: Finished SavePackage D:/CastleGuardCurrent/CastleGuardPhase2/CastleGuardReborn/Content/Vive/Blueprints/Vive_Pawn.uasset
[2017.11.10-20.29.42:630][810]LogEditorTransaction: Undo Move Node
[2017.11.10-20.29.43:045][836]LogEditorTransaction: Undo Add Node
[2017.11.10-20.29.43:348][854]LogEditorTransaction: Undo Add Node
[2017.11.10-20.29.43:839][895]LogEditorTransaction: Undo Add Node
[2017.11.10-20.29.44:306][934]LogEditorTransaction: Undo Delete current selection
[2017.11.10-20.29.46:586][189]BlueprintLog: New page: Compile Vive_Pawn
[2017.11.10-20.30.48:568][426]LogEditorTransaction: Undo Collapses selected nodes into a single node
[2017.11.10-20.30.50:445][628]BlueprintLog: New page: Compile Vive_Pawn
[2017.11.10-20.32.04:957][344]BlueprintLog: New page: Compile Vive_Pawn
[2017.11.10-20.32.05:755][372]Cmd: OBJ SAVEPACKAGE PACKAGE="/Game/Vive/Blueprints/Vive_Pawn" FILE="D:/CastleGuardCurrent/CastleGuardPhase2/CastleGuardReborn/Content/Vive/Blueprints/Vive_Pawn.uasset" SILENT=true
[2017.11.10-20.32.06:153][372]LogSavePackage: Save=396.32ms
[2017.11.10-20.32.06:153][372]LogSavePackage: Moving 'D:/CastleGuardCurrent/CastleGuardPhase2/CastleGuardReborn/Saved/Vive_PawnDD8D6CBF4860F2D617A9008A5A15F1CD.tmp' to 'D:/CastleGuardCurrent/CastleGuardPhase2/CastleGuardReborn/Content/Vive/Blueprints/Vive_Pawn.uasset'
[2017.11.10-20.32.06:155][372]LogSavePackage:Display: Finished SavePackage D:/CastleGuardCurrent/CastleGuardPhase2/CastleGuardReborn/Content/Vive/Blueprints/Vive_Pawn.uasset
[2017.11.10-20.32.14:769][387]BlueprintLog: New page: Compile Vive_Pawn
[2017.11.10-20.32.29:375][ 45]BlueprintLog: New page: Compile Vive_Pawn
[2017.11.10-20.33.11:365][872]LogSlate: Took 0.003290 seconds to synchronously load lazily loaded font '../../../Engine/Content/Editor/Slate/Fonts/Roboto-BoldCondensedItalic.ttf' (160K)
[2017.11.10-20.37.13:630][289]BlueprintLog: New page: Compile Vive_Pawn
[2017.11.10-20.37.14:689][289]Cmd: OBJ SAVEPACKAGE PACKAGE="/Game/Vive/Blueprints/Vive_Pawn" FILE="D:/CastleGuardCurrent/CastleGuardPhase2/CastleGuardReborn/Content/Vive/Blueprints/Vive_Pawn.uasset" SILENT=true
[2017.11.10-20.37.15:093][289]LogSavePackage: Save=398.09ms
[2017.11.10-20.37.15:093][289]LogSavePackage: Moving 'D:/CastleGuardCurrent/CastleGuardPhase2/CastleGuardReborn/Saved/Vive_Pawn48899A8D4C87B1AAECC6809F0C42B229.tmp' to 'D:/CastleGuardCurrent/CastleGuardPhase2/CastleGuardReborn/Content/Vive/Blueprints/Vive_Pawn.uasset'
[2017.11.10-20.37.15:095][289]LogSavePackage:Display: Finished SavePackage D:/CastleGuardCurrent/CastleGuardPhase2/CastleGuardReborn/Content/Vive/Blueprints/Vive_Pawn.uasset
[2017.11.10-20.37.19:558][474]LogSavePackage: Save=2689.61ms
[2017.11.10-20.37.19:558][474]LogSavePackage: Moving 'D:/CastleGuardCurrent/CastleGuardPhase2/CastleGuardReborn/Saved/defaultDEDCAE7F49435738F2271180FE876929.tmp' to 'D:/CastleGuardCurrent/CastleGuardPhase2/CastleGuardReborn/Content/VirtualRealityBP/Maps/default.umap'
[2017.11.10-20.37.19:562][474]LogSavePackage:Display: Finished SavePackage D:/CastleGuardCurrent/CastleGuardPhase2/CastleGuardReborn/Content/VirtualRealityBP/Maps/default.umap
[2017.11.10-20.37.19:603][474]LogFileHelpers: Saving map 'default' took 2.812
[2017.11.10-20.37.37:545][618]LogSlate: Took 0.000136 seconds to synchronously load lazily loaded font '../../../Engine/Content/Editor/Slate/Fonts/DroidSansMono.ttf' (77K)
[2017.11.10-20.38.17:425][357]BlueprintLog: New page: Compile BP_HeavyArrowsPile
[2017.11.10-20.38.22:860][601]LogSavePackage: Save=2877.73ms
[2017.11.10-20.38.22:861][601]LogSavePackage: Moving 'D:/CastleGuardCurrent/CastleGuardPhase2/CastleGuardReborn/Saved/defaultD403900C46729950210ED7B28358942F.tmp' to 'D:/CastleGuardCurrent/CastleGuardPhase2/CastleGuardReborn/Content/VirtualRealityBP/Maps/default.umap'
[2017.11.10-20.38.22:868][601]LogSavePackage:Display: Finished SavePackage D:/CastleGuardCurrent/CastleGuardPhase2/CastleGuardReborn/Content/VirtualRealityBP/Maps/default.umap
[2017.11.10-20.38.22:930][601]LogFileHelpers: Saving map 'default' took 3.010
[2017.11.10-20.38.22:951][601]LogSavePackage: Save=9.34ms
[2017.11.10-20.38.22:951][601]LogSavePackage: Moving 'D:/CastleGuardCurrent/CastleGuardPhase2/CastleGuardReborn/Saved/BP_HeavyArrowsPile7BA1C68940D891094693ACAF80137DC6.tmp' to 'D:/CastleGuardCurrent/CastleGuardPhase2/CastleGuardReborn/Content/Vive/Blueprints/WorldObjects/BP_HeavyArrowsPile.uasset'
[2017.11.10-20.38.22:952][601]LogSavePackage:Display: Finished SavePackage D:/CastleGuardCurrent/CastleGuardPhase2/CastleGuardReborn/Content/Vive/Blueprints/WorldObjects/BP_HeavyArrowsPile.uasset
[2017.11.10-20.39.25:455][255]Cmd: OBJ SAVEPACKAGE PACKAGE="/Game/Vive/Blueprints/Vive_Pawn" FILE="D:/CastleGuardCurrent/CastleGuardPhase2/CastleGuardReborn/Content/Vive/Blueprints/Vive_Pawn.uasset" SILENT=true
[2017.11.10-20.39.25:854][255]LogSavePackage: Save=396.86ms
[2017.11.10-20.39.25:854][255]LogSavePackage: Moving 'D:/CastleGuardCurrent/CastleGuardPhase2/CastleGuardReborn/Saved/Vive_PawnF0C823D34274359F7FC3BAAB8B8A3AE1.tmp' to 'D:/CastleGuardCurrent/CastleGuardPhase2/CastleGuardReborn/Content/Vive/Blueprints/Vive_Pawn.uasset'
[2017.11.10-20.39.25:856][255]LogSavePackage:Display: Finished SavePackage D:/CastleGuardCurrent/CastleGuardPhase2/CastleGuardReborn/Content/Vive/Blueprints/Vive_Pawn.uasset
[2017.11.10-20.39.34:162][187]LogEditorViewport: Clicking on Actor (LMB): BP_HeavyArrowsPile_C (BP_HeavyArrowsPile)
[2017.11.10-20.39.38:858][734]Cmd: TRANSACTION UNDO
[2017.11.10-20.39.38:858][734]LogEditorTransaction: Undo Rotate Actors
[2017.11.10-20.39.49:874][ 13]BlueprintLog: New page: Compile BP_HeavyArrowsPile
[2017.11.10-20.40.12:268][627]BlueprintLog: New page: Compile BP_LightArrowsPile
[2017.11.10-20.40.13:424][724]LogSavePackage: Save=9.77ms
[2017.11.10-20.40.13:424][724]LogSavePackage: Moving 'D:/CastleGuardCurrent/CastleGuardPhase2/CastleGuardReborn/Saved/BP_LightArrowsPileA608412349911AEDFC8EEF982973171C.tmp' to 'D:/CastleGuardCurrent/CastleGuardPhase2/CastleGuardReborn/Content/Vive/Blueprints/WorldObjects/BP_LightArrowsPile.uasset'
[2017.11.10-20.40.13:426][724]LogSavePackage:Display: Finished SavePackage D:/CastleGuardCurrent/CastleGuardPhase2/CastleGuardReborn/Content/Vive/Blueprints/WorldObjects/BP_LightArrowsPile.uasset
[2017.11.10-20.40.17:961][263]BlueprintLog: New page: Compile BP_LightArrowsPile
[2017.11.10-20.40.22:455][436]LogSavePackage: Save=2681.10ms
[2017.11.10-20.40.22:456][436]LogSavePackage: Moving 'D:/CastleGuardCurrent/CastleGuardPhase2/CastleGuardReborn/Saved/default4FA5EA4346E30E396B3BFBB96DF052AE.tmp' to 'D:/CastleGuardCurrent/CastleGuardPhase2/CastleGuardReborn/Content/VirtualRealityBP/Maps/default.umap'
[2017.11.10-20.40.22:460][436]LogSavePackage:Display: Finished SavePackage D:/CastleGuardCurrent/CastleGuardPhase2/CastleGuardReborn/Content/VirtualRealityBP/Maps/default.umap
[2017.11.10-20.40.22:508][436]LogFileHelpers: Saving map 'default' took 2.799
[2017.11.10-20.40.22:524][436]LogSavePackage: Save=11.16ms
[2017.11.10-20.40.22:524][436]LogSavePackage: Moving 'D:/CastleGuardCurrent/CastleGuardPhase2/CastleGuardReborn/Saved/BP_HeavyArrowsPile01F2D82B4A51D2583DCDD39791C102C1.tmp' to 'D:/CastleGuardCurrent/CastleGuardPhase2/CastleGuardReborn/Content/Vive/Blueprints/WorldObjects/BP_HeavyArrowsPile.uasset'
[2017.11.10-20.40.22:525][436]LogSavePackage:Display: Finished SavePackage D:/CastleGuardCurrent/CastleGuardPhase2/CastleGuardReborn/Content/Vive/Blueprints/WorldObjects/BP_HeavyArrowsPile.uasset
[2017.11.10-20.40.22:539][436]LogSavePackage: Save=9.98ms
[2017.11.10-20.40.22:539][436]LogSavePackage: Moving 'D:/CastleGuardCurrent/CastleGuardPhase2/CastleGuardReborn/Saved/BP_LightArrowsPileC5128B0544AD717AD22CBAB2B33FC1F3.tmp' to 'D:/CastleGuardCurrent/CastleGuardPhase2/CastleGuardReborn/Content/Vive/Blueprints/WorldObjects/BP_LightArrowsPile.uasset'
[2017.11.10-20.40.22:541][436]LogSavePackage:Display: Finished SavePackage D:/CastleGuardCurrent/CastleGuardPhase2/CastleGuardReborn/Content/Vive/Blueprints/WorldObjects/BP_LightArrowsPile.uasset
[2017.11.10-20.40.43:100][842]LogEditorViewport: Clicking on Actor (LMB): BP_HeavyArrowsPile_C (BP_HeavyArrowsPile)
[2017.11.10-20.40.49:269][573]LogEditorViewport: Clicking on Actor (LMB): BP_LightArrowsPile_C (BP_LightArrowsPile)
[2017.11.10-20.40.54:938][243]LogEditorViewport: Clicking on Actor (LMB): BP_HeavyArrowsPile_C (BP_HeavyArrowsPile)
[2017.11.10-20.41.02:650][155]LogEditorViewport: Clicking on Actor (LMB): BP_LightArrowsPile_C (BP_LightArrowsPile)
[2017.11.10-20.41.03:880][298]LogEditorViewport: Clicking on Actor (LMB): BP_HeavyArrowsPile_C (BP_HeavyArrowsPile)
[2017.11.10-20.41.05:469][481]LogEditorViewport: Clicking on Actor (LMB): BP_LightArrowsPile_C (BP_LightArrowsPile)
[2017.11.10-20.41.12:947][361]LogEditorViewport: Clicking on Actor (LMB): BP_Castle_C (BP_Castle)
[2017.11.10-20.41.24:345][369]LogSavePackage: Save=2680.21ms
[2017.11.10-20.41.24:345][369]LogSavePackage: Moving 'D:/CastleGuardCurrent/CastleGuardPhase2/CastleGuardReborn/Saved/default3666B48143D48635466F9084A5A9228B.tmp' to 'D:/CastleGuardCurrent/CastleGuardPhase2/CastleGuardReborn/Content/VirtualRealityBP/Maps/default.umap'
[2017.11.10-20.41.24:349][369]LogSavePackage:Display: Finished SavePackage D:/CastleGuardCurrent/CastleGuardPhase2/CastleGuardReborn/Content/VirtualRealityBP/Maps/default.umap
[2017.11.10-20.41.24:394][369]LogFileHelpers: Saving map 'default' took 2.792
[2017.11.10-20.43.34:776][630]BlueprintLog: New page: Compile Vive_Pawn
[2017.11.10-20.43.35:344][631]Cmd: OBJ SAVEPACKAGE PACKAGE="/Game/Vive/Blueprints/Vive_Pawn" FILE="D:/CastleGuardCurrent/CastleGuardPhase2/CastleGuardReborn/Content/Vive/Blueprints/Vive_Pawn.uasset" SILENT=true
[2017.11.10-20.43.35:753][631]LogSavePackage: Save=403.11ms
[2017.11.10-20.43.35:753][631]LogSavePackage: Moving 'D:/CastleGuardCurrent/CastleGuardPhase2/CastleGuardReborn/Saved/Vive_PawnFA13730F4B4E3464E1F390B6D440F3C7.tmp' to 'D:/CastleGuardCurrent/CastleGuardPhase2/CastleGuardReborn/Content/Vive/Blueprints/Vive_Pawn.uasset'
[2017.11.10-20.43.35:755][631]LogSavePackage:Display: Finished SavePackage D:/CastleGuardCurrent/CastleGuardPhase2/CastleGuardReborn/Content/Vive/Blueprints/Vive_Pawn.uasset
[2017.11.10-20.44.32:773][158]BlueprintLog: New page: Compile Vive_Pawn
[2017.11.10-20.44.33:343][159]Cmd: OBJ SAVEPACKAGE PACKAGE="/Game/Vive/Blueprints/Vive_Pawn" FILE="D:/CastleGuardCurrent/CastleGuardPhase2/CastleGuardReborn/Content/Vive/Blueprints/Vive_Pawn.uasset" SILENT=true
[2017.11.10-20.44.33:757][159]LogSavePackage: Save=410.46ms
[2017.11.10-20.44.33:757][159]LogSavePackage: Moving 'D:/CastleGuardCurrent/CastleGuardPhase2/CastleGuardReborn/Saved/Vive_PawnD6DB03DD4AFBA5742945509B81D36174.tmp' to 'D:/CastleGuardCurrent/CastleGuardPhase2/CastleGuardReborn/Content/Vive/Blueprints/Vive_Pawn.uasset'
[2017.11.10-20.44.33:758][159]LogSavePackage:Display: Finished SavePackage D:/CastleGuardCurrent/CastleGuardPhase2/CastleGuardReborn/Content/Vive/Blueprints/Vive_Pawn.uasset
[2017.11.10-20.46.11:113][710]BlueprintLog: New page: Compile Vive_Pawn
[2017.11.10-20.47.04:864][903]LogEditorTransaction: Undo Paste clipboard contents
[2017.11.10-20.47.06:330][ 52]LogUObjectHash:Warning: Ambiguous search, could be K2Node_VariableGet /Game/Vive/Blueprints/Vive_Pawn.Vive_Pawn:CustomEvents.K2Node_VariableGet_462 or K2Node_VariableGet /Game/Vive/Blueprints/Vive_Pawn.Vive_Pawn:CustomEvents.K2Node_VariableGet_462
[2017.11.10-20.47.06:331][ 52]LogUObjectHash:Warning: Ambiguous search, could be K2Node_VariableGet /Game/Vive/Blueprints/Vive_Pawn.Vive_Pawn:CustomEvents.K2Node_VariableGet_4335 or K2Node_VariableGet /Game/Vive/Blueprints/Vive_Pawn.Vive_Pawn:CustomEvents.K2Node_VariableGet_4335
[2017.11.10-20.47.18:698][480]LogEditorTransaction: Undo Resize Node
[2017.11.10-20.47.43:136][ 64]BlueprintLog: New page: Compile Vive_Pawn
[2017.11.10-20.47.43:973][ 96]Cmd: OBJ SAVEPACKAGE PACKAGE="/Game/Vive/Blueprints/Vive_Pawn" FILE="D:/CastleGuardCurrent/CastleGuardPhase2/CastleGuardReborn/Content/Vive/Blueprints/Vive_Pawn.uasset" SILENT=true
[2017.11.10-20.47.44:385][ 96]LogSavePackage: Save=409.86ms
[2017.11.10-20.47.44:385][ 96]LogSavePackage: Moving 'D:/CastleGuardCurrent/CastleGuardPhase2/CastleGuardReborn/Saved/Vive_PawnEAEA7E864895A43B24CF5F8B08758FDA.tmp' to 'D:/CastleGuardCurrent/CastleGuardPhase2/CastleGuardReborn/Content/Vive/Blueprints/Vive_Pawn.uasset'
[2017.11.10-20.47.44:387][ 96]LogSavePackage:Display: Finished SavePackage D:/CastleGuardCurrent/CastleGuardPhase2/CastleGuardReborn/Content/Vive/Blueprints/Vive_Pawn.uasset
[2017.11.10-20.48.24:724][651]LogEditorTransaction: Undo Create Pin Link
[2017.11.10-20.48.24:926][655]LogEditorTransaction: Undo Create Pin Link
[2017.11.10-20.48.33:028][598]BlueprintLog: New page: Compile Vive_Pawn
[2017.11.10-20.50.11:285][ 91]BlueprintLog: New page: Compile Vive_Pawn
[2017.11.10-20.50.11:404][ 91]LogBlueprint:Error: [Compiler Vive_Pawn] Error The current value of the ' Value ' pin is invalid: 'Value' must have an input wired into it ("by ref" params expect a valid input to operate on).
[2017.11.10-20.50.11:404][ 91]LogBlueprint:Error: [Compiler Vive_Pawn] Error The current value of the ' Value ' pin is invalid: 'Value' must have an input wired into it ("by ref" params expect a valid input to operate on).
[2017.11.10-20.50.11:809][ 91]BlueprintEditorCompileResults:Error: Error The current value of the ' Value ' pin is invalid: 'Value' must have an input wired into it ("by ref" params expect a valid input to operate on).
[2017.11.10-20.50.11:809][ 91]BlueprintEditorCompileResults:Error: Error The current value of the ' Value ' pin is invalid: 'Value' must have an input wired into it ("by ref" params expect a valid input to operate on).
[2017.11.10-20.50.11:809][ 91]LogBlueprint:Warning: [Compiler Vive_Pawn] Warning [2179.96] Compile of Vive_Pawn failed. 2 Fatal Issue(s) 0 Warning(s) [in 523 ms] (/Game/Vive/Blueprints/Vive_Pawn.Vive_Pawn)
[2017.11.10-20.50.12:064][106]Cmd: OBJ SAVEPACKAGE PACKAGE="/Game/Vive/Blueprints/Vive_Pawn" FILE="D:/CastleGuardCurrent/CastleGuardPhase2/CastleGuardReborn/Content/Vive/Blueprints/Vive_Pawn.uasset" SILENT=true
[2017.11.10-20.50.12:490][106]LogSavePackage: Save=419.67ms
[2017.11.10-20.50.12:490][106]LogSavePackage: Moving 'D:/CastleGuardCurrent/CastleGuardPhase2/CastleGuardReborn/Saved/Vive_Pawn9C36FE7C4A6B9468081E5FA753CEAA7C.tmp' to 'D:/CastleGuardCurrent/CastleGuardPhase2/CastleGuardReborn/Content/Vive/Blueprints/Vive_Pawn.uasset'
[2017.11.10-20.50.12:492][106]LogSavePackage:Display: Finished SavePackage D:/CastleGuardCurrent/CastleGuardPhase2/CastleGuardReborn/Content/Vive/Blueprints/Vive_Pawn.uasset
[2017.11.10-20.51.01:393][899]BlueprintLog: New page: Compile Vive_Pawn
[2017.11.10-20.51.01:509][899]LogBlueprint:Error: [Compiler Vive_Pawn] Error The current value of the ' Value ' pin is invalid: 'Value' must have an input wired into it ("by ref" params expect a valid input to operate on).
[2017.11.10-20.51.01:509][899]LogBlueprint:Error: [Compiler Vive_Pawn] Error The current value of the ' Value ' pin is invalid: 'Value' must have an input wired into it ("by ref" params expect a valid input to operate on).
[2017.11.10-20.51.01:902][899]BlueprintEditorCompileResults:Error: Error The current value of the ' Value ' pin is invalid: 'Value' must have an input wired into it ("by ref" params expect a valid input to operate on).
[2017.11.10-20.51.01:902][899]BlueprintEditorCompileResults:Error: Error The current value of the ' Value ' pin is invalid: 'Value' must have an input wired into it ("by ref" params expect a valid input to operate on).
[2017.11.10-20.51.01:902][899]LogBlueprint:Warning: [Compiler Vive_Pawn] Warning [2230.05] Compile of Vive_Pawn failed. 2 Fatal Issue(s) 0 Warning(s) [in 509 ms] (/Game/Vive/Blueprints/Vive_Pawn.Vive_Pawn)
[2017.11.10-20.51.02:225][921]Cmd: OBJ SAVEPACKAGE PACKAGE="/Game/Vive/Blueprints/Vive_Pawn" FILE="D:/CastleGuardCurrent/CastleGuardPhase2/CastleGuardReborn/Content/Vive/Blueprints/Vive_Pawn.uasset" SILENT=true
[2017.11.10-20.51.02:645][921]LogSavePackage: Save=417.87ms
[2017.11.10-20.51.02:645][921]LogSavePackage: Moving 'D:/CastleGuardCurrent/CastleGuardPhase2/CastleGuardReborn/Saved/Vive_Pawn7E6CC8534C4956C29124B49072C6418A.tmp' to 'D:/CastleGuardCurrent/CastleGuardPhase2/CastleGuardReborn/Content/Vive/Blueprints/Vive_Pawn.uasset'
[2017.11.10-20.51.02:647][921]LogSavePackage:Display: Finished SavePackage D:/CastleGuardCurrent/CastleGuardPhase2/CastleGuardReborn/Content/Vive/Blueprints/Vive_Pawn.uasset
[2017.11.10-20.52.16:280][695]BlueprintLog: New page: Compile Vive_Pawn
[2017.11.10-20.52.21:326][894]LogSavePackage: Save=2674.82ms
[2017.11.10-20.52.21:326][894]LogSavePackage: Moving 'D:/CastleGuardCurrent/CastleGuardPhase2/CastleGuardReborn/Saved/default9F3FA9A146E8A7905299069FC9726BA8.tmp' to 'D:/CastleGuardCurrent/CastleGuardPhase2/CastleGuardReborn/Content/VirtualRealityBP/Maps/default.umap'
[2017.11.10-20.52.21:329][894]LogSavePackage:Display: Finished SavePackage D:/CastleGuardCurrent/CastleGuardPhase2/CastleGuardReborn/Content/VirtualRealityBP/Maps/default.umap
[2017.11.10-20.52.21:373][894]LogFileHelpers: Saving map 'default' took 2.800
[2017.11.10-20.52.21:386][894]Cmd: OBJ SAVEPACKAGE PACKAGE="/Game/Vive/Blueprints/Vive_Pawn" FILE="D:/CastleGuardCurrent/CastleGuardPhase2/CastleGuardReborn/Content/Vive/Blueprints/Vive_Pawn.uasset" SILENT=true
[2017.11.10-20.52.21:816][894]LogSavePackage: Save=427.35ms
[2017.11.10-20.52.21:816][894]LogSavePackage: Moving 'D:/CastleGuardCurrent/CastleGuardPhase2/CastleGuardReborn/Saved/Vive_PawnF706F3D54E9976616B5CEC99613BF594.tmp' to 'D:/CastleGuardCurrent/CastleGuardPhase2/CastleGuardReborn/Content/Vive/Blueprints/Vive_Pawn.uasset'
[2017.11.10-20.52.21:818][894]LogSavePackage:Display: Finished SavePackage D:/CastleGuardCurrent/CastleGuardPhase2/CastleGuardReborn/Content/Vive/Blueprints/Vive_Pawn.uasset
[2017.11.10-20.52.47:808][941]BlueprintLog: New page: Compile Vive_Pawn
[2017.11.10-20.53.41:774][ 33]LogEditorTransaction: Undo Align Top
[2017.11.10-20.57.21:577][320]BlueprintLog: New page: Compile Vive_Pawn
[2017.11.10-21.00.04:275][774]LogEditorTransaction: Undo Rename Node
[2017.11.10-21.00.04:485][778]LogEditorTransaction: Undo Move Node
[2017.11.10-21.00.04:929][803]LogEditorTransaction: Undo Move Node
[2017.11.10-21.00.42:024][646]BlueprintLog: New page: Compile Vive_Pawn
[2017.11.10-21.00.42:978][686]Cmd: OBJ SAVEPACKAGE PACKAGE="/Game/Vive/Blueprints/Vive_Pawn" FILE="D:/CastleGuardCurrent/CastleGuardPhase2/CastleGuardReborn/Content/Vive/Blueprints/Vive_Pawn.uasset" SILENT=true
[2017.11.10-21.00.43:401][686]LogSavePackage: Save=417.40ms
[2017.11.10-21.00.43:402][686]LogSavePackage: Moving 'D:/CastleGuardCurrent/CastleGuardPhase2/CastleGuardReborn/Saved/Vive_Pawn5D1203114DA1CDD8FFC8BBA6272CB588.tmp' to 'D:/CastleGuardCurrent/CastleGuardPhase2/CastleGuardReborn/Content/Vive/Blueprints/Vive_Pawn.uasset'
[2017.11.10-21.00.43:403][686]LogSavePackage:Display: Finished SavePackage D:/CastleGuardCurrent/CastleGuardPhase2/CastleGuardReborn/Content/Vive/Blueprints/Vive_Pawn.uasset
[2017.11.10-21.01.53:121][569]LogEditorTransaction: Undo AddPin
[2017.11.10-21.01.53:628][605]LogEditorTransaction: Undo Delete current selection
[2017.11.10-21.01.54:177][650]LogEditorTransaction: Undo Delete current selection
[2017.11.10-21.01.54:747][699]LogEditorTransaction: Undo AddPin
[2017.11.10-21.02.11:646][662]BlueprintLog: New page: Compile Vive_Pawn
[2017.11.10-21.03.14:274][972]BlueprintLog: New page: Compile Vive_Pawn
[2017.11.10-21.03.20:085][596]Cmd: OBJ SAVEPACKAGE PACKAGE="/Game/Vive/Blueprints/Vive_Pawn" FILE="D:/CastleGuardCurrent/CastleGuardPhase2/CastleGuardReborn/Content/Vive/Blueprints/Vive_Pawn.uasset" SILENT=true
[2017.11.10-21.03.20:501][596]LogSavePackage: Save=413.83ms
[2017.11.10-21.03.20:501][596]LogSavePackage: Moving 'D:/CastleGuardCurrent/CastleGuardPhase2/CastleGuardReborn/Saved/Vive_PawnF879A094487D467D73ED919ACC7CEA5E.tmp' to 'D:/CastleGuardCurrent/CastleGuardPhase2/CastleGuardReborn/Content/Vive/Blueprints/Vive_Pawn.uasset'
[2017.11.10-21.03.20:503][596]LogSavePackage:Display: Finished SavePackage D:/CastleGuardCurrent/CastleGuardPhase2/CastleGuardReborn/Content/Vive/Blueprints/Vive_Pawn.uasset
[2017.11.10-21.03.47:405][480]LogSavePackage: Save=2681.39ms
[2017.11.10-21.03.47:405][480]LogSavePackage: Moving 'D:/CastleGuardCurrent/CastleGuardPhase2/CastleGuardReborn/Saved/defaultFB35B8784ECAB23D31578BB5E5A501E1.tmp' to 'D:/CastleGuardCurrent/CastleGuardPhase2/CastleGuardReborn/Content/VirtualRealityBP/Maps/default.umap'
[2017.11.10-21.03.47:409][480]LogSavePackage:Display: Finished SavePackage D:/CastleGuardCurrent/CastleGuardPhase2/CastleGuardReborn/Content/VirtualRealityBP/Maps/default.umap
[2017.11.10-21.03.47:457][480]LogFileHelpers: Saving map 'default' took 2.814
[2017.11.10-21.09.49:298][432]LogEditorViewport: Clicking on Actor (LMB): BP_HeavyArrowsPile_C (BP_HeavyArrowsPile)
[2017.11.10-21.09.52:797][839]LogEditorViewport: Clicking on Actor (LMB): BP_Castle_C (BP_Castle)
[2017.11.10-21.09.53:487][912]LogEditorViewport: Clicking on Actor (LMB): BP_Castle_C (BP_Castle)
[2017.11.10-21.12.55:514][181]BlueprintLog: New page: Compile Vive_Pawn
[2017.11.10-21.12.56:507][222]Cmd: OBJ SAVEPACKAGE PACKAGE="/Game/Vive/Blueprints/Vive_Pawn" FILE="D:/CastleGuardCurrent/CastleGuardPhase2/CastleGuardReborn/Content/Vive/Blueprints/Vive_Pawn.uasset" SILENT=true
[2017.11.10-21.12.56:959][222]LogSavePackage: Save=445.73ms
[2017.11.10-21.12.56:960][222]LogSavePackage: Moving 'D:/CastleGuardCurrent/CastleGuardPhase2/CastleGuardReborn/Saved/Vive_Pawn24F2EB9C4764628A8A150BA2AFA75AE5.tmp' to 'D:/CastleGuardCurrent/CastleGuardPhase2/CastleGuardReborn/Content/Vive/Blueprints/Vive_Pawn.uasset'
[2017.11.10-21.12.56:962][222]LogSavePackage:Display: Finished SavePackage D:/CastleGuardCurrent/CastleGuardPhase2/CastleGuardReborn/Content/Vive/Blueprints/Vive_Pawn.uasset
[2017.11.10-21.12.59:848][502]BlueprintLog: New page: Compile Vive_Pawn
[2017.11.10-21.13.00:752][537]Cmd: OBJ SAVEPACKAGE PACKAGE="/Game/Vive/Blueprints/Vive_Pawn" FILE="D:/CastleGuardCurrent/CastleGuardPhase2/CastleGuardReborn/Content/Vive/Blueprints/Vive_Pawn.uasset" SILENT=true
[2017.11.10-21.13.01:187][537]LogSavePackage: Save=433.37ms
[2017.11.10-21.13.01:187][537]LogSavePackage: Moving 'D:/CastleGuardCurrent/CastleGuardPhase2/CastleGuardReborn/Saved/Vive_Pawn69CF05DA42A7BB996DDC67BF0499A9EA.tmp' to 'D:/CastleGuardCurrent/CastleGuardPhase2/CastleGuardReborn/Content/Vive/Blueprints/Vive_Pawn.uasset'
[2017.11.10-21.13.01:189][537]LogSavePackage:Display: Finished SavePackage D:/CastleGuardCurrent/CastleGuardPhase2/CastleGuardReborn/Content/Vive/Blueprints/Vive_Pawn.uasset
[2017.11.10-21.13.05:346][686]LogSavePackage: Save=2745.81ms
[2017.11.10-21.13.05:346][686]LogSavePackage: Moving 'D:/CastleGuardCurrent/CastleGuardPhase2/CastleGuardReborn/Saved/default71466AC84C5A665322F303B0A37F9DBA.tmp' to 'D:/CastleGuardCurrent/CastleGuardPhase2/CastleGuardReborn/Content/VirtualRealityBP/Maps/default.umap'
[2017.11.10-21.13.05:350][686]LogSavePackage:Display: Finished SavePackage D:/CastleGuardCurrent/CastleGuardPhase2/CastleGuardReborn/Content/VirtualRealityBP/Maps/default.umap
[2017.11.10-21.13.05:393][686]LogFileHelpers: Saving map 'default' took 2.878
[2017.11.10-21.13.14:685][626]BlueprintLog: New page: Compile Vive_Pawn
[2017.11.10-21.13.15:421][644]Cmd: OBJ SAVEPACKAGE PACKAGE="/Game/Vive/Blueprints/Vive_Pawn" FILE="D:/CastleGuardCurrent/CastleGuardPhase2/CastleGuardReborn/Content/Vive/Blueprints/Vive_Pawn.uasset" SILENT=true
[2017.11.10-21.13.15:866][644]LogSavePackage: Save=441.82ms
[2017.11.10-21.13.15:866][644]LogSavePackage: Moving 'D:/CastleGuardCurrent/CastleGuardPhase2/CastleGuardReborn/Saved/Vive_Pawn4291ED9C4C10778DE997E1A51D381133.tmp' to 'D:/CastleGuardCurrent/CastleGuardPhase2/CastleGuardReborn/Content/Vive/Blueprints/Vive_Pawn.uasset'
[2017.11.10-21.13.15:867][644]LogSavePackage:Display: Finished SavePackage D:/CastleGuardCurrent/CastleGuardPhase2/CastleGuardReborn/Content/Vive/Blueprints/Vive_Pawn.uasset
[2017.11.10-21.13.21:178][153]BlueprintLog: New page: Compile Vive_Pawn
[2017.11.10-21.13.22:118][192]Cmd: OBJ SAVEPACKAGE PACKAGE="/Game/Vive/Blueprints/Vive_Pawn" FILE="D:/CastleGuardCurrent/CastleGuardPhase2/CastleGuardReborn/Content/Vive/Blueprints/Vive_Pawn.uasset" SILENT=true
[2017.11.10-21.13.22:556][192]LogSavePackage: Save=435.21ms
[2017.11.10-21.13.22:556][192]LogSavePackage: Moving 'D:/CastleGuardCurrent/CastleGuardPhase2/CastleGuardReborn/Saved/Vive_Pawn7AA150944878E65BC080DCA1C2E1780C.tmp' to 'D:/CastleGuardCurrent/CastleGuardPhase2/CastleGuardReborn/Content/Vive/Blueprints/Vive_Pawn.uasset'
[2017.11.10-21.13.22:558][192]LogSavePackage:Display: Finished SavePackage D:/CastleGuardCurrent/CastleGuardPhase2/CastleGuardReborn/Content/Vive/Blueprints/Vive_Pawn.uasset
[2017.11.10-21.13.31:526][854]LogSavePackage: Save=2710.71ms
[2017.11.10-21.13.31:526][854]LogSavePackage: Moving 'D:/CastleGuardCurrent/CastleGuardPhase2/CastleGuardReborn/Saved/default9B1EAB7942BC633B0B29C5BE5465C814.tmp' to 'D:/CastleGuardCurrent/CastleGuardPhase2/CastleGuardReborn/Content/VirtualRealityBP/Maps/default.umap'
[2017.11.10-21.13.31:531][854]LogSavePackage:Display: Finished SavePackage D:/CastleGuardCurrent/CastleGuardPhase2/CastleGuardReborn/Content/VirtualRealityBP/Maps/default.umap
[2017.11.10-21.13.31:575][854]LogFileHelpers: Saving map 'default' took 2.827
[2017.11.10-21.14.47:291][809]LogAudio:Warning: Current Audio Device with ID {0.0.0.00000000}.{0a641ca7-d286-43e6-b7a3-a0fb0c6c9b78} was removed. Shutting down audio device.
[2017.11.10-21.38.44:526][724]LogTemp: Repeting last play command: VR Preview
[2017.11.10-21.38.44:706][724]LogBlueprintUserMessages: Early PlayInEditor Detection: Level '/Game/VirtualRealityBP/Maps/default.default:PersistentLevel' has LevelScriptBlueprint '/Game/VirtualRealityBP/Maps/default.default:PersistentLevel.default' with GeneratedClass '/Game/VirtualRealityBP/Maps/default.default_C' with ClassGeneratedBy '/Game/VirtualRealityBP/Maps/default.default:PersistentLevel.default'
[2017.11.10-21.38.44:706][724]LogPlayLevel: PlayLevel: No blueprints needed recompiling
[2017.11.10-21.38.44:707][724]PIE: New page: PIE session: default (Nov 10, 2017, 5:38:44 AM)
[2017.11.10-21.38.44:708][724]LogPlayLevel: Creating play world package: /Game/VirtualRealityBP/Maps/UEDPIE_0_default
[2017.11.10-21.38.44:866][724]LogPlayLevel: PIE: StaticDuplicateObject took: (0.157804s)
[2017.11.10-21.38.44:867][724]LogAIModule: Creating AISystem for world default
[2017.11.10-21.38.44:867][724]LogPlayLevel: PIE: World Init took: (0.001373s)
[2017.11.10-21.38.44:868][724]LogPlayLevel: PIE: Created PIE world by copying editor world from /Game/VirtualRealityBP/Maps/default.default to /Game/VirtualRealityBP/Maps/UEDPIE_0_default.default (0.160713s)
[2017.11.10-21.38.44:895][724]LogInit: XAudio2 using 'HTC-VIVE-0 (NVIDIA High Definition Audio)' : 2 channels at 48 kHz using 16 bits per sample (channel mask 0x3)
[2017.11.10-21.38.44:902][724]LogInit: FAudioDevice initialized.
[2017.11.10-21.38.44:996][724]LogLoad: Game class is 'ViveGameMode_C'
[2017.11.10-21.38.45:011][724]LogWorld: Bringing World /Game/VirtualRealityBP/Maps/UEDPIE_0_default.default up for play (max tick rate 0) at 2017.11.10-13.38.45
[2017.11.10-21.38.45:017][724]LogWorld: Bringing up level for play took: 0.017018
[2017.11.10-21.38.45:056][724]LogContentBrowser: Native class hierarchy updated for 'MovieSceneCapture' in 0.0012 seconds. Added 11 classes and 0 folders.
[2017.11.10-21.38.45:057][724]LogGameMode:Display: Match State Changed from EnteringMap to WaitingToStart
[2017.11.10-21.38.45:057][724]LogGameState: Match State Changed from EnteringMap to WaitingToStart
[2017.11.10-21.38.45:057][724]LogGameMode:Display: Match State Changed from WaitingToStart to InProgress
[2017.11.10-21.38.45:066][724]LogGameState: Match State Changed from WaitingToStart to InProgress
[2017.11.10-21.38.45:071][724]PIE: Info Play in editor start time for /Game/VirtualRealityBP/Maps/UEDPIE_0_default -0.057
[2017.11.10-21.38.45:071][724]LogBlueprintUserMessages: Late PlayInEditor Detection: Level '/Game/VirtualRealityBP/Maps/default.default:PersistentLevel' has LevelScriptBlueprint '/Game/VirtualRealityBP/Maps/default.default:PersistentLevel.default' with GeneratedClass '/Game/VirtualRealityBP/Maps/default.default_C' with ClassGeneratedBy '/Game/VirtualRealityBP/Maps/default.default:PersistentLevel.default'
[2017.11.10-21.38.45:120][725]LogRenderer: Reallocating scene render targets to support 3024x1680 NumSamples 1 (Frame:1).
[2017.11.10-21.38.46:144][815]LogBlueprintUserMessages: [Catapult_C_0] Handle1
[2017.11.10-21.38.46:145][815]LogScript:Warning: Accessed None trying to read property Catapult
	SoldierAI_C /Game/VirtualRealityBP/Maps/UEDPIE_0_default.default:PersistentLevel.SoldierAI_C_0
	Function /Game/Vive/Blueprints/AI/SoldierAIHeavy/SoldierAI.SoldierAI_C:ExecuteUbergraph_SoldierAI:0D92
[2017.11.10-21.38.46:145][815]PIE:Error: Error Blueprint Runtime Error: Accessed None trying to read property Catapult from function: 'ExecuteUbergraph_SoldierAI' from node: Branch in graph: EventGraph in object: SoldierAI with description: Accessed None trying to read property Catapult
[2017.11.10-21.38.46:345][833]LogBlueprintUserMessages: [Catapult_C_0] Handle2
[2017.11.10-21.38.46:345][833]LogScript:Warning: Accessed None trying to read property Catapult
	SoldierAI_C /Game/VirtualRealityBP/Maps/UEDPIE_0_default.default:PersistentLevel.SoldierAI_C_1
	Function /Game/Vive/Blueprints/AI/SoldierAIHeavy/SoldierAI.SoldierAI_C:ExecuteUbergraph_SoldierAI:0D92
[2017.11.10-21.38.46:345][833]PIE:Error: Error Blueprint Runtime Error: Accessed None trying to read property Catapult from function: 'ExecuteUbergraph_SoldierAI' from node: Branch in graph: EventGraph in object: SoldierAI with description: Accessed None trying to read property Catapult
[2017.11.10-21.38.50:823][217]LogBlueprintUserMessages: [BatteringRamOld_C_0] Handle1
[2017.11.10-21.38.51:146][246]LogBlueprintUserMessages: [BatteringRamOld_C_0] Handle2
[2017.11.10-21.38.52:018][322]LogBlueprintUserMessages: [BP_Castle] Arrow DIes On Castle
[2017.11.10-21.38.52:018][322]LogBlueprintUserMessages: [BP_Castle] Arrow DIes On Castle
[2017.11.10-21.38.52:018][322]LogBlueprintUserMessages: [BP_Castle] Arrow DIes On Castle
[2017.11.10-21.38.52:018][322]LogBlueprintUserMessages: [BP_Castle] Arrow DIes On Castle
[2017.11.10-21.38.52:018][322]LogBlueprintUserMessages: [BP_Castle] Arrow DIes On Castle
[2017.11.10-21.38.52:018][322]LogBlueprintUserMessages: [BP_Castle] Arrow DIes On Castle
[2017.11.10-21.38.52:018][322]LogBlueprintUserMessages: [BP_Castle] Arrow DIes On Castle
[2017.11.10-21.38.52:018][322]LogBlueprintUserMessages: [BP_Castle] Arrow DIes On Castle
[2017.11.10-21.38.52:018][322]LogBlueprintUserMessages: [BP_Castle] Arrow DIes On Castle
[2017.11.10-21.38.52:018][322]LogBlueprintUserMessages: [BP_Castle] Arrow DIes On Castle
[2017.11.10-21.38.52:018][322]LogBlueprintUserMessages: [BP_Castle] Arrow DIes On Castle
[2017.11.10-21.38.52:018][322]LogBlueprintUserMessages: [BP_Castle] Arrow DIes On Castle
[2017.11.10-21.38.52:019][322]LogBlueprintUserMessages: [BP_Castle] Arrow DIes On Castle
[2017.11.10-21.38.52:019][322]LogBlueprintUserMessages: [BP_Castle] Arrow DIes On Castle
[2017.11.10-21.38.52:019][322]LogBlueprintUserMessages: [BP_Castle] Arrow DIes On Castle
[2017.11.10-21.38.52:019][322]LogBlueprintUserMessages: [BP_Castle] Arrow DIes On Castle
[2017.11.10-21.38.54:163][505]LogBlueprintUserMessages: [Catapult_C_1] Handle1
[2017.11.10-21.38.54:163][505]LogScript:Warning: Accessed None trying to read property Catapult
	SoldierAI_C /Game/VirtualRealityBP/Maps/UEDPIE_0_default.default:PersistentLevel.SoldierAI_C_4
	Function /Game/Vive/Blueprints/AI/SoldierAIHeavy/SoldierAI.SoldierAI_C:ExecuteUbergraph_SoldierAI:0D92
[2017.11.10-21.38.54:163][505]PIE:Error: Error Blueprint Runtime Error: Accessed None trying to read property Catapult from function: 'ExecuteUbergraph_SoldierAI' from node: Branch in graph: EventGraph in object: SoldierAI with description: Accessed None trying to read property Catapult
[2017.11.10-21.38.54:364][523]LogBlueprintUserMessages: [Catapult_C_1] Handle2
[2017.11.10-21.38.54:364][523]LogScript:Warning: Accessed None trying to read property Catapult
	SoldierAI_C /Game/VirtualRealityBP/Maps/UEDPIE_0_default.default:PersistentLevel.SoldierAI_C_5
	Function /Game/Vive/Blueprints/AI/SoldierAIHeavy/SoldierAI.SoldierAI_C:ExecuteUbergraph_SoldierAI:0D92
[2017.11.10-21.38.54:365][523]PIE:Error: Error Blueprint Runtime Error: Accessed None trying to read property Catapult from function: 'ExecuteUbergraph_SoldierAI' from node: Branch in graph: EventGraph in object: SoldierAI with description: Accessed None trying to read property Catapult
[2017.11.10-21.38.57:012][689]LogBlueprintUserMessages: [BP_Castle] Arrow DIes On Castle
[2017.11.10-21.38.57:012][689]LogBlueprintUserMessages: [BP_Castle] Arrow DIes On Castle
[2017.11.10-21.38.57:012][689]LogBlueprintUserMessages: [BP_Castle] Arrow DIes On Castle
[2017.11.10-21.38.57:012][689]LogBlueprintUserMessages: [BP_Castle] Arrow DIes On Castle
[2017.11.10-21.38.57:012][689]LogBlueprintUserMessages: [BP_Castle] Arrow DIes On Castle
[2017.11.10-21.38.57:012][689]LogBlueprintUserMessages: [BP_Castle] Arrow DIes On Castle
[2017.11.10-21.38.57:012][689]LogBlueprintUserMessages: [BP_Castle] Arrow DIes On Castle
[2017.11.10-21.38.57:012][689]LogBlueprintUserMessages: [BP_Castle] Arrow DIes On Castle
[2017.11.10-21.38.57:012][689]LogBlueprintUserMessages: [BP_Castle] Arrow DIes On Castle
[2017.11.10-21.38.57:012][689]LogBlueprintUserMessages: [BP_Castle] Arrow DIes On Castle
[2017.11.10-21.38.57:013][689]LogBlueprintUserMessages: [BP_Castle] Arrow DIes On Castle
[2017.11.10-21.38.57:013][689]LogBlueprintUserMessages: [BP_Castle] Arrow DIes On Castle
[2017.11.10-21.38.57:013][689]LogBlueprintUserMessages: [BP_Castle] Arrow DIes On Castle
[2017.11.10-21.38.57:013][689]LogBlueprintUserMessages: [BP_Castle] Arrow DIes On Castle
[2017.11.10-21.38.57:013][689]LogBlueprintUserMessages: [BP_Castle] Arrow DIes On Castle
[2017.11.10-21.38.57:013][689]LogBlueprintUserMessages: [BP_Castle] Arrow DIes On Castle
[2017.11.10-21.38.58:877][789]LogBlueprintUserMessages: [BatteringRamOld_C_1] Handle1
[2017.11.10-21.38.59:212][804]LogBlueprintUserMessages: [BatteringRamOld_C_1] Handle2
[2017.11.10-21.39.02:016][  8]LogBlueprintUserMessages: [BP_Castle] Arrow DIes On Castle
[2017.11.10-21.39.02:016][  8]LogBlueprintUserMessages: [BP_Castle] Arrow DIes On Castle
[2017.11.10-21.39.02:017][  8]LogBlueprintUserMessages: [BP_Castle] Arrow DIes On Castle
[2017.11.10-21.39.02:017][  8]LogBlueprintUserMessages: [BP_Castle] Arrow DIes On Castle
[2017.11.10-21.39.02:017][  8]LogBlueprintUserMessages: [BP_Castle] Arrow DIes On Castle
[2017.11.10-21.39.02:017][  8]LogBlueprintUserMessages: [BP_Castle] Arrow DIes On Castle
[2017.11.10-21.39.02:017][  8]LogBlueprintUserMessages: [BP_Castle] Arrow DIes On Castle
[2017.11.10-21.39.02:017][  8]LogBlueprintUserMessages: [BP_Castle] Arrow DIes On Castle
[2017.11.10-21.39.02:017][  8]LogBlueprintUserMessages: [BP_Castle] Arrow DIes On Castle
[2017.11.10-21.39.02:017][  8]LogBlueprintUserMessages: [BP_Castle] Arrow DIes On Castle
[2017.11.10-21.39.02:017][  8]LogBlueprintUserMessages: [BP_Castle] Arrow DIes On Castle
[2017.11.10-21.39.02:017][  8]LogBlueprintUserMessages: [BP_Castle] Arrow DIes On Castle
[2017.11.10-21.39.02:017][  8]LogBlueprintUserMessages: [BP_Castle] Arrow DIes On Castle
[2017.11.10-21.39.02:017][  8]LogBlueprintUserMessages: [BP_Castle] Arrow DIes On Castle
[2017.11.10-21.39.02:017][  8]LogBlueprintUserMessages: [BP_Castle] Arrow DIes On Castle
[2017.11.10-21.39.02:017][  8]LogBlueprintUserMessages: [BP_Castle] Arrow DIes On Castle
[2017.11.10-21.39.06:999][320]LogBlueprintUserMessages: [BP_Castle] Arrow DIes On Castle
[2017.11.10-21.39.06:999][320]LogBlueprintUserMessages: [BP_Castle] Arrow DIes On Castle
[2017.11.10-21.39.06:999][320]LogBlueprintUserMessages: [BP_Castle] Arrow DIes On Castle
[2017.11.10-21.39.06:999][320]LogBlueprintUserMessages: [BP_Castle] Arrow DIes On Castle
[2017.11.10-21.39.06:999][320]LogBlueprintUserMessages: [BP_Castle] Arrow DIes On Castle
[2017.11.10-21.39.06:999][320]LogBlueprintUserMessages: [BP_Castle] Arrow DIes On Castle
[2017.11.10-21.39.06:999][320]LogBlueprintUserMessages: [BP_Castle] Arrow DIes On Castle
[2017.11.10-21.39.06:999][320]LogBlueprintUserMessages: [BP_Castle] Arrow DIes On Castle
[2017.11.10-21.39.06:999][320]LogBlueprintUserMessages: [BP_Castle] Arrow DIes On Castle
[2017.11.10-21.39.06:999][320]LogBlueprintUserMessages: [BP_Castle] Arrow DIes On Castle
[2017.11.10-21.39.06:999][320]LogBlueprintUserMessages: [BP_Castle] Arrow DIes On Castle
[2017.11.10-21.39.06:999][320]LogBlueprintUserMessages: [BP_Castle] Arrow DIes On Castle
[2017.11.10-21.39.06:999][320]LogBlueprintUserMessages: [BP_Castle] Arrow DIes On Castle
[2017.11.10-21.39.06:999][320]LogBlueprintUserMessages: [BP_Castle] Arrow DIes On Castle
[2017.11.10-21.39.07:000][320]LogBlueprintUserMessages: [BP_Castle] Arrow DIes On Castle
[2017.11.10-21.39.07:000][320]LogBlueprintUserMessages: [BP_Castle] Arrow DIes On Castle
[2017.11.10-21.39.12:024][739]LogBlueprintUserMessages: [BP_Castle] Arrow DIes On Castle
[2017.11.10-21.39.12:024][739]LogBlueprintUserMessages: [BP_Castle] Arrow DIes On Castle
[2017.11.10-21.39.12:024][739]LogBlueprintUserMessages: [BP_Castle] Arrow DIes On Castle
[2017.11.10-21.39.12:024][739]LogBlueprintUserMessages: [BP_Castle] Arrow DIes On Castle
[2017.11.10-21.39.12:024][739]LogBlueprintUserMessages: [BP_Castle] Arrow DIes On Castle
[2017.11.10-21.39.12:024][739]LogBlueprintUserMessages: [BP_Castle] Arrow DIes On Castle
[2017.11.10-21.39.12:024][739]LogBlueprintUserMessages: [BP_Castle] Arrow DIes On Castle
[2017.11.10-21.39.12:024][739]LogBlueprintUserMessages: [BP_Castle] Arrow DIes On Castle
[2017.11.10-21.39.12:024][739]LogBlueprintUserMessages: [BP_Castle] Arrow DIes On Castle
[2017.11.10-21.39.12:024][739]LogBlueprintUserMessages: [BP_Castle] Arrow DIes On Castle
[2017.11.10-21.39.12:025][739]LogBlueprintUserMessages: [BP_Castle] Arrow DIes On Castle
[2017.11.10-21.39.12:025][739]LogBlueprintUserMessages: [BP_Castle] Arrow DIes On Castle
[2017.11.10-21.39.12:025][739]LogBlueprintUserMessages: [BP_Castle] Arrow DIes On Castle
[2017.11.10-21.39.12:025][739]LogBlueprintUserMessages: [BP_Castle] Arrow DIes On Castle
[2017.11.10-21.39.12:025][739]LogBlueprintUserMessages: [BP_Castle] Arrow DIes On Castle
[2017.11.10-21.39.12:025][739]LogBlueprintUserMessages: [BP_Castle] Arrow DIes On Castle
[2017.11.10-21.39.17:028][113]LogBlueprintUserMessages: [BP_Castle] Arrow DIes On Castle
[2017.11.10-21.39.17:029][113]LogBlueprintUserMessages: [BP_Castle] Arrow DIes On Castle
[2017.11.10-21.39.17:029][113]LogBlueprintUserMessages: [BP_Castle] Arrow DIes On Castle
[2017.11.10-21.39.17:029][113]LogBlueprintUserMessages: [BP_Castle] Arrow DIes On Castle
[2017.11.10-21.39.17:029][113]LogBlueprintUserMessages: [BP_Castle] Arrow DIes On Castle
[2017.11.10-21.39.17:029][113]LogBlueprintUserMessages: [BP_Castle] Arrow DIes On Castle
[2017.11.10-21.39.17:029][113]LogBlueprintUserMessages: [BP_Castle] Arrow DIes On Castle
[2017.11.10-21.39.17:029][113]LogBlueprintUserMessages: [BP_Castle] Arrow DIes On Castle
[2017.11.10-21.39.17:029][113]LogBlueprintUserMessages: [BP_Castle] Arrow DIes On Castle
[2017.11.10-21.39.17:029][113]LogBlueprintUserMessages: [BP_Castle] Arrow DIes On Castle
[2017.11.10-21.39.17:029][113]LogBlueprintUserMessages: [BP_Castle] Arrow DIes On Castle
[2017.11.10-21.39.17:029][113]LogBlueprintUserMessages: [BP_Castle] Arrow DIes On Castle
[2017.11.10-21.39.17:029][113]LogBlueprintUserMessages: [BP_Castle] Arrow DIes On Castle
[2017.11.10-21.39.17:029][113]LogBlueprintUserMessages: [BP_Castle] Arrow DIes On Castle
[2017.11.10-21.39.17:029][113]LogBlueprintUserMessages: [BP_Castle] Arrow DIes On Castle
[2017.11.10-21.39.17:029][113]LogBlueprintUserMessages: [BP_Castle] Arrow DIes On Castle
[2017.11.10-21.39.22:011][488]LogBlueprintUserMessages: [BP_Castle] Arrow DIes On Castle
[2017.11.10-21.39.22:011][488]LogBlueprintUserMessages: [BP_Castle] Arrow DIes On Castle
[2017.11.10-21.39.22:011][488]LogBlueprintUserMessages: [BP_Castle] Arrow DIes On Castle
[2017.11.10-21.39.22:011][488]LogBlueprintUserMessages: [BP_Castle] Arrow DIes On Castle
[2017.11.10-21.39.22:011][488]LogBlueprintUserMessages: [BP_Castle] Arrow DIes On Castle
[2017.11.10-21.39.22:011][488]LogBlueprintUserMessages: [BP_Castle] Arrow DIes On Castle
[2017.11.10-21.39.22:011][488]LogBlueprintUserMessages: [BP_Castle] Arrow DIes On Castle
[2017.11.10-21.39.22:011][488]LogBlueprintUserMessages: [BP_Castle] Arrow DIes On Castle
[2017.11.10-21.39.22:012][488]LogBlueprintUserMessages: [BP_Castle] Arrow DIes On Castle
[2017.11.10-21.39.22:012][488]LogBlueprintUserMessages: [BP_Castle] Arrow DIes On Castle
[2017.11.10-21.39.22:012][488]LogBlueprintUserMessages: [BP_Castle] Arrow DIes On Castle
[2017.11.10-21.39.22:012][488]LogBlueprintUserMessages: [BP_Castle] Arrow DIes On Castle
[2017.11.10-21.39.22:012][488]LogBlueprintUserMessages: [BP_Castle] Arrow DIes On Castle
[2017.11.10-21.39.22:012][488]LogBlueprintUserMessages: [BP_Castle] Arrow DIes On Castle
[2017.11.10-21.39.22:012][488]LogBlueprintUserMessages: [BP_Castle] Arrow DIes On Castle
[2017.11.10-21.39.22:012][488]LogBlueprintUserMessages: [BP_Castle] Arrow DIes On Castle
[2017.11.10-21.39.27:016][884]LogBlueprintUserMessages: [BP_Castle] Arrow DIes On Castle
[2017.11.10-21.39.27:016][884]LogBlueprintUserMessages: [BP_Castle] Arrow DIes On Castle
[2017.11.10-21.39.27:016][884]LogBlueprintUserMessages: [BP_Castle] Arrow DIes On Castle
[2017.11.10-21.39.27:016][884]LogBlueprintUserMessages: [BP_Castle] Arrow DIes On Castle
[2017.11.10-21.39.27:016][884]LogBlueprintUserMessages: [BP_Castle] Arrow DIes On Castle
[2017.11.10-21.39.27:016][884]LogBlueprintUserMessages: [BP_Castle] Arrow DIes On Castle
[2017.11.10-21.39.27:016][884]LogBlueprintUserMessages: [BP_Castle] Arrow DIes On Castle
[2017.11.10-21.39.27:016][884]LogBlueprintUserMessages: [BP_Castle] Arrow DIes On Castle
[2017.11.10-21.39.27:016][884]LogBlueprintUserMessages: [BP_Castle] Arrow DIes On Castle
[2017.11.10-21.39.27:016][884]LogBlueprintUserMessages: [BP_Castle] Arrow DIes On Castle
[2017.11.10-21.39.27:017][884]LogBlueprintUserMessages: [BP_Castle] Arrow DIes On Castle
[2017.11.10-21.39.27:017][884]LogBlueprintUserMessages: [BP_Castle] Arrow DIes On Castle
[2017.11.10-21.39.27:017][884]LogBlueprintUserMessages: [BP_Castle] Arrow DIes On Castle
[2017.11.10-21.39.27:017][884]LogBlueprintUserMessages: [BP_Castle] Arrow DIes On Castle
[2017.11.10-21.39.27:017][884]LogBlueprintUserMessages: [BP_Castle] Arrow DIes On Castle
[2017.11.10-21.39.27:017][884]LogBlueprintUserMessages: [BP_Castle] Arrow DIes On Castle
[2017.11.10-21.39.32:007][159]LogBlueprintUserMessages: [BP_Castle] Arrow DIes On Castle
[2017.11.10-21.39.32:007][159]LogBlueprintUserMessages: [BP_Castle] Arrow DIes On Castle
[2017.11.10-21.39.32:007][159]LogBlueprintUserMessages: [BP_Castle] Arrow DIes On Castle
[2017.11.10-21.39.32:007][159]LogBlueprintUserMessages: [BP_Castle] Arrow DIes On Castle
[2017.11.10-21.39.32:007][159]LogBlueprintUserMessages: [BP_Castle] Arrow DIes On Castle
[2017.11.10-21.39.32:007][159]LogBlueprintUserMessages: [BP_Castle] Arrow DIes On Castle
[2017.11.10-21.39.32:008][159]LogBlueprintUserMessages: [BP_Castle] Arrow DIes On Castle
[2017.11.10-21.39.32:008][159]LogBlueprintUserMessages: [BP_Castle] Arrow DIes On Castle
[2017.11.10-21.39.32:008][159]LogBlueprintUserMessages: [BP_Castle] Arrow DIes On Castle
[2017.11.10-21.39.32:008][159]LogBlueprintUserMessages: [BP_Castle] Arrow DIes On Castle
[2017.11.10-21.39.32:008][159]LogBlueprintUserMessages: [BP_Castle] Arrow DIes On Castle
[2017.11.10-21.39.32:008][159]LogBlueprintUserMessages: [BP_Castle] Arrow DIes On Castle
[2017.11.10-21.39.32:008][159]LogBlueprintUserMessages: [BP_Castle] Arrow DIes On Castle
[2017.11.10-21.39.32:008][159]LogBlueprintUserMessages: [BP_Castle] Arrow DIes On Castle
[2017.11.10-21.39.32:008][159]LogBlueprintUserMessages: [BP_Castle] Arrow DIes On Castle
[2017.11.10-21.39.32:008][159]LogBlueprintUserMessages: [BP_Castle] Arrow DIes On Castle
[2017.11.10-21.39.37:013][446]LogBlueprintUserMessages: [BP_Castle] Arrow DIes On Castle
[2017.11.10-21.39.37:013][446]LogBlueprintUserMessages: [BP_Castle] Arrow DIes On Castle
[2017.11.10-21.39.37:013][446]LogBlueprintUserMessages: [BP_Castle] Arrow DIes On Castle
[2017.11.10-21.39.37:013][446]LogBlueprintUserMessages: [BP_Castle] Arrow DIes On Castle
[2017.11.10-21.39.37:013][446]LogBlueprintUserMessages: [BP_Castle] Arrow DIes On Castle
[2017.11.10-21.39.37:013][446]LogBlueprintUserMessages: [BP_Castle] Arrow DIes On Castle
[2017.11.10-21.39.37:013][446]LogBlueprintUserMessages: [BP_Castle] Arrow DIes On Castle
[2017.11.10-21.39.37:013][446]LogBlueprintUserMessages: [BP_Castle] Arrow DIes On Castle
[2017.11.10-21.39.37:013][446]LogBlueprintUserMessages: [BP_Castle] Arrow DIes On Castle
[2017.11.10-21.39.37:013][446]LogBlueprintUserMessages: [BP_Castle] Arrow DIes On Castle
[2017.11.10-21.39.37:013][446]LogBlueprintUserMessages: [BP_Castle] Arrow DIes On Castle
[2017.11.10-21.39.37:013][446]LogBlueprintUserMessages: [BP_Castle] Arrow DIes On Castle
[2017.11.10-21.39.37:013][446]LogBlueprintUserMessages: [BP_Castle] Arrow DIes On Castle
[2017.11.10-21.39.37:013][446]LogBlueprintUserMessages: [BP_Castle] Arrow DIes On Castle
[2017.11.10-21.39.37:013][446]LogBlueprintUserMessages: [BP_Castle] Arrow DIes On Castle
[2017.11.10-21.39.37:013][446]LogBlueprintUserMessages: [BP_Castle] Arrow DIes On Castle
[2017.11.10-21.39.44:485][973]LogBlueprintUserMessages: [Catapult_C_1] Position is taken, cycle through next
[2017.11.10-21.39.46:261][ 56]LogBlueprintUserMessages: [SM_TestDoor_Blueprint_19] Catapult Damage
[2017.11.10-21.39.47:019][ 90]LogBlueprintUserMessages: [BP_Castle] Arrow DIes On Castle
[2017.11.10-21.39.47:019][ 90]LogBlueprintUserMessages: [BP_Castle] Arrow DIes On Castle
[2017.11.10-21.39.47:019][ 90]LogBlueprintUserMessages: [BP_Castle] Arrow DIes On Castle
[2017.11.10-21.39.47:019][ 90]LogBlueprintUserMessages: [BP_Castle] Arrow DIes On Castle
[2017.11.10-21.39.47:019][ 90]LogBlueprintUserMessages: [BP_Castle] Arrow DIes On Castle
[2017.11.10-21.39.47:019][ 90]LogBlueprintUserMessages: [BP_Castle] Arrow DIes On Castle
[2017.11.10-21.39.47:019][ 90]LogBlueprintUserMessages: [BP_Castle] Arrow DIes On Castle
[2017.11.10-21.39.47:019][ 90]LogBlueprintUserMessages: [BP_Castle] Arrow DIes On Castle
[2017.11.10-21.39.47:020][ 90]LogBlueprintUserMessages: [BP_Castle] Arrow DIes On Castle
[2017.11.10-21.39.47:020][ 90]LogBlueprintUserMessages: [BP_Castle] Arrow DIes On Castle
[2017.11.10-21.39.47:020][ 90]LogBlueprintUserMessages: [BP_Castle] Arrow DIes On Castle
[2017.11.10-21.39.47:020][ 90]LogBlueprintUserMessages: [BP_Castle] Arrow DIes On Castle
[2017.11.10-21.39.47:020][ 90]LogBlueprintUserMessages: [BP_Castle] Arrow DIes On Castle
[2017.11.10-21.39.47:020][ 90]LogBlueprintUserMessages: [BP_Castle] Arrow DIes On Castle
[2017.11.10-21.39.47:020][ 90]LogBlueprintUserMessages: [BP_Castle] Arrow DIes On Castle
[2017.11.10-21.39.47:020][ 90]LogBlueprintUserMessages: [BP_Castle] Arrow DIes On Castle
[2017.11.10-21.39.47:134][ 95]LogBlueprintUserMessages: Early EndPlayMap Detection: Level '/Game/VirtualRealityBP/Maps/default.default:PersistentLevel' has LevelScriptBlueprint '/Game/VirtualRealityBP/Maps/default.default:PersistentLevel.default' with GeneratedClass '/Game/VirtualRealityBP/Maps/default.default_C' with ClassGeneratedBy '/Game/VirtualRealityBP/Maps/default.default:PersistentLevel.default'
[2017.11.10-21.39.47:374][ 95]LogBlueprintUserMessages: Late EndPlayMap Detection: Level '/Game/VirtualRealityBP/Maps/default.default:PersistentLevel' has LevelScriptBlueprint '/Game/VirtualRealityBP/Maps/default.default:PersistentLevel.default' with GeneratedClass '/Game/VirtualRealityBP/Maps/default.default_C' with ClassGeneratedBy '/Game/VirtualRealityBP/Maps/default.default:PersistentLevel.default'
