Log file open, 11/30/17 21:25:44
LogInit:Display: Running engine for game: CastleGuardReborn
LogPlatformFile: Not using cached read wrapper
LogInit:Display: RandInit(-1150008595) SRandInit(-1150008595).
LogTaskGraph: Started task graph with 5 named threads and 8 total threads with 1 sets of task threads.
LogStats: Stats thread started at 0.080295
LogInit: Using libcurl 7.47.1
LogInit:  - built for x86_64-pc-win32
LogInit:  - supports SSL with OpenSSL/1.0.2g
LogInit:  - supports HTTP deflate (compression) using libz 1.2.8
LogInit:  - other features:
LogInit:      CURL_VERSION_SSL
LogInit:      CURL_VERSION_LIBZ
LogInit:      CURL_VERSION_IPV6
LogInit:      CURL_VERSION_ASYNCHDNS
LogInit:      CURL_VERSION_LARGEFILE
LogInit:      CURL_VERSION_IDN
LogInit:  CurlRequestOptions (configurable via config and command line):
LogInit:  - bVerifyPeer = false  - Libcurl will NOT verify peer certificate
LogInit:  - bUseHttpProxy = false  - Libcurl will NOT use HTTP proxy
LogInit:  - bDontReuseConnections = false  - Libcurl will reuse connections
LogInit:  - CertBundlePath = nullptr  - Libcurl will use whatever was configured at build time.
LogInit: Build: ++UE4+Release-4.16-CL-3514769
LogInit: Engine Version: 4.16.2-3514769+++UE4+Release-4.16
LogInit: Compatible Engine Version: 4.16.0-3452394+++UE4+Release-4.16
LogInit: Net CL: 3452394
LogDevObjectVersion: Number of dev versions registered: 16
LogDevObjectVersion:   Dev-Blueprints (B0D832E4-1F89-4F0D-ACCF-7EB736FD4AA2): 9
LogDevObjectVersion:   Dev-Build (E1C64328-A22C-4D53-A36C-8E866417BD8C): 0
LogDevObjectVersion:   Dev-Core (375EC13C-06E4-48FB-B500-84F0262A717E): 2
LogDevObjectVersion:   Dev-Editor (E4B068ED-F494-42E9-A231-DA0B2E46BB41): 17
LogDevObjectVersion:   Dev-Framework (CFFC743F-43B0-4480-9391-14DF171D2073): 23
LogDevObjectVersion:   Dev-Mobile (B02B49B5-BB20-44E9-A304-32B752E40360): 0
LogDevObjectVersion:   Dev-Networking (A4E4105C-59A1-49B5-A7C5-40C4547EDFEE): 0
LogDevObjectVersion:   Dev-Online (39C831C9-5AE6-47DC-9A44-9C173E1C8E7C): 0
LogDevObjectVersion:   Dev-Physics (78F01B33-EBEA-4F98-B9B4-84EACCB95AA2): 0
LogDevObjectVersion:   Dev-Platform (6631380F-2D4D-43E0-8009-CF276956A95A): 0
LogDevObjectVersion:   Dev-Rendering (12F88B9F-8875-4AFC-A67C-D90C383ABD29): 15
LogDevObjectVersion:   Dev-Sequencer (7B5AE74C-D270-4C10-A958-57980B212A5A): 4
LogDevObjectVersion:   Dev-VR (D7296918-1DD6-4BDD-9DE2-64A83CC13884): 0
LogDevObjectVersion:   Dev-LoadTimes (C2A15278-BFE7-4AFE-6C17-90FF531DF755): 1
LogDevObjectVersion:   Private-Geometry (6EACA3D4-40EC-4CC1-B786-8BED09428FC5): 1
LogDevObjectVersion:   Dev-AnimPhys (29E575DD-E0A3-4627-9D10-D276232CDCEA): 3
LogInit: Compiled (64-bit): Jun 29 2017 02:03:24
LogInit: Compiled with Visual C++: 19.00.24215.01
LogInit: Build Configuration: Development
LogInit: Branch Name: ++UE4+Release-4.16
LogInit: Command line:  
LogInit: Base directory: C:/Program Files/Epic Games/UE_4.16/Engine/Binaries/Win64/
LogInit: Installed Engine Build: 1
LogInit: Presizing for max 8388607 objects, including 0 objects not considered by GC, pre-allocating 0 bytes for permanent pool.
LogInit: Object subsystem initialized
[2017.12.01-05.25.44:425][  0]LogInit: Selected Device Profile: [Windows]
[2017.12.01-05.25.44:425][  0]LogInit: Applying CVar settings loaded from the selected device profile: [Windows]
[2017.12.01-05.25.44:432][  0]LogInit: Computer: LCIVAN-238-00
[2017.12.01-05.25.44:432][  0]LogInit: User: studentuser
[2017.12.01-05.25.44:432][  0]LogInit: CPU Page size=4096, Cores=4
[2017.12.01-05.25.44:432][  0]LogInit: High frequency timer resolution =4.101571 MHz
[2017.12.01-05.25.44:433][  0]LogMemory: Memory total: Physical=15.9GB (16GB approx)
[2017.12.01-05.25.44:433][  0]LogMemory: Platform Memory Stats for Windows
[2017.12.01-05.25.44:433][  0]LogMemory: Process Physical Memory: 275.19 MB used, 275.19 MB peak
[2017.12.01-05.25.44:433][  0]LogMemory: Process Virtual Memory: 276.91 MB used, 276.91 MB peak
[2017.12.01-05.25.44:433][  0]LogMemory: Physical Memory: 8893.16 MB used,  7390.29 MB free, 16283.45 MB total
[2017.12.01-05.25.44:433][  0]LogMemory: Virtual Memory: 654.49 MB used,  7390.29 MB free, 134217728.00 MB total
[2017.12.01-05.25.44:479][  0]LogInit: Using OS detected language (en-US).
[2017.12.01-05.25.44:479][  0]LogInit: Using OS detected locale (en-CA).
[2017.12.01-05.25.44:480][  0]LogTextLocalizationManager: No specific localization for 'en-US' exists, so the 'en' localization will be used.
[2017.12.01-05.25.45:113][  0]LogD3D11RHI: D3D11 adapters:
[2017.12.01-05.25.45:146][  0]LogD3D11RHI:    0. 'NVIDIA GeForce GTX 1070' (Feature Level 11_0)
[2017.12.01-05.25.45:146][  0]LogD3D11RHI:       8115/0/8141 MB DedicatedVideo/DedicatedSystem/SharedSystem, Outputs:1, VendorId:0x10de
[2017.12.01-05.25.45:152][  0]LogD3D11RHI:    1. 'Intel(R) HD Graphics 630' (Feature Level 11_0)
[2017.12.01-05.25.45:152][  0]LogD3D11RHI:       128/0/8141 MB DedicatedVideo/DedicatedSystem/SharedSystem, Outputs:0, VendorId:0x8086
[2017.12.01-05.25.45:153][  0]LogD3D11RHI:    2. 'Microsoft Basic Render Driver' (Feature Level 11_0)
[2017.12.01-05.25.45:153][  0]LogD3D11RHI:       0/0/8141 MB DedicatedVideo/DedicatedSystem/SharedSystem, Outputs:0, VendorId:0x1414
[2017.12.01-05.25.45:153][  0]LogD3D11RHI: Chosen D3D11 Adapter: 0
[2017.12.01-05.25.45:159][  0]LogD3D11RHI: Creating new Direct3DDevice
[2017.12.01-05.25.45:159][  0]LogD3D11RHI:     GPU DeviceId: 0x1b81 (for the marketing name, search the web for "GPU Device Id")
[2017.12.01-05.25.45:159][  0]LogWindows: EnumDisplayDevices:
[2017.12.01-05.25.45:159][  0]LogWindows:    0. 'NVIDIA GeForce GTX 1070' (P:1 D:1)
[2017.12.01-05.25.45:159][  0]LogWindows:    1. 'NVIDIA GeForce GTX 1070' (P:0 D:0)
[2017.12.01-05.25.45:159][  0]LogWindows:    2. 'NVIDIA GeForce GTX 1070' (P:0 D:0)
[2017.12.01-05.25.45:159][  0]LogWindows:    3. 'NVIDIA GeForce GTX 1070' (P:0 D:0)
[2017.12.01-05.25.45:159][  0]LogWindows:    4. 'Intel(R) HD Graphics 630' (P:0 D:0)
[2017.12.01-05.25.45:159][  0]LogWindows:    5. 'Intel(R) HD Graphics 630' (P:0 D:0)
[2017.12.01-05.25.45:159][  0]LogWindows:    6. 'Intel(R) HD Graphics 630' (P:0 D:0)
[2017.12.01-05.25.45:160][  0]LogWindows: DebugString: PrimaryIsNotTheChoosenAdapter PrimaryIsNotTheChoosenAdapter PrimaryIsNotTheChoosenAdapter FoundDriverCount:4 
[2017.12.01-05.25.45:160][  0]LogD3D11RHI:     Adapter Name: NVIDIA GeForce GTX 1070
[2017.12.01-05.25.45:160][  0]LogD3D11RHI:   Driver Version: 382.66 (internal:22.21.13.8266, unified:382.66)
[2017.12.01-05.25.45:160][  0]LogD3D11RHI:      Driver Date: 6-25-2017
[2017.12.01-05.25.45:160][  0]LogRHI: Texture pool is 1361 MB (70% of 1945 MB)
[2017.12.01-05.25.45:184][  0]LogD3D11RHI: Async texture creation enabled
[2017.12.01-05.25.45:200][  0]LogD3D11RHI: GPU Timing Frequency: 1000.000000 (Debug: 2 2)
[2017.12.01-05.25.45:248][  0]LogShaderCompilers: Guid format shader working directory is -6 characters bigger than the processId version (D:/CastleGuardCurrent/CastleGuardPhase2/CastleGuardReborn/Intermediate/Shaders/WorkingDirectory/12952/).
[2017.12.01-05.25.45:248][  0]LogShaderCompilers: Cleaned the shader compiler working directory 'C:/Users/studentuser/AppData/Local/Temp/UnrealShaderWorkingDir/E1532C1445AB8BB3AB3C17B799702552/'.
[2017.12.01-05.25.45:248][  0]LogShaderCompilers:Display: Using Local Shader Compiler.
[2017.12.01-05.25.45:933][  0]LogTemp:Display: Loaded TP AllDesktopTargetPlatform
[2017.12.01-05.25.45:967][  0]LogTemp:Display: Loaded TP MacClientTargetPlatform
[2017.12.01-05.25.46:002][  0]LogTemp:Display: Loaded TP MacNoEditorTargetPlatform
[2017.12.01-05.25.46:038][  0]LogTemp:Display: Loaded TP MacServerTargetPlatform
[2017.12.01-05.25.46:072][  0]LogTemp:Display: Loaded TP MacTargetPlatform
[2017.12.01-05.25.46:108][  0]LogTemp:Display: Loaded TP WindowsClientTargetPlatform
[2017.12.01-05.25.46:144][  0]LogTemp:Display: Loaded TP WindowsNoEditorTargetPlatform
[2017.12.01-05.25.46:179][  0]LogTemp:Display: Loaded TP WindowsServerTargetPlatform
[2017.12.01-05.25.46:209][  0]LogTemp:Display: Loaded TP WindowsTargetPlatform
[2017.12.01-05.25.46:243][  0]LogTemp:Display: Loaded TP AndroidTargetPlatform
[2017.12.01-05.25.46:279][  0]LogTemp:Display: Loaded TP Android_ASTCTargetPlatform
[2017.12.01-05.25.46:315][  0]LogTemp:Display: Loaded TP Android_ATCTargetPlatform
[2017.12.01-05.25.46:348][  0]LogTemp:Display: Loaded TP Android_DXTTargetPlatform
[2017.12.01-05.25.46:382][  0]LogTemp:Display: Loaded TP Android_ETC1TargetPlatform
[2017.12.01-05.25.46:417][  0]LogTemp:Display: Loaded TP Android_ETC2TargetPlatform
[2017.12.01-05.25.46:484][  0]LogTemp:Display: Loaded TP Android_MultiTargetPlatform
[2017.12.01-05.25.46:484][  0]LogTemp:Display: Loaded TP Android_PVRTCTargetPlatform
[2017.12.01-05.25.46:511][  0]LogTemp:Display: Loaded TP HTML5TargetPlatform
[2017.12.01-05.25.46:581][  0]LogTemp:Display: Loaded TP IOSTargetPlatform
[2017.12.01-05.25.46:602][  0]LogTemp:Display: Loaded TP TVOSTargetPlatform
[2017.12.01-05.25.46:636][  0]LogTemp:Display: Loaded TP LinuxClientTargetPlatform
[2017.12.01-05.25.46:669][  0]LogTemp:Display: Loaded TP LinuxNoEditorTargetPlatform
[2017.12.01-05.25.46:703][  0]LogTemp:Display: Loaded TP LinuxServerTargetPlatform
[2017.12.01-05.25.46:739][  0]LogTemp:Display: Loaded TP LinuxTargetPlatform
[2017.12.01-05.25.46:739][  0]LogTargetPlatformManager:Display: Building Assets For Windows
[2017.12.01-05.25.47:088][  0]LogDerivedDataCache:Display: Max Cache Size: 512 MB
[2017.12.01-05.25.47:168][  0]LogDerivedDataCache: Loaded boot cache 0.08s 91MB C:/Users/studentuser/AppData/Local/UnrealEngine/4.16/DerivedDataCache/Boot.ddc.
[2017.12.01-05.25.47:168][  0]LogDerivedDataCache:Display: Loaded Boot cache: C:/Users/studentuser/AppData/Local/UnrealEngine/4.16/DerivedDataCache/Boot.ddc
[2017.12.01-05.25.47:168][  0]LogDerivedDataCache: FDerivedDataBackendGraph:  Pak pak cache file D:/CastleGuardCurrent/CastleGuardPhase2/CastleGuardReborn/DerivedDataCache/DDC.ddp not found, will not use a pak cache.
[2017.12.01-05.25.47:168][  0]LogDerivedDataCache: Unable to find inner node Pak for hierarchical cache Hierarchy.
[2017.12.01-05.25.47:168][  0]LogDerivedDataCache: FDerivedDataBackendGraph:  CompressedPak pak cache file D:/CastleGuardCurrent/CastleGuardPhase2/CastleGuardReborn/DerivedDataCache/Compressed.ddp not found, will not use a pak cache.
[2017.12.01-05.25.47:168][  0]LogDerivedDataCache: Unable to find inner node CompressedPak for hierarchical cache Hierarchy.
[2017.12.01-05.25.47:179][  0]LogDerivedDataCache:Display: Pak cache opened for reading ../../../Engine/DerivedDataCache/Compressed.ddp.
[2017.12.01-05.25.47:191][  0]LogDerivedDataCache: Using Local data cache path C:/Users/studentuser/AppData/Local/UnrealEngine/Common/DerivedDataCache: Writable
[2017.12.01-05.25.47:197][  0]LogMaterial: Verifying Global Shaders for PCD3D_SM5
[2017.12.01-05.25.47:198][  0]LogSlate: Using Freetype 2.6.0
[2017.12.01-05.25.47:198][  0]LogSlate: SlateFontCache - WITH_FREETYPE: 1, WITH_HARFBUZZ: 1
[2017.12.01-05.25.47:198][  0]LogSlate: SlateFontCache - WITH_FREETYPE: 1, WITH_HARFBUZZ: 1
[2017.12.01-05.25.47:413][  0]LogInit: Selected Device Profile: [Windows]
[2017.12.01-05.25.47:472][  0]LogContentStreaming: Texture pool size is 0.00 MB
[2017.12.01-05.25.47:583][  0]LogMeshUtilities: Using QuadricMeshReduction for automatic static mesh reduction
[2017.12.01-05.25.47:613][  0]LogSimplygon: Simplygon DLL not present - disabling.
[2017.12.01-05.25.47:647][  0]LogMeshUtilities: Using SimplygonSwarm for distributed automatic mesh merging
[2017.12.01-05.25.47:647][  0]LogMeshUtilities: No automatic skeletal mesh reduction module available
[2017.12.01-05.25.47:647][  0]LogMeshUtilities: No automatic mesh merging module available
[2017.12.01-05.25.48:041][  0]LogNetVersion: CastleGuardReborn , NetCL: 3452394, EngineNetVer: 2, GameNetVer: 0 (Checksum: 2303850599)
[2017.12.01-05.25.48:092][  0]LogAssetRegistry: FAssetRegistry took 0.0242 seconds to start up
[2017.12.01-05.25.48:134][  0]LogPackageLocalizationCache: Processed 4 localized package path(s) for 2 prioritized culture(s) in 0.022350 seconds
[2017.12.01-05.25.48:138][  0]LogUObjectArray: 34194 objects as part of root set at end of initial load.
[2017.12.01-05.25.48:138][  0]LogUObjectAllocator: 7260416 out of 0 bytes used by permanent object pool.
[2017.12.01-05.25.48:138][  0]LogUObjectArray: CloseDisregardForGC: 0/0 objects in disregard for GC pool
[2017.12.01-05.25.48:183][  0]LogInit: WinSock: version 1.1 (2.2), MaxSocks=32767, MaxUdp=65467
[2017.12.01-05.25.49:894][  0]LogTcpMessaging: Initializing TcpMessaging bridge
[2017.12.01-05.25.49:926][  0]LogUdpMessaging: Initializing bridge on interface 0.0.0.0:0 to multicast group 230.0.0.1:6666.
[2017.12.01-05.25.50:299][  0]LogMaterial: Uniform references updated for custom material expression Custom.
[2017.12.01-05.25.50:572][  0]SourceControl: Info Source control is disabled
[2017.12.01-05.25.50:594][  0]SourceControl: Info Source control is disabled
[2017.12.01-05.25.50:627][  0]SourceControl: Info Source control is disabled
[2017.12.01-05.25.50:660][  0]SourceControl: Info Source control is disabled
[2017.12.01-05.25.51:127][  0]LogAndroidPermission: UAndroidPermissionCallbackProxy::GetInstance
[2017.12.01-05.25.51:559][  0]LogEngine: Initializing Engine...
[2017.12.01-05.40.55:987][  0]LogHMD: SteamVR initialized.  Driver: lighthouse  Display: LHR-A4D81BA4
[2017.12.01-05.40.56:200][  0]LogStats: UGameplayTagsManager::ConstructGameplayTagTree: Construct from data asset -  0.000 s
[2017.12.01-05.40.56:200][  0]LogStats: UGameplayTagsManager::ConstructGameplayTagTree: GameplayTagTreeChangedEvent.Broadcast -  0.000 s
[2017.12.01-05.40.56:321][  0]LogAIModule: Creating AISystem for world Untitled
[2017.12.01-05.40.56:334][  0]LogInit: XAudio2 using 'Speakers / Headphones (Realtek Audio)' : 2 channels at 48 kHz using 32 bits per sample (channel mask 0x3)
[2017.12.01-05.40.56:370][  0]LogInit: FAudioDevice initialized.
[2017.12.01-05.40.56:416][  0]LogDerivedDataCache: Saved boot cache 0.05s 91MB C:/Users/studentuser/AppData/Local/UnrealEngine/4.16/DerivedDataCache/Boot.ddc.
[2017.12.01-05.40.56:444][  0]LogInit: Texture streaming: Enabled
[2017.12.01-05.40.56:515][  0]LogEngineSessionManager: EngineSessionManager initialized
[2017.12.01-05.40.56:515][  0]LogEngineSessionManager: EngineSessionManager sent abnormal shutdown report. Type=AbnormalShutdown, SessionId={B8541014-4A88-634B-5AB6-A1B75FD2BF2E}
[2017.12.01-05.40.56:676][  0]LogInit: Transaction tracking system initialized
[2017.12.01-05.40.56:901][  0]BlueprintLog: New page: Editor Load
[2017.12.01-05.40.57:580][  0]LocalizationService: Info Localization service is disabled
