Log file open, 10/22/17 05:20:20
LogInit:Display: Running engine for game: CastleGuardReborn
LogPlatformFile: Not using cached read wrapper
LogInit:Display: RandInit(-1446006196) SRandInit(-1446006196).
LogTaskGraph: Started task graph with 5 named threads and 8 total threads with 1 sets of task threads.
LogStats: Stats thread started at 0.086713
LogInit: Using libcurl 7.47.1
LogInit:  - built for x86_64-pc-win32
LogInit:  - supports SSL with OpenSSL/1.0.2g
LogInit:  - supports HTTP deflate (compression) using libz 1.2.8
LogInit:  - other features:
LogInit:      CURL_VERSION_SSL
LogInit:      CURL_VERSION_LIBZ
LogInit:      CURL_VERSION_IPV6
LogInit:      CURL_VERSION_ASYNCHDNS
LogInit:      CURL_VERSION_LARGEFILE
LogInit:      CURL_VERSION_IDN
LogInit:  CurlRequestOptions (configurable via config and command line):
LogInit:  - bVerifyPeer = false  - Libcurl will NOT verify peer certificate
LogInit:  - bUseHttpProxy = false  - Libcurl will NOT use HTTP proxy
LogInit:  - bDontReuseConnections = false  - Libcurl will reuse connections
LogInit:  - CertBundlePath = nullptr  - Libcurl will use whatever was configured at build time.
LogInit: Build: ++UE4+Release-4.16-CL-3514769
LogInit: Engine Version: 4.16.2-3514769+++UE4+Release-4.16
LogInit: Compatible Engine Version: 4.16.0-3452394+++UE4+Release-4.16
LogInit: Net CL: 3452394
LogDevObjectVersion: Number of dev versions registered: 16
LogDevObjectVersion:   Dev-Blueprints (B0D832E4-1F89-4F0D-ACCF-7EB736FD4AA2): 9
LogDevObjectVersion:   Dev-Build (E1C64328-A22C-4D53-A36C-8E866417BD8C): 0
LogDevObjectVersion:   Dev-Core (375EC13C-06E4-48FB-B500-84F0262A717E): 2
LogDevObjectVersion:   Dev-Editor (E4B068ED-F494-42E9-A231-DA0B2E46BB41): 17
LogDevObjectVersion:   Dev-Framework (CFFC743F-43B0-4480-9391-14DF171D2073): 23
LogDevObjectVersion:   Dev-Mobile (B02B49B5-BB20-44E9-A304-32B752E40360): 0
LogDevObjectVersion:   Dev-Networking (A4E4105C-59A1-49B5-A7C5-40C4547EDFEE): 0
LogDevObjectVersion:   Dev-Online (39C831C9-5AE6-47DC-9A44-9C173E1C8E7C): 0
LogDevObjectVersion:   Dev-Physics (78F01B33-EBEA-4F98-B9B4-84EACCB95AA2): 0
LogDevObjectVersion:   Dev-Platform (6631380F-2D4D-43E0-8009-CF276956A95A): 0
LogDevObjectVersion:   Dev-Rendering (12F88B9F-8875-4AFC-A67C-D90C383ABD29): 15
LogDevObjectVersion:   Dev-Sequencer (7B5AE74C-D270-4C10-A958-57980B212A5A): 4
LogDevObjectVersion:   Dev-VR (D7296918-1DD6-4BDD-9DE2-64A83CC13884): 0
LogDevObjectVersion:   Dev-LoadTimes (C2A15278-BFE7-4AFE-6C17-90FF531DF755): 1
LogDevObjectVersion:   Private-Geometry (6EACA3D4-40EC-4CC1-B786-8BED09428FC5): 1
LogDevObjectVersion:   Dev-AnimPhys (29E575DD-E0A3-4627-9D10-D276232CDCEA): 3
LogInit: Compiled (64-bit): Jun 29 2017 02:03:24
LogInit: Compiled with Visual C++: 19.00.24215.01
LogInit: Build Configuration: Development
LogInit: Branch Name: ++UE4+Release-4.16
LogInit: Command line:  
LogInit: Base directory: C:/Program Files/Epic Games/UE_4.16/Engine/Binaries/Win64/
LogInit: Installed Engine Build: 1
LogInit: Presizing for max 8388607 objects, including 0 objects not considered by GC, pre-allocating 0 bytes for permanent pool.
LogInit: Object subsystem initialized
[2017.10.22-12.20.20:471][  0]LogInit: Selected Device Profile: [Windows]
[2017.10.22-12.20.20:471][  0]LogInit: Applying CVar settings loaded from the selected device profile: [Windows]
[2017.10.22-12.20.20:482][  0]LogInit: Computer: LCIVAN-238-00
[2017.10.22-12.20.20:483][  0]LogInit: User: studentuser
[2017.10.22-12.20.20:483][  0]LogInit: CPU Page size=4096, Cores=4
[2017.10.22-12.20.20:483][  0]LogInit: High frequency timer resolution =4.101567 MHz
[2017.10.22-12.20.20:483][  0]LogMemory: Memory total: Physical=15.9GB (16GB approx)
[2017.10.22-12.20.20:483][  0]LogMemory: Platform Memory Stats for Windows
[2017.10.22-12.20.20:483][  0]LogMemory: Process Physical Memory: 275.43 MB used, 275.43 MB peak
[2017.10.22-12.20.20:483][  0]LogMemory: Process Virtual Memory: 272.89 MB used, 272.89 MB peak
[2017.10.22-12.20.20:483][  0]LogMemory: Physical Memory: 7256.75 MB used,  9026.70 MB free, 16283.45 MB total
[2017.10.22-12.20.20:483][  0]LogMemory: Virtual Memory: 650.49 MB used,  9026.70 MB free, 134217728.00 MB total
[2017.10.22-12.20.20:530][  0]LogInit: Using OS detected language (en-US).
[2017.10.22-12.20.20:530][  0]LogInit: Using OS detected locale (en-CA).
[2017.10.22-12.20.20:532][  0]LogTextLocalizationManager: No specific localization for 'en-US' exists, so the 'en' localization will be used.
[2017.10.22-12.20.21:172][  0]LogD3D11RHI: D3D11 adapters:
[2017.10.22-12.20.21:203][  0]LogD3D11RHI:    0. 'NVIDIA GeForce GTX 1070' (Feature Level 11_0)
[2017.10.22-12.20.21:203][  0]LogD3D11RHI:       8120/0/8141 MB DedicatedVideo/DedicatedSystem/SharedSystem, Outputs:1, VendorId:0x10de
[2017.10.22-12.20.21:209][  0]LogD3D11RHI:    1. 'Intel(R) HD Graphics 630' (Feature Level 11_0)
[2017.10.22-12.20.21:209][  0]LogD3D11RHI:       128/0/8141 MB DedicatedVideo/DedicatedSystem/SharedSystem, Outputs:0, VendorId:0x8086
[2017.10.22-12.20.21:209][  0]LogD3D11RHI:    2. 'Microsoft Basic Render Driver' (Feature Level 11_0)
[2017.10.22-12.20.21:209][  0]LogD3D11RHI:       0/0/8141 MB DedicatedVideo/DedicatedSystem/SharedSystem, Outputs:0, VendorId:0x1414
[2017.10.22-12.20.21:210][  0]LogD3D11RHI: Chosen D3D11 Adapter: 0
[2017.10.22-12.20.21:215][  0]LogD3D11RHI: Creating new Direct3DDevice
[2017.10.22-12.20.21:215][  0]LogD3D11RHI:     GPU DeviceId: 0x1b81 (for the marketing name, search the web for "GPU Device Id")
[2017.10.22-12.20.21:215][  0]LogWindows: EnumDisplayDevices:
[2017.10.22-12.20.21:215][  0]LogWindows:    0. 'NVIDIA GeForce GTX 1070' (P:1 D:1)
[2017.10.22-12.20.21:216][  0]LogWindows:    1. 'NVIDIA GeForce GTX 1070' (P:0 D:0)
[2017.10.22-12.20.21:216][  0]LogWindows:    2. 'NVIDIA GeForce GTX 1070' (P:0 D:0)
[2017.10.22-12.20.21:216][  0]LogWindows:    3. 'NVIDIA GeForce GTX 1070' (P:0 D:0)
[2017.10.22-12.20.21:216][  0]LogWindows:    4. 'Intel(R) HD Graphics 630' (P:0 D:0)
[2017.10.22-12.20.21:216][  0]LogWindows:    5. 'Intel(R) HD Graphics 630' (P:0 D:0)
[2017.10.22-12.20.21:216][  0]LogWindows:    6. 'Intel(R) HD Graphics 630' (P:0 D:0)
[2017.10.22-12.20.21:216][  0]LogWindows: DebugString: PrimaryIsNotTheChoosenAdapter PrimaryIsNotTheChoosenAdapter PrimaryIsNotTheChoosenAdapter FoundDriverCount:4 
[2017.10.22-12.20.21:216][  0]LogD3D11RHI:     Adapter Name: NVIDIA GeForce GTX 1070
[2017.10.22-12.20.21:216][  0]LogD3D11RHI:   Driver Version: 382.05 (internal:22.21.13.8205, unified:382.05)
[2017.10.22-12.20.21:216][  0]LogD3D11RHI:      Driver Date: 5-1-2017
[2017.10.22-12.20.21:216][  0]LogRHI: Texture pool is 1361 MB (70% of 1945 MB)
[2017.10.22-12.20.21:240][  0]LogD3D11RHI: Async texture creation enabled
[2017.10.22-12.20.21:254][  0]LogD3D11RHI: GPU Timing Frequency: 1000.000000 (Debug: 2 2)
[2017.10.22-12.20.21:302][  0]LogShaderCompilers: Guid format shader working directory is -46 characters bigger than the processId version (D:/CGDefunct/CastleGuardPhase2Backup 10 22 17/CastleGuard Today/CastleGuardPhase2/CastleGuardReborn/Intermediate/Shaders/WorkingDirectory/228/).
[2017.10.22-12.20.21:302][  0]LogShaderCompilers: Cleaned the shader compiler working directory 'C:/Users/studentuser/AppData/Local/Temp/UnrealShaderWorkingDir/2BD4A68E43CDB370A16BF39C4364B3E6/'.
[2017.10.22-12.20.21:302][  0]LogShaderCompilers:Display: Using Local Shader Compiler.
[2017.10.22-12.20.21:987][  0]LogTemp:Display: Loaded TP AllDesktopTargetPlatform
[2017.10.22-12.20.22:022][  0]LogTemp:Display: Loaded TP MacClientTargetPlatform
[2017.10.22-12.20.22:058][  0]LogTemp:Display: Loaded TP MacNoEditorTargetPlatform
[2017.10.22-12.20.22:095][  0]LogTemp:Display: Loaded TP MacServerTargetPlatform
[2017.10.22-12.20.22:132][  0]LogTemp:Display: Loaded TP MacTargetPlatform
[2017.10.22-12.20.22:169][  0]LogTemp:Display: Loaded TP WindowsClientTargetPlatform
[2017.10.22-12.20.22:205][  0]LogTemp:Display: Loaded TP WindowsNoEditorTargetPlatform
[2017.10.22-12.20.22:241][  0]LogTemp:Display: Loaded TP WindowsServerTargetPlatform
[2017.10.22-12.20.22:271][  0]LogTemp:Display: Loaded TP WindowsTargetPlatform
[2017.10.22-12.20.22:306][  0]LogTemp:Display: Loaded TP AndroidTargetPlatform
[2017.10.22-12.20.22:339][  0]LogTemp:Display: Loaded TP Android_ASTCTargetPlatform
[2017.10.22-12.20.22:375][  0]LogTemp:Display: Loaded TP Android_ATCTargetPlatform
[2017.10.22-12.20.22:409][  0]LogTemp:Display: Loaded TP Android_DXTTargetPlatform
[2017.10.22-12.20.22:443][  0]LogTemp:Display: Loaded TP Android_ETC1TargetPlatform
[2017.10.22-12.20.22:477][  0]LogTemp:Display: Loaded TP Android_ETC2TargetPlatform
[2017.10.22-12.20.22:547][  0]LogTemp:Display: Loaded TP Android_MultiTargetPlatform
[2017.10.22-12.20.22:547][  0]LogTemp:Display: Loaded TP Android_PVRTCTargetPlatform
[2017.10.22-12.20.22:573][  0]LogTemp:Display: Loaded TP HTML5TargetPlatform
[2017.10.22-12.20.22:642][  0]LogTemp:Display: Loaded TP IOSTargetPlatform
[2017.10.22-12.20.22:662][  0]LogTemp:Display: Loaded TP TVOSTargetPlatform
[2017.10.22-12.20.22:698][  0]LogTemp:Display: Loaded TP LinuxClientTargetPlatform
[2017.10.22-12.20.22:731][  0]LogTemp:Display: Loaded TP LinuxNoEditorTargetPlatform
[2017.10.22-12.20.22:767][  0]LogTemp:Display: Loaded TP LinuxServerTargetPlatform
[2017.10.22-12.20.22:801][  0]LogTemp:Display: Loaded TP LinuxTargetPlatform
[2017.10.22-12.20.22:801][  0]LogTargetPlatformManager:Display: Building Assets For Windows
[2017.10.22-12.20.23:152][  0]LogDerivedDataCache:Display: Max Cache Size: 512 MB
[2017.10.22-12.20.23:233][  0]LogDerivedDataCache: Loaded boot cache 0.08s 90MB C:/Users/studentuser/AppData/Local/UnrealEngine/4.16/DerivedDataCache/Boot.ddc.
[2017.10.22-12.20.23:233][  0]LogDerivedDataCache:Display: Loaded Boot cache: C:/Users/studentuser/AppData/Local/UnrealEngine/4.16/DerivedDataCache/Boot.ddc
[2017.10.22-12.20.23:233][  0]LogDerivedDataCache: FDerivedDataBackendGraph:  Pak pak cache file D:/CGDefunct/CastleGuardPhase2Backup 10 22 17/CastleGuard Today/CastleGuardPhase2/CastleGuardReborn/DerivedDataCache/DDC.ddp not found, will not use a pak cache.
[2017.10.22-12.20.23:233][  0]LogDerivedDataCache: Unable to find inner node Pak for hierarchical cache Hierarchy.
[2017.10.22-12.20.23:233][  0]LogDerivedDataCache: FDerivedDataBackendGraph:  CompressedPak pak cache file D:/CGDefunct/CastleGuardPhase2Backup 10 22 17/CastleGuard Today/CastleGuardPhase2/CastleGuardReborn/DerivedDataCache/Compressed.ddp not found, will not use a pak cache.
[2017.10.22-12.20.23:233][  0]LogDerivedDataCache: Unable to find inner node CompressedPak for hierarchical cache Hierarchy.
[2017.10.22-12.20.23:244][  0]LogDerivedDataCache:Display: Pak cache opened for reading ../../../Engine/DerivedDataCache/Compressed.ddp.
[2017.10.22-12.20.23:255][  0]LogDerivedDataCache: Using Local data cache path C:/Users/studentuser/AppData/Local/UnrealEngine/Common/DerivedDataCache: Writable
[2017.10.22-12.20.23:262][  0]LogMaterial: Verifying Global Shaders for PCD3D_SM5
[2017.10.22-12.20.23:263][  0]LogSlate: Using Freetype 2.6.0
[2017.10.22-12.20.23:263][  0]LogSlate: SlateFontCache - WITH_FREETYPE: 1, WITH_HARFBUZZ: 1
[2017.10.22-12.20.23:263][  0]LogSlate: SlateFontCache - WITH_FREETYPE: 1, WITH_HARFBUZZ: 1
[2017.10.22-12.20.23:480][  0]LogInit: Selected Device Profile: [Windows]
[2017.10.22-12.20.23:538][  0]LogContentStreaming: Texture pool size is 0.00 MB
[2017.10.22-12.20.23:649][  0]LogMeshUtilities: Using QuadricMeshReduction for automatic static mesh reduction
[2017.10.22-12.20.23:680][  0]LogSimplygon: Simplygon DLL not present - disabling.
[2017.10.22-12.20.23:715][  0]LogMeshUtilities: Using SimplygonSwarm for distributed automatic mesh merging
[2017.10.22-12.20.23:715][  0]LogMeshUtilities: No automatic skeletal mesh reduction module available
[2017.10.22-12.20.23:715][  0]LogMeshUtilities: No automatic mesh merging module available
[2017.10.22-12.20.24:100][  0]LogNetVersion: CastleGuardReborn , NetCL: 3452394, EngineNetVer: 2, GameNetVer: 0 (Checksum: 2303850599)
[2017.10.22-12.20.24:151][  0]LogAssetRegistry: FAssetRegistry took 0.0242 seconds to start up
[2017.10.22-12.20.24:192][  0]LogPackageLocalizationCache: Processed 4 localized package path(s) for 2 prioritized culture(s) in 0.024852 seconds
[2017.10.22-12.20.24:196][  0]LogUObjectArray: 34194 objects as part of root set at end of initial load.
[2017.10.22-12.20.24:196][  0]LogUObjectAllocator: 7260416 out of 0 bytes used by permanent object pool.
[2017.10.22-12.20.24:196][  0]LogUObjectArray: CloseDisregardForGC: 0/0 objects in disregard for GC pool
[2017.10.22-12.20.24:241][  0]LogInit: WinSock: version 1.1 (2.2), MaxSocks=32767, MaxUdp=65467
[2017.10.22-12.20.25:877][  0]LogTcpMessaging: Initializing TcpMessaging bridge
[2017.10.22-12.20.25:909][  0]LogUdpMessaging: Initializing bridge on interface 0.0.0.0:0 to multicast group 230.0.0.1:6666.
[2017.10.22-12.20.26:282][  0]LogMaterial: Uniform references updated for custom material expression Custom.
[2017.10.22-12.20.26:555][  0]SourceControl: Info Source control is disabled
[2017.10.22-12.20.26:573][  0]SourceControl: Info Source control is disabled
[2017.10.22-12.20.26:605][  0]SourceControl: Info Source control is disabled
[2017.10.22-12.20.26:636][  0]SourceControl: Info Source control is disabled
[2017.10.22-12.20.27:099][  0]LogAndroidPermission: UAndroidPermissionCallbackProxy::GetInstance
[2017.10.22-12.20.27:505][  0]LogEngine: Initializing Engine...
[2017.10.22-12.20.28:064][  0]LogHMD: SteamVR initialized.  Driver: lighthouse  Display: LHR-A4D81BA4
[2017.10.22-12.20.28:229][  0]LogStats: UGameplayTagsManager::ConstructGameplayTagTree: Construct from data asset -  0.000 s
[2017.10.22-12.20.28:229][  0]LogStats: UGameplayTagsManager::ConstructGameplayTagTree: GameplayTagTreeChangedEvent.Broadcast -  0.000 s
[2017.10.22-12.20.28:324][  0]LogAIModule: Creating AISystem for world Untitled
[2017.10.22-12.20.28:336][  0]LogInit: XAudio2 using 'Speakers / Headphones (Realtek Audio)' : 2 channels at 48 kHz using 32 bits per sample (channel mask 0x3)
[2017.10.22-12.20.28:353][  0]LogInit: FAudioDevice initialized.
[2017.10.22-12.20.28:395][  0]LogDerivedDataCache: Saved boot cache 0.04s 90MB C:/Users/studentuser/AppData/Local/UnrealEngine/4.16/DerivedDataCache/Boot.ddc.
[2017.10.22-12.20.28:411][  0]LogInit: Texture streaming: Enabled
[2017.10.22-12.20.28:480][  0]LogEngineSessionManager: EngineSessionManager initialized
[2017.10.22-12.20.28:630][  0]LogInit: Transaction tracking system initialized
[2017.10.22-12.20.28:847][  0]BlueprintLog: New page: Editor Load
[2017.10.22-12.20.29:504][  0]LocalizationService: Info Localization service is disabled
[2017.10.22-12.20.29:983][  0]LogConsoleResponse:Display: 
[2017.10.22-12.20.30:085][  0]LogCook:Display: Max memory allowance for cook 16384mb min free memory 0mb
[2017.10.22-12.20.30:085][  0]LogCook:Display: Mobile HDR setting 1
[2017.10.22-12.20.30:783][  0]SourceControl: Info Source control is disabled
[2017.10.22-12.20.30:783][  0]Cmd: MAP LOAD FILE="D:/CGDefunct/CastleGuardPhase2Backup 10 22 17/CastleGuard Today/CastleGuardPhase2/CastleGuardReborn/Content/Vive/Maps/default.umap" TEMPLATE=0 SHOWPROGRESS=1 FEATURELEVEL=3
[2017.10.22-12.20.30:783][  0]LightingResults: New page: Lighting Build
[2017.10.22-12.20.30:811][  0]MapCheck: New page: Map Check
[2017.10.22-12.20.30:811][  0]LightingResults: New page: Lighting Build
[2017.10.22-12.20.31:981][  0]LogClass:Warning: Enum '/Game/Vive/Blueprints/Enum_GameStatus.Enum_GameStatus' was upgraded to use FText to store its display name data. Please re-save this asset to avoid issues with localization and determinstic cooking.
[2017.10.22-12.20.32:187][  0]LogAIModule: Creating AISystem for world default
[2017.10.22-12.20.32:287][  0]LogEditorServer: Finished looking for orphan Actors (0.000 secs)
[2017.10.22-12.20.32:356][  0]Cmd: MAP CHECKDEP NOCLEARLOG
[2017.10.22-12.20.32:392][  0]MapCheck: Info Map check complete: 0 Error(s), 0 Warning(s), took 36.105ms to complete.
[2017.10.22-12.20.32:393][  0]LogFileHelpers: Loading map 'default' took 1.610
[2017.10.22-12.20.32:439][  0]LogWindowsTextInputMethodSystem:Display: IME system now deactivated.
[2017.10.22-12.20.32:529][  0]LogCollectionManager: Loaded 0 collections in 0.001842 seconds
[2017.10.22-12.20.32:593][  0]LogFileCache: Scanning file cache for directory 'D:/CGDefunct/CastleGuardPhase2Backup 10 22 17/CastleGuard Today/CastleGuardPhase2/CastleGuardReborn/Saved/Collections/' took 0.01s
[2017.10.22-12.20.32:593][  0]LogFileCache: Scanning file cache for directory 'D:/CGDefunct/CastleGuardPhase2Backup 10 22 17/CastleGuard Today/CastleGuardPhase2/CastleGuardReborn/Content/Developers/studentuser/Collections/' took 0.01s
[2017.10.22-12.20.32:593][  0]LogFileCache: Scanning file cache for directory 'D:/CGDefunct/CastleGuardPhase2Backup 10 22 17/CastleGuard Today/CastleGuardPhase2/CastleGuardReborn/Content/Collections/' took 0.01s
[2017.10.22-12.20.32:593][  0]LogCollectionManager: Rebuilt the GUID cache for 0 collections in 0.000001 seconds
[2017.10.22-12.20.32:599][  0]LogContentBrowser: Native class hierarchy populated in 0.0064 seconds. Added 2330 classes and 494 folders.
[2017.10.22-12.20.32:645][  0]LogContentBrowser: Native class hierarchy updated for 'WidgetCarousel' in 0.0004 seconds. Added 0 classes and 0 folders.
[2017.10.22-12.20.32:667][  0]LogContentBrowser: Native class hierarchy updated for 'AddContentDialog' in 0.0004 seconds. Added 0 classes and 0 folders.
[2017.10.22-12.20.32:699][  0]LogContentBrowser: Native class hierarchy updated for 'SceneOutliner' in 0.0004 seconds. Added 1 classes and 2 folders.
[2017.10.22-12.20.32:728][  0]LogCrashTracker: Crashtracker disabled due to settings.
[2017.10.22-12.20.33:403][  0]LogSlate: Only BGRA pngs, bmps or icos are supported in by External Image Picker
[2017.10.22-12.20.33:424][  0]LogSlate: Took 0.000383 seconds to synchronously load lazily loaded font '../../../Engine/Content/Slate/Fonts/Roboto-Regular.ttf' (155K)
[2017.10.22-12.20.33:427][  0]LogSlate: Took 0.000330 seconds to synchronously load lazily loaded font '../../../Engine/Content/Slate/Fonts/Roboto-Bold.ttf' (160K)
[2017.10.22-12.20.33:432][  0]LogTemp: Executing iPhonePackager certificates Engine -bundlename com.YourCompany.CastleGuardReborn
[2017.10.22-12.20.33:432][  0]LogTemp: CWD: C:\Program Files\Epic Games\UE_4.16\Engine\Binaries\DotNET\IOS
[2017.10.22-12.20.33:432][  0]LogTemp: Initial Dir: C:\Program Files\Epic Games\UE_4.16
[2017.10.22-12.20.33:432][  0]LogTemp: Env CWD: C:\Program Files\Epic Games\UE_4.16\Engine\Binaries\DotNET\IOS
[2017.10.22-12.20.33:432][  0]LogTemp: BranchPath = LCIVAN-238-00/C/Program Files/Epic Games/UE_4.16/Engine/Binaries --- GameBranchPath = LCIVAN-238-00/C/Program Files/Epic Games/UE_4.16/Engine/Binaries
[2017.10.22-12.20.33:432][  0]LogSlate: Took 0.000182 seconds to synchronously load lazily loaded font '../../../Engine/Content/Editor/Slate/Fonts/FontAwesome.ttf' (139K)
[2017.10.22-12.20.33:503][  0]LogTemp: IPP ERROR: Could not find provision directory 'C:\Users\studentuser\AppData\Local/Apple Computer/MobileDevice/Provisioning Profiles/'.
[2017.10.22-12.20.33:504][  0]LogRenderer: Reallocating scene render targets to support 1196x576 NumSamples 1 (Frame:1).
[2017.10.22-12.20.33:594][  0]LogUObjectGlobals:Warning: Failed to find object 'Class None.'
[2017.10.22-12.20.33:647][  0]LogContentBrowser: Native class hierarchy updated for 'HierarchicalLODOutliner' in 0.0004 seconds. Added 1 classes and 2 folders.
[2017.10.22-12.20.33:647][  0]LogLoad: (Engine Initialization) Total time: 14.53 seconds
[2017.10.22-12.20.33:647][  0]LogLoad: (Engine Initialization) Total Blueprint compile time: 0.44 seconds
[2017.10.22-12.20.33:647][  0]LogExternalProfiler: Found external profiler: VSPerf
[2017.10.22-12.20.33:647][  0]LogExternalProfiler: Using external profiler: VSPerf
[2017.10.22-12.20.33:658][  0]LogOcInput: OculusInput pre-init called
[2017.10.22-12.20.33:658][  0]LogHMD: Starting GearVRController plugin
[2017.10.22-12.20.33:658][  0]LogSteamVRController: Controller role for device 1 is 2 (invalid=0, left=1, right=2).
[2017.10.22-12.20.33:658][  0]LogSteamVRController:Warning: Controller device 1 is being assigned to its prefered role 'right'.
[2017.10.22-12.20.33:658][  0]LogSteamVRController: Controller device 1 is being assigned unreal hand 1 (left=0, right=1).
[2017.10.22-12.20.33:675][  0]LogAssetRegistry: Asset discovery search completed in 9.5454 seconds
[2017.10.22-12.20.33:677][  0]LogCollectionManager: Rebuilt the object cache for 0 collections in 0.000001 seconds (found 0 objects)
[2017.10.22-12.20.33:677][  0]LogCollectionManager: Fixed up redirectors for 0 collections in 0.000027 seconds (updated 0 objects)
[2017.10.22-12.20.33:680][  0]LogContentStreaming: Texture pool size now 1000 MB
[2017.10.22-12.20.33:741][  0]LogSlate: Took 0.000154 seconds to synchronously load lazily loaded font '../../../Engine/Content/Slate/Fonts/Roboto-Light.ttf' (159K)
[2017.10.22-12.20.34:672][101]LogSlate: Took 0.000139 seconds to synchronously load lazily loaded font '../../../Engine/Content/Slate/Fonts/Roboto-Light.ttf' (159K)
[2017.10.22-12.20.44:001][897]LogTemp: Repeting last play command: Simulate
[2017.10.22-12.20.44:043][897]LogBlueprintUserMessages: Early PlayInEditor Detection: Level '/Game/Vive/Maps/default.default:PersistentLevel' has LevelScriptBlueprint '/Game/Vive/Maps/default.default:PersistentLevel.default' with GeneratedClass '/Game/Vive/Maps/default.default_C' with ClassGeneratedBy '/Game/Vive/Maps/default.default:PersistentLevel.default'
[2017.10.22-12.20.44:043][897]LogPlayLevel: PlayLevel: No blueprints needed recompiling
[2017.10.22-12.20.44:044][897]PIE: New page: SIE session: default (Oct 21, 2017, 10:20:44 PM)
[2017.10.22-12.20.44:044][897]LogPlayLevel: Creating play world package: /Game/Vive/Maps/UEDPIE_0_default
[2017.10.22-12.20.44:180][897]LogPlayLevel: PIE: StaticDuplicateObject took: (0.136190s)
[2017.10.22-12.20.44:181][897]LogAIModule: Creating AISystem for world default
[2017.10.22-12.20.44:181][897]LogPlayLevel: PIE: World Init took: (0.000987s)
[2017.10.22-12.20.44:182][897]LogPlayLevel: PIE: Created PIE world by copying editor world from /Game/Vive/Maps/default.default to /Game/Vive/Maps/UEDPIE_0_default.default (0.137808s)
[2017.10.22-12.20.44:196][897]LogInit: XAudio2 using 'Speakers / Headphones (Realtek Audio)' : 2 channels at 48 kHz using 32 bits per sample (channel mask 0x3)
[2017.10.22-12.20.44:208][897]LogInit: FAudioDevice initialized.
[2017.10.22-12.20.44:251][897]LogLoad: Game class is 'ViveGameMode_C'
[2017.10.22-12.20.44:261][897]LogWorld: Bringing World /Game/Vive/Maps/UEDPIE_0_default.default up for play (max tick rate 0) at 2017.10.22-05.20.44
[2017.10.22-12.20.44:262][897]LogWorld: Bringing up level for play took: 0.009068
[2017.10.22-12.20.44:262][897]LogGameMode: FindPlayerStart: PATHS NOT DEFINED or NO PLAYERSTART with positive rating
[2017.10.22-12.20.44:291][897]LogContentBrowser: Native class hierarchy updated for 'MovieSceneCapture' in 0.0004 seconds. Added 11 classes and 0 folders.
[2017.10.22-12.20.44:291][897]LogGameMode:Display: Match State Changed from EnteringMap to WaitingToStart
[2017.10.22-12.20.44:295][897]LogGameState: Match State Changed from EnteringMap to WaitingToStart
[2017.10.22-12.20.44:295][897]PIE: Info Play in editor start time for /Game/Vive/Maps/UEDPIE_0_default 1.159
[2017.10.22-12.20.44:300][897]LogBlueprintUserMessages: Late PlayInEditor Detection: Level '/Game/Vive/Maps/default.default:PersistentLevel' has LevelScriptBlueprint '/Game/Vive/Maps/default.default:PersistentLevel.default' with GeneratedClass '/Game/Vive/Maps/default.default_C' with ClassGeneratedBy '/Game/Vive/Maps/default.default:PersistentLevel.default'
[2017.10.22-12.20.45:657][ 53]LogBlueprintUserMessages: [Catapult_C_0] Handle1
[2017.10.22-12.20.45:657][ 53]LogScript:Warning: Accessed None trying to read property Catapult
	SoldierAI_C /Game/Vive/Maps/UEDPIE_0_default.default:PersistentLevel.SoldierAI_C_0
	Function /Game/Vive/Blueprints/AI/SoldierAI/SoldierAI.SoldierAI_C:ExecuteUbergraph_SoldierAI:0D92
[2017.10.22-12.20.45:657][ 53]PIE:Error: Error Blueprint Runtime Error: Accessed None trying to read property Catapult from function: 'ExecuteUbergraph_SoldierAI' from node: Branch in graph: EventGraph in object: SoldierAI with description: Accessed None trying to read property Catapult
[2017.10.22-12.20.45:874][ 79]LogBlueprintUserMessages: [Catapult_C_0] Handle2
[2017.10.22-12.20.49:804][547]LogBlueprintUserMessages: [BatteringRamOld_C_0] Handle1
[2017.10.22-12.20.50:115][582]LogBlueprintUserMessages: [BatteringRamOld_C_0] Handle2
[2017.10.22-12.20.50:843][650]Cmd: CAMERA ALIGN ACTIVEVIEWPORTONLY
[2017.10.22-12.20.52:764][836]LogEditorViewport: Clicking on Actor (LMB): Vive_Pawn_C (Vive_Pawn)
[2017.10.22-12.20.53:835][941]LogBlueprintUserMessages: [Catapult_C_1] Handle1
[2017.10.22-12.20.53:836][941]LogScript:Warning: Accessed None trying to read property Catapult
	SoldierAI_C /Game/Vive/Maps/UEDPIE_0_default.default:PersistentLevel.SoldierAI_C_4
	Function /Game/Vive/Blueprints/AI/SoldierAI/SoldierAI.SoldierAI_C:ExecuteUbergraph_SoldierAI:0D92
[2017.10.22-12.20.53:836][941]PIE:Error: Error Blueprint Runtime Error: Accessed None trying to read property Catapult from function: 'ExecuteUbergraph_SoldierAI' from node: Branch in graph: EventGraph in object: SoldierAI with description: Accessed None trying to read property Catapult
[2017.10.22-12.20.54:057][960]LogBlueprintUserMessages: [Catapult_C_1] Handle2
[2017.10.22-12.20.58:049][356]LogBlueprintUserMessages: [BatteringRamOld_C_1] Handle1
[2017.10.22-12.20.58:269][374]LogBlueprintUserMessages: [BatteringRamOld_C_1] Handle2
[2017.10.22-12.21.12:427][  9]LogScriptCore:Warning: Script Msg: Attempted to access index 0 from array CallFunc_GetAllActorsOfClass_OutActors of length 0!
[2017.10.22-12.21.12:427][  9]LogScript:Warning: Accessed None trying to read property CallFunc_Array_Get_Item
	ArcherAIArrow_C /Engine/Transient.World_9:PersistentLevel.ArcherAIArrow_C_0
	Function /Game/Vive/Blueprints/AI/ArcherAIArrow.ArcherAIArrow_C:UserConstructionScript:00C8
[2017.10.22-12.21.12:427][  9]LogScript:Warning: Accessed None
	ArcherAIArrow_C /Engine/Transient.World_9:PersistentLevel.ArcherAIArrow_C_0
	Function /Game/Vive/Blueprints/AI/ArcherAIArrow.ArcherAIArrow_C:UserConstructionScript:00DD
[2017.10.22-12.21.13:697][130]LogContentBrowser: Native class hierarchy updated for 'BlueprintGraph' in 0.0006 seconds. Added 112 classes and 0 folders.
[2017.10.22-12.21.14:132][130]LogScriptCore:Warning: Script Msg: Attempted to access index 0 from array CallFunc_GetAllActorsOfClass_OutActors of length 0!
[2017.10.22-12.21.14:132][130]LogScript:Warning: Accessed None trying to read property CallFunc_Array_Get_Item
	ArcherAIArrow_C /Engine/Transient.World_10:PersistentLevel.ArcherAIArrow_C_1
	Function /Game/Vive/Blueprints/AI/ArcherAIArrow.ArcherAIArrow_C:UserConstructionScript:00C8
[2017.10.22-12.21.14:132][130]LogScript:Warning: Accessed None
	ArcherAIArrow_C /Engine/Transient.World_10:PersistentLevel.ArcherAIArrow_C_1
	Function /Game/Vive/Blueprints/AI/ArcherAIArrow.ArcherAIArrow_C:UserConstructionScript:00DD
[2017.10.22-12.21.14:140][130]LogSlate: Took 0.002875 seconds to synchronously load lazily loaded font '../../../Engine/Content/Editor/Slate/Fonts/Roboto-BoldCondensed.ttf' (158K)
[2017.10.22-12.21.14:217][131]LogSlate: Took 0.002897 seconds to synchronously load lazily loaded font '../../../Engine/Content/Editor/Slate/Fonts/Roboto-Italic.ttf' (157K)
[2017.10.22-12.21.38:318][393]LogEditorViewport: Clicking on Actor (LMB): BatteringRamOld_C (BatteringRamOld)
[2017.10.22-12.21.40:143][544]LogEditorViewport: Clicking on Actor (LMB): SoldierAI_C (SoldierAI4)
[2017.10.22-12.21.40:523][567]LogEditorViewport: Clicking on Actor (LMB): Catapult_C (Catapult1)
[2017.10.22-12.21.47:913][148]LogBlueprintUserMessages: [Catapult_C_1] Position is taken, cycle through next
[2017.10.22-12.21.52:681][502]LogBlueprintUserMessages: [ArcherAttackPosition5_1030] End Overlap
[2017.10.22-12.21.53:842][585]LogBlueprintUserMessages: [CatapultAttackPositions_71] End Overlap
[2017.10.22-12.22.06:143][509]LogBlueprintUserMessages: [BatteringRamAttackPosition2_398] Ram Damage
[2017.10.22-12.22.09:042][792]LogBlueprintUserMessages: Early EndPlayMap Detection: Level '/Game/Vive/Maps/default.default:PersistentLevel' has LevelScriptBlueprint '/Game/Vive/Maps/default.default:PersistentLevel.default' with GeneratedClass '/Game/Vive/Maps/default.default_C' with ClassGeneratedBy '/Game/Vive/Maps/default.default:PersistentLevel.default'
[2017.10.22-12.22.09:081][792]LogBlueprintUserMessages: Late EndPlayMap Detection: Level '/Game/Vive/Maps/default.default:PersistentLevel' has LevelScriptBlueprint '/Game/Vive/Maps/default.default:PersistentLevel.default' with GeneratedClass '/Game/Vive/Maps/default.default_C' with ClassGeneratedBy '/Game/Vive/Maps/default.default:PersistentLevel.default'
[2017.10.22-12.22.16:120][628]LogEditorViewport: Clicking on Actor (LMB): Vive_Pawn_C (Vive_Pawn)
[2017.10.22-12.22.20:103][101]LogSlate: Took 0.000093 seconds to synchronously load lazily loaded font '../../../Engine/Content/Slate/Fonts/Roboto-Light.ttf' (159K)
[2017.10.22-12.24.49:664][958]BlueprintLog: New page: Compile ArcherAIArrow
[2017.10.22-12.24.49:696][958]LogScriptCore:Warning: Script Msg: Attempted to access index 0 from array CallFunc_GetAllActorsOfClass_OutActors of length 0!
[2017.10.22-12.24.49:696][958]LogScript:Warning: Accessed None trying to read property CallFunc_Array_Get_Item
	ArcherAIArrow_C /Engine/Transient.World_9:PersistentLevel.ArcherAIArrow_C_0
	Function /Game/Vive/Blueprints/AI/ArcherAIArrow.ArcherAIArrow_C:UserConstructionScript:00C8
[2017.10.22-12.24.49:697][958]LogScript:Warning: Accessed None
	ArcherAIArrow_C /Engine/Transient.World_9:PersistentLevel.ArcherAIArrow_C_0
	Function /Game/Vive/Blueprints/AI/ArcherAIArrow.ArcherAIArrow_C:UserConstructionScript:00DD
[2017.10.22-12.24.49:697][958]LogScriptCore:Warning: Script Msg: Attempted to access index 0 from array CallFunc_GetAllActorsOfClass_OutActors of length 0!
[2017.10.22-12.24.49:697][958]LogScript:Warning: Accessed None trying to read property CallFunc_Array_Get_Item
	ArcherAIArrow_C /Engine/Transient.World_10:PersistentLevel.ArcherAIArrow_C_1
	Function /Game/Vive/Blueprints/AI/ArcherAIArrow.ArcherAIArrow_C:UserConstructionScript:00C8
[2017.10.22-12.24.49:697][958]LogScript:Warning: Accessed None
	ArcherAIArrow_C /Engine/Transient.World_10:PersistentLevel.ArcherAIArrow_C_1
	Function /Game/Vive/Blueprints/AI/ArcherAIArrow.ArcherAIArrow_C:UserConstructionScript:00DD
[2017.10.22-12.24.49:785][958]LogScriptCore:Warning: Script Msg: Attempted to access index 0 from array CallFunc_GetAllActorsOfClass_OutActors of length 0!
[2017.10.22-12.24.49:785][958]LogScript:Warning: Accessed None trying to read property CallFunc_Array_Get_Item
	ArcherAIArrow_C /Engine/Transient.World_9:PersistentLevel.ArcherAIArrow_C_0
	Function /Game/Vive/Blueprints/AI/ArcherAIArrow.ArcherAIArrow_C:UserConstructionScript:00C8
[2017.10.22-12.24.49:785][958]LogScript:Warning: Accessed None
	ArcherAIArrow_C /Engine/Transient.World_9:PersistentLevel.ArcherAIArrow_C_0
	Function /Game/Vive/Blueprints/AI/ArcherAIArrow.ArcherAIArrow_C:UserConstructionScript:00DD
[2017.10.22-12.24.49:786][958]LogScriptCore:Warning: Script Msg: Attempted to access index 0 from array CallFunc_GetAllActorsOfClass_OutActors of length 0!
[2017.10.22-12.24.49:786][958]LogScript:Warning: Accessed None trying to read property CallFunc_Array_Get_Item
	ArcherAIArrow_C /Engine/Transient.World_10:PersistentLevel.ArcherAIArrow_C_1
	Function /Game/Vive/Blueprints/AI/ArcherAIArrow.ArcherAIArrow_C:UserConstructionScript:00C8
[2017.10.22-12.24.49:786][958]LogScript:Warning: Accessed None
	ArcherAIArrow_C /Engine/Transient.World_10:PersistentLevel.ArcherAIArrow_C_1
	Function /Game/Vive/Blueprints/AI/ArcherAIArrow.ArcherAIArrow_C:UserConstructionScript:00DD
[2017.10.22-12.24.50:599][ 42]LogSavePackage: Save=78.09ms
[2017.10.22-12.24.50:599][ 42]LogSavePackage: Moving 'D:/CGDefunct/CastleGuardPhase2Backup 10 22 17/CastleGuard Today/CastleGuardPhase2/CastleGuardReborn/Saved/ArcherAIArrowFCF3E2024256213B587ED28C61620083.tmp' to 'D:/CGDefunct/CastleGuardPhase2Backup 10 22 17/CastleGuard Today/CastleGuardPhase2/CastleGuardReborn/Content/Vive/Blueprints/AI/ArcherAIArrow.uasset'
[2017.10.22-12.24.50:600][ 42]LogSavePackage:Display: Finished SavePackage D:/CGDefunct/CastleGuardPhase2Backup 10 22 17/CastleGuard Today/CastleGuardPhase2/CastleGuardReborn/Content/Vive/Blueprints/AI/ArcherAIArrow.uasset
[2017.10.22-12.25.27:629][925]BlueprintLog: New page: Compile ArcherAIArrow
[2017.10.22-12.25.27:656][925]LogScriptCore:Warning: Script Msg: Attempted to access index 0 from array CallFunc_GetAllActorsOfClass_OutActors of length 0!
[2017.10.22-12.25.27:656][925]LogScript:Warning: Accessed None trying to read property CallFunc_Array_Get_Item
	ArcherAIArrow_C /Engine/Transient.World_9:PersistentLevel.ArcherAIArrow_C_0
	Function /Game/Vive/Blueprints/AI/ArcherAIArrow.ArcherAIArrow_C:UserConstructionScript:00C8
[2017.10.22-12.25.27:656][925]LogScript:Warning: Accessed None
	ArcherAIArrow_C /Engine/Transient.World_9:PersistentLevel.ArcherAIArrow_C_0
	Function /Game/Vive/Blueprints/AI/ArcherAIArrow.ArcherAIArrow_C:UserConstructionScript:00DD
[2017.10.22-12.25.27:656][925]LogScriptCore:Warning: Script Msg: Attempted to access index 0 from array CallFunc_GetAllActorsOfClass_OutActors of length 0!
[2017.10.22-12.25.27:656][925]LogScript:Warning: Accessed None trying to read property CallFunc_Array_Get_Item
	ArcherAIArrow_C /Engine/Transient.World_10:PersistentLevel.ArcherAIArrow_C_1
	Function /Game/Vive/Blueprints/AI/ArcherAIArrow.ArcherAIArrow_C:UserConstructionScript:00C8
[2017.10.22-12.25.27:656][925]LogScript:Warning: Accessed None
	ArcherAIArrow_C /Engine/Transient.World_10:PersistentLevel.ArcherAIArrow_C_1
	Function /Game/Vive/Blueprints/AI/ArcherAIArrow.ArcherAIArrow_C:UserConstructionScript:00DD
[2017.10.22-12.25.27:741][925]LogScriptCore:Warning: Script Msg: Attempted to access index 0 from array CallFunc_GetAllActorsOfClass_OutActors of length 0!
[2017.10.22-12.25.27:741][925]LogScript:Warning: Accessed None trying to read property CallFunc_Array_Get_Item
	ArcherAIArrow_C /Engine/Transient.World_9:PersistentLevel.ArcherAIArrow_C_0
	Function /Game/Vive/Blueprints/AI/ArcherAIArrow.ArcherAIArrow_C:UserConstructionScript:00C8
[2017.10.22-12.25.27:741][925]LogScript:Warning: Accessed None
	ArcherAIArrow_C /Engine/Transient.World_9:PersistentLevel.ArcherAIArrow_C_0
	Function /Game/Vive/Blueprints/AI/ArcherAIArrow.ArcherAIArrow_C:UserConstructionScript:00DD
[2017.10.22-12.25.27:741][925]LogScriptCore:Warning: Script Msg: Attempted to access index 0 from array CallFunc_GetAllActorsOfClass_OutActors of length 0!
[2017.10.22-12.25.27:741][925]LogScript:Warning: Accessed None trying to read property CallFunc_Array_Get_Item
	ArcherAIArrow_C /Engine/Transient.World_10:PersistentLevel.ArcherAIArrow_C_1
	Function /Game/Vive/Blueprints/AI/ArcherAIArrow.ArcherAIArrow_C:UserConstructionScript:00C8
[2017.10.22-12.25.27:741][925]LogScript:Warning: Accessed None
	ArcherAIArrow_C /Engine/Transient.World_10:PersistentLevel.ArcherAIArrow_C_1
	Function /Game/Vive/Blueprints/AI/ArcherAIArrow.ArcherAIArrow_C:UserConstructionScript:00DD
[2017.10.22-12.25.29:164][ 95]LogTemp: Repeting last play command: Simulate
[2017.10.22-12.25.29:188][ 95]LogBlueprintUserMessages: Early PlayInEditor Detection: Level '/Game/Vive/Maps/default.default:PersistentLevel' has LevelScriptBlueprint '/Game/Vive/Maps/default.default:PersistentLevel.default' with GeneratedClass '/Game/Vive/Maps/default.default_C' with ClassGeneratedBy '/Game/Vive/Maps/default.default:PersistentLevel.default'
[2017.10.22-12.25.29:188][ 95]LogPlayLevel: PlayLevel: No blueprints needed recompiling
[2017.10.22-12.25.29:188][ 95]PIE: New page: SIE session: default (Oct 21, 2017, 10:25:29 PM)
[2017.10.22-12.25.29:188][ 95]LogPlayLevel: Creating play world package: /Game/Vive/Maps/UEDPIE_0_default
[2017.10.22-12.25.29:321][ 95]LogPlayLevel: PIE: StaticDuplicateObject took: (0.132758s)
[2017.10.22-12.25.29:322][ 95]LogAIModule: Creating AISystem for world default
[2017.10.22-12.25.29:322][ 95]LogPlayLevel: PIE: World Init took: (0.000887s)
[2017.10.22-12.25.29:322][ 95]LogPlayLevel: PIE: Created PIE world by copying editor world from /Game/Vive/Maps/default.default to /Game/Vive/Maps/UEDPIE_0_default.default (0.134141s)
[2017.10.22-12.25.29:343][ 95]LogInit: XAudio2 using 'Speakers / Headphones (Realtek Audio)' : 2 channels at 48 kHz using 32 bits per sample (channel mask 0x3)
[2017.10.22-12.25.29:355][ 95]LogInit: FAudioDevice initialized.
[2017.10.22-12.25.29:389][ 95]LogLoad: Game class is 'ViveGameMode_C'
[2017.10.22-12.25.29:398][ 95]LogWorld: Bringing World /Game/Vive/Maps/UEDPIE_0_default.default up for play (max tick rate 0) at 2017.10.22-05.25.29
[2017.10.22-12.25.29:399][ 95]LogWorld: Bringing up level for play took: 0.009327
[2017.10.22-12.25.29:399][ 95]LogGameMode: FindPlayerStart: PATHS NOT DEFINED or NO PLAYERSTART with positive rating
[2017.10.22-12.25.29:399][ 95]LogGameMode:Display: Match State Changed from EnteringMap to WaitingToStart
[2017.10.22-12.25.29:402][ 95]LogGameState: Match State Changed from EnteringMap to WaitingToStart
[2017.10.22-12.25.29:402][ 95]PIE: Info Play in editor start time for /Game/Vive/Maps/UEDPIE_0_default 0.267
[2017.10.22-12.25.29:409][ 95]LogBlueprintUserMessages: Late PlayInEditor Detection: Level '/Game/Vive/Maps/default.default:PersistentLevel' has LevelScriptBlueprint '/Game/Vive/Maps/default.default:PersistentLevel.default' with GeneratedClass '/Game/Vive/Maps/default.default_C' with ClassGeneratedBy '/Game/Vive/Maps/default.default:PersistentLevel.default'
[2017.10.22-12.25.30:919][267]LogBlueprintUserMessages: [Catapult_C_0] Handle1
[2017.10.22-12.25.30:919][267]LogScript:Warning: Accessed None trying to read property Catapult
	SoldierAI_C /Game/Vive/Maps/UEDPIE_0_default.default:PersistentLevel.SoldierAI_C_0
	Function /Game/Vive/Blueprints/AI/SoldierAI/SoldierAI.SoldierAI_C:ExecuteUbergraph_SoldierAI:0D92
[2017.10.22-12.25.30:919][267]PIE:Error: Error Blueprint Runtime Error: Accessed None trying to read property Catapult from function: 'ExecuteUbergraph_SoldierAI' from node: Branch in graph: EventGraph in object: SoldierAI with description: Accessed None trying to read property Catapult
[2017.10.22-12.25.31:136][293]LogBlueprintUserMessages: [Catapult_C_0] Handle2
[2017.10.22-12.25.32:436][438]LogSavePackage: Save=80.50ms
[2017.10.22-12.25.32:436][438]LogSavePackage: Moving 'D:/CGDefunct/CastleGuardPhase2Backup 10 22 17/CastleGuard Today/CastleGuardPhase2/CastleGuardReborn/Saved/ArcherAIArrow1F4E83534FC1C4860D480BBE4ABA6F14.tmp' to 'D:/CGDefunct/CastleGuardPhase2Backup 10 22 17/CastleGuard Today/CastleGuardPhase2/CastleGuardReborn/Content/Vive/Blueprints/AI/ArcherAIArrow.uasset'
[2017.10.22-12.25.32:438][438]LogSavePackage:Display: Finished SavePackage D:/CGDefunct/CastleGuardPhase2Backup 10 22 17/CastleGuard Today/CastleGuardPhase2/CastleGuardReborn/Content/Vive/Blueprints/AI/ArcherAIArrow.uasset
[2017.10.22-12.25.35:584][689]LogBlueprintUserMessages: [BatteringRamOld_C_0] Handle1
[2017.10.22-12.25.35:585][689]LogBlueprintUserMessages: [BatteringRamOld_C_0] Handle2
[2017.10.22-12.25.39:918][702]LogBlueprintUserMessages: [Catapult_C_1] Handle1
[2017.10.22-12.25.39:918][702]LogScript:Warning: Accessed None trying to read property Catapult
	SoldierAI_C /Game/Vive/Maps/UEDPIE_0_default.default:PersistentLevel.SoldierAI_C_4
	Function /Game/Vive/Blueprints/AI/SoldierAI/SoldierAI.SoldierAI_C:ExecuteUbergraph_SoldierAI:0D92
[2017.10.22-12.25.39:918][702]PIE:Error: Error Blueprint Runtime Error: Accessed None trying to read property Catapult from function: 'ExecuteUbergraph_SoldierAI' from node: Branch in graph: EventGraph in object: SoldierAI with description: Accessed None trying to read property Catapult
[2017.10.22-12.25.40:251][703]LogBlueprintUserMessages: [Catapult_C_1] Handle2
[2017.10.22-12.25.43:918][714]LogBlueprintUserMessages: [BatteringRamOld_C_1] Handle1
[2017.10.22-12.25.44:251][715]LogBlueprintUserMessages: [BatteringRamOld_C_1] Handle2
[2017.10.22-12.26.32:918][861]LogScript:Warning: Accessed None trying to read property Catapult
	SoldierAI_C /Game/Vive/Maps/UEDPIE_0_default.default:PersistentLevel.SoldierAI_C_8
	Function /Game/Vive/Blueprints/AI/SoldierAI/SoldierAI.SoldierAI_C:ExecuteUbergraph_SoldierAI:0D92
[2017.10.22-12.26.32:918][861]PIE:Error: Error Blueprint Runtime Error: Accessed None trying to read property Catapult from function: 'ExecuteUbergraph_SoldierAI' from node: Branch in graph: EventGraph in object: SoldierAI with description: Accessed None trying to read property Catapult
[2017.10.22-12.26.34:917][867]LogBlueprintUserMessages: [ArcherAttackPosition3_600] End Overlap
[2017.10.22-12.26.38:584][878]LogBlueprintUserMessages: [ArcherAttackPosition4_775] End Overlap
[2017.10.22-12.42.31:213][850]LogBlueprintUserMessages: [ArcherAIArrow_C_1147] ArrowHitPlayer
[2017.10.22-12.42.31:213][850]LogBlueprintUserMessages: [ArcherAIArrow_C_1147] 75.0
[2017.10.22-12.42.32:260][919]LogBlueprintUserMessages: [ArcherAIArrow_C_1148] ArrowHitPlayer
[2017.10.22-12.42.32:260][919]LogBlueprintUserMessages: [ArcherAIArrow_C_1148] 50.0
[2017.10.22-12.42.32:859][959]LogBlueprintUserMessages: [ArcherAIArrow_C_1149] ArrowHitPlayer
[2017.10.22-12.42.32:859][959]LogBlueprintUserMessages: [ArcherAIArrow_C_1149] 25.0
[2017.10.22-12.42.33:245][985]LogBlueprintUserMessages: [ArcherAIArrow_C_1150] ArrowHitPlayer
[2017.10.22-12.42.33:245][985]LogBlueprintUserMessages: [ArcherAIArrow_C_1150] 0.0
[2017.10.22-12.42.34:209][ 74]LogBlueprintUserMessages: [ArcherAIArrow_C_1151] ArrowHitPlayer
[2017.10.22-12.42.34:210][ 74]LogBlueprintUserMessages: [ArcherAIArrow_C_1151] -25.0
[2017.10.22-12.42.34:537][103]LogBlueprintUserMessages: [ArcherAIArrow_C_1152] ArrowHitPlayer
[2017.10.22-12.42.34:537][103]LogBlueprintUserMessages: [ArcherAIArrow_C_1152] -50.0
[2017.10.22-12.42.37:079][318]LogBlueprintUserMessages: Early EndPlayMap Detection: Level '/Game/Vive/Maps/default.default:PersistentLevel' has LevelScriptBlueprint '/Game/Vive/Maps/default.default:PersistentLevel.default' with GeneratedClass '/Game/Vive/Maps/default.default_C' with ClassGeneratedBy '/Game/Vive/Maps/default.default:PersistentLevel.default'
[2017.10.22-12.42.37:123][318]LogBlueprintUserMessages: Late EndPlayMap Detection: Level '/Game/Vive/Maps/default.default:PersistentLevel' has LevelScriptBlueprint '/Game/Vive/Maps/default.default:PersistentLevel.default' with GeneratedClass '/Game/Vive/Maps/default.default_C' with ClassGeneratedBy '/Game/Vive/Maps/default.default:PersistentLevel.default'
[2017.10.22-13.11.34:357][755]LogActorComponent: UnregisterComponent: (/Engine/Transient.EditorFloorComp) Not registered. Aborting.
[2017.10.22-13.11.34:419][755]LogWindowsTextInputMethodSystem:Display: IME system now deactivated.
[2017.10.22-13.11.34:690][756]Cmd: QUIT_EDITOR
[2017.10.22-13.11.34:736][756]LogExit: Preparing to exit.
[2017.10.22-13.11.35:408][756]LogExit: Editor shut down
[2017.10.22-13.11.35:433][756]LogExit: Transaction tracking system shut down
[2017.10.22-13.11.35:620][756]LogObj: Freed 0b from 0 cluster array pools.
[2017.10.22-13.11.35:621][756]LogExit: Object subsystem successfully closed.
[2017.10.22-13.11.35:660][756]LogD3D11RHI: Shutdown
[2017.10.22-13.11.35:660][756]LogD3D11RHI: CleanupD3DDevice
[2017.10.22-13.11.35:737][756]LogD3D11RHI: ~FD3D11DynamicRHI
[2017.10.22-13.11.35:747][756]LogModuleManager: Shutting down and abandoning module BlueprintGraph (534)
[2017.10.22-13.11.35:747][756]LogModuleManager: Shutting down and abandoning module BlueprintProfiler (532)
[2017.10.22-13.11.35:747][756]LogModuleManager: Shutting down and abandoning module MovieSceneCapture (530)
[2017.10.22-13.11.35:747][756]LogModuleManager: Shutting down and abandoning module HierarchicalLODOutliner (528)
[2017.10.22-13.11.35:747][756]LogModuleManager: Shutting down and abandoning module ExternalImagePicker (526)
[2017.10.22-13.11.35:747][756]LogModuleManager: Shutting down and abandoning module CrashTracker (524)
[2017.10.22-13.11.35:747][756]LogModuleManager: Shutting down and abandoning module SceneOutliner (522)
[2017.10.22-13.11.35:747][756]LogModuleManager: Shutting down and abandoning module AddContentDialog (520)
[2017.10.22-13.11.35:748][756]LogDirectoryWatcher: A directory notification for 'C:/Program Files/Epic Games/UE_4.16/FeaturePacks/' was aborted.
[2017.10.22-13.11.35:752][756]LogModuleManager: Shutting down and abandoning module WidgetCarousel (519)
[2017.10.22-13.11.35:752][756]LogModuleManager: Shutting down and abandoning module EditorWidgets (516)
[2017.10.22-13.11.35:752][756]LogModuleManager: Shutting down and abandoning module CollectionManager (514)
[2017.10.22-13.11.35:752][756]LogDirectoryWatcher: A directory notification for 'D:/CGDefunct/CastleGuardPhase2Backup 10 22 17/CastleGuard Today/CastleGuardPhase2/CastleGuardReborn/Content/Collections/' was aborted.
[2017.10.22-13.11.35:752][756]LogDirectoryWatcher: A directory notification for 'D:/CGDefunct/CastleGuardPhase2Backup 10 22 17/CastleGuard Today/CastleGuardPhase2/CastleGuardReborn/Content/Developers/studentuser/Collections/' was aborted.
[2017.10.22-13.11.35:752][756]LogDirectoryWatcher: A directory notification for 'D:/CGDefunct/CastleGuardPhase2Backup 10 22 17/CastleGuard Today/CastleGuardPhase2/CastleGuardReborn/Saved/Collections/' was aborted.
[2017.10.22-13.11.35:752][756]LogModuleManager: Shutting down and abandoning module WorldBrowser (512)
[2017.10.22-13.11.35:752][756]LogModuleManager: Shutting down and abandoning module StatsViewer (510)
[2017.10.22-13.11.35:752][756]LogModuleManager: Shutting down and abandoning module FoliageEdit (508)
[2017.10.22-13.11.35:752][756]LogModuleManager: Shutting down and abandoning module LandscapeEditor (506)
[2017.10.22-13.11.35:752][756]LogModuleManager: Shutting down and abandoning module MeshPaintMode (504)
[2017.10.22-13.11.35:752][756]LogModuleManager: Shutting down and abandoning module SceneDepthPickerMode (502)
[2017.10.22-13.11.35:752][756]LogModuleManager: Shutting down and abandoning module ActorPickerMode (500)
[2017.10.22-13.11.35:752][756]LogModuleManager: Shutting down and abandoning module GeometryMode (498)
[2017.10.22-13.11.35:752][756]LogModuleManager: Shutting down and abandoning module TextureAlignMode (496)
[2017.10.22-13.11.35:752][756]LogModuleManager: Shutting down and abandoning module BspMode (494)
[2017.10.22-13.11.35:752][756]LogModuleManager: Shutting down and abandoning module HardwareSurvey (492)
[2017.10.22-13.11.35:752][756]LogModuleManager: Shutting down and abandoning module SequenceRecorderSections (490)
[2017.10.22-13.11.35:752][756]LogModuleManager: Shutting down and abandoning module AutomationWorker (488)
[2017.10.22-13.11.35:752][756]LogModuleManager: Shutting down and abandoning module MatineeToLevelSequence (486)
[2017.10.22-13.11.35:752][756]LogModuleManager: Shutting down and abandoning module LevelSequenceEditor (484)
[2017.10.22-13.11.35:752][756]LogModuleManager: Shutting down and abandoning module PlacementMode (483)
[2017.10.22-13.11.35:753][756]LogModuleManager: Shutting down and abandoning module WmfMediaFactory (480)
[2017.10.22-13.11.35:753][756]LogModuleManager: Shutting down and abandoning module WmfMediaEditor (478)
[2017.10.22-13.11.35:753][756]LogModuleManager: Shutting down and abandoning module AvfMediaFactory (476)
[2017.10.22-13.11.35:753][756]LogModuleManager: Shutting down and abandoning module AvfMediaEditor (474)
[2017.10.22-13.11.35:753][756]LogModuleManager: Shutting down and abandoning module AndroidMediaFactory (472)
[2017.10.22-13.11.35:753][756]LogModuleManager: Shutting down and abandoning module Media (471)
[2017.10.22-13.11.35:753][756]LogModuleManager: Shutting down and abandoning module AndroidMediaEditor (468)
[2017.10.22-13.11.35:753][756]LogModuleManager: Shutting down and abandoning module CharacterAI (466)
[2017.10.22-13.11.35:753][756]LogModuleManager: Shutting down and abandoning module AudioCapture (464)
[2017.10.22-13.11.35:753][756]LogModuleManager: Shutting down and abandoning module SequenceRecorder (463)
[2017.10.22-13.11.35:753][756]LogModuleManager: Shutting down and abandoning module SmartSnapping (460)
[2017.10.22-13.11.35:753][756]LogModuleManager: Shutting down and abandoning module SessionServices (458)
[2017.10.22-13.11.35:753][756]LogModuleManager: Shutting down and abandoning module ViewportSnapping (456)
[2017.10.22-13.11.35:753][756]LogModuleManager: Shutting down and abandoning module ViewportInteraction (454)
[2017.10.22-13.11.35:753][756]LogModuleManager: Shutting down and abandoning module ClothPainter (452)
[2017.10.22-13.11.35:753][756]LogModuleManager: Shutting down and abandoning module LogVisualizer (450)
[2017.10.22-13.11.35:753][756]LogModuleManager: Shutting down and abandoning module IntroTutorials (448)
[2017.10.22-13.11.35:753][756]LogModuleManager: Shutting down and abandoning module GameProjectGeneration (447)
[2017.10.22-13.11.35:753][756]LogModuleManager: Shutting down and abandoning module EditorLiveStreaming (444)
[2017.10.22-13.11.35:753][756]LogModuleManager: Shutting down and abandoning module IOSPlatformEditor (442)
[2017.10.22-13.11.35:753][756]LogModuleManager: Shutting down and abandoning module HTML5PlatformEditor (440)
[2017.10.22-13.11.35:753][756]LogModuleManager: Shutting down and abandoning module AndroidPlatformEditor (438)
[2017.10.22-13.11.35:753][756]LogModuleManager: Shutting down and abandoning module AndroidDeviceDetection (437)
[2017.10.22-13.11.35:996][756]LogModuleManager: Shutting down and abandoning module IOSRuntimeSettings (434)
[2017.10.22-13.11.35:996][756]LogModuleManager: Shutting down and abandoning module AndroidRuntimeSettings (432)
[2017.10.22-13.11.35:996][756]LogModuleManager: Shutting down and abandoning module InputBindingEditor (430)
[2017.10.22-13.11.35:996][756]LogModuleManager: Shutting down and abandoning module MergeActors (428)
[2017.10.22-13.11.35:996][756]LogModuleManager: Shutting down and abandoning module SizeMap (426)
[2017.10.22-13.11.35:996][756]LogModuleManager: Shutting down and abandoning module TreeMap (424)
[2017.10.22-13.11.35:996][756]LogModuleManager: Shutting down and abandoning module ReferenceViewer (422)
[2017.10.22-13.11.35:996][756]LogModuleManager: Shutting down and abandoning module LocalizationDashboard (420)
[2017.10.22-13.11.35:996][756]LogModuleManager: Shutting down and abandoning module LocalizationService (419)
[2017.10.22-13.11.35:996][756]LogModuleManager: Shutting down and abandoning module HardwareTargeting (416)
[2017.10.22-13.11.35:996][756]LogModuleManager: Shutting down and abandoning module DeviceProfileEditor (414)
[2017.10.22-13.11.35:996][756]LogModuleManager: Shutting down and abandoning module UndoHistory (412)
[2017.10.22-13.11.35:996][756]LogModuleManager: Shutting down and abandoning module UserFeedback (410)
[2017.10.22-13.11.35:996][756]LogModuleManager: Shutting down and abandoning module XmlParser (408)
[2017.10.22-13.11.35:996][756]LogModuleManager: Shutting down and abandoning module Blutility (406)
[2017.10.22-13.11.35:996][756]LogModuleManager: Shutting down and abandoning module ProjectSettingsViewer (404)
[2017.10.22-13.11.35:996][756]LogModuleManager: Shutting down and abandoning module ProjectTargetPlatformEditor (403)
[2017.10.22-13.11.35:996][756]LogModuleManager: Shutting down and abandoning module EditorSettingsViewer (400)
[2017.10.22-13.11.35:996][756]LogModuleManager: Shutting down and abandoning module SettingsEditor (398)
[2017.10.22-13.11.35:996][756]LogModuleManager: Shutting down and abandoning module ProjectLauncher (396)
[2017.10.22-13.11.35:996][756]LogModuleManager: Shutting down and abandoning module SessionFrontend (394)
[2017.10.22-13.11.35:996][756]LogModuleManager: Shutting down and abandoning module ProfilerClient (392)
[2017.10.22-13.11.35:996][756]LogModuleManager: Shutting down and abandoning module DeviceManager (390)
[2017.10.22-13.11.35:996][756]LogModuleManager: Shutting down and abandoning module TargetDeviceServices (389)
[2017.10.22-13.11.36:060][756]LogModuleManager: Shutting down and abandoning module AutomationController (386)
[2017.10.22-13.11.36:060][756]LogModuleManager: Shutting down and abandoning module AutomationWindow (384)
[2017.10.22-13.11.36:060][756]LogModuleManager: Shutting down and abandoning module Layers (382)
[2017.10.22-13.11.36:060][756]LogModuleManager: Shutting down and abandoning module ComponentVisualizers (380)
[2017.10.22-13.11.36:060][756]LogModuleManager: Shutting down and abandoning module DetailCustomizations (378)
[2017.10.22-13.11.36:060][756]LogModuleManager: Shutting down and abandoning module PackagesDialog (376)
[2017.10.22-13.11.36:060][756]LogModuleManager: Shutting down and abandoning module Persona (374)
[2017.10.22-13.11.36:060][756]LogModuleManager: Shutting down and abandoning module AdvancedPreviewScene (373)
[2017.10.22-13.11.36:060][756]LogModuleManager: Shutting down and abandoning module AnimGraph (371)
[2017.10.22-13.11.36:060][756]LogModuleManager: Shutting down and abandoning module Kismet (368)
[2017.10.22-13.11.36:068][756]LogModuleManager: Shutting down and abandoning module ClassViewer (366)
[2017.10.22-13.11.36:068][756]LogModuleManager: Shutting down and abandoning module Toolbox (364)
[2017.10.22-13.11.36:068][756]LogModuleManager: Shutting down and abandoning module ModuleUI (362)
[2017.10.22-13.11.36:068][756]LogModuleManager: Shutting down and abandoning module MovieSceneTools (360)
[2017.10.22-13.11.36:068][756]LogModuleManager: Shutting down and abandoning module OutputLog (358)
[2017.10.22-13.11.36:068][756]LogModuleManager: Shutting down and abandoning module GammaUI (356)
[2017.10.22-13.11.36:068][756]LogModuleManager: Shutting down and abandoning module Documentation (354)
[2017.10.22-13.11.36:068][756]LogModuleManager: Shutting down and abandoning module MovieSceneTracks (352)
[2017.10.22-13.11.36:068][756]LogModuleManager: Shutting down and abandoning module MovieScene (350)
[2017.10.22-13.11.36:068][756]LogModuleManager: Shutting down and abandoning module Niagara (348)
[2017.10.22-13.11.36:068][756]LogModuleManager: Shutting down and abandoning module NiagaraEditor (347)
[2017.10.22-13.11.36:068][756]LogModuleManager: Shutting down and abandoning module StreamingPauseRendering (344)
[2017.10.22-13.11.36:068][756]LogModuleManager: Shutting down and abandoning module AnalyticsET (342)
[2017.10.22-13.11.36:068][756]LogModuleManager: Shutting down and abandoning module PortalServices (340)
[2017.10.22-13.11.36:068][756]LogModuleManager: Shutting down and abandoning module PortalRpc (338)
[2017.10.22-13.11.36:068][756]LogModuleManager: Shutting down and abandoning module MessagingRpc (336)
[2017.10.22-13.11.36:068][756]LogModuleManager: Shutting down and abandoning module AIModule (334)
[2017.10.22-13.11.36:068][756]LogModuleManager: Shutting down and abandoning module GameplayDebugger (333)
[2017.10.22-13.11.36:068][756]LogModuleManager: Shutting down and abandoning module AITestSuite (331)
[2017.10.22-13.11.36:068][756]LogModuleManager: Shutting down and abandoning module ProfilerService (328)
[2017.10.22-13.11.36:217][756]LogModuleManager: Shutting down and abandoning module TaskGraph (326)
[2017.10.22-13.11.36:217][756]LogModuleManager: Shutting down and abandoning module SteamVRController (324)
[2017.10.22-13.11.36:217][756]LogModuleManager: Shutting down and abandoning module SteamVR (322)
[2017.10.22-13.11.36:217][756]LogModuleManager: Shutting down and abandoning module ProceduralMeshComponentEditor (320)
[2017.10.22-13.11.36:217][756]LogModuleManager: Shutting down and abandoning module ProceduralMeshComponent (318)
[2017.10.22-13.11.36:217][756]LogModuleManager: Shutting down and abandoning module OculusLibrary (316)
[2017.10.22-13.11.36:217][756]LogModuleManager: Shutting down and abandoning module OculusInput (314)
[2017.10.22-13.11.36:217][756]LogModuleManager: Shutting down and abandoning module MobilePatchingUtils (312)
[2017.10.22-13.11.36:217][756]LogModuleManager: Shutting down and abandoning module CustomMeshComponent (310)
[2017.10.22-13.11.36:217][756]LogModuleManager: Shutting down and abandoning module CableComponent (308)
[2017.10.22-13.11.36:217][756]LogModuleManager: Shutting down and abandoning module ArchVisCharacter (306)
[2017.10.22-13.11.36:217][756]LogModuleManager: Shutting down and abandoning module AndroidPermission (304)
[2017.10.22-13.11.36:217][756]LogModuleManager: Shutting down and abandoning module MediaPlayerEditor (300)
[2017.10.22-13.11.36:217][756]LogModuleManager: Shutting down and abandoning module HTML5Networking (298)
[2017.10.22-13.11.36:217][756]LogModuleManager: Shutting down and abandoning module AlembicImporter (296)
[2017.10.22-13.11.36:217][756]LogModuleManager: Shutting down and abandoning module AlembicLibrary (295)
[2017.10.22-13.11.36:217][756]LogModuleManager: Shutting down and abandoning module GeometryCache (294)
[2017.10.22-13.11.36:217][756]LogModuleManager: Shutting down and abandoning module GeometryCacheEd (293)
[2017.10.22-13.11.36:217][756]LogModuleManager: Shutting down and abandoning module SuperSearchEditor (288)
[2017.10.22-13.11.36:217][756]LogModuleManager: Shutting down and abandoning module SuperSearch (287)
[2017.10.22-13.11.36:217][756]LogModuleManager: Shutting down and abandoning module SpeedTreeImporter (284)
[2017.10.22-13.11.36:217][756]LogModuleManager: Shutting down and abandoning module PluginBrowser (282)
[2017.10.22-13.11.36:217][756]LogModuleManager: Shutting down and abandoning module MobileLauncherProfileWizard (280)
[2017.10.22-13.11.36:217][756]LogModuleManager: Shutting down and abandoning module VisualStudioSourceCodeAccess (278)
[2017.10.22-13.11.36:217][756]LogModuleManager: Shutting down and abandoning module DesktopPlatform (277)
[2017.10.22-13.11.36:217][756]LogModuleManager: Shutting down and abandoning module UObjectPlugin (274)
[2017.10.22-13.11.36:217][756]LogModuleManager: Shutting down and abandoning module SubversionSourceControl (272)
[2017.10.22-13.11.36:217][756]LogModuleManager: Shutting down and abandoning module PerforceSourceControl (270)
[2017.10.22-13.11.36:217][756]LogModuleManager: Shutting down and abandoning module GitSourceControl (268)
[2017.10.22-13.11.36:217][756]LogModuleManager: Shutting down and abandoning module SourceControl (267)
[2017.10.22-13.11.36:217][756]LogModuleManager: Shutting down and abandoning module LightPropagationVolumeEditor (264)
[2017.10.22-13.11.36:217][756]LogModuleManager: Shutting down and abandoning module PaperTiledImporter (262)
[2017.10.22-13.11.36:217][756]LogModuleManager: Shutting down and abandoning module PaperSpriteSheetImporter (260)
[2017.10.22-13.11.36:217][756]LogModuleManager: Shutting down and abandoning module Paper2DEditor (258)
[2017.10.22-13.11.36:217][756]LogModuleManager: Shutting down and abandoning module MeshPaint (257)
[2017.10.22-13.11.36:217][756]LogModuleManager: Shutting down and abandoning module LevelEditor (255)
[2017.10.22-13.11.36:218][756]LogModuleManager: Shutting down and abandoning module PixelInspectorModule (254)
[2017.10.22-13.11.36:218][756]LogModuleManager: Shutting down and abandoning module MainFrame (252)
[2017.10.22-13.11.36:218][756]LogModuleManager: Shutting down and abandoning module HotReload (251)
[2017.10.22-13.11.36:218][756]LogModuleManager: Shutting down and abandoning module PhysXVehiclesEditor (246)
[2017.10.22-13.11.36:218][756]LogModuleManager: Shutting down and abandoning module PhysXVehicles (244)
[2017.10.22-13.11.36:218][756]LogModuleManager: Shutting down and abandoning module LocationServicesBPLibrary (242)
[2017.10.22-13.11.36:218][756]LogModuleManager: Shutting down and abandoning module ImmediatePhysicsEditor (240)
[2017.10.22-13.11.36:218][756]LogModuleManager: Shutting down and abandoning module ImmediatePhysics (238)
[2017.10.22-13.11.36:218][756]LogModuleManager: Shutting down and abandoning module UdpMessaging (236)
[2017.10.22-13.11.36:319][756]LogModuleManager: Shutting down and abandoning module TcpMessaging (234)
[2017.10.22-13.11.36:419][756]LogModuleManager: Shutting down and abandoning module GameplayTagsEditor (232)
[2017.10.22-13.11.36:419][756]LogModuleManager: Shutting down and abandoning module FacialAnimationEditor (230)
[2017.10.22-13.11.36:419][756]LogModuleManager: Shutting down and abandoning module FacialAnimation (228)
[2017.10.22-13.11.36:419][756]LogModuleManager: Shutting down and abandoning module AssetManagerEditor (226)
[2017.10.22-13.11.36:419][756]LogModuleManager: Shutting down and abandoning module GraphEditor (225)
[2017.10.22-13.11.36:419][756]LogModuleManager: Shutting down and abandoning module ContentBrowser (223)
[2017.10.22-13.11.36:420][756]LogModuleManager: Shutting down and abandoning module LightPropagationVolumeRuntime (220)
[2017.10.22-13.11.36:420][756]LogModuleManager: Shutting down and abandoning module Paper2D (218)
[2017.10.22-13.11.36:420][756]LogModuleManager: Shutting down and abandoning module WindowsMoviePlayer (216)
[2017.10.22-13.11.36:420][756]LogModuleManager: Shutting down and abandoning module WmfMedia (214)
[2017.10.22-13.11.36:420][756]LogModuleManager: Shutting down and abandoning module ClothingSystemEditor (212)
[2017.10.22-13.11.36:420][756]LogModuleManager: Shutting down and abandoning module ClothingSystemRuntime (210)
[2017.10.22-13.11.36:420][756]LogModuleManager: Shutting down and abandoning module MediaAssets (208)
[2017.10.22-13.11.36:420][756]LogModuleManager: Shutting down and abandoning module GameLiveStreaming (206)
[2017.10.22-13.11.36:420][756]LogModuleManager: Shutting down and abandoning module VREditor (204)
[2017.10.22-13.11.36:420][756]LogModuleManager: Shutting down and abandoning module StringTableEditor (202)
[2017.10.22-13.11.36:420][756]LogModuleManager: Shutting down and abandoning module GameplayTasksEditor (200)
[2017.10.22-13.11.36:420][756]LogModuleManager: Shutting down and abandoning module BehaviorTreeEditor (198)
[2017.10.22-13.11.36:420][756]LogModuleManager: Shutting down and abandoning module FunctionalTesting (196)
[2017.10.22-13.11.36:420][756]LogModuleManager: Shutting down and abandoning module CollisionAnalyzer (194)
[2017.10.22-13.11.36:420][756]LogModuleManager: Shutting down and abandoning module UMG (192)
[2017.10.22-13.11.36:420][756]LogModuleManager: Shutting down and abandoning module UMGEditor (191)
[2017.10.22-13.11.36:421][756]LogModuleManager: Shutting down and abandoning module Sequencer (190)
[2017.10.22-13.11.36:421][756]LogModuleManager: Shutting down and abandoning module AssetTools (188)
[2017.10.22-13.11.36:421][756]LogModuleManager: Shutting down and abandoning module MessageLog (187)
[2017.10.22-13.11.36:421][756]LogModuleManager: Shutting down and abandoning module WorkspaceMenuStructure (186)
[2017.10.22-13.11.36:421][756]LogModuleManager: Shutting down and abandoning module SlateReflector (180)
[2017.10.22-13.11.36:421][756]LogModuleManager: Shutting down and abandoning module Slate (178)
[2017.10.22-13.11.36:421][756]LogModuleManager: Shutting down and abandoning module EditorStyle (176)
[2017.10.22-13.11.36:423][756]LogModuleManager: Shutting down and abandoning module SourceCodeAccess (174)
[2017.10.22-13.11.36:423][756]LogModuleManager: Shutting down and abandoning module HeadMountedDisplay (172)
[2017.10.22-13.11.36:423][756]LogModuleManager: Shutting down and abandoning module XAudio2 (170)
[2017.10.22-13.11.36:423][756]LogModuleManager: Shutting down and abandoning module Networking (168)
[2017.10.22-13.11.36:423][756]LogModuleManager: Shutting down and abandoning module Core (164)
[2017.10.22-13.11.36:423][756]LogModuleManager: Shutting down and abandoning module AssetRegistry (162)
[2017.10.22-13.11.36:646][756]LogDirectoryWatcher: A directory notification for '../../../Engine/Content/' was aborted.
[2017.10.22-13.11.36:646][756]LogDirectoryWatcher: A directory notification for 'D:/CGDefunct/CastleGuardPhase2Backup 10 22 17/CastleGuard Today/CastleGuardPhase2/CastleGuardReborn/Content/' was aborted.
[2017.10.22-13.11.36:646][756]LogDirectoryWatcher: A directory notification for '../../../Engine/Plugins/2D/Paper2D/Content/' was aborted.
[2017.10.22-13.11.36:646][756]LogDirectoryWatcher: A directory notification for '../../../Engine/Plugins/Runtime/GearVR/Content/' was aborted.
[2017.10.22-13.11.36:654][756]LogModuleManager: Shutting down and abandoning module DirectoryWatcher (161)
[2017.10.22-13.11.36:657][756]LogModuleManager: Shutting down and abandoning module KismetCompiler (158)
[2017.10.22-13.11.36:657][756]LogModuleManager: Shutting down and abandoning module LevelSequence (156)
[2017.10.22-13.11.36:657][756]LogModuleManager: Shutting down and abandoning module PhysXFormats (154)
[2017.10.22-13.11.36:657][756]LogModuleManager: Shutting down and abandoning module MeshUtilities (152)
[2017.10.22-13.11.36:657][756]LogModuleManager: Shutting down and abandoning module SimplygonSwarm (151)
[2017.10.22-13.11.36:657][756]LogModuleManager: Shutting down and abandoning module SimplygonMeshReduction (149)
[2017.10.22-13.11.36:657][756]LogModuleManager: Shutting down and abandoning module QuadricMeshReduction (147)
[2017.10.22-13.11.36:657][756]LogModuleManager: Shutting down and abandoning module DerivedDataCache (144)
[2017.10.22-13.11.36:717][756]LogDerivedDataCache: Shutdown
[2017.10.22-13.11.36:717][756]LogModuleManager: Shutting down and abandoning module TargetPlatform (142)
[2017.10.22-13.11.36:717][756]LogModuleManager: Shutting down and abandoning module VulkanShaderFormat (141)
[2017.10.22-13.11.36:717][756]LogModuleManager: Shutting down and abandoning module ShaderFormatVectorVM (139)
[2017.10.22-13.11.36:717][756]LogModuleManager: Shutting down and abandoning module ShaderFormatOpenGL (137)
[2017.10.22-13.11.36:717][756]LogModuleManager: Shutting down and abandoning module ShaderFormatD3D (135)
[2017.10.22-13.11.36:717][756]LogModuleManager: Shutting down and abandoning module MetalShaderFormat (133)
[2017.10.22-13.11.36:717][756]LogModuleManager: Shutting down and abandoning module TextureFormatUncompressed (131)
[2017.10.22-13.11.36:717][756]LogModuleManager: Shutting down and abandoning module TextureFormatPVR (129)
[2017.10.22-13.11.36:717][756]LogModuleManager: Shutting down and abandoning module TextureFormatDXT (127)
[2017.10.22-13.11.36:717][756]LogModuleManager: Shutting down and abandoning module TextureFormatIntelISPCTexComp (125)
[2017.10.22-13.11.36:717][756]LogModuleManager: Shutting down and abandoning module TextureFormatASTC (123)
[2017.10.22-13.11.36:717][756]LogModuleManager: Shutting down and abandoning module ImageWrapper (122)
[2017.10.22-13.11.36:717][756]LogModuleManager: Shutting down and abandoning module TextureFormatAndroid (119)
[2017.10.22-13.11.36:717][756]LogModuleManager: Shutting down and abandoning module AudioFormatOpus (117)
[2017.10.22-13.11.36:717][756]LogModuleManager: Shutting down and abandoning module AudioFormatOgg (115)
[2017.10.22-13.11.36:717][756]LogModuleManager: Shutting down and abandoning module AudioFormatADPCM (113)
[2017.10.22-13.11.36:717][756]LogModuleManager: Shutting down and abandoning module LinuxTargetPlatform (111)
[2017.10.22-13.11.36:717][756]LogModuleManager: Shutting down and abandoning module LinuxServerTargetPlatform (109)
[2017.10.22-13.11.36:717][756]LogModuleManager: Shutting down and abandoning module LinuxNoEditorTargetPlatform (107)
[2017.10.22-13.11.36:717][756]LogModuleManager: Shutting down and abandoning module LinuxClientTargetPlatform (105)
[2017.10.22-13.11.36:717][756]LogModuleManager: Shutting down and abandoning module TVOSTargetPlatform (103)
[2017.10.22-13.11.36:717][756]LogModuleManager: Shutting down and abandoning module Messaging (101)
[2017.10.22-13.11.36:717][756]LogModuleManager: Shutting down and abandoning module IOSTargetPlatform (99)
[2017.10.22-13.11.36:717][756]LogModuleManager: Shutting down and abandoning module HTML5TargetPlatform (97)
[2017.10.22-13.11.36:717][756]LogModuleManager: Shutting down and abandoning module Android_PVRTCTargetPlatform (95)
[2017.10.22-13.11.36:717][756]LogModuleManager: Shutting down and abandoning module Android_MultiTargetPlatform (93)
[2017.10.22-13.11.36:717][756]LogModuleManager: Shutting down and abandoning module Android_ETC2TargetPlatform (91)
[2017.10.22-13.11.36:717][756]LogModuleManager: Shutting down and abandoning module Android_ETC1TargetPlatform (89)
[2017.10.22-13.11.36:717][756]LogModuleManager: Shutting down and abandoning module Android_DXTTargetPlatform (87)
[2017.10.22-13.11.36:717][756]LogModuleManager: Shutting down and abandoning module Android_ATCTargetPlatform (85)
[2017.10.22-13.11.36:717][756]LogModuleManager: Shutting down and abandoning module Android_ASTCTargetPlatform (83)
[2017.10.22-13.11.36:717][756]LogModuleManager: Shutting down and abandoning module AndroidTargetPlatform (81)
[2017.10.22-13.11.36:717][756]LogModuleManager: Shutting down and abandoning module WindowsTargetPlatform (79)
[2017.10.22-13.11.36:717][756]LogModuleManager: Shutting down and abandoning module WindowsServerTargetPlatform (77)
[2017.10.22-13.11.36:717][756]LogModuleManager: Shutting down and abandoning module WindowsNoEditorTargetPlatform (75)
[2017.10.22-13.11.36:717][756]LogModuleManager: Shutting down and abandoning module WindowsClientTargetPlatform (73)
[2017.10.22-13.11.36:717][756]LogModuleManager: Shutting down and abandoning module MacTargetPlatform (71)
[2017.10.22-13.11.36:717][756]LogModuleManager: Shutting down and abandoning module MacServerTargetPlatform (69)
[2017.10.22-13.11.36:717][756]LogModuleManager: Shutting down and abandoning module MacNoEditorTargetPlatform (67)
[2017.10.22-13.11.36:717][756]LogModuleManager: Shutting down and abandoning module MacClientTargetPlatform (65)
[2017.10.22-13.11.36:717][756]LogModuleManager: Shutting down and abandoning module AllDesktopTargetPlatform (63)
[2017.10.22-13.11.36:717][756]LogModuleManager: Shutting down and abandoning module InputCore (60)
[2017.10.22-13.11.36:717][756]LogModuleManager: Shutting down and abandoning module Settings (58)
[2017.10.22-13.11.36:717][756]LogModuleManager: Shutting down and abandoning module OculusRift (56)
[2017.10.22-13.11.36:717][756]LogModuleManager: Shutting down and abandoning module GearVRController (54)
[2017.10.22-13.11.36:717][756]LogModuleManager: Shutting down and abandoning module GearVR (52)
[2017.10.22-13.11.36:717][756]LogModuleManager: Shutting down and abandoning module ExampleDeviceProfileSelector (50)
[2017.10.22-13.11.36:717][756]LogModuleManager: Shutting down and abandoning module OnlineBlueprintSupport (48)
[2017.10.22-13.11.36:717][756]LogModuleManager: Shutting down and abandoning module OnlineSubsystem (44)
[2017.10.22-13.11.36:717][756]LogOnline:Display: Unloading online subsystem: NULL
[2017.10.22-13.11.36:717][756]LogModuleManager: Shutting down and abandoning module XMPP (43)
[2017.10.22-13.11.36:718][756]LogModuleManager: Shutting down and abandoning module HTTP (41)
[2017.10.22-13.11.36:718][756]LogHttp:Display: Http module shutting down, but needs to wait on 1 outstanding Http requests:
[2017.10.22-13.11.36:718][756]LogHttp:Display: 	verb=[POST] url=[https://datarouter.ol.epicgames.com/datarouter/api/v1/public/data?SessionID=%7BC4979360-43DA-8233-E875-8FB2943F572D%7D&AppID=UEEditor.Rocket.Release&AppVersion=4.16.2-3514769%2B%2B%2BUE4%2BRelease-4.16&UserID=982011a7482c1cbdc2ce3cbeaef51dbe%7Ce0ca3295625c4184a95d26a3b9c858a2%7C70012bb2-c253-4297-934e-6257f569ac01&AppEnvironment=datacollector-binary&UploadType=eteventstream] status=Processing
[2017.10.22-13.11.36:749][756]LogModuleManager: Shutting down and abandoning module SSL (40)
[2017.10.22-13.11.36:751][756]LogModuleManager: Shutting down and abandoning module HTTPChunkInstaller (36)
[2017.10.22-13.11.36:751][756]LogModuleManager: Shutting down and abandoning module AnimationModifiers (34)
[2017.10.22-13.11.36:751][756]LogModuleManager: Shutting down and abandoning module PropertyEditor (33)
[2017.10.22-13.11.36:751][756]LogModuleManager: Shutting down and abandoning module AudioEditor (30)
[2017.10.22-13.11.36:751][756]LogModuleManager: Shutting down and abandoning module TextureCompressor (28)
[2017.10.22-13.11.36:751][756]LogModuleManager: Shutting down and abandoning module ShaderCore (26)
[2017.10.22-13.11.36:751][756]LogModuleManager: Shutting down and abandoning module Landscape (24)
[2017.10.22-13.11.36:751][756]LogModuleManager: Shutting down and abandoning module SlateRHIRenderer (22)
[2017.10.22-13.11.36:754][756]LogModuleManager: Shutting down and abandoning module OpenGLDrv (20)
[2017.10.22-13.11.36:754][756]LogModuleManager: Shutting down and abandoning module D3D11RHI (18)
[2017.10.22-13.11.36:754][756]LogModuleManager: Shutting down and abandoning module AnimGraphRuntime (16)
[2017.10.22-13.11.36:754][756]LogModuleManager: Shutting down and abandoning module Renderer (14)
[2017.10.22-13.11.36:754][756]LogModuleManager: Shutting down and abandoning module Engine (12)
[2017.10.22-13.11.36:754][756]LogModuleManager: Shutting down and abandoning module CoreUObject (10)
[2017.10.22-13.11.36:754][756]LogModuleManager: Shutting down and abandoning module NetworkFile (8)
[2017.10.22-13.11.36:754][756]LogModuleManager: Shutting down and abandoning module StreamingFile (6)
[2017.10.22-13.11.36:754][756]LogModuleManager: Shutting down and abandoning module SandboxFile (4)
[2017.10.22-13.11.36:754][756]LogModuleManager: Shutting down and abandoning module PakFile (2)
[2017.10.22-13.11.36:756][756]LogExit: Exiting.
[2017.10.22-13.11.36:776][756]Log file closed, 10/22/17 06:11:36
