Log file open, 10/15/17 18:13:44
LogInit:Display: Running engine for game: CastleGuardReborn
LogPlatformFile: Not using cached read wrapper
LogInit:Display: RandInit(1128836357) SRandInit(1128836357).
LogTaskGraph: Started task graph with 5 named threads and 8 total threads with 1 sets of task threads.
LogStats: Stats thread started at 0.079406
LogInit: Using libcurl 7.47.1
LogInit:  - built for x86_64-pc-win32
LogInit:  - supports SSL with OpenSSL/1.0.2g
LogInit:  - supports HTTP deflate (compression) using libz 1.2.8
LogInit:  - other features:
LogInit:      CURL_VERSION_SSL
LogInit:      CURL_VERSION_LIBZ
LogInit:      CURL_VERSION_IPV6
LogInit:      CURL_VERSION_ASYNCHDNS
LogInit:      CURL_VERSION_LARGEFILE
LogInit:      CURL_VERSION_IDN
LogInit:  CurlRequestOptions (configurable via config and command line):
LogInit:  - bVerifyPeer = false  - Libcurl will NOT verify peer certificate
LogInit:  - bUseHttpProxy = false  - Libcurl will NOT use HTTP proxy
LogInit:  - bDontReuseConnections = false  - Libcurl will reuse connections
LogInit:  - CertBundlePath = nullptr  - Libcurl will use whatever was configured at build time.
LogInit: Build: ++UE4+Release-4.16-CL-3514769
LogInit: Engine Version: 4.16.2-3514769+++UE4+Release-4.16
LogInit: Compatible Engine Version: 4.16.0-3452394+++UE4+Release-4.16
LogInit: Net CL: 3452394
LogDevObjectVersion: Number of dev versions registered: 16
LogDevObjectVersion:   Dev-Blueprints (B0D832E4-1F89-4F0D-ACCF-7EB736FD4AA2): 9
LogDevObjectVersion:   Dev-Build (E1C64328-A22C-4D53-A36C-8E866417BD8C): 0
LogDevObjectVersion:   Dev-Core (375EC13C-06E4-48FB-B500-84F0262A717E): 2
LogDevObjectVersion:   Dev-Editor (E4B068ED-F494-42E9-A231-DA0B2E46BB41): 17
LogDevObjectVersion:   Dev-Framework (CFFC743F-43B0-4480-9391-14DF171D2073): 23
LogDevObjectVersion:   Dev-Mobile (B02B49B5-BB20-44E9-A304-32B752E40360): 0
LogDevObjectVersion:   Dev-Networking (A4E4105C-59A1-49B5-A7C5-40C4547EDFEE): 0
LogDevObjectVersion:   Dev-Online (39C831C9-5AE6-47DC-9A44-9C173E1C8E7C): 0
LogDevObjectVersion:   Dev-Physics (78F01B33-EBEA-4F98-B9B4-84EACCB95AA2): 0
LogDevObjectVersion:   Dev-Platform (6631380F-2D4D-43E0-8009-CF276956A95A): 0
LogDevObjectVersion:   Dev-Rendering (12F88B9F-8875-4AFC-A67C-D90C383ABD29): 15
LogDevObjectVersion:   Dev-Sequencer (7B5AE74C-D270-4C10-A958-57980B212A5A): 4
LogDevObjectVersion:   Dev-VR (D7296918-1DD6-4BDD-9DE2-64A83CC13884): 0
LogDevObjectVersion:   Dev-LoadTimes (C2A15278-BFE7-4AFE-6C17-90FF531DF755): 1
LogDevObjectVersion:   Private-Geometry (6EACA3D4-40EC-4CC1-B786-8BED09428FC5): 1
LogDevObjectVersion:   Dev-AnimPhys (29E575DD-E0A3-4627-9D10-D276232CDCEA): 3
LogInit: Compiled (64-bit): Jun 29 2017 02:03:24
LogInit: Compiled with Visual C++: 19.00.24215.01
LogInit: Build Configuration: Development
LogInit: Branch Name: ++UE4+Release-4.16
LogInit: Command line:  
LogInit: Base directory: C:/Program Files/Epic Games/UE_4.16/Engine/Binaries/Win64/
LogInit: Installed Engine Build: 1
LogInit: Presizing for max 8388607 objects, including 0 objects not considered by GC, pre-allocating 0 bytes for permanent pool.
LogInit: Object subsystem initialized
[2017.10.16-01.13.44:890][  0]LogInit: Selected Device Profile: [Windows]
[2017.10.16-01.13.44:890][  0]LogInit: Applying CVar settings loaded from the selected device profile: [Windows]
[2017.10.16-01.13.44:897][  0]LogInit: Computer: LCIVAN-238-00
[2017.10.16-01.13.44:897][  0]LogInit: User: studentuser
[2017.10.16-01.13.44:897][  0]LogInit: CPU Page size=4096, Cores=4
[2017.10.16-01.13.44:897][  0]LogInit: High frequency timer resolution =4.101559 MHz
[2017.10.16-01.13.44:898][  0]LogMemory: Memory total: Physical=15.9GB (16GB approx)
[2017.10.16-01.13.44:898][  0]LogMemory: Platform Memory Stats for Windows
[2017.10.16-01.13.44:898][  0]LogMemory: Process Physical Memory: 273.70 MB used, 273.70 MB peak
[2017.10.16-01.13.44:898][  0]LogMemory: Process Virtual Memory: 260.71 MB used, 260.71 MB peak
[2017.10.16-01.13.44:898][  0]LogMemory: Physical Memory: 8376.38 MB used,  7907.07 MB free, 16283.45 MB total
[2017.10.16-01.13.44:898][  0]LogMemory: Virtual Memory: 638.49 MB used,  7907.07 MB free, 134217728.00 MB total
[2017.10.16-01.13.44:946][  0]LogInit: Using OS detected language (en-US).
[2017.10.16-01.13.44:946][  0]LogInit: Using OS detected locale (en-CA).
[2017.10.16-01.13.44:948][  0]LogTextLocalizationManager: No specific localization for 'en-US' exists, so the 'en' localization will be used.
[2017.10.16-01.13.45:583][  0]LogD3D11RHI: D3D11 adapters:
[2017.10.16-01.13.45:616][  0]LogD3D11RHI:    0. 'NVIDIA GeForce GTX 1070' (Feature Level 11_0)
[2017.10.16-01.13.45:616][  0]LogD3D11RHI:       8120/0/8141 MB DedicatedVideo/DedicatedSystem/SharedSystem, Outputs:1, VendorId:0x10de
[2017.10.16-01.13.45:621][  0]LogD3D11RHI:    1. 'Intel(R) HD Graphics 630' (Feature Level 11_0)
[2017.10.16-01.13.45:621][  0]LogD3D11RHI:       128/0/8141 MB DedicatedVideo/DedicatedSystem/SharedSystem, Outputs:0, VendorId:0x8086
[2017.10.16-01.13.45:622][  0]LogD3D11RHI:    2. 'Microsoft Basic Render Driver' (Feature Level 11_0)
[2017.10.16-01.13.45:622][  0]LogD3D11RHI:       0/0/8141 MB DedicatedVideo/DedicatedSystem/SharedSystem, Outputs:0, VendorId:0x1414
[2017.10.16-01.13.45:622][  0]LogD3D11RHI: Chosen D3D11 Adapter: 0
[2017.10.16-01.13.45:628][  0]LogD3D11RHI: Creating new Direct3DDevice
[2017.10.16-01.13.45:628][  0]LogD3D11RHI:     GPU DeviceId: 0x1b81 (for the marketing name, search the web for "GPU Device Id")
[2017.10.16-01.13.45:628][  0]LogWindows: EnumDisplayDevices:
[2017.10.16-01.13.45:628][  0]LogWindows:    0. 'NVIDIA GeForce GTX 1070' (P:1 D:1)
[2017.10.16-01.13.45:628][  0]LogWindows:    1. 'NVIDIA GeForce GTX 1070' (P:0 D:0)
[2017.10.16-01.13.45:628][  0]LogWindows:    2. 'NVIDIA GeForce GTX 1070' (P:0 D:0)
[2017.10.16-01.13.45:628][  0]LogWindows:    3. 'NVIDIA GeForce GTX 1070' (P:0 D:0)
[2017.10.16-01.13.45:628][  0]LogWindows:    4. 'Intel(R) HD Graphics 630' (P:0 D:0)
[2017.10.16-01.13.45:628][  0]LogWindows:    5. 'Intel(R) HD Graphics 630' (P:0 D:0)
[2017.10.16-01.13.45:628][  0]LogWindows:    6. 'Intel(R) HD Graphics 630' (P:0 D:0)
[2017.10.16-01.13.45:628][  0]LogWindows: DebugString: PrimaryIsNotTheChoosenAdapter PrimaryIsNotTheChoosenAdapter PrimaryIsNotTheChoosenAdapter FoundDriverCount:4 
[2017.10.16-01.13.45:628][  0]LogD3D11RHI:     Adapter Name: NVIDIA GeForce GTX 1070
[2017.10.16-01.13.45:628][  0]LogD3D11RHI:   Driver Version: 382.05 (internal:22.21.13.8205, unified:382.05)
[2017.10.16-01.13.45:628][  0]LogD3D11RHI:      Driver Date: 5-1-2017
[2017.10.16-01.13.45:628][  0]LogRHI: Texture pool is 1361 MB (70% of 1945 MB)
[2017.10.16-01.13.45:653][  0]LogD3D11RHI: Async texture creation enabled
[2017.10.16-01.13.45:669][  0]LogD3D11RHI: GPU Timing Frequency: 1000.000000 (Debug: 2 2)
[2017.10.16-01.13.45:717][  0]LogShaderCompilers: Guid format shader working directory is -5 characters bigger than the processId version (D:/CastleGuardCurrent/CastleGuardPhase2/CastleGuardReborn/Intermediate/Shaders/WorkingDirectory/5628/).
[2017.10.16-01.13.45:717][  0]LogShaderCompilers: Cleaned the shader compiler working directory 'C:/Users/studentuser/AppData/Local/Temp/UnrealShaderWorkingDir/53FB312A4799D85D9368FF93B86985B4/'.
[2017.10.16-01.13.45:717][  0]LogShaderCompilers:Display: Using Local Shader Compiler.
[2017.10.16-01.13.46:428][  0]LogTemp:Display: Loaded TP AllDesktopTargetPlatform
[2017.10.16-01.13.46:465][  0]LogTemp:Display: Loaded TP MacClientTargetPlatform
[2017.10.16-01.13.46:506][  0]LogTemp:Display: Loaded TP MacNoEditorTargetPlatform
[2017.10.16-01.13.46:541][  0]LogTemp:Display: Loaded TP MacServerTargetPlatform
[2017.10.16-01.13.46:577][  0]LogTemp:Display: Loaded TP MacTargetPlatform
[2017.10.16-01.13.46:615][  0]LogTemp:Display: Loaded TP WindowsClientTargetPlatform
[2017.10.16-01.13.46:653][  0]LogTemp:Display: Loaded TP WindowsNoEditorTargetPlatform
[2017.10.16-01.13.46:691][  0]LogTemp:Display: Loaded TP WindowsServerTargetPlatform
[2017.10.16-01.13.46:724][  0]LogTemp:Display: Loaded TP WindowsTargetPlatform
[2017.10.16-01.13.46:758][  0]LogTemp:Display: Loaded TP AndroidTargetPlatform
[2017.10.16-01.13.46:793][  0]LogTemp:Display: Loaded TP Android_ASTCTargetPlatform
[2017.10.16-01.13.46:827][  0]LogTemp:Display: Loaded TP Android_ATCTargetPlatform
[2017.10.16-01.13.46:865][  0]LogTemp:Display: Loaded TP Android_DXTTargetPlatform
[2017.10.16-01.13.46:902][  0]LogTemp:Display: Loaded TP Android_ETC1TargetPlatform
[2017.10.16-01.13.46:937][  0]LogTemp:Display: Loaded TP Android_ETC2TargetPlatform
[2017.10.16-01.13.47:009][  0]LogTemp:Display: Loaded TP Android_MultiTargetPlatform
[2017.10.16-01.13.47:009][  0]LogTemp:Display: Loaded TP Android_PVRTCTargetPlatform
[2017.10.16-01.13.47:037][  0]LogTemp:Display: Loaded TP HTML5TargetPlatform
[2017.10.16-01.13.47:108][  0]LogTemp:Display: Loaded TP IOSTargetPlatform
[2017.10.16-01.13.47:129][  0]LogTemp:Display: Loaded TP TVOSTargetPlatform
[2017.10.16-01.13.47:162][  0]LogTemp:Display: Loaded TP LinuxClientTargetPlatform
[2017.10.16-01.13.47:196][  0]LogTemp:Display: Loaded TP LinuxNoEditorTargetPlatform
[2017.10.16-01.13.47:230][  0]LogTemp:Display: Loaded TP LinuxServerTargetPlatform
[2017.10.16-01.13.47:266][  0]LogTemp:Display: Loaded TP LinuxTargetPlatform
[2017.10.16-01.13.47:266][  0]LogTargetPlatformManager:Display: Building Assets For Windows
[2017.10.16-01.13.47:627][  0]LogDerivedDataCache:Display: Max Cache Size: 512 MB
[2017.10.16-01.13.47:714][  0]LogDerivedDataCache: Loaded boot cache 0.09s 103MB C:/Users/studentuser/AppData/Local/UnrealEngine/4.16/DerivedDataCache/Boot.ddc.
[2017.10.16-01.13.47:714][  0]LogDerivedDataCache:Display: Loaded Boot cache: C:/Users/studentuser/AppData/Local/UnrealEngine/4.16/DerivedDataCache/Boot.ddc
[2017.10.16-01.13.47:714][  0]LogDerivedDataCache: FDerivedDataBackendGraph:  Pak pak cache file D:/CastleGuardCurrent/CastleGuardPhase2/CastleGuardReborn/DerivedDataCache/DDC.ddp not found, will not use a pak cache.
[2017.10.16-01.13.47:714][  0]LogDerivedDataCache: Unable to find inner node Pak for hierarchical cache Hierarchy.
[2017.10.16-01.13.47:714][  0]LogDerivedDataCache: FDerivedDataBackendGraph:  CompressedPak pak cache file D:/CastleGuardCurrent/CastleGuardPhase2/CastleGuardReborn/DerivedDataCache/Compressed.ddp not found, will not use a pak cache.
[2017.10.16-01.13.47:714][  0]LogDerivedDataCache: Unable to find inner node CompressedPak for hierarchical cache Hierarchy.
[2017.10.16-01.13.47:725][  0]LogDerivedDataCache:Display: Pak cache opened for reading ../../../Engine/DerivedDataCache/Compressed.ddp.
[2017.10.16-01.13.47:737][  0]LogDerivedDataCache: Using Local data cache path C:/Users/studentuser/AppData/Local/UnrealEngine/Common/DerivedDataCache: Writable
[2017.10.16-01.13.47:744][  0]LogMaterial: Verifying Global Shaders for PCD3D_SM5
[2017.10.16-01.13.47:745][  0]LogSlate: Using Freetype 2.6.0
[2017.10.16-01.13.47:745][  0]LogSlate: SlateFontCache - WITH_FREETYPE: 1, WITH_HARFBUZZ: 1
[2017.10.16-01.13.47:745][  0]LogSlate: SlateFontCache - WITH_FREETYPE: 1, WITH_HARFBUZZ: 1
[2017.10.16-01.13.47:962][  0]LogInit: Selected Device Profile: [Windows]
[2017.10.16-01.13.48:035][  0]LogContentStreaming: Texture pool size is 0.00 MB
[2017.10.16-01.13.48:148][  0]LogMeshUtilities: Using QuadricMeshReduction for automatic static mesh reduction
[2017.10.16-01.13.48:180][  0]LogSimplygon: Simplygon DLL not present - disabling.
[2017.10.16-01.13.48:214][  0]LogMeshUtilities: Using SimplygonSwarm for distributed automatic mesh merging
[2017.10.16-01.13.48:214][  0]LogMeshUtilities: No automatic skeletal mesh reduction module available
[2017.10.16-01.13.48:214][  0]LogMeshUtilities: No automatic mesh merging module available
[2017.10.16-01.13.48:628][  0]LogNetVersion: CastleGuardReborn , NetCL: 3452394, EngineNetVer: 2, GameNetVer: 0 (Checksum: 2303850599)
[2017.10.16-01.13.48:679][  0]LogAssetRegistry: FAssetRegistry took 0.0239 seconds to start up
[2017.10.16-01.13.48:716][  0]LogPackageLocalizationCache: Processed 4 localized package path(s) for 2 prioritized culture(s) in 0.019390 seconds
[2017.10.16-01.13.48:720][  0]LogUObjectArray: 34194 objects as part of root set at end of initial load.
[2017.10.16-01.13.48:720][  0]LogUObjectAllocator: 7260424 out of 0 bytes used by permanent object pool.
[2017.10.16-01.13.48:720][  0]LogUObjectArray: CloseDisregardForGC: 0/0 objects in disregard for GC pool
[2017.10.16-01.13.48:767][  0]LogInit: WinSock: version 1.1 (2.2), MaxSocks=32767, MaxUdp=65467
[2017.10.16-01.13.50:507][  0]LogTcpMessaging: Initializing TcpMessaging bridge
[2017.10.16-01.13.50:538][  0]LogUdpMessaging: Initializing bridge on interface 0.0.0.0:0 to multicast group 230.0.0.1:6666.
[2017.10.16-01.13.50:920][  0]LogMaterial: Uniform references updated for custom material expression Custom.
[2017.10.16-01.13.51:198][  0]SourceControl: Info Source control is disabled
[2017.10.16-01.13.51:227][  0]SourceControl: Info Source control is disabled
[2017.10.16-01.13.51:261][  0]SourceControl: Info Source control is disabled
[2017.10.16-01.13.51:294][  0]SourceControl: Info Source control is disabled
[2017.10.16-01.13.51:783][  0]LogAndroidPermission: UAndroidPermissionCallbackProxy::GetInstance
[2017.10.16-01.13.52:201][  0]LogEngine: Initializing Engine...
[2017.10.16-01.13.55:238][  0]LogHMD: SteamVR initialized.  Driver: lighthouse  Display: LHR-A4D81BA4
[2017.10.16-01.13.55:403][  0]LogStats: UGameplayTagsManager::ConstructGameplayTagTree: Construct from data asset -  0.000 s
[2017.10.16-01.13.55:403][  0]LogStats: UGameplayTagsManager::ConstructGameplayTagTree: GameplayTagTreeChangedEvent.Broadcast -  0.000 s
[2017.10.16-01.13.55:499][  0]LogAIModule: Creating AISystem for world Untitled
[2017.10.16-01.13.55:512][  0]LogInit: XAudio2 using 'Speakers / Headphones (Realtek Audio)' : 2 channels at 48 kHz using 32 bits per sample (channel mask 0x3)
[2017.10.16-01.13.55:544][  0]LogInit: FAudioDevice initialized.
[2017.10.16-01.13.55:588][  0]LogDerivedDataCache: Saved boot cache 0.04s 103MB C:/Users/studentuser/AppData/Local/UnrealEngine/4.16/DerivedDataCache/Boot.ddc.
[2017.10.16-01.13.55:609][  0]LogInit: Texture streaming: Enabled
[2017.10.16-01.13.55:682][  0]LogEngineSessionManager: EngineSessionManager initialized
[2017.10.16-01.13.55:835][  0]LogInit: Transaction tracking system initialized
[2017.10.16-01.13.56:055][  0]BlueprintLog: New page: Editor Load
[2017.10.16-01.13.56:721][  0]LocalizationService: Info Localization service is disabled
[2017.10.16-01.13.57:205][  0]LogConsoleResponse:Display: 
[2017.10.16-01.13.57:299][  0]LogCook:Display: Max memory allowance for cook 16384mb min free memory 0mb
[2017.10.16-01.13.57:299][  0]LogCook:Display: Mobile HDR setting 1
[2017.10.16-01.13.58:009][  0]SourceControl: Info Source control is disabled
[2017.10.16-01.13.58:009][  0]Cmd: MAP LOAD FILE="D:/CastleGuardCurrent/CastleGuardPhase2/CastleGuardReborn/Content/Vive/Maps/default.umap" TEMPLATE=0 SHOWPROGRESS=1 FEATURELEVEL=3
[2017.10.16-01.13.58:009][  0]LightingResults: New page: Lighting Build
[2017.10.16-01.13.58:037][  0]MapCheck: New page: Map Check
[2017.10.16-01.13.58:037][  0]LightingResults: New page: Lighting Build
[2017.10.16-01.13.58:125][  0]LogBlueprint:Error: [Compiler CatapultFiringPosition1] Error This blueprint (self) is not a SplineComponent, therefore ' Target ' must have a connection.
[2017.10.16-01.13.58:125][  0]LogBlueprint:Error: [Compiler CatapultFiringPosition1] Error This blueprint (self) is not a SplineComponent, therefore ' Target ' must have a connection.
[2017.10.16-01.13.58:125][  0]LogBlueprint:Error: [Compiler CatapultFiringPosition1] Error This blueprint (self) is not a SplineComponent, therefore ' Target ' must have a connection.
[2017.10.16-01.13.58:125][  0]LogBlueprint:Error: [Compiler CatapultFiringPosition1] Error This blueprint (self) is not a SceneComponent, therefore ' Target ' must have a connection.
[2017.10.16-01.13.58:126][  0]LogBlueprint:Error: [Compiler CatapultFiringPosition1] Error This blueprint (self) is not a SplineComponent, therefore ' Target ' must have a connection.
[2017.10.16-01.13.58:126][  0]LogBlueprint:Error: [Compiler CatapultFiringPosition1] Error This blueprint (self) is not a SplineComponent, therefore ' Target ' must have a connection.
[2017.10.16-01.13.58:129][  0]LogBlueprint:Warning: [Compiler CatapultFiringPosition1] Warning [0014.44] Compile of CatapultFiringPosition1 failed. 6 Fatal Issue(s) 0 Warning(s) [in 7 ms] (/Game/Vive/Blueprints/AI/CatapultProjectiles/CatapultFiringPosition1.CatapultFiringPosition1)
[2017.10.16-01.13.58:129][  0]LogBlueprint:Warning: [Compiler CatapultFiringPosition1] Warning [0014.44] Compile of CatapultFiringPosition1 failed. 6 Fatal Issue(s) 1 Warning(s) [in 0 ms] (/Game/Vive/Blueprints/AI/CatapultProjectiles/CatapultFiringPosition1.CatapultFiringPosition1)
[2017.10.16-01.13.58:129][  0]LogBlueprint:Warning: [Compiler CatapultFiringPosition1] Warning [0014.44] Compile of CatapultFiringPosition1 failed. 6 Fatal Issue(s) 2 Warning(s) [in 0 ms] (/Game/Vive/Blueprints/AI/CatapultProjectiles/CatapultFiringPosition1.CatapultFiringPosition1)
[2017.10.16-01.13.59:016][  0]LogClass:Warning: Enum '/Game/Vive/Blueprints/Enum_GameStatus.Enum_GameStatus' was upgraded to use FText to store its display name data. Please re-save this asset to avoid issues with localization and determinstic cooking.
[2017.10.16-01.13.59:316][  0]LogAIModule: Creating AISystem for world default
[2017.10.16-01.13.59:413][  0]LogEditorServer: Finished looking for orphan Actors (0.000 secs)
[2017.10.16-01.13.59:481][  0]Cmd: MAP CHECKDEP NOCLEARLOG
[2017.10.16-01.13.59:517][  0]MapCheck: Info Map check complete: 0 Error(s), 0 Warning(s), took 36.508ms to complete.
[2017.10.16-01.13.59:517][  0]LogFileHelpers: Loading map 'default' took 1.508
[2017.10.16-01.13.59:575][  0]LogWindowsTextInputMethodSystem:Display: IME system now deactivated.
[2017.10.16-01.13.59:663][  0]LogCollectionManager: Loaded 0 collections in 0.001487 seconds
[2017.10.16-01.13.59:729][  0]LogFileCache: Scanning file cache for directory 'D:/CastleGuardCurrent/CastleGuardPhase2/CastleGuardReborn/Saved/Collections/' took 0.01s
[2017.10.16-01.13.59:729][  0]LogFileCache: Scanning file cache for directory 'D:/CastleGuardCurrent/CastleGuardPhase2/CastleGuardReborn/Content/Developers/studentuser/Collections/' took 0.01s
[2017.10.16-01.13.59:729][  0]LogFileCache: Scanning file cache for directory 'D:/CastleGuardCurrent/CastleGuardPhase2/CastleGuardReborn/Content/Collections/' took 0.01s
[2017.10.16-01.13.59:729][  0]LogCollectionManager: Rebuilt the GUID cache for 0 collections in 0.000001 seconds
[2017.10.16-01.13.59:735][  0]LogContentBrowser: Native class hierarchy populated in 0.0064 seconds. Added 2330 classes and 494 folders.
[2017.10.16-01.13.59:782][  0]LogContentBrowser: Native class hierarchy updated for 'WidgetCarousel' in 0.0004 seconds. Added 0 classes and 0 folders.
[2017.10.16-01.13.59:805][  0]LogContentBrowser: Native class hierarchy updated for 'AddContentDialog' in 0.0004 seconds. Added 0 classes and 0 folders.
[2017.10.16-01.13.59:836][  0]LogContentBrowser: Native class hierarchy updated for 'SceneOutliner' in 0.0004 seconds. Added 1 classes and 2 folders.
[2017.10.16-01.13.59:867][  0]LogCrashTracker: Crashtracker disabled due to settings.
[2017.10.16-01.13.59:872][  0]LogSlate: Took 0.000127 seconds to synchronously load lazily loaded font '../../../Engine/Content/Slate/Fonts/Roboto-Regular.ttf' (155K)
[2017.10.16-01.13.59:874][  0]LogSlate: Took 0.000130 seconds to synchronously load lazily loaded font '../../../Engine/Content/Slate/Fonts/Roboto-Bold.ttf' (160K)
[2017.10.16-01.13.59:877][  0]LogSlate: Took 0.000100 seconds to synchronously load lazily loaded font '../../../Engine/Content/Editor/Slate/Fonts/FontAwesome.ttf' (139K)
[2017.10.16-01.13.59:946][  0]LogRenderer: Reallocating scene render targets to support 1196x576 NumSamples 1 (Frame:1).
[2017.10.16-01.14.00:032][  0]LogUObjectGlobals:Warning: Failed to find object 'Class None.'
[2017.10.16-01.14.00:086][  0]LogContentBrowser: Native class hierarchy updated for 'HierarchicalLODOutliner' in 0.0004 seconds. Added 1 classes and 2 folders.
[2017.10.16-01.14.00:086][  0]LogLoad: (Engine Initialization) Total time: 16.40 seconds
[2017.10.16-01.14.00:086][  0]LogLoad: (Engine Initialization) Total Blueprint compile time: 0.39 seconds
[2017.10.16-01.14.00:086][  0]LogExternalProfiler: Found external profiler: VSPerf
[2017.10.16-01.14.00:086][  0]LogExternalProfiler: Using external profiler: VSPerf
[2017.10.16-01.14.00:097][  0]LogOcInput: OculusInput pre-init called
[2017.10.16-01.14.00:098][  0]LogHMD: Starting GearVRController plugin
[2017.10.16-01.14.00:098][  0]LogSteamVRController: Controller role for device 1 is 2 (invalid=0, left=1, right=2).
[2017.10.16-01.14.00:098][  0]LogSteamVRController:Warning: Controller device 1 is being assigned to its prefered role 'right'.
[2017.10.16-01.14.00:098][  0]LogSteamVRController: Controller device 1 is being assigned unreal hand 1 (left=0, right=1).
[2017.10.16-01.14.00:114][  0]LogAssetRegistry: Asset discovery search completed in 11.4562 seconds
[2017.10.16-01.14.00:115][  0]LogCollectionManager: Rebuilt the object cache for 0 collections in 0.000001 seconds (found 0 objects)
[2017.10.16-01.14.00:116][  0]LogCollectionManager: Fixed up redirectors for 0 collections in 0.000037 seconds (updated 0 objects)
[2017.10.16-01.14.00:119][  0]LogContentStreaming: Texture pool size now 1000 MB
[2017.10.16-01.14.00:180][  0]LogSlate: Took 0.000133 seconds to synchronously load lazily loaded font '../../../Engine/Content/Slate/Fonts/Roboto-Light.ttf' (159K)
[2017.10.16-01.14.01:112][ 97]LogSlate: Took 0.000159 seconds to synchronously load lazily loaded font '../../../Engine/Content/Slate/Fonts/Roboto-Light.ttf' (159K)
[2017.10.16-01.14.06:381][727]LogEditorViewport: Clicking on Actor (LMB): SM_TestDoor_Blueprint_C (SM_TestDoor_Blueprint)
[2017.10.16-01.14.06:456][728]Cmd: CAMERA ALIGN ACTIVEVIEWPORTONLY
[2017.10.16-02.53.10:511][213]LogEditorViewport: Clicking on Actor (LMB): SoldierAttackPosition_C (AiAttackPosition)
[2017.10.16-02.53.15:940][835]LogEditorViewport: Clicking on Actor (LMB): SoldierAttackPosition_C (AiAttackPosition2)
[2017.10.16-02.53.20:485][373]LogEditorViewport: Clicking on Actor (LMB): BatteringRamAttackPosition_C (BatteringRamAttackPosition2)
[2017.10.16-02.57.21:720][556]LogSlate: Took 0.000125 seconds to synchronously load lazily loaded font '../../../Engine/Content/Slate/Fonts/Roboto-Light.ttf' (159K)
[2017.10.16-02.57.21:732][556]LogAssetTools:Warning: Failed to import 'D:\CastleGuardCurrent\CastleGuardPhase2\CastleGuardReborn\Content\Temporaryassets\RamTemp.mb'. Unknown extension 'mb'.
[2017.10.16-02.57.58:270][ 92]LogFactory: FactoryCreateFile: StaticMesh with FbxFactory (0 0 D:\CastleGuardCurrent\CastleGuardPhase2\CastleGuardReborn\Content\Temporaryassets\RamTemp.obj)
[2017.10.16-02.57.58:309][ 92]LogFbx: Loading FBX Scene from D:\CastleGuardCurrent\CastleGuardPhase2\CastleGuardReborn\Content\Temporaryassets\RamTemp.obj
[2017.10.16-02.57.58:773][ 92]LogFbx: FBX Scene Loaded Succesfully
[2017.10.16-02.58.03:845][ 92]LogFbx: Loading FBX Scene from D:\CastleGuardCurrent\CastleGuardPhase2\CastleGuardReborn\Content\Temporaryassets\RamTemp.obj
[2017.10.16-02.58.04:289][ 92]LogFbx: FBX Scene Loaded Succesfully
[2017.10.16-02.58.04:294][ 92]LogLinker: Can't find file '/Game/Temporaryassets/initialShadingGroup'
[2017.10.16-02.58.04:294][ 92]LogLinker: Can't find file '/Game/Temporaryassets/initialShadingGroup'
[2017.10.16-02.58.04:298][ 92]LogMaterial: Missing cached shader map for material initialShadingGroup, compiling. 
[2017.10.16-02.58.04:335][ 92]LogFbx:Warning: Triangulating static mesh polySurface1
[2017.10.16-02.58.07:672][ 92]LogStaticMesh: Building static mesh RamTemp...
[2017.10.16-02.58.07:747][ 92]LogMeshUtilities: Invalid vertex normals found for mesh. Forcing recomputation of vertex normals for MikkTSpace. Fix mesh or disable "Use MikkTSpace Tangent Space" to avoid forced recomputation of normals.
[2017.10.16-02.58.11:625][ 92]LogStaticMesh: Built static mesh [3.95s] /Game/Temporaryassets/RamTemp.RamTemp
[2017.10.16-02.58.11:626][ 92]LogSlate: Took 0.000132 seconds to synchronously load lazily loaded font '../../../Engine/Content/Slate/Fonts/Roboto-Regular.ttf' (155K)
[2017.10.16-02.58.11:772][ 92]LogStaticMesh:Warning: RamTemp has degenerate tangent bases which will result in incorrect shading.  MikkTSpace relies on tangent bases and may result in mesh corruption, consider disabling this option.
[2017.10.16-02.58.11:918][ 92]FBXImport:Warning: Warning No smoothing group information was found in this FBX scene.  Please make sure to enable the 'Export Smoothing Groups' option in the FBX Exporter plug-in before exporting the file.  Even for tools that don't support smoothing groups, the FBX Exporter will generate appropriate smoothing data at export-time so that correct vertex normals can be inferred while importing. 
[2017.10.16-02.58.11:918][ 92]FBXImport:Warning: Warning RamTemp has degenerate tangent bases which will result in incorrect shading.  MikkTSpace relies on tangent bases and may result in mesh corruption, consider disabling this option. 
[2017.10.16-02.58.16:014][553]LogActorFactory: Actor Factory created RamTemp
[2017.10.16-02.58.19:198][905]LogActorFactory: Actor Factory created RamTemp
[2017.10.16-02.58.20:460][ 49]Cmd: CAMERA ALIGN ACTIVEVIEWPORTONLY
[2017.10.16-02.58.27:934][892]Cmd: CAMERA ALIGN ACTIVEVIEWPORTONLY
[2017.10.16-02.58.45:753][939]Cmd: CAMERA ALIGN ACTIVEVIEWPORTONLY
[2017.10.16-02.59.30:034][180]Cmd: CAMERA ALIGN ACTIVEVIEWPORTONLY
[2017.10.16-02.59.45:739][ 14]LogScriptCore:Warning: Script Msg: Attempted to access index 0 from array CallFunc_GetAllActorsOfClass_OutActors of length 0!
[2017.10.16-02.59.45:739][ 14]LogScript:Warning: Accessed None trying to read property CallFunc_Array_Get_Item
	BP_CatapultRock_C /Engine/Transient.World_7:PersistentLevel.BP_CatapultRock_C_0
	Function /Game/Vive/Blueprints/CatapultProjectiles/BP_CatapultRock.BP_CatapultRock_C:UserConstructionScript:00D9
[2017.10.16-02.59.51:219][626]LogEditorViewport: Clicking on Actor (LMB): Catapult_C (Catapult)
[2017.10.16-02.59.53:270][868]Cmd: DELETE
[2017.10.16-02.59.53:270][868]Cmd: ACTOR DELETE
[2017.10.16-02.59.53:286][868]LogEditorActor: Deleted Actor: Catapult_C
[2017.10.16-02.59.53:299][868]LogEditorActor: Deleted 1 Actors (0.018 secs)
[2017.10.16-03.00.01:864][890]LogActorFactory: Actor Factory created VC_BatteringRamPrototype
[2017.10.16-03.00.02:304][941]LogActorFactory: Actor Factory created VC_BatteringRamPrototype
[2017.10.16-03.00.14:939][435]LogEditorViewport: Clicking on Actor (LMB): StaticMeshActor (RamTemp)
[2017.10.16-03.00.28:812][ 19]LogEditorViewport: Clicking on Actor (LMB): SoldierAttackPosition_C (AiAttackPosition2)
[2017.10.16-03.00.47:947][287]LogEditorViewport: Clicking on Actor (LMB): Landscape (Landscape1)
[2017.10.16-03.00.48:232][313]LogEditorViewport: Clicking on Actor (LMB): Landscape (Landscape1)
[2017.10.16-03.00.48:585][350]LogEditorViewport: Clicking on Actor (LMB): StaticMeshActor (RamTemp)
[2017.10.16-03.00.49:450][448]LogSlate: Took 0.000155 seconds to synchronously load lazily loaded font '../../../Engine/Content/Editor/Slate/Fonts/Roboto-Italic.ttf' (157K)
[2017.10.16-03.00.54:994][107]LogEditorViewport: Clicking on Actor (LMB): Landscape (Landscape1)
[2017.10.16-03.00.58:986][520]Cmd: TRANSACTION UNDO
[2017.10.16-03.00.58:986][520]LogEditorTransaction: Undo Move Actors
[2017.10.16-03.01.09:899][600]Cmd: CAMERA ALIGN ACTIVEVIEWPORTONLY
[2017.10.16-03.01.33:862][429]LogEditorViewport: Clicking on Actor (LMB): SkeletalMeshActor (SK_Mannequin)
[2017.10.16-03.01.38:424][915]Cmd: CAMERA ALIGN ACTIVEVIEWPORTONLY
[2017.10.16-03.01.43:638][534]LogEditorViewport: Clicking on Actor (LMB): SoldierAttackPosition_C (AiAttackPosition2)
[2017.10.16-03.01.44:424][625]LogEditorViewport: Clicking on Actor (LMB): SkeletalMeshActor (SK_Mannequin)
[2017.10.16-03.01.54:096][765]Cmd: EDIT COPY
[2017.10.16-03.01.54:247][782]Cmd: EDIT PASTE
[2017.10.16-03.02.10:245][640]LogEditorViewport: Clicking on Actor (LMB): SkeletalMeshActor (SK_Mannequin)
[2017.10.16-03.02.14:571][150]LogEditorViewport: Clicking on Actor (LMB): Landscape (Landscape1)
[2017.10.16-03.02.16:445][351]LogEditorViewport: Clicking on Actor (LMB): SkeletalMeshActor (SK_Mannequin)
[2017.10.16-03.02.36:819][784]LogEditorViewport: Clicking on Actor (LMB): StaticMeshActor (RamTemp)
[2017.10.16-03.02.42:197][399]LogEditorViewport: Clicking on Actor (LMB): SkeletalMeshActor (SK_Mannequin2)
[2017.10.16-03.03.54:497][906]LogEditorViewport: Clicking on Actor (LMB): Landscape (Landscape1)
[2017.10.16-03.03.54:853][945]LogEditorViewport: Clicking on Actor (LMB): StaticMeshActor (RamTemp)
[2017.10.16-03.03.55:149][976]LogEditorViewport: Clicking on Actor (LMB): StaticMeshActor (RamTemp)
[2017.10.16-03.03.55:730][ 44]LogEditorViewport: Clicking on Actor (CTRL LMB): SkeletalMeshActor (SK_Mannequin)
[2017.10.16-03.03.56:355][116]LogEditorViewport: Clicking on Actor (CTRL LMB): SkeletalMeshActor (SK_Mannequin2)
[2017.10.16-03.03.57:070][199]Cmd: EDIT COPY
[2017.10.16-03.03.57:238][219]Cmd: EDIT PASTE
[2017.10.16-03.04.08:507][562]LogEditorViewport: Clicking on Actor (LMB): Landscape (Landscape1)
[2017.10.16-03.04.08:942][610]LogEditorViewport: Clicking on Actor (LMB): StaticMeshActor (RamTemp)
[2017.10.16-03.04.09:945][726]LogEditorViewport: Clicking on Actor (CTRL LMB): SkeletalMeshActor (SK_Mannequin2)
[2017.10.16-03.04.10:913][839]LogEditorViewport: Clicking on Actor (CTRL LMB): SkeletalMeshActor (SK_Mannequin)
[2017.10.16-03.04.15:113][288]LogEditorViewport: Clicking on Actor (CTRL LMB): StaticMeshActor (RamTemp2)
[2017.10.16-03.04.16:255][422]Cmd: EDIT COPY
[2017.10.16-03.04.16:399][439]Cmd: EDIT PASTE
[2017.10.16-03.04.29:981][  1]LogEditorViewport: Clicking on Actor (LMB): StaticMeshActor (RamTemp)
[2017.10.16-03.04.30:783][ 94]LogEditorViewport: Clicking on Actor (CTRL LMB): StaticMeshActor (RamTemp2)
[2017.10.16-03.04.35:760][664]LogEditorViewport: Clicking on Actor (LMB): StaticMeshActor (RamTemp4)
[2017.10.16-03.04.36:543][749]LogEditorViewport: Clicking on Actor (LMB): Landscape (Landscape1)
[2017.10.16-03.04.36:635][750]LogEditorViewport: Clicking on Actor (double click): Landscape (Landscape1)
[2017.10.16-03.04.37:274][813]LogEditorViewport: Clicking on Actor (LMB): StaticMeshActor (RamTemp4)
[2017.10.16-03.04.41:296][253]LogEditorViewport: Clicking on Actor (LMB): Landscape (Landscape1)
[2017.10.16-03.04.41:815][307]LogEditorViewport: Clicking on Actor (LMB): StaticMeshActor (RamTemp4)
[2017.10.16-03.04.42:464][382]Cmd: TRANSACTION UNDO
[2017.10.16-03.04.42:464][382]LogEditorTransaction: Undo Clicking on Actors
[2017.10.16-03.04.43:375][485]LogEditorViewport: Clicking on Actor (LMB): StaticMeshActor (RamTemp)
[2017.10.16-03.04.48:992][111]LogEditorViewport: Clicking on Actor (LMB): SoldierAttackPosition_C (AiAttackPosition2)
[2017.10.16-03.04.52:103][474]LogEditorViewport: Clicking on Actor (LMB): BatteringRamAttackPosition_C (BatteringRamAttackPosition)
[2017.10.16-03.04.53:908][687]LogEditorViewport: Clicking on Actor (LMB): SoldierAttackPosition_C (AiAttackPosition)
[2017.10.16-03.05.22:660][120]LogEditorViewport: Clicking on Actor (LMB): SM_TestDoor_Blueprint_C (SM_TestDoor_Blueprint)
[2017.10.16-03.05.28:684][812]LogEditorViewport: Clicking on Actor (LMB): SkeletalMeshActor (SK_Mannequin)
[2017.10.16-03.05.29:259][871]LogEditorViewport: Clicking on Actor (LMB): SkeletalMeshActor (SK_Mannequin)
[2017.10.16-03.05.30:500][ 18]LogEditorViewport: Clicking on Actor (LMB): SkeletalMeshActor (SK_Mannequin8)
[2017.10.16-03.05.36:608][713]LogMaterial: Missing cached shader map for material Material_0, compiling. 
[2017.10.16-03.05.36:773][715]LogMaterial: Missing cached shader map for material Material_1, compiling. 
[2017.10.16-03.05.36:900][716]LogMaterial: Missing cached shader map for material Material_2, compiling. 
[2017.10.16-03.05.37:074][718]LogMaterial: Missing cached shader map for material Material_3, compiling. 
[2017.10.16-03.06.02:456][214]Cmd: CAMERA ALIGN ACTIVEVIEWPORTONLY
[2017.10.16-03.06.07:140][760]LogEditorViewport: Clicking on Actor (context menu): SM_TestDoor_Blueprint_C (SM_TestDoor_Blueprint)
[2017.10.16-03.06.08:064][863]LogEditorViewport: Clicking on Actor (LMB): SkeletalMeshActor (SK_Mannequin9)
[2017.10.16-03.06.08:227][878]Cmd: CAMERA ALIGN ACTIVEVIEWPORTONLY
[2017.10.16-03.06.16:921][870]Cmd: CAMERA ALIGN ACTIVEVIEWPORTONLY
[2017.10.16-03.06.29:828][367]Cmd: EDIT COPY
[2017.10.16-03.06.30:131][401]Cmd: EDIT PASTE
[2017.10.16-03.06.35:450][ 31]Cmd: DELETE
[2017.10.16-03.06.35:450][ 31]Cmd: ACTOR DELETE
[2017.10.16-03.06.35:455][ 31]LogEditorActor: Deleted Actor: SkeletalMeshActor
[2017.10.16-03.06.35:465][ 31]LogEditorActor: Deleted 1 Actors (0.015 secs)
[2017.10.16-03.06.36:542][160]LogEditorViewport: Clicking on Actor (LMB): SkeletalMeshActor (SK_Mannequin9)
[2017.10.16-03.06.38:320][368]Cmd: DELETE
[2017.10.16-03.06.38:320][368]Cmd: ACTOR DELETE
[2017.10.16-03.06.38:325][368]LogEditorActor: Deleted Actor: SkeletalMeshActor
[2017.10.16-03.06.38:334][368]LogEditorActor: Deleted 1 Actors (0.014 secs)
[2017.10.16-03.06.39:186][470]LogEditorViewport: Clicking on Actor (LMB): SkeletalMeshActor (SK_Mannequin2)
[2017.10.16-03.06.39:679][526]LogEditorViewport: Clicking on Actor (LMB): SkeletalMeshActor (SK_Mannequin2)
[2017.10.16-03.06.41:935][774]LogEditorViewport: Clicking on Actor (LMB): SkeletalMeshActor (SK_Mannequin3)
[2017.10.16-03.06.56:050][380]LogEditorViewport: Clicking on Actor (LMB): StaticMeshActor (RamTemp3)
[2017.10.16-03.10.58:098][275]LogSteamVRController: Controller role for device 4 is 0 (invalid=0, left=1, right=2).
[2017.10.16-03.10.58:098][275]LogSteamVRController: Putting controller 4 on the left hand because there is already a controller for the right.
[2017.10.16-03.10.58:098][275]LogSteamVRController: Controller device 4 is being assigned unreal hand 0 (left=0, right=1).
[2017.10.16-05.09.46:800][379]Cmd: QUIT_EDITOR
[2017.10.16-05.09.46:845][379]LogWindowsTextInputMethodSystem:Display: IME system now deactivated.
[2017.10.16-05.09.46:861][379]LogExit: Preparing to exit.
[2017.10.16-05.09.48:134][379]LogExit: Editor shut down
[2017.10.16-05.09.48:157][379]LogExit: Transaction tracking system shut down
[2017.10.16-05.09.48:388][379]LogObj: Freed 0b from 0 cluster array pools.
[2017.10.16-05.09.48:389][379]LogExit: Object subsystem successfully closed.
[2017.10.16-05.09.48:430][379]LogD3D11RHI: Shutdown
[2017.10.16-05.09.48:430][379]LogD3D11RHI: CleanupD3DDevice
[2017.10.16-05.09.48:506][379]LogD3D11RHI: ~FD3D11DynamicRHI
[2017.10.16-05.09.48:519][379]LogModuleManager: Shutting down and abandoning module HierarchicalLODOutliner (526)
[2017.10.16-05.09.48:519][379]LogModuleManager: Shutting down and abandoning module CrashTracker (524)
[2017.10.16-05.09.48:519][379]LogModuleManager: Shutting down and abandoning module SceneOutliner (522)
[2017.10.16-05.09.48:519][379]LogModuleManager: Shutting down and abandoning module AddContentDialog (520)
[2017.10.16-05.09.48:519][379]LogDirectoryWatcher: A directory notification for 'C:/Program Files/Epic Games/UE_4.16/FeaturePacks/' was aborted.
[2017.10.16-05.09.48:525][379]LogModuleManager: Shutting down and abandoning module WidgetCarousel (519)
[2017.10.16-05.09.48:525][379]LogModuleManager: Shutting down and abandoning module EditorWidgets (516)
[2017.10.16-05.09.48:525][379]LogModuleManager: Shutting down and abandoning module CollectionManager (514)
[2017.10.16-05.09.48:525][379]LogDirectoryWatcher: A directory notification for 'D:/CastleGuardCurrent/CastleGuardPhase2/CastleGuardReborn/Content/Collections/' was aborted.
[2017.10.16-05.09.48:525][379]LogDirectoryWatcher: A directory notification for 'D:/CastleGuardCurrent/CastleGuardPhase2/CastleGuardReborn/Content/Developers/studentuser/Collections/' was aborted.
[2017.10.16-05.09.48:525][379]LogDirectoryWatcher: A directory notification for 'D:/CastleGuardCurrent/CastleGuardPhase2/CastleGuardReborn/Saved/Collections/' was aborted.
[2017.10.16-05.09.48:525][379]LogModuleManager: Shutting down and abandoning module WorldBrowser (512)
[2017.10.16-05.09.48:525][379]LogModuleManager: Shutting down and abandoning module StatsViewer (510)
[2017.10.16-05.09.48:525][379]LogModuleManager: Shutting down and abandoning module FoliageEdit (508)
[2017.10.16-05.09.48:525][379]LogModuleManager: Shutting down and abandoning module LandscapeEditor (506)
[2017.10.16-05.09.48:526][379]LogModuleManager: Shutting down and abandoning module MeshPaintMode (504)
[2017.10.16-05.09.48:526][379]LogModuleManager: Shutting down and abandoning module SceneDepthPickerMode (502)
[2017.10.16-05.09.48:526][379]LogModuleManager: Shutting down and abandoning module ActorPickerMode (500)
[2017.10.16-05.09.48:526][379]LogModuleManager: Shutting down and abandoning module GeometryMode (498)
[2017.10.16-05.09.48:526][379]LogModuleManager: Shutting down and abandoning module TextureAlignMode (496)
[2017.10.16-05.09.48:526][379]LogModuleManager: Shutting down and abandoning module BspMode (494)
[2017.10.16-05.09.48:526][379]LogModuleManager: Shutting down and abandoning module HardwareSurvey (492)
[2017.10.16-05.09.48:526][379]LogModuleManager: Shutting down and abandoning module SequenceRecorderSections (490)
[2017.10.16-05.09.48:526][379]LogModuleManager: Shutting down and abandoning module AutomationWorker (488)
[2017.10.16-05.09.48:526][379]LogModuleManager: Shutting down and abandoning module MatineeToLevelSequence (486)
[2017.10.16-05.09.48:526][379]LogModuleManager: Shutting down and abandoning module LevelSequenceEditor (484)
[2017.10.16-05.09.48:526][379]LogModuleManager: Shutting down and abandoning module PlacementMode (483)
[2017.10.16-05.09.48:526][379]LogModuleManager: Shutting down and abandoning module WmfMediaFactory (480)
[2017.10.16-05.09.48:526][379]LogModuleManager: Shutting down and abandoning module WmfMediaEditor (478)
[2017.10.16-05.09.48:526][379]LogModuleManager: Shutting down and abandoning module AvfMediaFactory (476)
[2017.10.16-05.09.48:526][379]LogModuleManager: Shutting down and abandoning module AvfMediaEditor (474)
[2017.10.16-05.09.48:526][379]LogModuleManager: Shutting down and abandoning module AndroidMediaFactory (472)
[2017.10.16-05.09.48:526][379]LogModuleManager: Shutting down and abandoning module Media (471)
[2017.10.16-05.09.48:526][379]LogModuleManager: Shutting down and abandoning module AndroidMediaEditor (468)
[2017.10.16-05.09.48:526][379]LogModuleManager: Shutting down and abandoning module CharacterAI (466)
[2017.10.16-05.09.48:526][379]LogModuleManager: Shutting down and abandoning module AudioCapture (464)
[2017.10.16-05.09.48:526][379]LogModuleManager: Shutting down and abandoning module SequenceRecorder (463)
[2017.10.16-05.09.48:526][379]LogModuleManager: Shutting down and abandoning module SmartSnapping (460)
[2017.10.16-05.09.48:526][379]LogModuleManager: Shutting down and abandoning module SessionServices (458)
[2017.10.16-05.09.48:526][379]LogModuleManager: Shutting down and abandoning module ViewportSnapping (456)
[2017.10.16-05.09.48:526][379]LogModuleManager: Shutting down and abandoning module ViewportInteraction (454)
[2017.10.16-05.09.48:526][379]LogModuleManager: Shutting down and abandoning module ClothPainter (452)
[2017.10.16-05.09.48:526][379]LogModuleManager: Shutting down and abandoning module LogVisualizer (450)
[2017.10.16-05.09.48:526][379]LogModuleManager: Shutting down and abandoning module IntroTutorials (448)
[2017.10.16-05.09.48:526][379]LogModuleManager: Shutting down and abandoning module GameProjectGeneration (447)
[2017.10.16-05.09.48:526][379]LogModuleManager: Shutting down and abandoning module EditorLiveStreaming (444)
[2017.10.16-05.09.48:526][379]LogModuleManager: Shutting down and abandoning module IOSPlatformEditor (442)
[2017.10.16-05.09.48:526][379]LogModuleManager: Shutting down and abandoning module HTML5PlatformEditor (440)
[2017.10.16-05.09.48:526][379]LogModuleManager: Shutting down and abandoning module AndroidPlatformEditor (438)
[2017.10.16-05.09.48:527][379]LogModuleManager: Shutting down and abandoning module AndroidDeviceDetection (437)
[2017.10.16-05.09.48:684][379]LogModuleManager: Shutting down and abandoning module IOSRuntimeSettings (434)
[2017.10.16-05.09.48:684][379]LogModuleManager: Shutting down and abandoning module AndroidRuntimeSettings (432)
[2017.10.16-05.09.48:684][379]LogModuleManager: Shutting down and abandoning module InputBindingEditor (430)
[2017.10.16-05.09.48:684][379]LogModuleManager: Shutting down and abandoning module MergeActors (428)
[2017.10.16-05.09.48:684][379]LogModuleManager: Shutting down and abandoning module SizeMap (426)
[2017.10.16-05.09.48:684][379]LogModuleManager: Shutting down and abandoning module TreeMap (424)
[2017.10.16-05.09.48:684][379]LogModuleManager: Shutting down and abandoning module ReferenceViewer (422)
[2017.10.16-05.09.48:684][379]LogModuleManager: Shutting down and abandoning module LocalizationDashboard (420)
[2017.10.16-05.09.48:684][379]LogModuleManager: Shutting down and abandoning module LocalizationService (419)
[2017.10.16-05.09.48:684][379]LogModuleManager: Shutting down and abandoning module HardwareTargeting (416)
[2017.10.16-05.09.48:684][379]LogModuleManager: Shutting down and abandoning module DeviceProfileEditor (414)
[2017.10.16-05.09.48:685][379]LogModuleManager: Shutting down and abandoning module UndoHistory (412)
[2017.10.16-05.09.48:685][379]LogModuleManager: Shutting down and abandoning module UserFeedback (410)
[2017.10.16-05.09.48:685][379]LogModuleManager: Shutting down and abandoning module XmlParser (408)
[2017.10.16-05.09.48:685][379]LogModuleManager: Shutting down and abandoning module Blutility (406)
[2017.10.16-05.09.48:685][379]LogModuleManager: Shutting down and abandoning module ProjectSettingsViewer (404)
[2017.10.16-05.09.48:685][379]LogModuleManager: Shutting down and abandoning module ProjectTargetPlatformEditor (403)
[2017.10.16-05.09.48:685][379]LogModuleManager: Shutting down and abandoning module EditorSettingsViewer (400)
[2017.10.16-05.09.48:685][379]LogModuleManager: Shutting down and abandoning module SettingsEditor (398)
[2017.10.16-05.09.48:685][379]LogModuleManager: Shutting down and abandoning module ProjectLauncher (396)
[2017.10.16-05.09.48:685][379]LogModuleManager: Shutting down and abandoning module SessionFrontend (394)
[2017.10.16-05.09.48:685][379]LogModuleManager: Shutting down and abandoning module ProfilerClient (392)
[2017.10.16-05.09.48:685][379]LogModuleManager: Shutting down and abandoning module DeviceManager (390)
[2017.10.16-05.09.48:685][379]LogModuleManager: Shutting down and abandoning module TargetDeviceServices (389)
[2017.10.16-05.09.48:751][379]LogModuleManager: Shutting down and abandoning module AutomationController (386)
[2017.10.16-05.09.48:751][379]LogModuleManager: Shutting down and abandoning module AutomationWindow (384)
[2017.10.16-05.09.48:751][379]LogModuleManager: Shutting down and abandoning module Layers (382)
[2017.10.16-05.09.48:751][379]LogModuleManager: Shutting down and abandoning module ComponentVisualizers (380)
[2017.10.16-05.09.48:751][379]LogModuleManager: Shutting down and abandoning module DetailCustomizations (378)
[2017.10.16-05.09.48:751][379]LogModuleManager: Shutting down and abandoning module PackagesDialog (376)
[2017.10.16-05.09.48:751][379]LogModuleManager: Shutting down and abandoning module Persona (374)
[2017.10.16-05.09.48:751][379]LogModuleManager: Shutting down and abandoning module AdvancedPreviewScene (373)
[2017.10.16-05.09.48:751][379]LogModuleManager: Shutting down and abandoning module AnimGraph (371)
[2017.10.16-05.09.48:751][379]LogModuleManager: Shutting down and abandoning module Kismet (368)
[2017.10.16-05.09.48:753][379]LogModuleManager: Shutting down and abandoning module ClassViewer (366)
[2017.10.16-05.09.48:753][379]LogModuleManager: Shutting down and abandoning module Toolbox (364)
[2017.10.16-05.09.48:753][379]LogModuleManager: Shutting down and abandoning module ModuleUI (362)
[2017.10.16-05.09.48:753][379]LogModuleManager: Shutting down and abandoning module MovieSceneTools (360)
[2017.10.16-05.09.48:753][379]LogModuleManager: Shutting down and abandoning module OutputLog (358)
[2017.10.16-05.09.48:753][379]LogModuleManager: Shutting down and abandoning module GammaUI (356)
[2017.10.16-05.09.48:753][379]LogModuleManager: Shutting down and abandoning module Documentation (354)
[2017.10.16-05.09.48:753][379]LogModuleManager: Shutting down and abandoning module MovieSceneTracks (352)
[2017.10.16-05.09.48:753][379]LogModuleManager: Shutting down and abandoning module MovieScene (350)
[2017.10.16-05.09.48:753][379]LogModuleManager: Shutting down and abandoning module Niagara (348)
[2017.10.16-05.09.48:753][379]LogModuleManager: Shutting down and abandoning module NiagaraEditor (347)
[2017.10.16-05.09.48:753][379]LogModuleManager: Shutting down and abandoning module StreamingPauseRendering (344)
[2017.10.16-05.09.48:753][379]LogModuleManager: Shutting down and abandoning module AnalyticsET (342)
[2017.10.16-05.09.48:753][379]LogModuleManager: Shutting down and abandoning module PortalServices (340)
[2017.10.16-05.09.48:753][379]LogModuleManager: Shutting down and abandoning module PortalRpc (338)
[2017.10.16-05.09.48:753][379]LogModuleManager: Shutting down and abandoning module MessagingRpc (336)
[2017.10.16-05.09.48:753][379]LogModuleManager: Shutting down and abandoning module AIModule (334)
[2017.10.16-05.09.48:753][379]LogModuleManager: Shutting down and abandoning module GameplayDebugger (333)
[2017.10.16-05.09.48:753][379]LogModuleManager: Shutting down and abandoning module AITestSuite (331)
[2017.10.16-05.09.48:753][379]LogModuleManager: Shutting down and abandoning module ProfilerService (328)
[2017.10.16-05.09.48:906][379]LogModuleManager: Shutting down and abandoning module TaskGraph (326)
[2017.10.16-05.09.48:906][379]LogModuleManager: Shutting down and abandoning module SteamVRController (324)
[2017.10.16-05.09.48:906][379]LogModuleManager: Shutting down and abandoning module SteamVR (322)
[2017.10.16-05.09.48:906][379]LogModuleManager: Shutting down and abandoning module ProceduralMeshComponentEditor (320)
[2017.10.16-05.09.48:906][379]LogModuleManager: Shutting down and abandoning module ProceduralMeshComponent (318)
[2017.10.16-05.09.48:906][379]LogModuleManager: Shutting down and abandoning module OculusLibrary (316)
[2017.10.16-05.09.48:906][379]LogModuleManager: Shutting down and abandoning module OculusInput (314)
[2017.10.16-05.09.48:906][379]LogModuleManager: Shutting down and abandoning module MobilePatchingUtils (312)
[2017.10.16-05.09.48:906][379]LogModuleManager: Shutting down and abandoning module CustomMeshComponent (310)
[2017.10.16-05.09.48:906][379]LogModuleManager: Shutting down and abandoning module CableComponent (308)
[2017.10.16-05.09.48:906][379]LogModuleManager: Shutting down and abandoning module ArchVisCharacter (306)
[2017.10.16-05.09.48:906][379]LogModuleManager: Shutting down and abandoning module AndroidPermission (304)
[2017.10.16-05.09.48:906][379]LogModuleManager: Shutting down and abandoning module MediaPlayerEditor (300)
[2017.10.16-05.09.48:906][379]LogModuleManager: Shutting down and abandoning module HTML5Networking (298)
[2017.10.16-05.09.48:906][379]LogModuleManager: Shutting down and abandoning module AlembicImporter (296)
[2017.10.16-05.09.48:906][379]LogModuleManager: Shutting down and abandoning module AlembicLibrary (295)
[2017.10.16-05.09.48:906][379]LogModuleManager: Shutting down and abandoning module GeometryCache (294)
[2017.10.16-05.09.48:906][379]LogModuleManager: Shutting down and abandoning module GeometryCacheEd (293)
[2017.10.16-05.09.48:906][379]LogModuleManager: Shutting down and abandoning module SuperSearchEditor (288)
[2017.10.16-05.09.48:906][379]LogModuleManager: Shutting down and abandoning module SuperSearch (287)
[2017.10.16-05.09.48:906][379]LogModuleManager: Shutting down and abandoning module SpeedTreeImporter (284)
[2017.10.16-05.09.48:906][379]LogModuleManager: Shutting down and abandoning module PluginBrowser (282)
[2017.10.16-05.09.48:906][379]LogModuleManager: Shutting down and abandoning module MobileLauncherProfileWizard (280)
[2017.10.16-05.09.48:906][379]LogModuleManager: Shutting down and abandoning module VisualStudioSourceCodeAccess (278)
[2017.10.16-05.09.48:906][379]LogModuleManager: Shutting down and abandoning module DesktopPlatform (277)
[2017.10.16-05.09.48:906][379]LogModuleManager: Shutting down and abandoning module UObjectPlugin (274)
[2017.10.16-05.09.48:906][379]LogModuleManager: Shutting down and abandoning module SubversionSourceControl (272)
[2017.10.16-05.09.48:906][379]LogModuleManager: Shutting down and abandoning module PerforceSourceControl (270)
[2017.10.16-05.09.48:907][379]LogModuleManager: Shutting down and abandoning module GitSourceControl (268)
[2017.10.16-05.09.48:907][379]LogModuleManager: Shutting down and abandoning module SourceControl (267)
[2017.10.16-05.09.48:907][379]LogModuleManager: Shutting down and abandoning module LightPropagationVolumeEditor (264)
[2017.10.16-05.09.48:907][379]LogModuleManager: Shutting down and abandoning module PaperTiledImporter (262)
[2017.10.16-05.09.48:907][379]LogModuleManager: Shutting down and abandoning module PaperSpriteSheetImporter (260)
[2017.10.16-05.09.48:907][379]LogModuleManager: Shutting down and abandoning module Paper2DEditor (258)
[2017.10.16-05.09.48:907][379]LogModuleManager: Shutting down and abandoning module MeshPaint (257)
[2017.10.16-05.09.48:907][379]LogModuleManager: Shutting down and abandoning module LevelEditor (255)
[2017.10.16-05.09.48:908][379]LogModuleManager: Shutting down and abandoning module PixelInspectorModule (254)
[2017.10.16-05.09.48:908][379]LogModuleManager: Shutting down and abandoning module MainFrame (252)
[2017.10.16-05.09.48:908][379]LogModuleManager: Shutting down and abandoning module HotReload (251)
[2017.10.16-05.09.48:908][379]LogModuleManager: Shutting down and abandoning module PhysXVehiclesEditor (246)
[2017.10.16-05.09.48:908][379]LogModuleManager: Shutting down and abandoning module PhysXVehicles (244)
[2017.10.16-05.09.48:908][379]LogModuleManager: Shutting down and abandoning module LocationServicesBPLibrary (242)
[2017.10.16-05.09.48:908][379]LogModuleManager: Shutting down and abandoning module ImmediatePhysicsEditor (240)
[2017.10.16-05.09.48:908][379]LogModuleManager: Shutting down and abandoning module ImmediatePhysics (238)
[2017.10.16-05.09.48:908][379]LogModuleManager: Shutting down and abandoning module UdpMessaging (236)
[2017.10.16-05.09.49:009][379]LogModuleManager: Shutting down and abandoning module TcpMessaging (234)
[2017.10.16-05.09.49:109][379]LogModuleManager: Shutting down and abandoning module GameplayTagsEditor (232)
[2017.10.16-05.09.49:109][379]LogModuleManager: Shutting down and abandoning module FacialAnimationEditor (230)
[2017.10.16-05.09.49:109][379]LogModuleManager: Shutting down and abandoning module FacialAnimation (228)
[2017.10.16-05.09.49:109][379]LogModuleManager: Shutting down and abandoning module AssetManagerEditor (226)
[2017.10.16-05.09.49:109][379]LogModuleManager: Shutting down and abandoning module GraphEditor (225)
[2017.10.16-05.09.49:109][379]LogModuleManager: Shutting down and abandoning module ContentBrowser (223)
[2017.10.16-05.09.49:110][379]LogModuleManager: Shutting down and abandoning module LightPropagationVolumeRuntime (220)
[2017.10.16-05.09.49:110][379]LogModuleManager: Shutting down and abandoning module Paper2D (218)
[2017.10.16-05.09.49:110][379]LogModuleManager: Shutting down and abandoning module WindowsMoviePlayer (216)
[2017.10.16-05.09.49:110][379]LogModuleManager: Shutting down and abandoning module WmfMedia (214)
[2017.10.16-05.09.49:110][379]LogModuleManager: Shutting down and abandoning module ClothingSystemEditor (212)
[2017.10.16-05.09.49:110][379]LogModuleManager: Shutting down and abandoning module ClothingSystemRuntime (210)
[2017.10.16-05.09.49:110][379]LogModuleManager: Shutting down and abandoning module MediaAssets (208)
[2017.10.16-05.09.49:110][379]LogModuleManager: Shutting down and abandoning module GameLiveStreaming (206)
[2017.10.16-05.09.49:110][379]LogModuleManager: Shutting down and abandoning module VREditor (204)
[2017.10.16-05.09.49:110][379]LogModuleManager: Shutting down and abandoning module StringTableEditor (202)
[2017.10.16-05.09.49:110][379]LogModuleManager: Shutting down and abandoning module GameplayTasksEditor (200)
[2017.10.16-05.09.49:110][379]LogModuleManager: Shutting down and abandoning module BehaviorTreeEditor (198)
[2017.10.16-05.09.49:110][379]LogModuleManager: Shutting down and abandoning module FunctionalTesting (196)
[2017.10.16-05.09.49:110][379]LogModuleManager: Shutting down and abandoning module CollisionAnalyzer (194)
[2017.10.16-05.09.49:110][379]LogModuleManager: Shutting down and abandoning module UMG (192)
[2017.10.16-05.09.49:110][379]LogModuleManager: Shutting down and abandoning module UMGEditor (191)
[2017.10.16-05.09.49:110][379]LogModuleManager: Shutting down and abandoning module Sequencer (190)
[2017.10.16-05.09.49:110][379]LogModuleManager: Shutting down and abandoning module AssetTools (188)
[2017.10.16-05.09.49:110][379]LogModuleManager: Shutting down and abandoning module MessageLog (187)
[2017.10.16-05.09.49:110][379]LogModuleManager: Shutting down and abandoning module WorkspaceMenuStructure (186)
[2017.10.16-05.09.49:110][379]LogModuleManager: Shutting down and abandoning module SlateReflector (180)
[2017.10.16-05.09.49:110][379]LogModuleManager: Shutting down and abandoning module Slate (178)
[2017.10.16-05.09.49:110][379]LogModuleManager: Shutting down and abandoning module EditorStyle (176)
[2017.10.16-05.09.49:113][379]LogModuleManager: Shutting down and abandoning module SourceCodeAccess (174)
[2017.10.16-05.09.49:113][379]LogModuleManager: Shutting down and abandoning module HeadMountedDisplay (172)
[2017.10.16-05.09.49:113][379]LogModuleManager: Shutting down and abandoning module XAudio2 (170)
[2017.10.16-05.09.49:113][379]LogModuleManager: Shutting down and abandoning module Networking (168)
[2017.10.16-05.09.49:113][379]LogModuleManager: Shutting down and abandoning module Core (164)
[2017.10.16-05.09.49:113][379]LogModuleManager: Shutting down and abandoning module AssetRegistry (162)
[2017.10.16-05.09.49:282][379]LogDirectoryWatcher: A directory notification for '../../../Engine/Content/' was aborted.
[2017.10.16-05.09.49:283][379]LogDirectoryWatcher: A directory notification for 'D:/CastleGuardCurrent/CastleGuardPhase2/CastleGuardReborn/Content/' was aborted.
[2017.10.16-05.09.49:283][379]LogDirectoryWatcher: A directory notification for '../../../Engine/Plugins/2D/Paper2D/Content/' was aborted.
[2017.10.16-05.09.49:283][379]LogDirectoryWatcher: A directory notification for '../../../Engine/Plugins/Runtime/GearVR/Content/' was aborted.
[2017.10.16-05.09.49:286][379]LogModuleManager: Shutting down and abandoning module DirectoryWatcher (161)
[2017.10.16-05.09.49:289][379]LogModuleManager: Shutting down and abandoning module KismetCompiler (158)
[2017.10.16-05.09.49:289][379]LogModuleManager: Shutting down and abandoning module LevelSequence (156)
[2017.10.16-05.09.49:289][379]LogModuleManager: Shutting down and abandoning module PhysXFormats (154)
[2017.10.16-05.09.49:289][379]LogModuleManager: Shutting down and abandoning module MeshUtilities (152)
[2017.10.16-05.09.49:289][379]LogModuleManager: Shutting down and abandoning module SimplygonSwarm (151)
[2017.10.16-05.09.49:289][379]LogModuleManager: Shutting down and abandoning module SimplygonMeshReduction (149)
[2017.10.16-05.09.49:289][379]LogModuleManager: Shutting down and abandoning module QuadricMeshReduction (147)
[2017.10.16-05.09.49:289][379]LogModuleManager: Shutting down and abandoning module DerivedDataCache (144)
[2017.10.16-05.09.49:384][379]LogDerivedDataCache: Shutdown
[2017.10.16-05.09.49:384][379]LogModuleManager: Shutting down and abandoning module TargetPlatform (142)
[2017.10.16-05.09.49:384][379]LogModuleManager: Shutting down and abandoning module VulkanShaderFormat (141)
[2017.10.16-05.09.49:384][379]LogModuleManager: Shutting down and abandoning module ShaderFormatVectorVM (139)
[2017.10.16-05.09.49:384][379]LogModuleManager: Shutting down and abandoning module ShaderFormatOpenGL (137)
[2017.10.16-05.09.49:384][379]LogModuleManager: Shutting down and abandoning module ShaderFormatD3D (135)
[2017.10.16-05.09.49:384][379]LogModuleManager: Shutting down and abandoning module MetalShaderFormat (133)
[2017.10.16-05.09.49:385][379]LogModuleManager: Shutting down and abandoning module TextureFormatUncompressed (131)
[2017.10.16-05.09.49:385][379]LogModuleManager: Shutting down and abandoning module TextureFormatPVR (129)
[2017.10.16-05.09.49:385][379]LogModuleManager: Shutting down and abandoning module TextureFormatDXT (127)
[2017.10.16-05.09.49:385][379]LogModuleManager: Shutting down and abandoning module TextureFormatIntelISPCTexComp (125)
[2017.10.16-05.09.49:385][379]LogModuleManager: Shutting down and abandoning module TextureFormatASTC (123)
[2017.10.16-05.09.49:385][379]LogModuleManager: Shutting down and abandoning module ImageWrapper (122)
[2017.10.16-05.09.49:385][379]LogModuleManager: Shutting down and abandoning module TextureFormatAndroid (119)
[2017.10.16-05.09.49:385][379]LogModuleManager: Shutting down and abandoning module AudioFormatOpus (117)
[2017.10.16-05.09.49:385][379]LogModuleManager: Shutting down and abandoning module AudioFormatOgg (115)
[2017.10.16-05.09.49:385][379]LogModuleManager: Shutting down and abandoning module AudioFormatADPCM (113)
[2017.10.16-05.09.49:385][379]LogModuleManager: Shutting down and abandoning module LinuxTargetPlatform (111)
[2017.10.16-05.09.49:385][379]LogModuleManager: Shutting down and abandoning module LinuxServerTargetPlatform (109)
[2017.10.16-05.09.49:385][379]LogModuleManager: Shutting down and abandoning module LinuxNoEditorTargetPlatform (107)
[2017.10.16-05.09.49:385][379]LogModuleManager: Shutting down and abandoning module LinuxClientTargetPlatform (105)
[2017.10.16-05.09.49:385][379]LogModuleManager: Shutting down and abandoning module TVOSTargetPlatform (103)
[2017.10.16-05.09.49:385][379]LogModuleManager: Shutting down and abandoning module Messaging (101)
[2017.10.16-05.09.49:385][379]LogModuleManager: Shutting down and abandoning module IOSTargetPlatform (99)
[2017.10.16-05.09.49:385][379]LogModuleManager: Shutting down and abandoning module HTML5TargetPlatform (97)
[2017.10.16-05.09.49:385][379]LogModuleManager: Shutting down and abandoning module Android_PVRTCTargetPlatform (95)
[2017.10.16-05.09.49:385][379]LogModuleManager: Shutting down and abandoning module Android_MultiTargetPlatform (93)
[2017.10.16-05.09.49:385][379]LogModuleManager: Shutting down and abandoning module Android_ETC2TargetPlatform (91)
[2017.10.16-05.09.49:385][379]LogModuleManager: Shutting down and abandoning module Android_ETC1TargetPlatform (89)
[2017.10.16-05.09.49:385][379]LogModuleManager: Shutting down and abandoning module Android_DXTTargetPlatform (87)
[2017.10.16-05.09.49:385][379]LogModuleManager: Shutting down and abandoning module Android_ATCTargetPlatform (85)
[2017.10.16-05.09.49:385][379]LogModuleManager: Shutting down and abandoning module Android_ASTCTargetPlatform (83)
[2017.10.16-05.09.49:385][379]LogModuleManager: Shutting down and abandoning module AndroidTargetPlatform (81)
[2017.10.16-05.09.49:385][379]LogModuleManager: Shutting down and abandoning module WindowsTargetPlatform (79)
[2017.10.16-05.09.49:385][379]LogModuleManager: Shutting down and abandoning module WindowsServerTargetPlatform (77)
[2017.10.16-05.09.49:385][379]LogModuleManager: Shutting down and abandoning module WindowsNoEditorTargetPlatform (75)
[2017.10.16-05.09.49:385][379]LogModuleManager: Shutting down and abandoning module WindowsClientTargetPlatform (73)
[2017.10.16-05.09.49:385][379]LogModuleManager: Shutting down and abandoning module MacTargetPlatform (71)
[2017.10.16-05.09.49:385][379]LogModuleManager: Shutting down and abandoning module MacServerTargetPlatform (69)
[2017.10.16-05.09.49:385][379]LogModuleManager: Shutting down and abandoning module MacNoEditorTargetPlatform (67)
[2017.10.16-05.09.49:385][379]LogModuleManager: Shutting down and abandoning module MacClientTargetPlatform (65)
[2017.10.16-05.09.49:385][379]LogModuleManager: Shutting down and abandoning module AllDesktopTargetPlatform (63)
[2017.10.16-05.09.49:385][379]LogModuleManager: Shutting down and abandoning module InputCore (60)
[2017.10.16-05.09.49:385][379]LogModuleManager: Shutting down and abandoning module Settings (58)
[2017.10.16-05.09.49:385][379]LogModuleManager: Shutting down and abandoning module OculusRift (56)
[2017.10.16-05.09.49:385][379]LogModuleManager: Shutting down and abandoning module GearVRController (54)
[2017.10.16-05.09.49:385][379]LogModuleManager: Shutting down and abandoning module GearVR (52)
[2017.10.16-05.09.49:385][379]LogModuleManager: Shutting down and abandoning module ExampleDeviceProfileSelector (50)
[2017.10.16-05.09.49:385][379]LogModuleManager: Shutting down and abandoning module OnlineBlueprintSupport (48)
[2017.10.16-05.09.49:385][379]LogModuleManager: Shutting down and abandoning module OnlineSubsystem (44)
[2017.10.16-05.09.49:385][379]LogOnline:Display: Unloading online subsystem: NULL
[2017.10.16-05.09.49:385][379]LogModuleManager: Shutting down and abandoning module XMPP (43)
[2017.10.16-05.09.49:386][379]LogModuleManager: Shutting down and abandoning module HTTP (41)
[2017.10.16-05.09.49:386][379]LogHttp:Display: Http module shutting down, but needs to wait on 1 outstanding Http requests:
[2017.10.16-05.09.49:386][379]LogHttp:Display: 	verb=[POST] url=[https://datarouter.ol.epicgames.com/datarouter/api/v1/public/data?SessionID=%7B1A9D574D-4EFF-65F8-CA53-27A92701AC07%7D&AppID=UEEditor.Rocket.Release&AppVersion=4.16.2-3514769%2B%2B%2BUE4%2BRelease-4.16&UserID=982011a7482c1cbdc2ce3cbeaef51dbe%7Ce0ca3295625c4184a95d26a3b9c858a2%7C70012bb2-c253-4297-934e-6257f569ac01&AppEnvironment=datacollector-binary&UploadType=eteventstream] status=Processing
[2017.10.16-05.09.49:413][379]LogModuleManager: Shutting down and abandoning module SSL (40)
[2017.10.16-05.09.49:414][379]LogModuleManager: Shutting down and abandoning module HTTPChunkInstaller (36)
[2017.10.16-05.09.49:414][379]LogModuleManager: Shutting down and abandoning module AnimationModifiers (34)
[2017.10.16-05.09.49:414][379]LogModuleManager: Shutting down and abandoning module PropertyEditor (33)
[2017.10.16-05.09.49:414][379]LogModuleManager: Shutting down and abandoning module AudioEditor (30)
[2017.10.16-05.09.49:414][379]LogModuleManager: Shutting down and abandoning module TextureCompressor (28)
[2017.10.16-05.09.49:414][379]LogModuleManager: Shutting down and abandoning module ShaderCore (26)
[2017.10.16-05.09.49:414][379]LogModuleManager: Shutting down and abandoning module Landscape (24)
[2017.10.16-05.09.49:414][379]LogModuleManager: Shutting down and abandoning module SlateRHIRenderer (22)
[2017.10.16-05.09.49:416][379]LogModuleManager: Shutting down and abandoning module OpenGLDrv (20)
[2017.10.16-05.09.49:416][379]LogModuleManager: Shutting down and abandoning module D3D11RHI (18)
[2017.10.16-05.09.49:416][379]LogModuleManager: Shutting down and abandoning module AnimGraphRuntime (16)
[2017.10.16-05.09.49:416][379]LogModuleManager: Shutting down and abandoning module Renderer (14)
[2017.10.16-05.09.49:416][379]LogModuleManager: Shutting down and abandoning module Engine (12)
[2017.10.16-05.09.49:416][379]LogModuleManager: Shutting down and abandoning module CoreUObject (10)
[2017.10.16-05.09.49:416][379]LogModuleManager: Shutting down and abandoning module NetworkFile (8)
[2017.10.16-05.09.49:417][379]LogModuleManager: Shutting down and abandoning module StreamingFile (6)
[2017.10.16-05.09.49:417][379]LogModuleManager: Shutting down and abandoning module SandboxFile (4)
[2017.10.16-05.09.49:417][379]LogModuleManager: Shutting down and abandoning module PakFile (2)
[2017.10.16-05.09.49:430][379]LogExit: Exiting.
[2017.10.16-05.09.49:447][379]Log file closed, 10/15/17 22:09:49
