Log file open, 11/18/17 12:59:26
LogInit:Display: Running engine for game: CastleGuardReborn
LogPlatformFile: Not using cached read wrapper
LogInit:Display: RandInit(-453613269) SRandInit(-453613269).
LogTaskGraph: Started task graph with 5 named threads and 8 total threads with 1 sets of task threads.
LogStats: Stats thread started at 0.078899
LogInit: Using libcurl 7.47.1
LogInit:  - built for x86_64-pc-win32
LogInit:  - supports SSL with OpenSSL/1.0.2g
LogInit:  - supports HTTP deflate (compression) using libz 1.2.8
LogInit:  - other features:
LogInit:      CURL_VERSION_SSL
LogInit:      CURL_VERSION_LIBZ
LogInit:      CURL_VERSION_IPV6
LogInit:      CURL_VERSION_ASYNCHDNS
LogInit:      CURL_VERSION_LARGEFILE
LogInit:      CURL_VERSION_IDN
LogInit:  CurlRequestOptions (configurable via config and command line):
LogInit:  - bVerifyPeer = false  - Libcurl will NOT verify peer certificate
LogInit:  - bUseHttpProxy = false  - Libcurl will NOT use HTTP proxy
LogInit:  - bDontReuseConnections = false  - Libcurl will reuse connections
LogInit:  - CertBundlePath = nullptr  - Libcurl will use whatever was configured at build time.
LogInit: Build: ++UE4+Release-4.16-CL-3514769
LogInit: Engine Version: 4.16.2-3514769+++UE4+Release-4.16
LogInit: Compatible Engine Version: 4.16.0-3452394+++UE4+Release-4.16
LogInit: Net CL: 3452394
LogDevObjectVersion: Number of dev versions registered: 16
LogDevObjectVersion:   Dev-Blueprints (B0D832E4-1F89-4F0D-ACCF-7EB736FD4AA2): 9
LogDevObjectVersion:   Dev-Build (E1C64328-A22C-4D53-A36C-8E866417BD8C): 0
LogDevObjectVersion:   Dev-Core (375EC13C-06E4-48FB-B500-84F0262A717E): 2
LogDevObjectVersion:   Dev-Editor (E4B068ED-F494-42E9-A231-DA0B2E46BB41): 17
LogDevObjectVersion:   Dev-Framework (CFFC743F-43B0-4480-9391-14DF171D2073): 23
LogDevObjectVersion:   Dev-Mobile (B02B49B5-BB20-44E9-A304-32B752E40360): 0
LogDevObjectVersion:   Dev-Networking (A4E4105C-59A1-49B5-A7C5-40C4547EDFEE): 0
LogDevObjectVersion:   Dev-Online (39C831C9-5AE6-47DC-9A44-9C173E1C8E7C): 0
LogDevObjectVersion:   Dev-Physics (78F01B33-EBEA-4F98-B9B4-84EACCB95AA2): 0
LogDevObjectVersion:   Dev-Platform (6631380F-2D4D-43E0-8009-CF276956A95A): 0
LogDevObjectVersion:   Dev-Rendering (12F88B9F-8875-4AFC-A67C-D90C383ABD29): 15
LogDevObjectVersion:   Dev-Sequencer (7B5AE74C-D270-4C10-A958-57980B212A5A): 4
LogDevObjectVersion:   Dev-VR (D7296918-1DD6-4BDD-9DE2-64A83CC13884): 0
LogDevObjectVersion:   Dev-LoadTimes (C2A15278-BFE7-4AFE-6C17-90FF531DF755): 1
LogDevObjectVersion:   Private-Geometry (6EACA3D4-40EC-4CC1-B786-8BED09428FC5): 1
LogDevObjectVersion:   Dev-AnimPhys (29E575DD-E0A3-4627-9D10-D276232CDCEA): 3
LogInit: Compiled (64-bit): Jun 29 2017 02:03:24
LogInit: Compiled with Visual C++: 19.00.24215.01
LogInit: Build Configuration: Development
LogInit: Branch Name: ++UE4+Release-4.16
LogInit: Command line:  
LogInit: Base directory: C:/Program Files/Epic Games/UE_4.16/Engine/Binaries/Win64/
LogInit: Installed Engine Build: 1
LogInit: Presizing for max 8388607 objects, including 0 objects not considered by GC, pre-allocating 0 bytes for permanent pool.
LogInit: Object subsystem initialized
[2017.11.18-20.59.27:016][  0]LogInit: Selected Device Profile: [Windows]
[2017.11.18-20.59.27:016][  0]LogInit: Applying CVar settings loaded from the selected device profile: [Windows]
[2017.11.18-20.59.27:024][  0]LogInit: Computer: LCIVAN-238-00
[2017.11.18-20.59.27:024][  0]LogInit: User: studentuser
[2017.11.18-20.59.27:024][  0]LogInit: CPU Page size=4096, Cores=4
[2017.11.18-20.59.27:024][  0]LogInit: High frequency timer resolution =4.101563 MHz
[2017.11.18-20.59.27:024][  0]LogMemory: Memory total: Physical=15.9GB (16GB approx)
[2017.11.18-20.59.27:024][  0]LogMemory: Platform Memory Stats for Windows
[2017.11.18-20.59.27:024][  0]LogMemory: Process Physical Memory: 275.92 MB used, 275.92 MB peak
[2017.11.18-20.59.27:024][  0]LogMemory: Process Virtual Memory: 276.97 MB used, 276.97 MB peak
[2017.11.18-20.59.27:024][  0]LogMemory: Physical Memory: 5740.79 MB used,  10542.66 MB free, 16283.45 MB total
[2017.11.18-20.59.27:024][  0]LogMemory: Virtual Memory: 654.49 MB used,  10542.66 MB free, 134217728.00 MB total
[2017.11.18-20.59.27:072][  0]LogInit: Using OS detected language (en-US).
[2017.11.18-20.59.27:072][  0]LogInit: Using OS detected locale (en-CA).
[2017.11.18-20.59.27:074][  0]LogTextLocalizationManager: No specific localization for 'en-US' exists, so the 'en' localization will be used.
[2017.11.18-20.59.27:715][  0]LogD3D11RHI: D3D11 adapters:
[2017.11.18-20.59.27:745][  0]LogD3D11RHI:    0. 'NVIDIA GeForce GTX 1070' (Feature Level 11_0)
[2017.11.18-20.59.27:745][  0]LogD3D11RHI:       8115/0/8141 MB DedicatedVideo/DedicatedSystem/SharedSystem, Outputs:1, VendorId:0x10de
[2017.11.18-20.59.27:751][  0]LogD3D11RHI:    1. 'Intel(R) HD Graphics 630' (Feature Level 11_0)
[2017.11.18-20.59.27:751][  0]LogD3D11RHI:       128/0/8141 MB DedicatedVideo/DedicatedSystem/SharedSystem, Outputs:0, VendorId:0x8086
[2017.11.18-20.59.27:752][  0]LogD3D11RHI:    2. 'Microsoft Basic Render Driver' (Feature Level 11_0)
[2017.11.18-20.59.27:752][  0]LogD3D11RHI:       0/0/8141 MB DedicatedVideo/DedicatedSystem/SharedSystem, Outputs:0, VendorId:0x1414
[2017.11.18-20.59.27:752][  0]LogD3D11RHI: Chosen D3D11 Adapter: 0
[2017.11.18-20.59.27:757][  0]LogD3D11RHI: Creating new Direct3DDevice
[2017.11.18-20.59.27:757][  0]LogD3D11RHI:     GPU DeviceId: 0x1b81 (for the marketing name, search the web for "GPU Device Id")
[2017.11.18-20.59.27:757][  0]LogWindows: EnumDisplayDevices:
[2017.11.18-20.59.27:758][  0]LogWindows:    0. 'NVIDIA GeForce GTX 1070' (P:1 D:1)
[2017.11.18-20.59.27:758][  0]LogWindows:    1. 'NVIDIA GeForce GTX 1070' (P:0 D:0)
[2017.11.18-20.59.27:758][  0]LogWindows:    2. 'NVIDIA GeForce GTX 1070' (P:0 D:0)
[2017.11.18-20.59.27:758][  0]LogWindows:    3. 'NVIDIA GeForce GTX 1070' (P:0 D:0)
[2017.11.18-20.59.27:758][  0]LogWindows:    4. 'Intel(R) HD Graphics 630' (P:0 D:0)
[2017.11.18-20.59.27:758][  0]LogWindows:    5. 'Intel(R) HD Graphics 630' (P:0 D:0)
[2017.11.18-20.59.27:758][  0]LogWindows:    6. 'Intel(R) HD Graphics 630' (P:0 D:0)
[2017.11.18-20.59.27:758][  0]LogWindows: DebugString: PrimaryIsNotTheChoosenAdapter PrimaryIsNotTheChoosenAdapter PrimaryIsNotTheChoosenAdapter FoundDriverCount:4 
[2017.11.18-20.59.27:758][  0]LogD3D11RHI:     Adapter Name: NVIDIA GeForce GTX 1070
[2017.11.18-20.59.27:758][  0]LogD3D11RHI:   Driver Version: 382.66 (internal:22.21.13.8266, unified:382.66)
[2017.11.18-20.59.27:758][  0]LogD3D11RHI:      Driver Date: 6-25-2017
[2017.11.18-20.59.27:758][  0]LogRHI: Texture pool is 1361 MB (70% of 1945 MB)
[2017.11.18-20.59.27:781][  0]LogD3D11RHI: Async texture creation enabled
[2017.11.18-20.59.27:790][  0]LogD3D11RHI: GPU Timing Frequency: 1000.000000 (Debug: 2 1)
[2017.11.18-20.59.27:839][  0]LogShaderCompilers: Guid format shader working directory is -6 characters bigger than the processId version (D:/CastleGuardCurrent/CastleGuardPhase2/CastleGuardReborn/Intermediate/Shaders/WorkingDirectory/16736/).
[2017.11.18-20.59.27:839][  0]LogShaderCompilers: Cleaned the shader compiler working directory 'C:/Users/studentuser/AppData/Local/Temp/UnrealShaderWorkingDir/5309D2F9479459FEA75174A9C1B4AFA5/'.
[2017.11.18-20.59.27:839][  0]LogShaderCompilers:Display: Using Local Shader Compiler.
[2017.11.18-20.59.28:539][  0]LogTemp:Display: Loaded TP AllDesktopTargetPlatform
[2017.11.18-20.59.28:575][  0]LogTemp:Display: Loaded TP MacClientTargetPlatform
[2017.11.18-20.59.28:613][  0]LogTemp:Display: Loaded TP MacNoEditorTargetPlatform
[2017.11.18-20.59.28:649][  0]LogTemp:Display: Loaded TP MacServerTargetPlatform
[2017.11.18-20.59.28:687][  0]LogTemp:Display: Loaded TP MacTargetPlatform
[2017.11.18-20.59.28:724][  0]LogTemp:Display: Loaded TP WindowsClientTargetPlatform
[2017.11.18-20.59.28:762][  0]LogTemp:Display: Loaded TP WindowsNoEditorTargetPlatform
[2017.11.18-20.59.28:800][  0]LogTemp:Display: Loaded TP WindowsServerTargetPlatform
[2017.11.18-20.59.28:831][  0]LogTemp:Display: Loaded TP WindowsTargetPlatform
[2017.11.18-20.59.28:866][  0]LogTemp:Display: Loaded TP AndroidTargetPlatform
[2017.11.18-20.59.28:901][  0]LogTemp:Display: Loaded TP Android_ASTCTargetPlatform
[2017.11.18-20.59.28:935][  0]LogTemp:Display: Loaded TP Android_ATCTargetPlatform
[2017.11.18-20.59.28:970][  0]LogTemp:Display: Loaded TP Android_DXTTargetPlatform
[2017.11.18-20.59.29:006][  0]LogTemp:Display: Loaded TP Android_ETC1TargetPlatform
[2017.11.18-20.59.29:041][  0]LogTemp:Display: Loaded TP Android_ETC2TargetPlatform
[2017.11.18-20.59.29:110][  0]LogTemp:Display: Loaded TP Android_MultiTargetPlatform
[2017.11.18-20.59.29:110][  0]LogTemp:Display: Loaded TP Android_PVRTCTargetPlatform
[2017.11.18-20.59.29:136][  0]LogTemp:Display: Loaded TP HTML5TargetPlatform
[2017.11.18-20.59.29:208][  0]LogTemp:Display: Loaded TP IOSTargetPlatform
[2017.11.18-20.59.29:230][  0]LogTemp:Display: Loaded TP TVOSTargetPlatform
[2017.11.18-20.59.29:265][  0]LogTemp:Display: Loaded TP LinuxClientTargetPlatform
[2017.11.18-20.59.29:299][  0]LogTemp:Display: Loaded TP LinuxNoEditorTargetPlatform
[2017.11.18-20.59.29:334][  0]LogTemp:Display: Loaded TP LinuxServerTargetPlatform
[2017.11.18-20.59.29:368][  0]LogTemp:Display: Loaded TP LinuxTargetPlatform
[2017.11.18-20.59.29:368][  0]LogTargetPlatformManager:Display: Building Assets For Windows
[2017.11.18-20.59.29:725][  0]LogDerivedDataCache:Display: Max Cache Size: 512 MB
[2017.11.18-20.59.29:807][  0]LogDerivedDataCache: Loaded boot cache 0.08s 90MB C:/Users/studentuser/AppData/Local/UnrealEngine/4.16/DerivedDataCache/Boot.ddc.
[2017.11.18-20.59.29:807][  0]LogDerivedDataCache:Display: Loaded Boot cache: C:/Users/studentuser/AppData/Local/UnrealEngine/4.16/DerivedDataCache/Boot.ddc
[2017.11.18-20.59.29:807][  0]LogDerivedDataCache: FDerivedDataBackendGraph:  Pak pak cache file D:/CastleGuardCurrent/CastleGuardPhase2/CastleGuardReborn/DerivedDataCache/DDC.ddp not found, will not use a pak cache.
[2017.11.18-20.59.29:807][  0]LogDerivedDataCache: Unable to find inner node Pak for hierarchical cache Hierarchy.
[2017.11.18-20.59.29:807][  0]LogDerivedDataCache: FDerivedDataBackendGraph:  CompressedPak pak cache file D:/CastleGuardCurrent/CastleGuardPhase2/CastleGuardReborn/DerivedDataCache/Compressed.ddp not found, will not use a pak cache.
[2017.11.18-20.59.29:807][  0]LogDerivedDataCache: Unable to find inner node CompressedPak for hierarchical cache Hierarchy.
[2017.11.18-20.59.29:819][  0]LogDerivedDataCache:Display: Pak cache opened for reading ../../../Engine/DerivedDataCache/Compressed.ddp.
[2017.11.18-20.59.29:830][  0]LogDerivedDataCache: Using Local data cache path C:/Users/studentuser/AppData/Local/UnrealEngine/Common/DerivedDataCache: Writable
[2017.11.18-20.59.29:838][  0]LogMaterial: Verifying Global Shaders for PCD3D_SM5
[2017.11.18-20.59.29:838][  0]LogSlate: Using Freetype 2.6.0
[2017.11.18-20.59.29:838][  0]LogSlate: SlateFontCache - WITH_FREETYPE: 1, WITH_HARFBUZZ: 1
[2017.11.18-20.59.29:838][  0]LogSlate: SlateFontCache - WITH_FREETYPE: 1, WITH_HARFBUZZ: 1
[2017.11.18-20.59.30:056][  0]LogInit: Selected Device Profile: [Windows]
[2017.11.18-20.59.30:113][  0]LogContentStreaming: Texture pool size is 0.00 MB
[2017.11.18-20.59.30:231][  0]LogMeshUtilities: Using QuadricMeshReduction for automatic static mesh reduction
[2017.11.18-20.59.30:262][  0]LogSimplygon: Simplygon DLL not present - disabling.
[2017.11.18-20.59.30:295][  0]LogMeshUtilities: Using SimplygonSwarm for distributed automatic mesh merging
[2017.11.18-20.59.30:295][  0]LogMeshUtilities: No automatic skeletal mesh reduction module available
[2017.11.18-20.59.30:295][  0]LogMeshUtilities: No automatic mesh merging module available
[2017.11.18-20.59.30:698][  0]LogNetVersion: CastleGuardReborn , NetCL: 3452394, EngineNetVer: 2, GameNetVer: 0 (Checksum: 2303850599)
[2017.11.18-20.59.30:749][  0]LogAssetRegistry: FAssetRegistry took 0.0240 seconds to start up
[2017.11.18-20.59.30:794][  0]LogPackageLocalizationCache: Processed 4 localized package path(s) for 2 prioritized culture(s) in 0.025253 seconds
[2017.11.18-20.59.30:798][  0]LogUObjectArray: 34194 objects as part of root set at end of initial load.
[2017.11.18-20.59.30:798][  0]LogUObjectAllocator: 7260424 out of 0 bytes used by permanent object pool.
[2017.11.18-20.59.30:798][  0]LogUObjectArray: CloseDisregardForGC: 0/0 objects in disregard for GC pool
[2017.11.18-20.59.30:849][  0]LogInit: WinSock: version 1.1 (2.2), MaxSocks=32767, MaxUdp=65467
[2017.11.18-20.59.32:509][  0]LogTcpMessaging: Initializing TcpMessaging bridge
[2017.11.18-20.59.32:542][  0]LogUdpMessaging: Initializing bridge on interface 0.0.0.0:0 to multicast group 230.0.0.1:6666.
[2017.11.18-20.59.32:930][  0]LogMaterial: Uniform references updated for custom material expression Custom.
[2017.11.18-20.59.33:211][  0]SourceControl: Info Source control is disabled
[2017.11.18-20.59.33:244][  0]SourceControl: Info Source control is disabled
[2017.11.18-20.59.33:280][  0]SourceControl: Info Source control is disabled
[2017.11.18-20.59.33:314][  0]SourceControl: Info Source control is disabled
[2017.11.18-20.59.33:790][  0]LogAndroidPermission: UAndroidPermissionCallbackProxy::GetInstance
[2017.11.18-20.59.34:216][  0]LogEngine: Initializing Engine...
[2017.11.18-20.59.37:263][  0]LogHMD: SteamVR initialized.  Driver: lighthouse  Display: LHR-A4D81BA4
[2017.11.18-20.59.37:444][  0]LogStats: UGameplayTagsManager::ConstructGameplayTagTree: Construct from data asset -  0.000 s
[2017.11.18-20.59.37:444][  0]LogStats: UGameplayTagsManager::ConstructGameplayTagTree: GameplayTagTreeChangedEvent.Broadcast -  0.000 s
[2017.11.18-20.59.37:541][  0]LogAIModule: Creating AISystem for world Untitled
[2017.11.18-20.59.37:553][  0]LogInit: XAudio2 using 'Speakers / Headphones (Realtek Audio)' : 2 channels at 48 kHz using 32 bits per sample (channel mask 0x3)
[2017.11.18-20.59.37:586][  0]LogInit: FAudioDevice initialized.
[2017.11.18-20.59.37:629][  0]LogDerivedDataCache: Saved boot cache 0.04s 90MB C:/Users/studentuser/AppData/Local/UnrealEngine/4.16/DerivedDataCache/Boot.ddc.
[2017.11.18-20.59.37:649][  0]LogInit: Texture streaming: Enabled
[2017.11.18-20.59.37:721][  0]LogEngineSessionManager: EngineSessionManager initialized
[2017.11.18-20.59.37:873][  0]LogInit: Transaction tracking system initialized
[2017.11.18-20.59.38:093][  0]BlueprintLog: New page: Editor Load
[2017.11.18-20.59.38:753][  0]LocalizationService: Info Localization service is disabled
[2017.11.18-20.59.39:235][  0]LogConsoleResponse:Display: 
[2017.11.18-20.59.39:336][  0]LogCook:Display: Max memory allowance for cook 16384mb min free memory 0mb
[2017.11.18-20.59.39:336][  0]LogCook:Display: Mobile HDR setting 1
[2017.11.18-20.59.40:054][  0]SourceControl: Info Source control is disabled
[2017.11.18-20.59.40:054][  0]Cmd: MAP LOAD FILE="D:/CastleGuardCurrent/CastleGuardPhase2/CastleGuardReborn/Content/VirtualRealityBP/Maps/default.umap" TEMPLATE=0 SHOWPROGRESS=1 FEATURELEVEL=3
[2017.11.18-20.59.40:054][  0]LightingResults: New page: Lighting Build
[2017.11.18-20.59.40:083][  0]MapCheck: New page: Map Check
[2017.11.18-20.59.40:083][  0]LightingResults: New page: Lighting Build
[2017.11.18-20.59.41:556][  0]LogClass:Warning: Enum '/Game/Vive/Blueprints/Enum_GameStatus.Enum_GameStatus' was upgraded to use FText to store its display name data. Please re-save this asset to avoid issues with localization and determinstic cooking.
[2017.11.18-20.59.42:116][  0]LogAIModule: Creating AISystem for world default
[2017.11.18-20.59.42:229][  0]LogEditorServer: Finished looking for orphan Actors (0.000 secs)
[2017.11.18-20.59.42:303][  0]Cmd: MAP CHECKDEP NOCLEARLOG
[2017.11.18-20.59.42:348][  0]MapCheck: Info Map check complete: 0 Error(s), 0 Warning(s), took 45.417ms to complete.
[2017.11.18-20.59.42:348][  0]LogFileHelpers: Loading map 'default' took 2.294
[2017.11.18-20.59.42:406][  0]LogWindowsTextInputMethodSystem:Display: IME system now deactivated.
[2017.11.18-20.59.42:572][  0]LogCollectionManager: Loaded 0 collections in 0.001592 seconds
[2017.11.18-20.59.42:639][  0]LogFileCache: Scanning file cache for directory 'D:/CastleGuardCurrent/CastleGuardPhase2/CastleGuardReborn/Saved/Collections/' took 0.01s
[2017.11.18-20.59.42:639][  0]LogFileCache: Scanning file cache for directory 'D:/CastleGuardCurrent/CastleGuardPhase2/CastleGuardReborn/Content/Developers/studentuser/Collections/' took 0.01s
[2017.11.18-20.59.42:639][  0]LogFileCache: Scanning file cache for directory 'D:/CastleGuardCurrent/CastleGuardPhase2/CastleGuardReborn/Content/Collections/' took 0.01s
[2017.11.18-20.59.42:639][  0]LogCollectionManager: Rebuilt the GUID cache for 0 collections in 0.000001 seconds
[2017.11.18-20.59.42:646][  0]LogContentBrowser: Native class hierarchy populated in 0.0065 seconds. Added 2330 classes and 494 folders.
[2017.11.18-20.59.42:693][  0]LogContentBrowser: Native class hierarchy updated for 'WidgetCarousel' in 0.0004 seconds. Added 0 classes and 0 folders.
[2017.11.18-20.59.42:716][  0]LogContentBrowser: Native class hierarchy updated for 'AddContentDialog' in 0.0004 seconds. Added 0 classes and 0 folders.
[2017.11.18-20.59.42:750][  0]LogContentBrowser: Native class hierarchy updated for 'SceneOutliner' in 0.0004 seconds. Added 1 classes and 2 folders.
[2017.11.18-20.59.42:779][  0]LogCrashTracker: Crashtracker disabled due to settings.
[2017.11.18-20.59.42:785][  0]LogSlate: Took 0.000123 seconds to synchronously load lazily loaded font '../../../Engine/Content/Slate/Fonts/Roboto-Regular.ttf' (155K)
[2017.11.18-20.59.42:787][  0]LogSlate: Took 0.000117 seconds to synchronously load lazily loaded font '../../../Engine/Content/Slate/Fonts/Roboto-Bold.ttf' (160K)
[2017.11.18-20.59.42:790][  0]LogSlate: Took 0.000124 seconds to synchronously load lazily loaded font '../../../Engine/Content/Editor/Slate/Fonts/FontAwesome.ttf' (139K)
[2017.11.18-20.59.42:854][  0]LogRenderer: Reallocating scene render targets to support 1196x576 NumSamples 1 (Frame:1).
[2017.11.18-20.59.42:936][  0]LogUObjectGlobals:Warning: Failed to find object 'Class None.'
[2017.11.18-20.59.42:990][  0]LogContentBrowser: Native class hierarchy updated for 'HierarchicalLODOutliner' in 0.0004 seconds. Added 1 classes and 2 folders.
[2017.11.18-20.59.42:990][  0]LogLoad: (Engine Initialization) Total time: 17.18 seconds
[2017.11.18-20.59.42:990][  0]LogLoad: (Engine Initialization) Total Blueprint compile time: 0.64 seconds
[2017.11.18-20.59.42:990][  0]LogExternalProfiler: Found external profiler: VSPerf
[2017.11.18-20.59.42:990][  0]LogExternalProfiler: Using external profiler: VSPerf
[2017.11.18-20.59.43:001][  0]LogOcInput: OculusInput pre-init called
[2017.11.18-20.59.43:001][  0]LogHMD: Starting GearVRController plugin
[2017.11.18-20.59.43:002][  0]LogSteamVRController: Controller role for device 1 is 2 (invalid=0, left=1, right=2).
[2017.11.18-20.59.43:002][  0]LogSteamVRController:Warning: Controller device 1 is being assigned to its prefered role 'right'.
[2017.11.18-20.59.43:002][  0]LogSteamVRController: Controller device 1 is being assigned unreal hand 1 (left=0, right=1).
[2017.11.18-20.59.43:002][  0]LogSteamVRController: Controller role for device 2 is 0 (invalid=0, left=1, right=2).
[2017.11.18-20.59.43:002][  0]LogSteamVRController: Putting controller 2 on the left hand because there is already a controller for the right.
[2017.11.18-20.59.43:002][  0]LogSteamVRController: Controller device 2 is being assigned unreal hand 0 (left=0, right=1).
[2017.11.18-20.59.43:022][  0]LogAssetRegistry: Asset discovery search completed in 12.2941 seconds
[2017.11.18-20.59.43:023][  0]LogCollectionManager: Rebuilt the object cache for 0 collections in 0.000000 seconds (found 0 objects)
[2017.11.18-20.59.43:023][  0]LogCollectionManager: Fixed up redirectors for 0 collections in 0.000031 seconds (updated 0 objects)
[2017.11.18-20.59.43:027][  0]LogContentStreaming: Texture pool size now 1000 MB
[2017.11.18-20.59.43:087][  0]LogSlate: Took 0.000129 seconds to synchronously load lazily loaded font '../../../Engine/Content/Slate/Fonts/Roboto-Light.ttf' (159K)
[2017.11.18-20.59.44:023][105]LogSlate: Took 0.000174 seconds to synchronously load lazily loaded font '../../../Engine/Content/Slate/Fonts/Roboto-Light.ttf' (159K)
[2017.11.18-20.59.50:008][818]LogLinker:Warning: Can't resolve asset name
[2017.11.18-20.59.50:010][818]LogSlate: Took 0.000096 seconds to synchronously load lazily loaded font '../../../Engine/Content/Slate/Fonts/Roboto-Light.ttf' (159K)
[2017.11.18-20.59.50:277][818]LogContentBrowser: Native class hierarchy updated for 'BlueprintGraph' in 0.0006 seconds. Added 112 classes and 0 folders.
[2017.11.18-20.59.51:531][818]LogScriptCore:Warning: Script Msg: Attempted to access index 0 from array CallFunc_GetAllActorsOfClass_OutActors of length 0!
[2017.11.18-20.59.51:531][818]LogScript:Warning: Accessed None trying to read property CallFunc_Array_Get_Item
	ArcherAIArrow_C /Engine/Transient.World_1:PersistentLevel.ArcherAIArrow_C_0
	Function /Game/Vive/Blueprints/AI/ArcherAIArrow.ArcherAIArrow_C:UserConstructionScript:00C8
[2017.11.18-20.59.51:531][818]LogScript:Warning: Accessed None
	ArcherAIArrow_C /Engine/Transient.World_1:PersistentLevel.ArcherAIArrow_C_0
	Function /Game/Vive/Blueprints/AI/ArcherAIArrow.ArcherAIArrow_C:UserConstructionScript:00DD
[2017.11.18-20.59.51:578][819]LogRenderer: Reallocating scene render targets to support 1432x924 NumSamples 1 (Frame:1).
[2017.11.18-20.59.53:241][ 17]LogSlate: Took 0.000124 seconds to synchronously load lazily loaded font '../../../Engine/Content/Editor/Slate/Fonts/Roboto-BoldCondensed.ttf' (158K)
[2017.11.18-20.59.53:286][ 18]LogSlate: Took 0.000141 seconds to synchronously load lazily loaded font '../../../Engine/Content/Editor/Slate/Fonts/Roboto-Italic.ttf' (157K)
[2017.11.18-20.59.54:761][194]LogTemp: Repeting last play command: VR Preview
[2017.11.18-20.59.54:823][194]LogBlueprintUserMessages: Early PlayInEditor Detection: Level '/Game/VirtualRealityBP/Maps/default.default:PersistentLevel' has LevelScriptBlueprint '/Game/VirtualRealityBP/Maps/default.default:PersistentLevel.default' with GeneratedClass '/Game/VirtualRealityBP/Maps/default.default_C' with ClassGeneratedBy '/Game/VirtualRealityBP/Maps/default.default:PersistentLevel.default'
[2017.11.18-20.59.54:823][194]LogPlayLevel: PlayLevel: No blueprints needed recompiling
[2017.11.18-20.59.54:824][194]PIE: New page: PIE session: default (Nov 18, 2017, 4:59:54 AM)
[2017.11.18-20.59.54:824][194]LogPlayLevel: Creating play world package: /Game/VirtualRealityBP/Maps/UEDPIE_0_default
[2017.11.18-20.59.54:977][194]LogPlayLevel: PIE: StaticDuplicateObject took: (0.153185s)
[2017.11.18-20.59.54:978][194]LogAIModule: Creating AISystem for world default
[2017.11.18-20.59.54:978][194]LogPlayLevel: PIE: World Init took: (0.000717s)
[2017.11.18-20.59.54:978][194]LogPlayLevel: PIE: Created PIE world by copying editor world from /Game/VirtualRealityBP/Maps/default.default to /Game/VirtualRealityBP/Maps/UEDPIE_0_default.default (0.154519s)
[2017.11.18-20.59.55:004][194]LogInit: XAudio2 using 'Speakers / Headphones (Realtek Audio)' : 2 channels at 48 kHz using 32 bits per sample (channel mask 0x3)
[2017.11.18-20.59.55:017][194]LogInit: FAudioDevice initialized.
[2017.11.18-20.59.55:097][194]LogLoad: Game class is 'ViveGameMode_C'
[2017.11.18-20.59.55:109][194]LogWorld: Bringing World /Game/VirtualRealityBP/Maps/UEDPIE_0_default.default up for play (max tick rate 0) at 2017.11.18-12.59.55
[2017.11.18-20.59.55:110][194]LogWorld: Bringing up level for play took: 0.011584
[2017.11.18-20.59.55:141][194]LogContentBrowser: Native class hierarchy updated for 'MovieSceneCapture' in 0.0004 seconds. Added 11 classes and 0 folders.
[2017.11.18-20.59.55:141][194]LogGameMode:Display: Match State Changed from EnteringMap to WaitingToStart
[2017.11.18-20.59.55:141][194]LogGameState: Match State Changed from EnteringMap to WaitingToStart
[2017.11.18-20.59.55:141][194]LogGameMode:Display: Match State Changed from WaitingToStart to InProgress
[2017.11.18-20.59.55:143][194]LogGameState: Match State Changed from WaitingToStart to InProgress
[2017.11.18-20.59.55:146][194]PIE: Info Play in editor start time for /Game/VirtualRealityBP/Maps/UEDPIE_0_default 1.007
[2017.11.18-20.59.55:147][194]LogBlueprintUserMessages: Late PlayInEditor Detection: Level '/Game/VirtualRealityBP/Maps/default.default:PersistentLevel' has LevelScriptBlueprint '/Game/VirtualRealityBP/Maps/default.default:PersistentLevel.default' with GeneratedClass '/Game/VirtualRealityBP/Maps/default.default_C' with ClassGeneratedBy '/Game/VirtualRealityBP/Maps/default.default:PersistentLevel.default'
[2017.11.18-20.59.55:193][195]LogRenderer: Reallocating scene render targets to support 3024x1680 NumSamples 1 (Frame:1).
[2017.11.18-21.00.01:597][670]LogBlueprintUserMessages: Early EndPlayMap Detection: Level '/Game/VirtualRealityBP/Maps/default.default:PersistentLevel' has LevelScriptBlueprint '/Game/VirtualRealityBP/Maps/default.default:PersistentLevel.default' with GeneratedClass '/Game/VirtualRealityBP/Maps/default.default_C' with ClassGeneratedBy '/Game/VirtualRealityBP/Maps/default.default:PersistentLevel.default'
[2017.11.18-21.00.01:775][670]LogBlueprintUserMessages: Late EndPlayMap Detection: Level '/Game/VirtualRealityBP/Maps/default.default:PersistentLevel' has LevelScriptBlueprint '/Game/VirtualRealityBP/Maps/default.default:PersistentLevel.default' with GeneratedClass '/Game/VirtualRealityBP/Maps/default.default_C' with ClassGeneratedBy '/Game/VirtualRealityBP/Maps/default.default:PersistentLevel.default'
[2017.11.18-21.00.12:007][111]LogAudio:Warning: Current Audio Device with ID {0.0.0.00000000}.{0a641ca7-d286-43e6-b7a3-a0fb0c6c9b78} was removed. Shutting down audio device.
[2017.11.18-21.00.52:030][312]LogTemp: Repeting last play command: VR Preview
[2017.11.18-21.00.52:059][312]LogBlueprintUserMessages: Early PlayInEditor Detection: Level '/Game/VirtualRealityBP/Maps/default.default:PersistentLevel' has LevelScriptBlueprint '/Game/VirtualRealityBP/Maps/default.default:PersistentLevel.default' with GeneratedClass '/Game/VirtualRealityBP/Maps/default.default_C' with ClassGeneratedBy '/Game/VirtualRealityBP/Maps/default.default:PersistentLevel.default'
[2017.11.18-21.00.52:059][312]LogPlayLevel: PlayLevel: No blueprints needed recompiling
[2017.11.18-21.00.52:059][312]PIE: New page: PIE session: default (Nov 18, 2017, 5:00:52 AM)
[2017.11.18-21.00.52:059][312]LogPlayLevel: Creating play world package: /Game/VirtualRealityBP/Maps/UEDPIE_0_default
[2017.11.18-21.00.52:190][312]LogPlayLevel: PIE: StaticDuplicateObject took: (0.131434s)
[2017.11.18-21.00.52:191][312]LogAIModule: Creating AISystem for world default
[2017.11.18-21.00.52:191][312]LogPlayLevel: PIE: World Init took: (0.000882s)
[2017.11.18-21.00.52:192][312]LogPlayLevel: PIE: Created PIE world by copying editor world from /Game/VirtualRealityBP/Maps/default.default to /Game/VirtualRealityBP/Maps/UEDPIE_0_default.default (0.133077s)
[2017.11.18-21.00.52:217][312]LogInit: XAudio2 using 'HTC-VIVE-0 (NVIDIA High Definition Audio)' : 2 channels at 48 kHz using 16 bits per sample (channel mask 0x3)
[2017.11.18-21.00.52:237][312]LogInit: FAudioDevice initialized.
[2017.11.18-21.00.52:314][312]LogLoad: Game class is 'ViveGameMode_C'
[2017.11.18-21.00.52:328][312]LogWorld: Bringing World /Game/VirtualRealityBP/Maps/UEDPIE_0_default.default up for play (max tick rate 0) at 2017.11.18-13.00.52
[2017.11.18-21.00.52:330][312]LogWorld: Bringing up level for play took: 0.015484
[2017.11.18-21.00.52:330][312]LogGameMode:Display: Match State Changed from EnteringMap to WaitingToStart
[2017.11.18-21.00.52:330][312]LogGameState: Match State Changed from EnteringMap to WaitingToStart
[2017.11.18-21.00.52:330][312]LogGameMode:Display: Match State Changed from WaitingToStart to InProgress
[2017.11.18-21.00.52:332][312]LogGameState: Match State Changed from WaitingToStart to InProgress
[2017.11.18-21.00.52:337][312]PIE: Info Play in editor start time for /Game/VirtualRealityBP/Maps/UEDPIE_0_default 0.199
[2017.11.18-21.00.52:338][312]LogBlueprintUserMessages: Late PlayInEditor Detection: Level '/Game/VirtualRealityBP/Maps/default.default:PersistentLevel' has LevelScriptBlueprint '/Game/VirtualRealityBP/Maps/default.default:PersistentLevel.default' with GeneratedClass '/Game/VirtualRealityBP/Maps/default.default_C' with ClassGeneratedBy '/Game/VirtualRealityBP/Maps/default.default:PersistentLevel.default'
[2017.11.18-21.00.55:402][523]LogBlueprintUserMessages: Early EndPlayMap Detection: Level '/Game/VirtualRealityBP/Maps/default.default:PersistentLevel' has LevelScriptBlueprint '/Game/VirtualRealityBP/Maps/default.default:PersistentLevel.default' with GeneratedClass '/Game/VirtualRealityBP/Maps/default.default_C' with ClassGeneratedBy '/Game/VirtualRealityBP/Maps/default.default:PersistentLevel.default'
[2017.11.18-21.00.55:554][523]LogBlueprintUserMessages: Late EndPlayMap Detection: Level '/Game/VirtualRealityBP/Maps/default.default:PersistentLevel' has LevelScriptBlueprint '/Game/VirtualRealityBP/Maps/default.default:PersistentLevel.default' with GeneratedClass '/Game/VirtualRealityBP/Maps/default.default_C' with ClassGeneratedBy '/Game/VirtualRealityBP/Maps/default.default:PersistentLevel.default'
