Log file open, 11/13/17 09:09:48
LogInit:Display: Running engine for game: CastleGuardReborn
LogPlatformFile: Not using cached read wrapper
LogInit:Display: RandInit(-740067585) SRandInit(-740067585).
LogTaskGraph: Started task graph with 5 named threads and 8 total threads with 1 sets of task threads.
LogStats: Stats thread started at 1.078371
LogInit: Using libcurl 7.47.1
LogInit:  - built for x86_64-pc-win32
LogInit:  - supports SSL with OpenSSL/1.0.2g
LogInit:  - supports HTTP deflate (compression) using libz 1.2.8
LogInit:  - other features:
LogInit:      CURL_VERSION_SSL
LogInit:      CURL_VERSION_LIBZ
LogInit:      CURL_VERSION_IPV6
LogInit:      CURL_VERSION_ASYNCHDNS
LogInit:      CURL_VERSION_LARGEFILE
LogInit:      CURL_VERSION_IDN
LogInit:  CurlRequestOptions (configurable via config and command line):
LogInit:  - bVerifyPeer = false  - Libcurl will NOT verify peer certificate
LogInit:  - bUseHttpProxy = false  - Libcurl will NOT use HTTP proxy
LogInit:  - bDontReuseConnections = false  - Libcurl will reuse connections
LogInit:  - CertBundlePath = nullptr  - Libcurl will use whatever was configured at build time.
LogInit: Build: ++UE4+Release-4.16-CL-3514769
LogInit: Engine Version: 4.16.2-3514769+++UE4+Release-4.16
LogInit: Compatible Engine Version: 4.16.0-3452394+++UE4+Release-4.16
LogInit: Net CL: 3452394
LogDevObjectVersion: Number of dev versions registered: 16
LogDevObjectVersion:   Dev-Blueprints (B0D832E4-1F89-4F0D-ACCF-7EB736FD4AA2): 9
LogDevObjectVersion:   Dev-Build (E1C64328-A22C-4D53-A36C-8E866417BD8C): 0
LogDevObjectVersion:   Dev-Core (375EC13C-06E4-48FB-B500-84F0262A717E): 2
LogDevObjectVersion:   Dev-Editor (E4B068ED-F494-42E9-A231-DA0B2E46BB41): 17
LogDevObjectVersion:   Dev-Framework (CFFC743F-43B0-4480-9391-14DF171D2073): 23
LogDevObjectVersion:   Dev-Mobile (B02B49B5-BB20-44E9-A304-32B752E40360): 0
LogDevObjectVersion:   Dev-Networking (A4E4105C-59A1-49B5-A7C5-40C4547EDFEE): 0
LogDevObjectVersion:   Dev-Online (39C831C9-5AE6-47DC-9A44-9C173E1C8E7C): 0
LogDevObjectVersion:   Dev-Physics (78F01B33-EBEA-4F98-B9B4-84EACCB95AA2): 0
LogDevObjectVersion:   Dev-Platform (6631380F-2D4D-43E0-8009-CF276956A95A): 0
LogDevObjectVersion:   Dev-Rendering (12F88B9F-8875-4AFC-A67C-D90C383ABD29): 15
LogDevObjectVersion:   Dev-Sequencer (7B5AE74C-D270-4C10-A958-57980B212A5A): 4
LogDevObjectVersion:   Dev-VR (D7296918-1DD6-4BDD-9DE2-64A83CC13884): 0
LogDevObjectVersion:   Dev-LoadTimes (C2A15278-BFE7-4AFE-6C17-90FF531DF755): 1
LogDevObjectVersion:   Private-Geometry (6EACA3D4-40EC-4CC1-B786-8BED09428FC5): 1
LogDevObjectVersion:   Dev-AnimPhys (29E575DD-E0A3-4627-9D10-D276232CDCEA): 3
LogInit: Compiled (64-bit): Jun 29 2017 02:03:24
LogInit: Compiled with Visual C++: 19.00.24215.01
LogInit: Build Configuration: Development
LogInit: Branch Name: ++UE4+Release-4.16
LogInit: Command line:  
LogInit: Base directory: C:/Program Files/Epic Games/UE_4.16/Engine/Binaries/Win64/
LogInit: Installed Engine Build: 1
LogInit: Presizing for max 8388607 objects, including 0 objects not considered by GC, pre-allocating 0 bytes for permanent pool.
LogInit: Object subsystem initialized
[2017.11.13-17.09.49:658][  0]LogInit: Selected Device Profile: [Windows]
[2017.11.13-17.09.49:658][  0]LogInit: Applying CVar settings loaded from the selected device profile: [Windows]
[2017.11.13-17.09.49:710][  0]LogInit: Computer: LCIVAN-238-00
[2017.11.13-17.09.49:710][  0]LogInit: User: studentuser
[2017.11.13-17.09.49:710][  0]LogInit: CPU Page size=4096, Cores=4
[2017.11.13-17.09.49:710][  0]LogInit: High frequency timer resolution =4.101569 MHz
[2017.11.13-17.09.49:710][  0]LogMemory: Memory total: Physical=15.9GB (16GB approx)
[2017.11.13-17.09.49:710][  0]LogMemory: Platform Memory Stats for Windows
[2017.11.13-17.09.49:710][  0]LogMemory: Process Physical Memory: 277.27 MB used, 277.27 MB peak
[2017.11.13-17.09.49:710][  0]LogMemory: Process Virtual Memory: 276.69 MB used, 276.69 MB peak
[2017.11.13-17.09.49:710][  0]LogMemory: Physical Memory: 5137.65 MB used,  11145.80 MB free, 16283.45 MB total
[2017.11.13-17.09.49:710][  0]LogMemory: Virtual Memory: 654.98 MB used,  11145.80 MB free, 134217728.00 MB total
[2017.11.13-17.09.50:040][  0]LogInit: Using OS detected language (en-US).
[2017.11.13-17.09.50:040][  0]LogInit: Using OS detected locale (en-CA).
[2017.11.13-17.09.50:103][  0]LogTextLocalizationManager: No specific localization for 'en-US' exists, so the 'en' localization will be used.
[2017.11.13-17.09.53:718][  0]LogD3D11RHI: D3D11 adapters:
[2017.11.13-17.09.53:753][  0]LogD3D11RHI:    0. 'NVIDIA GeForce GTX 1070' (Feature Level 11_0)
[2017.11.13-17.09.53:753][  0]LogD3D11RHI:       8115/0/8141 MB DedicatedVideo/DedicatedSystem/SharedSystem, Outputs:1, VendorId:0x10de
[2017.11.13-17.09.53:758][  0]LogD3D11RHI:    1. 'Intel(R) HD Graphics 630' (Feature Level 11_0)
[2017.11.13-17.09.53:758][  0]LogD3D11RHI:       128/0/8141 MB DedicatedVideo/DedicatedSystem/SharedSystem, Outputs:0, VendorId:0x8086
[2017.11.13-17.09.53:759][  0]LogD3D11RHI:    2. 'Microsoft Basic Render Driver' (Feature Level 11_0)
[2017.11.13-17.09.53:759][  0]LogD3D11RHI:       0/0/8141 MB DedicatedVideo/DedicatedSystem/SharedSystem, Outputs:0, VendorId:0x1414
[2017.11.13-17.09.53:759][  0]LogD3D11RHI: Chosen D3D11 Adapter: 0
[2017.11.13-17.09.53:766][  0]LogD3D11RHI: Creating new Direct3DDevice
[2017.11.13-17.09.53:766][  0]LogD3D11RHI:     GPU DeviceId: 0x1b81 (for the marketing name, search the web for "GPU Device Id")
[2017.11.13-17.09.53:766][  0]LogWindows: EnumDisplayDevices:
[2017.11.13-17.09.53:766][  0]LogWindows:    0. 'NVIDIA GeForce GTX 1070' (P:1 D:1)
[2017.11.13-17.09.53:766][  0]LogWindows:    1. 'NVIDIA GeForce GTX 1070' (P:0 D:0)
[2017.11.13-17.09.53:766][  0]LogWindows:    2. 'NVIDIA GeForce GTX 1070' (P:0 D:0)
[2017.11.13-17.09.53:766][  0]LogWindows:    3. 'NVIDIA GeForce GTX 1070' (P:0 D:0)
[2017.11.13-17.09.53:766][  0]LogWindows:    4. 'Intel(R) HD Graphics 630' (P:0 D:0)
[2017.11.13-17.09.53:766][  0]LogWindows:    5. 'Intel(R) HD Graphics 630' (P:0 D:0)
[2017.11.13-17.09.53:766][  0]LogWindows:    6. 'Intel(R) HD Graphics 630' (P:0 D:0)
[2017.11.13-17.09.53:766][  0]LogWindows: DebugString: PrimaryIsNotTheChoosenAdapter PrimaryIsNotTheChoosenAdapter PrimaryIsNotTheChoosenAdapter FoundDriverCount:4 
[2017.11.13-17.09.53:766][  0]LogD3D11RHI:     Adapter Name: NVIDIA GeForce GTX 1070
[2017.11.13-17.09.53:767][  0]LogD3D11RHI:   Driver Version: 382.66 (internal:22.21.13.8266, unified:382.66)
[2017.11.13-17.09.53:767][  0]LogD3D11RHI:      Driver Date: 6-25-2017
[2017.11.13-17.09.53:767][  0]LogRHI: Texture pool is 1361 MB (70% of 1945 MB)
[2017.11.13-17.09.53:790][  0]LogD3D11RHI: Async texture creation enabled
[2017.11.13-17.09.53:811][  0]LogD3D11RHI: GPU Timing Frequency: 1000.000000 (Debug: 2 1)
[2017.11.13-17.09.53:864][  0]LogShaderCompilers: Guid format shader working directory is -6 characters bigger than the processId version (D:/CastleGuardCurrent/CastleGuardPhase2/CastleGuardReborn/Intermediate/Shaders/WorkingDirectory/14308/).
[2017.11.13-17.09.53:864][  0]LogShaderCompilers: Cleaned the shader compiler working directory 'C:/Users/studentuser/AppData/Local/Temp/UnrealShaderWorkingDir/3EDCB01C480D92260D6C8687F86CFBB4/'.
[2017.11.13-17.09.53:864][  0]LogShaderCompilers:Display: Using Local Shader Compiler.
[2017.11.13-17.09.55:572][  0]LogTemp:Display: Loaded TP AllDesktopTargetPlatform
[2017.11.13-17.09.55:614][  0]LogTemp:Display: Loaded TP MacClientTargetPlatform
[2017.11.13-17.09.55:654][  0]LogTemp:Display: Loaded TP MacNoEditorTargetPlatform
[2017.11.13-17.09.55:697][  0]LogTemp:Display: Loaded TP MacServerTargetPlatform
[2017.11.13-17.09.55:740][  0]LogTemp:Display: Loaded TP MacTargetPlatform
[2017.11.13-17.09.55:780][  0]LogTemp:Display: Loaded TP WindowsClientTargetPlatform
[2017.11.13-17.09.55:818][  0]LogTemp:Display: Loaded TP WindowsNoEditorTargetPlatform
[2017.11.13-17.09.55:855][  0]LogTemp:Display: Loaded TP WindowsServerTargetPlatform
[2017.11.13-17.09.55:888][  0]LogTemp:Display: Loaded TP WindowsTargetPlatform
[2017.11.13-17.09.55:929][  0]LogTemp:Display: Loaded TP AndroidTargetPlatform
[2017.11.13-17.09.55:967][  0]LogTemp:Display: Loaded TP Android_ASTCTargetPlatform
[2017.11.13-17.09.56:004][  0]LogTemp:Display: Loaded TP Android_ATCTargetPlatform
[2017.11.13-17.09.56:049][  0]LogTemp:Display: Loaded TP Android_DXTTargetPlatform
[2017.11.13-17.09.56:087][  0]LogTemp:Display: Loaded TP Android_ETC1TargetPlatform
[2017.11.13-17.09.56:136][  0]LogTemp:Display: Loaded TP Android_ETC2TargetPlatform
[2017.11.13-17.09.56:235][  0]LogTemp:Display: Loaded TP Android_MultiTargetPlatform
[2017.11.13-17.09.56:235][  0]LogTemp:Display: Loaded TP Android_PVRTCTargetPlatform
[2017.11.13-17.09.56:271][  0]LogTemp:Display: Loaded TP HTML5TargetPlatform
[2017.11.13-17.09.56:401][  0]LogTemp:Display: Loaded TP IOSTargetPlatform
[2017.11.13-17.09.56:430][  0]LogTemp:Display: Loaded TP TVOSTargetPlatform
[2017.11.13-17.09.56:482][  0]LogTemp:Display: Loaded TP LinuxClientTargetPlatform
[2017.11.13-17.09.56:519][  0]LogTemp:Display: Loaded TP LinuxNoEditorTargetPlatform
[2017.11.13-17.09.56:559][  0]LogTemp:Display: Loaded TP LinuxServerTargetPlatform
[2017.11.13-17.09.56:601][  0]LogTemp:Display: Loaded TP LinuxTargetPlatform
[2017.11.13-17.09.56:601][  0]LogTargetPlatformManager:Display: Building Assets For Windows
[2017.11.13-17.09.57:083][  0]LogDerivedDataCache:Display: Max Cache Size: 512 MB
[2017.11.13-17.09.57:981][  0]LogDerivedDataCache: Loaded boot cache 0.90s 90MB C:/Users/studentuser/AppData/Local/UnrealEngine/4.16/DerivedDataCache/Boot.ddc.
[2017.11.13-17.09.57:981][  0]LogDerivedDataCache:Display: Loaded Boot cache: C:/Users/studentuser/AppData/Local/UnrealEngine/4.16/DerivedDataCache/Boot.ddc
[2017.11.13-17.09.57:982][  0]LogDerivedDataCache: FDerivedDataBackendGraph:  Pak pak cache file D:/CastleGuardCurrent/CastleGuardPhase2/CastleGuardReborn/DerivedDataCache/DDC.ddp not found, will not use a pak cache.
[2017.11.13-17.09.57:982][  0]LogDerivedDataCache: Unable to find inner node Pak for hierarchical cache Hierarchy.
[2017.11.13-17.09.57:982][  0]LogDerivedDataCache: FDerivedDataBackendGraph:  CompressedPak pak cache file D:/CastleGuardCurrent/CastleGuardPhase2/CastleGuardReborn/DerivedDataCache/Compressed.ddp not found, will not use a pak cache.
[2017.11.13-17.09.57:982][  0]LogDerivedDataCache: Unable to find inner node CompressedPak for hierarchical cache Hierarchy.
[2017.11.13-17.09.58:002][  0]LogDerivedDataCache:Display: Pak cache opened for reading ../../../Engine/DerivedDataCache/Compressed.ddp.
[2017.11.13-17.09.58:014][  0]LogDerivedDataCache: Using Local data cache path C:/Users/studentuser/AppData/Local/UnrealEngine/Common/DerivedDataCache: Writable
[2017.11.13-17.09.58:039][  0]LogMaterial: Verifying Global Shaders for PCD3D_SM5
[2017.11.13-17.09.58:043][  0]LogSlate: Using Freetype 2.6.0
[2017.11.13-17.09.58:057][  0]LogSlate: SlateFontCache - WITH_FREETYPE: 1, WITH_HARFBUZZ: 1
[2017.11.13-17.09.58:057][  0]LogSlate: SlateFontCache - WITH_FREETYPE: 1, WITH_HARFBUZZ: 1
[2017.11.13-17.09.58:714][  0]LogInit: Selected Device Profile: [Windows]
[2017.11.13-17.09.59:046][  0]LogContentStreaming: Texture pool size is 0.00 MB
[2017.11.13-17.09.59:317][  0]LogMeshUtilities: Using QuadricMeshReduction for automatic static mesh reduction
[2017.11.13-17.09.59:371][  0]LogSimplygon: Simplygon DLL not present - disabling.
[2017.11.13-17.09.59:420][  0]LogMeshUtilities: Using SimplygonSwarm for distributed automatic mesh merging
[2017.11.13-17.09.59:420][  0]LogMeshUtilities: No automatic skeletal mesh reduction module available
[2017.11.13-17.09.59:420][  0]LogMeshUtilities: No automatic mesh merging module available
[2017.11.13-17.10.00:887][  0]LogNetVersion: CastleGuardReborn , NetCL: 3452394, EngineNetVer: 2, GameNetVer: 0 (Checksum: 2303850599)
[2017.11.13-17.10.01:041][  0]LogAssetRegistry: FAssetRegistry took 0.0415 seconds to start up
[2017.11.13-17.10.01:107][  0]LogPackageLocalizationCache: Processed 4 localized package path(s) for 2 prioritized culture(s) in 0.032710 seconds
[2017.11.13-17.10.01:112][  0]LogUObjectArray: 34194 objects as part of root set at end of initial load.
[2017.11.13-17.10.01:112][  0]LogUObjectAllocator: 7260416 out of 0 bytes used by permanent object pool.
[2017.11.13-17.10.01:112][  0]LogUObjectArray: CloseDisregardForGC: 0/0 objects in disregard for GC pool
[2017.11.13-17.10.01:159][  0]LogInit: WinSock: version 1.1 (2.2), MaxSocks=32767, MaxUdp=65467
[2017.11.13-17.10.05:428][  0]LogTcpMessaging: Initializing TcpMessaging bridge
[2017.11.13-17.10.05:463][  0]LogUdpMessaging: Initializing bridge on interface 0.0.0.0:0 to multicast group 230.0.0.1:6666.
[2017.11.13-17.10.06:309][  0]LogMaterial: Uniform references updated for custom material expression Custom.
[2017.11.13-17.10.06:795][  0]SourceControl: Info Source control is disabled
[2017.11.13-17.10.06:863][  0]SourceControl: Info Source control is disabled
[2017.11.13-17.10.06:904][  0]SourceControl: Info Source control is disabled
[2017.11.13-17.10.06:941][  0]SourceControl: Info Source control is disabled
[2017.11.13-17.10.07:537][  0]LogAndroidPermission: UAndroidPermissionCallbackProxy::GetInstance
[2017.11.13-17.10.08:051][  0]LogEngine: Initializing Engine...
[2017.11.13-17.10.11:351][  0]LogHMD: SteamVR initialized.  Driver: lighthouse  Display: LHR-A4D81BA4
[2017.11.13-17.10.11:952][  0]LogStats: UGameplayTagsManager::ConstructGameplayTagTree: Construct from data asset -  0.000 s
[2017.11.13-17.10.11:953][  0]LogStats: UGameplayTagsManager::ConstructGameplayTagTree: GameplayTagTreeChangedEvent.Broadcast -  0.000 s
[2017.11.13-17.10.12:106][  0]LogAIModule: Creating AISystem for world Untitled
[2017.11.13-17.10.12:130][  0]LogInit: XAudio2 using 'HTC-VIVE-0 (NVIDIA High Definition Audio)' : 2 channels at 48 kHz using 16 bits per sample (channel mask 0x3)
[2017.11.13-17.10.12:169][  0]LogInit: FAudioDevice initialized.
[2017.11.13-17.10.12:230][  0]LogDerivedDataCache: Saved boot cache 0.06s 103MB C:/Users/studentuser/AppData/Local/UnrealEngine/4.16/DerivedDataCache/Boot.ddc.
[2017.11.13-17.10.12:254][  0]LogInit: Texture streaming: Enabled
[2017.11.13-17.10.12:358][  0]LogEngineSessionManager: EngineSessionManager initialized
[2017.11.13-17.10.12:705][  0]LogInit: Transaction tracking system initialized
[2017.11.13-17.10.12:971][  0]BlueprintLog: New page: Editor Load
[2017.11.13-17.10.13:890][  0]LocalizationService: Info Localization service is disabled
[2017.11.13-17.10.14:550][  0]LogConsoleResponse:Display: 
[2017.11.13-17.10.14:956][  0]LogCook:Display: Max memory allowance for cook 16384mb min free memory 0mb
[2017.11.13-17.10.14:956][  0]LogCook:Display: Mobile HDR setting 1
[2017.11.13-17.10.16:026][  0]SourceControl: Info Source control is disabled
[2017.11.13-17.10.16:027][  0]Cmd: MAP LOAD FILE="D:/CastleGuardCurrent/CastleGuardPhase2/CastleGuardReborn/Content/VirtualRealityBP/Maps/default.umap" TEMPLATE=0 SHOWPROGRESS=1 FEATURELEVEL=3
[2017.11.13-17.10.16:048][  0]LightingResults: New page: Lighting Build
[2017.11.13-17.10.16:084][  0]MapCheck: New page: Map Check
[2017.11.13-17.10.16:084][  0]LightingResults: New page: Lighting Build
[2017.11.13-17.10.21:405][  0]LogMaterial: Missing cached shader map for material initialShadingGroup, compiling. 
[2017.11.13-17.10.21:453][  0]LogStaticMesh: Building static mesh MergedRam...
[2017.11.13-17.10.24:864][  0]LogStaticMesh: Built static mesh [3.42s] /Game/StaticMeshes/MergedRam.MergedRam
[2017.11.13-17.10.25:078][  0]LogStaticMesh: Building static mesh Merged_Catapult_mesh...
[2017.11.13-17.10.25:353][  0]LogStaticMesh: Built static mesh [0.28s] /Game/StaticMeshes/Merged_Catapult_mesh.Merged_Catapult_mesh
[2017.11.13-17.10.25:415][  0]LogAnimationCompression: Building Anim DDC data for AnimSequence /Game/AnimationAssets/Mixamo_J_Nordstrom/Animations/Working_On_Device.Working_On_Device
[2017.11.13-17.10.25:430][  0]LogAnimationCompression: Building Anim DDC data for AnimSequence /Game/AnimationAssets/Mixamo_J_Nordstrom/Animations/Pushing_In_Place.Pushing_In_Place
[2017.11.13-17.10.25:436][  0]LogAnimationCompression: Building Anim DDC data for AnimSequence /Game/AnimationAssets/Mixamo_J_Nordstrom/Animations/sword_and_shield_slash.sword_and_shield_slash
[2017.11.13-17.10.25:441][  0]LogAnimationCompression: Building Anim DDC data for AnimSequence /Game/AnimationAssets/Mixamo_J_Nordstrom/Animations/Sword_And_Shield_Run_In_Place.Sword_And_Shield_Run_In_Place
[2017.11.13-17.10.25:444][  0]LogAnimationCompression: Building Anim DDC data for AnimSequence /Game/AnimationAssets/Mixamo_J_Nordstrom/Animations/sword_and_shield_idle.sword_and_shield_idle
[2017.11.13-17.10.25:481][  0]LogStaticMesh: Building static mesh BSPCastleStaticMesh...
[2017.11.13-17.10.25:498][  0]LogMeshUtilities: Invalid vertex normals found for mesh. Forcing recomputation of vertex normals for MikkTSpace. Fix mesh or disable "Use MikkTSpace Tangent Space" to avoid forced recomputation of normals.
[2017.11.13-17.10.25:838][  0]LogStaticMesh: Built static mesh [0.36s] /Game/StaticMeshes/BSPCastleStaticMesh.BSPCastleStaticMesh
[2017.11.13-17.10.25:895][  0]LogStaticMesh: Building static mesh ArcheryTragetStaticMesh...
[2017.11.13-17.10.25:895][  0]LogMeshUtilities: Invalid vertex normals found for mesh. Forcing recomputation of vertex normals for MikkTSpace. Fix mesh or disable "Use MikkTSpace Tangent Space" to avoid forced recomputation of normals.
[2017.11.13-17.10.25:921][  0]LogStaticMesh: Built static mesh [0.03s] /Game/StaticMeshes/ArcheryTragetStaticMesh.ArcheryTragetStaticMesh
[2017.11.13-17.10.26:051][  0]LogStaticMesh: Building static mesh BrazierMesh...
[2017.11.13-17.10.26:053][  0]LogMeshUtilities: Invalid vertex normals found for mesh. Forcing recomputation of vertex normals for MikkTSpace. Fix mesh or disable "Use MikkTSpace Tangent Space" to avoid forced recomputation of normals.
[2017.11.13-17.10.26:223][  0]LogStaticMesh: Built static mesh [0.17s] /Game/StaticMeshes/BrazierMesh.BrazierMesh
[2017.11.13-17.10.26:432][  0]LogTexture:Display: Building textures: FemaleFitA_Body_diffuse (AutoDXT, 2048X2048)
[2017.11.13-17.10.28:196][  0]LogMaterial: Missing cached shader map for material Lashes_MAT, compiling. 
[2017.11.13-17.10.28:408][  0]LogTexture:Display: Building textures: FemaleFitA_StdNM (BC5, 2048X2048)
[2017.11.13-17.10.28:941][  0]LogMaterial: Missing cached shader map for material EyeSpec_MAT, compiling. 
[2017.11.13-17.10.29:178][  0]LogTexture:Display: Building textures: Bow_NM (BC5, 2048X2048)
[2017.11.13-17.10.29:941][  0]LogTexture:Display: Building textures: Bow_DIFF (AutoDXT, 2048X2048)
[2017.11.13-17.10.31:689][  0]LogMaterial: Missing cached shader map for material Bow_MAT, compiling. 
[2017.11.13-17.10.31:909][  0]LogTexture:Display: Building textures: Erika_Archer_Clothes_diffuse (AutoDXT, 2048X2048)
[2017.11.13-17.10.33:192][  0]LogTexture:Display: Building textures: Erika_Archer_Clothes_normal (BC5, 2048X2048)
[2017.11.13-17.10.33:700][  0]LogMaterial: Missing cached shader map for material Akai_MAT, compiling. 
[2017.11.13-17.10.33:760][  0]LogMaterial: Missing cached shader map for material Body_MAT, compiling. 
[2017.11.13-17.10.33:970][  0]LogTexture:Display: Building textures: Knight_diffuse (AutoDXT, 2048X2048)
[2017.11.13-17.10.35:382][  0]LogTexture:Display: Building textures: Knight_specular (AutoDXT, 2048X2048)
[2017.11.13-17.10.36:588][  0]LogTexture:Display: Building textures: Knight_normal (BC5, 2048X2048)
[2017.11.13-17.10.37:120][  0]LogMaterial: Missing cached shader map for material Knight_MAT, compiling. 
[2017.11.13-17.10.37:325][  0]LogTexture:Display: Building textures: Paladin_specular (AutoDXT, 2048X2048)
[2017.11.13-17.10.38:396][  0]LogTexture:Display: Building textures: Paladin_normal (BC5, 2048X2048)
[2017.11.13-17.10.39:051][  0]LogTexture:Display: Building textures: Paladin_diffuse (AutoDXT, 2048X2048)
[2017.11.13-17.10.39:926][  0]LogMaterial: Missing cached shader map for material Paladin_MAT, compiling. 
[2017.11.13-17.10.40:047][  0]LogMaterial: Missing cached shader map for material lambert1, compiling. 
[2017.11.13-17.10.40:194][  0]LogClass:Warning: Enum '/Game/Vive/Blueprints/Enum_GameStatus.Enum_GameStatus' was upgraded to use FText to store its display name data. Please re-save this asset to avoid issues with localization and determinstic cooking.
[2017.11.13-17.10.40:443][  0]LogTexture:Display: Building textures: Texture2D_23 (BGRA8, 128X128)
[2017.11.13-17.10.40:444][  0]LogTexture:Display: Building textures: Texture2D_30 (BGRA8, 128X128)
[2017.11.13-17.10.40:446][  0]LogTexture:Display: Building textures: Texture2D_22 (BGRA8, 128X128)
[2017.11.13-17.10.40:448][  0]LogTexture:Display: Building textures: Texture2D_2 (BGRA8, 128X128)
[2017.11.13-17.10.40:449][  0]LogTexture:Display: Building textures: Texture2D_29 (BGRA8, 128X128)
[2017.11.13-17.10.40:450][  0]LogTexture:Display: Building textures: Texture2D_14 (BGRA8, 128X128)
[2017.11.13-17.10.40:452][  0]LogTexture:Display: Building textures: Texture2D_32 (BGRA8, 128X128)
[2017.11.13-17.10.40:453][  0]LogTexture:Display: Building textures: Texture2D_27 (BGRA8, 128X128)
[2017.11.13-17.10.40:454][  0]LogTexture:Display: Building textures: Texture2D_10 (BGRA8, 128X128)
[2017.11.13-17.10.40:458][  0]LogTexture:Display: Building textures: Texture2D_7 (BGRA8, 128X128)
[2017.11.13-17.10.40:460][  0]LogTexture:Display: Building textures: Texture2D_11 (BGRA8, 128X128)
[2017.11.13-17.10.40:462][  0]LogTexture:Display: Building textures: Texture2D_1 (BGRA8, 128X128)
[2017.11.13-17.10.40:464][  0]LogTexture:Display: Building textures: Texture2D_9 (BGRA8, 128X128)
[2017.11.13-17.10.40:466][  0]LogTexture:Display: Building textures: Texture2D_12 (BGRA8, 128X128)
[2017.11.13-17.10.40:467][  0]LogTexture:Display: Building textures: Texture2D_13 (BGRA8, 128X128)
[2017.11.13-17.10.40:468][  0]LogTexture:Display: Building textures: Texture2D_26 (BGRA8, 128X128)
[2017.11.13-17.10.40:469][  0]LogTexture:Display: Building textures: Texture2D_21 (BGRA8, 128X128)
[2017.11.13-17.10.40:470][  0]LogTexture:Display: Building textures: Texture2D_20 (BGRA8, 128X128)
[2017.11.13-17.10.40:471][  0]LogTexture:Display: Building textures: Texture2D_31 (BGRA8, 128X128)
[2017.11.13-17.10.40:473][  0]LogTexture:Display: Building textures: Texture2D_8 (BGRA8, 128X128)
[2017.11.13-17.10.40:474][  0]LogTexture:Display: Building textures: Texture2D_25 (BGRA8, 128X128)
[2017.11.13-17.10.40:476][  0]LogTexture:Display: Building textures: Texture2D_15 (BGRA8, 128X128)
[2017.11.13-17.10.40:477][  0]LogTexture:Display: Building textures: Texture2D_16 (BGRA8, 128X128)
[2017.11.13-17.10.40:478][  0]LogTexture:Display: Building textures: Texture2D_34 (BGRA8, 128X128)
[2017.11.13-17.10.40:479][  0]LogTexture:Display: Building textures: Texture2D_36 (BGRA8, 128X128)
[2017.11.13-17.10.40:479][  0]LogTexture:Display: Building textures: Texture2D_17 (BGRA8, 128X128)
[2017.11.13-17.10.40:481][  0]LogTexture:Display: Building textures: Texture2D_0 (BGRA8, 128X128)
[2017.11.13-17.10.40:482][  0]LogTexture:Display: Building textures: Texture2D_24 (BGRA8, 128X128)
[2017.11.13-17.10.40:483][  0]LogTexture:Display: Building textures: Texture2D_33 (BGRA8, 128X128)
[2017.11.13-17.10.40:484][  0]LogTexture:Display: Building textures: Texture2D_6 (BGRA8, 128X128)
[2017.11.13-17.10.40:485][  0]LogTexture:Display: Building textures: Texture2D_3 (BGRA8, 128X128)
[2017.11.13-17.10.40:486][  0]LogTexture:Display: Building textures: Texture2D_4 (BGRA8, 128X128)
[2017.11.13-17.10.40:487][  0]LogTexture:Display: Building textures: Texture2D_35 (BGRA8, 128X128)
[2017.11.13-17.10.40:487][  0]LogTexture:Display: Building textures: Texture2D_28 (BGRA8, 128X128)
[2017.11.13-17.10.40:488][  0]LogTexture:Display: Building textures: Texture2D_5 (BGRA8, 128X128)
[2017.11.13-17.10.40:494][  0]LogMaterial: Missing cached shader map for material LandscapeMaterial, compiling. 
[2017.11.13-17.10.40:539][  0]LogMaterial: Missing cached shader map for material LandscapeMaterial, compiling. 
[2017.11.13-17.10.40:589][  0]LogTexture:Display: Building textures: Texture2D_134 (BGRA8, 128X128)
[2017.11.13-17.10.40:591][  0]LogTexture:Display: Building textures: Texture2D_135 (BGRA8, 128X128)
[2017.11.13-17.10.40:600][  0]LogMaterial: Missing cached shader map for material LandscapeMaterial, compiling. 
[2017.11.13-17.10.40:643][  0]LogTexture:Display: Building textures: Texture2D_136 (BGRA8, 128X128)
[2017.11.13-17.10.40:644][  0]LogTexture:Display: Building textures: Texture2D_137 (BGRA8, 128X128)
[2017.11.13-17.10.40:645][  0]LogTexture:Display: Building textures: Texture2D_138 (BGRA8, 128X128)
[2017.11.13-17.10.40:646][  0]LogTexture:Display: Building textures: Texture2D_139 (BGRA8, 128X128)
[2017.11.13-17.10.40:648][  0]LogTexture:Display: Building textures: Texture2D_140 (BGRA8, 128X128)
[2017.11.13-17.10.40:649][  0]LogTexture:Display: Building textures: Texture2D_141 (BGRA8, 128X128)
[2017.11.13-17.10.40:653][  0]LogMaterial: Missing cached shader map for material LandscapeMaterial, compiling. 
[2017.11.13-17.10.40:694][  0]LogTexture:Display: Building textures: Texture2D_142 (BGRA8, 128X128)
[2017.11.13-17.10.40:695][  0]LogTexture:Display: Building textures: Texture2D_143 (BGRA8, 128X128)
[2017.11.13-17.10.40:697][  0]LogTexture:Display: Building textures: Texture2D_74 (BGRA8, 128X128)
[2017.11.13-17.10.40:697][  0]LogTexture:Display: Building textures: Texture2D_75 (BGRA8, 128X128)
[2017.11.13-17.10.40:699][  0]LogTexture:Display: Building textures: Texture2D_76 (BGRA8, 128X128)
[2017.11.13-17.10.40:700][  0]LogTexture:Display: Building textures: Texture2D_77 (BGRA8, 128X128)
[2017.11.13-17.10.40:701][  0]LogTexture:Display: Building textures: Texture2D_78 (BGRA8, 128X128)
[2017.11.13-17.10.40:703][  0]LogTexture:Display: Building textures: Texture2D_79 (BGRA8, 128X128)
[2017.11.13-17.10.40:704][  0]LogTexture:Display: Building textures: Texture2D_80 (BGRA8, 128X128)
[2017.11.13-17.10.40:706][  0]LogTexture:Display: Building textures: Texture2D_83 (BGRA8, 128X128)
[2017.11.13-17.10.40:707][  0]LogTexture:Display: Building textures: Texture2D_84 (BGRA8, 128X128)
[2017.11.13-17.10.40:708][  0]LogTexture:Display: Building textures: Texture2D_85 (BGRA8, 128X128)
[2017.11.13-17.10.40:710][  0]LogTexture:Display: Building textures: Texture2D_86 (BGRA8, 128X128)
[2017.11.13-17.10.40:711][  0]LogTexture:Display: Building textures: Texture2D_87 (BGRA8, 128X128)
[2017.11.13-17.10.40:712][  0]LogTexture:Display: Building textures: Texture2D_88 (BGRA8, 128X128)
[2017.11.13-17.10.40:714][  0]LogTexture:Display: Building textures: Texture2D_89 (BGRA8, 128X128)
[2017.11.13-17.10.40:716][  0]LogTexture:Display: Building textures: Texture2D_90 (BGRA8, 128X128)
[2017.11.13-17.10.40:717][  0]LogTexture:Display: Building textures: Texture2D_91 (BGRA8, 128X128)
[2017.11.13-17.10.40:718][  0]LogTexture:Display: Building textures: Texture2D_92 (BGRA8, 128X128)
[2017.11.13-17.10.40:719][  0]LogTexture:Display: Building textures: Texture2D_93 (BGRA8, 128X128)
[2017.11.13-17.10.40:721][  0]LogTexture:Display: Building textures: Texture2D_94 (BGRA8, 128X128)
[2017.11.13-17.10.40:722][  0]LogTexture:Display: Building textures: Texture2D_95 (BGRA8, 128X128)
[2017.11.13-17.10.40:724][  0]LogTexture:Display: Building textures: Texture2D_96 (BGRA8, 128X128)
[2017.11.13-17.10.40:725][  0]LogTexture:Display: Building textures: Texture2D_97 (BGRA8, 128X128)
[2017.11.13-17.10.40:726][  0]LogTexture:Display: Building textures: Texture2D_98 (BGRA8, 128X128)
[2017.11.13-17.10.40:728][  0]LogTexture:Display: Building textures: Texture2D_99 (BGRA8, 128X128)
[2017.11.13-17.10.40:731][  0]LogTexture:Display: Building textures: Texture2D_100 (BGRA8, 128X128)
[2017.11.13-17.10.40:732][  0]LogTexture:Display: Building textures: Texture2D_101 (BGRA8, 128X128)
[2017.11.13-17.10.40:734][  0]LogTexture:Display: Building textures: Texture2D_72 (BGRA8, 128X128)
[2017.11.13-17.10.40:736][  0]LogTexture:Display: Building textures: Texture2D_102 (BGRA8, 128X128)
[2017.11.13-17.10.40:737][  0]LogTexture:Display: Building textures: Texture2D_103 (BGRA8, 128X128)
[2017.11.13-17.10.40:738][  0]LogTexture:Display: Building textures: Texture2D_104 (BGRA8, 128X128)
[2017.11.13-17.10.40:739][  0]LogTexture:Display: Building textures: Texture2D_111 (BGRA8, 128X128)
[2017.11.13-17.10.40:740][  0]LogTexture:Display: Building textures: Texture2D_122 (BGRA8, 128X128)
[2017.11.13-17.10.40:742][  0]LogTexture:Display: Building textures: Texture2D_133 (BGRA8, 128X128)
[2017.11.13-17.10.40:744][  0]LogTexture:Display: Building textures: Texture2D_73 (BGRA8, 128X128)
[2017.11.13-17.10.40:746][  0]LogTexture:Display: Building textures: Texture2D_105 (BGRA8, 128X128)
[2017.11.13-17.10.40:748][  0]LogTexture:Display: Building textures: Texture2D_106 (BGRA8, 128X128)
[2017.11.13-17.10.40:749][  0]LogTexture:Display: Building textures: Texture2D_107 (BGRA8, 128X128)
[2017.11.13-17.10.40:749][  0]LogTexture:Display: Building textures: Texture2D_108 (BGRA8, 128X128)
[2017.11.13-17.10.40:750][  0]LogTexture:Display: Building textures: Texture2D_109 (BGRA8, 128X128)
[2017.11.13-17.10.40:752][  0]LogTexture:Display: Building textures: Texture2D_110 (BGRA8, 128X128)
[2017.11.13-17.10.40:753][  0]LogTexture:Display: Building textures: Texture2D_112 (BGRA8, 128X128)
[2017.11.13-17.10.40:754][  0]LogTexture:Display: Building textures: Texture2D_113 (BGRA8, 128X128)
[2017.11.13-17.10.40:755][  0]LogTexture:Display: Building textures: Texture2D_114 (BGRA8, 128X128)
[2017.11.13-17.10.40:757][  0]LogTexture:Display: Building textures: Texture2D_115 (BGRA8, 128X128)
[2017.11.13-17.10.40:758][  0]LogTexture:Display: Building textures: Texture2D_116 (BGRA8, 128X128)
[2017.11.13-17.10.40:759][  0]LogTexture:Display: Building textures: Texture2D_117 (BGRA8, 128X128)
[2017.11.13-17.10.40:760][  0]LogTexture:Display: Building textures: Texture2D_118 (BGRA8, 128X128)
[2017.11.13-17.10.40:761][  0]LogTexture:Display: Building textures: Texture2D_119 (BGRA8, 128X128)
[2017.11.13-17.10.40:762][  0]LogTexture:Display: Building textures: Texture2D_120 (BGRA8, 128X128)
[2017.11.13-17.10.40:764][  0]LogTexture:Display: Building textures: Texture2D_121 (BGRA8, 128X128)
[2017.11.13-17.10.40:766][  0]LogTexture:Display: Building textures: Texture2D_123 (BGRA8, 128X128)
[2017.11.13-17.10.40:767][  0]LogTexture:Display: Building textures: Texture2D_124 (BGRA8, 128X128)
[2017.11.13-17.10.40:768][  0]LogTexture:Display: Building textures: Texture2D_125 (BGRA8, 128X128)
[2017.11.13-17.10.40:769][  0]LogTexture:Display: Building textures: Texture2D_126 (BGRA8, 128X128)
[2017.11.13-17.10.40:770][  0]LogTexture:Display: Building textures: Texture2D_127 (BGRA8, 128X128)
[2017.11.13-17.10.40:771][  0]LogTexture:Display: Building textures: Texture2D_128 (BGRA8, 128X128)
[2017.11.13-17.10.40:772][  0]LogTexture:Display: Building textures: Texture2D_129 (BGRA8, 128X128)
[2017.11.13-17.10.40:774][  0]LogTexture:Display: Building textures: Texture2D_130 (BGRA8, 128X128)
[2017.11.13-17.10.40:775][  0]LogTexture:Display: Building textures: Texture2D_131 (BGRA8, 128X128)
[2017.11.13-17.10.40:776][  0]LogTexture:Display: Building textures: Texture2D_132 (BGRA8, 128X128)
[2017.11.13-17.10.40:853][  0]LogAnimationCompression: Building Anim DDC data for AnimSequence /Game/AnimationAssets/Mixamo_Erika/Animations/Shooting_Arrow_Anim.Shooting_Arrow_Anim
[2017.11.13-17.10.41:024][  0]LogAnimationCompression: Building Anim DDC data for AnimSequence /Game/AnimationAssets/Mixamo_Erika/Animations/standing_Run_In_Place.standing_Run_In_Place
[2017.11.13-17.10.41:033][  0]LogMaterial: Missing cached shader map for material T_Wood_Walnut_Mat, compiling. 
[2017.11.13-17.10.41:193][  0]LogMaterial: Missing cached shader map for material M_OutlineTest01, compiling. 
[2017.11.13-17.10.41:203][  0]LogTexture:Display: Building textures: CLUT_CelShadingTest (BGRA8, 1X128)
[2017.11.13-17.10.41:206][  0]LogMaterial: Missing cached shader map for material M_CelShadingTest, compiling. 
[2017.11.13-17.10.41:241][  0]LogTexture:Display: Building textures: HQ_Lightmap1_1 (AutoDXT, 1024X1024)
[2017.11.13-17.10.41:410][  0]LogTexture:Display: Building textures: HQ_Lightmap1_10 (AutoDXT, 64X64)
[2017.11.13-17.10.41:425][  0]LogTexture:Display: Building textures: HQ_Lightmap1_2 (AutoDXT, 1024X1024)
[2017.11.13-17.10.41:595][  0]LogTexture:Display: Building textures: HQ_Lightmap1_3 (AutoDXT, 1024X1024)
[2017.11.13-17.10.41:794][  0]LogTexture:Display: Building textures: HQ_Lightmap1_4 (AutoDXT, 512X512)
[2017.11.13-17.10.41:808][  0]LogTexture:Display: Building textures: HQ_Lightmap1_5 (AutoDXT, 512X512)
[2017.11.13-17.10.41:857][  0]LogTexture:Display: Building textures: HQ_Lightmap1_6 (AutoDXT, 1024X1024)
[2017.11.13-17.10.41:917][  0]LogTexture:Display: Building textures: HQ_Lightmap1_7 (AutoDXT, 256X256)
[2017.11.13-17.10.41:946][  0]LogTexture:Display: Building textures: HQ_Lightmap1_8 (AutoDXT, 1024X1024)
[2017.11.13-17.10.41:995][  0]LogTexture:Display: Building textures: HQ_Lightmap1_9 (AutoDXT, 512X512)
[2017.11.13-17.10.42:021][  0]LogTexture:Display: Building textures: LQ_Lightmap_1_1 (DXT1, 1024X1024)
[2017.11.13-17.10.42:091][  0]LogTexture:Display: Building textures: LQ_Lightmap_1_10 (DXT1, 64X64)
[2017.11.13-17.10.42:117][  0]LogTexture:Display: Building textures: LQ_Lightmap_1_2 (DXT1, 1024X1024)
[2017.11.13-17.10.42:282][  0]LogTexture:Display: Building textures: LQ_Lightmap_1_3 (DXT1, 1024X1024)
[2017.11.13-17.10.42:436][  0]LogTexture:Display: Building textures: LQ_Lightmap_1_4 (DXT1, 512X512)
[2017.11.13-17.10.42:496][  0]LogTexture:Display: Building textures: LQ_Lightmap_1_5 (DXT1, 512X512)
[2017.11.13-17.10.42:594][  0]LogTexture:Display: Building textures: LQ_Lightmap_1_6 (DXT1, 1024X1024)
[2017.11.13-17.10.42:704][  0]LogTexture:Display: Building textures: LQ_Lightmap_1_7 (DXT1, 256X256)
[2017.11.13-17.10.42:755][  0]LogTexture:Display: Building textures: LQ_Lightmap_1_8 (DXT1, 1024X1024)
[2017.11.13-17.10.42:865][  0]LogTexture:Display: Building textures: LQ_Lightmap_1_9 (DXT1, 512X512)
[2017.11.13-17.10.42:926][  0]LogTexture:Display: Building textures: SkyOcclusion1_1 (AutoDXT, 1024X512)
[2017.11.13-17.10.43:021][  0]LogTexture:Display: Building textures: SkyOcclusion1_10 (AutoDXT, 64X32)
[2017.11.13-17.10.43:035][  0]LogTexture:Display: Building textures: SkyOcclusion1_2 (AutoDXT, 1024X512)
[2017.11.13-17.10.43:148][  0]LogTexture:Display: Building textures: SkyOcclusion1_3 (AutoDXT, 1024X512)
[2017.11.13-17.10.43:248][  0]LogTexture:Display: Building textures: SkyOcclusion1_4 (AutoDXT, 512X256)
[2017.11.13-17.10.43:283][  0]LogTexture:Display: Building textures: SkyOcclusion1_5 (AutoDXT, 512X256)
[2017.11.13-17.10.43:353][  0]LogTexture:Display: Building textures: SkyOcclusion1_6 (AutoDXT, 1024X512)
[2017.11.13-17.10.43:428][  0]LogTexture:Display: Building textures: SkyOcclusion1_7 (AutoDXT, 256X128)
[2017.11.13-17.10.43:471][  0]LogTexture:Display: Building textures: SkyOcclusion1_8 (AutoDXT, 1024X512)
[2017.11.13-17.10.43:539][  0]LogTexture:Display: Building textures: SkyOcclusion1_9 (AutoDXT, 512X256)
[2017.11.13-17.10.43:643][  0]LogAIModule: Creating AISystem for world default
[2017.11.13-17.10.44:079][  0]LogEditorServer: Finished looking for orphan Actors (0.000 secs)
[2017.11.13-17.10.44:173][  0]Cmd: MAP CHECKDEP NOCLEARLOG
[2017.11.13-17.10.44:227][  0]MapCheck: Info Map check complete: 0 Error(s), 0 Warning(s), took 54.146ms to complete.
[2017.11.13-17.10.44:227][  0]LogFileHelpers: Loading map 'default' took 28.200
[2017.11.13-17.10.44:855][  0]LogCollectionManager: Loaded 0 collections in 0.003308 seconds
[2017.11.13-17.10.45:008][  0]LogFileCache: Scanning file cache for directory 'D:/CastleGuardCurrent/CastleGuardPhase2/CastleGuardReborn/Saved/Collections/' took 0.01s
[2017.11.13-17.10.45:008][  0]LogFileCache: Scanning file cache for directory 'D:/CastleGuardCurrent/CastleGuardPhase2/CastleGuardReborn/Content/Developers/studentuser/Collections/' took 0.01s
[2017.11.13-17.10.45:008][  0]LogFileCache: Scanning file cache for directory 'D:/CastleGuardCurrent/CastleGuardPhase2/CastleGuardReborn/Content/Collections/' took 0.01s
[2017.11.13-17.10.45:008][  0]LogCollectionManager: Rebuilt the GUID cache for 0 collections in 0.000002 seconds
[2017.11.13-17.10.45:023][  0]LogContentBrowser: Native class hierarchy populated in 0.0131 seconds. Added 2330 classes and 494 folders.
[2017.11.13-17.10.45:134][  0]LogContentBrowser: Native class hierarchy updated for 'WidgetCarousel' in 0.0007 seconds. Added 0 classes and 0 folders.
[2017.11.13-17.10.45:853][  0]LogContentBrowser: Native class hierarchy updated for 'AddContentDialog' in 0.0007 seconds. Added 0 classes and 0 folders.
[2017.11.13-17.10.45:947][  0]LogContentBrowser: Native class hierarchy updated for 'SceneOutliner' in 0.0008 seconds. Added 1 classes and 2 folders.
[2017.11.13-17.10.46:180][  0]LogCrashTracker: Crashtracker disabled due to settings.
[2017.11.13-17.10.46:256][  0]LogSlate: Took 0.006373 seconds to synchronously load lazily loaded font '../../../Engine/Content/Slate/Fonts/Roboto-Regular.ttf' (155K)
[2017.11.13-17.10.46:268][  0]LogSlate: Took 0.010306 seconds to synchronously load lazily loaded font '../../../Engine/Content/Slate/Fonts/Roboto-Bold.ttf' (160K)
[2017.11.13-17.10.46:283][  0]LogSlate: Took 0.007107 seconds to synchronously load lazily loaded font '../../../Engine/Content/Editor/Slate/Fonts/FontAwesome.ttf' (139K)
[2017.11.13-17.10.46:293][  0]LogSlate: Took 0.009554 seconds to synchronously load lazily loaded font '../../../Engine/Content/Editor/Slate/Fonts/DroidSansMono.ttf' (77K)
[2017.11.13-17.10.46:655][  0]LogRenderer: Reallocating scene render targets to support 1196x576 NumSamples 1 (Frame:1).
[2017.11.13-17.10.48:232][  0]LogUObjectGlobals:Warning: Failed to find object 'Class None.'
[2017.11.13-17.10.48:355][  0]LogContentBrowser: Native class hierarchy updated for 'HierarchicalLODOutliner' in 0.0009 seconds. Added 1 classes and 2 folders.
[2017.11.13-17.10.48:356][  0]LogLoad: (Engine Initialization) Total time: 63.88 seconds
[2017.11.13-17.10.48:356][  0]LogLoad: (Engine Initialization) Total Blueprint compile time: 0.86 seconds
[2017.11.13-17.10.48:356][  0]LogExternalProfiler: Found external profiler: VSPerf
[2017.11.13-17.10.48:356][  0]LogExternalProfiler: Using external profiler: VSPerf
[2017.11.13-17.10.48:367][  0]LogOcInput: OculusInput pre-init called
[2017.11.13-17.10.48:367][  0]LogHMD: Starting GearVRController plugin
[2017.11.13-17.10.48:367][  0]LogSteamVRController: Controller role for device 1 is 2 (invalid=0, left=1, right=2).
[2017.11.13-17.10.48:367][  0]LogSteamVRController:Warning: Controller device 1 is being assigned to its prefered role 'right'.
[2017.11.13-17.10.48:368][  0]LogSteamVRController: Controller device 1 is being assigned unreal hand 1 (left=0, right=1).
[2017.11.13-17.10.48:368][  0]LogSteamVRController: Controller role for device 2 is 0 (invalid=0, left=1, right=2).
[2017.11.13-17.10.48:368][  0]LogSteamVRController: Putting controller 2 on the left hand because there is already a controller for the right.
[2017.11.13-17.10.48:368][  0]LogSteamVRController: Controller device 2 is being assigned unreal hand 0 (left=0, right=1).
[2017.11.13-17.10.48:473][  0]LogContentStreaming: Texture pool size now 1000 MB
[2017.11.13-17.10.48:799][  3]LogAssetRegistry: Asset discovery search completed in 47.7810 seconds
[2017.11.13-17.10.48:803][  3]LogCollectionManager: Rebuilt the object cache for 0 collections in 0.000001 seconds (found 0 objects)
[2017.11.13-17.10.48:804][  3]LogCollectionManager: Fixed up redirectors for 0 collections in 0.000294 seconds (updated 0 objects)
[2017.11.13-17.10.49:178][ 13]LogWindowsTextInputMethodSystem:Display: IME system now deactivated.
[2017.11.13-17.10.49:472][ 14]Cmd: QUIT_EDITOR
[2017.11.13-17.10.49:532][ 14]LogExit: Preparing to exit.
[2017.11.13-17.10.50:755][ 14]LogExit: Editor shut down
[2017.11.13-17.10.50:762][ 14]LogExit: Transaction tracking system shut down
[2017.11.13-17.10.50:983][ 14]LogObj: Freed 0b from 0 cluster array pools.
[2017.11.13-17.10.50:983][ 14]LogExit: Object subsystem successfully closed.
[2017.11.13-17.10.51:004][ 14]LogD3D11RHI: Shutdown
[2017.11.13-17.10.51:004][ 14]LogD3D11RHI: CleanupD3DDevice
[2017.11.13-17.10.51:069][ 14]LogD3D11RHI: ~FD3D11DynamicRHI
[2017.11.13-17.10.51:086][ 14]LogModuleManager: Shutting down and abandoning module HierarchicalLODOutliner (526)
[2017.11.13-17.10.51:086][ 14]LogModuleManager: Shutting down and abandoning module CrashTracker (524)
[2017.11.13-17.10.51:086][ 14]LogModuleManager: Shutting down and abandoning module SceneOutliner (522)
[2017.11.13-17.10.51:086][ 14]LogModuleManager: Shutting down and abandoning module AddContentDialog (520)
[2017.11.13-17.10.51:087][ 14]LogDirectoryWatcher: A directory notification for 'C:/Program Files/Epic Games/UE_4.16/FeaturePacks/' was aborted.
[2017.11.13-17.10.51:087][ 14]LogModuleManager: Shutting down and abandoning module WidgetCarousel (519)
[2017.11.13-17.10.51:087][ 14]LogModuleManager: Shutting down and abandoning module EditorWidgets (516)
[2017.11.13-17.10.51:087][ 14]LogModuleManager: Shutting down and abandoning module CollectionManager (514)
[2017.11.13-17.10.51:088][ 14]LogDirectoryWatcher: A directory notification for 'D:/CastleGuardCurrent/CastleGuardPhase2/CastleGuardReborn/Content/Collections/' was aborted.
[2017.11.13-17.10.51:088][ 14]LogDirectoryWatcher: A directory notification for 'D:/CastleGuardCurrent/CastleGuardPhase2/CastleGuardReborn/Content/Developers/studentuser/Collections/' was aborted.
[2017.11.13-17.10.51:088][ 14]LogDirectoryWatcher: A directory notification for 'D:/CastleGuardCurrent/CastleGuardPhase2/CastleGuardReborn/Saved/Collections/' was aborted.
[2017.11.13-17.10.51:088][ 14]LogModuleManager: Shutting down and abandoning module WorldBrowser (512)
[2017.11.13-17.10.51:088][ 14]LogModuleManager: Shutting down and abandoning module StatsViewer (510)
[2017.11.13-17.10.51:088][ 14]LogModuleManager: Shutting down and abandoning module FoliageEdit (508)
[2017.11.13-17.10.51:088][ 14]LogModuleManager: Shutting down and abandoning module LandscapeEditor (506)
[2017.11.13-17.10.51:088][ 14]LogModuleManager: Shutting down and abandoning module MeshPaintMode (504)
[2017.11.13-17.10.51:088][ 14]LogModuleManager: Shutting down and abandoning module SceneDepthPickerMode (502)
[2017.11.13-17.10.51:088][ 14]LogModuleManager: Shutting down and abandoning module ActorPickerMode (500)
[2017.11.13-17.10.51:088][ 14]LogModuleManager: Shutting down and abandoning module GeometryMode (498)
[2017.11.13-17.10.51:088][ 14]LogModuleManager: Shutting down and abandoning module TextureAlignMode (496)
[2017.11.13-17.10.51:088][ 14]LogModuleManager: Shutting down and abandoning module BspMode (494)
[2017.11.13-17.10.51:088][ 14]LogModuleManager: Shutting down and abandoning module HardwareSurvey (492)
[2017.11.13-17.10.51:088][ 14]LogModuleManager: Shutting down and abandoning module SequenceRecorderSections (490)
[2017.11.13-17.10.51:088][ 14]LogModuleManager: Shutting down and abandoning module AutomationWorker (488)
[2017.11.13-17.10.51:088][ 14]LogModuleManager: Shutting down and abandoning module MatineeToLevelSequence (486)
[2017.11.13-17.10.51:088][ 14]LogModuleManager: Shutting down and abandoning module LevelSequenceEditor (484)
[2017.11.13-17.10.51:089][ 14]LogModuleManager: Shutting down and abandoning module PlacementMode (483)
[2017.11.13-17.10.51:089][ 14]LogModuleManager: Shutting down and abandoning module WmfMediaFactory (480)
[2017.11.13-17.10.51:089][ 14]LogModuleManager: Shutting down and abandoning module WmfMediaEditor (478)
[2017.11.13-17.10.51:089][ 14]LogModuleManager: Shutting down and abandoning module AvfMediaFactory (476)
[2017.11.13-17.10.51:089][ 14]LogModuleManager: Shutting down and abandoning module AvfMediaEditor (474)
[2017.11.13-17.10.51:089][ 14]LogModuleManager: Shutting down and abandoning module AndroidMediaFactory (472)
[2017.11.13-17.10.51:089][ 14]LogModuleManager: Shutting down and abandoning module Media (471)
[2017.11.13-17.10.51:089][ 14]LogModuleManager: Shutting down and abandoning module AndroidMediaEditor (468)
[2017.11.13-17.10.51:089][ 14]LogModuleManager: Shutting down and abandoning module CharacterAI (466)
[2017.11.13-17.10.51:089][ 14]LogModuleManager: Shutting down and abandoning module AudioCapture (464)
[2017.11.13-17.10.51:089][ 14]LogModuleManager: Shutting down and abandoning module SequenceRecorder (463)
[2017.11.13-17.10.51:089][ 14]LogModuleManager: Shutting down and abandoning module SmartSnapping (460)
[2017.11.13-17.10.51:089][ 14]LogModuleManager: Shutting down and abandoning module SessionServices (458)
[2017.11.13-17.10.51:089][ 14]LogModuleManager: Shutting down and abandoning module ViewportSnapping (456)
[2017.11.13-17.10.51:089][ 14]LogModuleManager: Shutting down and abandoning module ViewportInteraction (454)
[2017.11.13-17.10.51:089][ 14]LogModuleManager: Shutting down and abandoning module ClothPainter (452)
[2017.11.13-17.10.51:090][ 14]LogModuleManager: Shutting down and abandoning module LogVisualizer (450)
[2017.11.13-17.10.51:090][ 14]LogModuleManager: Shutting down and abandoning module IntroTutorials (448)
[2017.11.13-17.10.51:090][ 14]LogModuleManager: Shutting down and abandoning module GameProjectGeneration (447)
[2017.11.13-17.10.51:091][ 14]LogModuleManager: Shutting down and abandoning module EditorLiveStreaming (444)
[2017.11.13-17.10.51:091][ 14]LogModuleManager: Shutting down and abandoning module IOSPlatformEditor (442)
[2017.11.13-17.10.51:091][ 14]LogModuleManager: Shutting down and abandoning module HTML5PlatformEditor (440)
[2017.11.13-17.10.51:091][ 14]LogModuleManager: Shutting down and abandoning module AndroidPlatformEditor (438)
[2017.11.13-17.10.51:091][ 14]LogModuleManager: Shutting down and abandoning module AndroidDeviceDetection (437)
[2017.11.13-17.10.51:237][ 14]LogModuleManager: Shutting down and abandoning module IOSRuntimeSettings (434)
[2017.11.13-17.10.51:237][ 14]LogModuleManager: Shutting down and abandoning module AndroidRuntimeSettings (432)
[2017.11.13-17.10.51:237][ 14]LogModuleManager: Shutting down and abandoning module InputBindingEditor (430)
[2017.11.13-17.10.51:237][ 14]LogModuleManager: Shutting down and abandoning module MergeActors (428)
[2017.11.13-17.10.51:238][ 14]LogModuleManager: Shutting down and abandoning module SizeMap (426)
[2017.11.13-17.10.51:238][ 14]LogModuleManager: Shutting down and abandoning module TreeMap (424)
[2017.11.13-17.10.51:238][ 14]LogModuleManager: Shutting down and abandoning module ReferenceViewer (422)
[2017.11.13-17.10.51:238][ 14]LogModuleManager: Shutting down and abandoning module LocalizationDashboard (420)
[2017.11.13-17.10.51:238][ 14]LogModuleManager: Shutting down and abandoning module LocalizationService (419)
[2017.11.13-17.10.51:238][ 14]LogModuleManager: Shutting down and abandoning module HardwareTargeting (416)
[2017.11.13-17.10.51:238][ 14]LogModuleManager: Shutting down and abandoning module DeviceProfileEditor (414)
[2017.11.13-17.10.51:239][ 14]LogModuleManager: Shutting down and abandoning module UndoHistory (412)
[2017.11.13-17.10.51:239][ 14]LogModuleManager: Shutting down and abandoning module UserFeedback (410)
[2017.11.13-17.10.51:239][ 14]LogModuleManager: Shutting down and abandoning module XmlParser (408)
[2017.11.13-17.10.51:239][ 14]LogModuleManager: Shutting down and abandoning module Blutility (406)
[2017.11.13-17.10.51:239][ 14]LogModuleManager: Shutting down and abandoning module ProjectSettingsViewer (404)
[2017.11.13-17.10.51:239][ 14]LogModuleManager: Shutting down and abandoning module ProjectTargetPlatformEditor (403)
[2017.11.13-17.10.51:239][ 14]LogModuleManager: Shutting down and abandoning module EditorSettingsViewer (400)
[2017.11.13-17.10.51:239][ 14]LogModuleManager: Shutting down and abandoning module SettingsEditor (398)
[2017.11.13-17.10.51:239][ 14]LogModuleManager: Shutting down and abandoning module ProjectLauncher (396)
[2017.11.13-17.10.51:239][ 14]LogModuleManager: Shutting down and abandoning module SessionFrontend (394)
[2017.11.13-17.10.51:240][ 14]LogModuleManager: Shutting down and abandoning module ProfilerClient (392)
[2017.11.13-17.10.51:240][ 14]LogModuleManager: Shutting down and abandoning module DeviceManager (390)
[2017.11.13-17.10.51:241][ 14]LogModuleManager: Shutting down and abandoning module TargetDeviceServices (389)
[2017.11.13-17.10.51:308][ 14]LogModuleManager: Shutting down and abandoning module AutomationController (386)
[2017.11.13-17.10.51:308][ 14]LogModuleManager: Shutting down and abandoning module AutomationWindow (384)
[2017.11.13-17.10.51:308][ 14]LogModuleManager: Shutting down and abandoning module Layers (382)
[2017.11.13-17.10.51:309][ 14]LogModuleManager: Shutting down and abandoning module ComponentVisualizers (380)
[2017.11.13-17.10.51:309][ 14]LogModuleManager: Shutting down and abandoning module DetailCustomizations (378)
[2017.11.13-17.10.51:310][ 14]LogModuleManager: Shutting down and abandoning module PackagesDialog (376)
[2017.11.13-17.10.51:310][ 14]LogModuleManager: Shutting down and abandoning module Persona (374)
[2017.11.13-17.10.51:310][ 14]LogModuleManager: Shutting down and abandoning module AdvancedPreviewScene (373)
[2017.11.13-17.10.51:310][ 14]LogModuleManager: Shutting down and abandoning module AnimGraph (371)
[2017.11.13-17.10.51:310][ 14]LogModuleManager: Shutting down and abandoning module Kismet (368)
[2017.11.13-17.10.51:312][ 14]LogModuleManager: Shutting down and abandoning module ClassViewer (366)
[2017.11.13-17.10.51:312][ 14]LogModuleManager: Shutting down and abandoning module Toolbox (364)
[2017.11.13-17.10.51:312][ 14]LogModuleManager: Shutting down and abandoning module ModuleUI (362)
[2017.11.13-17.10.51:313][ 14]LogModuleManager: Shutting down and abandoning module MovieSceneTools (360)
[2017.11.13-17.10.51:313][ 14]LogModuleManager: Shutting down and abandoning module OutputLog (358)
[2017.11.13-17.10.51:313][ 14]LogModuleManager: Shutting down and abandoning module GammaUI (356)
[2017.11.13-17.10.51:313][ 14]LogModuleManager: Shutting down and abandoning module Documentation (354)
[2017.11.13-17.10.51:313][ 14]LogModuleManager: Shutting down and abandoning module MovieSceneTracks (352)
[2017.11.13-17.10.51:313][ 14]LogModuleManager: Shutting down and abandoning module MovieScene (350)
[2017.11.13-17.10.51:313][ 14]LogModuleManager: Shutting down and abandoning module Niagara (348)
[2017.11.13-17.10.51:313][ 14]LogModuleManager: Shutting down and abandoning module NiagaraEditor (347)
[2017.11.13-17.10.51:314][ 14]LogModuleManager: Shutting down and abandoning module StreamingPauseRendering (344)
[2017.11.13-17.10.51:314][ 14]LogModuleManager: Shutting down and abandoning module AnalyticsET (342)
[2017.11.13-17.10.51:314][ 14]LogModuleManager: Shutting down and abandoning module PortalServices (340)
[2017.11.13-17.10.51:314][ 14]LogModuleManager: Shutting down and abandoning module PortalRpc (338)
[2017.11.13-17.10.51:314][ 14]LogModuleManager: Shutting down and abandoning module MessagingRpc (336)
[2017.11.13-17.10.51:314][ 14]LogModuleManager: Shutting down and abandoning module AIModule (334)
[2017.11.13-17.10.51:314][ 14]LogModuleManager: Shutting down and abandoning module GameplayDebugger (333)
[2017.11.13-17.10.51:314][ 14]LogModuleManager: Shutting down and abandoning module AITestSuite (331)
[2017.11.13-17.10.51:314][ 14]LogModuleManager: Shutting down and abandoning module ProfilerService (328)
[2017.11.13-17.10.51:526][ 14]LogModuleManager: Shutting down and abandoning module TaskGraph (326)
[2017.11.13-17.10.51:526][ 14]LogModuleManager: Shutting down and abandoning module SteamVRController (324)
[2017.11.13-17.10.51:526][ 14]LogModuleManager: Shutting down and abandoning module SteamVR (322)
[2017.11.13-17.10.51:526][ 14]LogModuleManager: Shutting down and abandoning module ProceduralMeshComponentEditor (320)
[2017.11.13-17.10.51:526][ 14]LogModuleManager: Shutting down and abandoning module ProceduralMeshComponent (318)
[2017.11.13-17.10.51:526][ 14]LogModuleManager: Shutting down and abandoning module OculusLibrary (316)
[2017.11.13-17.10.51:526][ 14]LogModuleManager: Shutting down and abandoning module OculusInput (314)
[2017.11.13-17.10.51:526][ 14]LogModuleManager: Shutting down and abandoning module MobilePatchingUtils (312)
[2017.11.13-17.10.51:526][ 14]LogModuleManager: Shutting down and abandoning module CustomMeshComponent (310)
[2017.11.13-17.10.51:526][ 14]LogModuleManager: Shutting down and abandoning module CableComponent (308)
[2017.11.13-17.10.51:526][ 14]LogModuleManager: Shutting down and abandoning module ArchVisCharacter (306)
[2017.11.13-17.10.51:526][ 14]LogModuleManager: Shutting down and abandoning module AndroidPermission (304)
[2017.11.13-17.10.51:526][ 14]LogModuleManager: Shutting down and abandoning module MediaPlayerEditor (300)
[2017.11.13-17.10.51:527][ 14]LogModuleManager: Shutting down and abandoning module HTML5Networking (298)
[2017.11.13-17.10.51:527][ 14]LogModuleManager: Shutting down and abandoning module AlembicImporter (296)
[2017.11.13-17.10.51:527][ 14]LogModuleManager: Shutting down and abandoning module AlembicLibrary (295)
[2017.11.13-17.10.51:527][ 14]LogModuleManager: Shutting down and abandoning module GeometryCache (294)
[2017.11.13-17.10.51:527][ 14]LogModuleManager: Shutting down and abandoning module GeometryCacheEd (293)
[2017.11.13-17.10.51:527][ 14]LogModuleManager: Shutting down and abandoning module SuperSearchEditor (288)
[2017.11.13-17.10.51:527][ 14]LogModuleManager: Shutting down and abandoning module SuperSearch (287)
[2017.11.13-17.10.51:527][ 14]LogModuleManager: Shutting down and abandoning module SpeedTreeImporter (284)
[2017.11.13-17.10.51:527][ 14]LogModuleManager: Shutting down and abandoning module PluginBrowser (282)
[2017.11.13-17.10.51:527][ 14]LogModuleManager: Shutting down and abandoning module MobileLauncherProfileWizard (280)
[2017.11.13-17.10.51:527][ 14]LogModuleManager: Shutting down and abandoning module VisualStudioSourceCodeAccess (278)
[2017.11.13-17.10.51:527][ 14]LogModuleManager: Shutting down and abandoning module DesktopPlatform (277)
[2017.11.13-17.10.51:527][ 14]LogModuleManager: Shutting down and abandoning module UObjectPlugin (274)
[2017.11.13-17.10.51:527][ 14]LogModuleManager: Shutting down and abandoning module SubversionSourceControl (272)
[2017.11.13-17.10.51:527][ 14]LogModuleManager: Shutting down and abandoning module PerforceSourceControl (270)
[2017.11.13-17.10.51:527][ 14]LogModuleManager: Shutting down and abandoning module GitSourceControl (268)
[2017.11.13-17.10.51:527][ 14]LogModuleManager: Shutting down and abandoning module SourceControl (267)
[2017.11.13-17.10.51:527][ 14]LogModuleManager: Shutting down and abandoning module LightPropagationVolumeEditor (264)
[2017.11.13-17.10.51:527][ 14]LogModuleManager: Shutting down and abandoning module PaperTiledImporter (262)
[2017.11.13-17.10.51:527][ 14]LogModuleManager: Shutting down and abandoning module PaperSpriteSheetImporter (260)
[2017.11.13-17.10.51:527][ 14]LogModuleManager: Shutting down and abandoning module Paper2DEditor (258)
[2017.11.13-17.10.51:527][ 14]LogModuleManager: Shutting down and abandoning module MeshPaint (257)
[2017.11.13-17.10.51:527][ 14]LogModuleManager: Shutting down and abandoning module LevelEditor (255)
[2017.11.13-17.10.51:528][ 14]LogModuleManager: Shutting down and abandoning module PixelInspectorModule (254)
[2017.11.13-17.10.51:528][ 14]LogModuleManager: Shutting down and abandoning module MainFrame (252)
[2017.11.13-17.10.51:528][ 14]LogModuleManager: Shutting down and abandoning module HotReload (251)
[2017.11.13-17.10.51:528][ 14]LogModuleManager: Shutting down and abandoning module PhysXVehiclesEditor (246)
[2017.11.13-17.10.51:528][ 14]LogModuleManager: Shutting down and abandoning module PhysXVehicles (244)
[2017.11.13-17.10.51:528][ 14]LogModuleManager: Shutting down and abandoning module LocationServicesBPLibrary (242)
[2017.11.13-17.10.51:528][ 14]LogModuleManager: Shutting down and abandoning module ImmediatePhysicsEditor (240)
[2017.11.13-17.10.51:528][ 14]LogModuleManager: Shutting down and abandoning module ImmediatePhysics (238)
[2017.11.13-17.10.51:528][ 14]LogModuleManager: Shutting down and abandoning module UdpMessaging (236)
[2017.11.13-17.10.51:630][ 14]LogModuleManager: Shutting down and abandoning module TcpMessaging (234)
[2017.11.13-17.10.51:730][ 14]LogModuleManager: Shutting down and abandoning module GameplayTagsEditor (232)
[2017.11.13-17.10.51:730][ 14]LogModuleManager: Shutting down and abandoning module FacialAnimationEditor (230)
[2017.11.13-17.10.51:730][ 14]LogModuleManager: Shutting down and abandoning module FacialAnimation (228)
[2017.11.13-17.10.51:730][ 14]LogModuleManager: Shutting down and abandoning module AssetManagerEditor (226)
[2017.11.13-17.10.51:730][ 14]LogModuleManager: Shutting down and abandoning module GraphEditor (225)
[2017.11.13-17.10.51:732][ 14]LogModuleManager: Shutting down and abandoning module ContentBrowser (223)
[2017.11.13-17.10.51:732][ 14]LogModuleManager: Shutting down and abandoning module LightPropagationVolumeRuntime (220)
[2017.11.13-17.10.51:732][ 14]LogModuleManager: Shutting down and abandoning module Paper2D (218)
[2017.11.13-17.10.51:733][ 14]LogModuleManager: Shutting down and abandoning module WindowsMoviePlayer (216)
[2017.11.13-17.10.51:733][ 14]LogModuleManager: Shutting down and abandoning module WmfMedia (214)
[2017.11.13-17.10.51:733][ 14]LogModuleManager: Shutting down and abandoning module ClothingSystemEditor (212)
[2017.11.13-17.10.51:733][ 14]LogModuleManager: Shutting down and abandoning module ClothingSystemRuntime (210)
[2017.11.13-17.10.51:733][ 14]LogModuleManager: Shutting down and abandoning module MediaAssets (208)
[2017.11.13-17.10.51:733][ 14]LogModuleManager: Shutting down and abandoning module GameLiveStreaming (206)
[2017.11.13-17.10.51:733][ 14]LogModuleManager: Shutting down and abandoning module VREditor (204)
[2017.11.13-17.10.51:733][ 14]LogModuleManager: Shutting down and abandoning module StringTableEditor (202)
[2017.11.13-17.10.51:734][ 14]LogModuleManager: Shutting down and abandoning module GameplayTasksEditor (200)
[2017.11.13-17.10.51:734][ 14]LogModuleManager: Shutting down and abandoning module BehaviorTreeEditor (198)
[2017.11.13-17.10.51:734][ 14]LogModuleManager: Shutting down and abandoning module FunctionalTesting (196)
[2017.11.13-17.10.51:734][ 14]LogModuleManager: Shutting down and abandoning module CollisionAnalyzer (194)
[2017.11.13-17.10.51:735][ 14]LogModuleManager: Shutting down and abandoning module UMG (192)
[2017.11.13-17.10.51:735][ 14]LogModuleManager: Shutting down and abandoning module UMGEditor (191)
[2017.11.13-17.10.51:735][ 14]LogModuleManager: Shutting down and abandoning module Sequencer (190)
[2017.11.13-17.10.51:735][ 14]LogModuleManager: Shutting down and abandoning module AssetTools (188)
[2017.11.13-17.10.51:736][ 14]LogModuleManager: Shutting down and abandoning module MessageLog (187)
[2017.11.13-17.10.51:736][ 14]LogModuleManager: Shutting down and abandoning module WorkspaceMenuStructure (186)
[2017.11.13-17.10.51:736][ 14]LogModuleManager: Shutting down and abandoning module SlateReflector (180)
[2017.11.13-17.10.51:736][ 14]LogModuleManager: Shutting down and abandoning module Slate (178)
[2017.11.13-17.10.51:736][ 14]LogModuleManager: Shutting down and abandoning module EditorStyle (176)
[2017.11.13-17.10.51:738][ 14]LogModuleManager: Shutting down and abandoning module SourceCodeAccess (174)
[2017.11.13-17.10.51:738][ 14]LogModuleManager: Shutting down and abandoning module HeadMountedDisplay (172)
[2017.11.13-17.10.51:738][ 14]LogModuleManager: Shutting down and abandoning module XAudio2 (170)
[2017.11.13-17.10.51:738][ 14]LogModuleManager: Shutting down and abandoning module Networking (168)
[2017.11.13-17.10.51:738][ 14]LogModuleManager: Shutting down and abandoning module Core (164)
[2017.11.13-17.10.51:738][ 14]LogModuleManager: Shutting down and abandoning module AssetRegistry (162)
[2017.11.13-17.10.51:845][ 14]LogDirectoryWatcher: A directory notification for '../../../Engine/Content/' was aborted.
[2017.11.13-17.10.51:845][ 14]LogDirectoryWatcher: A directory notification for 'D:/CastleGuardCurrent/CastleGuardPhase2/CastleGuardReborn/Content/' was aborted.
[2017.11.13-17.10.51:845][ 14]LogDirectoryWatcher: A directory notification for '../../../Engine/Plugins/2D/Paper2D/Content/' was aborted.
[2017.11.13-17.10.51:845][ 14]LogDirectoryWatcher: A directory notification for '../../../Engine/Plugins/Runtime/GearVR/Content/' was aborted.
[2017.11.13-17.10.51:847][ 14]LogModuleManager: Shutting down and abandoning module DirectoryWatcher (161)
[2017.11.13-17.10.51:848][ 14]LogModuleManager: Shutting down and abandoning module KismetCompiler (158)
[2017.11.13-17.10.51:848][ 14]LogModuleManager: Shutting down and abandoning module LevelSequence (156)
[2017.11.13-17.10.51:848][ 14]LogModuleManager: Shutting down and abandoning module PhysXFormats (154)
[2017.11.13-17.10.51:848][ 14]LogModuleManager: Shutting down and abandoning module MeshUtilities (152)
[2017.11.13-17.10.51:848][ 14]LogModuleManager: Shutting down and abandoning module SimplygonSwarm (151)
[2017.11.13-17.10.51:848][ 14]LogModuleManager: Shutting down and abandoning module SimplygonMeshReduction (149)
[2017.11.13-17.10.51:848][ 14]LogModuleManager: Shutting down and abandoning module QuadricMeshReduction (147)
[2017.11.13-17.10.51:848][ 14]LogModuleManager: Shutting down and abandoning module DerivedDataCache (144)
[2017.11.13-17.10.52:053][ 14]LogDerivedDataCache: Shutdown
[2017.11.13-17.10.52:053][ 14]LogModuleManager: Shutting down and abandoning module TargetPlatform (142)
[2017.11.13-17.10.52:053][ 14]LogModuleManager: Shutting down and abandoning module VulkanShaderFormat (141)
[2017.11.13-17.10.52:053][ 14]LogModuleManager: Shutting down and abandoning module ShaderFormatVectorVM (139)
[2017.11.13-17.10.52:053][ 14]LogModuleManager: Shutting down and abandoning module ShaderFormatOpenGL (137)
[2017.11.13-17.10.52:053][ 14]LogModuleManager: Shutting down and abandoning module ShaderFormatD3D (135)
[2017.11.13-17.10.52:053][ 14]LogModuleManager: Shutting down and abandoning module MetalShaderFormat (133)
[2017.11.13-17.10.52:054][ 14]LogModuleManager: Shutting down and abandoning module TextureFormatUncompressed (131)
[2017.11.13-17.10.52:054][ 14]LogModuleManager: Shutting down and abandoning module TextureFormatPVR (129)
[2017.11.13-17.10.52:054][ 14]LogModuleManager: Shutting down and abandoning module TextureFormatDXT (127)
[2017.11.13-17.10.52:054][ 14]LogModuleManager: Shutting down and abandoning module TextureFormatIntelISPCTexComp (125)
[2017.11.13-17.10.52:054][ 14]LogModuleManager: Shutting down and abandoning module TextureFormatASTC (123)
[2017.11.13-17.10.52:054][ 14]LogModuleManager: Shutting down and abandoning module ImageWrapper (122)
[2017.11.13-17.10.52:054][ 14]LogModuleManager: Shutting down and abandoning module TextureFormatAndroid (119)
[2017.11.13-17.10.52:054][ 14]LogModuleManager: Shutting down and abandoning module AudioFormatOpus (117)
[2017.11.13-17.10.52:054][ 14]LogModuleManager: Shutting down and abandoning module AudioFormatOgg (115)
[2017.11.13-17.10.52:054][ 14]LogModuleManager: Shutting down and abandoning module AudioFormatADPCM (113)
[2017.11.13-17.10.52:054][ 14]LogModuleManager: Shutting down and abandoning module LinuxTargetPlatform (111)
[2017.11.13-17.10.52:054][ 14]LogModuleManager: Shutting down and abandoning module LinuxServerTargetPlatform (109)
[2017.11.13-17.10.52:054][ 14]LogModuleManager: Shutting down and abandoning module LinuxNoEditorTargetPlatform (107)
[2017.11.13-17.10.52:054][ 14]LogModuleManager: Shutting down and abandoning module LinuxClientTargetPlatform (105)
[2017.11.13-17.10.52:054][ 14]LogModuleManager: Shutting down and abandoning module TVOSTargetPlatform (103)
[2017.11.13-17.10.52:054][ 14]LogModuleManager: Shutting down and abandoning module Messaging (101)
[2017.11.13-17.10.52:054][ 14]LogModuleManager: Shutting down and abandoning module IOSTargetPlatform (99)
[2017.11.13-17.10.52:054][ 14]LogModuleManager: Shutting down and abandoning module HTML5TargetPlatform (97)
[2017.11.13-17.10.52:054][ 14]LogModuleManager: Shutting down and abandoning module Android_PVRTCTargetPlatform (95)
[2017.11.13-17.10.52:054][ 14]LogModuleManager: Shutting down and abandoning module Android_MultiTargetPlatform (93)
[2017.11.13-17.10.52:054][ 14]LogModuleManager: Shutting down and abandoning module Android_ETC2TargetPlatform (91)
[2017.11.13-17.10.52:054][ 14]LogModuleManager: Shutting down and abandoning module Android_ETC1TargetPlatform (89)
[2017.11.13-17.10.52:054][ 14]LogModuleManager: Shutting down and abandoning module Android_DXTTargetPlatform (87)
[2017.11.13-17.10.52:054][ 14]LogModuleManager: Shutting down and abandoning module Android_ATCTargetPlatform (85)
[2017.11.13-17.10.52:054][ 14]LogModuleManager: Shutting down and abandoning module Android_ASTCTargetPlatform (83)
[2017.11.13-17.10.52:054][ 14]LogModuleManager: Shutting down and abandoning module AndroidTargetPlatform (81)
[2017.11.13-17.10.52:054][ 14]LogModuleManager: Shutting down and abandoning module WindowsTargetPlatform (79)
[2017.11.13-17.10.52:054][ 14]LogModuleManager: Shutting down and abandoning module WindowsServerTargetPlatform (77)
[2017.11.13-17.10.52:054][ 14]LogModuleManager: Shutting down and abandoning module WindowsNoEditorTargetPlatform (75)
[2017.11.13-17.10.52:054][ 14]LogModuleManager: Shutting down and abandoning module WindowsClientTargetPlatform (73)
[2017.11.13-17.10.52:054][ 14]LogModuleManager: Shutting down and abandoning module MacTargetPlatform (71)
[2017.11.13-17.10.52:054][ 14]LogModuleManager: Shutting down and abandoning module MacServerTargetPlatform (69)
[2017.11.13-17.10.52:054][ 14]LogModuleManager: Shutting down and abandoning module MacNoEditorTargetPlatform (67)
[2017.11.13-17.10.52:054][ 14]LogModuleManager: Shutting down and abandoning module MacClientTargetPlatform (65)
[2017.11.13-17.10.52:054][ 14]LogModuleManager: Shutting down and abandoning module AllDesktopTargetPlatform (63)
[2017.11.13-17.10.52:054][ 14]LogModuleManager: Shutting down and abandoning module InputCore (60)
[2017.11.13-17.10.52:054][ 14]LogModuleManager: Shutting down and abandoning module Settings (58)
[2017.11.13-17.10.52:054][ 14]LogModuleManager: Shutting down and abandoning module OculusRift (56)
[2017.11.13-17.10.52:054][ 14]LogModuleManager: Shutting down and abandoning module GearVRController (54)
[2017.11.13-17.10.52:054][ 14]LogModuleManager: Shutting down and abandoning module GearVR (52)
[2017.11.13-17.10.52:054][ 14]LogModuleManager: Shutting down and abandoning module ExampleDeviceProfileSelector (50)
[2017.11.13-17.10.52:054][ 14]LogModuleManager: Shutting down and abandoning module OnlineBlueprintSupport (48)
[2017.11.13-17.10.52:054][ 14]LogModuleManager: Shutting down and abandoning module OnlineSubsystem (44)
[2017.11.13-17.10.52:054][ 14]LogOnline:Display: Unloading online subsystem: NULL
[2017.11.13-17.10.52:055][ 14]LogModuleManager: Shutting down and abandoning module XMPP (43)
[2017.11.13-17.10.52:055][ 14]LogModuleManager: Shutting down and abandoning module HTTP (41)
[2017.11.13-17.10.52:055][ 14]LogHttp:Display: Http module shutting down, but needs to wait on 1 outstanding Http requests:
[2017.11.13-17.10.52:055][ 14]LogHttp:Display: 	verb=[POST] url=[https://datarouter.ol.epicgames.com/datarouter/api/v1/public/data?SessionID=%7BA266D536-4195-455F-CFDE-F99D108B866D%7D&AppID=UEEditor.Rocket.Release&AppVersion=4.16.2-3514769%2B%2B%2BUE4%2BRelease-4.16&UserID=982011a7482c1cbdc2ce3cbeaef51dbe%7Ce0ca3295625c4184a95d26a3b9c858a2%7C70012bb2-c253-4297-934e-6257f569ac01&AppEnvironment=datacollector-binary&UploadType=eteventstream] status=Processing
[2017.11.13-17.10.52:062][ 14]LogModuleManager: Shutting down and abandoning module SSL (40)
[2017.11.13-17.10.52:062][ 14]LogModuleManager: Shutting down and abandoning module HTTPChunkInstaller (36)
[2017.11.13-17.10.52:063][ 14]LogModuleManager: Shutting down and abandoning module AnimationModifiers (34)
[2017.11.13-17.10.52:063][ 14]LogModuleManager: Shutting down and abandoning module PropertyEditor (33)
[2017.11.13-17.10.52:063][ 14]LogModuleManager: Shutting down and abandoning module AudioEditor (30)
[2017.11.13-17.10.52:063][ 14]LogModuleManager: Shutting down and abandoning module TextureCompressor (28)
[2017.11.13-17.10.52:063][ 14]LogModuleManager: Shutting down and abandoning module ShaderCore (26)
[2017.11.13-17.10.52:063][ 14]LogModuleManager: Shutting down and abandoning module Landscape (24)
[2017.11.13-17.10.52:063][ 14]LogModuleManager: Shutting down and abandoning module SlateRHIRenderer (22)
[2017.11.13-17.10.52:064][ 14]LogModuleManager: Shutting down and abandoning module OpenGLDrv (20)
[2017.11.13-17.10.52:064][ 14]LogModuleManager: Shutting down and abandoning module D3D11RHI (18)
[2017.11.13-17.10.52:064][ 14]LogModuleManager: Shutting down and abandoning module AnimGraphRuntime (16)
[2017.11.13-17.10.52:064][ 14]LogModuleManager: Shutting down and abandoning module Renderer (14)
[2017.11.13-17.10.52:064][ 14]LogModuleManager: Shutting down and abandoning module Engine (12)
[2017.11.13-17.10.52:064][ 14]LogModuleManager: Shutting down and abandoning module CoreUObject (10)
[2017.11.13-17.10.52:064][ 14]LogModuleManager: Shutting down and abandoning module NetworkFile (8)
[2017.11.13-17.10.52:064][ 14]LogModuleManager: Shutting down and abandoning module StreamingFile (6)
[2017.11.13-17.10.52:064][ 14]LogModuleManager: Shutting down and abandoning module SandboxFile (4)
[2017.11.13-17.10.52:064][ 14]LogModuleManager: Shutting down and abandoning module PakFile (2)
[2017.11.13-17.10.52:065][ 14]LogExit: Exiting.
[2017.11.13-17.10.52:098][ 14]Log file closed, 11/13/17 09:10:52
