Log file open, 11/21/17 11:31:13
LogInit:Display: Running engine for game: CastleGuardReborn
LogPlatformFile: Not using cached read wrapper
LogInit:Display: RandInit(1189841477) SRandInit(1189841478).
LogTaskGraph: Started task graph with 5 named threads and 8 total threads with 1 sets of task threads.
LogStats: Stats thread started at 0.081549
LogInit: Using libcurl 7.47.1
LogInit:  - built for x86_64-pc-win32
LogInit:  - supports SSL with OpenSSL/1.0.2g
LogInit:  - supports HTTP deflate (compression) using libz 1.2.8
LogInit:  - other features:
LogInit:      CURL_VERSION_SSL
LogInit:      CURL_VERSION_LIBZ
LogInit:      CURL_VERSION_IPV6
LogInit:      CURL_VERSION_ASYNCHDNS
LogInit:      CURL_VERSION_LARGEFILE
LogInit:      CURL_VERSION_IDN
LogInit:  CurlRequestOptions (configurable via config and command line):
LogInit:  - bVerifyPeer = false  - Libcurl will NOT verify peer certificate
LogInit:  - bUseHttpProxy = false  - Libcurl will NOT use HTTP proxy
LogInit:  - bDontReuseConnections = false  - Libcurl will reuse connections
LogInit:  - CertBundlePath = nullptr  - Libcurl will use whatever was configured at build time.
LogInit: Build: ++UE4+Release-4.16-CL-3514769
LogInit: Engine Version: 4.16.2-3514769+++UE4+Release-4.16
LogInit: Compatible Engine Version: 4.16.0-3452394+++UE4+Release-4.16
LogInit: Net CL: 3452394
LogDevObjectVersion: Number of dev versions registered: 16
LogDevObjectVersion:   Dev-Blueprints (B0D832E4-1F89-4F0D-ACCF-7EB736FD4AA2): 9
LogDevObjectVersion:   Dev-Build (E1C64328-A22C-4D53-A36C-8E866417BD8C): 0
LogDevObjectVersion:   Dev-Core (375EC13C-06E4-48FB-B500-84F0262A717E): 2
LogDevObjectVersion:   Dev-Editor (E4B068ED-F494-42E9-A231-DA0B2E46BB41): 17
LogDevObjectVersion:   Dev-Framework (CFFC743F-43B0-4480-9391-14DF171D2073): 23
LogDevObjectVersion:   Dev-Mobile (B02B49B5-BB20-44E9-A304-32B752E40360): 0
LogDevObjectVersion:   Dev-Networking (A4E4105C-59A1-49B5-A7C5-40C4547EDFEE): 0
LogDevObjectVersion:   Dev-Online (39C831C9-5AE6-47DC-9A44-9C173E1C8E7C): 0
LogDevObjectVersion:   Dev-Physics (78F01B33-EBEA-4F98-B9B4-84EACCB95AA2): 0
LogDevObjectVersion:   Dev-Platform (6631380F-2D4D-43E0-8009-CF276956A95A): 0
LogDevObjectVersion:   Dev-Rendering (12F88B9F-8875-4AFC-A67C-D90C383ABD29): 15
LogDevObjectVersion:   Dev-Sequencer (7B5AE74C-D270-4C10-A958-57980B212A5A): 4
LogDevObjectVersion:   Dev-VR (D7296918-1DD6-4BDD-9DE2-64A83CC13884): 0
LogDevObjectVersion:   Dev-LoadTimes (C2A15278-BFE7-4AFE-6C17-90FF531DF755): 1
LogDevObjectVersion:   Private-Geometry (6EACA3D4-40EC-4CC1-B786-8BED09428FC5): 1
LogDevObjectVersion:   Dev-AnimPhys (29E575DD-E0A3-4627-9D10-D276232CDCEA): 3
LogInit: Compiled (64-bit): Jun 29 2017 02:03:24
LogInit: Compiled with Visual C++: 19.00.24215.01
LogInit: Build Configuration: Development
LogInit: Branch Name: ++UE4+Release-4.16
LogInit: Command line:  
LogInit: Base directory: C:/Program Files/Epic Games/UE_4.16/Engine/Binaries/Win64/
LogInit: Installed Engine Build: 1
LogInit: Presizing for max 8388607 objects, including 0 objects not considered by GC, pre-allocating 0 bytes for permanent pool.
LogInit: Object subsystem initialized
[2017.11.21-19.31.14:005][  0]LogInit: Selected Device Profile: [Windows]
[2017.11.21-19.31.14:005][  0]LogInit: Applying CVar settings loaded from the selected device profile: [Windows]
[2017.11.21-19.31.14:014][  0]LogInit: Computer: LCIVAN-238-00
[2017.11.21-19.31.14:014][  0]LogInit: User: studentuser
[2017.11.21-19.31.14:014][  0]LogInit: CPU Page size=4096, Cores=4
[2017.11.21-19.31.14:014][  0]LogInit: High frequency timer resolution =4.101566 MHz
[2017.11.21-19.31.14:014][  0]LogMemory: Memory total: Physical=15.9GB (16GB approx)
[2017.11.21-19.31.14:014][  0]LogMemory: Platform Memory Stats for Windows
[2017.11.21-19.31.14:014][  0]LogMemory: Process Physical Memory: 275.06 MB used, 275.06 MB peak
[2017.11.21-19.31.14:014][  0]LogMemory: Process Virtual Memory: 276.87 MB used, 276.87 MB peak
[2017.11.21-19.31.14:014][  0]LogMemory: Physical Memory: 5307.59 MB used,  10975.86 MB free, 16283.45 MB total
[2017.11.21-19.31.14:014][  0]LogMemory: Virtual Memory: 654.49 MB used,  10975.86 MB free, 134217728.00 MB total
[2017.11.21-19.31.14:067][  0]LogInit: Using OS detected language (en-US).
[2017.11.21-19.31.14:067][  0]LogInit: Using OS detected locale (en-CA).
[2017.11.21-19.31.14:068][  0]LogTextLocalizationManager: No specific localization for 'en-US' exists, so the 'en' localization will be used.
[2017.11.21-19.31.14:769][  0]LogD3D11RHI: D3D11 adapters:
[2017.11.21-19.31.14:801][  0]LogD3D11RHI:    0. 'NVIDIA GeForce GTX 1070' (Feature Level 11_0)
[2017.11.21-19.31.14:801][  0]LogD3D11RHI:       8115/0/8141 MB DedicatedVideo/DedicatedSystem/SharedSystem, Outputs:1, VendorId:0x10de
[2017.11.21-19.31.14:807][  0]LogD3D11RHI:    1. 'Intel(R) HD Graphics 630' (Feature Level 11_0)
[2017.11.21-19.31.14:807][  0]LogD3D11RHI:       128/0/8141 MB DedicatedVideo/DedicatedSystem/SharedSystem, Outputs:0, VendorId:0x8086
[2017.11.21-19.31.14:808][  0]LogD3D11RHI:    2. 'Microsoft Basic Render Driver' (Feature Level 11_0)
[2017.11.21-19.31.14:808][  0]LogD3D11RHI:       0/0/8141 MB DedicatedVideo/DedicatedSystem/SharedSystem, Outputs:0, VendorId:0x1414
[2017.11.21-19.31.14:808][  0]LogD3D11RHI: Chosen D3D11 Adapter: 0
[2017.11.21-19.31.14:814][  0]LogD3D11RHI: Creating new Direct3DDevice
[2017.11.21-19.31.14:814][  0]LogD3D11RHI:     GPU DeviceId: 0x1b81 (for the marketing name, search the web for "GPU Device Id")
[2017.11.21-19.31.14:814][  0]LogWindows: EnumDisplayDevices:
[2017.11.21-19.31.14:814][  0]LogWindows:    0. 'NVIDIA GeForce GTX 1070' (P:1 D:1)
[2017.11.21-19.31.14:814][  0]LogWindows:    1. 'NVIDIA GeForce GTX 1070' (P:0 D:0)
[2017.11.21-19.31.14:815][  0]LogWindows:    2. 'NVIDIA GeForce GTX 1070' (P:0 D:0)
[2017.11.21-19.31.14:815][  0]LogWindows:    3. 'NVIDIA GeForce GTX 1070' (P:0 D:0)
[2017.11.21-19.31.14:815][  0]LogWindows:    4. 'Intel(R) HD Graphics 630' (P:0 D:0)
[2017.11.21-19.31.14:815][  0]LogWindows:    5. 'Intel(R) HD Graphics 630' (P:0 D:0)
[2017.11.21-19.31.14:815][  0]LogWindows:    6. 'Intel(R) HD Graphics 630' (P:0 D:0)
[2017.11.21-19.31.14:815][  0]LogWindows: DebugString: PrimaryIsNotTheChoosenAdapter PrimaryIsNotTheChoosenAdapter PrimaryIsNotTheChoosenAdapter FoundDriverCount:4 
[2017.11.21-19.31.14:815][  0]LogD3D11RHI:     Adapter Name: NVIDIA GeForce GTX 1070
[2017.11.21-19.31.14:815][  0]LogD3D11RHI:   Driver Version: 382.66 (internal:22.21.13.8266, unified:382.66)
[2017.11.21-19.31.14:815][  0]LogD3D11RHI:      Driver Date: 6-25-2017
[2017.11.21-19.31.14:815][  0]LogRHI: Texture pool is 1361 MB (70% of 1945 MB)
[2017.11.21-19.31.14:839][  0]LogD3D11RHI: Async texture creation enabled
[2017.11.21-19.31.14:854][  0]LogD3D11RHI: GPU Timing Frequency: 1000.000000 (Debug: 2 2)
[2017.11.21-19.31.14:902][  0]LogShaderCompilers: Guid format shader working directory is -5 characters bigger than the processId version (D:/CastleGuardCurrent/CastleGuardPhase2/CastleGuardReborn/Intermediate/Shaders/WorkingDirectory/1388/).
[2017.11.21-19.31.14:903][  0]LogShaderCompilers: Cleaned the shader compiler working directory 'C:/Users/studentuser/AppData/Local/Temp/UnrealShaderWorkingDir/CC7E691141A8869D59346794FD2A2064/'.
[2017.11.21-19.31.14:903][  0]LogShaderCompilers:Display: Using Local Shader Compiler.
[2017.11.21-19.31.15:696][  0]LogTemp:Display: Loaded TP AllDesktopTargetPlatform
[2017.11.21-19.31.15:735][  0]LogTemp:Display: Loaded TP MacClientTargetPlatform
[2017.11.21-19.31.15:776][  0]LogTemp:Display: Loaded TP MacNoEditorTargetPlatform
[2017.11.21-19.31.15:814][  0]LogTemp:Display: Loaded TP MacServerTargetPlatform
[2017.11.21-19.31.15:853][  0]LogTemp:Display: Loaded TP MacTargetPlatform
[2017.11.21-19.31.15:889][  0]LogTemp:Display: Loaded TP WindowsClientTargetPlatform
[2017.11.21-19.31.15:930][  0]LogTemp:Display: Loaded TP WindowsNoEditorTargetPlatform
[2017.11.21-19.31.15:973][  0]LogTemp:Display: Loaded TP WindowsServerTargetPlatform
[2017.11.21-19.31.16:011][  0]LogTemp:Display: Loaded TP WindowsTargetPlatform
[2017.11.21-19.31.16:049][  0]LogTemp:Display: Loaded TP AndroidTargetPlatform
[2017.11.21-19.31.16:083][  0]LogTemp:Display: Loaded TP Android_ASTCTargetPlatform
[2017.11.21-19.31.16:118][  0]LogTemp:Display: Loaded TP Android_ATCTargetPlatform
[2017.11.21-19.31.16:154][  0]LogTemp:Display: Loaded TP Android_DXTTargetPlatform
[2017.11.21-19.31.16:195][  0]LogTemp:Display: Loaded TP Android_ETC1TargetPlatform
[2017.11.21-19.31.16:234][  0]LogTemp:Display: Loaded TP Android_ETC2TargetPlatform
[2017.11.21-19.31.16:315][  0]LogTemp:Display: Loaded TP Android_MultiTargetPlatform
[2017.11.21-19.31.16:315][  0]LogTemp:Display: Loaded TP Android_PVRTCTargetPlatform
[2017.11.21-19.31.16:345][  0]LogTemp:Display: Loaded TP HTML5TargetPlatform
[2017.11.21-19.31.16:426][  0]LogTemp:Display: Loaded TP IOSTargetPlatform
[2017.11.21-19.31.16:451][  0]LogTemp:Display: Loaded TP TVOSTargetPlatform
[2017.11.21-19.31.16:492][  0]LogTemp:Display: Loaded TP LinuxClientTargetPlatform
[2017.11.21-19.31.16:531][  0]LogTemp:Display: Loaded TP LinuxNoEditorTargetPlatform
[2017.11.21-19.31.16:569][  0]LogTemp:Display: Loaded TP LinuxServerTargetPlatform
[2017.11.21-19.31.16:613][  0]LogTemp:Display: Loaded TP LinuxTargetPlatform
[2017.11.21-19.31.16:613][  0]LogTargetPlatformManager:Display: Building Assets For Windows
[2017.11.21-19.31.16:993][  0]LogDerivedDataCache:Display: Max Cache Size: 512 MB
[2017.11.21-19.31.17:089][  0]LogDerivedDataCache: Loaded boot cache 0.10s 103MB C:/Users/studentuser/AppData/Local/UnrealEngine/4.16/DerivedDataCache/Boot.ddc.
[2017.11.21-19.31.17:089][  0]LogDerivedDataCache:Display: Loaded Boot cache: C:/Users/studentuser/AppData/Local/UnrealEngine/4.16/DerivedDataCache/Boot.ddc
[2017.11.21-19.31.17:089][  0]LogDerivedDataCache: FDerivedDataBackendGraph:  Pak pak cache file D:/CastleGuardCurrent/CastleGuardPhase2/CastleGuardReborn/DerivedDataCache/DDC.ddp not found, will not use a pak cache.
[2017.11.21-19.31.17:089][  0]LogDerivedDataCache: Unable to find inner node Pak for hierarchical cache Hierarchy.
[2017.11.21-19.31.17:089][  0]LogDerivedDataCache: FDerivedDataBackendGraph:  CompressedPak pak cache file D:/CastleGuardCurrent/CastleGuardPhase2/CastleGuardReborn/DerivedDataCache/Compressed.ddp not found, will not use a pak cache.
[2017.11.21-19.31.17:089][  0]LogDerivedDataCache: Unable to find inner node CompressedPak for hierarchical cache Hierarchy.
[2017.11.21-19.31.17:102][  0]LogDerivedDataCache:Display: Pak cache opened for reading ../../../Engine/DerivedDataCache/Compressed.ddp.
[2017.11.21-19.31.17:114][  0]LogDerivedDataCache: Using Local data cache path C:/Users/studentuser/AppData/Local/UnrealEngine/Common/DerivedDataCache: Writable
[2017.11.21-19.31.17:122][  0]LogMaterial: Verifying Global Shaders for PCD3D_SM5
[2017.11.21-19.31.17:122][  0]LogSlate: Using Freetype 2.6.0
[2017.11.21-19.31.17:123][  0]LogSlate: SlateFontCache - WITH_FREETYPE: 1, WITH_HARFBUZZ: 1
[2017.11.21-19.31.17:123][  0]LogSlate: SlateFontCache - WITH_FREETYPE: 1, WITH_HARFBUZZ: 1
[2017.11.21-19.31.17:362][  0]LogInit: Selected Device Profile: [Windows]
[2017.11.21-19.31.17:430][  0]LogContentStreaming: Texture pool size is 0.00 MB
[2017.11.21-19.31.17:554][  0]LogMeshUtilities: Using QuadricMeshReduction for automatic static mesh reduction
[2017.11.21-19.31.17:590][  0]LogSimplygon: Simplygon DLL not present - disabling.
[2017.11.21-19.31.17:628][  0]LogMeshUtilities: Using SimplygonSwarm for distributed automatic mesh merging
[2017.11.21-19.31.17:628][  0]LogMeshUtilities: No automatic skeletal mesh reduction module available
[2017.11.21-19.31.17:628][  0]LogMeshUtilities: No automatic mesh merging module available
[2017.11.21-19.31.18:085][  0]LogNetVersion: CastleGuardReborn , NetCL: 3452394, EngineNetVer: 2, GameNetVer: 0 (Checksum: 2303850599)
[2017.11.21-19.31.18:139][  0]LogAssetRegistry: FAssetRegistry took 0.0247 seconds to start up
[2017.11.21-19.31.18:184][  0]LogPackageLocalizationCache: Processed 4 localized package path(s) for 2 prioritized culture(s) in 0.025304 seconds
[2017.11.21-19.31.18:189][  0]LogUObjectArray: 34194 objects as part of root set at end of initial load.
[2017.11.21-19.31.18:189][  0]LogUObjectAllocator: 7260416 out of 0 bytes used by permanent object pool.
[2017.11.21-19.31.18:189][  0]LogUObjectArray: CloseDisregardForGC: 0/0 objects in disregard for GC pool
[2017.11.21-19.31.18:241][  0]LogInit: WinSock: version 1.1 (2.2), MaxSocks=32767, MaxUdp=65467
[2017.11.21-19.31.20:079][  0]LogTcpMessaging: Initializing TcpMessaging bridge
[2017.11.21-19.31.20:112][  0]LogUdpMessaging: Initializing bridge on interface 0.0.0.0:0 to multicast group 230.0.0.1:6666.
[2017.11.21-19.31.20:529][  0]LogMaterial: Uniform references updated for custom material expression Custom.
[2017.11.21-19.31.20:831][  0]SourceControl: Info Source control is disabled
[2017.11.21-19.31.20:856][  0]SourceControl: Info Source control is disabled
[2017.11.21-19.31.20:889][  0]SourceControl: Info Source control is disabled
[2017.11.21-19.31.20:925][  0]SourceControl: Info Source control is disabled
[2017.11.21-19.31.21:448][  0]LogAndroidPermission: UAndroidPermissionCallbackProxy::GetInstance
[2017.11.21-19.31.21:923][  0]LogEngine: Initializing Engine...
[2017.11.21-19.31.24:997][  0]LogHMD: SteamVR initialized.  Driver: lighthouse  Display: LHR-A4D81BA4
[2017.11.21-19.31.25:179][  0]LogStats: UGameplayTagsManager::ConstructGameplayTagTree: Construct from data asset -  0.000 s
[2017.11.21-19.31.25:179][  0]LogStats: UGameplayTagsManager::ConstructGameplayTagTree: GameplayTagTreeChangedEvent.Broadcast -  0.000 s
[2017.11.21-19.31.25:286][  0]LogAIModule: Creating AISystem for world Untitled
[2017.11.21-19.31.25:298][  0]LogInit: XAudio2 using 'Speakers (3- USB Audio Device)' : 2 channels at 48 kHz using 16 bits per sample (channel mask 0x3)
[2017.11.21-19.31.25:307][  0]LogInit: FAudioDevice initialized.
[2017.11.21-19.31.25:359][  0]LogDerivedDataCache: Saved boot cache 0.05s 103MB C:/Users/studentuser/AppData/Local/UnrealEngine/4.16/DerivedDataCache/Boot.ddc.
[2017.11.21-19.31.25:379][  0]LogInit: Texture streaming: Enabled
[2017.11.21-19.31.25:456][  0]LogEngineSessionManager: EngineSessionManager initialized
[2017.11.21-19.31.25:625][  0]LogInit: Transaction tracking system initialized
[2017.11.21-19.31.25:883][  0]BlueprintLog: New page: Editor Load
[2017.11.21-19.31.26:652][  0]LocalizationService: Info Localization service is disabled
[2017.11.21-19.31.27:214][  0]LogConsoleResponse:Display: 
[2017.11.21-19.31.27:323][  0]LogCook:Display: Max memory allowance for cook 16384mb min free memory 0mb
[2017.11.21-19.31.27:323][  0]LogCook:Display: Mobile HDR setting 1
[2017.11.21-19.31.28:110][  0]SourceControl: Info Source control is disabled
[2017.11.21-19.31.28:110][  0]Cmd: MAP LOAD FILE="D:/CastleGuardCurrent/CastleGuardPhase2/CastleGuardReborn/Content/VirtualRealityBP/Maps/default.umap" TEMPLATE=0 SHOWPROGRESS=1 FEATURELEVEL=3
[2017.11.21-19.31.28:111][  0]LightingResults: New page: Lighting Build
[2017.11.21-19.31.28:142][  0]MapCheck: New page: Map Check
[2017.11.21-19.31.28:142][  0]LightingResults: New page: Lighting Build
[2017.11.21-19.31.29:934][  0]LogClass:Warning: Enum '/Game/Vive/Blueprints/Enum_GameStatus.Enum_GameStatus' was upgraded to use FText to store its display name data. Please re-save this asset to avoid issues with localization and determinstic cooking.
[2017.11.21-19.31.30:496][  0]LogAIModule: Creating AISystem for world default
[2017.11.21-19.31.30:657][  0]LogEditorServer: Finished looking for orphan Actors (0.000 secs)
[2017.11.21-19.31.30:738][  0]Cmd: MAP CHECKDEP NOCLEARLOG
[2017.11.21-19.31.30:785][  0]MapCheck: Info Map check complete: 0 Error(s), 0 Warning(s), took 47.029ms to complete.
[2017.11.21-19.31.30:785][  0]LogFileHelpers: Loading map 'default' took 2.675
[2017.11.21-19.31.30:845][  0]LogWindowsTextInputMethodSystem:Display: IME system now deactivated.
[2017.11.21-19.31.31:037][  0]LogCollectionManager: Loaded 0 collections in 0.001620 seconds
[2017.11.21-19.31.31:104][  0]LogFileCache: Scanning file cache for directory 'D:/CastleGuardCurrent/CastleGuardPhase2/CastleGuardReborn/Saved/Collections/' took 0.01s
[2017.11.21-19.31.31:104][  0]LogFileCache: Scanning file cache for directory 'D:/CastleGuardCurrent/CastleGuardPhase2/CastleGuardReborn/Content/Developers/studentuser/Collections/' took 0.01s
[2017.11.21-19.31.31:104][  0]LogFileCache: Scanning file cache for directory 'D:/CastleGuardCurrent/CastleGuardPhase2/CastleGuardReborn/Content/Collections/' took 0.01s
[2017.11.21-19.31.31:104][  0]LogCollectionManager: Rebuilt the GUID cache for 0 collections in 0.000002 seconds
[2017.11.21-19.31.31:112][  0]LogContentBrowser: Native class hierarchy populated in 0.0078 seconds. Added 2330 classes and 494 folders.
[2017.11.21-19.31.31:164][  0]LogContentBrowser: Native class hierarchy updated for 'WidgetCarousel' in 0.0004 seconds. Added 0 classes and 0 folders.
[2017.11.21-19.31.31:193][  0]LogContentBrowser: Native class hierarchy updated for 'AddContentDialog' in 0.0004 seconds. Added 0 classes and 0 folders.
[2017.11.21-19.31.31:231][  0]LogContentBrowser: Native class hierarchy updated for 'SceneOutliner' in 0.0005 seconds. Added 1 classes and 2 folders.
[2017.11.21-19.31.31:264][  0]LogCrashTracker: Crashtracker disabled due to settings.
[2017.11.21-19.31.32:012][  0]LogSlate: Only BGRA pngs, bmps or icos are supported in by External Image Picker
[2017.11.21-19.31.32:025][  0]LogSlate: Took 0.000138 seconds to synchronously load lazily loaded font '../../../Engine/Content/Slate/Fonts/Roboto-Regular.ttf' (155K)
[2017.11.21-19.31.32:027][  0]LogSlate: Took 0.000229 seconds to synchronously load lazily loaded font '../../../Engine/Content/Slate/Fonts/Roboto-Bold.ttf' (160K)
[2017.11.21-19.31.32:034][  0]LogSlate: Took 0.000169 seconds to synchronously load lazily loaded font '../../../Engine/Content/Editor/Slate/Fonts/FontAwesome.ttf' (139K)
[2017.11.21-19.31.32:118][  0]LogTemp: Executing iPhonePackager certificates Engine -bundlename com.YourCompany.CastleGuardReborn
[2017.11.21-19.31.32:118][  0]LogTemp: CWD: C:\Program Files\Epic Games\UE_4.16\Engine\Binaries\DotNET\IOS
[2017.11.21-19.31.32:118][  0]LogTemp: Initial Dir: C:\Program Files\Epic Games\UE_4.16
[2017.11.21-19.31.32:118][  0]LogTemp: Env CWD: C:\Program Files\Epic Games\UE_4.16\Engine\Binaries\DotNET\IOS
[2017.11.21-19.31.32:118][  0]LogTemp: BranchPath = LCIVAN-238-00/C/Program Files/Epic Games/UE_4.16/Engine/Binaries --- GameBranchPath = LCIVAN-238-00/C/Program Files/Epic Games/UE_4.16/Engine/Binaries
[2017.11.21-19.31.32:118][  0]LogTemp: IPP ERROR: Could not find provision directory 'C:\Users\studentuser\AppData\Local/Apple Computer/MobileDevice/Provisioning Profiles/'.
[2017.11.21-19.31.32:118][  0]LogRenderer: Reallocating scene render targets to support 1196x576 NumSamples 1 (Frame:1).
[2017.11.21-19.31.32:212][  0]LogUObjectGlobals:Warning: Failed to find object 'Class None.'
[2017.11.21-19.31.32:267][  0]LogContentBrowser: Native class hierarchy updated for 'HierarchicalLODOutliner' in 0.0005 seconds. Added 1 classes and 2 folders.
[2017.11.21-19.31.32:267][  0]LogLoad: (Engine Initialization) Total time: 19.65 seconds
[2017.11.21-19.31.32:267][  0]LogLoad: (Engine Initialization) Total Blueprint compile time: 0.72 seconds
[2017.11.21-19.31.32:267][  0]LogExternalProfiler: Found external profiler: VSPerf
[2017.11.21-19.31.32:267][  0]LogExternalProfiler: Using external profiler: VSPerf
[2017.11.21-19.31.32:278][  0]LogOcInput: OculusInput pre-init called
[2017.11.21-19.31.32:278][  0]LogHMD: Starting GearVRController plugin
[2017.11.21-19.31.32:299][  0]LogAssetRegistry: Asset discovery search completed in 14.1819 seconds
[2017.11.21-19.31.32:301][  0]LogCollectionManager: Rebuilt the object cache for 0 collections in 0.000000 seconds (found 0 objects)
[2017.11.21-19.31.32:301][  0]LogCollectionManager: Fixed up redirectors for 0 collections in 0.000044 seconds (updated 0 objects)
[2017.11.21-19.31.32:305][  0]LogContentStreaming: Texture pool size now 1000 MB
[2017.11.21-19.31.32:378][  0]LogSlate: Took 0.000132 seconds to synchronously load lazily loaded font '../../../Engine/Content/Slate/Fonts/Roboto-Light.ttf' (159K)
[2017.11.21-19.31.33:309][ 98]LogSlate: Took 0.000136 seconds to synchronously load lazily loaded font '../../../Engine/Content/Slate/Fonts/Roboto-Light.ttf' (159K)
[2017.11.21-19.31.40:721][965]LogSlate: Took 0.000096 seconds to synchronously load lazily loaded font '../../../Engine/Content/Slate/Fonts/Roboto-Light.ttf' (159K)
[2017.11.21-19.31.41:028][965]LogContentBrowser: Native class hierarchy updated for 'BlueprintGraph' in 0.0007 seconds. Added 112 classes and 0 folders.
[2017.11.21-19.31.41:479][965]LogSlate: Took 0.000123 seconds to synchronously load lazily loaded font '../../../Engine/Content/Slate/Fonts/Roboto-Regular.ttf' (155K)
[2017.11.21-19.31.41:527][965]LogSlate: Took 0.000113 seconds to synchronously load lazily loaded font '../../../Engine/Content/Editor/Slate/Fonts/Roboto-BoldCondensed.ttf' (158K)
[2017.11.21-19.32.20:232][378]LogSlate: Took 0.000172 seconds to synchronously load lazily loaded font '../../../Engine/Content/Editor/Slate/Fonts/Roboto-Italic.ttf' (157K)
[2017.11.21-19.33.05:304][464]LogMetaData: Removing '/Game/Vive/Blueprints/BP_BaseArrow.SKEL_BP_BaseArrow_C' ref from Metadata '/Game/Vive/Blueprints/BP_LightArrow_2.PackageMetaData'
[2017.11.21-19.33.05:304][464]LogMetaData: Removing '/Game/Vive/Blueprints/BP_BaseArrow.BP_BaseArrow_C' ref from Metadata '/Game/Vive/Blueprints/BP_LightArrow_2.PackageMetaData'
[2017.11.21-19.33.05:325][464]Cmd: OBJ SAVEPACKAGE PACKAGE="/Game/Vive/Blueprints/BP_BaseArrow" FILE="D:/CastleGuardCurrent/CastleGuardPhase2/CastleGuardReborn/Content/Vive/Blueprints/BP_BaseArrow.uasset" SILENT=true
[2017.11.21-19.33.05:408][464]LogSavePackage: Save=81.63ms
[2017.11.21-19.33.05:408][464]LogSavePackage: Moving 'D:/CastleGuardCurrent/CastleGuardPhase2/CastleGuardReborn/Saved/BP_BaseArrowFA26147E4F1B98BE251DF8BD1DEBA8EB.tmp' to 'D:/CastleGuardCurrent/CastleGuardPhase2/CastleGuardReborn/Content/Vive/Blueprints/BP_BaseArrow.uasset'
[2017.11.21-19.33.05:410][464]LogSavePackage:Display: Finished SavePackage D:/CastleGuardCurrent/CastleGuardPhase2/CastleGuardReborn/Content/Vive/Blueprints/BP_BaseArrow.uasset
[2017.11.21-19.35.00:091][395]LogRenderer: Reallocating scene render targets to support 1196x712 NumSamples 1 (Frame:1).
[2017.11.21-19.47.48:013][226]LogSlate:Warning: Prevented a slow task dialog from being summoned while a context menu was open
[2017.11.21-19.49.42:531][866]BlueprintLog: New page: Compile NewArrow
[2017.11.21-19.50.45:242][837]LogSlate:Warning: Prevented a slow task dialog from being summoned while a context menu was open
[2017.11.21-19.51.00:308][302]LogActorComponent: UnregisterComponent: (/Engine/Transient.EditorFloorComp) Not registered. Aborting.
[2017.11.21-19.51.00:379][302]LogActorComponent: UnregisterComponent: (/Engine/Transient.EditorFloorComp) Not registered. Aborting.
[2017.11.21-19.51.02:420][302]LogObjectTools:Warning: ForceReplaceReferences replaced references for a transient object 'UserConstructionScript' or package '/Engine/Transient'.
[2017.11.21-19.51.02:420][302]LogObjectTools:Warning: ForceReplaceReferences replaced references for a transient object 'TRASHCLASS_NewArrow_233' or package '/Engine/Transient'.
[2017.11.21-19.51.02:420][302]LogObjectTools:Warning: ForceReplaceReferences replaced references for a transient object 'InheritableComponentHandler' or package '/Engine/Transient'.
[2017.11.21-19.51.02:421][302]LogObjectTools:Warning: ForceReplaceReferences replaced references for a transient object 'DEADCLASS_NewArrow_C_1' or package '/Engine/Transient'.
[2017.11.21-19.51.02:421][302]LogObjectTools:Warning: ForceReplaceReferences replaced references for a transient object 'DefaultSceneRoot_GEN_VARIABLE' or package '/Engine/Transient'.
[2017.11.21-19.51.02:421][302]LogObjectTools:Warning: ForceReplaceReferences replaced references for a transient object 'SimpleConstructionScript_0' or package '/Engine/Transient'.
[2017.11.21-19.51.02:421][302]LogObjectTools:Warning: ForceReplaceReferences replaced references for a transient object 'DEADCLASS_NewArrow_C_0' or package '/Engine/Transient'.
[2017.11.21-19.51.02:421][302]LogObjectTools:Warning: ForceReplaceReferences replaced references for a transient object 'REINST_SKEL_NewArrow_C_237' or package '/Engine/Transient'.
[2017.11.21-19.51.02:421][302]LogObjectTools:Warning: ForceReplaceReferences replaced references for a transient object 'REINST_NewArrow_C_236' or package '/Engine/Transient'.
[2017.11.21-19.51.12:434][949]LogSavePackage: Save=3359.65ms
[2017.11.21-19.51.12:434][949]LogSavePackage: Moving 'D:/CastleGuardCurrent/CastleGuardPhase2/CastleGuardReborn/Saved/defaultA6A0FA9248EB8E9FCCC7B48E45E6067F.tmp' to 'D:/CastleGuardCurrent/CastleGuardPhase2/CastleGuardReborn/Content/VirtualRealityBP/Maps/default.umap'
[2017.11.21-19.51.12:437][949]LogSavePackage:Display: Finished SavePackage D:/CastleGuardCurrent/CastleGuardPhase2/CastleGuardReborn/Content/VirtualRealityBP/Maps/default.umap
[2017.11.21-19.58.12:981][392]LogScriptCore:Warning: Script Msg: Attempted to access index 0 from array CallFunc_GetAllActorsOfClass_OutActors of length 0!
[2017.11.21-19.58.12:981][392]LogScript:Warning: Accessed None trying to read property CallFunc_Array_Get_Item
	BP_ArcherAIArrow_C /Engine/Transient.World_18:PersistentLevel.BP_ArcherAIArrow_C_0
	Function /Game/Vive/Blueprints/AI/BP_ArcherAIArrow.BP_ArcherAIArrow_C:UserConstructionScript:00C8
[2017.11.21-19.58.12:981][392]LogScript:Warning: Accessed None
	BP_ArcherAIArrow_C /Engine/Transient.World_18:PersistentLevel.BP_ArcherAIArrow_C_0
	Function /Game/Vive/Blueprints/AI/BP_ArcherAIArrow.BP_ArcherAIArrow_C:UserConstructionScript:00DD
[2017.11.21-19.58.45:954][134]LogMetaData: Removing '/Game/Vive/Blueprints/WidgetUI/Overlord.Overlord_C' ref from Metadata '/Game/Vive/Blueprints/WidgetUI/LevelBaseActor_Blueprint.PackageMetaData'
[2017.11.21-19.58.45:954][134]LogMetaData: Removing '/Game/Vive/Blueprints/WidgetUI/Overlord.Overlord:UserConstructionScript.K2Node_FunctionEntry_0' ref from Metadata '/Game/Vive/Blueprints/WidgetUI/LevelBaseActor_Blueprint.PackageMetaData'
[2017.11.21-19.58.45:954][134]LogMetaData: Removing '/Game/Vive/Blueprints/WidgetUI/Overlord.Overlord:EventGraph.K2Node_Event_0' ref from Metadata '/Game/Vive/Blueprints/WidgetUI/LevelBaseActor_Blueprint.PackageMetaData'
[2017.11.21-19.58.45:954][134]LogMetaData: Removing '/Game/Vive/Blueprints/WidgetUI/Overlord.Overlord:EventGraph.K2Node_Event_1' ref from Metadata '/Game/Vive/Blueprints/WidgetUI/LevelBaseActor_Blueprint.PackageMetaData'
[2017.11.21-19.58.45:954][134]LogMetaData: Removing '/Game/Vive/Blueprints/WidgetUI/Overlord.Overlord:EventGraph.K2Node_Event_2' ref from Metadata '/Game/Vive/Blueprints/WidgetUI/LevelBaseActor_Blueprint.PackageMetaData'
[2017.11.21-19.58.45:954][134]LogMetaData: Removing '/Game/Vive/Blueprints/WidgetUI/Overlord.SKEL_Overlord_C' ref from Metadata '/Game/Vive/Blueprints/WidgetUI/LevelBaseActor_Blueprint.PackageMetaData'
[2017.11.21-19.58.45:999][134]Cmd: OBJ SAVEPACKAGE PACKAGE="/Game/Vive/Blueprints/WidgetUI/Overlord" FILE="D:/CastleGuardCurrent/CastleGuardPhase2/CastleGuardReborn/Content/Vive/Blueprints/WidgetUI/Overlord.uasset" SILENT=true
[2017.11.21-19.58.46:015][134]LogSavePackage: Save=13.45ms
[2017.11.21-19.58.46:015][134]LogSavePackage: Moving 'D:/CastleGuardCurrent/CastleGuardPhase2/CastleGuardReborn/Saved/Overlord3FB06D244FDFFBBEEECF0786E2891FE5.tmp' to 'D:/CastleGuardCurrent/CastleGuardPhase2/CastleGuardReborn/Content/Vive/Blueprints/WidgetUI/Overlord.uasset'
[2017.11.21-19.58.46:016][134]LogSavePackage:Display: Finished SavePackage D:/CastleGuardCurrent/CastleGuardPhase2/CastleGuardReborn/Content/Vive/Blueprints/WidgetUI/Overlord.uasset
[2017.11.21-19.58.46:029][134]LogSavePackage: Save=3.47ms
[2017.11.21-19.58.46:029][134]LogSavePackage: Moving 'D:/CastleGuardCurrent/CastleGuardPhase2/CastleGuardReborn/Saved/LevelBaseActor_BlueprintB7703BD842FB41BC490275BE908EC6C4.tmp' to 'D:/CastleGuardCurrent/CastleGuardPhase2/CastleGuardReborn/Content/Vive/Blueprints/WidgetUI/LevelBaseActor_Blueprint.uasset'
[2017.11.21-19.58.46:030][134]LogSavePackage:Display: Finished SavePackage D:/CastleGuardCurrent/CastleGuardPhase2/CastleGuardReborn/Content/Vive/Blueprints/WidgetUI/LevelBaseActor_Blueprint.uasset
[2017.11.21-19.59.27:944][151]LogUObjectGlobals:Warning: Failed to find object 'Object None.'
[2017.11.21-19.59.27:944][151]LogUObjectGlobals:Warning: Failed to find object 'Object None.'
[2017.11.21-19.59.28:353][195]LogScriptCore:Warning: Script Msg: Attempted to access index 0 from array CallFunc_GetAllActorsOfClass_OutActors of length 0!
[2017.11.21-19.59.28:353][195]LogScript:Warning: Accessed None trying to read property CallFunc_Array_Get_Item
	BP_CatapultRock_C /Engine/Transient.World_22:PersistentLevel.BP_CatapultRock_C_0
	Function /Game/Vive/Blueprints/CatapultProjectiles/BP_CatapultRock.BP_CatapultRock_C:UserConstructionScript:00D9
[2017.11.21-19.59.54:222][266]BlueprintLog: New page: Compile default
[2017.11.21-20.00.30:012][527]BlueprintLog: New page: Compile default
[2017.11.21-20.00.34:556][642]LogSavePackage: Save=3326.06ms
[2017.11.21-20.00.34:556][642]LogSavePackage: Moving 'D:/CastleGuardCurrent/CastleGuardPhase2/CastleGuardReborn/Saved/default842BFD40484CEE538C4368BF36FAC410.tmp' to 'D:/CastleGuardCurrent/CastleGuardPhase2/CastleGuardReborn/Content/VirtualRealityBP/Maps/default.umap'
[2017.11.21-20.00.34:559][642]LogSavePackage:Display: Finished SavePackage D:/CastleGuardCurrent/CastleGuardPhase2/CastleGuardReborn/Content/VirtualRealityBP/Maps/default.umap
[2017.11.21-20.00.34:605][642]LogFileHelpers: Saving map 'default' took 3.465
[2017.11.21-20.00.48:353][285]LogBlueprint:Warning: [Overlord] 'TempCatapult' variable not found. Base class was probably changed.
[2017.11.21-20.00.48:353][285]LogBlueprint:Warning: [Overlord] 'TempRam' variable not found. Base class was probably changed.
[2017.11.21-20.00.48:353][285]LogBlueprint:Warning: [Overlord] 'TempCatapult' variable not found. Base class was probably changed.
[2017.11.21-20.00.48:353][285]LogBlueprint:Warning: [Overlord] 'TempCatapult' variable not found. Base class was probably changed.
[2017.11.21-20.00.48:353][285]LogBlueprint:Warning: [Overlord] 'TempRam' variable not found. Base class was probably changed.
[2017.11.21-20.00.48:353][285]LogBlueprint:Warning: [Overlord] 'TempRam' variable not found. Base class was probably changed.
[2017.11.21-20.00.51:400][645]BlueprintLog: New page: Collapse to Function
[2017.11.21-20.02.06:248][568]LogSlate: Took 0.000140 seconds to synchronously load lazily loaded font '../../../Engine/Content/Editor/Slate/Fonts/Roboto-BoldCondensedItalic.ttf' (160K)
[2017.11.21-20.02.11:813][227]BlueprintLog: New page: Compile Overlord
[2017.11.21-20.02.11:822][227]LogBlueprint:Warning: [Compiler Overlord] Warning Could not find a variable named "TempCatapult" in 'Overlord_C'.
Make sure 'Overlord_C' has been compiled for  Get TempCatapult
[2017.11.21-20.02.11:822][227]LogBlueprint:Warning: [Compiler Overlord] Warning Could not find a variable named "TempRam" in 'Overlord_C'.
Make sure 'Overlord_C' has been compiled for  Get TempRam
[2017.11.21-20.02.11:822][227]LogBlueprint:Warning: [Compiler Overlord] Warning Could not find a variable named "TempCatapult" in 'Overlord_C'.
Make sure 'Overlord_C' has been compiled for  Set TempCatapult
[2017.11.21-20.02.11:822][227]LogBlueprint:Warning: [Compiler Overlord] Warning Could not find a variable named "TempRam" in 'Overlord_C'.
Make sure 'Overlord_C' has been compiled for  Set TempRam
[2017.11.21-20.02.11:822][227]LogBlueprint:Error: [Compiler Overlord] Error The property associated with  Temp Ram  could not be found
[2017.11.21-20.02.11:822][227]LogBlueprint:Error: [Compiler Overlord] Error The property associated with  Temp Catapult  could not be found
[2017.11.21-20.02.11:822][227]LogBlueprint:Error: [Compiler Overlord] Error The property associated with  Temp Ram  could not be found
[2017.11.21-20.02.11:822][227]LogBlueprint:Error: [Compiler Overlord] Error The property associated with  Temp Catapult  could not be found
[2017.11.21-20.02.12:513][227]BlueprintEditorCompileResults:Warning: Warning Could not find a variable named "TempCatapult" in 'Overlord_C'.
Make sure 'Overlord_C' has been compiled for  Get TempCatapult
[2017.11.21-20.02.12:513][227]BlueprintEditorCompileResults:Warning: Warning Could not find a variable named "TempRam" in 'Overlord_C'.
Make sure 'Overlord_C' has been compiled for  Get TempRam
[2017.11.21-20.02.12:513][227]BlueprintEditorCompileResults:Warning: Warning Could not find a variable named "TempCatapult" in 'Overlord_C'.
Make sure 'Overlord_C' has been compiled for  Set TempCatapult
[2017.11.21-20.02.12:513][227]BlueprintEditorCompileResults:Warning: Warning Could not find a variable named "TempRam" in 'Overlord_C'.
Make sure 'Overlord_C' has been compiled for  Set TempRam
[2017.11.21-20.02.12:513][227]BlueprintEditorCompileResults:Error: Error The property associated with  Temp Ram  could not be found
[2017.11.21-20.02.12:513][227]BlueprintEditorCompileResults:Error: Error The property associated with  Temp Catapult  could not be found
[2017.11.21-20.02.12:513][227]BlueprintEditorCompileResults:Error: Error The property associated with  Temp Ram  could not be found
[2017.11.21-20.02.12:513][227]BlueprintEditorCompileResults:Error: Error The property associated with  Temp Catapult  could not be found
[2017.11.21-20.02.12:513][227]LogBlueprint:Warning: [Compiler Overlord] Warning [1859.90] Compile of Overlord failed. 4 Fatal Issue(s) 4 Warning(s) [in 700 ms] (/Game/Vive/Blueprints/WidgetUI/Overlord.Overlord)
[2017.11.21-20.02.53:668][136]BlueprintLog: New page: Compile Overlord
[2017.11.21-20.02.53:677][136]LogBlueprint:Warning: [Compiler Overlord] Warning Could not find a variable named "TempCatapult" in 'Overlord_C'.
Make sure 'Overlord_C' has been compiled for  Get TempCatapult
[2017.11.21-20.02.53:677][136]LogBlueprint:Warning: [Compiler Overlord] Warning Could not find a variable named "TempRam" in 'Overlord_C'.
Make sure 'Overlord_C' has been compiled for  Get TempRam
[2017.11.21-20.02.53:677][136]LogBlueprint:Warning: [Compiler Overlord] Warning Could not find a variable named "TempCatapult" in 'Overlord_C'.
Make sure 'Overlord_C' has been compiled for  Set TempCatapult
[2017.11.21-20.02.53:678][136]LogBlueprint:Warning: [Compiler Overlord] Warning Could not find a variable named "TempRam" in 'Overlord_C'.
Make sure 'Overlord_C' has been compiled for  Set TempRam
[2017.11.21-20.02.53:678][136]LogBlueprint:Error: [Compiler Overlord] Error The property associated with  Temp Ram  could not be found
[2017.11.21-20.02.53:678][136]LogBlueprint:Error: [Compiler Overlord] Error The property associated with  Temp Catapult  could not be found
[2017.11.21-20.02.53:678][136]LogBlueprint:Error: [Compiler Overlord] Error The property associated with  Temp Ram  could not be found
[2017.11.21-20.02.53:678][136]LogBlueprint:Error: [Compiler Overlord] Error The property associated with  Temp Catapult  could not be found
[2017.11.21-20.02.53:968][136]BlueprintEditorCompileResults:Warning: Warning Could not find a variable named "TempCatapult" in 'Overlord_C'.
Make sure 'Overlord_C' has been compiled for  Get TempCatapult
[2017.11.21-20.02.53:968][136]BlueprintEditorCompileResults:Warning: Warning Could not find a variable named "TempRam" in 'Overlord_C'.
Make sure 'Overlord_C' has been compiled for  Get TempRam
[2017.11.21-20.02.53:968][136]BlueprintEditorCompileResults:Warning: Warning Could not find a variable named "TempCatapult" in 'Overlord_C'.
Make sure 'Overlord_C' has been compiled for  Set TempCatapult
[2017.11.21-20.02.53:968][136]BlueprintEditorCompileResults:Warning: Warning Could not find a variable named "TempRam" in 'Overlord_C'.
Make sure 'Overlord_C' has been compiled for  Set TempRam
[2017.11.21-20.02.53:968][136]BlueprintEditorCompileResults:Error: Error The property associated with  Temp Ram  could not be found
[2017.11.21-20.02.53:968][136]BlueprintEditorCompileResults:Error: Error The property associated with  Temp Catapult  could not be found
[2017.11.21-20.02.53:968][136]BlueprintEditorCompileResults:Error: Error The property associated with  Temp Ram  could not be found
[2017.11.21-20.02.53:968][136]BlueprintEditorCompileResults:Error: Error The property associated with  Temp Catapult  could not be found
[2017.11.21-20.02.53:968][136]LogBlueprint:Warning: [Compiler Overlord] Warning [1901.35] Compile of Overlord failed. 4 Fatal Issue(s) 4 Warning(s) [in 299 ms] (/Game/Vive/Blueprints/WidgetUI/Overlord.Overlord)
[2017.11.21-20.04.17:790][759]LogSavePackage: Save=3317.82ms
[2017.11.21-20.04.17:790][759]LogSavePackage: Moving 'D:/CastleGuardCurrent/CastleGuardPhase2/CastleGuardReborn/Saved/default9304CF714F0E329A4F3A85B130EEAD8E.tmp' to 'D:/CastleGuardCurrent/CastleGuardPhase2/CastleGuardReborn/Content/VirtualRealityBP/Maps/default.umap'
[2017.11.21-20.04.17:794][759]LogSavePackage:Display: Finished SavePackage D:/CastleGuardCurrent/CastleGuardPhase2/CastleGuardReborn/Content/VirtualRealityBP/Maps/default.umap
[2017.11.21-20.04.17:839][759]LogFileHelpers: Saving map 'default' took 3.437
[2017.11.21-20.04.17:851][759]Cmd: OBJ SAVEPACKAGE PACKAGE="/Game/Vive/Blueprints/BP_Vive_Pawn" FILE="D:/CastleGuardCurrent/CastleGuardPhase2/CastleGuardReborn/Content/Vive/Blueprints/BP_Vive_Pawn.uasset" SILENT=true
[2017.11.21-20.04.18:320][759]LogSavePackage: Save=463.52ms
[2017.11.21-20.04.18:320][759]LogSavePackage: Moving 'D:/CastleGuardCurrent/CastleGuardPhase2/CastleGuardReborn/Saved/BP_Vive_PawnA12228D148C3CD73CE515FB3179129E2.tmp' to 'D:/CastleGuardCurrent/CastleGuardPhase2/CastleGuardReborn/Content/Vive/Blueprints/BP_Vive_Pawn.uasset'
[2017.11.21-20.04.18:321][759]LogSavePackage:Display: Finished SavePackage D:/CastleGuardCurrent/CastleGuardPhase2/CastleGuardReborn/Content/Vive/Blueprints/BP_Vive_Pawn.uasset
[2017.11.21-20.04.18:331][759]Cmd: OBJ SAVEPACKAGE PACKAGE="/Game/Vive/Blueprints/BP_HeavyArrow" FILE="D:/CastleGuardCurrent/CastleGuardPhase2/CastleGuardReborn/Content/Vive/Blueprints/BP_HeavyArrow.uasset" SILENT=true
[2017.11.21-20.04.18:419][759]LogSavePackage: Save=82.25ms
[2017.11.21-20.04.18:419][759]LogSavePackage: Moving 'D:/CastleGuardCurrent/CastleGuardPhase2/CastleGuardReborn/Saved/BP_HeavyArrowCA4420974EF0EA4A3D5872B4CBF36D30.tmp' to 'D:/CastleGuardCurrent/CastleGuardPhase2/CastleGuardReborn/Content/Vive/Blueprints/BP_HeavyArrow.uasset'
[2017.11.21-20.04.18:420][759]LogSavePackage:Display: Finished SavePackage D:/CastleGuardCurrent/CastleGuardPhase2/CastleGuardReborn/Content/Vive/Blueprints/BP_HeavyArrow.uasset
[2017.11.21-20.04.18:422][759]Cmd: OBJ SAVEPACKAGE PACKAGE="/Game/Vive/Blueprints/WidgetUI/Overlord" FILE="D:/CastleGuardCurrent/CastleGuardPhase2/CastleGuardReborn/Content/Vive/Blueprints/WidgetUI/Overlord.uasset" SILENT=true
[2017.11.21-20.04.18:461][759]LogSavePackage: Save=33.76ms
[2017.11.21-20.04.18:461][759]LogSavePackage: Moving 'D:/CastleGuardCurrent/CastleGuardPhase2/CastleGuardReborn/Saved/Overlord22CFB1614432E47FDB82CFAD7F394D49.tmp' to 'D:/CastleGuardCurrent/CastleGuardPhase2/CastleGuardReborn/Content/Vive/Blueprints/WidgetUI/Overlord.uasset'
[2017.11.21-20.04.18:462][759]LogSavePackage:Display: Finished SavePackage D:/CastleGuardCurrent/CastleGuardPhase2/CastleGuardReborn/Content/Vive/Blueprints/WidgetUI/Overlord.uasset
[2017.11.21-20.06.36:219][995]BlueprintLog: New page: Compile Overlord
[2017.11.21-20.07.58:402][757]BlueprintLog: New page: Compile Overlord
[2017.11.21-20.08.11:696][333]BlueprintLog: New page: Compile Overlord
[2017.11.21-20.08.38:902][568]BlueprintLog: New page: Compile Overlord
[2017.11.21-20.08.39:459][619]Cmd: OBJ SAVEPACKAGE PACKAGE="/Game/Vive/Blueprints/WidgetUI/Overlord" FILE="D:/CastleGuardCurrent/CastleGuardPhase2/CastleGuardReborn/Content/Vive/Blueprints/WidgetUI/Overlord.uasset" SILENT=true
[2017.11.21-20.08.39:495][619]LogSavePackage: Save=34.01ms
[2017.11.21-20.08.39:495][619]LogSavePackage: Moving 'D:/CastleGuardCurrent/CastleGuardPhase2/CastleGuardReborn/Saved/Overlord4CCD764D4C84275D177910900C8C4463.tmp' to 'D:/CastleGuardCurrent/CastleGuardPhase2/CastleGuardReborn/Content/Vive/Blueprints/WidgetUI/Overlord.uasset'
[2017.11.21-20.08.39:496][619]LogSavePackage:Display: Finished SavePackage D:/CastleGuardCurrent/CastleGuardPhase2/CastleGuardReborn/Content/Vive/Blueprints/WidgetUI/Overlord.uasset
[2017.11.21-20.08.45:350][908]LogSavePackage: Save=3330.66ms
[2017.11.21-20.08.45:350][908]LogSavePackage: Moving 'D:/CastleGuardCurrent/CastleGuardPhase2/CastleGuardReborn/Saved/defaultC1C4EBFD42EFCF7D11AAD09864AEF9D1.tmp' to 'D:/CastleGuardCurrent/CastleGuardPhase2/CastleGuardReborn/Content/VirtualRealityBP/Maps/default.umap'
[2017.11.21-20.08.45:353][908]LogSavePackage:Display: Finished SavePackage D:/CastleGuardCurrent/CastleGuardPhase2/CastleGuardReborn/Content/VirtualRealityBP/Maps/default.umap
[2017.11.21-20.08.45:399][908]LogFileHelpers: Saving map 'default' took 3.462
[2017.11.21-20.09.12:850][185]LogEditorViewport: Clicking on Actor (LMB): Actor (ArcherSpawnpoint2)
[2017.11.21-20.09.13:689][274]LogEditorViewport: Clicking on Actor (CTRL LMB): Actor (CatapultSpawnPoint2)
[2017.11.21-20.09.14:693][392]LogEditorViewport: Clicking on Actor (CTRL LMB): Actor (SoldierSpawnPoint2)
[2017.11.21-20.09.50:030][612]Cmd: TRANSACTION UNDO
[2017.11.21-20.09.50:030][612]LogEditorTransaction: Undo Add New Function
[2017.11.21-20.10.37:007][218]BlueprintLog: New page: Compile Overlord
[2017.11.21-20.10.37:489][228]Cmd: OBJ SAVEPACKAGE PACKAGE="/Game/Vive/Blueprints/WidgetUI/Overlord" FILE="D:/CastleGuardCurrent/CastleGuardPhase2/CastleGuardReborn/Content/Vive/Blueprints/WidgetUI/Overlord.uasset" SILENT=true
[2017.11.21-20.10.37:556][228]LogSavePackage: Save=61.98ms
[2017.11.21-20.10.37:556][228]LogSavePackage: Moving 'D:/CastleGuardCurrent/CastleGuardPhase2/CastleGuardReborn/Saved/Overlord9F4CB52846D035ECD670BB99064F8977.tmp' to 'D:/CastleGuardCurrent/CastleGuardPhase2/CastleGuardReborn/Content/Vive/Blueprints/WidgetUI/Overlord.uasset'
[2017.11.21-20.10.37:557][228]LogSavePackage:Display: Finished SavePackage D:/CastleGuardCurrent/CastleGuardPhase2/CastleGuardReborn/Content/Vive/Blueprints/WidgetUI/Overlord.uasset
[2017.11.21-20.10.59:025][786]BlueprintLog: New page: Compile Overlord
[2017.11.21-20.11.08:715][889]Cmd: CAMERA ALIGN ACTIVEVIEWPORTONLY
[2017.11.21-20.11.35:400][ 39]BlueprintLog: New page: Compile Overlord
[2017.11.21-20.13.01:479][154]BlueprintLog: New page: Compile Overlord
[2017.11.21-20.13.02:242][195]Cmd: OBJ SAVEPACKAGE PACKAGE="/Game/Vive/Blueprints/WidgetUI/Overlord" FILE="D:/CastleGuardCurrent/CastleGuardPhase2/CastleGuardReborn/Content/Vive/Blueprints/WidgetUI/Overlord.uasset" SILENT=true
[2017.11.21-20.13.02:278][195]LogSavePackage: Save=34.47ms
[2017.11.21-20.13.02:278][195]LogSavePackage: Moving 'D:/CastleGuardCurrent/CastleGuardPhase2/CastleGuardReborn/Saved/Overlord6043E7FC46444323BB3378AC3C7B074E.tmp' to 'D:/CastleGuardCurrent/CastleGuardPhase2/CastleGuardReborn/Content/Vive/Blueprints/WidgetUI/Overlord.uasset'
[2017.11.21-20.13.02:279][195]LogSavePackage:Display: Finished SavePackage D:/CastleGuardCurrent/CastleGuardPhase2/CastleGuardReborn/Content/Vive/Blueprints/WidgetUI/Overlord.uasset
[2017.11.21-20.13.37:388][350]Cmd: CAMERA ALIGN ACTIVEVIEWPORTONLY
[2017.11.21-20.13.41:628][823]LogEditorViewport: Clicking on Actor (LMB): Landscape (Landscape1)
[2017.11.21-20.13.42:282][897]LogEditorViewport: Clicking on Actor (LMB): Overlord_C (LevelBaseActor_Blueprint)
[2017.11.21-20.14.10:406][151]Cmd: CAMERA ALIGN ACTIVEVIEWPORTONLY
[2017.11.21-20.14.11:500][281]Cmd: CAMERA ALIGN ACTIVEVIEWPORTONLY
[2017.11.21-20.14.12:295][374]Cmd: CAMERA ALIGN ACTIVEVIEWPORTONLY
[2017.11.21-20.14.55:604][479]Cmd: DELETE
[2017.11.21-20.14.55:604][479]Cmd: ACTOR DELETE
[2017.11.21-20.14.55:624][479]LogEditorActor: Deleted Actor: Overlord_C
[2017.11.21-20.14.55:648][479]LogEditorActor: Deleted 1 Actors (0.029 secs)
[2017.11.21-20.14.58:578][828]Cmd: TRANSACTION UNDO
[2017.11.21-20.14.58:578][828]LogEditorTransaction: Undo Delete Actors
[2017.11.21-20.15.39:451][648]LogClass:Warning: Type mismatch in NewVar_0 of SKEL_Overlord_C - Previous (StructProperty) Current(ObjectProperty) for package:  FObjectReader
[2017.11.21-20.15.52:865][249]BlueprintLog: New page: Compile Overlord
[2017.11.21-20.19.35:007][637]BlueprintLog: New page: Compile Overlord
[2017.11.21-20.19.35:486][677]Cmd: OBJ SAVEPACKAGE PACKAGE="/Game/Vive/Blueprints/WidgetUI/Overlord" FILE="D:/CastleGuardCurrent/CastleGuardPhase2/CastleGuardReborn/Content/Vive/Blueprints/WidgetUI/Overlord.uasset" SILENT=true
[2017.11.21-20.19.35:530][677]LogSavePackage: Save=38.19ms
[2017.11.21-20.19.35:530][677]LogSavePackage: Moving 'D:/CastleGuardCurrent/CastleGuardPhase2/CastleGuardReborn/Saved/Overlord07568E1D4AB28851A88DF398F225FF3A.tmp' to 'D:/CastleGuardCurrent/CastleGuardPhase2/CastleGuardReborn/Content/Vive/Blueprints/WidgetUI/Overlord.uasset'
[2017.11.21-20.19.35:532][677]LogSavePackage:Display: Finished SavePackage D:/CastleGuardCurrent/CastleGuardPhase2/CastleGuardReborn/Content/Vive/Blueprints/WidgetUI/Overlord.uasset
[2017.11.21-20.23.22:904][611]BlueprintLog: New page: Compile Overlord
[2017.11.21-20.24.25:149][917]BlueprintLog: New page: Compile Overlord
[2017.11.21-21.02.07:939][  2]LogSavePackage: Save=3335.63ms
[2017.11.21-21.02.07:939][  2]LogSavePackage: Moving 'D:/CastleGuardCurrent/CastleGuardPhase2/CastleGuardReborn/Saved/defaultCE93F8064B439B6EED35B5AF882EDA68.tmp' to 'D:/CastleGuardCurrent/CastleGuardPhase2/CastleGuardReborn/Content/VirtualRealityBP/Maps/default.umap'
[2017.11.21-21.02.07:942][  2]LogSavePackage:Display: Finished SavePackage D:/CastleGuardCurrent/CastleGuardPhase2/CastleGuardReborn/Content/VirtualRealityBP/Maps/default.umap
[2017.11.21-21.02.07:993][  2]LogFileHelpers: Saving map 'default' took 3.469
[2017.11.21-21.02.07:997][  2]Cmd: OBJ SAVEPACKAGE PACKAGE="/Game/Vive/Blueprints/WidgetUI/Overlord" FILE="D:/CastleGuardCurrent/CastleGuardPhase2/CastleGuardReborn/Content/Vive/Blueprints/WidgetUI/Overlord.uasset" SILENT=true
[2017.11.21-21.02.08:044][  2]LogSavePackage: Save=42.37ms
[2017.11.21-21.02.08:044][  2]LogSavePackage: Moving 'D:/CastleGuardCurrent/CastleGuardPhase2/CastleGuardReborn/Saved/Overlord4DB2657348F6E4298D96BEA89579F135.tmp' to 'D:/CastleGuardCurrent/CastleGuardPhase2/CastleGuardReborn/Content/Vive/Blueprints/WidgetUI/Overlord.uasset'
[2017.11.21-21.02.08:045][  2]LogSavePackage:Display: Finished SavePackage D:/CastleGuardCurrent/CastleGuardPhase2/CastleGuardReborn/Content/Vive/Blueprints/WidgetUI/Overlord.uasset
[2017.11.21-21.02.11:621][ 71]Cmd: QUIT_EDITOR
[2017.11.21-21.02.11:657][ 71]LogWindowsTextInputMethodSystem:Display: IME system now deactivated.
[2017.11.21-21.02.11:667][ 71]LogExit: Preparing to exit.
[2017.11.21-21.02.12:013][ 71]LogExit: Editor shut down
[2017.11.21-21.02.12:020][ 71]LogExit: Transaction tracking system shut down
[2017.11.21-21.02.12:220][ 71]LogObj: Freed 0b from 0 cluster array pools.
[2017.11.21-21.02.12:220][ 71]LogExit: Object subsystem successfully closed.
[2017.11.21-21.02.12:242][ 71]LogD3D11RHI: Shutdown
[2017.11.21-21.02.12:242][ 71]LogD3D11RHI: CleanupD3DDevice
[2017.11.21-21.02.12:346][ 71]LogD3D11RHI: ~FD3D11DynamicRHI
[2017.11.21-21.02.12:356][ 71]LogModuleManager: Shutting down and abandoning module BlueprintGraph (532)
[2017.11.21-21.02.12:356][ 71]LogModuleManager: Shutting down and abandoning module BlueprintProfiler (530)
[2017.11.21-21.02.12:356][ 71]LogModuleManager: Shutting down and abandoning module HierarchicalLODOutliner (528)
[2017.11.21-21.02.12:356][ 71]LogModuleManager: Shutting down and abandoning module ExternalImagePicker (526)
[2017.11.21-21.02.12:356][ 71]LogModuleManager: Shutting down and abandoning module CrashTracker (524)
[2017.11.21-21.02.12:356][ 71]LogModuleManager: Shutting down and abandoning module SceneOutliner (522)
[2017.11.21-21.02.12:356][ 71]LogModuleManager: Shutting down and abandoning module AddContentDialog (520)
[2017.11.21-21.02.12:356][ 71]LogDirectoryWatcher: A directory notification for 'C:/Program Files/Epic Games/UE_4.16/FeaturePacks/' was aborted.
[2017.11.21-21.02.12:357][ 71]LogModuleManager: Shutting down and abandoning module WidgetCarousel (519)
[2017.11.21-21.02.12:357][ 71]LogModuleManager: Shutting down and abandoning module EditorWidgets (516)
[2017.11.21-21.02.12:357][ 71]LogModuleManager: Shutting down and abandoning module CollectionManager (514)
[2017.11.21-21.02.12:357][ 71]LogDirectoryWatcher: A directory notification for 'D:/CastleGuardCurrent/CastleGuardPhase2/CastleGuardReborn/Content/Collections/' was aborted.
[2017.11.21-21.02.12:357][ 71]LogDirectoryWatcher: A directory notification for 'D:/CastleGuardCurrent/CastleGuardPhase2/CastleGuardReborn/Content/Developers/studentuser/Collections/' was aborted.
[2017.11.21-21.02.12:357][ 71]LogDirectoryWatcher: A directory notification for 'D:/CastleGuardCurrent/CastleGuardPhase2/CastleGuardReborn/Saved/Collections/' was aborted.
[2017.11.21-21.02.12:357][ 71]LogModuleManager: Shutting down and abandoning module WorldBrowser (512)
[2017.11.21-21.02.12:357][ 71]LogModuleManager: Shutting down and abandoning module StatsViewer (510)
[2017.11.21-21.02.12:357][ 71]LogModuleManager: Shutting down and abandoning module FoliageEdit (508)
[2017.11.21-21.02.12:357][ 71]LogModuleManager: Shutting down and abandoning module LandscapeEditor (506)
[2017.11.21-21.02.12:357][ 71]LogModuleManager: Shutting down and abandoning module MeshPaintMode (504)
[2017.11.21-21.02.12:357][ 71]LogModuleManager: Shutting down and abandoning module SceneDepthPickerMode (502)
[2017.11.21-21.02.12:357][ 71]LogModuleManager: Shutting down and abandoning module ActorPickerMode (500)
[2017.11.21-21.02.12:357][ 71]LogModuleManager: Shutting down and abandoning module GeometryMode (498)
[2017.11.21-21.02.12:357][ 71]LogModuleManager: Shutting down and abandoning module TextureAlignMode (496)
[2017.11.21-21.02.12:357][ 71]LogModuleManager: Shutting down and abandoning module BspMode (494)
[2017.11.21-21.02.12:357][ 71]LogModuleManager: Shutting down and abandoning module HardwareSurvey (492)
[2017.11.21-21.02.12:357][ 71]LogModuleManager: Shutting down and abandoning module SequenceRecorderSections (490)
[2017.11.21-21.02.12:357][ 71]LogModuleManager: Shutting down and abandoning module AutomationWorker (488)
[2017.11.21-21.02.12:357][ 71]LogModuleManager: Shutting down and abandoning module MatineeToLevelSequence (486)
[2017.11.21-21.02.12:357][ 71]LogModuleManager: Shutting down and abandoning module LevelSequenceEditor (484)
[2017.11.21-21.02.12:357][ 71]LogModuleManager: Shutting down and abandoning module PlacementMode (483)
[2017.11.21-21.02.12:357][ 71]LogModuleManager: Shutting down and abandoning module WmfMediaFactory (480)
[2017.11.21-21.02.12:357][ 71]LogModuleManager: Shutting down and abandoning module WmfMediaEditor (478)
[2017.11.21-21.02.12:357][ 71]LogModuleManager: Shutting down and abandoning module AvfMediaFactory (476)
[2017.11.21-21.02.12:357][ 71]LogModuleManager: Shutting down and abandoning module AvfMediaEditor (474)
[2017.11.21-21.02.12:357][ 71]LogModuleManager: Shutting down and abandoning module AndroidMediaFactory (472)
[2017.11.21-21.02.12:357][ 71]LogModuleManager: Shutting down and abandoning module Media (471)
[2017.11.21-21.02.12:357][ 71]LogModuleManager: Shutting down and abandoning module AndroidMediaEditor (468)
[2017.11.21-21.02.12:357][ 71]LogModuleManager: Shutting down and abandoning module CharacterAI (466)
[2017.11.21-21.02.12:357][ 71]LogModuleManager: Shutting down and abandoning module AudioCapture (464)
[2017.11.21-21.02.12:357][ 71]LogModuleManager: Shutting down and abandoning module SequenceRecorder (463)
[2017.11.21-21.02.12:357][ 71]LogModuleManager: Shutting down and abandoning module SmartSnapping (460)
[2017.11.21-21.02.12:357][ 71]LogModuleManager: Shutting down and abandoning module SessionServices (458)
[2017.11.21-21.02.12:357][ 71]LogModuleManager: Shutting down and abandoning module ViewportSnapping (456)
[2017.11.21-21.02.12:357][ 71]LogModuleManager: Shutting down and abandoning module ViewportInteraction (454)
[2017.11.21-21.02.12:357][ 71]LogModuleManager: Shutting down and abandoning module ClothPainter (452)
[2017.11.21-21.02.12:357][ 71]LogModuleManager: Shutting down and abandoning module LogVisualizer (450)
[2017.11.21-21.02.12:357][ 71]LogModuleManager: Shutting down and abandoning module IntroTutorials (448)
[2017.11.21-21.02.12:357][ 71]LogModuleManager: Shutting down and abandoning module GameProjectGeneration (447)
[2017.11.21-21.02.12:357][ 71]LogModuleManager: Shutting down and abandoning module EditorLiveStreaming (444)
[2017.11.21-21.02.12:357][ 71]LogModuleManager: Shutting down and abandoning module IOSPlatformEditor (442)
[2017.11.21-21.02.12:357][ 71]LogModuleManager: Shutting down and abandoning module HTML5PlatformEditor (440)
[2017.11.21-21.02.12:357][ 71]LogModuleManager: Shutting down and abandoning module AndroidPlatformEditor (438)
[2017.11.21-21.02.12:357][ 71]LogModuleManager: Shutting down and abandoning module AndroidDeviceDetection (437)
[2017.11.21-21.02.12:778][ 71]LogModuleManager: Shutting down and abandoning module IOSRuntimeSettings (434)
[2017.11.21-21.02.12:778][ 71]LogModuleManager: Shutting down and abandoning module AndroidRuntimeSettings (432)
[2017.11.21-21.02.12:778][ 71]LogModuleManager: Shutting down and abandoning module InputBindingEditor (430)
[2017.11.21-21.02.12:778][ 71]LogModuleManager: Shutting down and abandoning module MergeActors (428)
[2017.11.21-21.02.12:778][ 71]LogModuleManager: Shutting down and abandoning module SizeMap (426)
[2017.11.21-21.02.12:778][ 71]LogModuleManager: Shutting down and abandoning module TreeMap (424)
[2017.11.21-21.02.12:778][ 71]LogModuleManager: Shutting down and abandoning module ReferenceViewer (422)
[2017.11.21-21.02.12:778][ 71]LogModuleManager: Shutting down and abandoning module LocalizationDashboard (420)
[2017.11.21-21.02.12:778][ 71]LogModuleManager: Shutting down and abandoning module LocalizationService (419)
[2017.11.21-21.02.12:778][ 71]LogModuleManager: Shutting down and abandoning module HardwareTargeting (416)
[2017.11.21-21.02.12:778][ 71]LogModuleManager: Shutting down and abandoning module DeviceProfileEditor (414)
[2017.11.21-21.02.12:778][ 71]LogModuleManager: Shutting down and abandoning module UndoHistory (412)
[2017.11.21-21.02.12:778][ 71]LogModuleManager: Shutting down and abandoning module UserFeedback (410)
[2017.11.21-21.02.12:778][ 71]LogModuleManager: Shutting down and abandoning module XmlParser (408)
[2017.11.21-21.02.12:778][ 71]LogModuleManager: Shutting down and abandoning module Blutility (406)
[2017.11.21-21.02.12:778][ 71]LogModuleManager: Shutting down and abandoning module ProjectSettingsViewer (404)
[2017.11.21-21.02.12:778][ 71]LogModuleManager: Shutting down and abandoning module ProjectTargetPlatformEditor (403)
[2017.11.21-21.02.12:778][ 71]LogModuleManager: Shutting down and abandoning module EditorSettingsViewer (400)
[2017.11.21-21.02.12:779][ 71]LogModuleManager: Shutting down and abandoning module SettingsEditor (398)
[2017.11.21-21.02.12:779][ 71]LogModuleManager: Shutting down and abandoning module ProjectLauncher (396)
[2017.11.21-21.02.12:779][ 71]LogModuleManager: Shutting down and abandoning module SessionFrontend (394)
[2017.11.21-21.02.12:779][ 71]LogModuleManager: Shutting down and abandoning module ProfilerClient (392)
[2017.11.21-21.02.12:779][ 71]LogModuleManager: Shutting down and abandoning module DeviceManager (390)
[2017.11.21-21.02.12:779][ 71]LogModuleManager: Shutting down and abandoning module TargetDeviceServices (389)
[2017.11.21-21.02.12:842][ 71]LogModuleManager: Shutting down and abandoning module AutomationController (386)
[2017.11.21-21.02.12:842][ 71]LogModuleManager: Shutting down and abandoning module AutomationWindow (384)
[2017.11.21-21.02.12:842][ 71]LogModuleManager: Shutting down and abandoning module Layers (382)
[2017.11.21-21.02.12:842][ 71]LogModuleManager: Shutting down and abandoning module ComponentVisualizers (380)
[2017.11.21-21.02.12:842][ 71]LogModuleManager: Shutting down and abandoning module DetailCustomizations (378)
[2017.11.21-21.02.12:842][ 71]LogModuleManager: Shutting down and abandoning module PackagesDialog (376)
[2017.11.21-21.02.12:842][ 71]LogModuleManager: Shutting down and abandoning module Persona (374)
[2017.11.21-21.02.12:842][ 71]LogModuleManager: Shutting down and abandoning module AdvancedPreviewScene (373)
[2017.11.21-21.02.12:842][ 71]LogModuleManager: Shutting down and abandoning module AnimGraph (371)
[2017.11.21-21.02.12:842][ 71]LogModuleManager: Shutting down and abandoning module Kismet (368)
[2017.11.21-21.02.12:851][ 71]LogModuleManager: Shutting down and abandoning module ClassViewer (366)
[2017.11.21-21.02.12:852][ 71]LogModuleManager: Shutting down and abandoning module Toolbox (364)
[2017.11.21-21.02.12:852][ 71]LogModuleManager: Shutting down and abandoning module ModuleUI (362)
[2017.11.21-21.02.12:852][ 71]LogModuleManager: Shutting down and abandoning module MovieSceneTools (360)
[2017.11.21-21.02.12:852][ 71]LogModuleManager: Shutting down and abandoning module OutputLog (358)
[2017.11.21-21.02.12:852][ 71]LogModuleManager: Shutting down and abandoning module GammaUI (356)
[2017.11.21-21.02.12:852][ 71]LogModuleManager: Shutting down and abandoning module Documentation (354)
[2017.11.21-21.02.12:852][ 71]LogModuleManager: Shutting down and abandoning module MovieSceneTracks (352)
[2017.11.21-21.02.12:852][ 71]LogModuleManager: Shutting down and abandoning module MovieScene (350)
[2017.11.21-21.02.12:852][ 71]LogModuleManager: Shutting down and abandoning module Niagara (348)
[2017.11.21-21.02.12:852][ 71]LogModuleManager: Shutting down and abandoning module NiagaraEditor (347)
[2017.11.21-21.02.12:852][ 71]LogModuleManager: Shutting down and abandoning module StreamingPauseRendering (344)
[2017.11.21-21.02.12:852][ 71]LogModuleManager: Shutting down and abandoning module AnalyticsET (342)
[2017.11.21-21.02.12:852][ 71]LogModuleManager: Shutting down and abandoning module PortalServices (340)
[2017.11.21-21.02.12:852][ 71]LogModuleManager: Shutting down and abandoning module PortalRpc (338)
[2017.11.21-21.02.12:852][ 71]LogModuleManager: Shutting down and abandoning module MessagingRpc (336)
[2017.11.21-21.02.12:852][ 71]LogModuleManager: Shutting down and abandoning module AIModule (334)
[2017.11.21-21.02.12:852][ 71]LogModuleManager: Shutting down and abandoning module GameplayDebugger (333)
[2017.11.21-21.02.12:852][ 71]LogModuleManager: Shutting down and abandoning module AITestSuite (331)
[2017.11.21-21.02.12:852][ 71]LogModuleManager: Shutting down and abandoning module ProfilerService (328)
[2017.11.21-21.02.13:066][ 71]LogModuleManager: Shutting down and abandoning module TaskGraph (326)
[2017.11.21-21.02.13:066][ 71]LogModuleManager: Shutting down and abandoning module SteamVRController (324)
[2017.11.21-21.02.13:066][ 71]LogModuleManager: Shutting down and abandoning module SteamVR (322)
[2017.11.21-21.02.13:066][ 71]LogModuleManager: Shutting down and abandoning module ProceduralMeshComponentEditor (320)
[2017.11.21-21.02.13:066][ 71]LogModuleManager: Shutting down and abandoning module ProceduralMeshComponent (318)
[2017.11.21-21.02.13:066][ 71]LogModuleManager: Shutting down and abandoning module OculusLibrary (316)
[2017.11.21-21.02.13:066][ 71]LogModuleManager: Shutting down and abandoning module OculusInput (314)
[2017.11.21-21.02.13:066][ 71]LogModuleManager: Shutting down and abandoning module MobilePatchingUtils (312)
[2017.11.21-21.02.13:066][ 71]LogModuleManager: Shutting down and abandoning module CustomMeshComponent (310)
[2017.11.21-21.02.13:066][ 71]LogModuleManager: Shutting down and abandoning module CableComponent (308)
[2017.11.21-21.02.13:066][ 71]LogModuleManager: Shutting down and abandoning module ArchVisCharacter (306)
[2017.11.21-21.02.13:066][ 71]LogModuleManager: Shutting down and abandoning module AndroidPermission (304)
[2017.11.21-21.02.13:066][ 71]LogModuleManager: Shutting down and abandoning module MediaPlayerEditor (300)
[2017.11.21-21.02.13:066][ 71]LogModuleManager: Shutting down and abandoning module HTML5Networking (298)
[2017.11.21-21.02.13:066][ 71]LogModuleManager: Shutting down and abandoning module AlembicImporter (296)
[2017.11.21-21.02.13:066][ 71]LogModuleManager: Shutting down and abandoning module AlembicLibrary (295)
[2017.11.21-21.02.13:066][ 71]LogModuleManager: Shutting down and abandoning module GeometryCache (294)
[2017.11.21-21.02.13:066][ 71]LogModuleManager: Shutting down and abandoning module GeometryCacheEd (293)
[2017.11.21-21.02.13:066][ 71]LogModuleManager: Shutting down and abandoning module SuperSearchEditor (288)
[2017.11.21-21.02.13:066][ 71]LogModuleManager: Shutting down and abandoning module SuperSearch (287)
[2017.11.21-21.02.13:066][ 71]LogModuleManager: Shutting down and abandoning module SpeedTreeImporter (284)
[2017.11.21-21.02.13:066][ 71]LogModuleManager: Shutting down and abandoning module PluginBrowser (282)
[2017.11.21-21.02.13:066][ 71]LogModuleManager: Shutting down and abandoning module MobileLauncherProfileWizard (280)
[2017.11.21-21.02.13:066][ 71]LogModuleManager: Shutting down and abandoning module VisualStudioSourceCodeAccess (278)
[2017.11.21-21.02.13:066][ 71]LogModuleManager: Shutting down and abandoning module DesktopPlatform (277)
[2017.11.21-21.02.13:066][ 71]LogModuleManager: Shutting down and abandoning module UObjectPlugin (274)
[2017.11.21-21.02.13:066][ 71]LogModuleManager: Shutting down and abandoning module SubversionSourceControl (272)
[2017.11.21-21.02.13:066][ 71]LogModuleManager: Shutting down and abandoning module PerforceSourceControl (270)
[2017.11.21-21.02.13:066][ 71]LogModuleManager: Shutting down and abandoning module GitSourceControl (268)
[2017.11.21-21.02.13:066][ 71]LogModuleManager: Shutting down and abandoning module SourceControl (267)
[2017.11.21-21.02.13:066][ 71]LogModuleManager: Shutting down and abandoning module LightPropagationVolumeEditor (264)
[2017.11.21-21.02.13:066][ 71]LogModuleManager: Shutting down and abandoning module PaperTiledImporter (262)
[2017.11.21-21.02.13:066][ 71]LogModuleManager: Shutting down and abandoning module PaperSpriteSheetImporter (260)
[2017.11.21-21.02.13:066][ 71]LogModuleManager: Shutting down and abandoning module Paper2DEditor (258)
[2017.11.21-21.02.13:066][ 71]LogModuleManager: Shutting down and abandoning module MeshPaint (257)
[2017.11.21-21.02.13:066][ 71]LogModuleManager: Shutting down and abandoning module LevelEditor (255)
[2017.11.21-21.02.13:067][ 71]LogModuleManager: Shutting down and abandoning module PixelInspectorModule (254)
[2017.11.21-21.02.13:067][ 71]LogModuleManager: Shutting down and abandoning module MainFrame (252)
[2017.11.21-21.02.13:067][ 71]LogModuleManager: Shutting down and abandoning module HotReload (251)
[2017.11.21-21.02.13:067][ 71]LogModuleManager: Shutting down and abandoning module PhysXVehiclesEditor (246)
[2017.11.21-21.02.13:067][ 71]LogModuleManager: Shutting down and abandoning module PhysXVehicles (244)
[2017.11.21-21.02.13:067][ 71]LogModuleManager: Shutting down and abandoning module LocationServicesBPLibrary (242)
[2017.11.21-21.02.13:067][ 71]LogModuleManager: Shutting down and abandoning module ImmediatePhysicsEditor (240)
[2017.11.21-21.02.13:067][ 71]LogModuleManager: Shutting down and abandoning module ImmediatePhysics (238)
[2017.11.21-21.02.13:067][ 71]LogModuleManager: Shutting down and abandoning module UdpMessaging (236)
[2017.11.21-21.02.13:168][ 71]LogModuleManager: Shutting down and abandoning module TcpMessaging (234)
[2017.11.21-21.02.13:269][ 71]LogModuleManager: Shutting down and abandoning module GameplayTagsEditor (232)
[2017.11.21-21.02.13:269][ 71]LogModuleManager: Shutting down and abandoning module FacialAnimationEditor (230)
[2017.11.21-21.02.13:269][ 71]LogModuleManager: Shutting down and abandoning module FacialAnimation (228)
[2017.11.21-21.02.13:269][ 71]LogModuleManager: Shutting down and abandoning module AssetManagerEditor (226)
[2017.11.21-21.02.13:269][ 71]LogModuleManager: Shutting down and abandoning module GraphEditor (225)
[2017.11.21-21.02.13:269][ 71]LogModuleManager: Shutting down and abandoning module ContentBrowser (223)
[2017.11.21-21.02.13:269][ 71]LogModuleManager: Shutting down and abandoning module LightPropagationVolumeRuntime (220)
[2017.11.21-21.02.13:269][ 71]LogModuleManager: Shutting down and abandoning module Paper2D (218)
[2017.11.21-21.02.13:269][ 71]LogModuleManager: Shutting down and abandoning module WindowsMoviePlayer (216)
[2017.11.21-21.02.13:269][ 71]LogModuleManager: Shutting down and abandoning module WmfMedia (214)
[2017.11.21-21.02.13:269][ 71]LogModuleManager: Shutting down and abandoning module ClothingSystemEditor (212)
[2017.11.21-21.02.13:269][ 71]LogModuleManager: Shutting down and abandoning module ClothingSystemRuntime (210)
[2017.11.21-21.02.13:270][ 71]LogModuleManager: Shutting down and abandoning module MediaAssets (208)
[2017.11.21-21.02.13:270][ 71]LogModuleManager: Shutting down and abandoning module GameLiveStreaming (206)
[2017.11.21-21.02.13:270][ 71]LogModuleManager: Shutting down and abandoning module VREditor (204)
[2017.11.21-21.02.13:270][ 71]LogModuleManager: Shutting down and abandoning module StringTableEditor (202)
[2017.11.21-21.02.13:270][ 71]LogModuleManager: Shutting down and abandoning module GameplayTasksEditor (200)
[2017.11.21-21.02.13:270][ 71]LogModuleManager: Shutting down and abandoning module BehaviorTreeEditor (198)
[2017.11.21-21.02.13:270][ 71]LogModuleManager: Shutting down and abandoning module FunctionalTesting (196)
[2017.11.21-21.02.13:270][ 71]LogModuleManager: Shutting down and abandoning module CollisionAnalyzer (194)
[2017.11.21-21.02.13:270][ 71]LogModuleManager: Shutting down and abandoning module UMG (192)
[2017.11.21-21.02.13:270][ 71]LogModuleManager: Shutting down and abandoning module UMGEditor (191)
[2017.11.21-21.02.13:270][ 71]LogModuleManager: Shutting down and abandoning module Sequencer (190)
[2017.11.21-21.02.13:270][ 71]LogModuleManager: Shutting down and abandoning module AssetTools (188)
[2017.11.21-21.02.13:270][ 71]LogModuleManager: Shutting down and abandoning module MessageLog (187)
[2017.11.21-21.02.13:270][ 71]LogModuleManager: Shutting down and abandoning module WorkspaceMenuStructure (186)
[2017.11.21-21.02.13:270][ 71]LogModuleManager: Shutting down and abandoning module SlateReflector (180)
[2017.11.21-21.02.13:270][ 71]LogModuleManager: Shutting down and abandoning module Slate (178)
[2017.11.21-21.02.13:270][ 71]LogModuleManager: Shutting down and abandoning module EditorStyle (176)
[2017.11.21-21.02.13:271][ 71]LogModuleManager: Shutting down and abandoning module SourceCodeAccess (174)
[2017.11.21-21.02.13:271][ 71]LogModuleManager: Shutting down and abandoning module HeadMountedDisplay (172)
[2017.11.21-21.02.13:271][ 71]LogModuleManager: Shutting down and abandoning module XAudio2 (170)
[2017.11.21-21.02.13:271][ 71]LogModuleManager: Shutting down and abandoning module Networking (168)
[2017.11.21-21.02.13:271][ 71]LogModuleManager: Shutting down and abandoning module Core (164)
[2017.11.21-21.02.13:271][ 71]LogModuleManager: Shutting down and abandoning module AssetRegistry (162)
[2017.11.21-21.02.13:462][ 71]LogDirectoryWatcher: A directory notification for '../../../Engine/Content/' was aborted.
[2017.11.21-21.02.13:462][ 71]LogDirectoryWatcher: A directory notification for 'D:/CastleGuardCurrent/CastleGuardPhase2/CastleGuardReborn/Content/' was aborted.
[2017.11.21-21.02.13:462][ 71]LogDirectoryWatcher: A directory notification for '../../../Engine/Plugins/2D/Paper2D/Content/' was aborted.
[2017.11.21-21.02.13:462][ 71]LogDirectoryWatcher: A directory notification for '../../../Engine/Plugins/Runtime/GearVR/Content/' was aborted.
[2017.11.21-21.02.13:465][ 71]LogModuleManager: Shutting down and abandoning module DirectoryWatcher (161)
[2017.11.21-21.02.13:466][ 71]LogModuleManager: Shutting down and abandoning module KismetCompiler (158)
[2017.11.21-21.02.13:466][ 71]LogModuleManager: Shutting down and abandoning module LevelSequence (156)
[2017.11.21-21.02.13:466][ 71]LogModuleManager: Shutting down and abandoning module PhysXFormats (154)
[2017.11.21-21.02.13:466][ 71]LogModuleManager: Shutting down and abandoning module MeshUtilities (152)
[2017.11.21-21.02.13:466][ 71]LogModuleManager: Shutting down and abandoning module SimplygonSwarm (151)
[2017.11.21-21.02.13:466][ 71]LogModuleManager: Shutting down and abandoning module SimplygonMeshReduction (149)
[2017.11.21-21.02.13:466][ 71]LogModuleManager: Shutting down and abandoning module QuadricMeshReduction (147)
[2017.11.21-21.02.13:466][ 71]LogModuleManager: Shutting down and abandoning module DerivedDataCache (144)
[2017.11.21-21.02.13:533][ 71]LogDerivedDataCache: Shutdown
[2017.11.21-21.02.13:534][ 71]LogModuleManager: Shutting down and abandoning module TargetPlatform (142)
[2017.11.21-21.02.13:534][ 71]LogModuleManager: Shutting down and abandoning module VulkanShaderFormat (141)
[2017.11.21-21.02.13:534][ 71]LogModuleManager: Shutting down and abandoning module ShaderFormatVectorVM (139)
[2017.11.21-21.02.13:534][ 71]LogModuleManager: Shutting down and abandoning module ShaderFormatOpenGL (137)
[2017.11.21-21.02.13:534][ 71]LogModuleManager: Shutting down and abandoning module ShaderFormatD3D (135)
[2017.11.21-21.02.13:534][ 71]LogModuleManager: Shutting down and abandoning module MetalShaderFormat (133)
[2017.11.21-21.02.13:534][ 71]LogModuleManager: Shutting down and abandoning module TextureFormatUncompressed (131)
[2017.11.21-21.02.13:534][ 71]LogModuleManager: Shutting down and abandoning module TextureFormatPVR (129)
[2017.11.21-21.02.13:534][ 71]LogModuleManager: Shutting down and abandoning module TextureFormatDXT (127)
[2017.11.21-21.02.13:534][ 71]LogModuleManager: Shutting down and abandoning module TextureFormatIntelISPCTexComp (125)
[2017.11.21-21.02.13:534][ 71]LogModuleManager: Shutting down and abandoning module TextureFormatASTC (123)
[2017.11.21-21.02.13:534][ 71]LogModuleManager: Shutting down and abandoning module ImageWrapper (122)
[2017.11.21-21.02.13:534][ 71]LogModuleManager: Shutting down and abandoning module TextureFormatAndroid (119)
[2017.11.21-21.02.13:534][ 71]LogModuleManager: Shutting down and abandoning module AudioFormatOpus (117)
[2017.11.21-21.02.13:534][ 71]LogModuleManager: Shutting down and abandoning module AudioFormatOgg (115)
[2017.11.21-21.02.13:534][ 71]LogModuleManager: Shutting down and abandoning module AudioFormatADPCM (113)
[2017.11.21-21.02.13:534][ 71]LogModuleManager: Shutting down and abandoning module LinuxTargetPlatform (111)
[2017.11.21-21.02.13:534][ 71]LogModuleManager: Shutting down and abandoning module LinuxServerTargetPlatform (109)
[2017.11.21-21.02.13:534][ 71]LogModuleManager: Shutting down and abandoning module LinuxNoEditorTargetPlatform (107)
[2017.11.21-21.02.13:534][ 71]LogModuleManager: Shutting down and abandoning module LinuxClientTargetPlatform (105)
[2017.11.21-21.02.13:534][ 71]LogModuleManager: Shutting down and abandoning module TVOSTargetPlatform (103)
[2017.11.21-21.02.13:534][ 71]LogModuleManager: Shutting down and abandoning module Messaging (101)
[2017.11.21-21.02.13:534][ 71]LogModuleManager: Shutting down and abandoning module IOSTargetPlatform (99)
[2017.11.21-21.02.13:534][ 71]LogModuleManager: Shutting down and abandoning module HTML5TargetPlatform (97)
[2017.11.21-21.02.13:534][ 71]LogModuleManager: Shutting down and abandoning module Android_PVRTCTargetPlatform (95)
[2017.11.21-21.02.13:534][ 71]LogModuleManager: Shutting down and abandoning module Android_MultiTargetPlatform (93)
[2017.11.21-21.02.13:534][ 71]LogModuleManager: Shutting down and abandoning module Android_ETC2TargetPlatform (91)
[2017.11.21-21.02.13:534][ 71]LogModuleManager: Shutting down and abandoning module Android_ETC1TargetPlatform (89)
[2017.11.21-21.02.13:534][ 71]LogModuleManager: Shutting down and abandoning module Android_DXTTargetPlatform (87)
[2017.11.21-21.02.13:534][ 71]LogModuleManager: Shutting down and abandoning module Android_ATCTargetPlatform (85)
[2017.11.21-21.02.13:534][ 71]LogModuleManager: Shutting down and abandoning module Android_ASTCTargetPlatform (83)
[2017.11.21-21.02.13:534][ 71]LogModuleManager: Shutting down and abandoning module AndroidTargetPlatform (81)
[2017.11.21-21.02.13:534][ 71]LogModuleManager: Shutting down and abandoning module WindowsTargetPlatform (79)
[2017.11.21-21.02.13:534][ 71]LogModuleManager: Shutting down and abandoning module WindowsServerTargetPlatform (77)
[2017.11.21-21.02.13:534][ 71]LogModuleManager: Shutting down and abandoning module WindowsNoEditorTargetPlatform (75)
[2017.11.21-21.02.13:534][ 71]LogModuleManager: Shutting down and abandoning module WindowsClientTargetPlatform (73)
[2017.11.21-21.02.13:534][ 71]LogModuleManager: Shutting down and abandoning module MacTargetPlatform (71)
[2017.11.21-21.02.13:534][ 71]LogModuleManager: Shutting down and abandoning module MacServerTargetPlatform (69)
[2017.11.21-21.02.13:534][ 71]LogModuleManager: Shutting down and abandoning module MacNoEditorTargetPlatform (67)
[2017.11.21-21.02.13:534][ 71]LogModuleManager: Shutting down and abandoning module MacClientTargetPlatform (65)
[2017.11.21-21.02.13:534][ 71]LogModuleManager: Shutting down and abandoning module AllDesktopTargetPlatform (63)
[2017.11.21-21.02.13:534][ 71]LogModuleManager: Shutting down and abandoning module InputCore (60)
[2017.11.21-21.02.13:534][ 71]LogModuleManager: Shutting down and abandoning module Settings (58)
[2017.11.21-21.02.13:534][ 71]LogModuleManager: Shutting down and abandoning module OculusRift (56)
[2017.11.21-21.02.13:534][ 71]LogModuleManager: Shutting down and abandoning module GearVRController (54)
[2017.11.21-21.02.13:534][ 71]LogModuleManager: Shutting down and abandoning module GearVR (52)
[2017.11.21-21.02.13:534][ 71]LogModuleManager: Shutting down and abandoning module ExampleDeviceProfileSelector (50)
[2017.11.21-21.02.13:534][ 71]LogModuleManager: Shutting down and abandoning module OnlineBlueprintSupport (48)
[2017.11.21-21.02.13:534][ 71]LogModuleManager: Shutting down and abandoning module OnlineSubsystem (44)
[2017.11.21-21.02.13:534][ 71]LogOnline:Display: Unloading online subsystem: NULL
[2017.11.21-21.02.13:534][ 71]LogModuleManager: Shutting down and abandoning module XMPP (43)
[2017.11.21-21.02.13:534][ 71]LogModuleManager: Shutting down and abandoning module HTTP (41)
[2017.11.21-21.02.13:534][ 71]LogHttp:Display: Http module shutting down, but needs to wait on 1 outstanding Http requests:
[2017.11.21-21.02.13:534][ 71]LogHttp:Display: 	verb=[POST] url=[https://datarouter.ol.epicgames.com/datarouter/api/v1/public/data?SessionID=%7B03331C27-42EB-462C-E54A-BB85ED245653%7D&AppID=UEEditor.Rocket.Release&AppVersion=4.16.2-3514769%2B%2B%2BUE4%2BRelease-4.16&UserID=982011a7482c1cbdc2ce3cbeaef51dbe%7C790c71f1478a4d80acfcb3f9e1ad5080%7C70012bb2-c253-4297-934e-6257f569ac01&AppEnvironment=datacollector-binary&UploadType=eteventstream] status=Processing
[2017.11.21-21.02.13:560][ 71]LogModuleManager: Shutting down and abandoning module SSL (40)
[2017.11.21-21.02.13:561][ 71]LogModuleManager: Shutting down and abandoning module HTTPChunkInstaller (36)
[2017.11.21-21.02.13:561][ 71]LogModuleManager: Shutting down and abandoning module AnimationModifiers (34)
[2017.11.21-21.02.13:561][ 71]LogModuleManager: Shutting down and abandoning module PropertyEditor (33)
[2017.11.21-21.02.13:561][ 71]LogModuleManager: Shutting down and abandoning module AudioEditor (30)
[2017.11.21-21.02.13:561][ 71]LogModuleManager: Shutting down and abandoning module TextureCompressor (28)
[2017.11.21-21.02.13:561][ 71]LogModuleManager: Shutting down and abandoning module ShaderCore (26)
[2017.11.21-21.02.13:561][ 71]LogModuleManager: Shutting down and abandoning module Landscape (24)
[2017.11.21-21.02.13:561][ 71]LogModuleManager: Shutting down and abandoning module SlateRHIRenderer (22)
[2017.11.21-21.02.13:562][ 71]LogModuleManager: Shutting down and abandoning module OpenGLDrv (20)
[2017.11.21-21.02.13:562][ 71]LogModuleManager: Shutting down and abandoning module D3D11RHI (18)
[2017.11.21-21.02.13:562][ 71]LogModuleManager: Shutting down and abandoning module AnimGraphRuntime (16)
[2017.11.21-21.02.13:562][ 71]LogModuleManager: Shutting down and abandoning module Renderer (14)
[2017.11.21-21.02.13:562][ 71]LogModuleManager: Shutting down and abandoning module Engine (12)
[2017.11.21-21.02.13:562][ 71]LogModuleManager: Shutting down and abandoning module CoreUObject (10)
[2017.11.21-21.02.13:562][ 71]LogModuleManager: Shutting down and abandoning module NetworkFile (8)
[2017.11.21-21.02.13:562][ 71]LogModuleManager: Shutting down and abandoning module StreamingFile (6)
[2017.11.21-21.02.13:562][ 71]LogModuleManager: Shutting down and abandoning module SandboxFile (4)
[2017.11.21-21.02.13:562][ 71]LogModuleManager: Shutting down and abandoning module PakFile (2)
[2017.11.21-21.02.13:565][ 71]LogExit: Exiting.
[2017.11.21-21.02.13:588][ 71]Log file closed, 11/21/17 13:02:13
