Log file open, 08/25/17 12:14:48
LogInit:Display: Running engine for game: CastleGuardReborn
LogPlatformFile: Not using cached read wrapper
LogInit:Display: RandInit(-1435777179) SRandInit(-1435777179).
LogTaskGraph: Started task graph with 5 named threads and 8 total threads with 1 sets of task threads.
LogStats: Stats thread started at 0.074968
LogInit: Using libcurl 7.47.1
LogInit:  - built for x86_64-pc-win32
LogInit:  - supports SSL with OpenSSL/1.0.2g
LogInit:  - supports HTTP deflate (compression) using libz 1.2.8
LogInit:  - other features:
LogInit:      CURL_VERSION_SSL
LogInit:      CURL_VERSION_LIBZ
LogInit:      CURL_VERSION_IPV6
LogInit:      CURL_VERSION_ASYNCHDNS
LogInit:      CURL_VERSION_LARGEFILE
LogInit:      CURL_VERSION_IDN
LogInit:  CurlRequestOptions (configurable via config and command line):
LogInit:  - bVerifyPeer = false  - Libcurl will NOT verify peer certificate
LogInit:  - bUseHttpProxy = false  - Libcurl will NOT use HTTP proxy
LogInit:  - bDontReuseConnections = false  - Libcurl will reuse connections
LogInit:  - CertBundlePath = nullptr  - Libcurl will use whatever was configured at build time.
LogInit: Build: ++UE4+Release-4.16-CL-3514769
LogInit: Engine Version: 4.16.2-3514769+++UE4+Release-4.16
LogInit: Compatible Engine Version: 4.16.0-3452394+++UE4+Release-4.16
LogInit: Net CL: 3452394
LogDevObjectVersion: Number of dev versions registered: 16
LogDevObjectVersion:   Dev-Blueprints (B0D832E4-1F89-4F0D-ACCF-7EB736FD4AA2): 9
LogDevObjectVersion:   Dev-Build (E1C64328-A22C-4D53-A36C-8E866417BD8C): 0
LogDevObjectVersion:   Dev-Core (375EC13C-06E4-48FB-B500-84F0262A717E): 2
LogDevObjectVersion:   Dev-Editor (E4B068ED-F494-42E9-A231-DA0B2E46BB41): 17
LogDevObjectVersion:   Dev-Framework (CFFC743F-43B0-4480-9391-14DF171D2073): 23
LogDevObjectVersion:   Dev-Mobile (B02B49B5-BB20-44E9-A304-32B752E40360): 0
LogDevObjectVersion:   Dev-Networking (A4E4105C-59A1-49B5-A7C5-40C4547EDFEE): 0
LogDevObjectVersion:   Dev-Online (39C831C9-5AE6-47DC-9A44-9C173E1C8E7C): 0
LogDevObjectVersion:   Dev-Physics (78F01B33-EBEA-4F98-B9B4-84EACCB95AA2): 0
LogDevObjectVersion:   Dev-Platform (6631380F-2D4D-43E0-8009-CF276956A95A): 0
LogDevObjectVersion:   Dev-Rendering (12F88B9F-8875-4AFC-A67C-D90C383ABD29): 15
LogDevObjectVersion:   Dev-Sequencer (7B5AE74C-D270-4C10-A958-57980B212A5A): 4
LogDevObjectVersion:   Dev-VR (D7296918-1DD6-4BDD-9DE2-64A83CC13884): 0
LogDevObjectVersion:   Dev-LoadTimes (C2A15278-BFE7-4AFE-6C17-90FF531DF755): 1
LogDevObjectVersion:   Private-Geometry (6EACA3D4-40EC-4CC1-B786-8BED09428FC5): 1
LogDevObjectVersion:   Dev-AnimPhys (29E575DD-E0A3-4627-9D10-D276232CDCEA): 3
LogInit: Compiled (64-bit): Jun 29 2017 02:03:24
LogInit: Compiled with Visual C++: 19.00.24215.01
LogInit: Build Configuration: Development
LogInit: Branch Name: ++UE4+Release-4.16
LogInit: Command line:  
LogInit: Base directory: C:/Program Files/Epic Games/UE_4.16/Engine/Binaries/Win64/
LogInit: Installed Engine Build: 1
LogInit: Presizing for max 8388607 objects, including 0 objects not considered by GC, pre-allocating 0 bytes for permanent pool.
LogInit: Object subsystem initialized
[2017.08.25-19.14.49:215][  0]LogInit: Selected Device Profile: [Windows]
[2017.08.25-19.14.49:215][  0]LogInit: Applying CVar settings loaded from the selected device profile: [Windows]
[2017.08.25-19.14.49:221][  0]LogInit: Computer: LCIVAN-238-00
[2017.08.25-19.14.49:221][  0]LogInit: User: studentuser
[2017.08.25-19.14.49:221][  0]LogInit: CPU Page size=4096, Cores=4
[2017.08.25-19.14.49:221][  0]LogInit: High frequency timer resolution =4.101565 MHz
[2017.08.25-19.14.49:222][  0]LogMemory: Memory total: Physical=15.9GB (16GB approx)
[2017.08.25-19.14.49:222][  0]LogMemory: Platform Memory Stats for Windows
[2017.08.25-19.14.49:222][  0]LogMemory: Process Physical Memory: 274.57 MB used, 274.57 MB peak
[2017.08.25-19.14.49:222][  0]LogMemory: Process Virtual Memory: 260.80 MB used, 260.80 MB peak
[2017.08.25-19.14.49:222][  0]LogMemory: Physical Memory: 5532.21 MB used,  10751.23 MB free, 16283.45 MB total
[2017.08.25-19.14.49:222][  0]LogMemory: Virtual Memory: 638.49 MB used,  10751.23 MB free, 134217728.00 MB total
[2017.08.25-19.14.49:266][  0]LogInit: Using OS detected language (en-US).
[2017.08.25-19.14.49:266][  0]LogInit: Using OS detected locale (en-CA).
[2017.08.25-19.14.49:267][  0]LogTextLocalizationManager: No specific localization for 'en-US' exists, so the 'en' localization will be used.
[2017.08.25-19.14.49:886][  0]LogD3D11RHI: D3D11 adapters:
[2017.08.25-19.14.49:924][  0]LogD3D11RHI:    0. 'NVIDIA GeForce GTX 1070' (Feature Level 11_0)
[2017.08.25-19.14.49:924][  0]LogD3D11RHI:       8120/0/8141 MB DedicatedVideo/DedicatedSystem/SharedSystem, Outputs:1, VendorId:0x10de
[2017.08.25-19.14.49:929][  0]LogD3D11RHI:    1. 'Intel(R) HD Graphics 630' (Feature Level 11_0)
[2017.08.25-19.14.49:929][  0]LogD3D11RHI:       128/0/8141 MB DedicatedVideo/DedicatedSystem/SharedSystem, Outputs:0, VendorId:0x8086
[2017.08.25-19.14.49:930][  0]LogD3D11RHI:    2. 'Microsoft Basic Render Driver' (Feature Level 11_0)
[2017.08.25-19.14.49:930][  0]LogD3D11RHI:       0/0/8141 MB DedicatedVideo/DedicatedSystem/SharedSystem, Outputs:0, VendorId:0x1414
[2017.08.25-19.14.49:930][  0]LogD3D11RHI: Chosen D3D11 Adapter: 0
[2017.08.25-19.14.49:935][  0]LogD3D11RHI: Creating new Direct3DDevice
[2017.08.25-19.14.49:935][  0]LogD3D11RHI:     GPU DeviceId: 0x1b81 (for the marketing name, search the web for "GPU Device Id")
[2017.08.25-19.14.49:935][  0]LogWindows: EnumDisplayDevices:
[2017.08.25-19.14.49:935][  0]LogWindows:    0. 'NVIDIA GeForce GTX 1070' (P:1 D:1)
[2017.08.25-19.14.49:935][  0]LogWindows:    1. 'NVIDIA GeForce GTX 1070' (P:0 D:0)
[2017.08.25-19.14.49:936][  0]LogWindows:    2. 'NVIDIA GeForce GTX 1070' (P:0 D:0)
[2017.08.25-19.14.49:936][  0]LogWindows:    3. 'NVIDIA GeForce GTX 1070' (P:0 D:0)
[2017.08.25-19.14.49:936][  0]LogWindows:    4. 'Intel(R) HD Graphics 630' (P:0 D:0)
[2017.08.25-19.14.49:936][  0]LogWindows:    5. 'Intel(R) HD Graphics 630' (P:0 D:0)
[2017.08.25-19.14.49:936][  0]LogWindows:    6. 'Intel(R) HD Graphics 630' (P:0 D:0)
[2017.08.25-19.14.49:936][  0]LogWindows: DebugString: PrimaryIsNotTheChoosenAdapter PrimaryIsNotTheChoosenAdapter PrimaryIsNotTheChoosenAdapter FoundDriverCount:4 
[2017.08.25-19.14.49:936][  0]LogD3D11RHI:     Adapter Name: NVIDIA GeForce GTX 1070
[2017.08.25-19.14.49:936][  0]LogD3D11RHI:   Driver Version: 382.05 (internal:22.21.13.8205, unified:382.05)
[2017.08.25-19.14.49:936][  0]LogD3D11RHI:      Driver Date: 5-1-2017
[2017.08.25-19.14.49:936][  0]LogRHI: Texture pool is 1361 MB (70% of 1945 MB)
[2017.08.25-19.14.49:957][  0]LogD3D11RHI: Async texture creation enabled
[2017.08.25-19.14.49:968][  0]LogD3D11RHI: GPU Timing Frequency: 1000.000000 (Debug: 2 1)
[2017.08.25-19.14.50:016][  0]LogShaderCompilers: Guid format shader working directory is -5 characters bigger than the processId version (D:/CastleGuardCurrent/CastleGuardPhase2/CastleGuardReborn/Intermediate/Shaders/WorkingDirectory/2600/).
[2017.08.25-19.14.50:016][  0]LogShaderCompilers: Cleaned the shader compiler working directory 'C:/Users/studentuser/AppData/Local/Temp/UnrealShaderWorkingDir/1B25E4784FC3A30431942F8055B525E5/'.
[2017.08.25-19.14.50:016][  0]LogShaderCompilers:Display: Using Local Shader Compiler.
[2017.08.25-19.14.50:677][  0]LogTemp:Display: Loaded TP AllDesktopTargetPlatform
[2017.08.25-19.14.50:709][  0]LogTemp:Display: Loaded TP MacClientTargetPlatform
[2017.08.25-19.14.50:742][  0]LogTemp:Display: Loaded TP MacNoEditorTargetPlatform
[2017.08.25-19.14.50:774][  0]LogTemp:Display: Loaded TP MacServerTargetPlatform
[2017.08.25-19.14.50:806][  0]LogTemp:Display: Loaded TP MacTargetPlatform
[2017.08.25-19.14.50:838][  0]LogTemp:Display: Loaded TP WindowsClientTargetPlatform
[2017.08.25-19.14.50:869][  0]LogTemp:Display: Loaded TP WindowsNoEditorTargetPlatform
[2017.08.25-19.14.50:901][  0]LogTemp:Display: Loaded TP WindowsServerTargetPlatform
[2017.08.25-19.14.50:930][  0]LogTemp:Display: Loaded TP WindowsTargetPlatform
[2017.08.25-19.14.50:961][  0]LogTemp:Display: Loaded TP AndroidTargetPlatform
[2017.08.25-19.14.50:992][  0]LogTemp:Display: Loaded TP Android_ASTCTargetPlatform
[2017.08.25-19.14.51:023][  0]LogTemp:Display: Loaded TP Android_ATCTargetPlatform
[2017.08.25-19.14.51:054][  0]LogTemp:Display: Loaded TP Android_DXTTargetPlatform
[2017.08.25-19.14.51:085][  0]LogTemp:Display: Loaded TP Android_ETC1TargetPlatform
[2017.08.25-19.14.51:117][  0]LogTemp:Display: Loaded TP Android_ETC2TargetPlatform
[2017.08.25-19.14.51:179][  0]LogTemp:Display: Loaded TP Android_MultiTargetPlatform
[2017.08.25-19.14.51:179][  0]LogTemp:Display: Loaded TP Android_PVRTCTargetPlatform
[2017.08.25-19.14.51:204][  0]LogTemp:Display: Loaded TP HTML5TargetPlatform
[2017.08.25-19.14.51:270][  0]LogTemp:Display: Loaded TP IOSTargetPlatform
[2017.08.25-19.14.51:290][  0]LogTemp:Display: Loaded TP TVOSTargetPlatform
[2017.08.25-19.14.51:321][  0]LogTemp:Display: Loaded TP LinuxClientTargetPlatform
[2017.08.25-19.14.51:352][  0]LogTemp:Display: Loaded TP LinuxNoEditorTargetPlatform
[2017.08.25-19.14.51:383][  0]LogTemp:Display: Loaded TP LinuxServerTargetPlatform
[2017.08.25-19.14.51:414][  0]LogTemp:Display: Loaded TP LinuxTargetPlatform
[2017.08.25-19.14.51:414][  0]LogTargetPlatformManager:Display: Building Assets For Windows
[2017.08.25-19.14.51:721][  0]LogDerivedDataCache:Display: Max Cache Size: 512 MB
[2017.08.25-19.14.51:796][  0]LogDerivedDataCache: Loaded boot cache 0.08s 91MB C:/Users/studentuser/AppData/Local/UnrealEngine/4.16/DerivedDataCache/Boot.ddc.
[2017.08.25-19.14.51:796][  0]LogDerivedDataCache:Display: Loaded Boot cache: C:/Users/studentuser/AppData/Local/UnrealEngine/4.16/DerivedDataCache/Boot.ddc
[2017.08.25-19.14.51:796][  0]LogDerivedDataCache: FDerivedDataBackendGraph:  Pak pak cache file D:/CastleGuardCurrent/CastleGuardPhase2/CastleGuardReborn/DerivedDataCache/DDC.ddp not found, will not use a pak cache.
[2017.08.25-19.14.51:796][  0]LogDerivedDataCache: Unable to find inner node Pak for hierarchical cache Hierarchy.
[2017.08.25-19.14.51:796][  0]LogDerivedDataCache: FDerivedDataBackendGraph:  CompressedPak pak cache file D:/CastleGuardCurrent/CastleGuardPhase2/CastleGuardReborn/DerivedDataCache/Compressed.ddp not found, will not use a pak cache.
[2017.08.25-19.14.51:796][  0]LogDerivedDataCache: Unable to find inner node CompressedPak for hierarchical cache Hierarchy.
[2017.08.25-19.14.51:807][  0]LogDerivedDataCache:Display: Pak cache opened for reading ../../../Engine/DerivedDataCache/Compressed.ddp.
[2017.08.25-19.14.51:819][  0]LogDerivedDataCache: Using Local data cache path C:/Users/studentuser/AppData/Local/UnrealEngine/Common/DerivedDataCache: Writable
[2017.08.25-19.14.51:826][  0]LogMaterial: Verifying Global Shaders for PCD3D_SM5
[2017.08.25-19.14.51:826][  0]LogSlate: Using Freetype 2.6.0
[2017.08.25-19.14.51:827][  0]LogSlate: SlateFontCache - WITH_FREETYPE: 1, WITH_HARFBUZZ: 1
[2017.08.25-19.14.51:827][  0]LogSlate: SlateFontCache - WITH_FREETYPE: 1, WITH_HARFBUZZ: 1
[2017.08.25-19.14.52:040][  0]LogInit: Selected Device Profile: [Windows]
[2017.08.25-19.14.52:091][  0]LogContentStreaming: Texture pool size is 0.00 MB
[2017.08.25-19.14.52:194][  0]LogMeshUtilities: Using QuadricMeshReduction for automatic static mesh reduction
[2017.08.25-19.14.52:223][  0]LogSimplygon: Simplygon DLL not present - disabling.
[2017.08.25-19.14.52:251][  0]LogMeshUtilities: Using SimplygonSwarm for distributed automatic mesh merging
[2017.08.25-19.14.52:251][  0]LogMeshUtilities: No automatic skeletal mesh reduction module available
[2017.08.25-19.14.52:251][  0]LogMeshUtilities: No automatic mesh merging module available
[2017.08.25-19.14.52:614][  0]LogNetVersion: CastleGuardReborn , NetCL: 3452394, EngineNetVer: 2, GameNetVer: 0 (Checksum: 2303850599)
[2017.08.25-19.14.52:662][  0]LogAssetRegistry: FAssetRegistry took 0.0241 seconds to start up
[2017.08.25-19.14.52:695][  0]LogPackageLocalizationCache: Processed 4 localized package path(s) for 2 prioritized culture(s) in 0.017836 seconds
[2017.08.25-19.14.52:699][  0]LogUObjectArray: 34194 objects as part of root set at end of initial load.
[2017.08.25-19.14.52:699][  0]LogUObjectAllocator: 7260416 out of 0 bytes used by permanent object pool.
[2017.08.25-19.14.52:699][  0]LogUObjectArray: CloseDisregardForGC: 0/0 objects in disregard for GC pool
[2017.08.25-19.14.52:739][  0]LogInit: WinSock: version 1.1 (2.2), MaxSocks=32767, MaxUdp=65467
[2017.08.25-19.14.54:259][  0]LogTcpMessaging: Initializing TcpMessaging bridge
[2017.08.25-19.14.54:288][  0]LogUdpMessaging: Initializing bridge on interface 0.0.0.0:0 to multicast group 230.0.0.1:6666.
[2017.08.25-19.14.54:637][  0]LogMaterial: Uniform references updated for custom material expression Custom.
[2017.08.25-19.14.54:888][  0]SourceControl: Info Source control is disabled
[2017.08.25-19.14.54:911][  0]SourceControl: Info Source control is disabled
[2017.08.25-19.14.54:940][  0]SourceControl: Info Source control is disabled
[2017.08.25-19.14.54:969][  0]SourceControl: Info Source control is disabled
[2017.08.25-19.14.55:377][  0]LogAndroidPermission: UAndroidPermissionCallbackProxy::GetInstance
[2017.08.25-19.14.55:742][  0]LogEngine: Initializing Engine...
[2017.08.25-19.14.55:755][  0]LogHMD: Failed to initialize OpenVR with code 126
[2017.08.25-19.14.55:911][  0]LogStats: UGameplayTagsManager::ConstructGameplayTagTree: Construct from data asset -  0.000 s
[2017.08.25-19.14.55:911][  0]LogStats: UGameplayTagsManager::ConstructGameplayTagTree: GameplayTagTreeChangedEvent.Broadcast -  0.000 s
[2017.08.25-19.14.55:995][  0]LogAIModule: Creating AISystem for world Untitled
[2017.08.25-19.14.56:004][  0]LogInit: XAudio2 using 'Speakers / Headphones (Realtek Audio)' : 2 channels at 48 kHz using 32 bits per sample (channel mask 0x3)
[2017.08.25-19.14.56:035][  0]LogInit: FAudioDevice initialized.
[2017.08.25-19.14.56:072][  0]LogDerivedDataCache: Saved boot cache 0.04s 90MB C:/Users/studentuser/AppData/Local/UnrealEngine/4.16/DerivedDataCache/Boot.ddc.
[2017.08.25-19.14.56:083][  0]LogInit: Texture streaming: Enabled
[2017.08.25-19.14.56:143][  0]LogEngineSessionManager: EngineSessionManager initialized
[2017.08.25-19.14.56:143][  0]LogEngineSessionManager: EngineSessionManager sent abnormal shutdown report. Type=Crashed, SessionId={28A7F040-46E7-5826-CFB3-A18A8BE18CE7}
[2017.08.25-19.14.56:277][  0]LogInit: Transaction tracking system initialized
[2017.08.25-19.14.56:473][  0]BlueprintLog: New page: Editor Load
[2017.08.25-19.14.57:045][  0]LocalizationService: Info Localization service is disabled
[2017.08.25-19.14.57:462][  0]LogConsoleResponse:Display: 
[2017.08.25-19.14.57:549][  0]LogCook:Display: Max memory allowance for cook 16384mb min free memory 0mb
[2017.08.25-19.14.57:549][  0]LogCook:Display: Mobile HDR setting 1
[2017.08.25-19.14.58:167][  0]SourceControl: Info Source control is disabled
[2017.08.25-19.14.58:168][  0]Cmd: MAP LOAD FILE="D:/CastleGuardCurrent/CastleGuardPhase2/CastleGuardReborn/Content/Vive/Maps/default.umap" TEMPLATE=0 SHOWPROGRESS=1 FEATURELEVEL=3
[2017.08.25-19.14.58:168][  0]LightingResults: New page: Lighting Build
[2017.08.25-19.14.58:194][  0]MapCheck: New page: Map Check
[2017.08.25-19.14.58:194][  0]LightingResults: New page: Lighting Build
[2017.08.25-19.14.58:258][  0]LogBlueprint:Error: [Compiler CatapultFiringPosition1] Error This blueprint (self) is not a SplineComponent, therefore ' Target ' must have a connection.
[2017.08.25-19.14.58:258][  0]LogBlueprint:Error: [Compiler CatapultFiringPosition1] Error This blueprint (self) is not a SplineComponent, therefore ' Target ' must have a connection.
[2017.08.25-19.14.58:258][  0]LogBlueprint:Error: [Compiler CatapultFiringPosition1] Error This blueprint (self) is not a SplineComponent, therefore ' Target ' must have a connection.
[2017.08.25-19.14.58:258][  0]LogBlueprint:Error: [Compiler CatapultFiringPosition1] Error This blueprint (self) is not a SceneComponent, therefore ' Target ' must have a connection.
[2017.08.25-19.14.58:259][  0]LogBlueprint:Error: [Compiler CatapultFiringPosition1] Error This blueprint (self) is not a SplineComponent, therefore ' Target ' must have a connection.
[2017.08.25-19.14.58:259][  0]LogBlueprint:Error: [Compiler CatapultFiringPosition1] Error This blueprint (self) is not a SplineComponent, therefore ' Target ' must have a connection.
[2017.08.25-19.14.58:262][  0]LogBlueprint:Warning: [Compiler CatapultFiringPosition1] Warning [0010.04] Compile of CatapultFiringPosition1 failed. 6 Fatal Issue(s) 0 Warning(s) [in 7 ms] (/Game/Vive/Blueprints/AI/CatapultProjectiles/CatapultFiringPosition1.CatapultFiringPosition1)
[2017.08.25-19.14.58:262][  0]LogBlueprint:Warning: [Compiler CatapultFiringPosition1] Warning [0010.04] Compile of CatapultFiringPosition1 failed. 6 Fatal Issue(s) 1 Warning(s) [in 0 ms] (/Game/Vive/Blueprints/AI/CatapultProjectiles/CatapultFiringPosition1.CatapultFiringPosition1)
[2017.08.25-19.14.58:262][  0]LogBlueprint:Warning: [Compiler CatapultFiringPosition1] Warning [0010.04] Compile of CatapultFiringPosition1 failed. 6 Fatal Issue(s) 2 Warning(s) [in 0 ms] (/Game/Vive/Blueprints/AI/CatapultProjectiles/CatapultFiringPosition1.CatapultFiringPosition1)
[2017.08.25-19.14.58:962][  0]LogClass:Warning: Enum '/Game/Vive/Blueprints/Enum_GameStatus.Enum_GameStatus' was upgraded to use FText to store its display name data. Please re-save this asset to avoid issues with localization and determinstic cooking.
[2017.08.25-19.14.59:202][  0]LogAIModule: Creating AISystem for world default
[2017.08.25-19.14.59:295][  0]LogEditorServer: Finished looking for orphan Actors (0.000 secs)
[2017.08.25-19.14.59:355][  0]Cmd: MAP CHECKDEP NOCLEARLOG
[2017.08.25-19.14.59:389][  0]MapCheck: Info Map check complete: 0 Error(s), 0 Warning(s), took 34.096ms to complete.
[2017.08.25-19.14.59:389][  0]LogFileHelpers: Loading map 'default' took 1.222
[2017.08.25-19.14.59:449][  0]LogWindowsTextInputMethodSystem:Display: IME system now deactivated.
[2017.08.25-19.14.59:504][  0]LogCollectionManager: Loaded 0 collections in 0.000937 seconds
[2017.08.25-19.14.59:566][  0]LogFileCache: Scanning file cache for directory 'D:/CastleGuardCurrent/CastleGuardPhase2/CastleGuardReborn/Saved/Collections/' took 0.01s
[2017.08.25-19.14.59:566][  0]LogFileCache: Scanning file cache for directory 'D:/CastleGuardCurrent/CastleGuardPhase2/CastleGuardReborn/Content/Developers/studentuser/Collections/' took 0.01s
[2017.08.25-19.14.59:566][  0]LogFileCache: Scanning file cache for directory 'D:/CastleGuardCurrent/CastleGuardPhase2/CastleGuardReborn/Content/Collections/' took 0.01s
[2017.08.25-19.14.59:566][  0]LogCollectionManager: Rebuilt the GUID cache for 0 collections in 0.000001 seconds
[2017.08.25-19.14.59:572][  0]LogContentBrowser: Native class hierarchy populated in 0.0062 seconds. Added 2329 classes and 491 folders.
[2017.08.25-19.14.59:612][  0]LogContentBrowser: Native class hierarchy updated for 'WidgetCarousel' in 0.0004 seconds. Added 0 classes and 0 folders.
[2017.08.25-19.14.59:634][  0]LogContentBrowser: Native class hierarchy updated for 'AddContentDialog' in 0.0004 seconds. Added 0 classes and 0 folders.
[2017.08.25-19.14.59:662][  0]LogContentBrowser: Native class hierarchy updated for 'SceneOutliner' in 0.0004 seconds. Added 1 classes and 2 folders.
[2017.08.25-19.14.59:688][  0]LogCrashTracker: Crashtracker disabled due to settings.
[2017.08.25-19.14.59:693][  0]LogSlate: Took 0.000130 seconds to synchronously load lazily loaded font '../../../Engine/Content/Slate/Fonts/Roboto-Regular.ttf' (155K)
[2017.08.25-19.14.59:695][  0]LogSlate: Took 0.000115 seconds to synchronously load lazily loaded font '../../../Engine/Content/Slate/Fonts/Roboto-Bold.ttf' (160K)
[2017.08.25-19.14.59:698][  0]LogSlate: Took 0.000092 seconds to synchronously load lazily loaded font '../../../Engine/Content/Editor/Slate/Fonts/FontAwesome.ttf' (139K)
[2017.08.25-19.14.59:763][  0]LogRenderer: Reallocating scene render targets to support 1196x576 NumSamples 1 (Frame:1).
[2017.08.25-19.14.59:869][  0]LogUObjectGlobals:Warning: Failed to find object 'Class None.'
[2017.08.25-19.14.59:918][  0]LogContentBrowser: Native class hierarchy updated for 'HierarchicalLODOutliner' in 0.0004 seconds. Added 1 classes and 2 folders.
[2017.08.25-19.14.59:918][  0]LogLoad: (Engine Initialization) Total time: 11.69 seconds
[2017.08.25-19.14.59:918][  0]LogLoad: (Engine Initialization) Total Blueprint compile time: 0.29 seconds
[2017.08.25-19.14.59:918][  0]LogExternalProfiler: Found external profiler: VSPerf
[2017.08.25-19.14.59:918][  0]LogExternalProfiler: Using external profiler: VSPerf
[2017.08.25-19.14.59:929][  0]LogOcInput: OculusInput pre-init called
[2017.08.25-19.14.59:929][  0]LogHMD: Starting GearVRController plugin
[2017.08.25-19.14.59:944][  0]LogAssetRegistry: Asset discovery search completed in 7.3043 seconds
[2017.08.25-19.14.59:946][  0]LogCollectionManager: Rebuilt the object cache for 0 collections in 0.000000 seconds (found 0 objects)
[2017.08.25-19.14.59:946][  0]LogCollectionManager: Fixed up redirectors for 0 collections in 0.000032 seconds (updated 0 objects)
[2017.08.25-19.14.59:949][  0]LogContentStreaming: Texture pool size now 1000 MB
[2017.08.25-19.15.00:022][  0]LogSlate: Took 0.000154 seconds to synchronously load lazily loaded font '../../../Engine/Content/Slate/Fonts/Roboto-Light.ttf' (159K)
[2017.08.25-19.15.00:942][ 89]LogSlate: Took 0.000190 seconds to synchronously load lazily loaded font '../../../Engine/Content/Slate/Fonts/Roboto-Light.ttf' (159K)
[2017.08.25-19.15.10:488][193]LogTemp: Repeting last play command: Simulate
[2017.08.25-19.15.10:513][193]LogBlueprintUserMessages: Early PlayInEditor Detection: Level '/Game/Vive/Maps/default.default:PersistentLevel' has LevelScriptBlueprint '/Game/Vive/Maps/default.default:PersistentLevel.default' with GeneratedClass '/Game/Vive/Maps/default.default_C' with ClassGeneratedBy '/Game/Vive/Maps/default.default:PersistentLevel.default'
[2017.08.25-19.15.10:513][193]LogPlayLevel: PlayLevel: No blueprints needed recompiling
[2017.08.25-19.15.12:188][193]PIE: New page: SIE session: default (Aug 25, 2017, 5:15:12 AM)
[2017.08.25-19.15.12:188][193]LogPlayLevel: Creating play world package: /Game/Vive/Maps/UEDPIE_0_default
[2017.08.25-19.15.12:326][193]LogPlayLevel: PIE: StaticDuplicateObject took: (0.138582s)
[2017.08.25-19.15.12:327][193]LogAIModule: Creating AISystem for world default
[2017.08.25-19.15.12:327][193]LogPlayLevel: PIE: World Init took: (0.000655s)
[2017.08.25-19.15.12:327][193]LogPlayLevel: PIE: Created PIE world by copying editor world from /Game/Vive/Maps/default.default to /Game/Vive/Maps/UEDPIE_0_default.default (0.139731s)
[2017.08.25-19.15.12:342][193]LogInit: XAudio2 using 'Speakers / Headphones (Realtek Audio)' : 2 channels at 48 kHz using 32 bits per sample (channel mask 0x3)
[2017.08.25-19.15.12:354][193]LogInit: FAudioDevice initialized.
[2017.08.25-19.15.12:397][193]LogLoad: Game class is 'ViveGameMode_C'
[2017.08.25-19.15.12:406][193]LogWorld: Bringing World /Game/Vive/Maps/UEDPIE_0_default.default up for play (max tick rate 0) at 2017.08.25-12.15.12
[2017.08.25-19.15.12:407][193]LogWorld: Bringing up level for play took: 0.008388
[2017.08.25-19.15.12:407][193]LogGameMode: FindPlayerStart: PATHS NOT DEFINED or NO PLAYERSTART with positive rating
[2017.08.25-19.15.12:433][193]LogContentBrowser: Native class hierarchy updated for 'MovieSceneCapture' in 0.0004 seconds. Added 11 classes and 0 folders.
[2017.08.25-19.15.12:433][193]LogGameMode:Display: Match State Changed from EnteringMap to WaitingToStart
[2017.08.25-19.15.12:438][193]LogGameState: Match State Changed from EnteringMap to WaitingToStart
[2017.08.25-19.15.12:438][193]PIE: Info Play in editor start time for /Game/Vive/Maps/UEDPIE_0_default 1.702
[2017.08.25-19.15.12:448][193]LogBlueprintUserMessages: Late PlayInEditor Detection: Level '/Game/Vive/Maps/default.default:PersistentLevel' has LevelScriptBlueprint '/Game/Vive/Maps/default.default:PersistentLevel.default' with GeneratedClass '/Game/Vive/Maps/default.default_C' with ClassGeneratedBy '/Game/Vive/Maps/default.default:PersistentLevel.default'
[2017.08.25-19.15.12:813][227]LogScript:Warning: Accessed None trying to read property K2Node_Event_Other
	BP_CatapultRock_C /Game/Vive/Maps/UEDPIE_0_default.default:PersistentLevel.BP_CatapultRock2_178
	Function /Game/Vive/Blueprints/CatapultProjectiles/BP_CatapultRock.BP_CatapultRock_C:ExecuteUbergraph_BP_CatapultRock:0020
[2017.08.25-19.15.12:813][227]PIE:Error: Error Blueprint Runtime Error: Accessed None trying to read property K2Node_Event_Other from function: 'ExecuteUbergraph_BP_CatapultRock' from node: Branch in graph: EventGraph in object: BP_CatapultRock with description: Accessed None trying to read property K2Node_Event_Other
[2017.08.25-19.15.12:829][229]LogScript:Warning: Accessed None trying to read property K2Node_Event_Other
	BP_CatapultRock_C /Game/Vive/Maps/UEDPIE_0_default.default:PersistentLevel.BP_CatapultRock_128
	Function /Game/Vive/Blueprints/CatapultProjectiles/BP_CatapultRock.BP_CatapultRock_C:ExecuteUbergraph_BP_CatapultRock:0020
[2017.08.25-19.15.12:829][229]PIE:Error: Error Blueprint Runtime Error: Accessed None trying to read property K2Node_Event_Other from function: 'ExecuteUbergraph_BP_CatapultRock' from node: Branch in graph: EventGraph in object: BP_CatapultRock with description: Accessed None trying to read property K2Node_Event_Other
[2017.08.25-19.15.13:839][338]LogBlueprintUserMessages: [Catapult_C_0] Handle1
[2017.08.25-19.15.13:839][338]LogScript:Warning: Accessed None trying to read property Catapult
	SoldierAI_C /Game/Vive/Maps/UEDPIE_0_default.default:PersistentLevel.SoldierAI_C_0
	Function /Game/Vive/Blueprints/AI/SoldierAI.SoldierAI_C:ExecuteUbergraph_SoldierAI:04C2
[2017.08.25-19.15.13:839][338]PIE:Error: Error Blueprint Runtime Error: Accessed None trying to read property Catapult from function: 'ExecuteUbergraph_SoldierAI' from node: Branch in graph: EventGraph in object: SoldierAI with description: Accessed None trying to read property Catapult
[2017.08.25-19.15.13:999][352]LogBlueprintUserMessages: [Catapult_C_0] Handle2
[2017.08.25-19.15.15:951][524]LogScript:Warning: Accessed None trying to read property K2Node_Event_Other
	BP_CatapultRock_C /Game/Vive/Maps/UEDPIE_0_default.default:PersistentLevel.BP_CatapultRock2_178
	Function /Game/Vive/Blueprints/CatapultProjectiles/BP_CatapultRock.BP_CatapultRock_C:ExecuteUbergraph_BP_CatapultRock:0020
[2017.08.25-19.15.15:951][524]PIE:Error: Error Blueprint Runtime Error: Accessed None trying to read property K2Node_Event_Other from function: 'ExecuteUbergraph_BP_CatapultRock' from node: Branch in graph: EventGraph in object: BP_CatapultRock with description: Accessed None trying to read property K2Node_Event_Other
[2017.08.25-19.15.17:878][692]Cmd: CAMERA ALIGN ACTIVEVIEWPORTONLY
[2017.08.25-19.15.17:878][692]Can't find target actor or component.
[2017.08.25-19.15.29:166][860]LogEditorViewport: Clicking on Actor (LMB): Landscape (Landscape1)
[2017.08.25-19.15.29:483][885]LogEditorViewport: Clicking on Actor (LMB): Landscape (Landscape1)
[2017.08.25-19.15.29:624][900]LogEditorViewport: Clicking on Actor (double click): Landscape (Landscape1)
[2017.08.25-19.15.29:869][924]LogEditorViewport: Clicking on Actor (LMB): Landscape (Landscape1)
[2017.08.25-19.15.29:980][935]LogEditorViewport: Clicking on Actor (double click): Landscape (Landscape1)
[2017.08.25-19.15.30:200][957]LogEditorViewport: Clicking on Actor (LMB): Landscape (Landscape1)
[2017.08.25-19.15.30:820][ 22]LogEditorViewport: Clicking on Actor (LMB): ArcherAi_C (ArcherAi)
[2017.08.25-19.16.02:260][915]LogBlueprintUserMessages: Early EndPlayMap Detection: Level '/Game/Vive/Maps/default.default:PersistentLevel' has LevelScriptBlueprint '/Game/Vive/Maps/default.default:PersistentLevel.default' with GeneratedClass '/Game/Vive/Maps/default.default_C' with ClassGeneratedBy '/Game/Vive/Maps/default.default:PersistentLevel.default'
[2017.08.25-19.16.02:298][915]LogBlueprintUserMessages: Late EndPlayMap Detection: Level '/Game/Vive/Maps/default.default:PersistentLevel' has LevelScriptBlueprint '/Game/Vive/Maps/default.default:PersistentLevel.default' with GeneratedClass '/Game/Vive/Maps/default.default_C' with ClassGeneratedBy '/Game/Vive/Maps/default.default:PersistentLevel.default'
[2017.08.25-19.16.05:891][338]LogSlate: Took 0.000096 seconds to synchronously load lazily loaded font '../../../Engine/Content/Slate/Fonts/Roboto-Light.ttf' (159K)
[2017.08.25-19.16.06:127][338]LogContentBrowser: Native class hierarchy updated for 'BlueprintGraph' in 0.0006 seconds. Added 112 classes and 0 folders.
[2017.08.25-19.16.06:543][338]LogSlate: Took 0.000129 seconds to synchronously load lazily loaded font '../../../Engine/Content/Editor/Slate/Fonts/Roboto-BoldCondensed.ttf' (158K)
[2017.08.25-19.16.06:632][339]LogSlate: Took 0.000159 seconds to synchronously load lazily loaded font '../../../Engine/Content/Editor/Slate/Fonts/Roboto-Italic.ttf' (157K)
[2017.08.25-19.16.22:328][153]BlueprintLog: New page: Compile ArcherAIArrow
[2017.08.25-19.16.22:349][153]LogScriptCore:Warning: Script Msg: Attempted to access index 0 from array CallFunc_GetAllActorsOfClass_OutActors of length 0!
[2017.08.25-19.16.22:349][153]LogScript:Warning: Accessed None trying to read property CallFunc_Array_Get_Item
	ArcherAIArrow_C /Engine/Transient.World_9:PersistentLevel.ArcherAIArrow_C_0
	Function /Game/Vive/Blueprints/AI/ArcherAIArrow.ArcherAIArrow_C:UserConstructionScript:010C
[2017.08.25-19.16.22:350][153]LogScriptCore:Warning: Script Msg: Attempted to access index 0 from array CallFunc_GetAllActorsOfClass_OutActors of length 0!
[2017.08.25-19.16.22:350][153]LogScript:Warning: Accessed None trying to read property CallFunc_Array_Get_Item
	ArcherAIArrow_C /Engine/Transient.World_14:PersistentLevel.ArcherAIArrow_C_1
	Function /Game/Vive/Blueprints/AI/ArcherAIArrow.ArcherAIArrow_C:UserConstructionScript:010C
[2017.08.25-19.16.22:428][153]LogScriptCore:Warning: Script Msg: Attempted to access index 0 from array CallFunc_GetAllActorsOfClass_OutActors of length 0!
[2017.08.25-19.16.22:428][153]LogScript:Warning: Accessed None trying to read property CallFunc_Array_Get_Item
	ArcherAIArrow_C /Engine/Transient.World_9:PersistentLevel.ArcherAIArrow_C_0
	Function /Game/Vive/Blueprints/AI/ArcherAIArrow.ArcherAIArrow_C:UserConstructionScript:010C
[2017.08.25-19.16.22:429][153]LogScriptCore:Warning: Script Msg: Attempted to access index 0 from array CallFunc_GetAllActorsOfClass_OutActors of length 0!
[2017.08.25-19.16.22:429][153]LogScript:Warning: Accessed None trying to read property CallFunc_Array_Get_Item
	ArcherAIArrow_C /Engine/Transient.World_14:PersistentLevel.ArcherAIArrow_C_1
	Function /Game/Vive/Blueprints/AI/ArcherAIArrow.ArcherAIArrow_C:UserConstructionScript:010C
[2017.08.25-19.16.30:759][150]LogTemp: Repeting last play command: Simulate
[2017.08.25-19.16.30:775][150]LogBlueprintUserMessages: Early PlayInEditor Detection: Level '/Game/Vive/Maps/default.default:PersistentLevel' has LevelScriptBlueprint '/Game/Vive/Maps/default.default:PersistentLevel.default' with GeneratedClass '/Game/Vive/Maps/default.default_C' with ClassGeneratedBy '/Game/Vive/Maps/default.default:PersistentLevel.default'
[2017.08.25-19.16.30:775][150]LogPlayLevel: PlayLevel: No blueprints needed recompiling
[2017.08.25-19.16.30:775][150]PIE: New page: SIE session: default (Aug 25, 2017, 5:16:30 AM)
[2017.08.25-19.16.30:775][150]LogPlayLevel: Creating play world package: /Game/Vive/Maps/UEDPIE_0_default
[2017.08.25-19.16.30:908][150]LogPlayLevel: PIE: StaticDuplicateObject took: (0.132280s)
[2017.08.25-19.16.30:908][150]LogAIModule: Creating AISystem for world default
[2017.08.25-19.16.30:909][150]LogPlayLevel: PIE: World Init took: (0.000669s)
[2017.08.25-19.16.30:909][150]LogPlayLevel: PIE: Created PIE world by copying editor world from /Game/Vive/Maps/default.default to /Game/Vive/Maps/UEDPIE_0_default.default (0.133421s)
[2017.08.25-19.16.30:927][150]LogInit: XAudio2 using 'Speakers / Headphones (Realtek Audio)' : 2 channels at 48 kHz using 32 bits per sample (channel mask 0x3)
[2017.08.25-19.16.30:941][150]LogInit: FAudioDevice initialized.
[2017.08.25-19.16.30:972][150]LogLoad: Game class is 'ViveGameMode_C'
[2017.08.25-19.16.30:980][150]LogWorld: Bringing World /Game/Vive/Maps/UEDPIE_0_default.default up for play (max tick rate 0) at 2017.08.25-12.16.30
[2017.08.25-19.16.30:981][150]LogWorld: Bringing up level for play took: 0.008294
[2017.08.25-19.16.30:981][150]LogGameMode: FindPlayerStart: PATHS NOT DEFINED or NO PLAYERSTART with positive rating
[2017.08.25-19.16.30:981][150]LogGameMode:Display: Match State Changed from EnteringMap to WaitingToStart
[2017.08.25-19.16.30:985][150]LogGameState: Match State Changed from EnteringMap to WaitingToStart
[2017.08.25-19.16.30:985][150]PIE: Info Play in editor start time for /Game/Vive/Maps/UEDPIE_0_default 0.25
[2017.08.25-19.16.30:988][150]LogBlueprintUserMessages: Late PlayInEditor Detection: Level '/Game/Vive/Maps/default.default:PersistentLevel' has LevelScriptBlueprint '/Game/Vive/Maps/default.default:PersistentLevel.default' with GeneratedClass '/Game/Vive/Maps/default.default_C' with ClassGeneratedBy '/Game/Vive/Maps/default.default:PersistentLevel.default'
[2017.08.25-19.16.31:503][196]LogScript:Warning: Accessed None trying to read property K2Node_Event_Other
	BP_CatapultRock_C /Game/Vive/Maps/UEDPIE_0_default.default:PersistentLevel.BP_CatapultRock2_178
	Function /Game/Vive/Blueprints/CatapultProjectiles/BP_CatapultRock.BP_CatapultRock_C:ExecuteUbergraph_BP_CatapultRock:0020
[2017.08.25-19.16.31:503][196]PIE:Error: Error Blueprint Runtime Error: Accessed None trying to read property K2Node_Event_Other from function: 'ExecuteUbergraph_BP_CatapultRock' from node: Branch in graph: EventGraph in object: BP_CatapultRock with description: Accessed None trying to read property K2Node_Event_Other
[2017.08.25-19.16.31:519][198]LogScript:Warning: Accessed None trying to read property K2Node_Event_Other
	BP_CatapultRock_C /Game/Vive/Maps/UEDPIE_0_default.default:PersistentLevel.BP_CatapultRock_128
	Function /Game/Vive/Blueprints/CatapultProjectiles/BP_CatapultRock.BP_CatapultRock_C:ExecuteUbergraph_BP_CatapultRock:0020
[2017.08.25-19.16.31:519][198]PIE:Error: Error Blueprint Runtime Error: Accessed None trying to read property K2Node_Event_Other from function: 'ExecuteUbergraph_BP_CatapultRock' from node: Branch in graph: EventGraph in object: BP_CatapultRock with description: Accessed None trying to read property K2Node_Event_Other
[2017.08.25-19.16.32:525][307]LogBlueprintUserMessages: [Catapult_C_0] Handle1
[2017.08.25-19.16.32:526][307]LogScript:Warning: Accessed None trying to read property Catapult
	SoldierAI_C /Game/Vive/Maps/UEDPIE_0_default.default:PersistentLevel.SoldierAI_C_0
	Function /Game/Vive/Blueprints/AI/SoldierAI.SoldierAI_C:ExecuteUbergraph_SoldierAI:04C2
[2017.08.25-19.16.32:526][307]PIE:Error: Error Blueprint Runtime Error: Accessed None trying to read property Catapult from function: 'ExecuteUbergraph_SoldierAI' from node: Branch in graph: EventGraph in object: SoldierAI with description: Accessed None trying to read property Catapult
[2017.08.25-19.16.32:690][324]LogBlueprintUserMessages: [Catapult_C_0] Handle2
[2017.08.25-19.16.34:786][552]LogScript:Warning: Accessed None trying to read property K2Node_Event_Other
	BP_CatapultRock_C /Game/Vive/Maps/UEDPIE_0_default.default:PersistentLevel.BP_CatapultRock2_178
	Function /Game/Vive/Blueprints/CatapultProjectiles/BP_CatapultRock.BP_CatapultRock_C:ExecuteUbergraph_BP_CatapultRock:0020
[2017.08.25-19.16.34:787][552]PIE:Error: Error Blueprint Runtime Error: Accessed None trying to read property K2Node_Event_Other from function: 'ExecuteUbergraph_BP_CatapultRock' from node: Branch in graph: EventGraph in object: BP_CatapultRock with description: Accessed None trying to read property K2Node_Event_Other
[2017.08.25-19.16.37:870][865]Cmd: CAMERA ALIGN ACTIVEVIEWPORTONLY
[2017.08.25-19.16.39:551][ 51]LogBlueprintUserMessages: Early EndPlayMap Detection: Level '/Game/Vive/Maps/default.default:PersistentLevel' has LevelScriptBlueprint '/Game/Vive/Maps/default.default:PersistentLevel.default' with GeneratedClass '/Game/Vive/Maps/default.default_C' with ClassGeneratedBy '/Game/Vive/Maps/default.default:PersistentLevel.default'
[2017.08.25-19.16.39:587][ 51]LogBlueprintUserMessages: Late EndPlayMap Detection: Level '/Game/Vive/Maps/default.default:PersistentLevel' has LevelScriptBlueprint '/Game/Vive/Maps/default.default:PersistentLevel.default' with GeneratedClass '/Game/Vive/Maps/default.default_C' with ClassGeneratedBy '/Game/Vive/Maps/default.default:PersistentLevel.default'
[2017.08.25-19.16.43:048][453]Cmd: CAMERA ALIGN ACTIVEVIEWPORTONLY
[2017.08.25-19.16.44:305][596]LogTemp: Repeting last play command: Simulate
[2017.08.25-19.16.44:318][596]LogBlueprintUserMessages: Early PlayInEditor Detection: Level '/Game/Vive/Maps/default.default:PersistentLevel' has LevelScriptBlueprint '/Game/Vive/Maps/default.default:PersistentLevel.default' with GeneratedClass '/Game/Vive/Maps/default.default_C' with ClassGeneratedBy '/Game/Vive/Maps/default.default:PersistentLevel.default'
[2017.08.25-19.16.44:318][596]LogPlayLevel: PlayLevel: No blueprints needed recompiling
[2017.08.25-19.16.44:318][596]PIE: New page: SIE session: default (Aug 25, 2017, 5:16:44 AM)
[2017.08.25-19.16.44:318][596]LogPlayLevel: Creating play world package: /Game/Vive/Maps/UEDPIE_0_default
[2017.08.25-19.16.44:449][596]LogPlayLevel: PIE: StaticDuplicateObject took: (0.130467s)
[2017.08.25-19.16.44:450][596]LogAIModule: Creating AISystem for world default
[2017.08.25-19.16.44:450][596]LogPlayLevel: PIE: World Init took: (0.001086s)
[2017.08.25-19.16.44:450][596]LogPlayLevel: PIE: Created PIE world by copying editor world from /Game/Vive/Maps/default.default to /Game/Vive/Maps/UEDPIE_0_default.default (0.132177s)
[2017.08.25-19.16.44:470][596]LogInit: XAudio2 using 'Speakers / Headphones (Realtek Audio)' : 2 channels at 48 kHz using 32 bits per sample (channel mask 0x3)
[2017.08.25-19.16.44:482][596]LogInit: FAudioDevice initialized.
[2017.08.25-19.16.44:515][596]LogLoad: Game class is 'ViveGameMode_C'
[2017.08.25-19.16.44:525][596]LogWorld: Bringing World /Game/Vive/Maps/UEDPIE_0_default.default up for play (max tick rate 0) at 2017.08.25-12.16.44
[2017.08.25-19.16.44:527][596]LogWorld: Bringing up level for play took: 0.010467
[2017.08.25-19.16.44:527][596]LogGameMode: FindPlayerStart: PATHS NOT DEFINED or NO PLAYERSTART with positive rating
[2017.08.25-19.16.44:527][596]LogGameMode:Display: Match State Changed from EnteringMap to WaitingToStart
[2017.08.25-19.16.44:532][596]LogGameState: Match State Changed from EnteringMap to WaitingToStart
[2017.08.25-19.16.44:533][596]PIE: Info Play in editor start time for /Game/Vive/Maps/UEDPIE_0_default -0.204
[2017.08.25-19.16.44:541][596]LogBlueprintUserMessages: Late PlayInEditor Detection: Level '/Game/Vive/Maps/default.default:PersistentLevel' has LevelScriptBlueprint '/Game/Vive/Maps/default.default:PersistentLevel.default' with GeneratedClass '/Game/Vive/Maps/default.default_C' with ClassGeneratedBy '/Game/Vive/Maps/default.default:PersistentLevel.default'
[2017.08.25-19.16.45:048][630]LogScript:Warning: Accessed None trying to read property K2Node_Event_Other
	BP_CatapultRock_C /Game/Vive/Maps/UEDPIE_0_default.default:PersistentLevel.BP_CatapultRock2_178
	Function /Game/Vive/Blueprints/CatapultProjectiles/BP_CatapultRock.BP_CatapultRock_C:ExecuteUbergraph_BP_CatapultRock:0020
[2017.08.25-19.16.45:049][630]PIE:Error: Error Blueprint Runtime Error: Accessed None trying to read property K2Node_Event_Other from function: 'ExecuteUbergraph_BP_CatapultRock' from node: Branch in graph: EventGraph in object: BP_CatapultRock with description: Accessed None trying to read property K2Node_Event_Other
[2017.08.25-19.16.45:060][631]LogScript:Warning: Accessed None trying to read property K2Node_Event_Other
	BP_CatapultRock_C /Game/Vive/Maps/UEDPIE_0_default.default:PersistentLevel.BP_CatapultRock_128
	Function /Game/Vive/Blueprints/CatapultProjectiles/BP_CatapultRock.BP_CatapultRock_C:ExecuteUbergraph_BP_CatapultRock:0020
[2017.08.25-19.16.45:061][631]PIE:Error: Error Blueprint Runtime Error: Accessed None trying to read property K2Node_Event_Other from function: 'ExecuteUbergraph_BP_CatapultRock' from node: Branch in graph: EventGraph in object: BP_CatapultRock with description: Accessed None trying to read property K2Node_Event_Other
[2017.08.25-19.16.46:082][712]LogBlueprintUserMessages: [Catapult_C_0] Handle1
[2017.08.25-19.16.46:083][712]LogScript:Warning: Accessed None trying to read property Catapult
	SoldierAI_C /Game/Vive/Maps/UEDPIE_0_default.default:PersistentLevel.SoldierAI_C_0
	Function /Game/Vive/Blueprints/AI/SoldierAI.SoldierAI_C:ExecuteUbergraph_SoldierAI:04C2
[2017.08.25-19.16.46:083][712]PIE:Error: Error Blueprint Runtime Error: Accessed None trying to read property Catapult from function: 'ExecuteUbergraph_SoldierAI' from node: Branch in graph: EventGraph in object: SoldierAI with description: Accessed None trying to read property Catapult
[2017.08.25-19.16.46:245][725]LogBlueprintUserMessages: [Catapult_C_0] Handle2
[2017.08.25-19.16.47:528][849]LogBlueprintUserMessages: Early EndPlayMap Detection: Level '/Game/Vive/Maps/default.default:PersistentLevel' has LevelScriptBlueprint '/Game/Vive/Maps/default.default:PersistentLevel.default' with GeneratedClass '/Game/Vive/Maps/default.default_C' with ClassGeneratedBy '/Game/Vive/Maps/default.default:PersistentLevel.default'
[2017.08.25-19.16.47:568][849]LogBlueprintUserMessages: Late EndPlayMap Detection: Level '/Game/Vive/Maps/default.default:PersistentLevel' has LevelScriptBlueprint '/Game/Vive/Maps/default.default:PersistentLevel.default' with GeneratedClass '/Game/Vive/Maps/default.default_C' with ClassGeneratedBy '/Game/Vive/Maps/default.default:PersistentLevel.default'
[2017.08.25-19.16.48:243][922]LogTemp: Repeting last play command: Simulate
[2017.08.25-19.16.48:256][922]LogBlueprintUserMessages: Early PlayInEditor Detection: Level '/Game/Vive/Maps/default.default:PersistentLevel' has LevelScriptBlueprint '/Game/Vive/Maps/default.default:PersistentLevel.default' with GeneratedClass '/Game/Vive/Maps/default.default_C' with ClassGeneratedBy '/Game/Vive/Maps/default.default:PersistentLevel.default'
[2017.08.25-19.16.48:256][922]LogPlayLevel: PlayLevel: No blueprints needed recompiling
[2017.08.25-19.16.48:256][922]PIE: New page: SIE session: default (Aug 25, 2017, 5:16:48 AM)
[2017.08.25-19.16.48:257][922]LogPlayLevel: Creating play world package: /Game/Vive/Maps/UEDPIE_0_default
[2017.08.25-19.16.48:386][922]LogPlayLevel: PIE: StaticDuplicateObject took: (0.129561s)
[2017.08.25-19.16.48:386][922]LogAIModule: Creating AISystem for world default
[2017.08.25-19.16.48:387][922]LogPlayLevel: PIE: World Init took: (0.000687s)
[2017.08.25-19.16.48:387][922]LogPlayLevel: PIE: Created PIE world by copying editor world from /Game/Vive/Maps/default.default to /Game/Vive/Maps/UEDPIE_0_default.default (0.130890s)
[2017.08.25-19.16.48:407][922]LogInit: XAudio2 using 'Speakers / Headphones (Realtek Audio)' : 2 channels at 48 kHz using 32 bits per sample (channel mask 0x3)
[2017.08.25-19.16.48:419][922]LogInit: FAudioDevice initialized.
[2017.08.25-19.16.48:453][922]LogLoad: Game class is 'ViveGameMode_C'
[2017.08.25-19.16.48:461][922]LogWorld: Bringing World /Game/Vive/Maps/UEDPIE_0_default.default up for play (max tick rate 0) at 2017.08.25-12.16.48
[2017.08.25-19.16.48:462][922]LogWorld: Bringing up level for play took: 0.008387
[2017.08.25-19.16.48:463][922]LogGameMode: FindPlayerStart: PATHS NOT DEFINED or NO PLAYERSTART with positive rating
[2017.08.25-19.16.48:463][922]LogGameMode:Display: Match State Changed from EnteringMap to WaitingToStart
[2017.08.25-19.16.48:467][922]LogGameState: Match State Changed from EnteringMap to WaitingToStart
[2017.08.25-19.16.48:467][922]PIE: Info Play in editor start time for /Game/Vive/Maps/UEDPIE_0_default -0.269
[2017.08.25-19.16.48:473][922]LogBlueprintUserMessages: Late PlayInEditor Detection: Level '/Game/Vive/Maps/default.default:PersistentLevel' has LevelScriptBlueprint '/Game/Vive/Maps/default.default:PersistentLevel.default' with GeneratedClass '/Game/Vive/Maps/default.default_C' with ClassGeneratedBy '/Game/Vive/Maps/default.default:PersistentLevel.default'
[2017.08.25-19.16.48:989][969]LogScript:Warning: Accessed None trying to read property K2Node_Event_Other
	BP_CatapultRock_C /Game/Vive/Maps/UEDPIE_0_default.default:PersistentLevel.BP_CatapultRock2_178
	Function /Game/Vive/Blueprints/CatapultProjectiles/BP_CatapultRock.BP_CatapultRock_C:ExecuteUbergraph_BP_CatapultRock:0020
[2017.08.25-19.16.48:989][969]PIE:Error: Error Blueprint Runtime Error: Accessed None trying to read property K2Node_Event_Other from function: 'ExecuteUbergraph_BP_CatapultRock' from node: Branch in graph: EventGraph in object: BP_CatapultRock with description: Accessed None trying to read property K2Node_Event_Other
[2017.08.25-19.16.48:998][970]LogScript:Warning: Accessed None trying to read property K2Node_Event_Other
	BP_CatapultRock_C /Game/Vive/Maps/UEDPIE_0_default.default:PersistentLevel.BP_CatapultRock_128
	Function /Game/Vive/Blueprints/CatapultProjectiles/BP_CatapultRock.BP_CatapultRock_C:ExecuteUbergraph_BP_CatapultRock:0020
[2017.08.25-19.16.48:998][970]PIE:Error: Error Blueprint Runtime Error: Accessed None trying to read property K2Node_Event_Other from function: 'ExecuteUbergraph_BP_CatapultRock' from node: Branch in graph: EventGraph in object: BP_CatapultRock with description: Accessed None trying to read property K2Node_Event_Other
[2017.08.25-19.16.49:348][ 12]LogBlueprintUserMessages: Early EndPlayMap Detection: Level '/Game/Vive/Maps/default.default:PersistentLevel' has LevelScriptBlueprint '/Game/Vive/Maps/default.default:PersistentLevel.default' with GeneratedClass '/Game/Vive/Maps/default.default_C' with ClassGeneratedBy '/Game/Vive/Maps/default.default:PersistentLevel.default'
[2017.08.25-19.16.49:387][ 12]LogBlueprintUserMessages: Late EndPlayMap Detection: Level '/Game/Vive/Maps/default.default:PersistentLevel' has LevelScriptBlueprint '/Game/Vive/Maps/default.default:PersistentLevel.default' with GeneratedClass '/Game/Vive/Maps/default.default_C' with ClassGeneratedBy '/Game/Vive/Maps/default.default:PersistentLevel.default'
[2017.08.25-19.16.49:930][ 70]Cmd: CAMERA ALIGN ACTIVEVIEWPORTONLY
[2017.08.25-19.16.51:434][250]LogTemp: Repeting last play command: Simulate
[2017.08.25-19.16.51:448][250]LogBlueprintUserMessages: Early PlayInEditor Detection: Level '/Game/Vive/Maps/default.default:PersistentLevel' has LevelScriptBlueprint '/Game/Vive/Maps/default.default:PersistentLevel.default' with GeneratedClass '/Game/Vive/Maps/default.default_C' with ClassGeneratedBy '/Game/Vive/Maps/default.default:PersistentLevel.default'
[2017.08.25-19.16.51:448][250]LogPlayLevel: PlayLevel: No blueprints needed recompiling
[2017.08.25-19.16.51:448][250]PIE: New page: SIE session: default (Aug 25, 2017, 5:16:51 AM)
[2017.08.25-19.16.51:448][250]LogPlayLevel: Creating play world package: /Game/Vive/Maps/UEDPIE_0_default
[2017.08.25-19.16.51:580][250]LogPlayLevel: PIE: StaticDuplicateObject took: (0.131660s)
[2017.08.25-19.16.51:580][250]LogAIModule: Creating AISystem for world default
[2017.08.25-19.16.51:580][250]LogPlayLevel: PIE: World Init took: (0.000745s)
[2017.08.25-19.16.51:581][250]LogPlayLevel: PIE: Created PIE world by copying editor world from /Game/Vive/Maps/default.default to /Game/Vive/Maps/UEDPIE_0_default.default (0.133247s)
[2017.08.25-19.16.51:603][250]LogInit: XAudio2 using 'Speakers / Headphones (Realtek Audio)' : 2 channels at 48 kHz using 32 bits per sample (channel mask 0x3)
[2017.08.25-19.16.51:614][250]LogInit: FAudioDevice initialized.
[2017.08.25-19.16.51:645][250]LogLoad: Game class is 'ViveGameMode_C'
[2017.08.25-19.16.51:653][250]LogWorld: Bringing World /Game/Vive/Maps/UEDPIE_0_default.default up for play (max tick rate 0) at 2017.08.25-12.16.51
[2017.08.25-19.16.51:654][250]LogWorld: Bringing up level for play took: 0.008490
[2017.08.25-19.16.51:655][250]LogGameMode: FindPlayerStart: PATHS NOT DEFINED or NO PLAYERSTART with positive rating
[2017.08.25-19.16.51:655][250]LogGameMode:Display: Match State Changed from EnteringMap to WaitingToStart
[2017.08.25-19.16.51:659][250]LogGameState: Match State Changed from EnteringMap to WaitingToStart
[2017.08.25-19.16.51:659][250]PIE: Info Play in editor start time for /Game/Vive/Maps/UEDPIE_0_default 0.923
[2017.08.25-19.16.51:665][250]LogBlueprintUserMessages: Late PlayInEditor Detection: Level '/Game/Vive/Maps/default.default:PersistentLevel' has LevelScriptBlueprint '/Game/Vive/Maps/default.default:PersistentLevel.default' with GeneratedClass '/Game/Vive/Maps/default.default_C' with ClassGeneratedBy '/Game/Vive/Maps/default.default:PersistentLevel.default'
[2017.08.25-19.16.52:176][279]LogScript:Warning: Accessed None trying to read property K2Node_Event_Other
	BP_CatapultRock_C /Game/Vive/Maps/UEDPIE_0_default.default:PersistentLevel.BP_CatapultRock2_178
	Function /Game/Vive/Blueprints/CatapultProjectiles/BP_CatapultRock.BP_CatapultRock_C:ExecuteUbergraph_BP_CatapultRock:0020
[2017.08.25-19.16.52:176][279]PIE:Error: Error Blueprint Runtime Error: Accessed None trying to read property K2Node_Event_Other from function: 'ExecuteUbergraph_BP_CatapultRock' from node: Branch in graph: EventGraph in object: BP_CatapultRock with description: Accessed None trying to read property K2Node_Event_Other
[2017.08.25-19.16.52:202][281]LogScript:Warning: Accessed None trying to read property K2Node_Event_Other
	BP_CatapultRock_C /Game/Vive/Maps/UEDPIE_0_default.default:PersistentLevel.BP_CatapultRock_128
	Function /Game/Vive/Blueprints/CatapultProjectiles/BP_CatapultRock.BP_CatapultRock_C:ExecuteUbergraph_BP_CatapultRock:0020
[2017.08.25-19.16.52:202][281]PIE:Error: Error Blueprint Runtime Error: Accessed None trying to read property K2Node_Event_Other from function: 'ExecuteUbergraph_BP_CatapultRock' from node: Branch in graph: EventGraph in object: BP_CatapultRock with description: Accessed None trying to read property K2Node_Event_Other
[2017.08.25-19.16.53:210][374]LogBlueprintUserMessages: [Catapult_C_0] Handle1
[2017.08.25-19.16.53:210][374]LogScript:Warning: Accessed None trying to read property Catapult
	SoldierAI_C /Game/Vive/Maps/UEDPIE_0_default.default:PersistentLevel.SoldierAI_C_0
	Function /Game/Vive/Blueprints/AI/SoldierAI.SoldierAI_C:ExecuteUbergraph_SoldierAI:04C2
[2017.08.25-19.16.53:210][374]PIE:Error: Error Blueprint Runtime Error: Accessed None trying to read property Catapult from function: 'ExecuteUbergraph_SoldierAI' from node: Branch in graph: EventGraph in object: SoldierAI with description: Accessed None trying to read property Catapult
[2017.08.25-19.16.53:372][387]LogBlueprintUserMessages: [Catapult_C_0] Handle2
[2017.08.25-19.16.54:388][499]LogBlueprintUserMessages: Early EndPlayMap Detection: Level '/Game/Vive/Maps/default.default:PersistentLevel' has LevelScriptBlueprint '/Game/Vive/Maps/default.default:PersistentLevel.default' with GeneratedClass '/Game/Vive/Maps/default.default_C' with ClassGeneratedBy '/Game/Vive/Maps/default.default:PersistentLevel.default'
[2017.08.25-19.16.54:430][499]LogBlueprintUserMessages: Late EndPlayMap Detection: Level '/Game/Vive/Maps/default.default:PersistentLevel' has LevelScriptBlueprint '/Game/Vive/Maps/default.default:PersistentLevel.default' with GeneratedClass '/Game/Vive/Maps/default.default_C' with ClassGeneratedBy '/Game/Vive/Maps/default.default:PersistentLevel.default'
[2017.08.25-19.17.05:661][784]LogEditorActor: Deleted Actor: ArcherAIArrow_C
[2017.08.25-19.17.05:662][784]LogEditorActor: Deleted Actor: ArcherAIArrow_C
[2017.08.25-19.17.05:663][784]LogEditorActor: Deleted Actor: ArcherAIArrow_C
[2017.08.25-19.17.05:675][784]LogEditorActor: Deleted 3 Actors (0.020 secs)
[2017.08.25-19.17.06:228][849]LogTemp: Repeting last play command: Simulate
[2017.08.25-19.17.06:242][849]LogBlueprintUserMessages: Early PlayInEditor Detection: Level '/Game/Vive/Maps/default.default:PersistentLevel' has LevelScriptBlueprint '/Game/Vive/Maps/default.default:PersistentLevel.default' with GeneratedClass '/Game/Vive/Maps/default.default_C' with ClassGeneratedBy '/Game/Vive/Maps/default.default:PersistentLevel.default'
[2017.08.25-19.17.06:242][849]LogPlayLevel: PlayLevel: No blueprints needed recompiling
[2017.08.25-19.17.06:242][849]PIE: New page: SIE session: default (Aug 25, 2017, 5:17:06 AM)
[2017.08.25-19.17.06:242][849]LogPlayLevel: Creating play world package: /Game/Vive/Maps/UEDPIE_0_default
[2017.08.25-19.17.06:374][849]LogPlayLevel: PIE: StaticDuplicateObject took: (0.131390s)
[2017.08.25-19.17.06:374][849]LogAIModule: Creating AISystem for world default
[2017.08.25-19.17.06:375][849]LogPlayLevel: PIE: World Init took: (0.000726s)
[2017.08.25-19.17.06:375][849]LogPlayLevel: PIE: Created PIE world by copying editor world from /Game/Vive/Maps/default.default to /Game/Vive/Maps/UEDPIE_0_default.default (0.132615s)
[2017.08.25-19.17.06:392][849]LogInit: XAudio2 using 'Speakers / Headphones (Realtek Audio)' : 2 channels at 48 kHz using 32 bits per sample (channel mask 0x3)
[2017.08.25-19.17.06:406][849]LogInit: FAudioDevice initialized.
[2017.08.25-19.17.06:433][849]LogLoad: Game class is 'ViveGameMode_C'
[2017.08.25-19.17.06:441][849]LogWorld: Bringing World /Game/Vive/Maps/UEDPIE_0_default.default up for play (max tick rate 0) at 2017.08.25-12.17.06
[2017.08.25-19.17.06:442][849]LogWorld: Bringing up level for play took: 0.008479
[2017.08.25-19.17.06:443][849]LogGameMode: FindPlayerStart: PATHS NOT DEFINED or NO PLAYERSTART with positive rating
[2017.08.25-19.17.06:443][849]LogGameMode:Display: Match State Changed from EnteringMap to WaitingToStart
[2017.08.25-19.17.06:447][849]LogGameState: Match State Changed from EnteringMap to WaitingToStart
[2017.08.25-19.17.06:447][849]PIE: Info Play in editor start time for /Game/Vive/Maps/UEDPIE_0_default -0.289
[2017.08.25-19.17.06:450][849]LogBlueprintUserMessages: Late PlayInEditor Detection: Level '/Game/Vive/Maps/default.default:PersistentLevel' has LevelScriptBlueprint '/Game/Vive/Maps/default.default:PersistentLevel.default' with GeneratedClass '/Game/Vive/Maps/default.default_C' with ClassGeneratedBy '/Game/Vive/Maps/default.default:PersistentLevel.default'
[2017.08.25-19.17.06:976][889]LogScript:Warning: Accessed None trying to read property K2Node_Event_Other
	BP_CatapultRock_C /Game/Vive/Maps/UEDPIE_0_default.default:PersistentLevel.BP_CatapultRock2_178
	Function /Game/Vive/Blueprints/CatapultProjectiles/BP_CatapultRock.BP_CatapultRock_C:ExecuteUbergraph_BP_CatapultRock:0020
[2017.08.25-19.17.06:976][889]PIE:Error: Error Blueprint Runtime Error: Accessed None trying to read property K2Node_Event_Other from function: 'ExecuteUbergraph_BP_CatapultRock' from node: Branch in graph: EventGraph in object: BP_CatapultRock with description: Accessed None trying to read property K2Node_Event_Other
[2017.08.25-19.17.06:984][890]LogScript:Warning: Accessed None trying to read property K2Node_Event_Other
	BP_CatapultRock_C /Game/Vive/Maps/UEDPIE_0_default.default:PersistentLevel.BP_CatapultRock_128
	Function /Game/Vive/Blueprints/CatapultProjectiles/BP_CatapultRock.BP_CatapultRock_C:ExecuteUbergraph_BP_CatapultRock:0020
[2017.08.25-19.17.06:985][890]PIE:Error: Error Blueprint Runtime Error: Accessed None trying to read property K2Node_Event_Other from function: 'ExecuteUbergraph_BP_CatapultRock' from node: Branch in graph: EventGraph in object: BP_CatapultRock with description: Accessed None trying to read property K2Node_Event_Other
[2017.08.25-19.17.07:997][987]LogBlueprintUserMessages: [Catapult_C_0] Handle1
[2017.08.25-19.17.07:997][987]LogScript:Warning: Accessed None trying to read property Catapult
	SoldierAI_C /Game/Vive/Maps/UEDPIE_0_default.default:PersistentLevel.SoldierAI_C_0
	Function /Game/Vive/Blueprints/AI/SoldierAI.SoldierAI_C:ExecuteUbergraph_SoldierAI:04C2
[2017.08.25-19.17.07:997][987]PIE:Error: Error Blueprint Runtime Error: Accessed None trying to read property Catapult from function: 'ExecuteUbergraph_SoldierAI' from node: Branch in graph: EventGraph in object: SoldierAI with description: Accessed None trying to read property Catapult
[2017.08.25-19.17.08:161][  2]LogBlueprintUserMessages: [Catapult_C_0] Handle2
[2017.08.25-19.17.10:107][200]LogScript:Warning: Accessed None trying to read property K2Node_Event_Other
	BP_CatapultRock_C /Game/Vive/Maps/UEDPIE_0_default.default:PersistentLevel.BP_CatapultRock2_178
	Function /Game/Vive/Blueprints/CatapultProjectiles/BP_CatapultRock.BP_CatapultRock_C:ExecuteUbergraph_BP_CatapultRock:0020
[2017.08.25-19.17.10:108][200]PIE:Error: Error Blueprint Runtime Error: Accessed None trying to read property K2Node_Event_Other from function: 'ExecuteUbergraph_BP_CatapultRock' from node: Branch in graph: EventGraph in object: BP_CatapultRock with description: Accessed None trying to read property K2Node_Event_Other
[2017.08.25-19.18.10:898][134]LogBlueprintUserMessages: [BP_CatapultRock_C_0] HitDoor
[2017.08.25-19.18.17:908][773]LogBlueprintUserMessages: [BP_CatapultRock_C_1] HitDoor
[2017.08.25-19.18.24:912][419]LogBlueprintUserMessages: [BP_CatapultRock_C_2] HitDoor
[2017.08.25-19.18.26:254][558]LogBlueprintUserMessages: Early EndPlayMap Detection: Level '/Game/Vive/Maps/default.default:PersistentLevel' has LevelScriptBlueprint '/Game/Vive/Maps/default.default:PersistentLevel.default' with GeneratedClass '/Game/Vive/Maps/default.default_C' with ClassGeneratedBy '/Game/Vive/Maps/default.default:PersistentLevel.default'
[2017.08.25-19.18.26:291][558]LogBlueprintUserMessages: Late EndPlayMap Detection: Level '/Game/Vive/Maps/default.default:PersistentLevel' has LevelScriptBlueprint '/Game/Vive/Maps/default.default:PersistentLevel.default' with GeneratedClass '/Game/Vive/Maps/default.default_C' with ClassGeneratedBy '/Game/Vive/Maps/default.default:PersistentLevel.default'
[2017.08.25-19.18.59:233][443]LogEditorViewport: Clicking on Actor (LMB): BP_CatapultRock_C (BP_CatapultRock)
[2017.08.25-19.18.59:561][470]LogEditorViewport: Clicking on Actor (LMB): BP_CatapultRock_C (BP_CatapultRock)
[2017.08.25-19.19.15:458][735]Cmd: OBJ SAVEPACKAGE PACKAGE="/Game/Vive/Maps/default" FILE="D:/CastleGuardCurrent/CastleGuardPhase2/CastleGuardReborn/Content/Vive/Maps/default.umap" SILENT=true AUTOSAVING=false KEEPDIRTY=false
[2017.08.25-19.19.17:554][735]LogSlate: Took 0.000109 seconds to synchronously load lazily loaded font '../../../Engine/Content/Slate/Fonts/Roboto-Regular.ttf' (155K)
[2017.08.25-19.19.18:115][735]LogSavePackage: Save=2626.39ms
[2017.08.25-19.19.18:115][735]LogSavePackage: Moving 'D:/CastleGuardCurrent/CastleGuardPhase2/CastleGuardReborn/Saved/default992842004E69847C1181FAA311970E2F.tmp' to 'D:/CastleGuardCurrent/CastleGuardPhase2/CastleGuardReborn/Content/Vive/Maps/default.umap'
[2017.08.25-19.19.18:120][735]LogSavePackage:Display: Finished SavePackage D:/CastleGuardCurrent/CastleGuardPhase2/CastleGuardReborn/Content/Vive/Maps/default.umap
[2017.08.25-19.19.18:141][735]LogFileHelpers: Saving map 'default' took 2.723
[2017.08.25-19.19.18:158][735]Cmd: OBJ SAVEPACKAGE PACKAGE="/Game/Vive/Blueprints/AI/ArcherAIArrow" FILE="D:/CastleGuardCurrent/CastleGuardPhase2/CastleGuardReborn/Content/Vive/Blueprints/AI/ArcherAIArrow.uasset" SILENT=true
[2017.08.25-19.19.18:209][735]LogSavePackage: Save=46.55ms
[2017.08.25-19.19.18:209][735]LogSavePackage: Moving 'D:/CastleGuardCurrent/CastleGuardPhase2/CastleGuardReborn/Saved/ArcherAIArrow877F29B14D8E4C633E27A09CACACE056.tmp' to 'D:/CastleGuardCurrent/CastleGuardPhase2/CastleGuardReborn/Content/Vive/Blueprints/AI/ArcherAIArrow.uasset'
[2017.08.25-19.19.18:210][735]LogSavePackage:Display: Finished SavePackage D:/CastleGuardCurrent/CastleGuardPhase2/CastleGuardReborn/Content/Vive/Blueprints/AI/ArcherAIArrow.uasset
[2017.08.25-19.21.03:919][511]LogActorComponent: UnregisterComponent: (/Engine/Transient.EditorFloorComp) Not registered. Aborting.
[2017.08.25-19.21.04:127][512]Cmd: QUIT_EDITOR
[2017.08.25-19.21.04:264][512]LogWindowsTextInputMethodSystem:Display: IME system now deactivated.
[2017.08.25-19.21.04:270][512]LogExit: Preparing to exit.
[2017.08.25-19.21.05:572][512]LogExit: Editor shut down
[2017.08.25-19.21.05:575][512]LogExit: Transaction tracking system shut down
[2017.08.25-19.21.05:668][512]LogObj: Freed 0b from 0 cluster array pools.
[2017.08.25-19.21.05:668][512]LogExit: Object subsystem successfully closed.
[2017.08.25-19.21.05:685][512]LogD3D11RHI: Shutdown
[2017.08.25-19.21.05:685][512]LogD3D11RHI: CleanupD3DDevice
[2017.08.25-19.21.05:749][512]LogD3D11RHI: ~FD3D11DynamicRHI
[2017.08.25-19.21.05:766][512]LogModuleManager: Shutting down and abandoning module BlueprintGraph (530)
[2017.08.25-19.21.05:766][512]LogModuleManager: Shutting down and abandoning module BlueprintProfiler (528)
[2017.08.25-19.21.05:766][512]LogModuleManager: Shutting down and abandoning module MovieSceneCapture (526)
[2017.08.25-19.21.05:766][512]LogModuleManager: Shutting down and abandoning module HierarchicalLODOutliner (524)
[2017.08.25-19.21.05:766][512]LogModuleManager: Shutting down and abandoning module CrashTracker (522)
[2017.08.25-19.21.05:766][512]LogModuleManager: Shutting down and abandoning module SceneOutliner (520)
[2017.08.25-19.21.05:766][512]LogModuleManager: Shutting down and abandoning module AddContentDialog (518)
[2017.08.25-19.21.05:766][512]LogDirectoryWatcher: A directory notification for 'C:/Program Files/Epic Games/UE_4.16/FeaturePacks/' was aborted.
[2017.08.25-19.21.05:767][512]LogModuleManager: Shutting down and abandoning module WidgetCarousel (517)
[2017.08.25-19.21.05:767][512]LogModuleManager: Shutting down and abandoning module EditorWidgets (514)
[2017.08.25-19.21.05:767][512]LogModuleManager: Shutting down and abandoning module CollectionManager (512)
[2017.08.25-19.21.05:767][512]LogDirectoryWatcher: A directory notification for 'D:/CastleGuardCurrent/CastleGuardPhase2/CastleGuardReborn/Content/Collections/' was aborted.
[2017.08.25-19.21.05:767][512]LogDirectoryWatcher: A directory notification for 'D:/CastleGuardCurrent/CastleGuardPhase2/CastleGuardReborn/Content/Developers/studentuser/Collections/' was aborted.
[2017.08.25-19.21.05:767][512]LogDirectoryWatcher: A directory notification for 'D:/CastleGuardCurrent/CastleGuardPhase2/CastleGuardReborn/Saved/Collections/' was aborted.
[2017.08.25-19.21.05:767][512]LogModuleManager: Shutting down and abandoning module StatsViewer (510)
[2017.08.25-19.21.05:767][512]LogModuleManager: Shutting down and abandoning module FoliageEdit (508)
[2017.08.25-19.21.05:767][512]LogModuleManager: Shutting down and abandoning module LandscapeEditor (506)
[2017.08.25-19.21.05:768][512]LogModuleManager: Shutting down and abandoning module MeshPaintMode (504)
[2017.08.25-19.21.05:768][512]LogModuleManager: Shutting down and abandoning module SceneDepthPickerMode (502)
[2017.08.25-19.21.05:768][512]LogModuleManager: Shutting down and abandoning module ActorPickerMode (500)
[2017.08.25-19.21.05:768][512]LogModuleManager: Shutting down and abandoning module GeometryMode (498)
[2017.08.25-19.21.05:768][512]LogModuleManager: Shutting down and abandoning module TextureAlignMode (496)
[2017.08.25-19.21.05:768][512]LogModuleManager: Shutting down and abandoning module BspMode (494)
[2017.08.25-19.21.05:768][512]LogModuleManager: Shutting down and abandoning module HardwareSurvey (492)
[2017.08.25-19.21.05:768][512]LogModuleManager: Shutting down and abandoning module SequenceRecorderSections (490)
[2017.08.25-19.21.05:768][512]LogModuleManager: Shutting down and abandoning module AutomationWorker (488)
[2017.08.25-19.21.05:768][512]LogModuleManager: Shutting down and abandoning module MatineeToLevelSequence (486)
[2017.08.25-19.21.05:768][512]LogModuleManager: Shutting down and abandoning module LevelSequenceEditor (484)
[2017.08.25-19.21.05:768][512]LogModuleManager: Shutting down and abandoning module PlacementMode (483)
[2017.08.25-19.21.05:768][512]LogModuleManager: Shutting down and abandoning module WmfMediaFactory (480)
[2017.08.25-19.21.05:768][512]LogModuleManager: Shutting down and abandoning module WmfMediaEditor (478)
[2017.08.25-19.21.05:768][512]LogModuleManager: Shutting down and abandoning module AvfMediaFactory (476)
[2017.08.25-19.21.05:768][512]LogModuleManager: Shutting down and abandoning module AvfMediaEditor (474)
[2017.08.25-19.21.05:768][512]LogModuleManager: Shutting down and abandoning module AndroidMediaFactory (472)
[2017.08.25-19.21.05:768][512]LogModuleManager: Shutting down and abandoning module Media (471)
[2017.08.25-19.21.05:768][512]LogModuleManager: Shutting down and abandoning module AndroidMediaEditor (468)
[2017.08.25-19.21.05:768][512]LogModuleManager: Shutting down and abandoning module CharacterAI (466)
[2017.08.25-19.21.05:768][512]LogModuleManager: Shutting down and abandoning module AudioCapture (464)
[2017.08.25-19.21.05:768][512]LogModuleManager: Shutting down and abandoning module SequenceRecorder (463)
[2017.08.25-19.21.05:768][512]LogModuleManager: Shutting down and abandoning module SmartSnapping (460)
[2017.08.25-19.21.05:768][512]LogModuleManager: Shutting down and abandoning module SessionServices (458)
[2017.08.25-19.21.05:768][512]LogModuleManager: Shutting down and abandoning module ViewportSnapping (456)
[2017.08.25-19.21.05:768][512]LogModuleManager: Shutting down and abandoning module ViewportInteraction (454)
[2017.08.25-19.21.05:768][512]LogModuleManager: Shutting down and abandoning module ClothPainter (452)
[2017.08.25-19.21.05:769][512]LogModuleManager: Shutting down and abandoning module LogVisualizer (450)
[2017.08.25-19.21.05:769][512]LogModuleManager: Shutting down and abandoning module IntroTutorials (448)
[2017.08.25-19.21.05:769][512]LogModuleManager: Shutting down and abandoning module GameProjectGeneration (447)
[2017.08.25-19.21.05:770][512]LogModuleManager: Shutting down and abandoning module EditorLiveStreaming (444)
[2017.08.25-19.21.05:770][512]LogModuleManager: Shutting down and abandoning module IOSPlatformEditor (442)
[2017.08.25-19.21.05:770][512]LogModuleManager: Shutting down and abandoning module HTML5PlatformEditor (440)
[2017.08.25-19.21.05:770][512]LogModuleManager: Shutting down and abandoning module AndroidPlatformEditor (438)
[2017.08.25-19.21.05:770][512]LogModuleManager: Shutting down and abandoning module AndroidDeviceDetection (437)
[2017.08.25-19.21.06:371][512]LogModuleManager: Shutting down and abandoning module IOSRuntimeSettings (434)
[2017.08.25-19.21.06:371][512]LogModuleManager: Shutting down and abandoning module AndroidRuntimeSettings (432)
[2017.08.25-19.21.06:371][512]LogModuleManager: Shutting down and abandoning module InputBindingEditor (430)
[2017.08.25-19.21.06:381][512]LogModuleManager: Shutting down and abandoning module MergeActors (428)
[2017.08.25-19.21.06:381][512]LogModuleManager: Shutting down and abandoning module SizeMap (426)
[2017.08.25-19.21.06:381][512]LogModuleManager: Shutting down and abandoning module TreeMap (424)
[2017.08.25-19.21.06:381][512]LogModuleManager: Shutting down and abandoning module ReferenceViewer (422)
[2017.08.25-19.21.06:381][512]LogModuleManager: Shutting down and abandoning module LocalizationDashboard (420)
[2017.08.25-19.21.06:382][512]LogModuleManager: Shutting down and abandoning module LocalizationService (419)
[2017.08.25-19.21.06:382][512]LogModuleManager: Shutting down and abandoning module HardwareTargeting (416)
[2017.08.25-19.21.06:382][512]LogModuleManager: Shutting down and abandoning module DeviceProfileEditor (414)
[2017.08.25-19.21.06:382][512]LogModuleManager: Shutting down and abandoning module UndoHistory (412)
[2017.08.25-19.21.06:382][512]LogModuleManager: Shutting down and abandoning module UserFeedback (410)
[2017.08.25-19.21.06:382][512]LogModuleManager: Shutting down and abandoning module XmlParser (408)
[2017.08.25-19.21.06:382][512]LogModuleManager: Shutting down and abandoning module Blutility (406)
[2017.08.25-19.21.06:382][512]LogModuleManager: Shutting down and abandoning module ProjectSettingsViewer (404)
[2017.08.25-19.21.06:382][512]LogModuleManager: Shutting down and abandoning module ProjectTargetPlatformEditor (403)
[2017.08.25-19.21.06:382][512]LogModuleManager: Shutting down and abandoning module EditorSettingsViewer (400)
[2017.08.25-19.21.06:382][512]LogModuleManager: Shutting down and abandoning module SettingsEditor (398)
[2017.08.25-19.21.06:382][512]LogModuleManager: Shutting down and abandoning module ProjectLauncher (396)
[2017.08.25-19.21.06:383][512]LogModuleManager: Shutting down and abandoning module SessionFrontend (394)
[2017.08.25-19.21.06:383][512]LogModuleManager: Shutting down and abandoning module ProfilerClient (392)
[2017.08.25-19.21.06:384][512]LogModuleManager: Shutting down and abandoning module DeviceManager (390)
[2017.08.25-19.21.06:384][512]LogModuleManager: Shutting down and abandoning module TargetDeviceServices (389)
[2017.08.25-19.21.06:449][512]LogModuleManager: Shutting down and abandoning module AutomationController (386)
[2017.08.25-19.21.06:449][512]LogModuleManager: Shutting down and abandoning module AutomationWindow (384)
[2017.08.25-19.21.06:450][512]LogModuleManager: Shutting down and abandoning module Layers (382)
[2017.08.25-19.21.06:451][512]LogModuleManager: Shutting down and abandoning module ComponentVisualizers (380)
[2017.08.25-19.21.06:451][512]LogModuleManager: Shutting down and abandoning module DetailCustomizations (378)
[2017.08.25-19.21.06:451][512]LogModuleManager: Shutting down and abandoning module PackagesDialog (376)
[2017.08.25-19.21.06:452][512]LogModuleManager: Shutting down and abandoning module Persona (374)
[2017.08.25-19.21.06:452][512]LogModuleManager: Shutting down and abandoning module AdvancedPreviewScene (373)
[2017.08.25-19.21.06:452][512]LogModuleManager: Shutting down and abandoning module AnimGraph (371)
[2017.08.25-19.21.06:452][512]LogModuleManager: Shutting down and abandoning module Kismet (368)
[2017.08.25-19.21.06:457][512]LogModuleManager: Shutting down and abandoning module ClassViewer (366)
[2017.08.25-19.21.06:457][512]LogModuleManager: Shutting down and abandoning module Toolbox (364)
[2017.08.25-19.21.06:457][512]LogModuleManager: Shutting down and abandoning module ModuleUI (362)
[2017.08.25-19.21.06:457][512]LogModuleManager: Shutting down and abandoning module MovieSceneTools (360)
[2017.08.25-19.21.06:458][512]LogModuleManager: Shutting down and abandoning module OutputLog (358)
[2017.08.25-19.21.06:458][512]LogModuleManager: Shutting down and abandoning module GammaUI (356)
[2017.08.25-19.21.06:458][512]LogModuleManager: Shutting down and abandoning module Documentation (354)
[2017.08.25-19.21.06:458][512]LogModuleManager: Shutting down and abandoning module MovieSceneTracks (352)
[2017.08.25-19.21.06:458][512]LogModuleManager: Shutting down and abandoning module MovieScene (350)
[2017.08.25-19.21.06:458][512]LogModuleManager: Shutting down and abandoning module Niagara (348)
[2017.08.25-19.21.06:458][512]LogModuleManager: Shutting down and abandoning module NiagaraEditor (347)
[2017.08.25-19.21.06:459][512]LogModuleManager: Shutting down and abandoning module StreamingPauseRendering (344)
[2017.08.25-19.21.06:459][512]LogModuleManager: Shutting down and abandoning module AnalyticsET (342)
[2017.08.25-19.21.06:459][512]LogModuleManager: Shutting down and abandoning module PortalServices (340)
[2017.08.25-19.21.06:459][512]LogModuleManager: Shutting down and abandoning module PortalRpc (338)
[2017.08.25-19.21.06:459][512]LogModuleManager: Shutting down and abandoning module MessagingRpc (336)
[2017.08.25-19.21.06:459][512]LogModuleManager: Shutting down and abandoning module AIModule (334)
[2017.08.25-19.21.06:459][512]LogModuleManager: Shutting down and abandoning module GameplayDebugger (333)
[2017.08.25-19.21.06:459][512]LogModuleManager: Shutting down and abandoning module AITestSuite (331)
[2017.08.25-19.21.06:459][512]LogModuleManager: Shutting down and abandoning module ProfilerService (328)
[2017.08.25-19.21.06:647][512]LogModuleManager: Shutting down and abandoning module TaskGraph (326)
[2017.08.25-19.21.06:657][512]LogModuleManager: Shutting down and abandoning module SteamVRController (324)
[2017.08.25-19.21.06:657][512]LogModuleManager: Shutting down and abandoning module SteamVR (322)
[2017.08.25-19.21.06:657][512]LogModuleManager: Shutting down and abandoning module ProceduralMeshComponentEditor (320)
[2017.08.25-19.21.06:657][512]LogModuleManager: Shutting down and abandoning module ProceduralMeshComponent (318)
[2017.08.25-19.21.06:657][512]LogModuleManager: Shutting down and abandoning module OculusLibrary (316)
[2017.08.25-19.21.06:657][512]LogModuleManager: Shutting down and abandoning module OculusInput (314)
[2017.08.25-19.21.06:657][512]LogModuleManager: Shutting down and abandoning module MobilePatchingUtils (312)
[2017.08.25-19.21.06:657][512]LogModuleManager: Shutting down and abandoning module CustomMeshComponent (310)
[2017.08.25-19.21.06:657][512]LogModuleManager: Shutting down and abandoning module CableComponent (308)
[2017.08.25-19.21.06:657][512]LogModuleManager: Shutting down and abandoning module ArchVisCharacter (306)
[2017.08.25-19.21.06:657][512]LogModuleManager: Shutting down and abandoning module AndroidPermission (304)
[2017.08.25-19.21.06:657][512]LogModuleManager: Shutting down and abandoning module MediaPlayerEditor (300)
[2017.08.25-19.21.06:657][512]LogModuleManager: Shutting down and abandoning module HTML5Networking (298)
[2017.08.25-19.21.06:657][512]LogModuleManager: Shutting down and abandoning module AlembicImporter (296)
[2017.08.25-19.21.06:658][512]LogModuleManager: Shutting down and abandoning module AlembicLibrary (295)
[2017.08.25-19.21.06:658][512]LogModuleManager: Shutting down and abandoning module GeometryCache (294)
[2017.08.25-19.21.06:658][512]LogModuleManager: Shutting down and abandoning module GeometryCacheEd (293)
[2017.08.25-19.21.06:658][512]LogModuleManager: Shutting down and abandoning module SuperSearchEditor (288)
[2017.08.25-19.21.06:658][512]LogModuleManager: Shutting down and abandoning module SuperSearch (287)
[2017.08.25-19.21.06:658][512]LogModuleManager: Shutting down and abandoning module SpeedTreeImporter (284)
[2017.08.25-19.21.06:658][512]LogModuleManager: Shutting down and abandoning module PluginBrowser (282)
[2017.08.25-19.21.06:658][512]LogModuleManager: Shutting down and abandoning module MobileLauncherProfileWizard (280)
[2017.08.25-19.21.06:658][512]LogModuleManager: Shutting down and abandoning module VisualStudioSourceCodeAccess (278)
[2017.08.25-19.21.06:658][512]LogModuleManager: Shutting down and abandoning module DesktopPlatform (277)
[2017.08.25-19.21.06:658][512]LogModuleManager: Shutting down and abandoning module UObjectPlugin (274)
[2017.08.25-19.21.06:658][512]LogModuleManager: Shutting down and abandoning module SubversionSourceControl (272)
[2017.08.25-19.21.06:658][512]LogModuleManager: Shutting down and abandoning module PerforceSourceControl (270)
[2017.08.25-19.21.06:658][512]LogModuleManager: Shutting down and abandoning module GitSourceControl (268)
[2017.08.25-19.21.06:658][512]LogModuleManager: Shutting down and abandoning module SourceControl (267)
[2017.08.25-19.21.06:658][512]LogModuleManager: Shutting down and abandoning module LightPropagationVolumeEditor (264)
[2017.08.25-19.21.06:658][512]LogModuleManager: Shutting down and abandoning module PaperTiledImporter (262)
[2017.08.25-19.21.06:658][512]LogModuleManager: Shutting down and abandoning module PaperSpriteSheetImporter (260)
[2017.08.25-19.21.06:658][512]LogModuleManager: Shutting down and abandoning module Paper2DEditor (258)
[2017.08.25-19.21.06:658][512]LogModuleManager: Shutting down and abandoning module MeshPaint (257)
[2017.08.25-19.21.06:658][512]LogModuleManager: Shutting down and abandoning module LevelEditor (255)
[2017.08.25-19.21.06:658][512]LogModuleManager: Shutting down and abandoning module PixelInspectorModule (254)
[2017.08.25-19.21.06:658][512]LogModuleManager: Shutting down and abandoning module MainFrame (252)
[2017.08.25-19.21.06:658][512]LogModuleManager: Shutting down and abandoning module HotReload (251)
[2017.08.25-19.21.06:659][512]LogModuleManager: Shutting down and abandoning module PhysXVehiclesEditor (246)
[2017.08.25-19.21.06:659][512]LogModuleManager: Shutting down and abandoning module PhysXVehicles (244)
[2017.08.25-19.21.06:659][512]LogModuleManager: Shutting down and abandoning module LocationServicesBPLibrary (242)
[2017.08.25-19.21.06:659][512]LogModuleManager: Shutting down and abandoning module ImmediatePhysicsEditor (240)
[2017.08.25-19.21.06:659][512]LogModuleManager: Shutting down and abandoning module ImmediatePhysics (238)
[2017.08.25-19.21.06:659][512]LogModuleManager: Shutting down and abandoning module UdpMessaging (236)
[2017.08.25-19.21.06:760][512]LogModuleManager: Shutting down and abandoning module TcpMessaging (234)
[2017.08.25-19.21.06:860][512]LogModuleManager: Shutting down and abandoning module GameplayTagsEditor (232)
[2017.08.25-19.21.06:869][512]LogModuleManager: Shutting down and abandoning module FacialAnimationEditor (230)
[2017.08.25-19.21.06:869][512]LogModuleManager: Shutting down and abandoning module FacialAnimation (228)
[2017.08.25-19.21.06:869][512]LogModuleManager: Shutting down and abandoning module AssetManagerEditor (226)
[2017.08.25-19.21.06:869][512]LogModuleManager: Shutting down and abandoning module GraphEditor (225)
[2017.08.25-19.21.06:869][512]LogModuleManager: Shutting down and abandoning module ContentBrowser (223)
[2017.08.25-19.21.06:869][512]LogModuleManager: Shutting down and abandoning module LightPropagationVolumeRuntime (220)
[2017.08.25-19.21.06:869][512]LogModuleManager: Shutting down and abandoning module Paper2D (218)
[2017.08.25-19.21.06:869][512]LogModuleManager: Shutting down and abandoning module WindowsMoviePlayer (216)
[2017.08.25-19.21.06:869][512]LogModuleManager: Shutting down and abandoning module WmfMedia (214)
[2017.08.25-19.21.06:869][512]LogModuleManager: Shutting down and abandoning module ClothingSystemEditor (212)
[2017.08.25-19.21.06:869][512]LogModuleManager: Shutting down and abandoning module ClothingSystemRuntime (210)
[2017.08.25-19.21.06:870][512]LogModuleManager: Shutting down and abandoning module MediaAssets (208)
[2017.08.25-19.21.06:870][512]LogModuleManager: Shutting down and abandoning module GameLiveStreaming (206)
[2017.08.25-19.21.06:870][512]LogModuleManager: Shutting down and abandoning module VREditor (204)
[2017.08.25-19.21.06:870][512]LogModuleManager: Shutting down and abandoning module StringTableEditor (202)
[2017.08.25-19.21.06:870][512]LogModuleManager: Shutting down and abandoning module GameplayTasksEditor (200)
[2017.08.25-19.21.06:870][512]LogModuleManager: Shutting down and abandoning module BehaviorTreeEditor (198)
[2017.08.25-19.21.06:872][512]LogModuleManager: Shutting down and abandoning module FunctionalTesting (196)
[2017.08.25-19.21.06:872][512]LogModuleManager: Shutting down and abandoning module CollisionAnalyzer (194)
[2017.08.25-19.21.06:872][512]LogModuleManager: Shutting down and abandoning module UMG (192)
[2017.08.25-19.21.06:872][512]LogModuleManager: Shutting down and abandoning module UMGEditor (191)
[2017.08.25-19.21.06:873][512]LogModuleManager: Shutting down and abandoning module Sequencer (190)
[2017.08.25-19.21.06:873][512]LogModuleManager: Shutting down and abandoning module AssetTools (188)
[2017.08.25-19.21.06:873][512]LogModuleManager: Shutting down and abandoning module MessageLog (187)
[2017.08.25-19.21.06:873][512]LogModuleManager: Shutting down and abandoning module WorkspaceMenuStructure (186)
[2017.08.25-19.21.06:873][512]LogModuleManager: Shutting down and abandoning module SlateReflector (180)
[2017.08.25-19.21.06:874][512]LogModuleManager: Shutting down and abandoning module Slate (178)
[2017.08.25-19.21.06:874][512]LogModuleManager: Shutting down and abandoning module EditorStyle (176)
[2017.08.25-19.21.06:875][512]LogModuleManager: Shutting down and abandoning module SourceCodeAccess (174)
[2017.08.25-19.21.06:875][512]LogModuleManager: Shutting down and abandoning module HeadMountedDisplay (172)
[2017.08.25-19.21.06:875][512]LogModuleManager: Shutting down and abandoning module XAudio2 (170)
[2017.08.25-19.21.06:875][512]LogModuleManager: Shutting down and abandoning module Networking (168)
[2017.08.25-19.21.06:875][512]LogModuleManager: Shutting down and abandoning module Core (164)
[2017.08.25-19.21.06:875][512]LogModuleManager: Shutting down and abandoning module AssetRegistry (162)
[2017.08.25-19.21.06:938][512]LogDirectoryWatcher: A directory notification for '../../../Engine/Content/' was aborted.
[2017.08.25-19.21.06:938][512]LogDirectoryWatcher: A directory notification for 'D:/CastleGuardCurrent/CastleGuardPhase2/CastleGuardReborn/Content/' was aborted.
[2017.08.25-19.21.06:938][512]LogDirectoryWatcher: A directory notification for '../../../Engine/Plugins/2D/Paper2D/Content/' was aborted.
[2017.08.25-19.21.06:938][512]LogDirectoryWatcher: A directory notification for '../../../Engine/Plugins/Runtime/GearVR/Content/' was aborted.
[2017.08.25-19.21.06:940][512]LogModuleManager: Shutting down and abandoning module DirectoryWatcher (161)
[2017.08.25-19.21.06:940][512]LogModuleManager: Shutting down and abandoning module KismetCompiler (158)
[2017.08.25-19.21.06:940][512]LogModuleManager: Shutting down and abandoning module LevelSequence (156)
[2017.08.25-19.21.06:940][512]LogModuleManager: Shutting down and abandoning module PhysXFormats (154)
[2017.08.25-19.21.06:940][512]LogModuleManager: Shutting down and abandoning module MeshUtilities (152)
[2017.08.25-19.21.06:941][512]LogModuleManager: Shutting down and abandoning module SimplygonSwarm (151)
[2017.08.25-19.21.06:941][512]LogModuleManager: Shutting down and abandoning module SimplygonMeshReduction (149)
[2017.08.25-19.21.06:941][512]LogModuleManager: Shutting down and abandoning module QuadricMeshReduction (147)
[2017.08.25-19.21.06:941][512]LogModuleManager: Shutting down and abandoning module DerivedDataCache (144)
[2017.08.25-19.21.06:975][512]LogDerivedDataCache: Shutdown
[2017.08.25-19.21.06:975][512]LogModuleManager: Shutting down and abandoning module TargetPlatform (142)
[2017.08.25-19.21.06:975][512]LogModuleManager: Shutting down and abandoning module VulkanShaderFormat (141)
[2017.08.25-19.21.06:975][512]LogModuleManager: Shutting down and abandoning module ShaderFormatVectorVM (139)
[2017.08.25-19.21.06:983][512]LogModuleManager: Shutting down and abandoning module ShaderFormatOpenGL (137)
[2017.08.25-19.21.06:984][512]LogModuleManager: Shutting down and abandoning module ShaderFormatD3D (135)
[2017.08.25-19.21.06:984][512]LogModuleManager: Shutting down and abandoning module MetalShaderFormat (133)
[2017.08.25-19.21.06:985][512]LogModuleManager: Shutting down and abandoning module TextureFormatUncompressed (131)
[2017.08.25-19.21.06:985][512]LogModuleManager: Shutting down and abandoning module TextureFormatPVR (129)
[2017.08.25-19.21.06:985][512]LogModuleManager: Shutting down and abandoning module TextureFormatDXT (127)
[2017.08.25-19.21.06:985][512]LogModuleManager: Shutting down and abandoning module TextureFormatIntelISPCTexComp (125)
[2017.08.25-19.21.06:985][512]LogModuleManager: Shutting down and abandoning module TextureFormatASTC (123)
[2017.08.25-19.21.06:985][512]LogModuleManager: Shutting down and abandoning module ImageWrapper (122)
[2017.08.25-19.21.06:985][512]LogModuleManager: Shutting down and abandoning module TextureFormatAndroid (119)
[2017.08.25-19.21.06:985][512]LogModuleManager: Shutting down and abandoning module AudioFormatOpus (117)
[2017.08.25-19.21.06:985][512]LogModuleManager: Shutting down and abandoning module AudioFormatOgg (115)
[2017.08.25-19.21.06:985][512]LogModuleManager: Shutting down and abandoning module AudioFormatADPCM (113)
[2017.08.25-19.21.06:985][512]LogModuleManager: Shutting down and abandoning module LinuxTargetPlatform (111)
[2017.08.25-19.21.06:985][512]LogModuleManager: Shutting down and abandoning module LinuxServerTargetPlatform (109)
[2017.08.25-19.21.06:985][512]LogModuleManager: Shutting down and abandoning module LinuxNoEditorTargetPlatform (107)
[2017.08.25-19.21.06:985][512]LogModuleManager: Shutting down and abandoning module LinuxClientTargetPlatform (105)
[2017.08.25-19.21.06:985][512]LogModuleManager: Shutting down and abandoning module TVOSTargetPlatform (103)
[2017.08.25-19.21.06:985][512]LogModuleManager: Shutting down and abandoning module Messaging (101)
[2017.08.25-19.21.06:985][512]LogModuleManager: Shutting down and abandoning module IOSTargetPlatform (99)
[2017.08.25-19.21.06:985][512]LogModuleManager: Shutting down and abandoning module HTML5TargetPlatform (97)
[2017.08.25-19.21.06:985][512]LogModuleManager: Shutting down and abandoning module Android_PVRTCTargetPlatform (95)
[2017.08.25-19.21.06:985][512]LogModuleManager: Shutting down and abandoning module Android_MultiTargetPlatform (93)
[2017.08.25-19.21.06:985][512]LogModuleManager: Shutting down and abandoning module Android_ETC2TargetPlatform (91)
[2017.08.25-19.21.06:985][512]LogModuleManager: Shutting down and abandoning module Android_ETC1TargetPlatform (89)
[2017.08.25-19.21.06:985][512]LogModuleManager: Shutting down and abandoning module Android_DXTTargetPlatform (87)
[2017.08.25-19.21.06:985][512]LogModuleManager: Shutting down and abandoning module Android_ATCTargetPlatform (85)
[2017.08.25-19.21.06:985][512]LogModuleManager: Shutting down and abandoning module Android_ASTCTargetPlatform (83)
[2017.08.25-19.21.06:985][512]LogModuleManager: Shutting down and abandoning module AndroidTargetPlatform (81)
[2017.08.25-19.21.06:985][512]LogModuleManager: Shutting down and abandoning module WindowsTargetPlatform (79)
[2017.08.25-19.21.06:985][512]LogModuleManager: Shutting down and abandoning module WindowsServerTargetPlatform (77)
[2017.08.25-19.21.06:985][512]LogModuleManager: Shutting down and abandoning module WindowsNoEditorTargetPlatform (75)
[2017.08.25-19.21.06:985][512]LogModuleManager: Shutting down and abandoning module WindowsClientTargetPlatform (73)
[2017.08.25-19.21.06:985][512]LogModuleManager: Shutting down and abandoning module MacTargetPlatform (71)
[2017.08.25-19.21.06:985][512]LogModuleManager: Shutting down and abandoning module MacServerTargetPlatform (69)
[2017.08.25-19.21.06:985][512]LogModuleManager: Shutting down and abandoning module MacNoEditorTargetPlatform (67)
[2017.08.25-19.21.06:985][512]LogModuleManager: Shutting down and abandoning module MacClientTargetPlatform (65)
[2017.08.25-19.21.06:985][512]LogModuleManager: Shutting down and abandoning module AllDesktopTargetPlatform (63)
[2017.08.25-19.21.06:985][512]LogModuleManager: Shutting down and abandoning module InputCore (60)
[2017.08.25-19.21.06:985][512]LogModuleManager: Shutting down and abandoning module Settings (58)
[2017.08.25-19.21.06:985][512]LogModuleManager: Shutting down and abandoning module OculusRift (56)
[2017.08.25-19.21.06:985][512]LogModuleManager: Shutting down and abandoning module GearVRController (54)
[2017.08.25-19.21.06:985][512]LogModuleManager: Shutting down and abandoning module GearVR (52)
[2017.08.25-19.21.06:985][512]LogModuleManager: Shutting down and abandoning module ExampleDeviceProfileSelector (50)
[2017.08.25-19.21.06:985][512]LogModuleManager: Shutting down and abandoning module OnlineBlueprintSupport (48)
[2017.08.25-19.21.06:985][512]LogModuleManager: Shutting down and abandoning module OnlineSubsystem (44)
[2017.08.25-19.21.06:985][512]LogOnline:Display: Unloading online subsystem: NULL
[2017.08.25-19.21.06:986][512]LogModuleManager: Shutting down and abandoning module XMPP (43)
[2017.08.25-19.21.06:986][512]LogModuleManager: Shutting down and abandoning module HTTP (41)
[2017.08.25-19.21.06:986][512]LogHttp:Display: Http module shutting down, but needs to wait on 1 outstanding Http requests:
[2017.08.25-19.21.06:986][512]LogHttp:Display: 	verb=[POST] url=[https://datarouter.ol.epicgames.com/datarouter/api/v1/public/data?SessionID=%7BCD3ED865-42BB-C11A-62F8-74A82EF9A6F0%7D&AppID=UEEditor.Rocket.Release&AppVersion=4.16.2-3514769%2B%2B%2BUE4%2BRelease-4.16&UserID=982011a7482c1cbdc2ce3cbeaef51dbe%7C2f3e48cbc1c5407bbd0670115d7b8004%7C70012bb2-c253-4297-934e-6257f569ac01&AppEnvironment=datacollector-binary&UploadType=eteventstream] status=Processing
[2017.08.25-19.21.07:011][512]LogModuleManager: Shutting down and abandoning module SSL (40)
[2017.08.25-19.21.07:012][512]LogModuleManager: Shutting down and abandoning module HTTPChunkInstaller (36)
[2017.08.25-19.21.07:012][512]LogModuleManager: Shutting down and abandoning module AnimationModifiers (34)
[2017.08.25-19.21.07:012][512]LogModuleManager: Shutting down and abandoning module PropertyEditor (33)
[2017.08.25-19.21.07:012][512]LogModuleManager: Shutting down and abandoning module AudioEditor (30)
[2017.08.25-19.21.07:013][512]LogModuleManager: Shutting down and abandoning module TextureCompressor (28)
[2017.08.25-19.21.07:013][512]LogModuleManager: Shutting down and abandoning module ShaderCore (26)
[2017.08.25-19.21.07:013][512]LogModuleManager: Shutting down and abandoning module Landscape (24)
[2017.08.25-19.21.07:013][512]LogModuleManager: Shutting down and abandoning module SlateRHIRenderer (22)
[2017.08.25-19.21.07:014][512]LogModuleManager: Shutting down and abandoning module OpenGLDrv (20)
[2017.08.25-19.21.07:014][512]LogModuleManager: Shutting down and abandoning module D3D11RHI (18)
[2017.08.25-19.21.07:014][512]LogModuleManager: Shutting down and abandoning module AnimGraphRuntime (16)
[2017.08.25-19.21.07:014][512]LogModuleManager: Shutting down and abandoning module Renderer (14)
[2017.08.25-19.21.07:014][512]LogModuleManager: Shutting down and abandoning module Engine (12)
[2017.08.25-19.21.07:014][512]LogModuleManager: Shutting down and abandoning module CoreUObject (10)
[2017.08.25-19.21.07:014][512]LogModuleManager: Shutting down and abandoning module NetworkFile (8)
[2017.08.25-19.21.07:014][512]LogModuleManager: Shutting down and abandoning module StreamingFile (6)
[2017.08.25-19.21.07:014][512]LogModuleManager: Shutting down and abandoning module SandboxFile (4)
[2017.08.25-19.21.07:014][512]LogModuleManager: Shutting down and abandoning module PakFile (2)
[2017.08.25-19.21.07:016][512]LogExit: Exiting.
[2017.08.25-19.21.07:025][512]Log file closed, 08/25/17 12:21:07
