Log file open, 08/26/17 16:24:40
LogInit:Display: Running engine for game: CastleGuardReborn
LogPlatformFile: Not using cached read wrapper
LogInit:Display: RandInit(2109088346) SRandInit(2109088346).
LogTaskGraph: Started task graph with 5 named threads and 8 total threads with 1 sets of task threads.
LogStats: Stats thread started at 0.079025
LogInit: Using libcurl 7.47.1
LogInit:  - built for x86_64-pc-win32
LogInit:  - supports SSL with OpenSSL/1.0.2g
LogInit:  - supports HTTP deflate (compression) using libz 1.2.8
LogInit:  - other features:
LogInit:      CURL_VERSION_SSL
LogInit:      CURL_VERSION_LIBZ
LogInit:      CURL_VERSION_IPV6
LogInit:      CURL_VERSION_ASYNCHDNS
LogInit:      CURL_VERSION_LARGEFILE
LogInit:      CURL_VERSION_IDN
LogInit:  CurlRequestOptions (configurable via config and command line):
LogInit:  - bVerifyPeer = false  - Libcurl will NOT verify peer certificate
LogInit:  - bUseHttpProxy = false  - Libcurl will NOT use HTTP proxy
LogInit:  - bDontReuseConnections = false  - Libcurl will reuse connections
LogInit:  - CertBundlePath = nullptr  - Libcurl will use whatever was configured at build time.
LogInit: Build: ++UE4+Release-4.16-CL-3514769
LogInit: Engine Version: 4.16.2-3514769+++UE4+Release-4.16
LogInit: Compatible Engine Version: 4.16.0-3452394+++UE4+Release-4.16
LogInit: Net CL: 3452394
LogDevObjectVersion: Number of dev versions registered: 16
LogDevObjectVersion:   Dev-Blueprints (B0D832E4-1F89-4F0D-ACCF-7EB736FD4AA2): 9
LogDevObjectVersion:   Dev-Build (E1C64328-A22C-4D53-A36C-8E866417BD8C): 0
LogDevObjectVersion:   Dev-Core (375EC13C-06E4-48FB-B500-84F0262A717E): 2
LogDevObjectVersion:   Dev-Editor (E4B068ED-F494-42E9-A231-DA0B2E46BB41): 17
LogDevObjectVersion:   Dev-Framework (CFFC743F-43B0-4480-9391-14DF171D2073): 23
LogDevObjectVersion:   Dev-Mobile (B02B49B5-BB20-44E9-A304-32B752E40360): 0
LogDevObjectVersion:   Dev-Networking (A4E4105C-59A1-49B5-A7C5-40C4547EDFEE): 0
LogDevObjectVersion:   Dev-Online (39C831C9-5AE6-47DC-9A44-9C173E1C8E7C): 0
LogDevObjectVersion:   Dev-Physics (78F01B33-EBEA-4F98-B9B4-84EACCB95AA2): 0
LogDevObjectVersion:   Dev-Platform (6631380F-2D4D-43E0-8009-CF276956A95A): 0
LogDevObjectVersion:   Dev-Rendering (12F88B9F-8875-4AFC-A67C-D90C383ABD29): 15
LogDevObjectVersion:   Dev-Sequencer (7B5AE74C-D270-4C10-A958-57980B212A5A): 4
LogDevObjectVersion:   Dev-VR (D7296918-1DD6-4BDD-9DE2-64A83CC13884): 0
LogDevObjectVersion:   Dev-LoadTimes (C2A15278-BFE7-4AFE-6C17-90FF531DF755): 1
LogDevObjectVersion:   Private-Geometry (6EACA3D4-40EC-4CC1-B786-8BED09428FC5): 1
LogDevObjectVersion:   Dev-AnimPhys (29E575DD-E0A3-4627-9D10-D276232CDCEA): 3
LogInit: Compiled (64-bit): Jun 29 2017 02:03:24
LogInit: Compiled with Visual C++: 19.00.24215.01
LogInit: Build Configuration: Development
LogInit: Branch Name: ++UE4+Release-4.16
LogInit: Command line:  
LogInit: Base directory: C:/Program Files/Epic Games/UE_4.16/Engine/Binaries/Win64/
LogInit: Installed Engine Build: 1
LogInit: Presizing for max 8388607 objects, including 0 objects not considered by GC, pre-allocating 0 bytes for permanent pool.
LogInit: Object subsystem initialized
[2017.08.26-23.24.41:023][  0]LogInit: Selected Device Profile: [Windows]
[2017.08.26-23.24.41:023][  0]LogInit: Applying CVar settings loaded from the selected device profile: [Windows]
[2017.08.26-23.24.41:043][  0]LogInit: Computer: LCIVAN-238-00
[2017.08.26-23.24.41:043][  0]LogInit: User: studentuser
[2017.08.26-23.24.41:043][  0]LogInit: CPU Page size=4096, Cores=4
[2017.08.26-23.24.41:043][  0]LogInit: High frequency timer resolution =4.101565 MHz
[2017.08.26-23.24.41:043][  0]LogMemory: Memory total: Physical=15.9GB (16GB approx)
[2017.08.26-23.24.41:043][  0]LogMemory: Platform Memory Stats for Windows
[2017.08.26-23.24.41:043][  0]LogMemory: Process Physical Memory: 274.27 MB used, 274.27 MB peak
[2017.08.26-23.24.41:043][  0]LogMemory: Process Virtual Memory: 260.87 MB used, 260.87 MB peak
[2017.08.26-23.24.41:043][  0]LogMemory: Physical Memory: 5904.61 MB used,  10378.84 MB free, 16283.45 MB total
[2017.08.26-23.24.41:043][  0]LogMemory: Virtual Memory: 638.49 MB used,  10378.84 MB free, 134217728.00 MB total
[2017.08.26-23.24.41:224][  0]LogInit: Using OS detected language (en-US).
[2017.08.26-23.24.41:224][  0]LogInit: Using OS detected locale (en-CA).
[2017.08.26-23.24.41:271][  0]LogTextLocalizationManager: No specific localization for 'en-US' exists, so the 'en' localization will be used.
[2017.08.26-23.24.43:698][  0]LogD3D11RHI: D3D11 adapters:
[2017.08.26-23.24.43:741][  0]LogD3D11RHI:    0. 'NVIDIA GeForce GTX 1070' (Feature Level 11_0)
[2017.08.26-23.24.43:741][  0]LogD3D11RHI:       8120/0/8141 MB DedicatedVideo/DedicatedSystem/SharedSystem, Outputs:1, VendorId:0x10de
[2017.08.26-23.24.43:790][  0]LogD3D11RHI:    1. 'Intel(R) HD Graphics 630' (Feature Level 11_0)
[2017.08.26-23.24.43:790][  0]LogD3D11RHI:       128/0/8141 MB DedicatedVideo/DedicatedSystem/SharedSystem, Outputs:0, VendorId:0x8086
[2017.08.26-23.24.43:791][  0]LogD3D11RHI:    2. 'Microsoft Basic Render Driver' (Feature Level 11_0)
[2017.08.26-23.24.43:791][  0]LogD3D11RHI:       0/0/8141 MB DedicatedVideo/DedicatedSystem/SharedSystem, Outputs:0, VendorId:0x1414
[2017.08.26-23.24.43:791][  0]LogD3D11RHI: Chosen D3D11 Adapter: 0
[2017.08.26-23.24.43:799][  0]LogD3D11RHI: Creating new Direct3DDevice
[2017.08.26-23.24.43:799][  0]LogD3D11RHI:     GPU DeviceId: 0x1b81 (for the marketing name, search the web for "GPU Device Id")
[2017.08.26-23.24.43:799][  0]LogWindows: EnumDisplayDevices:
[2017.08.26-23.24.43:799][  0]LogWindows:    0. 'NVIDIA GeForce GTX 1070' (P:1 D:1)
[2017.08.26-23.24.43:799][  0]LogWindows:    1. 'NVIDIA GeForce GTX 1070' (P:0 D:0)
[2017.08.26-23.24.43:799][  0]LogWindows:    2. 'NVIDIA GeForce GTX 1070' (P:0 D:0)
[2017.08.26-23.24.43:799][  0]LogWindows:    3. 'NVIDIA GeForce GTX 1070' (P:0 D:0)
[2017.08.26-23.24.43:799][  0]LogWindows:    4. 'Intel(R) HD Graphics 630' (P:0 D:0)
[2017.08.26-23.24.43:799][  0]LogWindows:    5. 'Intel(R) HD Graphics 630' (P:0 D:0)
[2017.08.26-23.24.43:799][  0]LogWindows:    6. 'Intel(R) HD Graphics 630' (P:0 D:0)
[2017.08.26-23.24.43:800][  0]LogWindows: DebugString: PrimaryIsNotTheChoosenAdapter PrimaryIsNotTheChoosenAdapter PrimaryIsNotTheChoosenAdapter FoundDriverCount:4 
[2017.08.26-23.24.43:800][  0]LogD3D11RHI:     Adapter Name: NVIDIA GeForce GTX 1070
[2017.08.26-23.24.43:800][  0]LogD3D11RHI:   Driver Version: 382.05 (internal:22.21.13.8205, unified:382.05)
[2017.08.26-23.24.43:800][  0]LogD3D11RHI:      Driver Date: 5-1-2017
[2017.08.26-23.24.43:800][  0]LogRHI: Texture pool is 1361 MB (70% of 1945 MB)
[2017.08.26-23.24.43:825][  0]LogD3D11RHI: Async texture creation enabled
[2017.08.26-23.24.43:838][  0]LogD3D11RHI: GPU Timing Frequency: 1000.000000 (Debug: 2 1)
[2017.08.26-23.24.43:887][  0]LogShaderCompilers: Guid format shader working directory is -6 characters bigger than the processId version (D:/CastleGuardCurrent/CastleGuardPhase2/CastleGuardReborn/Intermediate/Shaders/WorkingDirectory/11936/).
[2017.08.26-23.24.43:887][  0]LogShaderCompilers: Cleaned the shader compiler working directory 'C:/Users/studentuser/AppData/Local/Temp/UnrealShaderWorkingDir/D32A64B6492335DE82ED819A9D0E5F6E/'.
[2017.08.26-23.24.43:887][  0]LogShaderCompilers:Display: Using Local Shader Compiler.
[2017.08.26-23.24.45:444][  0]LogTemp:Display: Loaded TP AllDesktopTargetPlatform
[2017.08.26-23.24.45:479][  0]LogTemp:Display: Loaded TP MacClientTargetPlatform
[2017.08.26-23.24.45:514][  0]LogTemp:Display: Loaded TP MacNoEditorTargetPlatform
[2017.08.26-23.24.45:548][  0]LogTemp:Display: Loaded TP MacServerTargetPlatform
[2017.08.26-23.24.45:586][  0]LogTemp:Display: Loaded TP MacTargetPlatform
[2017.08.26-23.24.45:621][  0]LogTemp:Display: Loaded TP WindowsClientTargetPlatform
[2017.08.26-23.24.45:658][  0]LogTemp:Display: Loaded TP WindowsNoEditorTargetPlatform
[2017.08.26-23.24.45:692][  0]LogTemp:Display: Loaded TP WindowsServerTargetPlatform
[2017.08.26-23.24.45:723][  0]LogTemp:Display: Loaded TP WindowsTargetPlatform
[2017.08.26-23.24.45:761][  0]LogTemp:Display: Loaded TP AndroidTargetPlatform
[2017.08.26-23.24.45:796][  0]LogTemp:Display: Loaded TP Android_ASTCTargetPlatform
[2017.08.26-23.24.45:831][  0]LogTemp:Display: Loaded TP Android_ATCTargetPlatform
[2017.08.26-23.24.45:870][  0]LogTemp:Display: Loaded TP Android_DXTTargetPlatform
[2017.08.26-23.24.45:904][  0]LogTemp:Display: Loaded TP Android_ETC1TargetPlatform
[2017.08.26-23.24.45:939][  0]LogTemp:Display: Loaded TP Android_ETC2TargetPlatform
[2017.08.26-23.24.46:010][  0]LogTemp:Display: Loaded TP Android_MultiTargetPlatform
[2017.08.26-23.24.46:010][  0]LogTemp:Display: Loaded TP Android_PVRTCTargetPlatform
[2017.08.26-23.24.46:039][  0]LogTemp:Display: Loaded TP HTML5TargetPlatform
[2017.08.26-23.24.46:121][  0]LogTemp:Display: Loaded TP IOSTargetPlatform
[2017.08.26-23.24.46:142][  0]LogTemp:Display: Loaded TP TVOSTargetPlatform
[2017.08.26-23.24.46:178][  0]LogTemp:Display: Loaded TP LinuxClientTargetPlatform
[2017.08.26-23.24.46:218][  0]LogTemp:Display: Loaded TP LinuxNoEditorTargetPlatform
[2017.08.26-23.24.46:255][  0]LogTemp:Display: Loaded TP LinuxServerTargetPlatform
[2017.08.26-23.24.46:294][  0]LogTemp:Display: Loaded TP LinuxTargetPlatform
[2017.08.26-23.24.46:294][  0]LogTargetPlatformManager:Display: Building Assets For Windows
[2017.08.26-23.24.46:703][  0]LogDerivedDataCache:Display: Max Cache Size: 512 MB
[2017.08.26-23.24.47:136][  0]LogDerivedDataCache: Loaded boot cache 0.43s 91MB C:/Users/studentuser/AppData/Local/UnrealEngine/4.16/DerivedDataCache/Boot.ddc.
[2017.08.26-23.24.47:136][  0]LogDerivedDataCache:Display: Loaded Boot cache: C:/Users/studentuser/AppData/Local/UnrealEngine/4.16/DerivedDataCache/Boot.ddc
[2017.08.26-23.24.47:136][  0]LogDerivedDataCache: FDerivedDataBackendGraph:  Pak pak cache file D:/CastleGuardCurrent/CastleGuardPhase2/CastleGuardReborn/DerivedDataCache/DDC.ddp not found, will not use a pak cache.
[2017.08.26-23.24.47:136][  0]LogDerivedDataCache: Unable to find inner node Pak for hierarchical cache Hierarchy.
[2017.08.26-23.24.47:136][  0]LogDerivedDataCache: FDerivedDataBackendGraph:  CompressedPak pak cache file D:/CastleGuardCurrent/CastleGuardPhase2/CastleGuardReborn/DerivedDataCache/Compressed.ddp not found, will not use a pak cache.
[2017.08.26-23.24.47:136][  0]LogDerivedDataCache: Unable to find inner node CompressedPak for hierarchical cache Hierarchy.
[2017.08.26-23.24.47:153][  0]LogDerivedDataCache:Display: Pak cache opened for reading ../../../Engine/DerivedDataCache/Compressed.ddp.
[2017.08.26-23.24.47:164][  0]LogDerivedDataCache: Using Local data cache path C:/Users/studentuser/AppData/Local/UnrealEngine/Common/DerivedDataCache: Writable
[2017.08.26-23.24.47:173][  0]LogMaterial: Verifying Global Shaders for PCD3D_SM5
[2017.08.26-23.24.47:173][  0]LogSlate: Using Freetype 2.6.0
[2017.08.26-23.24.47:184][  0]LogSlate: SlateFontCache - WITH_FREETYPE: 1, WITH_HARFBUZZ: 1
[2017.08.26-23.24.47:184][  0]LogSlate: SlateFontCache - WITH_FREETYPE: 1, WITH_HARFBUZZ: 1
[2017.08.26-23.24.47:694][  0]LogInit: Selected Device Profile: [Windows]
[2017.08.26-23.24.47:782][  0]LogContentStreaming: Texture pool size is 0.00 MB
[2017.08.26-23.24.47:930][  0]LogMeshUtilities: Using QuadricMeshReduction for automatic static mesh reduction
[2017.08.26-23.24.47:962][  0]LogSimplygon: Simplygon DLL not present - disabling.
[2017.08.26-23.24.47:994][  0]LogMeshUtilities: Using SimplygonSwarm for distributed automatic mesh merging
[2017.08.26-23.24.47:994][  0]LogMeshUtilities: No automatic skeletal mesh reduction module available
[2017.08.26-23.24.47:994][  0]LogMeshUtilities: No automatic mesh merging module available
[2017.08.26-23.24.48:470][  0]LogNetVersion: CastleGuardReborn , NetCL: 3452394, EngineNetVer: 2, GameNetVer: 0 (Checksum: 2303850599)
[2017.08.26-23.24.48:524][  0]LogAssetRegistry: FAssetRegistry took 0.0239 seconds to start up
[2017.08.26-23.24.48:570][  0]LogPackageLocalizationCache: Processed 4 localized package path(s) for 2 prioritized culture(s) in 0.027143 seconds
[2017.08.26-23.24.48:576][  0]LogUObjectArray: 34194 objects as part of root set at end of initial load.
[2017.08.26-23.24.48:576][  0]LogUObjectAllocator: 7260416 out of 0 bytes used by permanent object pool.
[2017.08.26-23.24.48:576][  0]LogUObjectArray: CloseDisregardForGC: 0/0 objects in disregard for GC pool
[2017.08.26-23.24.48:621][  0]LogInit: WinSock: version 1.1 (2.2), MaxSocks=32767, MaxUdp=65467
[2017.08.26-23.24.52:189][  0]LogTcpMessaging: Initializing TcpMessaging bridge
[2017.08.26-23.24.52:220][  0]LogUdpMessaging: Initializing bridge on interface 0.0.0.0:0 to multicast group 230.0.0.1:6666.
[2017.08.26-23.24.52:642][  0]LogMaterial: Uniform references updated for custom material expression Custom.
[2017.08.26-23.24.52:923][  0]SourceControl: Info Source control is disabled
[2017.08.26-23.24.52:992][  0]SourceControl: Info Source control is disabled
[2017.08.26-23.24.53:025][  0]SourceControl: Info Source control is disabled
[2017.08.26-23.24.53:060][  0]SourceControl: Info Source control is disabled
[2017.08.26-23.24.53:562][  0]LogAndroidPermission: UAndroidPermissionCallbackProxy::GetInstance
[2017.08.26-23.24.53:999][  0]LogEngine: Initializing Engine...
[2017.08.26-23.24.54:598][  0]LogHMD: SteamVR initialized.  Driver: lighthouse  Display: LHR-A4D81BA4
[2017.08.26-23.24.54:779][  0]LogStats: UGameplayTagsManager::ConstructGameplayTagTree: Construct from data asset -  0.000 s
[2017.08.26-23.24.54:779][  0]LogStats: UGameplayTagsManager::ConstructGameplayTagTree: GameplayTagTreeChangedEvent.Broadcast -  0.000 s
[2017.08.26-23.24.54:885][  0]LogAIModule: Creating AISystem for world Untitled
[2017.08.26-23.24.54:897][  0]LogInit: XAudio2 using 'Realtek Digital Output (Realtek Audio)' : 2 channels at 48 kHz using 16 bits per sample (channel mask 0x3)
[2017.08.26-23.24.54:928][  0]LogInit: FAudioDevice initialized.
[2017.08.26-23.24.54:969][  0]LogDerivedDataCache: Saved boot cache 0.04s 91MB C:/Users/studentuser/AppData/Local/UnrealEngine/4.16/DerivedDataCache/Boot.ddc.
[2017.08.26-23.24.54:984][  0]LogInit: Texture streaming: Enabled
[2017.08.26-23.24.55:059][  0]LogEngineSessionManager: EngineSessionManager initialized
[2017.08.26-23.24.55:212][  0]LogInit: Transaction tracking system initialized
[2017.08.26-23.24.55:418][  0]BlueprintLog: New page: Editor Load
[2017.08.26-23.24.56:055][  0]LocalizationService: Info Localization service is disabled
[2017.08.26-23.24.56:540][  0]LogConsoleResponse:Display: 
[2017.08.26-23.24.56:723][  0]LogCook:Display: Max memory allowance for cook 16384mb min free memory 0mb
[2017.08.26-23.24.56:723][  0]LogCook:Display: Mobile HDR setting 1
[2017.08.26-23.24.57:437][  0]SourceControl: Info Source control is disabled
[2017.08.26-23.24.57:437][  0]Cmd: MAP LOAD FILE="D:/CastleGuardCurrent/CastleGuardPhase2/CastleGuardReborn/Content/Vive/Maps/default.umap" TEMPLATE=0 SHOWPROGRESS=1 FEATURELEVEL=3
[2017.08.26-23.24.57:437][  0]LightingResults: New page: Lighting Build
[2017.08.26-23.24.57:464][  0]MapCheck: New page: Map Check
[2017.08.26-23.24.57:464][  0]LightingResults: New page: Lighting Build
[2017.08.26-23.24.57:533][  0]LogBlueprint:Error: [Compiler CatapultFiringPosition1] Error This blueprint (self) is not a SplineComponent, therefore ' Target ' must have a connection.
[2017.08.26-23.24.57:533][  0]LogBlueprint:Error: [Compiler CatapultFiringPosition1] Error This blueprint (self) is not a SplineComponent, therefore ' Target ' must have a connection.
[2017.08.26-23.24.57:533][  0]LogBlueprint:Error: [Compiler CatapultFiringPosition1] Error This blueprint (self) is not a SplineComponent, therefore ' Target ' must have a connection.
[2017.08.26-23.24.57:533][  0]LogBlueprint:Error: [Compiler CatapultFiringPosition1] Error This blueprint (self) is not a SceneComponent, therefore ' Target ' must have a connection.
[2017.08.26-23.24.57:534][  0]LogBlueprint:Error: [Compiler CatapultFiringPosition1] Error This blueprint (self) is not a SplineComponent, therefore ' Target ' must have a connection.
[2017.08.26-23.24.57:534][  0]LogBlueprint:Error: [Compiler CatapultFiringPosition1] Error This blueprint (self) is not a SplineComponent, therefore ' Target ' must have a connection.
[2017.08.26-23.24.57:537][  0]LogBlueprint:Warning: [Compiler CatapultFiringPosition1] Warning [0018.33] Compile of CatapultFiringPosition1 failed. 6 Fatal Issue(s) 0 Warning(s) [in 7 ms] (/Game/Vive/Blueprints/AI/CatapultProjectiles/CatapultFiringPosition1.CatapultFiringPosition1)
[2017.08.26-23.24.57:537][  0]LogBlueprint:Warning: [Compiler CatapultFiringPosition1] Warning [0018.33] Compile of CatapultFiringPosition1 failed. 6 Fatal Issue(s) 1 Warning(s) [in 0 ms] (/Game/Vive/Blueprints/AI/CatapultProjectiles/CatapultFiringPosition1.CatapultFiringPosition1)
[2017.08.26-23.24.57:537][  0]LogBlueprint:Warning: [Compiler CatapultFiringPosition1] Warning [0018.33] Compile of CatapultFiringPosition1 failed. 6 Fatal Issue(s) 2 Warning(s) [in 0 ms] (/Game/Vive/Blueprints/AI/CatapultProjectiles/CatapultFiringPosition1.CatapultFiringPosition1)
[2017.08.26-23.24.57:687][  0]LogBlueprint:Warning: [BP_CatapultRock] 'CurrentPosition' variable not found. Base class was probably changed.
[2017.08.26-23.24.57:688][  0]LogBlueprint:Warning: [Compiler BP_CatapultRock] Warning Could not find a variable named "CurrentPosition" in 'SM_TestDoor_Blueprint_C'.
Make sure 'SM_TestDoor_Blueprint_C' has been compiled for  Get CurrentPosition
[2017.08.26-23.24.57:688][  0]LogBlueprint:Error: [Compiler BP_CatapultRock] Error The property associated with  Current Position  could not be found
[2017.08.26-23.24.57:689][  0]LogBlueprint:Warning: [Compiler BP_CatapultRock] Warning [0018.48] Compile of BP_CatapultRock failed. 1 Fatal Issue(s) 1 Warning(s) [in 2 ms] (/Game/Vive/Blueprints/CatapultProjectiles/BP_CatapultRock.BP_CatapultRock)
[2017.08.26-23.24.57:689][  0]LogBlueprint:Warning: [Compiler BP_CatapultRock] Warning [0018.48] Compile of BP_CatapultRock failed. 1 Fatal Issue(s) 2 Warning(s) [in 0 ms] (/Game/Vive/Blueprints/CatapultProjectiles/BP_CatapultRock.BP_CatapultRock)
[2017.08.26-23.24.57:689][  0]LogBlueprint:Warning: [Compiler BP_CatapultRock] Warning [0018.48] Compile of BP_CatapultRock failed. 1 Fatal Issue(s) 3 Warning(s) [in 0 ms] (/Game/Vive/Blueprints/CatapultProjectiles/BP_CatapultRock.BP_CatapultRock)
[2017.08.26-23.24.57:767][  0]LogBlueprint:Warning: [BP_CatapultRock] 'CurrentPosition' variable not found. Base class was probably changed.
[2017.08.26-23.24.58:830][  0]LogClass:Warning: Enum '/Game/Vive/Blueprints/Enum_GameStatus.Enum_GameStatus' was upgraded to use FText to store its display name data. Please re-save this asset to avoid issues with localization and determinstic cooking.
[2017.08.26-23.24.59:007][  0]LogAIModule: Creating AISystem for world default
[2017.08.26-23.24.59:762][  0]LogEditorServer: Finished looking for orphan Actors (0.000 secs)
[2017.08.26-23.24.59:825][  0]Cmd: MAP CHECKDEP NOCLEARLOG
[2017.08.26-23.24.59:860][  0]MapCheck: Info Map check complete: 0 Error(s), 0 Warning(s), took 35.77ms to complete.
[2017.08.26-23.24.59:860][  0]LogFileHelpers: Loading map 'default' took 2.424
[2017.08.26-23.24.59:915][  0]LogWindowsTextInputMethodSystem:Display: IME system now deactivated.
[2017.08.26-23.24.59:994][  0]LogCollectionManager: Loaded 0 collections in 0.001113 seconds
[2017.08.26-23.25.00:057][  0]LogFileCache: Scanning file cache for directory 'D:/CastleGuardCurrent/CastleGuardPhase2/CastleGuardReborn/Saved/Collections/' took 0.01s
[2017.08.26-23.25.00:057][  0]LogFileCache: Scanning file cache for directory 'D:/CastleGuardCurrent/CastleGuardPhase2/CastleGuardReborn/Content/Developers/studentuser/Collections/' took 0.01s
[2017.08.26-23.25.00:057][  0]LogFileCache: Scanning file cache for directory 'D:/CastleGuardCurrent/CastleGuardPhase2/CastleGuardReborn/Content/Collections/' took 0.01s
[2017.08.26-23.25.00:057][  0]LogCollectionManager: Rebuilt the GUID cache for 0 collections in 0.000001 seconds
[2017.08.26-23.25.00:065][  0]LogContentBrowser: Native class hierarchy populated in 0.0072 seconds. Added 2329 classes and 491 folders.
[2017.08.26-23.25.00:108][  0]LogContentBrowser: Native class hierarchy updated for 'WidgetCarousel' in 0.0004 seconds. Added 0 classes and 0 folders.
[2017.08.26-23.25.00:393][  0]LogContentBrowser: Native class hierarchy updated for 'AddContentDialog' in 0.0004 seconds. Added 0 classes and 0 folders.
[2017.08.26-23.25.00:425][  0]LogContentBrowser: Native class hierarchy updated for 'SceneOutliner' in 0.0004 seconds. Added 1 classes and 2 folders.
[2017.08.26-23.25.00:453][  0]LogCrashTracker: Crashtracker disabled due to settings.
[2017.08.26-23.25.00:461][  0]LogSlate: Took 0.004362 seconds to synchronously load lazily loaded font '../../../Engine/Content/Slate/Fonts/Roboto-Regular.ttf' (155K)
[2017.08.26-23.25.00:466][  0]LogSlate: Took 0.003786 seconds to synchronously load lazily loaded font '../../../Engine/Content/Slate/Fonts/Roboto-Bold.ttf' (160K)
[2017.08.26-23.25.00:474][  0]LogSlate: Took 0.004205 seconds to synchronously load lazily loaded font '../../../Engine/Content/Editor/Slate/Fonts/FontAwesome.ttf' (139K)
[2017.08.26-23.25.00:572][  0]LogRenderer: Reallocating scene render targets to support 1196x576 NumSamples 1 (Frame:1).
[2017.08.26-23.25.00:657][  0]LogUObjectGlobals:Warning: Failed to find object 'Class None.'
[2017.08.26-23.25.00:719][  0]LogContentBrowser: Native class hierarchy updated for 'HierarchicalLODOutliner' in 0.0004 seconds. Added 1 classes and 2 folders.
[2017.08.26-23.25.00:720][  0]LogLoad: (Engine Initialization) Total time: 21.51 seconds
[2017.08.26-23.25.00:720][  0]LogLoad: (Engine Initialization) Total Blueprint compile time: 0.33 seconds
[2017.08.26-23.25.00:720][  0]LogExternalProfiler: Found external profiler: VSPerf
[2017.08.26-23.25.00:720][  0]LogExternalProfiler: Using external profiler: VSPerf
[2017.08.26-23.25.00:731][  0]LogOcInput: OculusInput pre-init called
[2017.08.26-23.25.00:731][  0]LogHMD: Starting GearVRController plugin
[2017.08.26-23.25.00:731][  0]LogSteamVRController: Controller role for device 3 is 1 (invalid=0, left=1, right=2).
[2017.08.26-23.25.00:731][  0]LogSteamVRController:Warning: Controller device 3 is being assigned to its prefered role 'left'.
[2017.08.26-23.25.00:731][  0]LogSteamVRController: Controller device 3 is being assigned unreal hand 0 (left=0, right=1).
[2017.08.26-23.25.00:731][  0]LogSteamVRController: Controller role for device 4 is 2 (invalid=0, left=1, right=2).
[2017.08.26-23.25.00:731][  0]LogSteamVRController: Putting controller 4 on the right hand because there is already a controller for the left.
[2017.08.26-23.25.00:731][  0]LogSteamVRController: Controller device 4 is being assigned unreal hand 1 (left=0, right=1).
[2017.08.26-23.25.00:746][  0]LogAssetRegistry: Asset discovery search completed in 12.2434 seconds
[2017.08.26-23.25.00:747][  0]LogCollectionManager: Rebuilt the object cache for 0 collections in 0.000000 seconds (found 0 objects)
[2017.08.26-23.25.00:747][  0]LogCollectionManager: Fixed up redirectors for 0 collections in 0.000030 seconds (updated 0 objects)
[2017.08.26-23.25.00:751][  0]LogContentStreaming: Texture pool size now 1000 MB
[2017.08.26-23.25.00:817][  0]LogSlate: Took 0.005580 seconds to synchronously load lazily loaded font '../../../Engine/Content/Slate/Fonts/Roboto-Light.ttf' (159K)
[2017.08.26-23.25.01:737][ 95]LogSlate: Took 0.000132 seconds to synchronously load lazily loaded font '../../../Engine/Content/Slate/Fonts/Roboto-Light.ttf' (159K)
[2017.08.26-23.25.02:005][ 95]LogContentBrowser: Native class hierarchy updated for 'BlueprintGraph' in 0.0007 seconds. Added 112 classes and 0 folders.
[2017.08.26-23.25.02:479][ 95]LogSlate: Took 0.002818 seconds to synchronously load lazily loaded font '../../../Engine/Content/Editor/Slate/Fonts/Roboto-BoldCondensed.ttf' (158K)
[2017.08.26-23.25.02:560][ 96]LogSlate: Took 0.003159 seconds to synchronously load lazily loaded font '../../../Engine/Content/Editor/Slate/Fonts/Roboto-Italic.ttf' (157K)
[2017.08.26-23.25.23:970][192]LogBlueprint:Warning: [BatteringRamOld] 'PositionTaken' variable not found. Base class was probably changed.
[2017.08.26-23.25.23:970][192]LogBlueprint:Warning: [BatteringRamOld] 'NextPosition' variable not found. Base class was probably changed.
[2017.08.26-23.25.23:976][192]LogBlueprint:Error: [Compiler BatteringRamOld] Error COMPILER ERROR: failed building connection with 'Actor Reference is not compatible with Reference.' at  AI MoveTo
[2017.08.26-23.25.23:976][192]LogBlueprint:Error: [Compiler BatteringRamOld] Error BaseAsyncTask: Internal connection error.  AI MoveTo
[2017.08.26-23.25.23:977][192]LogBlueprint:Warning: [Compiler BatteringRamOld] Warning Can't connect pins  Object  and  Other Actor : This cast has an invalid target type (was the class deleted without a redirect?).
[2017.08.26-23.25.23:978][192]LogBlueprint:Warning: [Compiler BatteringRamOld] Warning Could not find a variable named "PositionTaken" in 'BatteringRamOld'.
Make sure 'BatteringRamOld' has been compiled for  Get PositionTaken
[2017.08.26-23.25.23:978][192]LogBlueprint:Warning: [Compiler BatteringRamOld] Warning Could not find a variable named "NextPosition" in 'BatteringRamOld'.
Make sure 'BatteringRamOld' has been compiled for  Get NextPosition
[2017.08.26-23.25.23:978][192]LogBlueprint:Warning: [Compiler BatteringRamOld] Warning Can't connect pins  Other Actor  and  Object : This cast has an invalid target type (was the class deleted without a redirect?).
[2017.08.26-23.25.23:979][192]LogBlueprint:Error: [Compiler BatteringRamOld] Error This blueprint (self) is not compatible with ' Target ', therefore that pin must have a connection.
[2017.08.26-23.25.23:979][192]LogBlueprint:Error: [Compiler BatteringRamOld] Error The property associated with  Position Taken  could not be found
[2017.08.26-23.25.23:987][192]LogBlueprint:Warning: [Compiler BatteringRamOld] Warning [0044.78] Compile of BatteringRamOld failed. 4 Fatal Issue(s) 4 Warning(s) [in 14 ms] (/Game/Vive/Blueprints/AI/BatteringRamOld.BatteringRamOld)
[2017.08.26-23.25.23:987][192]LogBlueprint:Warning: [Compiler BatteringRamOld] Warning [0044.78] Compile of BatteringRamOld failed. 4 Fatal Issue(s) 5 Warning(s) [in 0 ms] (/Game/Vive/Blueprints/AI/BatteringRamOld.BatteringRamOld)
[2017.08.26-23.25.23:987][192]LogBlueprint:Warning: [Compiler BatteringRamOld] Warning [0044.78] Compile of BatteringRamOld failed. 4 Fatal Issue(s) 6 Warning(s) [in 0 ms] (/Game/Vive/Blueprints/AI/BatteringRamOld.BatteringRamOld)
[2017.08.26-23.25.23:993][192]LogBlueprint:Error: [Compiler BatteringRamOld] Error COMPILER ERROR: failed building connection with 'Actor Reference is not compatible with Reference.' at  AI MoveTo
[2017.08.26-23.25.23:993][192]LogBlueprint:Error: [Compiler BatteringRamOld] Error BaseAsyncTask: Internal connection error.  AI MoveTo
[2017.08.26-23.25.23:994][192]LogBlueprint:Warning: [Compiler BatteringRamOld] Warning Can't connect pins  Object  and  Other Actor : This cast has an invalid target type (was the class deleted without a redirect?).
[2017.08.26-23.25.23:994][192]LogBlueprint:Warning: [Compiler BatteringRamOld] Warning Could not find a variable named "PositionTaken" in 'BatteringRamOld'.
Make sure 'BatteringRamOld' has been compiled for  Get PositionTaken
[2017.08.26-23.25.23:995][192]LogBlueprint:Warning: [Compiler BatteringRamOld] Warning Could not find a variable named "NextPosition" in 'BatteringRamOld'.
Make sure 'BatteringRamOld' has been compiled for  Get NextPosition
[2017.08.26-23.25.23:995][192]LogBlueprint:Warning: [Compiler BatteringRamOld] Warning Can't connect pins  Other Actor  and  Object : This cast has an invalid target type (was the class deleted without a redirect?).
[2017.08.26-23.25.23:995][192]LogBlueprint:Error: [Compiler BatteringRamOld] Error This blueprint (self) is not compatible with ' Target ', therefore that pin must have a connection.
[2017.08.26-23.25.23:996][192]LogBlueprint:Error: [Compiler BatteringRamOld] Error The property associated with  Position Taken  could not be found
[2017.08.26-23.25.24:003][192]LogBlueprint:Warning: [Compiler BatteringRamOld] Warning [0044.79] Compile of BatteringRamOld failed. 4 Fatal Issue(s) 4 Warning(s) [in 13 ms] (/Game/Vive/Blueprints/AI/BatteringRamOld.BatteringRamOld)
[2017.08.26-23.25.24:003][192]LogBlueprint:Warning: [Compiler BatteringRamOld] Warning [0044.79] Compile of BatteringRamOld failed. 4 Fatal Issue(s) 5 Warning(s) [in 0 ms] (/Game/Vive/Blueprints/AI/BatteringRamOld.BatteringRamOld)
[2017.08.26-23.25.24:003][192]LogBlueprint:Warning: [Compiler BatteringRamOld] Warning [0044.79] Compile of BatteringRamOld failed. 4 Fatal Issue(s) 6 Warning(s) [in 0 ms] (/Game/Vive/Blueprints/AI/BatteringRamOld.BatteringRamOld)
[2017.08.26-23.25.58:972][772]LogActorComponent: UnregisterComponent: (/Engine/Transient.EditorFloorComp) Not registered. Aborting.
[2017.08.26-23.25.59:022][772]LogActorComponent: UnregisterComponent: (/Engine/Transient.EditorFloorComp) Not registered. Aborting.
[2017.08.26-23.25.59:063][772]LogWindowsTextInputMethodSystem:Display: IME system now deactivated.
[2017.08.26-23.25.59:224][773]Cmd: QUIT_EDITOR
[2017.08.26-23.25.59:248][773]LogExit: Preparing to exit.
[2017.08.26-23.26.00:435][773]LogExit: Editor shut down
[2017.08.26-23.26.00:437][773]LogExit: Transaction tracking system shut down
[2017.08.26-23.26.00:510][773]LogObj: Freed 0b from 0 cluster array pools.
[2017.08.26-23.26.00:510][773]LogExit: Object subsystem successfully closed.
[2017.08.26-23.26.00:533][773]LogD3D11RHI: Shutdown
[2017.08.26-23.26.00:533][773]LogD3D11RHI: CleanupD3DDevice
[2017.08.26-23.26.00:588][773]LogD3D11RHI: ~FD3D11DynamicRHI
[2017.08.26-23.26.00:597][773]LogModuleManager: Shutting down and abandoning module BlueprintGraph (528)
[2017.08.26-23.26.00:597][773]LogModuleManager: Shutting down and abandoning module BlueprintProfiler (526)
[2017.08.26-23.26.00:597][773]LogModuleManager: Shutting down and abandoning module HierarchicalLODOutliner (524)
[2017.08.26-23.26.00:597][773]LogModuleManager: Shutting down and abandoning module CrashTracker (522)
[2017.08.26-23.26.00:597][773]LogModuleManager: Shutting down and abandoning module SceneOutliner (520)
[2017.08.26-23.26.00:597][773]LogModuleManager: Shutting down and abandoning module AddContentDialog (518)
[2017.08.26-23.26.00:597][773]LogDirectoryWatcher: A directory notification for 'C:/Program Files/Epic Games/UE_4.16/FeaturePacks/' was aborted.
[2017.08.26-23.26.00:598][773]LogModuleManager: Shutting down and abandoning module WidgetCarousel (517)
[2017.08.26-23.26.00:598][773]LogModuleManager: Shutting down and abandoning module EditorWidgets (514)
[2017.08.26-23.26.00:598][773]LogModuleManager: Shutting down and abandoning module CollectionManager (512)
[2017.08.26-23.26.00:598][773]LogDirectoryWatcher: A directory notification for 'D:/CastleGuardCurrent/CastleGuardPhase2/CastleGuardReborn/Content/Collections/' was aborted.
[2017.08.26-23.26.00:598][773]LogDirectoryWatcher: A directory notification for 'D:/CastleGuardCurrent/CastleGuardPhase2/CastleGuardReborn/Content/Developers/studentuser/Collections/' was aborted.
[2017.08.26-23.26.00:598][773]LogDirectoryWatcher: A directory notification for 'D:/CastleGuardCurrent/CastleGuardPhase2/CastleGuardReborn/Saved/Collections/' was aborted.
[2017.08.26-23.26.00:598][773]LogModuleManager: Shutting down and abandoning module StatsViewer (510)
[2017.08.26-23.26.00:598][773]LogModuleManager: Shutting down and abandoning module FoliageEdit (508)
[2017.08.26-23.26.00:598][773]LogModuleManager: Shutting down and abandoning module LandscapeEditor (506)
[2017.08.26-23.26.00:598][773]LogModuleManager: Shutting down and abandoning module MeshPaintMode (504)
[2017.08.26-23.26.00:598][773]LogModuleManager: Shutting down and abandoning module SceneDepthPickerMode (502)
[2017.08.26-23.26.00:598][773]LogModuleManager: Shutting down and abandoning module ActorPickerMode (500)
[2017.08.26-23.26.00:598][773]LogModuleManager: Shutting down and abandoning module GeometryMode (498)
[2017.08.26-23.26.00:598][773]LogModuleManager: Shutting down and abandoning module TextureAlignMode (496)
[2017.08.26-23.26.00:598][773]LogModuleManager: Shutting down and abandoning module BspMode (494)
[2017.08.26-23.26.00:598][773]LogModuleManager: Shutting down and abandoning module HardwareSurvey (492)
[2017.08.26-23.26.00:598][773]LogModuleManager: Shutting down and abandoning module SequenceRecorderSections (490)
[2017.08.26-23.26.00:598][773]LogModuleManager: Shutting down and abandoning module AutomationWorker (488)
[2017.08.26-23.26.00:598][773]LogModuleManager: Shutting down and abandoning module MatineeToLevelSequence (486)
[2017.08.26-23.26.00:598][773]LogModuleManager: Shutting down and abandoning module LevelSequenceEditor (484)
[2017.08.26-23.26.00:598][773]LogModuleManager: Shutting down and abandoning module PlacementMode (483)
[2017.08.26-23.26.00:598][773]LogModuleManager: Shutting down and abandoning module WmfMediaFactory (480)
[2017.08.26-23.26.00:598][773]LogModuleManager: Shutting down and abandoning module WmfMediaEditor (478)
[2017.08.26-23.26.00:598][773]LogModuleManager: Shutting down and abandoning module AvfMediaFactory (476)
[2017.08.26-23.26.00:598][773]LogModuleManager: Shutting down and abandoning module AvfMediaEditor (474)
[2017.08.26-23.26.00:598][773]LogModuleManager: Shutting down and abandoning module AndroidMediaFactory (472)
[2017.08.26-23.26.00:598][773]LogModuleManager: Shutting down and abandoning module Media (471)
[2017.08.26-23.26.00:598][773]LogModuleManager: Shutting down and abandoning module AndroidMediaEditor (468)
[2017.08.26-23.26.00:598][773]LogModuleManager: Shutting down and abandoning module CharacterAI (466)
[2017.08.26-23.26.00:598][773]LogModuleManager: Shutting down and abandoning module AudioCapture (464)
[2017.08.26-23.26.00:598][773]LogModuleManager: Shutting down and abandoning module SequenceRecorder (463)
[2017.08.26-23.26.00:598][773]LogModuleManager: Shutting down and abandoning module SmartSnapping (460)
[2017.08.26-23.26.00:598][773]LogModuleManager: Shutting down and abandoning module SessionServices (458)
[2017.08.26-23.26.00:598][773]LogModuleManager: Shutting down and abandoning module ViewportSnapping (456)
[2017.08.26-23.26.00:598][773]LogModuleManager: Shutting down and abandoning module ViewportInteraction (454)
[2017.08.26-23.26.00:598][773]LogModuleManager: Shutting down and abandoning module ClothPainter (452)
[2017.08.26-23.26.00:598][773]LogModuleManager: Shutting down and abandoning module LogVisualizer (450)
[2017.08.26-23.26.00:598][773]LogModuleManager: Shutting down and abandoning module IntroTutorials (448)
[2017.08.26-23.26.00:598][773]LogModuleManager: Shutting down and abandoning module GameProjectGeneration (447)
[2017.08.26-23.26.00:598][773]LogModuleManager: Shutting down and abandoning module EditorLiveStreaming (444)
[2017.08.26-23.26.00:598][773]LogModuleManager: Shutting down and abandoning module IOSPlatformEditor (442)
[2017.08.26-23.26.00:598][773]LogModuleManager: Shutting down and abandoning module HTML5PlatformEditor (440)
[2017.08.26-23.26.00:598][773]LogModuleManager: Shutting down and abandoning module AndroidPlatformEditor (438)
[2017.08.26-23.26.00:598][773]LogModuleManager: Shutting down and abandoning module AndroidDeviceDetection (437)
[2017.08.26-23.26.01:307][773]LogModuleManager: Shutting down and abandoning module IOSRuntimeSettings (434)
[2017.08.26-23.26.01:307][773]LogModuleManager: Shutting down and abandoning module AndroidRuntimeSettings (432)
[2017.08.26-23.26.01:307][773]LogModuleManager: Shutting down and abandoning module InputBindingEditor (430)
[2017.08.26-23.26.01:307][773]LogModuleManager: Shutting down and abandoning module MergeActors (428)
[2017.08.26-23.26.01:307][773]LogModuleManager: Shutting down and abandoning module SizeMap (426)
[2017.08.26-23.26.01:307][773]LogModuleManager: Shutting down and abandoning module TreeMap (424)
[2017.08.26-23.26.01:307][773]LogModuleManager: Shutting down and abandoning module ReferenceViewer (422)
[2017.08.26-23.26.01:307][773]LogModuleManager: Shutting down and abandoning module LocalizationDashboard (420)
[2017.08.26-23.26.01:307][773]LogModuleManager: Shutting down and abandoning module LocalizationService (419)
[2017.08.26-23.26.01:307][773]LogModuleManager: Shutting down and abandoning module HardwareTargeting (416)
[2017.08.26-23.26.01:307][773]LogModuleManager: Shutting down and abandoning module DeviceProfileEditor (414)
[2017.08.26-23.26.01:307][773]LogModuleManager: Shutting down and abandoning module UndoHistory (412)
[2017.08.26-23.26.01:307][773]LogModuleManager: Shutting down and abandoning module UserFeedback (410)
[2017.08.26-23.26.01:307][773]LogModuleManager: Shutting down and abandoning module XmlParser (408)
[2017.08.26-23.26.01:307][773]LogModuleManager: Shutting down and abandoning module Blutility (406)
[2017.08.26-23.26.01:307][773]LogModuleManager: Shutting down and abandoning module ProjectSettingsViewer (404)
[2017.08.26-23.26.01:307][773]LogModuleManager: Shutting down and abandoning module ProjectTargetPlatformEditor (403)
[2017.08.26-23.26.01:307][773]LogModuleManager: Shutting down and abandoning module EditorSettingsViewer (400)
[2017.08.26-23.26.01:307][773]LogModuleManager: Shutting down and abandoning module SettingsEditor (398)
[2017.08.26-23.26.01:307][773]LogModuleManager: Shutting down and abandoning module ProjectLauncher (396)
[2017.08.26-23.26.01:307][773]LogModuleManager: Shutting down and abandoning module SessionFrontend (394)
[2017.08.26-23.26.01:307][773]LogModuleManager: Shutting down and abandoning module ProfilerClient (392)
[2017.08.26-23.26.01:307][773]LogModuleManager: Shutting down and abandoning module DeviceManager (390)
[2017.08.26-23.26.01:307][773]LogModuleManager: Shutting down and abandoning module TargetDeviceServices (389)
[2017.08.26-23.26.01:373][773]LogModuleManager: Shutting down and abandoning module AutomationController (386)
[2017.08.26-23.26.01:373][773]LogModuleManager: Shutting down and abandoning module AutomationWindow (384)
[2017.08.26-23.26.01:373][773]LogModuleManager: Shutting down and abandoning module Layers (382)
[2017.08.26-23.26.01:373][773]LogModuleManager: Shutting down and abandoning module ComponentVisualizers (380)
[2017.08.26-23.26.01:373][773]LogModuleManager: Shutting down and abandoning module DetailCustomizations (378)
[2017.08.26-23.26.01:373][773]LogModuleManager: Shutting down and abandoning module PackagesDialog (376)
[2017.08.26-23.26.01:373][773]LogModuleManager: Shutting down and abandoning module Persona (374)
[2017.08.26-23.26.01:373][773]LogModuleManager: Shutting down and abandoning module AdvancedPreviewScene (373)
[2017.08.26-23.26.01:373][773]LogModuleManager: Shutting down and abandoning module AnimGraph (371)
[2017.08.26-23.26.01:373][773]LogModuleManager: Shutting down and abandoning module Kismet (368)
[2017.08.26-23.26.01:378][773]LogModuleManager: Shutting down and abandoning module ClassViewer (366)
[2017.08.26-23.26.01:378][773]LogModuleManager: Shutting down and abandoning module Toolbox (364)
[2017.08.26-23.26.01:378][773]LogModuleManager: Shutting down and abandoning module ModuleUI (362)
[2017.08.26-23.26.01:378][773]LogModuleManager: Shutting down and abandoning module MovieSceneTools (360)
[2017.08.26-23.26.01:378][773]LogModuleManager: Shutting down and abandoning module OutputLog (358)
[2017.08.26-23.26.01:378][773]LogModuleManager: Shutting down and abandoning module GammaUI (356)
[2017.08.26-23.26.01:378][773]LogModuleManager: Shutting down and abandoning module Documentation (354)
[2017.08.26-23.26.01:378][773]LogModuleManager: Shutting down and abandoning module MovieSceneTracks (352)
[2017.08.26-23.26.01:378][773]LogModuleManager: Shutting down and abandoning module MovieScene (350)
[2017.08.26-23.26.01:378][773]LogModuleManager: Shutting down and abandoning module Niagara (348)
[2017.08.26-23.26.01:378][773]LogModuleManager: Shutting down and abandoning module NiagaraEditor (347)
[2017.08.26-23.26.01:378][773]LogModuleManager: Shutting down and abandoning module StreamingPauseRendering (344)
[2017.08.26-23.26.01:378][773]LogModuleManager: Shutting down and abandoning module AnalyticsET (342)
[2017.08.26-23.26.01:378][773]LogModuleManager: Shutting down and abandoning module PortalServices (340)
[2017.08.26-23.26.01:378][773]LogModuleManager: Shutting down and abandoning module PortalRpc (338)
[2017.08.26-23.26.01:378][773]LogModuleManager: Shutting down and abandoning module MessagingRpc (336)
[2017.08.26-23.26.01:378][773]LogModuleManager: Shutting down and abandoning module AIModule (334)
[2017.08.26-23.26.01:378][773]LogModuleManager: Shutting down and abandoning module GameplayDebugger (333)
[2017.08.26-23.26.01:378][773]LogModuleManager: Shutting down and abandoning module AITestSuite (331)
[2017.08.26-23.26.01:378][773]LogModuleManager: Shutting down and abandoning module ProfilerService (328)
[2017.08.26-23.26.01:537][773]LogModuleManager: Shutting down and abandoning module TaskGraph (326)
[2017.08.26-23.26.01:537][773]LogModuleManager: Shutting down and abandoning module SteamVRController (324)
[2017.08.26-23.26.01:537][773]LogModuleManager: Shutting down and abandoning module SteamVR (322)
[2017.08.26-23.26.01:537][773]LogModuleManager: Shutting down and abandoning module ProceduralMeshComponentEditor (320)
[2017.08.26-23.26.01:537][773]LogModuleManager: Shutting down and abandoning module ProceduralMeshComponent (318)
[2017.08.26-23.26.01:537][773]LogModuleManager: Shutting down and abandoning module OculusLibrary (316)
[2017.08.26-23.26.01:537][773]LogModuleManager: Shutting down and abandoning module OculusInput (314)
[2017.08.26-23.26.01:537][773]LogModuleManager: Shutting down and abandoning module MobilePatchingUtils (312)
[2017.08.26-23.26.01:537][773]LogModuleManager: Shutting down and abandoning module CustomMeshComponent (310)
[2017.08.26-23.26.01:537][773]LogModuleManager: Shutting down and abandoning module CableComponent (308)
[2017.08.26-23.26.01:537][773]LogModuleManager: Shutting down and abandoning module ArchVisCharacter (306)
[2017.08.26-23.26.01:537][773]LogModuleManager: Shutting down and abandoning module AndroidPermission (304)
[2017.08.26-23.26.01:537][773]LogModuleManager: Shutting down and abandoning module MediaPlayerEditor (300)
[2017.08.26-23.26.01:537][773]LogModuleManager: Shutting down and abandoning module HTML5Networking (298)
[2017.08.26-23.26.01:537][773]LogModuleManager: Shutting down and abandoning module AlembicImporter (296)
[2017.08.26-23.26.01:537][773]LogModuleManager: Shutting down and abandoning module AlembicLibrary (295)
[2017.08.26-23.26.01:537][773]LogModuleManager: Shutting down and abandoning module GeometryCache (294)
[2017.08.26-23.26.01:537][773]LogModuleManager: Shutting down and abandoning module GeometryCacheEd (293)
[2017.08.26-23.26.01:537][773]LogModuleManager: Shutting down and abandoning module SuperSearchEditor (288)
[2017.08.26-23.26.01:537][773]LogModuleManager: Shutting down and abandoning module SuperSearch (287)
[2017.08.26-23.26.01:537][773]LogModuleManager: Shutting down and abandoning module SpeedTreeImporter (284)
[2017.08.26-23.26.01:537][773]LogModuleManager: Shutting down and abandoning module PluginBrowser (282)
[2017.08.26-23.26.01:537][773]LogModuleManager: Shutting down and abandoning module MobileLauncherProfileWizard (280)
[2017.08.26-23.26.01:537][773]LogModuleManager: Shutting down and abandoning module VisualStudioSourceCodeAccess (278)
[2017.08.26-23.26.01:537][773]LogModuleManager: Shutting down and abandoning module DesktopPlatform (277)
[2017.08.26-23.26.01:537][773]LogModuleManager: Shutting down and abandoning module UObjectPlugin (274)
[2017.08.26-23.26.01:537][773]LogModuleManager: Shutting down and abandoning module SubversionSourceControl (272)
[2017.08.26-23.26.01:537][773]LogModuleManager: Shutting down and abandoning module PerforceSourceControl (270)
[2017.08.26-23.26.01:537][773]LogModuleManager: Shutting down and abandoning module GitSourceControl (268)
[2017.08.26-23.26.01:537][773]LogModuleManager: Shutting down and abandoning module SourceControl (267)
[2017.08.26-23.26.01:537][773]LogModuleManager: Shutting down and abandoning module LightPropagationVolumeEditor (264)
[2017.08.26-23.26.01:537][773]LogModuleManager: Shutting down and abandoning module PaperTiledImporter (262)
[2017.08.26-23.26.01:537][773]LogModuleManager: Shutting down and abandoning module PaperSpriteSheetImporter (260)
[2017.08.26-23.26.01:537][773]LogModuleManager: Shutting down and abandoning module Paper2DEditor (258)
[2017.08.26-23.26.01:537][773]LogModuleManager: Shutting down and abandoning module MeshPaint (257)
[2017.08.26-23.26.01:537][773]LogModuleManager: Shutting down and abandoning module LevelEditor (255)
[2017.08.26-23.26.01:538][773]LogModuleManager: Shutting down and abandoning module PixelInspectorModule (254)
[2017.08.26-23.26.01:538][773]LogModuleManager: Shutting down and abandoning module MainFrame (252)
[2017.08.26-23.26.01:538][773]LogModuleManager: Shutting down and abandoning module HotReload (251)
[2017.08.26-23.26.01:538][773]LogModuleManager: Shutting down and abandoning module PhysXVehiclesEditor (246)
[2017.08.26-23.26.01:538][773]LogModuleManager: Shutting down and abandoning module PhysXVehicles (244)
[2017.08.26-23.26.01:538][773]LogModuleManager: Shutting down and abandoning module LocationServicesBPLibrary (242)
[2017.08.26-23.26.01:538][773]LogModuleManager: Shutting down and abandoning module ImmediatePhysicsEditor (240)
[2017.08.26-23.26.01:538][773]LogModuleManager: Shutting down and abandoning module ImmediatePhysics (238)
[2017.08.26-23.26.01:538][773]LogModuleManager: Shutting down and abandoning module UdpMessaging (236)
[2017.08.26-23.26.01:640][773]LogModuleManager: Shutting down and abandoning module TcpMessaging (234)
[2017.08.26-23.26.01:740][773]LogModuleManager: Shutting down and abandoning module GameplayTagsEditor (232)
[2017.08.26-23.26.01:740][773]LogModuleManager: Shutting down and abandoning module FacialAnimationEditor (230)
[2017.08.26-23.26.01:740][773]LogModuleManager: Shutting down and abandoning module FacialAnimation (228)
[2017.08.26-23.26.01:740][773]LogModuleManager: Shutting down and abandoning module AssetManagerEditor (226)
[2017.08.26-23.26.01:740][773]LogModuleManager: Shutting down and abandoning module GraphEditor (225)
[2017.08.26-23.26.01:740][773]LogModuleManager: Shutting down and abandoning module ContentBrowser (223)
[2017.08.26-23.26.01:740][773]LogModuleManager: Shutting down and abandoning module LightPropagationVolumeRuntime (220)
[2017.08.26-23.26.01:740][773]LogModuleManager: Shutting down and abandoning module Paper2D (218)
[2017.08.26-23.26.01:740][773]LogModuleManager: Shutting down and abandoning module WindowsMoviePlayer (216)
[2017.08.26-23.26.01:740][773]LogModuleManager: Shutting down and abandoning module WmfMedia (214)
[2017.08.26-23.26.01:740][773]LogModuleManager: Shutting down and abandoning module ClothingSystemEditor (212)
[2017.08.26-23.26.01:740][773]LogModuleManager: Shutting down and abandoning module ClothingSystemRuntime (210)
[2017.08.26-23.26.01:740][773]LogModuleManager: Shutting down and abandoning module MediaAssets (208)
[2017.08.26-23.26.01:740][773]LogModuleManager: Shutting down and abandoning module GameLiveStreaming (206)
[2017.08.26-23.26.01:741][773]LogModuleManager: Shutting down and abandoning module VREditor (204)
[2017.08.26-23.26.01:741][773]LogModuleManager: Shutting down and abandoning module StringTableEditor (202)
[2017.08.26-23.26.01:741][773]LogModuleManager: Shutting down and abandoning module GameplayTasksEditor (200)
[2017.08.26-23.26.01:741][773]LogModuleManager: Shutting down and abandoning module BehaviorTreeEditor (198)
[2017.08.26-23.26.01:741][773]LogModuleManager: Shutting down and abandoning module FunctionalTesting (196)
[2017.08.26-23.26.01:741][773]LogModuleManager: Shutting down and abandoning module CollisionAnalyzer (194)
[2017.08.26-23.26.01:741][773]LogModuleManager: Shutting down and abandoning module UMG (192)
[2017.08.26-23.26.01:741][773]LogModuleManager: Shutting down and abandoning module UMGEditor (191)
[2017.08.26-23.26.01:741][773]LogModuleManager: Shutting down and abandoning module Sequencer (190)
[2017.08.26-23.26.01:741][773]LogModuleManager: Shutting down and abandoning module AssetTools (188)
[2017.08.26-23.26.01:741][773]LogModuleManager: Shutting down and abandoning module MessageLog (187)
[2017.08.26-23.26.01:741][773]LogModuleManager: Shutting down and abandoning module WorkspaceMenuStructure (186)
[2017.08.26-23.26.01:741][773]LogModuleManager: Shutting down and abandoning module SlateReflector (180)
[2017.08.26-23.26.01:741][773]LogModuleManager: Shutting down and abandoning module Slate (178)
[2017.08.26-23.26.01:741][773]LogModuleManager: Shutting down and abandoning module EditorStyle (176)
[2017.08.26-23.26.01:742][773]LogModuleManager: Shutting down and abandoning module SourceCodeAccess (174)
[2017.08.26-23.26.01:742][773]LogModuleManager: Shutting down and abandoning module HeadMountedDisplay (172)
[2017.08.26-23.26.01:742][773]LogModuleManager: Shutting down and abandoning module XAudio2 (170)
[2017.08.26-23.26.01:742][773]LogModuleManager: Shutting down and abandoning module Networking (168)
[2017.08.26-23.26.01:742][773]LogModuleManager: Shutting down and abandoning module Core (164)
[2017.08.26-23.26.01:742][773]LogModuleManager: Shutting down and abandoning module AssetRegistry (162)
[2017.08.26-23.26.01:844][773]LogDirectoryWatcher: A directory notification for '../../../Engine/Content/' was aborted.
[2017.08.26-23.26.01:844][773]LogDirectoryWatcher: A directory notification for 'D:/CastleGuardCurrent/CastleGuardPhase2/CastleGuardReborn/Content/' was aborted.
[2017.08.26-23.26.01:844][773]LogDirectoryWatcher: A directory notification for '../../../Engine/Plugins/2D/Paper2D/Content/' was aborted.
[2017.08.26-23.26.01:844][773]LogDirectoryWatcher: A directory notification for '../../../Engine/Plugins/Runtime/GearVR/Content/' was aborted.
[2017.08.26-23.26.01:846][773]LogModuleManager: Shutting down and abandoning module DirectoryWatcher (161)
[2017.08.26-23.26.01:846][773]LogModuleManager: Shutting down and abandoning module KismetCompiler (158)
[2017.08.26-23.26.01:846][773]LogModuleManager: Shutting down and abandoning module LevelSequence (156)
[2017.08.26-23.26.01:846][773]LogModuleManager: Shutting down and abandoning module PhysXFormats (154)
[2017.08.26-23.26.01:846][773]LogModuleManager: Shutting down and abandoning module MeshUtilities (152)
[2017.08.26-23.26.01:847][773]LogModuleManager: Shutting down and abandoning module SimplygonSwarm (151)
[2017.08.26-23.26.01:847][773]LogModuleManager: Shutting down and abandoning module SimplygonMeshReduction (149)
[2017.08.26-23.26.01:847][773]LogModuleManager: Shutting down and abandoning module QuadricMeshReduction (147)
[2017.08.26-23.26.01:847][773]LogModuleManager: Shutting down and abandoning module DerivedDataCache (144)
[2017.08.26-23.26.02:217][773]LogDerivedDataCache: Shutdown
[2017.08.26-23.26.02:217][773]LogModuleManager: Shutting down and abandoning module TargetPlatform (142)
[2017.08.26-23.26.02:217][773]LogModuleManager: Shutting down and abandoning module VulkanShaderFormat (141)
[2017.08.26-23.26.02:217][773]LogModuleManager: Shutting down and abandoning module ShaderFormatVectorVM (139)
[2017.08.26-23.26.02:217][773]LogModuleManager: Shutting down and abandoning module ShaderFormatOpenGL (137)
[2017.08.26-23.26.02:217][773]LogModuleManager: Shutting down and abandoning module ShaderFormatD3D (135)
[2017.08.26-23.26.02:217][773]LogModuleManager: Shutting down and abandoning module MetalShaderFormat (133)
[2017.08.26-23.26.02:218][773]LogModuleManager: Shutting down and abandoning module TextureFormatUncompressed (131)
[2017.08.26-23.26.02:218][773]LogModuleManager: Shutting down and abandoning module TextureFormatPVR (129)
[2017.08.26-23.26.02:218][773]LogModuleManager: Shutting down and abandoning module TextureFormatDXT (127)
[2017.08.26-23.26.02:218][773]LogModuleManager: Shutting down and abandoning module TextureFormatIntelISPCTexComp (125)
[2017.08.26-23.26.02:218][773]LogModuleManager: Shutting down and abandoning module TextureFormatASTC (123)
[2017.08.26-23.26.02:218][773]LogModuleManager: Shutting down and abandoning module ImageWrapper (122)
[2017.08.26-23.26.02:218][773]LogModuleManager: Shutting down and abandoning module TextureFormatAndroid (119)
[2017.08.26-23.26.02:218][773]LogModuleManager: Shutting down and abandoning module AudioFormatOpus (117)
[2017.08.26-23.26.02:218][773]LogModuleManager: Shutting down and abandoning module AudioFormatOgg (115)
[2017.08.26-23.26.02:218][773]LogModuleManager: Shutting down and abandoning module AudioFormatADPCM (113)
[2017.08.26-23.26.02:218][773]LogModuleManager: Shutting down and abandoning module LinuxTargetPlatform (111)
[2017.08.26-23.26.02:218][773]LogModuleManager: Shutting down and abandoning module LinuxServerTargetPlatform (109)
[2017.08.26-23.26.02:218][773]LogModuleManager: Shutting down and abandoning module LinuxNoEditorTargetPlatform (107)
[2017.08.26-23.26.02:218][773]LogModuleManager: Shutting down and abandoning module LinuxClientTargetPlatform (105)
[2017.08.26-23.26.02:218][773]LogModuleManager: Shutting down and abandoning module TVOSTargetPlatform (103)
[2017.08.26-23.26.02:218][773]LogModuleManager: Shutting down and abandoning module Messaging (101)
[2017.08.26-23.26.02:218][773]LogModuleManager: Shutting down and abandoning module IOSTargetPlatform (99)
[2017.08.26-23.26.02:218][773]LogModuleManager: Shutting down and abandoning module HTML5TargetPlatform (97)
[2017.08.26-23.26.02:218][773]LogModuleManager: Shutting down and abandoning module Android_PVRTCTargetPlatform (95)
[2017.08.26-23.26.02:218][773]LogModuleManager: Shutting down and abandoning module Android_MultiTargetPlatform (93)
[2017.08.26-23.26.02:218][773]LogModuleManager: Shutting down and abandoning module Android_ETC2TargetPlatform (91)
[2017.08.26-23.26.02:218][773]LogModuleManager: Shutting down and abandoning module Android_ETC1TargetPlatform (89)
[2017.08.26-23.26.02:218][773]LogModuleManager: Shutting down and abandoning module Android_DXTTargetPlatform (87)
[2017.08.26-23.26.02:218][773]LogModuleManager: Shutting down and abandoning module Android_ATCTargetPlatform (85)
[2017.08.26-23.26.02:218][773]LogModuleManager: Shutting down and abandoning module Android_ASTCTargetPlatform (83)
[2017.08.26-23.26.02:218][773]LogModuleManager: Shutting down and abandoning module AndroidTargetPlatform (81)
[2017.08.26-23.26.02:218][773]LogModuleManager: Shutting down and abandoning module WindowsTargetPlatform (79)
[2017.08.26-23.26.02:218][773]LogModuleManager: Shutting down and abandoning module WindowsServerTargetPlatform (77)
[2017.08.26-23.26.02:218][773]LogModuleManager: Shutting down and abandoning module WindowsNoEditorTargetPlatform (75)
[2017.08.26-23.26.02:218][773]LogModuleManager: Shutting down and abandoning module WindowsClientTargetPlatform (73)
[2017.08.26-23.26.02:218][773]LogModuleManager: Shutting down and abandoning module MacTargetPlatform (71)
[2017.08.26-23.26.02:218][773]LogModuleManager: Shutting down and abandoning module MacServerTargetPlatform (69)
[2017.08.26-23.26.02:218][773]LogModuleManager: Shutting down and abandoning module MacNoEditorTargetPlatform (67)
[2017.08.26-23.26.02:218][773]LogModuleManager: Shutting down and abandoning module MacClientTargetPlatform (65)
[2017.08.26-23.26.02:218][773]LogModuleManager: Shutting down and abandoning module AllDesktopTargetPlatform (63)
[2017.08.26-23.26.02:218][773]LogModuleManager: Shutting down and abandoning module InputCore (60)
[2017.08.26-23.26.02:218][773]LogModuleManager: Shutting down and abandoning module Settings (58)
[2017.08.26-23.26.02:218][773]LogModuleManager: Shutting down and abandoning module OculusRift (56)
[2017.08.26-23.26.02:218][773]LogModuleManager: Shutting down and abandoning module GearVRController (54)
[2017.08.26-23.26.02:218][773]LogModuleManager: Shutting down and abandoning module GearVR (52)
[2017.08.26-23.26.02:218][773]LogModuleManager: Shutting down and abandoning module ExampleDeviceProfileSelector (50)
[2017.08.26-23.26.02:218][773]LogModuleManager: Shutting down and abandoning module OnlineBlueprintSupport (48)
[2017.08.26-23.26.02:218][773]LogModuleManager: Shutting down and abandoning module OnlineSubsystem (44)
[2017.08.26-23.26.02:218][773]LogOnline:Display: Unloading online subsystem: NULL
[2017.08.26-23.26.02:218][773]LogModuleManager: Shutting down and abandoning module XMPP (43)
[2017.08.26-23.26.02:218][773]LogModuleManager: Shutting down and abandoning module HTTP (41)
[2017.08.26-23.26.02:218][773]LogHttp:Display: Http module shutting down, but needs to wait on 1 outstanding Http requests:
[2017.08.26-23.26.02:218][773]LogHttp:Display: 	verb=[POST] url=[https://datarouter.ol.epicgames.com/datarouter/api/v1/public/data?SessionID=%7B67FB4EB2-4B17-EFCE-B6FD-1AA8C8C5D8ED%7D&AppID=UEEditor.Rocket.Release&AppVersion=4.16.2-3514769%2B%2B%2BUE4%2BRelease-4.16&UserID=982011a7482c1cbdc2ce3cbeaef51dbe%7C2f3e48cbc1c5407bbd0670115d7b8004%7C70012bb2-c253-4297-934e-6257f569ac01&AppEnvironment=datacollector-binary&UploadType=eteventstream] status=Processing
[2017.08.26-23.26.02:226][773]LogModuleManager: Shutting down and abandoning module SSL (40)
[2017.08.26-23.26.02:227][773]LogModuleManager: Shutting down and abandoning module HTTPChunkInstaller (36)
[2017.08.26-23.26.02:227][773]LogModuleManager: Shutting down and abandoning module AnimationModifiers (34)
[2017.08.26-23.26.02:227][773]LogModuleManager: Shutting down and abandoning module PropertyEditor (33)
[2017.08.26-23.26.02:227][773]LogModuleManager: Shutting down and abandoning module AudioEditor (30)
[2017.08.26-23.26.02:227][773]LogModuleManager: Shutting down and abandoning module TextureCompressor (28)
[2017.08.26-23.26.02:227][773]LogModuleManager: Shutting down and abandoning module ShaderCore (26)
[2017.08.26-23.26.02:227][773]LogModuleManager: Shutting down and abandoning module Landscape (24)
[2017.08.26-23.26.02:227][773]LogModuleManager: Shutting down and abandoning module SlateRHIRenderer (22)
[2017.08.26-23.26.02:228][773]LogModuleManager: Shutting down and abandoning module OpenGLDrv (20)
[2017.08.26-23.26.02:228][773]LogModuleManager: Shutting down and abandoning module D3D11RHI (18)
[2017.08.26-23.26.02:228][773]LogModuleManager: Shutting down and abandoning module AnimGraphRuntime (16)
[2017.08.26-23.26.02:228][773]LogModuleManager: Shutting down and abandoning module Renderer (14)
[2017.08.26-23.26.02:228][773]LogModuleManager: Shutting down and abandoning module Engine (12)
[2017.08.26-23.26.02:228][773]LogModuleManager: Shutting down and abandoning module CoreUObject (10)
[2017.08.26-23.26.02:228][773]LogModuleManager: Shutting down and abandoning module NetworkFile (8)
[2017.08.26-23.26.02:228][773]LogModuleManager: Shutting down and abandoning module StreamingFile (6)
[2017.08.26-23.26.02:228][773]LogModuleManager: Shutting down and abandoning module SandboxFile (4)
[2017.08.26-23.26.02:228][773]LogModuleManager: Shutting down and abandoning module PakFile (2)
[2017.08.26-23.26.02:229][773]LogExit: Exiting.
[2017.08.26-23.26.02:240][773]Log file closed, 08/26/17 16:26:02
