Log file open, 07/29/17 18:09:17
LogInit:Display: Running engine for game: CastleGuardReborn
LogPlatformFile: Not using cached read wrapper
LogInit:Display: RandInit(1500657952) SRandInit(1500657952).
LogTaskGraph: Started task graph with 5 named threads and 8 total threads with 1 sets of task threads.
LogStats: Stats thread started at 0.104201
LogInit: Using libcurl 7.47.1
LogInit:  - built for x86_64-pc-win32
LogInit:  - supports SSL with OpenSSL/1.0.2g
LogInit:  - supports HTTP deflate (compression) using libz 1.2.8
LogInit:  - other features:
LogInit:      CURL_VERSION_SSL
LogInit:      CURL_VERSION_LIBZ
LogInit:      CURL_VERSION_IPV6
LogInit:      CURL_VERSION_ASYNCHDNS
LogInit:      CURL_VERSION_LARGEFILE
LogInit:      CURL_VERSION_IDN
LogInit:  CurlRequestOptions (configurable via config and command line):
LogInit:  - bVerifyPeer = false  - Libcurl will NOT verify peer certificate
LogInit:  - bUseHttpProxy = false  - Libcurl will NOT use HTTP proxy
LogInit:  - bDontReuseConnections = false  - Libcurl will reuse connections
LogInit:  - CertBundlePath = nullptr  - Libcurl will use whatever was configured at build time.
LogInit: Build: ++UE4+Release-4.16-CL-3514769
LogInit: Engine Version: 4.16.2-3514769+++UE4+Release-4.16
LogInit: Compatible Engine Version: 4.16.0-3452394+++UE4+Release-4.16
LogInit: Net CL: 3452394
LogDevObjectVersion: Number of dev versions registered: 16
LogDevObjectVersion:   Dev-Blueprints (B0D832E4-1F89-4F0D-ACCF-7EB736FD4AA2): 9
LogDevObjectVersion:   Dev-Build (E1C64328-A22C-4D53-A36C-8E866417BD8C): 0
LogDevObjectVersion:   Dev-Core (375EC13C-06E4-48FB-B500-84F0262A717E): 2
LogDevObjectVersion:   Dev-Editor (E4B068ED-F494-42E9-A231-DA0B2E46BB41): 17
LogDevObjectVersion:   Dev-Framework (CFFC743F-43B0-4480-9391-14DF171D2073): 23
LogDevObjectVersion:   Dev-Mobile (B02B49B5-BB20-44E9-A304-32B752E40360): 0
LogDevObjectVersion:   Dev-Networking (A4E4105C-59A1-49B5-A7C5-40C4547EDFEE): 0
LogDevObjectVersion:   Dev-Online (39C831C9-5AE6-47DC-9A44-9C173E1C8E7C): 0
LogDevObjectVersion:   Dev-Physics (78F01B33-EBEA-4F98-B9B4-84EACCB95AA2): 0
LogDevObjectVersion:   Dev-Platform (6631380F-2D4D-43E0-8009-CF276956A95A): 0
LogDevObjectVersion:   Dev-Rendering (12F88B9F-8875-4AFC-A67C-D90C383ABD29): 15
LogDevObjectVersion:   Dev-Sequencer (7B5AE74C-D270-4C10-A958-57980B212A5A): 4
LogDevObjectVersion:   Dev-VR (D7296918-1DD6-4BDD-9DE2-64A83CC13884): 0
LogDevObjectVersion:   Dev-LoadTimes (C2A15278-BFE7-4AFE-6C17-90FF531DF755): 1
LogDevObjectVersion:   Private-Geometry (6EACA3D4-40EC-4CC1-B786-8BED09428FC5): 1
LogDevObjectVersion:   Dev-AnimPhys (29E575DD-E0A3-4627-9D10-D276232CDCEA): 3
LogInit: Compiled (64-bit): Jun 29 2017 02:03:24
LogInit: Compiled with Visual C++: 19.00.24215.01
LogInit: Build Configuration: Development
LogInit: Branch Name: ++UE4+Release-4.16
LogInit: Command line:  
LogInit: Base directory: C:/Program Files/Epic Games/UE_4.16/Engine/Binaries/Win64/
LogInit: Installed Engine Build: 1
LogInit: Presizing for max 8388607 objects, including 0 objects not considered by GC, pre-allocating 0 bytes for permanent pool.
LogInit: Object subsystem initialized
[2017.07.30-01.09.18:011][  0]LogInit: Selected Device Profile: [Windows]
[2017.07.30-01.09.18:011][  0]LogInit: Applying CVar settings loaded from the selected device profile: [Windows]
[2017.07.30-01.09.18:043][  0]LogInit: Computer: LCIVAN-238-00
[2017.07.30-01.09.18:043][  0]LogInit: User: studentuser
[2017.07.30-01.09.18:043][  0]LogInit: CPU Page size=4096, Cores=4
[2017.07.30-01.09.18:043][  0]LogInit: High frequency timer resolution =4.101563 MHz
[2017.07.30-01.09.18:043][  0]LogMemory: Memory total: Physical=15.9GB (16GB approx)
[2017.07.30-01.09.18:043][  0]LogMemory: Platform Memory Stats for Windows
[2017.07.30-01.09.18:043][  0]LogMemory: Process Physical Memory: 273.55 MB used, 273.55 MB peak
[2017.07.30-01.09.18:043][  0]LogMemory: Process Virtual Memory: 260.77 MB used, 260.77 MB peak
[2017.07.30-01.09.18:043][  0]LogMemory: Physical Memory: 4922.41 MB used,  11361.04 MB free, 16283.45 MB total
[2017.07.30-01.09.18:043][  0]LogMemory: Virtual Memory: 638.47 MB used,  11361.04 MB free, 134217728.00 MB total
[2017.07.30-01.09.18:272][  0]LogInit: Using OS detected language (en-US).
[2017.07.30-01.09.18:272][  0]LogInit: Using OS detected locale (en-CA).
[2017.07.30-01.09.18:307][  0]LogTextLocalizationManager: No specific localization for 'en-US' exists, so the 'en' localization will be used.
[2017.07.30-01.09.20:290][  0]LogD3D11RHI: D3D11 adapters:
[2017.07.30-01.09.20:332][  0]LogD3D11RHI:    0. 'NVIDIA GeForce GTX 1070' (Feature Level 11_0)
[2017.07.30-01.09.20:332][  0]LogD3D11RHI:       8120/0/8141 MB DedicatedVideo/DedicatedSystem/SharedSystem, Outputs:1, VendorId:0x10de
[2017.07.30-01.09.20:339][  0]LogD3D11RHI:    1. 'Intel(R) HD Graphics 630' (Feature Level 11_0)
[2017.07.30-01.09.20:339][  0]LogD3D11RHI:       128/0/8141 MB DedicatedVideo/DedicatedSystem/SharedSystem, Outputs:0, VendorId:0x8086
[2017.07.30-01.09.20:340][  0]LogD3D11RHI:    2. 'Microsoft Basic Render Driver' (Feature Level 11_0)
[2017.07.30-01.09.20:340][  0]LogD3D11RHI:       0/0/8141 MB DedicatedVideo/DedicatedSystem/SharedSystem, Outputs:0, VendorId:0x1414
[2017.07.30-01.09.20:340][  0]LogD3D11RHI: Chosen D3D11 Adapter: 0
[2017.07.30-01.09.20:347][  0]LogD3D11RHI: Creating new Direct3DDevice
[2017.07.30-01.09.20:347][  0]LogD3D11RHI:     GPU DeviceId: 0x1b81 (for the marketing name, search the web for "GPU Device Id")
[2017.07.30-01.09.20:347][  0]LogWindows: EnumDisplayDevices:
[2017.07.30-01.09.20:347][  0]LogWindows:    0. 'NVIDIA GeForce GTX 1070' (P:1 D:1)
[2017.07.30-01.09.20:348][  0]LogWindows:    1. 'NVIDIA GeForce GTX 1070' (P:0 D:0)
[2017.07.30-01.09.20:348][  0]LogWindows:    2. 'NVIDIA GeForce GTX 1070' (P:0 D:0)
[2017.07.30-01.09.20:348][  0]LogWindows:    3. 'NVIDIA GeForce GTX 1070' (P:0 D:0)
[2017.07.30-01.09.20:348][  0]LogWindows:    4. 'Intel(R) HD Graphics 630' (P:0 D:0)
[2017.07.30-01.09.20:348][  0]LogWindows:    5. 'Intel(R) HD Graphics 630' (P:0 D:0)
[2017.07.30-01.09.20:348][  0]LogWindows:    6. 'Intel(R) HD Graphics 630' (P:0 D:0)
[2017.07.30-01.09.20:348][  0]LogWindows: DebugString: PrimaryIsNotTheChoosenAdapter PrimaryIsNotTheChoosenAdapter PrimaryIsNotTheChoosenAdapter FoundDriverCount:4 
[2017.07.30-01.09.20:348][  0]LogD3D11RHI:     Adapter Name: NVIDIA GeForce GTX 1070
[2017.07.30-01.09.20:348][  0]LogD3D11RHI:   Driver Version: 382.05 (internal:22.21.13.8205, unified:382.05)
[2017.07.30-01.09.20:348][  0]LogD3D11RHI:      Driver Date: 5-1-2017
[2017.07.30-01.09.20:348][  0]LogRHI: Texture pool is 1361 MB (70% of 1945 MB)
[2017.07.30-01.09.20:375][  0]LogD3D11RHI: Async texture creation enabled
[2017.07.30-01.09.20:399][  0]LogD3D11RHI: GPU Timing Frequency: 1000.000000 (Debug: 2 1)
[2017.07.30-01.09.20:453][  0]LogShaderCompilers: Guid format shader working directory is 20 characters bigger than the processId version (D:/CastleGuard/CastleGuardReborn/Intermediate/Shaders/WorkingDirectory/1264/).
[2017.07.30-01.09.20:454][  0]LogShaderCompilers: Cleaned the shader compiler working directory 'C:/Users/studentuser/AppData/Local/Temp/UnrealShaderWorkingDir/42CE1C7F41E5A28F84E7179B76A25C5F/'.
[2017.07.30-01.09.20:454][  0]LogShaderCompilers:Display: Using Local Shader Compiler.
[2017.07.30-01.09.21:797][  0]LogTemp:Display: Loaded TP AllDesktopTargetPlatform
[2017.07.30-01.09.21:832][  0]LogTemp:Display: Loaded TP MacClientTargetPlatform
[2017.07.30-01.09.21:865][  0]LogTemp:Display: Loaded TP MacNoEditorTargetPlatform
[2017.07.30-01.09.21:897][  0]LogTemp:Display: Loaded TP MacServerTargetPlatform
[2017.07.30-01.09.21:933][  0]LogTemp:Display: Loaded TP MacTargetPlatform
[2017.07.30-01.09.21:965][  0]LogTemp:Display: Loaded TP WindowsClientTargetPlatform
[2017.07.30-01.09.22:000][  0]LogTemp:Display: Loaded TP WindowsNoEditorTargetPlatform
[2017.07.30-01.09.22:032][  0]LogTemp:Display: Loaded TP WindowsServerTargetPlatform
[2017.07.30-01.09.22:061][  0]LogTemp:Display: Loaded TP WindowsTargetPlatform
[2017.07.30-01.09.22:098][  0]LogTemp:Display: Loaded TP AndroidTargetPlatform
[2017.07.30-01.09.22:130][  0]LogTemp:Display: Loaded TP Android_ASTCTargetPlatform
[2017.07.30-01.09.22:162][  0]LogTemp:Display: Loaded TP Android_ATCTargetPlatform
[2017.07.30-01.09.22:194][  0]LogTemp:Display: Loaded TP Android_DXTTargetPlatform
[2017.07.30-01.09.22:225][  0]LogTemp:Display: Loaded TP Android_ETC1TargetPlatform
[2017.07.30-01.09.22:257][  0]LogTemp:Display: Loaded TP Android_ETC2TargetPlatform
[2017.07.30-01.09.22:321][  0]LogTemp:Display: Loaded TP Android_MultiTargetPlatform
[2017.07.30-01.09.22:321][  0]LogTemp:Display: Loaded TP Android_PVRTCTargetPlatform
[2017.07.30-01.09.22:349][  0]LogTemp:Display: Loaded TP HTML5TargetPlatform
[2017.07.30-01.09.22:424][  0]LogTemp:Display: Loaded TP IOSTargetPlatform
[2017.07.30-01.09.22:444][  0]LogTemp:Display: Loaded TP TVOSTargetPlatform
[2017.07.30-01.09.22:476][  0]LogTemp:Display: Loaded TP LinuxClientTargetPlatform
[2017.07.30-01.09.22:508][  0]LogTemp:Display: Loaded TP LinuxNoEditorTargetPlatform
[2017.07.30-01.09.22:540][  0]LogTemp:Display: Loaded TP LinuxServerTargetPlatform
[2017.07.30-01.09.22:574][  0]LogTemp:Display: Loaded TP LinuxTargetPlatform
[2017.07.30-01.09.22:574][  0]LogTargetPlatformManager:Display: Building Assets For Windows
[2017.07.30-01.09.22:984][  0]LogDerivedDataCache:Display: Max Cache Size: 512 MB
[2017.07.30-01.09.23:423][  0]LogDerivedDataCache: Loaded boot cache 0.44s 103MB C:/Users/studentuser/AppData/Local/UnrealEngine/4.16/DerivedDataCache/Boot.ddc.
[2017.07.30-01.09.23:423][  0]LogDerivedDataCache:Display: Loaded Boot cache: C:/Users/studentuser/AppData/Local/UnrealEngine/4.16/DerivedDataCache/Boot.ddc
[2017.07.30-01.09.23:423][  0]LogDerivedDataCache: FDerivedDataBackendGraph:  Pak pak cache file D:/CastleGuard/CastleGuardReborn/DerivedDataCache/DDC.ddp not found, will not use a pak cache.
[2017.07.30-01.09.23:423][  0]LogDerivedDataCache: Unable to find inner node Pak for hierarchical cache Hierarchy.
[2017.07.30-01.09.23:423][  0]LogDerivedDataCache: FDerivedDataBackendGraph:  CompressedPak pak cache file D:/CastleGuard/CastleGuardReborn/DerivedDataCache/Compressed.ddp not found, will not use a pak cache.
[2017.07.30-01.09.23:423][  0]LogDerivedDataCache: Unable to find inner node CompressedPak for hierarchical cache Hierarchy.
[2017.07.30-01.09.23:443][  0]LogDerivedDataCache:Display: Pak cache opened for reading ../../../Engine/DerivedDataCache/Compressed.ddp.
[2017.07.30-01.09.23:455][  0]LogDerivedDataCache: Using Local data cache path C:/Users/studentuser/AppData/Local/UnrealEngine/Common/DerivedDataCache: Writable
[2017.07.30-01.09.23:467][  0]LogMaterial: Verifying Global Shaders for PCD3D_SM5
[2017.07.30-01.09.23:473][  0]LogSlate: Using Freetype 2.6.0
[2017.07.30-01.09.23:485][  0]LogSlate: SlateFontCache - WITH_FREETYPE: 1, WITH_HARFBUZZ: 1
[2017.07.30-01.09.23:485][  0]LogSlate: SlateFontCache - WITH_FREETYPE: 1, WITH_HARFBUZZ: 1
[2017.07.30-01.09.24:211][  0]LogInit: Selected Device Profile: [Windows]
[2017.07.30-01.09.24:364][  0]LogContentStreaming: Texture pool size is 0.00 MB
[2017.07.30-01.09.24:533][  0]LogMeshUtilities: Using QuadricMeshReduction for automatic static mesh reduction
[2017.07.30-01.09.24:573][  0]LogSimplygon: Simplygon DLL not present - disabling.
[2017.07.30-01.09.24:609][  0]LogMeshUtilities: Using SimplygonSwarm for distributed automatic mesh merging
[2017.07.30-01.09.24:609][  0]LogMeshUtilities: No automatic skeletal mesh reduction module available
[2017.07.30-01.09.24:609][  0]LogMeshUtilities: No automatic mesh merging module available
[2017.07.30-01.09.25:576][  0]LogNetVersion: CastleGuardReborn , NetCL: 3452394, EngineNetVer: 2, GameNetVer: 0 (Checksum: 2303850599)
[2017.07.30-01.09.25:657][  0]LogAssetRegistry: FAssetRegistry took 0.0270 seconds to start up
[2017.07.30-01.09.25:816][  0]LogPackageLocalizationCache: Processed 4 localized package path(s) for 2 prioritized culture(s) in 0.145378 seconds
[2017.07.30-01.09.25:821][  0]LogUObjectArray: 34194 objects as part of root set at end of initial load.
[2017.07.30-01.09.25:821][  0]LogUObjectAllocator: 7260416 out of 0 bytes used by permanent object pool.
[2017.07.30-01.09.25:821][  0]LogUObjectArray: CloseDisregardForGC: 0/0 objects in disregard for GC pool
[2017.07.30-01.09.25:865][  0]LogInit: WinSock: version 1.1 (2.2), MaxSocks=32767, MaxUdp=65467
[2017.07.30-01.09.29:349][  0]LogTcpMessaging: Initializing TcpMessaging bridge
[2017.07.30-01.09.29:386][  0]LogUdpMessaging: Initializing bridge on interface 0.0.0.0:0 to multicast group 230.0.0.1:6666.
[2017.07.30-01.09.29:868][  0]LogMaterial: Uniform references updated for custom material expression Custom.
[2017.07.30-01.09.30:222][  0]SourceControl: Info Source control is disabled
[2017.07.30-01.09.30:290][  0]SourceControl: Info Source control is disabled
[2017.07.30-01.09.30:330][  0]SourceControl: Info Source control is disabled
[2017.07.30-01.09.30:365][  0]SourceControl: Info Source control is disabled
[2017.07.30-01.09.30:849][  0]LogAndroidPermission: UAndroidPermissionCallbackProxy::GetInstance
[2017.07.30-01.09.31:275][  0]LogEngine: Initializing Engine...
[2017.07.30-01.09.33:881][  0]LogHMD: SteamVR initialized.  Driver: lighthouse  Display: LHR-A4D81BA4
[2017.07.30-01.09.34:218][  0]LogStats: UGameplayTagsManager::ConstructGameplayTagTree: Construct from data asset -  0.000 s
[2017.07.30-01.09.34:218][  0]LogStats: UGameplayTagsManager::ConstructGameplayTagTree: GameplayTagTreeChangedEvent.Broadcast -  0.000 s
[2017.07.30-01.09.34:323][  0]LogAIModule: Creating AISystem for world Untitled
[2017.07.30-01.09.34:341][  0]LogInit: XAudio2 using 'Realtek Digital Output (Realtek Audio)' : 2 channels at 48 kHz using 16 bits per sample (channel mask 0x3)
[2017.07.30-01.09.34:397][  0]LogInit: FAudioDevice initialized.
[2017.07.30-01.09.34:444][  0]LogDerivedDataCache: Saved boot cache 0.05s 90MB C:/Users/studentuser/AppData/Local/UnrealEngine/4.16/DerivedDataCache/Boot.ddc.
[2017.07.30-01.09.34:459][  0]LogInit: Texture streaming: Enabled
[2017.07.30-01.09.34:534][  0]LogEngineSessionManager: EngineSessionManager initialized
[2017.07.30-01.09.34:534][  0]LogEngineSessionManager: EngineSessionManager sent abnormal shutdown report. Type=AbnormalShutdown, SessionId={C04490AA-4E64-095D-B9E1-25BAC7B773C1}
[2017.07.30-01.09.34:724][  0]LogInit: Transaction tracking system initialized
[2017.07.30-01.09.34:969][  0]BlueprintLog: New page: Editor Load
[2017.07.30-01.09.35:699][  0]LocalizationService: Info Localization service is disabled
[2017.07.30-01.09.36:200][  0]LogConsoleResponse:Display: 
[2017.07.30-01.09.36:551][  0]LogCook:Display: Max memory allowance for cook 16384mb min free memory 0mb
[2017.07.30-01.09.36:551][  0]LogCook:Display: Mobile HDR setting 1
[2017.07.30-01.09.37:317][  0]LogFileCache: Scanning file cache for directory 'D:/CastleGuard/CastleGuardReborn/Content/' took 0.02s
[2017.07.30-01.09.37:363][  0]SourceControl: Info Source control is disabled
[2017.07.30-01.09.37:364][  0]Cmd: MAP LOAD FILE="D:/CastleGuard/CastleGuardReborn/Content/VirtualRealityBP/Maps/StartupMap.umap" TEMPLATE=0 SHOWPROGRESS=1 FEATURELEVEL=3
[2017.07.30-01.09.37:378][  0]LightingResults: New page: Lighting Build
[2017.07.30-01.09.37:414][  0]MapCheck: New page: Map Check
[2017.07.30-01.09.37:414][  0]LightingResults: New page: Lighting Build
[2017.07.30-01.09.37:650][  0]LogAIModule: Creating AISystem for world StartupMap
[2017.07.30-01.09.37:670][  0]LogEditorServer: Finished looking for orphan Actors (0.000 secs)
[2017.07.30-01.09.37:684][  0]Cmd: MAP CHECKDEP NOCLEARLOG
[2017.07.30-01.09.37:715][  0]MapCheck: Info Map check complete: 0 Error(s), 0 Warning(s), took 30.587ms to complete.
[2017.07.30-01.09.37:715][  0]LogFileHelpers: Loading map 'StartupMap' took 0.352
[2017.07.30-01.09.37:893][  0]LogCollectionManager: Loaded 0 collections in 0.001417 seconds
[2017.07.30-01.09.37:969][  0]LogFileCache: Scanning file cache for directory 'D:/CastleGuard/CastleGuardReborn/Saved/Collections/' took 0.01s
[2017.07.30-01.09.37:969][  0]LogFileCache: Scanning file cache for directory 'D:/CastleGuard/CastleGuardReborn/Content/Developers/studentuser/Collections/' took 0.01s
[2017.07.30-01.09.37:969][  0]LogFileCache: Scanning file cache for directory 'D:/CastleGuard/CastleGuardReborn/Content/Collections/' took 0.01s
[2017.07.30-01.09.37:969][  0]LogCollectionManager: Rebuilt the GUID cache for 0 collections in 0.000001 seconds
[2017.07.30-01.09.37:976][  0]LogContentBrowser: Native class hierarchy populated in 0.0066 seconds. Added 2329 classes and 491 folders.
[2017.07.30-01.09.38:023][  0]LogContentBrowser: Native class hierarchy updated for 'WidgetCarousel' in 0.0006 seconds. Added 0 classes and 0 folders.
[2017.07.30-01.09.38:302][  0]LogContentBrowser: Native class hierarchy updated for 'AddContentDialog' in 0.0004 seconds. Added 0 classes and 0 folders.
[2017.07.30-01.09.38:339][  0]LogContentBrowser: Native class hierarchy updated for 'SceneOutliner' in 0.0004 seconds. Added 1 classes and 2 folders.
[2017.07.30-01.09.38:398][  0]LogCrashTracker: Crashtracker disabled due to settings.
[2017.07.30-01.09.38:414][  0]LogSlate: Took 0.006290 seconds to synchronously load lazily loaded font '../../../Engine/Content/Slate/Fonts/Roboto-Regular.ttf' (155K)
[2017.07.30-01.09.38:419][  0]LogSlate: Took 0.003432 seconds to synchronously load lazily loaded font '../../../Engine/Content/Slate/Fonts/Roboto-Bold.ttf' (160K)
[2017.07.30-01.09.38:428][  0]LogSlate: Took 0.004357 seconds to synchronously load lazily loaded font '../../../Engine/Content/Editor/Slate/Fonts/FontAwesome.ttf' (139K)
[2017.07.30-01.09.38:553][  0]LogRenderer: Reallocating scene render targets to support 1208x576 NumSamples 1 (Frame:1).
[2017.07.30-01.09.38:686][  0]LogUObjectGlobals:Warning: Failed to find object 'Class None.'
[2017.07.30-01.09.38:743][  0]LogContentBrowser: Native class hierarchy updated for 'HierarchicalLODOutliner' in 0.0004 seconds. Added 1 classes and 2 folders.
[2017.07.30-01.09.38:743][  0]LogLoad: (Engine Initialization) Total time: 22.62 seconds
[2017.07.30-01.09.38:743][  0]LogLoad: (Engine Initialization) Total Blueprint compile time: 0.06 seconds
[2017.07.30-01.09.38:743][  0]LogExternalProfiler: Found external profiler: VSPerf
[2017.07.30-01.09.38:743][  0]LogExternalProfiler: Using external profiler: VSPerf
[2017.07.30-01.09.38:754][  0]LogWindowsTextInputMethodSystem:Display: IME system now deactivated.
[2017.07.30-01.09.38:755][  0]LogOcInput: OculusInput pre-init called
[2017.07.30-01.09.38:755][  0]LogHMD: Starting GearVRController plugin
[2017.07.30-01.09.38:768][  0]LogAssetRegistry: Asset discovery search completed in 13.1334 seconds
[2017.07.30-01.09.38:769][  0]LogCollectionManager: Rebuilt the object cache for 0 collections in 0.000000 seconds (found 0 objects)
[2017.07.30-01.09.38:769][  0]LogCollectionManager: Fixed up redirectors for 0 collections in 0.000023 seconds (updated 0 objects)
[2017.07.30-01.09.38:769][  0]LogContentStreaming: Texture pool size now 1000 MB
[2017.07.30-01.09.38:805][  0]LogSlate: Took 0.003606 seconds to synchronously load lazily loaded font '../../../Engine/Content/Slate/Fonts/Roboto-Light.ttf' (159K)
[2017.07.30-01.11.31:213][453]Cmd: MAP LOAD FILE="D:/CastleGuard/CastleGuardReborn/Content/VirtualRealityBP/Maps/MotionControllerMap.umap" TEMPLATE=0 SHOWPROGRESS=1 FEATURELEVEL=3
[2017.07.30-01.11.31:217][453]LogSlate: Took 0.000262 seconds to synchronously load lazily loaded font '../../../Engine/Content/Slate/Fonts/Roboto-Light.ttf' (159K)
[2017.07.30-01.11.31:226][453]LightingResults: New page: Lighting Build
[2017.07.30-01.11.31:226][453]LoadErrors: New page: Loading map: MotionControllerMap.umap
[2017.07.30-01.11.31:228][453]MapCheck: New page: Map Check
[2017.07.30-01.11.31:228][453]LightingResults: New page: Lighting Build
[2017.07.30-01.11.31:807][453]LogAIModule: Creating AISystem for world MotionControllerMap
[2017.07.30-01.11.31:821][453]LogEditorServer: Finished looking for orphan Actors (0.000 secs)
[2017.07.30-01.11.31:848][453]Cmd: MAP CHECKDEP NOCLEARLOG
[2017.07.30-01.11.31:880][453]MapCheck: Info Map check complete: 0 Error(s), 0 Warning(s), took 31.781ms to complete.
[2017.07.30-01.11.31:880][453]LogFileHelpers: Loading map 'MotionControllerMap' took 0.668
[2017.07.30-01.12.20:241][212]Cmd: MAP LOAD FILE="D:/CastleGuard/CastleGuardReborn/Content/VirtualRealityBP/Maps/MotionControllerMap.umap" TEMPLATE=0 SHOWPROGRESS=1 FEATURELEVEL=3
[2017.07.30-01.12.20:241][212]LightingResults: New page: Lighting Build
[2017.07.30-01.12.20:241][212]LoadErrors: New page: Loading map: MotionControllerMap.umap
[2017.07.30-01.12.20:242][212]MapCheck: New page: Map Check
[2017.07.30-01.12.20:242][212]LightingResults: New page: Lighting Build
[2017.07.30-01.12.20:267][212]LogAIModule: Creating AISystem for world MotionControllerMap
[2017.07.30-01.12.20:271][212]LogEditorServer: Finished looking for orphan Actors (0.000 secs)
[2017.07.30-01.12.20:293][212]Cmd: MAP CHECKDEP NOCLEARLOG
[2017.07.30-01.12.20:323][212]MapCheck: Info Map check complete: 0 Error(s), 0 Warning(s), took 29.954ms to complete.
[2017.07.30-01.12.20:324][212]LogFileHelpers: Loading map 'MotionControllerMap' took 0.084
[2017.07.30-01.12.21:321][328]LogAIModule: Creating AISystem for world StartupMap
[2017.07.30-01.12.21:331][328]Cmd: MAP LOAD FILE="D:/CastleGuard/CastleGuardReborn/Content/VirtualRealityBP/Maps/StartupMap.umap" TEMPLATE=0 SHOWPROGRESS=1 FEATURELEVEL=3
[2017.07.30-01.12.21:331][328]LightingResults: New page: Lighting Build
[2017.07.30-01.12.21:332][328]LoadErrors: New page: Loading map: StartupMap.umap
[2017.07.30-01.12.21:332][328]MapCheck: New page: Map Check
[2017.07.30-01.12.21:332][328]LightingResults: New page: Lighting Build
[2017.07.30-01.12.21:341][328]LogEditorServer: Finished looking for orphan Actors (0.000 secs)
[2017.07.30-01.12.21:363][328]Cmd: MAP CHECKDEP NOCLEARLOG
[2017.07.30-01.12.21:395][328]MapCheck: Info Map check complete: 0 Error(s), 0 Warning(s), took 32.062ms to complete.
[2017.07.30-01.12.21:395][328]LogFileHelpers: Loading map 'StartupMap' took 0.065
[2017.07.30-01.12.22:746][473]LogAIModule: Creating AISystem for world HMDLocomotionMap
[2017.07.30-01.12.22:759][473]Cmd: MAP LOAD FILE="D:/CastleGuard/CastleGuardReborn/Content/VirtualRealityBP/Maps/HMDLocomotionMap.umap" TEMPLATE=0 SHOWPROGRESS=1 FEATURELEVEL=3
[2017.07.30-01.12.22:759][473]LightingResults: New page: Lighting Build
[2017.07.30-01.12.22:760][473]LoadErrors: New page: Loading map: HMDLocomotionMap.umap
[2017.07.30-01.12.22:760][473]MapCheck: New page: Map Check
[2017.07.30-01.12.22:760][473]LightingResults: New page: Lighting Build
[2017.07.30-01.12.22:772][473]LogEditorServer: Finished looking for orphan Actors (0.000 secs)
[2017.07.30-01.12.22:792][473]Cmd: MAP CHECKDEP NOCLEARLOG
[2017.07.30-01.12.22:823][473]MapCheck: Info Map check complete: 0 Error(s), 0 Warning(s), took 31.333ms to complete.
[2017.07.30-01.12.22:823][473]LogFileHelpers: Loading map 'HMDLocomotionMap' took 0.064
[2017.07.30-01.12.27:619][ 38]LogUObjectGlobals:Warning: Failed to find object 'Object /Game/VirtualRealityBP/Maps/MotionControllerMap_BuiltData.MotionControllerMap_BuiltData'
[2017.07.30-01.12.35:986][ 16]LogWindowsTextInputMethodSystem:Display: IME system now deactivated.
[2017.07.30-01.12.36:133][ 17]Cmd: QUIT_EDITOR
[2017.07.30-01.12.36:157][ 17]LogExit: Preparing to exit.
[2017.07.30-01.12.36:477][ 17]LogExit: Editor shut down
[2017.07.30-01.12.36:480][ 17]LogExit: Transaction tracking system shut down
[2017.07.30-01.12.36:529][ 17]LogObj: Freed 0b from 0 cluster array pools.
[2017.07.30-01.12.36:529][ 17]LogExit: Object subsystem successfully closed.
[2017.07.30-01.12.36:546][ 17]LogD3D11RHI: Shutdown
[2017.07.30-01.12.36:546][ 17]LogD3D11RHI: CleanupD3DDevice
[2017.07.30-01.12.36:595][ 17]LogD3D11RHI: ~FD3D11DynamicRHI
[2017.07.30-01.12.36:610][ 17]LogModuleManager: Shutting down and abandoning module HierarchicalLODOutliner (524)
[2017.07.30-01.12.36:610][ 17]LogModuleManager: Shutting down and abandoning module CrashTracker (522)
[2017.07.30-01.12.36:610][ 17]LogModuleManager: Shutting down and abandoning module SceneOutliner (520)
[2017.07.30-01.12.36:610][ 17]LogModuleManager: Shutting down and abandoning module AddContentDialog (518)
[2017.07.30-01.12.36:610][ 17]LogDirectoryWatcher: A directory notification for 'C:/Program Files/Epic Games/UE_4.16/FeaturePacks/' was aborted.
[2017.07.30-01.12.36:611][ 17]LogModuleManager: Shutting down and abandoning module WidgetCarousel (517)
[2017.07.30-01.12.36:611][ 17]LogModuleManager: Shutting down and abandoning module EditorWidgets (514)
[2017.07.30-01.12.36:611][ 17]LogModuleManager: Shutting down and abandoning module CollectionManager (512)
[2017.07.30-01.12.36:611][ 17]LogDirectoryWatcher: A directory notification for 'D:/CastleGuard/CastleGuardReborn/Content/Collections/' was aborted.
[2017.07.30-01.12.36:611][ 17]LogDirectoryWatcher: A directory notification for 'D:/CastleGuard/CastleGuardReborn/Content/Developers/studentuser/Collections/' was aborted.
[2017.07.30-01.12.36:611][ 17]LogDirectoryWatcher: A directory notification for 'D:/CastleGuard/CastleGuardReborn/Saved/Collections/' was aborted.
[2017.07.30-01.12.36:611][ 17]LogModuleManager: Shutting down and abandoning module StatsViewer (510)
[2017.07.30-01.12.36:611][ 17]LogModuleManager: Shutting down and abandoning module FoliageEdit (508)
[2017.07.30-01.12.36:611][ 17]LogModuleManager: Shutting down and abandoning module LandscapeEditor (506)
[2017.07.30-01.12.36:611][ 17]LogModuleManager: Shutting down and abandoning module MeshPaintMode (504)
[2017.07.30-01.12.36:611][ 17]LogModuleManager: Shutting down and abandoning module SceneDepthPickerMode (502)
[2017.07.30-01.12.36:611][ 17]LogModuleManager: Shutting down and abandoning module ActorPickerMode (500)
[2017.07.30-01.12.36:611][ 17]LogModuleManager: Shutting down and abandoning module GeometryMode (498)
[2017.07.30-01.12.36:611][ 17]LogModuleManager: Shutting down and abandoning module TextureAlignMode (496)
[2017.07.30-01.12.36:611][ 17]LogModuleManager: Shutting down and abandoning module BspMode (494)
[2017.07.30-01.12.36:611][ 17]LogModuleManager: Shutting down and abandoning module HardwareSurvey (492)
[2017.07.30-01.12.36:611][ 17]LogModuleManager: Shutting down and abandoning module SequenceRecorderSections (490)
[2017.07.30-01.12.36:611][ 17]LogModuleManager: Shutting down and abandoning module AutomationWorker (488)
[2017.07.30-01.12.36:611][ 17]LogModuleManager: Shutting down and abandoning module MatineeToLevelSequence (486)
[2017.07.30-01.12.36:611][ 17]LogModuleManager: Shutting down and abandoning module LevelSequenceEditor (484)
[2017.07.30-01.12.36:611][ 17]LogModuleManager: Shutting down and abandoning module PlacementMode (483)
[2017.07.30-01.12.36:611][ 17]LogModuleManager: Shutting down and abandoning module WmfMediaFactory (480)
[2017.07.30-01.12.36:611][ 17]LogModuleManager: Shutting down and abandoning module WmfMediaEditor (478)
[2017.07.30-01.12.36:611][ 17]LogModuleManager: Shutting down and abandoning module AvfMediaFactory (476)
[2017.07.30-01.12.36:611][ 17]LogModuleManager: Shutting down and abandoning module AvfMediaEditor (474)
[2017.07.30-01.12.36:611][ 17]LogModuleManager: Shutting down and abandoning module AndroidMediaFactory (472)
[2017.07.30-01.12.36:612][ 17]LogModuleManager: Shutting down and abandoning module Media (471)
[2017.07.30-01.12.36:612][ 17]LogModuleManager: Shutting down and abandoning module AndroidMediaEditor (468)
[2017.07.30-01.12.36:612][ 17]LogModuleManager: Shutting down and abandoning module CharacterAI (466)
[2017.07.30-01.12.36:612][ 17]LogModuleManager: Shutting down and abandoning module AudioCapture (464)
[2017.07.30-01.12.36:612][ 17]LogModuleManager: Shutting down and abandoning module SequenceRecorder (463)
[2017.07.30-01.12.36:612][ 17]LogModuleManager: Shutting down and abandoning module SmartSnapping (460)
[2017.07.30-01.12.36:612][ 17]LogModuleManager: Shutting down and abandoning module SessionServices (458)
[2017.07.30-01.12.36:612][ 17]LogModuleManager: Shutting down and abandoning module ViewportSnapping (456)
[2017.07.30-01.12.36:612][ 17]LogModuleManager: Shutting down and abandoning module ViewportInteraction (454)
[2017.07.30-01.12.36:612][ 17]LogModuleManager: Shutting down and abandoning module ClothPainter (452)
[2017.07.30-01.12.36:612][ 17]LogModuleManager: Shutting down and abandoning module LogVisualizer (450)
[2017.07.30-01.12.36:613][ 17]LogModuleManager: Shutting down and abandoning module IntroTutorials (448)
[2017.07.30-01.12.36:613][ 17]LogModuleManager: Shutting down and abandoning module GameProjectGeneration (447)
[2017.07.30-01.12.36:613][ 17]LogModuleManager: Shutting down and abandoning module EditorLiveStreaming (444)
[2017.07.30-01.12.36:613][ 17]LogModuleManager: Shutting down and abandoning module IOSPlatformEditor (442)
[2017.07.30-01.12.36:613][ 17]LogModuleManager: Shutting down and abandoning module HTML5PlatformEditor (440)
[2017.07.30-01.12.36:613][ 17]LogModuleManager: Shutting down and abandoning module AndroidPlatformEditor (438)
[2017.07.30-01.12.36:613][ 17]LogModuleManager: Shutting down and abandoning module AndroidDeviceDetection (437)
[2017.07.30-01.12.36:983][ 17]LogModuleManager: Shutting down and abandoning module IOSRuntimeSettings (434)
[2017.07.30-01.12.36:983][ 17]LogModuleManager: Shutting down and abandoning module AndroidRuntimeSettings (432)
[2017.07.30-01.12.36:983][ 17]LogModuleManager: Shutting down and abandoning module InputBindingEditor (430)
[2017.07.30-01.12.36:993][ 17]LogModuleManager: Shutting down and abandoning module MergeActors (428)
[2017.07.30-01.12.36:993][ 17]LogModuleManager: Shutting down and abandoning module SizeMap (426)
[2017.07.30-01.12.36:993][ 17]LogModuleManager: Shutting down and abandoning module TreeMap (424)
[2017.07.30-01.12.36:993][ 17]LogModuleManager: Shutting down and abandoning module ReferenceViewer (422)
[2017.07.30-01.12.36:993][ 17]LogModuleManager: Shutting down and abandoning module LocalizationDashboard (420)
[2017.07.30-01.12.36:994][ 17]LogModuleManager: Shutting down and abandoning module LocalizationService (419)
[2017.07.30-01.12.36:994][ 17]LogModuleManager: Shutting down and abandoning module HardwareTargeting (416)
[2017.07.30-01.12.36:994][ 17]LogModuleManager: Shutting down and abandoning module DeviceProfileEditor (414)
[2017.07.30-01.12.36:994][ 17]LogModuleManager: Shutting down and abandoning module UndoHistory (412)
[2017.07.30-01.12.36:994][ 17]LogModuleManager: Shutting down and abandoning module UserFeedback (410)
[2017.07.30-01.12.36:994][ 17]LogModuleManager: Shutting down and abandoning module XmlParser (408)
[2017.07.30-01.12.36:994][ 17]LogModuleManager: Shutting down and abandoning module Blutility (406)
[2017.07.30-01.12.36:994][ 17]LogModuleManager: Shutting down and abandoning module ProjectSettingsViewer (404)
[2017.07.30-01.12.36:994][ 17]LogModuleManager: Shutting down and abandoning module ProjectTargetPlatformEditor (403)
[2017.07.30-01.12.36:994][ 17]LogModuleManager: Shutting down and abandoning module EditorSettingsViewer (400)
[2017.07.30-01.12.36:994][ 17]LogModuleManager: Shutting down and abandoning module SettingsEditor (398)
[2017.07.30-01.12.36:994][ 17]LogModuleManager: Shutting down and abandoning module ProjectLauncher (396)
[2017.07.30-01.12.36:995][ 17]LogModuleManager: Shutting down and abandoning module SessionFrontend (394)
[2017.07.30-01.12.36:995][ 17]LogModuleManager: Shutting down and abandoning module ProfilerClient (392)
[2017.07.30-01.12.36:995][ 17]LogModuleManager: Shutting down and abandoning module DeviceManager (390)
[2017.07.30-01.12.36:996][ 17]LogModuleManager: Shutting down and abandoning module TargetDeviceServices (389)
[2017.07.30-01.12.37:061][ 17]LogModuleManager: Shutting down and abandoning module AutomationController (386)
[2017.07.30-01.12.37:061][ 17]LogModuleManager: Shutting down and abandoning module AutomationWindow (384)
[2017.07.30-01.12.37:061][ 17]LogModuleManager: Shutting down and abandoning module Layers (382)
[2017.07.30-01.12.37:062][ 17]LogModuleManager: Shutting down and abandoning module ComponentVisualizers (380)
[2017.07.30-01.12.37:062][ 17]LogModuleManager: Shutting down and abandoning module DetailCustomizations (378)
[2017.07.30-01.12.37:062][ 17]LogModuleManager: Shutting down and abandoning module PackagesDialog (376)
[2017.07.30-01.12.37:063][ 17]LogModuleManager: Shutting down and abandoning module Persona (374)
[2017.07.30-01.12.37:063][ 17]LogModuleManager: Shutting down and abandoning module AdvancedPreviewScene (373)
[2017.07.30-01.12.37:063][ 17]LogModuleManager: Shutting down and abandoning module AnimGraph (371)
[2017.07.30-01.12.37:063][ 17]LogModuleManager: Shutting down and abandoning module Kismet (368)
[2017.07.30-01.12.37:063][ 17]LogModuleManager: Shutting down and abandoning module ClassViewer (366)
[2017.07.30-01.12.37:064][ 17]LogModuleManager: Shutting down and abandoning module Toolbox (364)
[2017.07.30-01.12.37:064][ 17]LogModuleManager: Shutting down and abandoning module ModuleUI (362)
[2017.07.30-01.12.37:064][ 17]LogModuleManager: Shutting down and abandoning module MovieSceneTools (360)
[2017.07.30-01.12.37:064][ 17]LogModuleManager: Shutting down and abandoning module OutputLog (358)
[2017.07.30-01.12.37:064][ 17]LogModuleManager: Shutting down and abandoning module GammaUI (356)
[2017.07.30-01.12.37:065][ 17]LogModuleManager: Shutting down and abandoning module Documentation (354)
[2017.07.30-01.12.37:065][ 17]LogModuleManager: Shutting down and abandoning module MovieSceneTracks (352)
[2017.07.30-01.12.37:065][ 17]LogModuleManager: Shutting down and abandoning module MovieScene (350)
[2017.07.30-01.12.37:065][ 17]LogModuleManager: Shutting down and abandoning module Niagara (348)
[2017.07.30-01.12.37:065][ 17]LogModuleManager: Shutting down and abandoning module NiagaraEditor (347)
[2017.07.30-01.12.37:065][ 17]LogModuleManager: Shutting down and abandoning module StreamingPauseRendering (344)
[2017.07.30-01.12.37:065][ 17]LogModuleManager: Shutting down and abandoning module AnalyticsET (342)
[2017.07.30-01.12.37:065][ 17]LogModuleManager: Shutting down and abandoning module PortalServices (340)
[2017.07.30-01.12.37:065][ 17]LogModuleManager: Shutting down and abandoning module PortalRpc (338)
[2017.07.30-01.12.37:065][ 17]LogModuleManager: Shutting down and abandoning module MessagingRpc (336)
[2017.07.30-01.12.37:065][ 17]LogModuleManager: Shutting down and abandoning module AIModule (334)
[2017.07.30-01.12.37:065][ 17]LogModuleManager: Shutting down and abandoning module GameplayDebugger (333)
[2017.07.30-01.12.37:066][ 17]LogModuleManager: Shutting down and abandoning module AITestSuite (331)
[2017.07.30-01.12.37:066][ 17]LogModuleManager: Shutting down and abandoning module ProfilerService (328)
[2017.07.30-01.12.37:152][ 17]LogModuleManager: Shutting down and abandoning module TaskGraph (326)
[2017.07.30-01.12.37:152][ 17]LogModuleManager: Shutting down and abandoning module SteamVRController (324)
[2017.07.30-01.12.37:152][ 17]LogModuleManager: Shutting down and abandoning module SteamVR (322)
[2017.07.30-01.12.37:152][ 17]LogModuleManager: Shutting down and abandoning module ProceduralMeshComponentEditor (320)
[2017.07.30-01.12.37:152][ 17]LogModuleManager: Shutting down and abandoning module ProceduralMeshComponent (318)
[2017.07.30-01.12.37:152][ 17]LogModuleManager: Shutting down and abandoning module OculusLibrary (316)
[2017.07.30-01.12.37:152][ 17]LogModuleManager: Shutting down and abandoning module OculusInput (314)
[2017.07.30-01.12.37:152][ 17]LogModuleManager: Shutting down and abandoning module MobilePatchingUtils (312)
[2017.07.30-01.12.37:152][ 17]LogModuleManager: Shutting down and abandoning module CustomMeshComponent (310)
[2017.07.30-01.12.37:152][ 17]LogModuleManager: Shutting down and abandoning module CableComponent (308)
[2017.07.30-01.12.37:152][ 17]LogModuleManager: Shutting down and abandoning module ArchVisCharacter (306)
[2017.07.30-01.12.37:152][ 17]LogModuleManager: Shutting down and abandoning module AndroidPermission (304)
[2017.07.30-01.12.37:152][ 17]LogModuleManager: Shutting down and abandoning module MediaPlayerEditor (300)
[2017.07.30-01.12.37:153][ 17]LogModuleManager: Shutting down and abandoning module HTML5Networking (298)
[2017.07.30-01.12.37:153][ 17]LogModuleManager: Shutting down and abandoning module AlembicImporter (296)
[2017.07.30-01.12.37:153][ 17]LogModuleManager: Shutting down and abandoning module AlembicLibrary (295)
[2017.07.30-01.12.37:153][ 17]LogModuleManager: Shutting down and abandoning module GeometryCache (294)
[2017.07.30-01.12.37:153][ 17]LogModuleManager: Shutting down and abandoning module GeometryCacheEd (293)
[2017.07.30-01.12.37:153][ 17]LogModuleManager: Shutting down and abandoning module SuperSearchEditor (288)
[2017.07.30-01.12.37:153][ 17]LogModuleManager: Shutting down and abandoning module SuperSearch (287)
[2017.07.30-01.12.37:153][ 17]LogModuleManager: Shutting down and abandoning module SpeedTreeImporter (284)
[2017.07.30-01.12.37:153][ 17]LogModuleManager: Shutting down and abandoning module PluginBrowser (282)
[2017.07.30-01.12.37:153][ 17]LogModuleManager: Shutting down and abandoning module MobileLauncherProfileWizard (280)
[2017.07.30-01.12.37:153][ 17]LogModuleManager: Shutting down and abandoning module VisualStudioSourceCodeAccess (278)
[2017.07.30-01.12.37:153][ 17]LogModuleManager: Shutting down and abandoning module DesktopPlatform (277)
[2017.07.30-01.12.37:153][ 17]LogModuleManager: Shutting down and abandoning module UObjectPlugin (274)
[2017.07.30-01.12.37:153][ 17]LogModuleManager: Shutting down and abandoning module SubversionSourceControl (272)
[2017.07.30-01.12.37:153][ 17]LogModuleManager: Shutting down and abandoning module PerforceSourceControl (270)
[2017.07.30-01.12.37:153][ 17]LogModuleManager: Shutting down and abandoning module GitSourceControl (268)
[2017.07.30-01.12.37:153][ 17]LogModuleManager: Shutting down and abandoning module SourceControl (267)
[2017.07.30-01.12.37:153][ 17]LogModuleManager: Shutting down and abandoning module LightPropagationVolumeEditor (264)
[2017.07.30-01.12.37:153][ 17]LogModuleManager: Shutting down and abandoning module PaperTiledImporter (262)
[2017.07.30-01.12.37:153][ 17]LogModuleManager: Shutting down and abandoning module PaperSpriteSheetImporter (260)
[2017.07.30-01.12.37:153][ 17]LogModuleManager: Shutting down and abandoning module Paper2DEditor (258)
[2017.07.30-01.12.37:153][ 17]LogModuleManager: Shutting down and abandoning module MeshPaint (257)
[2017.07.30-01.12.37:153][ 17]LogModuleManager: Shutting down and abandoning module LevelEditor (255)
[2017.07.30-01.12.37:154][ 17]LogModuleManager: Shutting down and abandoning module PixelInspectorModule (254)
[2017.07.30-01.12.37:154][ 17]LogModuleManager: Shutting down and abandoning module MainFrame (252)
[2017.07.30-01.12.37:154][ 17]LogModuleManager: Shutting down and abandoning module HotReload (251)
[2017.07.30-01.12.37:154][ 17]LogModuleManager: Shutting down and abandoning module PhysXVehiclesEditor (246)
[2017.07.30-01.12.37:154][ 17]LogModuleManager: Shutting down and abandoning module PhysXVehicles (244)
[2017.07.30-01.12.37:154][ 17]LogModuleManager: Shutting down and abandoning module LocationServicesBPLibrary (242)
[2017.07.30-01.12.37:154][ 17]LogModuleManager: Shutting down and abandoning module ImmediatePhysicsEditor (240)
[2017.07.30-01.12.37:154][ 17]LogModuleManager: Shutting down and abandoning module ImmediatePhysics (238)
[2017.07.30-01.12.37:154][ 17]LogModuleManager: Shutting down and abandoning module UdpMessaging (236)
[2017.07.30-01.12.37:255][ 17]LogModuleManager: Shutting down and abandoning module TcpMessaging (234)
[2017.07.30-01.12.37:398][ 17]LogModuleManager: Shutting down and abandoning module GameplayTagsEditor (232)
[2017.07.30-01.12.37:407][ 17]LogModuleManager: Shutting down and abandoning module FacialAnimationEditor (230)
[2017.07.30-01.12.37:407][ 17]LogModuleManager: Shutting down and abandoning module FacialAnimation (228)
[2017.07.30-01.12.37:407][ 17]LogModuleManager: Shutting down and abandoning module AssetManagerEditor (226)
[2017.07.30-01.12.37:408][ 17]LogModuleManager: Shutting down and abandoning module GraphEditor (225)
[2017.07.30-01.12.37:410][ 17]LogModuleManager: Shutting down and abandoning module ContentBrowser (223)
[2017.07.30-01.12.37:410][ 17]LogModuleManager: Shutting down and abandoning module LightPropagationVolumeRuntime (220)
[2017.07.30-01.12.37:410][ 17]LogModuleManager: Shutting down and abandoning module Paper2D (218)
[2017.07.30-01.12.37:410][ 17]LogModuleManager: Shutting down and abandoning module WindowsMoviePlayer (216)
[2017.07.30-01.12.37:410][ 17]LogModuleManager: Shutting down and abandoning module WmfMedia (214)
[2017.07.30-01.12.37:410][ 17]LogModuleManager: Shutting down and abandoning module ClothingSystemEditor (212)
[2017.07.30-01.12.37:410][ 17]LogModuleManager: Shutting down and abandoning module ClothingSystemRuntime (210)
[2017.07.30-01.12.37:411][ 17]LogModuleManager: Shutting down and abandoning module MediaAssets (208)
[2017.07.30-01.12.37:411][ 17]LogModuleManager: Shutting down and abandoning module GameLiveStreaming (206)
[2017.07.30-01.12.37:411][ 17]LogModuleManager: Shutting down and abandoning module VREditor (204)
[2017.07.30-01.12.37:411][ 17]LogModuleManager: Shutting down and abandoning module StringTableEditor (202)
[2017.07.30-01.12.37:411][ 17]LogModuleManager: Shutting down and abandoning module GameplayTasksEditor (200)
[2017.07.30-01.12.37:411][ 17]LogModuleManager: Shutting down and abandoning module BehaviorTreeEditor (198)
[2017.07.30-01.12.37:412][ 17]LogModuleManager: Shutting down and abandoning module FunctionalTesting (196)
[2017.07.30-01.12.37:412][ 17]LogModuleManager: Shutting down and abandoning module CollisionAnalyzer (194)
[2017.07.30-01.12.37:412][ 17]LogModuleManager: Shutting down and abandoning module UMG (192)
[2017.07.30-01.12.37:412][ 17]LogModuleManager: Shutting down and abandoning module UMGEditor (191)
[2017.07.30-01.12.37:413][ 17]LogModuleManager: Shutting down and abandoning module Sequencer (190)
[2017.07.30-01.12.37:414][ 17]LogModuleManager: Shutting down and abandoning module AssetTools (188)
[2017.07.30-01.12.37:414][ 17]LogModuleManager: Shutting down and abandoning module MessageLog (187)
[2017.07.30-01.12.37:414][ 17]LogModuleManager: Shutting down and abandoning module WorkspaceMenuStructure (186)
[2017.07.30-01.12.37:414][ 17]LogModuleManager: Shutting down and abandoning module SlateReflector (180)
[2017.07.30-01.12.37:415][ 17]LogModuleManager: Shutting down and abandoning module Slate (178)
[2017.07.30-01.12.37:415][ 17]LogModuleManager: Shutting down and abandoning module EditorStyle (176)
[2017.07.30-01.12.37:417][ 17]LogModuleManager: Shutting down and abandoning module SourceCodeAccess (174)
[2017.07.30-01.12.37:417][ 17]LogModuleManager: Shutting down and abandoning module HeadMountedDisplay (172)
[2017.07.30-01.12.37:417][ 17]LogModuleManager: Shutting down and abandoning module XAudio2 (170)
[2017.07.30-01.12.37:417][ 17]LogModuleManager: Shutting down and abandoning module Networking (168)
[2017.07.30-01.12.37:417][ 17]LogModuleManager: Shutting down and abandoning module Core (164)
[2017.07.30-01.12.37:417][ 17]LogModuleManager: Shutting down and abandoning module AssetRegistry (162)
[2017.07.30-01.12.37:493][ 17]LogDirectoryWatcher: A directory notification for '../../../Engine/Content/' was aborted.
[2017.07.30-01.12.37:493][ 17]LogDirectoryWatcher: A directory notification for 'D:/CastleGuard/CastleGuardReborn/Content/' was aborted.
[2017.07.30-01.12.37:493][ 17]LogDirectoryWatcher: A directory notification for '../../../Engine/Plugins/2D/Paper2D/Content/' was aborted.
[2017.07.30-01.12.37:493][ 17]LogDirectoryWatcher: A directory notification for '../../../Engine/Plugins/Runtime/GearVR/Content/' was aborted.
[2017.07.30-01.12.37:495][ 17]LogModuleManager: Shutting down and abandoning module DirectoryWatcher (161)
[2017.07.30-01.12.37:495][ 17]LogModuleManager: Shutting down and abandoning module KismetCompiler (158)
[2017.07.30-01.12.37:495][ 17]LogModuleManager: Shutting down and abandoning module LevelSequence (156)
[2017.07.30-01.12.37:495][ 17]LogModuleManager: Shutting down and abandoning module PhysXFormats (154)
[2017.07.30-01.12.37:495][ 17]LogModuleManager: Shutting down and abandoning module MeshUtilities (152)
[2017.07.30-01.12.37:495][ 17]LogModuleManager: Shutting down and abandoning module SimplygonSwarm (151)
[2017.07.30-01.12.37:495][ 17]LogModuleManager: Shutting down and abandoning module SimplygonMeshReduction (149)
[2017.07.30-01.12.37:495][ 17]LogModuleManager: Shutting down and abandoning module QuadricMeshReduction (147)
[2017.07.30-01.12.37:495][ 17]LogModuleManager: Shutting down and abandoning module DerivedDataCache (144)
[2017.07.30-01.12.37:554][ 17]LogDerivedDataCache: Shutdown
[2017.07.30-01.12.37:554][ 17]LogModuleManager: Shutting down and abandoning module TargetPlatform (142)
[2017.07.30-01.12.37:554][ 17]LogModuleManager: Shutting down and abandoning module VulkanShaderFormat (141)
[2017.07.30-01.12.37:554][ 17]LogModuleManager: Shutting down and abandoning module ShaderFormatVectorVM (139)
[2017.07.30-01.12.37:564][ 17]LogModuleManager: Shutting down and abandoning module ShaderFormatOpenGL (137)
[2017.07.30-01.12.37:564][ 17]LogModuleManager: Shutting down and abandoning module ShaderFormatD3D (135)
[2017.07.30-01.12.37:565][ 17]LogModuleManager: Shutting down and abandoning module MetalShaderFormat (133)
[2017.07.30-01.12.37:565][ 17]LogModuleManager: Shutting down and abandoning module TextureFormatUncompressed (131)
[2017.07.30-01.12.37:565][ 17]LogModuleManager: Shutting down and abandoning module TextureFormatPVR (129)
[2017.07.30-01.12.37:565][ 17]LogModuleManager: Shutting down and abandoning module TextureFormatDXT (127)
[2017.07.30-01.12.37:565][ 17]LogModuleManager: Shutting down and abandoning module TextureFormatIntelISPCTexComp (125)
[2017.07.30-01.12.37:565][ 17]LogModuleManager: Shutting down and abandoning module TextureFormatASTC (123)
[2017.07.30-01.12.37:565][ 17]LogModuleManager: Shutting down and abandoning module ImageWrapper (122)
[2017.07.30-01.12.37:565][ 17]LogModuleManager: Shutting down and abandoning module TextureFormatAndroid (119)
[2017.07.30-01.12.37:565][ 17]LogModuleManager: Shutting down and abandoning module AudioFormatOpus (117)
[2017.07.30-01.12.37:565][ 17]LogModuleManager: Shutting down and abandoning module AudioFormatOgg (115)
[2017.07.30-01.12.37:565][ 17]LogModuleManager: Shutting down and abandoning module AudioFormatADPCM (113)
[2017.07.30-01.12.37:565][ 17]LogModuleManager: Shutting down and abandoning module LinuxTargetPlatform (111)
[2017.07.30-01.12.37:565][ 17]LogModuleManager: Shutting down and abandoning module LinuxServerTargetPlatform (109)
[2017.07.30-01.12.37:565][ 17]LogModuleManager: Shutting down and abandoning module LinuxNoEditorTargetPlatform (107)
[2017.07.30-01.12.37:565][ 17]LogModuleManager: Shutting down and abandoning module LinuxClientTargetPlatform (105)
[2017.07.30-01.12.37:565][ 17]LogModuleManager: Shutting down and abandoning module TVOSTargetPlatform (103)
[2017.07.30-01.12.37:565][ 17]LogModuleManager: Shutting down and abandoning module Messaging (101)
[2017.07.30-01.12.37:565][ 17]LogModuleManager: Shutting down and abandoning module IOSTargetPlatform (99)
[2017.07.30-01.12.37:565][ 17]LogModuleManager: Shutting down and abandoning module HTML5TargetPlatform (97)
[2017.07.30-01.12.37:565][ 17]LogModuleManager: Shutting down and abandoning module Android_PVRTCTargetPlatform (95)
[2017.07.30-01.12.37:565][ 17]LogModuleManager: Shutting down and abandoning module Android_MultiTargetPlatform (93)
[2017.07.30-01.12.37:565][ 17]LogModuleManager: Shutting down and abandoning module Android_ETC2TargetPlatform (91)
[2017.07.30-01.12.37:565][ 17]LogModuleManager: Shutting down and abandoning module Android_ETC1TargetPlatform (89)
[2017.07.30-01.12.37:565][ 17]LogModuleManager: Shutting down and abandoning module Android_DXTTargetPlatform (87)
[2017.07.30-01.12.37:565][ 17]LogModuleManager: Shutting down and abandoning module Android_ATCTargetPlatform (85)
[2017.07.30-01.12.37:565][ 17]LogModuleManager: Shutting down and abandoning module Android_ASTCTargetPlatform (83)
[2017.07.30-01.12.37:565][ 17]LogModuleManager: Shutting down and abandoning module AndroidTargetPlatform (81)
[2017.07.30-01.12.37:565][ 17]LogModuleManager: Shutting down and abandoning module WindowsTargetPlatform (79)
[2017.07.30-01.12.37:565][ 17]LogModuleManager: Shutting down and abandoning module WindowsServerTargetPlatform (77)
[2017.07.30-01.12.37:565][ 17]LogModuleManager: Shutting down and abandoning module WindowsNoEditorTargetPlatform (75)
[2017.07.30-01.12.37:565][ 17]LogModuleManager: Shutting down and abandoning module WindowsClientTargetPlatform (73)
[2017.07.30-01.12.37:565][ 17]LogModuleManager: Shutting down and abandoning module MacTargetPlatform (71)
[2017.07.30-01.12.37:565][ 17]LogModuleManager: Shutting down and abandoning module MacServerTargetPlatform (69)
[2017.07.30-01.12.37:565][ 17]LogModuleManager: Shutting down and abandoning module MacNoEditorTargetPlatform (67)
[2017.07.30-01.12.37:565][ 17]LogModuleManager: Shutting down and abandoning module MacClientTargetPlatform (65)
[2017.07.30-01.12.37:565][ 17]LogModuleManager: Shutting down and abandoning module AllDesktopTargetPlatform (63)
[2017.07.30-01.12.37:565][ 17]LogModuleManager: Shutting down and abandoning module InputCore (60)
[2017.07.30-01.12.37:565][ 17]LogModuleManager: Shutting down and abandoning module Settings (58)
[2017.07.30-01.12.37:565][ 17]LogModuleManager: Shutting down and abandoning module OculusRift (56)
[2017.07.30-01.12.37:565][ 17]LogModuleManager: Shutting down and abandoning module GearVRController (54)
[2017.07.30-01.12.37:565][ 17]LogModuleManager: Shutting down and abandoning module GearVR (52)
[2017.07.30-01.12.37:565][ 17]LogModuleManager: Shutting down and abandoning module ExampleDeviceProfileSelector (50)
[2017.07.30-01.12.37:565][ 17]LogModuleManager: Shutting down and abandoning module OnlineBlueprintSupport (48)
[2017.07.30-01.12.37:565][ 17]LogModuleManager: Shutting down and abandoning module OnlineSubsystem (44)
[2017.07.30-01.12.37:565][ 17]LogOnline:Display: Unloading online subsystem: NULL
[2017.07.30-01.12.37:566][ 17]LogModuleManager: Shutting down and abandoning module XMPP (43)
[2017.07.30-01.12.37:566][ 17]LogModuleManager: Shutting down and abandoning module HTTP (41)
[2017.07.30-01.12.37:566][ 17]LogHttp:Display: Http module shutting down, but needs to wait on 1 outstanding Http requests:
[2017.07.30-01.12.37:566][ 17]LogHttp:Display: 	verb=[POST] url=[https://datarouter.ol.epicgames.com/datarouter/api/v1/public/data?SessionID=%7B4998EAA0-43EA-0FD4-F2BB-D9B256DDF6A4%7D&AppID=UEEditor.Rocket.Release&AppVersion=4.16.2-3514769%2B%2B%2BUE4%2BRelease-4.16&UserID=982011a7482c1cbdc2ce3cbeaef51dbe%7C892a36c2d1234e9e88c9020fcbb5f849%7C70012bb2-c253-4297-934e-6257f569ac01&AppEnvironment=datacollector-binary&UploadType=eteventstream] status=Processing
[2017.07.30-01.12.37:579][ 17]LogModuleManager: Shutting down and abandoning module SSL (40)
[2017.07.30-01.12.37:580][ 17]LogModuleManager: Shutting down and abandoning module HTTPChunkInstaller (36)
[2017.07.30-01.12.37:580][ 17]LogModuleManager: Shutting down and abandoning module AnimationModifiers (34)
[2017.07.30-01.12.37:581][ 17]LogModuleManager: Shutting down and abandoning module PropertyEditor (33)
[2017.07.30-01.12.37:581][ 17]LogModuleManager: Shutting down and abandoning module AudioEditor (30)
[2017.07.30-01.12.37:581][ 17]LogModuleManager: Shutting down and abandoning module TextureCompressor (28)
[2017.07.30-01.12.37:581][ 17]LogModuleManager: Shutting down and abandoning module ShaderCore (26)
[2017.07.30-01.12.37:581][ 17]LogModuleManager: Shutting down and abandoning module Landscape (24)
[2017.07.30-01.12.37:581][ 17]LogModuleManager: Shutting down and abandoning module SlateRHIRenderer (22)
[2017.07.30-01.12.37:582][ 17]LogModuleManager: Shutting down and abandoning module OpenGLDrv (20)
[2017.07.30-01.12.37:583][ 17]LogModuleManager: Shutting down and abandoning module D3D11RHI (18)
[2017.07.30-01.12.37:583][ 17]LogModuleManager: Shutting down and abandoning module AnimGraphRuntime (16)
[2017.07.30-01.12.37:583][ 17]LogModuleManager: Shutting down and abandoning module Renderer (14)
[2017.07.30-01.12.37:583][ 17]LogModuleManager: Shutting down and abandoning module Engine (12)
[2017.07.30-01.12.37:583][ 17]LogModuleManager: Shutting down and abandoning module CoreUObject (10)
[2017.07.30-01.12.37:583][ 17]LogModuleManager: Shutting down and abandoning module NetworkFile (8)
[2017.07.30-01.12.37:583][ 17]LogModuleManager: Shutting down and abandoning module StreamingFile (6)
[2017.07.30-01.12.37:583][ 17]LogModuleManager: Shutting down and abandoning module SandboxFile (4)
[2017.07.30-01.12.37:583][ 17]LogModuleManager: Shutting down and abandoning module PakFile (2)
[2017.07.30-01.12.37:584][ 17]LogExit: Exiting.
[2017.07.30-01.12.37:591][ 17]Log file closed, 07/29/17 18:12:37
