Log file open, 07/29/17 17:43:14
LogInit:Display: Running engine for game: CastleGuardReborn
LogPlatformFile: Not using cached read wrapper
LogInit:Display: RandInit(-1819850370) SRandInit(-1819850370).
LogTaskGraph: Started task graph with 5 named threads and 8 total threads with 1 sets of task threads.
LogStats: Stats thread started at 0.076110
LogInit: Using libcurl 7.47.1
LogInit:  - built for x86_64-pc-win32
LogInit:  - supports SSL with OpenSSL/1.0.2g
LogInit:  - supports HTTP deflate (compression) using libz 1.2.8
LogInit:  - other features:
LogInit:      CURL_VERSION_SSL
LogInit:      CURL_VERSION_LIBZ
LogInit:      CURL_VERSION_IPV6
LogInit:      CURL_VERSION_ASYNCHDNS
LogInit:      CURL_VERSION_LARGEFILE
LogInit:      CURL_VERSION_IDN
LogInit:  CurlRequestOptions (configurable via config and command line):
LogInit:  - bVerifyPeer = false  - Libcurl will NOT verify peer certificate
LogInit:  - bUseHttpProxy = false  - Libcurl will NOT use HTTP proxy
LogInit:  - bDontReuseConnections = false  - Libcurl will reuse connections
LogInit:  - CertBundlePath = nullptr  - Libcurl will use whatever was configured at build time.
LogInit: Build: ++UE4+Release-4.16-CL-3514769
LogInit: Engine Version: 4.16.2-3514769+++UE4+Release-4.16
LogInit: Compatible Engine Version: 4.16.0-3452394+++UE4+Release-4.16
LogInit: Net CL: 3452394
LogDevObjectVersion: Number of dev versions registered: 16
LogDevObjectVersion:   Dev-Blueprints (B0D832E4-1F89-4F0D-ACCF-7EB736FD4AA2): 9
LogDevObjectVersion:   Dev-Build (E1C64328-A22C-4D53-A36C-8E866417BD8C): 0
LogDevObjectVersion:   Dev-Core (375EC13C-06E4-48FB-B500-84F0262A717E): 2
LogDevObjectVersion:   Dev-Editor (E4B068ED-F494-42E9-A231-DA0B2E46BB41): 17
LogDevObjectVersion:   Dev-Framework (CFFC743F-43B0-4480-9391-14DF171D2073): 23
LogDevObjectVersion:   Dev-Mobile (B02B49B5-BB20-44E9-A304-32B752E40360): 0
LogDevObjectVersion:   Dev-Networking (A4E4105C-59A1-49B5-A7C5-40C4547EDFEE): 0
LogDevObjectVersion:   Dev-Online (39C831C9-5AE6-47DC-9A44-9C173E1C8E7C): 0
LogDevObjectVersion:   Dev-Physics (78F01B33-EBEA-4F98-B9B4-84EACCB95AA2): 0
LogDevObjectVersion:   Dev-Platform (6631380F-2D4D-43E0-8009-CF276956A95A): 0
LogDevObjectVersion:   Dev-Rendering (12F88B9F-8875-4AFC-A67C-D90C383ABD29): 15
LogDevObjectVersion:   Dev-Sequencer (7B5AE74C-D270-4C10-A958-57980B212A5A): 4
LogDevObjectVersion:   Dev-VR (D7296918-1DD6-4BDD-9DE2-64A83CC13884): 0
LogDevObjectVersion:   Dev-LoadTimes (C2A15278-BFE7-4AFE-6C17-90FF531DF755): 1
LogDevObjectVersion:   Private-Geometry (6EACA3D4-40EC-4CC1-B786-8BED09428FC5): 1
LogDevObjectVersion:   Dev-AnimPhys (29E575DD-E0A3-4627-9D10-D276232CDCEA): 3
LogInit: Compiled (64-bit): Jun 29 2017 02:03:24
LogInit: Compiled with Visual C++: 19.00.24215.01
LogInit: Build Configuration: Development
LogInit: Branch Name: ++UE4+Release-4.16
LogInit: Command line:  
LogInit: Base directory: C:/Program Files/Epic Games/UE_4.16/Engine/Binaries/Win64/
LogInit: Installed Engine Build: 1
LogInit: Presizing for max 8388607 objects, including 0 objects not considered by GC, pre-allocating 0 bytes for permanent pool.
LogInit: Object subsystem initialized
[2017.07.30-00.43.14:894][  0]LogInit: Selected Device Profile: [Windows]
[2017.07.30-00.43.14:894][  0]LogInit: Applying CVar settings loaded from the selected device profile: [Windows]
[2017.07.30-00.43.14:916][  0]LogInit: Computer: LCIVAN-238-00
[2017.07.30-00.43.14:916][  0]LogInit: User: studentuser
[2017.07.30-00.43.14:916][  0]LogInit: CPU Page size=4096, Cores=4
[2017.07.30-00.43.14:916][  0]LogInit: High frequency timer resolution =4.101566 MHz
[2017.07.30-00.43.14:916][  0]LogMemory: Memory total: Physical=15.9GB (16GB approx)
[2017.07.30-00.43.14:916][  0]LogMemory: Platform Memory Stats for Windows
[2017.07.30-00.43.14:916][  0]LogMemory: Process Physical Memory: 273.99 MB used, 273.99 MB peak
[2017.07.30-00.43.14:916][  0]LogMemory: Process Virtual Memory: 260.68 MB used, 260.68 MB peak
[2017.07.30-00.43.14:916][  0]LogMemory: Physical Memory: 5184.77 MB used,  11098.68 MB free, 16283.45 MB total
[2017.07.30-00.43.14:916][  0]LogMemory: Virtual Memory: 638.49 MB used,  11098.68 MB free, 134217728.00 MB total
[2017.07.30-00.43.14:980][  0]LogInit: Using OS detected language (en-US).
[2017.07.30-00.43.14:980][  0]LogInit: Using OS detected locale (en-CA).
[2017.07.30-00.43.15:014][  0]LogTextLocalizationManager: No specific localization for 'en-US' exists, so the 'en' localization will be used.
[2017.07.30-00.43.17:209][  0]LogD3D11RHI: D3D11 adapters:
[2017.07.30-00.43.17:242][  0]LogD3D11RHI:    0. 'NVIDIA GeForce GTX 1070' (Feature Level 11_0)
[2017.07.30-00.43.17:242][  0]LogD3D11RHI:       8120/0/8141 MB DedicatedVideo/DedicatedSystem/SharedSystem, Outputs:1, VendorId:0x10de
[2017.07.30-00.43.17:294][  0]LogD3D11RHI:    1. 'Intel(R) HD Graphics 630' (Feature Level 11_0)
[2017.07.30-00.43.17:294][  0]LogD3D11RHI:       128/0/8141 MB DedicatedVideo/DedicatedSystem/SharedSystem, Outputs:0, VendorId:0x8086
[2017.07.30-00.43.17:294][  0]LogD3D11RHI:    2. 'Microsoft Basic Render Driver' (Feature Level 11_0)
[2017.07.30-00.43.17:294][  0]LogD3D11RHI:       0/0/8141 MB DedicatedVideo/DedicatedSystem/SharedSystem, Outputs:0, VendorId:0x1414
[2017.07.30-00.43.17:294][  0]LogD3D11RHI: Chosen D3D11 Adapter: 0
[2017.07.30-00.43.17:300][  0]LogD3D11RHI: Creating new Direct3DDevice
[2017.07.30-00.43.17:300][  0]LogD3D11RHI:     GPU DeviceId: 0x1b81 (for the marketing name, search the web for "GPU Device Id")
[2017.07.30-00.43.17:300][  0]LogWindows: EnumDisplayDevices:
[2017.07.30-00.43.17:300][  0]LogWindows:    0. 'NVIDIA GeForce GTX 1070' (P:1 D:1)
[2017.07.30-00.43.17:300][  0]LogWindows:    1. 'NVIDIA GeForce GTX 1070' (P:0 D:0)
[2017.07.30-00.43.17:300][  0]LogWindows:    2. 'NVIDIA GeForce GTX 1070' (P:0 D:0)
[2017.07.30-00.43.17:300][  0]LogWindows:    3. 'NVIDIA GeForce GTX 1070' (P:0 D:0)
[2017.07.30-00.43.17:300][  0]LogWindows:    4. 'Intel(R) HD Graphics 630' (P:0 D:0)
[2017.07.30-00.43.17:300][  0]LogWindows:    5. 'Intel(R) HD Graphics 630' (P:0 D:0)
[2017.07.30-00.43.17:300][  0]LogWindows:    6. 'Intel(R) HD Graphics 630' (P:0 D:0)
[2017.07.30-00.43.17:301][  0]LogWindows: DebugString: PrimaryIsNotTheChoosenAdapter PrimaryIsNotTheChoosenAdapter PrimaryIsNotTheChoosenAdapter FoundDriverCount:4 
[2017.07.30-00.43.17:301][  0]LogD3D11RHI:     Adapter Name: NVIDIA GeForce GTX 1070
[2017.07.30-00.43.17:301][  0]LogD3D11RHI:   Driver Version: 382.05 (internal:22.21.13.8205, unified:382.05)
[2017.07.30-00.43.17:301][  0]LogD3D11RHI:      Driver Date: 5-1-2017
[2017.07.30-00.43.17:301][  0]LogRHI: Texture pool is 1361 MB (70% of 1945 MB)
[2017.07.30-00.43.17:327][  0]LogD3D11RHI: Async texture creation enabled
[2017.07.30-00.43.17:342][  0]LogD3D11RHI: GPU Timing Frequency: 1000.000000 (Debug: 2 2)
[2017.07.30-00.43.17:390][  0]LogShaderCompilers: Guid format shader working directory is 19 characters bigger than the processId version (D:/CastleGuard/CastleGuardReborn/Intermediate/Shaders/WorkingDirectory/20576/).
[2017.07.30-00.43.17:390][  0]LogShaderCompilers: Cleaned the shader compiler working directory 'C:/Users/studentuser/AppData/Local/Temp/UnrealShaderWorkingDir/142D656E498A358ABAD8758BF9CF24EE/'.
[2017.07.30-00.43.17:390][  0]LogShaderCompilers:Display: Using Local Shader Compiler.
[2017.07.30-00.43.18:762][  0]LogTemp:Display: Loaded TP AllDesktopTargetPlatform
[2017.07.30-00.43.18:796][  0]LogTemp:Display: Loaded TP MacClientTargetPlatform
[2017.07.30-00.43.18:830][  0]LogTemp:Display: Loaded TP MacNoEditorTargetPlatform
[2017.07.30-00.43.18:862][  0]LogTemp:Display: Loaded TP MacServerTargetPlatform
[2017.07.30-00.43.18:899][  0]LogTemp:Display: Loaded TP MacTargetPlatform
[2017.07.30-00.43.18:933][  0]LogTemp:Display: Loaded TP WindowsClientTargetPlatform
[2017.07.30-00.43.18:968][  0]LogTemp:Display: Loaded TP WindowsNoEditorTargetPlatform
[2017.07.30-00.43.19:002][  0]LogTemp:Display: Loaded TP WindowsServerTargetPlatform
[2017.07.30-00.43.19:031][  0]LogTemp:Display: Loaded TP WindowsTargetPlatform
[2017.07.30-00.43.19:068][  0]LogTemp:Display: Loaded TP AndroidTargetPlatform
[2017.07.30-00.43.19:101][  0]LogTemp:Display: Loaded TP Android_ASTCTargetPlatform
[2017.07.30-00.43.19:139][  0]LogTemp:Display: Loaded TP Android_ATCTargetPlatform
[2017.07.30-00.43.19:173][  0]LogTemp:Display: Loaded TP Android_DXTTargetPlatform
[2017.07.30-00.43.19:207][  0]LogTemp:Display: Loaded TP Android_ETC1TargetPlatform
[2017.07.30-00.43.19:241][  0]LogTemp:Display: Loaded TP Android_ETC2TargetPlatform
[2017.07.30-00.43.19:307][  0]LogTemp:Display: Loaded TP Android_MultiTargetPlatform
[2017.07.30-00.43.19:307][  0]LogTemp:Display: Loaded TP Android_PVRTCTargetPlatform
[2017.07.30-00.43.19:333][  0]LogTemp:Display: Loaded TP HTML5TargetPlatform
[2017.07.30-00.43.19:408][  0]LogTemp:Display: Loaded TP IOSTargetPlatform
[2017.07.30-00.43.19:429][  0]LogTemp:Display: Loaded TP TVOSTargetPlatform
[2017.07.30-00.43.19:463][  0]LogTemp:Display: Loaded TP LinuxClientTargetPlatform
[2017.07.30-00.43.19:495][  0]LogTemp:Display: Loaded TP LinuxNoEditorTargetPlatform
[2017.07.30-00.43.19:529][  0]LogTemp:Display: Loaded TP LinuxServerTargetPlatform
[2017.07.30-00.43.19:565][  0]LogTemp:Display: Loaded TP LinuxTargetPlatform
[2017.07.30-00.43.19:565][  0]LogTargetPlatformManager:Display: Building Assets For Windows
[2017.07.30-00.43.19:915][  0]LogDerivedDataCache:Display: Max Cache Size: 512 MB
[2017.07.30-00.43.20:366][  0]LogDerivedDataCache: Loaded boot cache 0.45s 103MB C:/Users/studentuser/AppData/Local/UnrealEngine/4.16/DerivedDataCache/Boot.ddc.
[2017.07.30-00.43.20:366][  0]LogDerivedDataCache:Display: Loaded Boot cache: C:/Users/studentuser/AppData/Local/UnrealEngine/4.16/DerivedDataCache/Boot.ddc
[2017.07.30-00.43.20:366][  0]LogDerivedDataCache: FDerivedDataBackendGraph:  Pak pak cache file D:/CastleGuard/CastleGuardReborn/DerivedDataCache/DDC.ddp not found, will not use a pak cache.
[2017.07.30-00.43.20:366][  0]LogDerivedDataCache: Unable to find inner node Pak for hierarchical cache Hierarchy.
[2017.07.30-00.43.20:366][  0]LogDerivedDataCache: FDerivedDataBackendGraph:  CompressedPak pak cache file D:/CastleGuard/CastleGuardReborn/DerivedDataCache/Compressed.ddp not found, will not use a pak cache.
[2017.07.30-00.43.20:366][  0]LogDerivedDataCache: Unable to find inner node CompressedPak for hierarchical cache Hierarchy.
[2017.07.30-00.43.20:379][  0]LogDerivedDataCache:Display: Pak cache opened for reading ../../../Engine/DerivedDataCache/Compressed.ddp.
[2017.07.30-00.43.20:390][  0]LogDerivedDataCache: Using Local data cache path C:/Users/studentuser/AppData/Local/UnrealEngine/Common/DerivedDataCache: Writable
[2017.07.30-00.43.20:398][  0]LogMaterial: Verifying Global Shaders for PCD3D_SM5
[2017.07.30-00.43.20:398][  0]LogSlate: Using Freetype 2.6.0
[2017.07.30-00.43.20:409][  0]LogSlate: SlateFontCache - WITH_FREETYPE: 1, WITH_HARFBUZZ: 1
[2017.07.30-00.43.20:409][  0]LogSlate: SlateFontCache - WITH_FREETYPE: 1, WITH_HARFBUZZ: 1
[2017.07.30-00.43.20:861][  0]LogInit: Selected Device Profile: [Windows]
[2017.07.30-00.43.20:917][  0]LogContentStreaming: Texture pool size is 0.00 MB
[2017.07.30-00.43.21:029][  0]LogMeshUtilities: Using QuadricMeshReduction for automatic static mesh reduction
[2017.07.30-00.43.21:061][  0]LogSimplygon: Simplygon DLL not present - disabling.
[2017.07.30-00.43.21:092][  0]LogMeshUtilities: Using SimplygonSwarm for distributed automatic mesh merging
[2017.07.30-00.43.21:092][  0]LogMeshUtilities: No automatic skeletal mesh reduction module available
[2017.07.30-00.43.21:092][  0]LogMeshUtilities: No automatic mesh merging module available
[2017.07.30-00.43.21:501][  0]LogNetVersion: CastleGuardReborn , NetCL: 3452394, EngineNetVer: 2, GameNetVer: 0 (Checksum: 2303850599)
[2017.07.30-00.43.21:552][  0]LogAssetRegistry: FAssetRegistry took 0.0239 seconds to start up
[2017.07.30-00.43.21:611][  0]LogPackageLocalizationCache: Processed 4 localized package path(s) for 2 prioritized culture(s) in 0.045315 seconds
[2017.07.30-00.43.21:616][  0]LogUObjectArray: 34194 objects as part of root set at end of initial load.
[2017.07.30-00.43.21:616][  0]LogUObjectAllocator: 7260416 out of 0 bytes used by permanent object pool.
[2017.07.30-00.43.21:616][  0]LogUObjectArray: CloseDisregardForGC: 0/0 objects in disregard for GC pool
[2017.07.30-00.43.21:661][  0]LogInit: WinSock: version 1.1 (2.2), MaxSocks=32767, MaxUdp=65467
[2017.07.30-00.43.24:884][  0]LogTcpMessaging: Initializing TcpMessaging bridge
[2017.07.30-00.43.24:915][  0]LogUdpMessaging: Initializing bridge on interface 0.0.0.0:0 to multicast group 230.0.0.1:6666.
[2017.07.30-00.43.25:327][  0]LogMaterial: Uniform references updated for custom material expression Custom.
[2017.07.30-00.43.25:599][  0]SourceControl: Info Source control is disabled
[2017.07.30-00.43.25:670][  0]SourceControl: Info Source control is disabled
[2017.07.30-00.43.25:702][  0]SourceControl: Info Source control is disabled
[2017.07.30-00.43.25:733][  0]SourceControl: Info Source control is disabled
[2017.07.30-00.43.26:205][  0]LogAndroidPermission: UAndroidPermissionCallbackProxy::GetInstance
[2017.07.30-00.43.26:612][  0]LogEngine: Initializing Engine...
[2017.07.30-00.43.30:169][  0]LogHMD: SteamVR initialized.  Driver: lighthouse  Display: LHR-A4D81BA4
[2017.07.30-00.43.30:355][  0]LogStats: UGameplayTagsManager::ConstructGameplayTagTree: Construct from data asset -  0.000 s
[2017.07.30-00.43.30:355][  0]LogStats: UGameplayTagsManager::ConstructGameplayTagTree: GameplayTagTreeChangedEvent.Broadcast -  0.000 s
[2017.07.30-00.43.30:464][  0]LogAIModule: Creating AISystem for world Untitled
[2017.07.30-00.43.30:475][  0]LogInit: XAudio2 using 'Realtek Digital Output (Realtek Audio)' : 2 channels at 48 kHz using 16 bits per sample (channel mask 0x3)
[2017.07.30-00.43.30:490][  0]LogInit: FAudioDevice initialized.
[2017.07.30-00.43.30:537][  0]LogDerivedDataCache: Saved boot cache 0.05s 103MB C:/Users/studentuser/AppData/Local/UnrealEngine/4.16/DerivedDataCache/Boot.ddc.
[2017.07.30-00.43.30:559][  0]LogInit: Texture streaming: Enabled
[2017.07.30-00.43.30:628][  0]LogEngineSessionManager: EngineSessionManager initialized
[2017.07.30-00.43.30:989][  0]LogInit: Transaction tracking system initialized
[2017.07.30-00.43.31:210][  0]BlueprintLog: New page: Editor Load
[2017.07.30-00.43.31:931][  0]LocalizationService: Info Localization service is disabled
[2017.07.30-00.43.32:471][  0]LogConsoleResponse:Display: 
[2017.07.30-00.43.32:679][  0]LogCook:Display: Max memory allowance for cook 16384mb min free memory 0mb
[2017.07.30-00.43.32:679][  0]LogCook:Display: Mobile HDR setting 1
[2017.07.30-00.43.33:428][  0]LogFileCache: Scanning file cache for directory 'D:/CastleGuard/CastleGuardReborn/Content/' took 0.01s
[2017.07.30-00.43.33:463][  0]SourceControl: Info Source control is disabled
[2017.07.30-00.43.33:463][  0]Cmd: MAP LOAD FILE="D:/CastleGuard/CastleGuardReborn/Content/VirtualRealityBP/Maps/StartupMap.umap" TEMPLATE=0 SHOWPROGRESS=1 FEATURELEVEL=3
[2017.07.30-00.43.33:467][  0]LightingResults: New page: Lighting Build
[2017.07.30-00.43.33:498][  0]MapCheck: New page: Map Check
[2017.07.30-00.43.33:498][  0]LightingResults: New page: Lighting Build
[2017.07.30-00.43.33:735][  0]LogAIModule: Creating AISystem for world StartupMap
[2017.07.30-00.43.33:741][  0]LogEditorServer: Finished looking for orphan Actors (0.000 secs)
[2017.07.30-00.43.33:752][  0]Cmd: MAP CHECKDEP NOCLEARLOG
[2017.07.30-00.43.33:787][  0]MapCheck: Info Map check complete: 0 Error(s), 0 Warning(s), took 35.167ms to complete.
[2017.07.30-00.43.33:787][  0]LogFileHelpers: Loading map 'StartupMap' took 0.324
[2017.07.30-00.43.33:909][  0]LogCollectionManager: Loaded 0 collections in 0.001008 seconds
[2017.07.30-00.43.33:976][  0]LogFileCache: Scanning file cache for directory 'D:/CastleGuard/CastleGuardReborn/Saved/Collections/' took 0.01s
[2017.07.30-00.43.33:976][  0]LogFileCache: Scanning file cache for directory 'D:/CastleGuard/CastleGuardReborn/Content/Developers/studentuser/Collections/' took 0.01s
[2017.07.30-00.43.33:976][  0]LogFileCache: Scanning file cache for directory 'D:/CastleGuard/CastleGuardReborn/Content/Collections/' took 0.01s
[2017.07.30-00.43.33:976][  0]LogCollectionManager: Rebuilt the GUID cache for 0 collections in 0.000002 seconds
[2017.07.30-00.43.33:983][  0]LogContentBrowser: Native class hierarchy populated in 0.0070 seconds. Added 2329 classes and 491 folders.
[2017.07.30-00.43.34:030][  0]LogContentBrowser: Native class hierarchy updated for 'WidgetCarousel' in 0.0004 seconds. Added 0 classes and 0 folders.
[2017.07.30-00.43.34:419][  0]LogContentBrowser: Native class hierarchy updated for 'AddContentDialog' in 0.0004 seconds. Added 0 classes and 0 folders.
[2017.07.30-00.43.34:451][  0]LogContentBrowser: Native class hierarchy updated for 'SceneOutliner' in 0.0004 seconds. Added 1 classes and 2 folders.
[2017.07.30-00.43.34:478][  0]LogCrashTracker: Crashtracker disabled due to settings.
[2017.07.30-00.43.34:487][  0]LogSlate: Took 0.005480 seconds to synchronously load lazily loaded font '../../../Engine/Content/Slate/Fonts/Roboto-Regular.ttf' (155K)
[2017.07.30-00.43.34:495][  0]LogSlate: Took 0.005463 seconds to synchronously load lazily loaded font '../../../Engine/Content/Slate/Fonts/Roboto-Bold.ttf' (160K)
[2017.07.30-00.43.34:503][  0]LogSlate: Took 0.004297 seconds to synchronously load lazily loaded font '../../../Engine/Content/Editor/Slate/Fonts/FontAwesome.ttf' (139K)
[2017.07.30-00.43.34:577][  0]LogRenderer: Reallocating scene render targets to support 1208x576 NumSamples 1 (Frame:1).
[2017.07.30-00.43.34:653][  0]LogUObjectGlobals:Warning: Failed to find object 'Class None.'
[2017.07.30-00.43.34:709][  0]LogContentBrowser: Native class hierarchy updated for 'HierarchicalLODOutliner' in 0.0005 seconds. Added 1 classes and 2 folders.
[2017.07.30-00.43.34:709][  0]LogLoad: (Engine Initialization) Total time: 21.45 seconds
[2017.07.30-00.43.34:709][  0]LogLoad: (Engine Initialization) Total Blueprint compile time: 0.05 seconds
[2017.07.30-00.43.34:709][  0]LogExternalProfiler: Found external profiler: VSPerf
[2017.07.30-00.43.34:709][  0]LogExternalProfiler: Using external profiler: VSPerf
[2017.07.30-00.43.34:720][  0]LogOcInput: OculusInput pre-init called
[2017.07.30-00.43.34:720][  0]LogHMD: Starting GearVRController plugin
[2017.07.30-00.43.34:733][  0]LogAssetRegistry: Asset discovery search completed in 13.2021 seconds
[2017.07.30-00.43.34:735][  0]LogCollectionManager: Rebuilt the object cache for 0 collections in 0.000000 seconds (found 0 objects)
[2017.07.30-00.43.34:735][  0]LogCollectionManager: Fixed up redirectors for 0 collections in 0.000024 seconds (updated 0 objects)
[2017.07.30-00.43.34:735][  0]LogContentStreaming: Texture pool size now 1000 MB
[2017.07.30-00.43.34:764][  0]LogSlate: Took 0.004227 seconds to synchronously load lazily loaded font '../../../Engine/Content/Slate/Fonts/Roboto-Light.ttf' (159K)
[2017.07.30-00.44.35:296][382]LogHttp:Warning: 000001D5863B6E00: request failed, libcurl error: 6 (Couldn't resolve host name)
[2017.07.30-00.44.35:296][382]LogHttp:Warning: 000001D5863B6E00: libcurl info message cache 0 (Could not resolve host: datarouter.ol.epicgames.com)
[2017.07.30-00.44.35:296][382]LogHttp:Warning: 000001D5863B6E00: libcurl info message cache 1 (Closing connection 0)
