Log file open, 12/08/17 00:58:39
LogInit:Display: Running engine for game: CastleGuardReborn
LogPlatformFile: Not using cached read wrapper
LogInit:Display: RandInit(1040213158) SRandInit(1040213158).
LogTaskGraph: Started task graph with 5 named threads and 8 total threads with 1 sets of task threads.
LogStats: Stats thread started at 0.464233
LogInit: Using libcurl 7.47.1
LogInit:  - built for x86_64-pc-win32
LogInit:  - supports SSL with OpenSSL/1.0.2g
LogInit:  - supports HTTP deflate (compression) using libz 1.2.8
LogInit:  - other features:
LogInit:      CURL_VERSION_SSL
LogInit:      CURL_VERSION_LIBZ
LogInit:      CURL_VERSION_IPV6
LogInit:      CURL_VERSION_ASYNCHDNS
LogInit:      CURL_VERSION_LARGEFILE
LogInit:      CURL_VERSION_IDN
LogInit:  CurlRequestOptions (configurable via config and command line):
LogInit:  - bVerifyPeer = false  - Libcurl will NOT verify peer certificate
LogInit:  - bUseHttpProxy = false  - Libcurl will NOT use HTTP proxy
LogInit:  - bDontReuseConnections = false  - Libcurl will reuse connections
LogInit:  - CertBundlePath = nullptr  - Libcurl will use whatever was configured at build time.
LogInit: Build: ++UE4+Release-4.16-CL-3514769
LogInit: Engine Version: 4.16.2-3514769+++UE4+Release-4.16
LogInit: Compatible Engine Version: 4.16.0-3452394+++UE4+Release-4.16
LogInit: Net CL: 3452394
LogDevObjectVersion: Number of dev versions registered: 16
LogDevObjectVersion:   Dev-Blueprints (B0D832E4-1F89-4F0D-ACCF-7EB736FD4AA2): 9
LogDevObjectVersion:   Dev-Build (E1C64328-A22C-4D53-A36C-8E866417BD8C): 0
LogDevObjectVersion:   Dev-Core (375EC13C-06E4-48FB-B500-84F0262A717E): 2
LogDevObjectVersion:   Dev-Editor (E4B068ED-F494-42E9-A231-DA0B2E46BB41): 17
LogDevObjectVersion:   Dev-Framework (CFFC743F-43B0-4480-9391-14DF171D2073): 23
LogDevObjectVersion:   Dev-Mobile (B02B49B5-BB20-44E9-A304-32B752E40360): 0
LogDevObjectVersion:   Dev-Networking (A4E4105C-59A1-49B5-A7C5-40C4547EDFEE): 0
LogDevObjectVersion:   Dev-Online (39C831C9-5AE6-47DC-9A44-9C173E1C8E7C): 0
LogDevObjectVersion:   Dev-Physics (78F01B33-EBEA-4F98-B9B4-84EACCB95AA2): 0
LogDevObjectVersion:   Dev-Platform (6631380F-2D4D-43E0-8009-CF276956A95A): 0
LogDevObjectVersion:   Dev-Rendering (12F88B9F-8875-4AFC-A67C-D90C383ABD29): 15
LogDevObjectVersion:   Dev-Sequencer (7B5AE74C-D270-4C10-A958-57980B212A5A): 4
LogDevObjectVersion:   Dev-VR (D7296918-1DD6-4BDD-9DE2-64A83CC13884): 0
LogDevObjectVersion:   Dev-LoadTimes (C2A15278-BFE7-4AFE-6C17-90FF531DF755): 1
LogDevObjectVersion:   Private-Geometry (6EACA3D4-40EC-4CC1-B786-8BED09428FC5): 1
LogDevObjectVersion:   Dev-AnimPhys (29E575DD-E0A3-4627-9D10-D276232CDCEA): 3
LogInit: Compiled (64-bit): Jun 29 2017 02:03:24
LogInit: Compiled with Visual C++: 19.00.24215.01
LogInit: Build Configuration: Development
LogInit: Branch Name: ++UE4+Release-4.16
LogInit: Command line:  
LogInit: Base directory: C:/Program Files/Epic Games/UE_4.16/Engine/Binaries/Win64/
LogInit: Installed Engine Build: 1
LogInit: Presizing for max 8388607 objects, including 0 objects not considered by GC, pre-allocating 0 bytes for permanent pool.
LogInit: Object subsystem initialized
[2017.12.08-08.58.40:299][  0]LogInit: Selected Device Profile: [Windows]
[2017.12.08-08.58.40:299][  0]LogInit: Applying CVar settings loaded from the selected device profile: [Windows]
[2017.12.08-08.58.40:338][  0]LogInit: Computer: LCIVAN-238-00
[2017.12.08-08.58.40:338][  0]LogInit: User: studentuser
[2017.12.08-08.58.40:338][  0]LogInit: CPU Page size=4096, Cores=4
[2017.12.08-08.58.40:338][  0]LogInit: High frequency timer resolution =4.101561 MHz
[2017.12.08-08.58.40:339][  0]LogMemory: Memory total: Physical=15.9GB (16GB approx)
[2017.12.08-08.58.40:339][  0]LogMemory: Platform Memory Stats for Windows
[2017.12.08-08.58.40:339][  0]LogMemory: Process Physical Memory: 275.77 MB used, 275.77 MB peak
[2017.12.08-08.58.40:339][  0]LogMemory: Process Virtual Memory: 261.93 MB used, 261.93 MB peak
[2017.12.08-08.58.40:339][  0]LogMemory: Physical Memory: 4786.84 MB used,  11496.61 MB free, 16283.45 MB total
[2017.12.08-08.58.40:339][  0]LogMemory: Virtual Memory: 639.55 MB used,  11496.61 MB free, 134217728.00 MB total
[2017.12.08-08.58.40:614][  0]LogInit: Using OS detected language (en-US).
[2017.12.08-08.58.40:614][  0]LogInit: Using OS detected locale (en-CA).
[2017.12.08-08.58.40:679][  0]LogTextLocalizationManager: No specific localization for 'en-US' exists, so the 'en' localization will be used.
[2017.12.08-08.58.43:048][  0]LogD3D11RHI: D3D11 adapters:
[2017.12.08-08.58.43:083][  0]LogD3D11RHI:    0. 'NVIDIA GeForce GTX 1070' (Feature Level 11_0)
[2017.12.08-08.58.43:083][  0]LogD3D11RHI:       8120/0/8141 MB DedicatedVideo/DedicatedSystem/SharedSystem, Outputs:1, VendorId:0x10de
[2017.12.08-08.58.43:090][  0]LogD3D11RHI:    1. 'Intel(R) HD Graphics 630' (Feature Level 11_0)
[2017.12.08-08.58.43:090][  0]LogD3D11RHI:       128/0/8141 MB DedicatedVideo/DedicatedSystem/SharedSystem, Outputs:0, VendorId:0x8086
[2017.12.08-08.58.43:091][  0]LogD3D11RHI:    2. 'Microsoft Basic Render Driver' (Feature Level 11_0)
[2017.12.08-08.58.43:091][  0]LogD3D11RHI:       0/0/8141 MB DedicatedVideo/DedicatedSystem/SharedSystem, Outputs:0, VendorId:0x1414
[2017.12.08-08.58.43:091][  0]LogD3D11RHI: Chosen D3D11 Adapter: 0
[2017.12.08-08.58.43:097][  0]LogD3D11RHI: Creating new Direct3DDevice
[2017.12.08-08.58.43:097][  0]LogD3D11RHI:     GPU DeviceId: 0x1b81 (for the marketing name, search the web for "GPU Device Id")
[2017.12.08-08.58.43:097][  0]LogWindows: EnumDisplayDevices:
[2017.12.08-08.58.43:097][  0]LogWindows:    0. 'NVIDIA GeForce GTX 1070' (P:1 D:1)
[2017.12.08-08.58.43:097][  0]LogWindows:    1. 'NVIDIA GeForce GTX 1070' (P:0 D:0)
[2017.12.08-08.58.43:097][  0]LogWindows:    2. 'NVIDIA GeForce GTX 1070' (P:0 D:0)
[2017.12.08-08.58.43:098][  0]LogWindows:    3. 'NVIDIA GeForce GTX 1070' (P:0 D:0)
[2017.12.08-08.58.43:098][  0]LogWindows:    4. 'Intel(R) HD Graphics 630' (P:0 D:0)
[2017.12.08-08.58.43:098][  0]LogWindows:    5. 'Intel(R) HD Graphics 630' (P:0 D:0)
[2017.12.08-08.58.43:098][  0]LogWindows:    6. 'Intel(R) HD Graphics 630' (P:0 D:0)
[2017.12.08-08.58.43:098][  0]LogWindows: DebugString: PrimaryIsNotTheChoosenAdapter PrimaryIsNotTheChoosenAdapter PrimaryIsNotTheChoosenAdapter FoundDriverCount:4 
[2017.12.08-08.58.43:098][  0]LogD3D11RHI:     Adapter Name: NVIDIA GeForce GTX 1070
[2017.12.08-08.58.43:098][  0]LogD3D11RHI:   Driver Version: 382.05 (internal:22.21.13.8205, unified:382.05)
[2017.12.08-08.58.43:098][  0]LogD3D11RHI:      Driver Date: 5-1-2017
[2017.12.08-08.58.43:098][  0]LogRHI: Texture pool is 1361 MB (70% of 1945 MB)
[2017.12.08-08.58.43:126][  0]LogD3D11RHI: Async texture creation enabled
[2017.12.08-08.58.43:151][  0]LogD3D11RHI: GPU Timing Frequency: 1000.000000 (Debug: 2 2)
[2017.12.08-08.58.43:206][  0]LogShaderCompilers: Guid format shader working directory is -5 characters bigger than the processId version (D:/CastleGuardCurrent/CastleGuardPhase2/CastleGuardReborn/Intermediate/Shaders/WorkingDirectory/1832/).
[2017.12.08-08.58.43:206][  0]LogShaderCompilers: Cleaned the shader compiler working directory 'C:/Users/studentuser/AppData/Local/Temp/UnrealShaderWorkingDir/D94E87214F552A77D81FF789BBE5BA6F/'.
[2017.12.08-08.58.43:207][  0]LogShaderCompilers:Display: Using Local Shader Compiler.
[2017.12.08-08.58.44:791][  0]LogTemp:Display: Loaded TP AllDesktopTargetPlatform
[2017.12.08-08.58.44:829][  0]LogTemp:Display: Loaded TP MacClientTargetPlatform
[2017.12.08-08.58.44:866][  0]LogTemp:Display: Loaded TP MacNoEditorTargetPlatform
[2017.12.08-08.58.44:903][  0]LogTemp:Display: Loaded TP MacServerTargetPlatform
[2017.12.08-08.58.44:944][  0]LogTemp:Display: Loaded TP MacTargetPlatform
[2017.12.08-08.58.44:979][  0]LogTemp:Display: Loaded TP WindowsClientTargetPlatform
[2017.12.08-08.58.45:015][  0]LogTemp:Display: Loaded TP WindowsNoEditorTargetPlatform
[2017.12.08-08.58.45:051][  0]LogTemp:Display: Loaded TP WindowsServerTargetPlatform
[2017.12.08-08.58.45:083][  0]LogTemp:Display: Loaded TP WindowsTargetPlatform
[2017.12.08-08.58.45:121][  0]LogTemp:Display: Loaded TP AndroidTargetPlatform
[2017.12.08-08.58.45:156][  0]LogTemp:Display: Loaded TP Android_ASTCTargetPlatform
[2017.12.08-08.58.45:191][  0]LogTemp:Display: Loaded TP Android_ATCTargetPlatform
[2017.12.08-08.58.45:225][  0]LogTemp:Display: Loaded TP Android_DXTTargetPlatform
[2017.12.08-08.58.45:259][  0]LogTemp:Display: Loaded TP Android_ETC1TargetPlatform
[2017.12.08-08.58.45:293][  0]LogTemp:Display: Loaded TP Android_ETC2TargetPlatform
[2017.12.08-08.58.45:362][  0]LogTemp:Display: Loaded TP Android_MultiTargetPlatform
[2017.12.08-08.58.45:362][  0]LogTemp:Display: Loaded TP Android_PVRTCTargetPlatform
[2017.12.08-08.58.45:389][  0]LogTemp:Display: Loaded TP HTML5TargetPlatform
[2017.12.08-08.58.45:470][  0]LogTemp:Display: Loaded TP IOSTargetPlatform
[2017.12.08-08.58.45:491][  0]LogTemp:Display: Loaded TP TVOSTargetPlatform
[2017.12.08-08.58.45:526][  0]LogTemp:Display: Loaded TP LinuxClientTargetPlatform
[2017.12.08-08.58.45:562][  0]LogTemp:Display: Loaded TP LinuxNoEditorTargetPlatform
[2017.12.08-08.58.45:598][  0]LogTemp:Display: Loaded TP LinuxServerTargetPlatform
[2017.12.08-08.58.45:637][  0]LogTemp:Display: Loaded TP LinuxTargetPlatform
[2017.12.08-08.58.45:637][  0]LogTargetPlatformManager:Display: Building Assets For Windows
[2017.12.08-08.58.46:094][  0]LogDerivedDataCache:Display: Max Cache Size: 512 MB
[2017.12.08-08.58.46:627][  0]LogDerivedDataCache: Loaded boot cache 0.53s 103MB C:/Users/studentuser/AppData/Local/UnrealEngine/4.16/DerivedDataCache/Boot.ddc.
[2017.12.08-08.58.46:627][  0]LogDerivedDataCache:Display: Loaded Boot cache: C:/Users/studentuser/AppData/Local/UnrealEngine/4.16/DerivedDataCache/Boot.ddc
[2017.12.08-08.58.46:627][  0]LogDerivedDataCache: FDerivedDataBackendGraph:  Pak pak cache file D:/CastleGuardCurrent/CastleGuardPhase2/CastleGuardReborn/DerivedDataCache/DDC.ddp not found, will not use a pak cache.
[2017.12.08-08.58.46:627][  0]LogDerivedDataCache: Unable to find inner node Pak for hierarchical cache Hierarchy.
[2017.12.08-08.58.46:627][  0]LogDerivedDataCache: FDerivedDataBackendGraph:  CompressedPak pak cache file D:/CastleGuardCurrent/CastleGuardPhase2/CastleGuardReborn/DerivedDataCache/Compressed.ddp not found, will not use a pak cache.
[2017.12.08-08.58.46:627][  0]LogDerivedDataCache: Unable to find inner node CompressedPak for hierarchical cache Hierarchy.
[2017.12.08-08.58.46:649][  0]LogDerivedDataCache:Display: Pak cache opened for reading ../../../Engine/DerivedDataCache/Compressed.ddp.
[2017.12.08-08.58.46:661][  0]LogDerivedDataCache: Using Local data cache path C:/Users/studentuser/AppData/Local/UnrealEngine/Common/DerivedDataCache: Writable
[2017.12.08-08.58.46:671][  0]LogMaterial: Verifying Global Shaders for PCD3D_SM5
[2017.12.08-08.58.46:675][  0]LogSlate: Using Freetype 2.6.0
[2017.12.08-08.58.46:689][  0]LogSlate: SlateFontCache - WITH_FREETYPE: 1, WITH_HARFBUZZ: 1
[2017.12.08-08.58.46:689][  0]LogSlate: SlateFontCache - WITH_FREETYPE: 1, WITH_HARFBUZZ: 1
[2017.12.08-08.58.47:301][  0]LogInit: Selected Device Profile: [Windows]
[2017.12.08-08.58.47:447][  0]LogContentStreaming: Texture pool size is 0.00 MB
[2017.12.08-08.58.47:623][  0]LogMeshUtilities: Using QuadricMeshReduction for automatic static mesh reduction
[2017.12.08-08.58.47:665][  0]LogSimplygon: Simplygon DLL not present - disabling.
[2017.12.08-08.58.47:704][  0]LogMeshUtilities: Using SimplygonSwarm for distributed automatic mesh merging
[2017.12.08-08.58.47:704][  0]LogMeshUtilities: No automatic skeletal mesh reduction module available
[2017.12.08-08.58.47:704][  0]LogMeshUtilities: No automatic mesh merging module available
[2017.12.08-08.58.48:758][  0]LogNetVersion: CastleGuardReborn , NetCL: 3452394, EngineNetVer: 2, GameNetVer: 0 (Checksum: 2303850599)
[2017.12.08-08.58.48:838][  0]LogAssetRegistry: FAssetRegistry took 0.0280 seconds to start up
[2017.12.08-08.58.48:895][  0]LogPackageLocalizationCache: Processed 4 localized package path(s) for 2 prioritized culture(s) in 0.033267 seconds
[2017.12.08-08.58.48:899][  0]LogUObjectArray: 34194 objects as part of root set at end of initial load.
[2017.12.08-08.58.48:899][  0]LogUObjectAllocator: 7260416 out of 0 bytes used by permanent object pool.
[2017.12.08-08.58.48:899][  0]LogUObjectArray: CloseDisregardForGC: 0/0 objects in disregard for GC pool
[2017.12.08-08.58.48:946][  0]LogInit: WinSock: version 1.1 (2.2), MaxSocks=32767, MaxUdp=65467
[2017.12.08-08.58.53:032][  0]LogTcpMessaging: Initializing TcpMessaging bridge
[2017.12.08-08.58.53:066][  0]LogUdpMessaging: Initializing bridge on interface 0.0.0.0:0 to multicast group 230.0.0.1:6666.
[2017.12.08-08.58.53:598][  0]LogMaterial: Uniform references updated for custom material expression Custom.
[2017.12.08-08.58.53:984][  0]SourceControl: Info Source control is disabled
[2017.12.08-08.58.54:059][  0]SourceControl: Info Source control is disabled
[2017.12.08-08.58.54:101][  0]SourceControl: Info Source control is disabled
[2017.12.08-08.58.54:141][  0]SourceControl: Info Source control is disabled
[2017.12.08-08.58.54:710][  0]LogAndroidPermission: UAndroidPermissionCallbackProxy::GetInstance
[2017.12.08-08.58.55:188][  0]LogEngine: Initializing Engine...
[2017.12.08-08.58.57:959][  0]LogHMD: SteamVR initialized.  Driver: lighthouse  Display: LHR-A4D81BA4
[2017.12.08-08.58.58:353][  0]LogStats: UGameplayTagsManager::ConstructGameplayTagTree: Construct from data asset -  0.000 s
[2017.12.08-08.58.58:353][  0]LogStats: UGameplayTagsManager::ConstructGameplayTagTree: GameplayTagTreeChangedEvent.Broadcast -  0.000 s
[2017.12.08-08.58.58:465][  0]LogAIModule: Creating AISystem for world Untitled
[2017.12.08-08.58.58:486][  0]LogInit: XAudio2 using 'HTC-VIVE-4 (NVIDIA High Definition Audio)' : 2 channels at 48 kHz using 16 bits per sample (channel mask 0x3)
[2017.12.08-08.58.58:526][  0]LogInit: FAudioDevice initialized.
[2017.12.08-08.58.58:580][  0]LogDerivedDataCache: Saved boot cache 0.05s 103MB C:/Users/studentuser/AppData/Local/UnrealEngine/4.16/DerivedDataCache/Boot.ddc.
[2017.12.08-08.58.58:601][  0]LogInit: Texture streaming: Enabled
[2017.12.08-08.58.58:679][  0]LogEngineSessionManager: EngineSessionManager initialized
[2017.12.08-08.58.59:001][  0]LogInit: Transaction tracking system initialized
[2017.12.08-08.58.59:396][  0]BlueprintLog: New page: Editor Load
[2017.12.08-08.59.00:238][  0]LocalizationService: Info Localization service is disabled
[2017.12.08-08.59.00:883][  0]LogConsoleResponse:Display: 
[2017.12.08-08.59.01:319][  0]LogCook:Display: Max memory allowance for cook 16384mb min free memory 0mb
[2017.12.08-08.59.01:319][  0]LogCook:Display: Mobile HDR setting 1
[2017.12.08-08.59.02:245][  0]SourceControl: Info Source control is disabled
[2017.12.08-08.59.02:246][  0]Cmd: MAP LOAD FILE="D:/CastleGuardCurrent/CastleGuardPhase2/CastleGuardReborn/Content/VirtualRealityBP/Maps/default.umap" TEMPLATE=0 SHOWPROGRESS=1 FEATURELEVEL=3
[2017.12.08-08.59.02:247][  0]LightingResults: New page: Lighting Build
[2017.12.08-08.59.02:283][  0]MapCheck: New page: Map Check
[2017.12.08-08.59.02:283][  0]LightingResults: New page: Lighting Build
[2017.12.08-08.59.07:624][  0]LogClass:Warning: Enum '/Game/Vive/Blueprints/Enum_GameStatus.Enum_GameStatus' was upgraded to use FText to store its display name data. Please re-save this asset to avoid issues with localization and determinstic cooking.
[2017.12.08-08.59.09:079][  0]LogAIModule: Creating AISystem for world default
[2017.12.08-08.59.09:995][  0]LogEditorServer: Finished looking for orphan Actors (0.000 secs)
[2017.12.08-08.59.10:088][  0]Cmd: MAP CHECKDEP NOCLEARLOG
[2017.12.08-08.59.10:137][  0]MapCheck: Info Map check complete: 0 Error(s), 0 Warning(s), took 48.735ms to complete.
[2017.12.08-08.59.10:137][  0]LogFileHelpers: Loading map 'default' took 7.891
[2017.12.08-08.59.10:359][  0]LogCollectionManager: Loaded 0 collections in 0.001531 seconds
[2017.12.08-08.59.10:442][  0]LogFileCache: Scanning file cache for directory 'D:/CastleGuardCurrent/CastleGuardPhase2/CastleGuardReborn/Saved/Collections/' took 0.01s
[2017.12.08-08.59.10:442][  0]LogFileCache: Scanning file cache for directory 'D:/CastleGuardCurrent/CastleGuardPhase2/CastleGuardReborn/Content/Developers/studentuser/Collections/' took 0.01s
[2017.12.08-08.59.10:442][  0]LogFileCache: Scanning file cache for directory 'D:/CastleGuardCurrent/CastleGuardPhase2/CastleGuardReborn/Content/Collections/' took 0.01s
[2017.12.08-08.59.10:442][  0]LogCollectionManager: Rebuilt the GUID cache for 0 collections in 0.000001 seconds
[2017.12.08-08.59.10:450][  0]LogContentBrowser: Native class hierarchy populated in 0.0068 seconds. Added 2330 classes and 494 folders.
[2017.12.08-08.59.10:503][  0]LogContentBrowser: Native class hierarchy updated for 'WidgetCarousel' in 0.0005 seconds. Added 0 classes and 0 folders.
[2017.12.08-08.59.10:809][  0]LogContentBrowser: Native class hierarchy updated for 'AddContentDialog' in 0.0004 seconds. Added 0 classes and 0 folders.
[2017.12.08-08.59.10:850][  0]LogContentBrowser: Native class hierarchy updated for 'SceneOutliner' in 0.0005 seconds. Added 1 classes and 2 folders.
[2017.12.08-08.59.10:938][  0]LogCrashTracker: Crashtracker disabled due to settings.
[2017.12.08-08.59.10:954][  0]LogSlate: Took 0.004512 seconds to synchronously load lazily loaded font '../../../Engine/Content/Slate/Fonts/Roboto-Regular.ttf' (155K)
[2017.12.08-08.59.10:960][  0]LogSlate: Took 0.004398 seconds to synchronously load lazily loaded font '../../../Engine/Content/Slate/Fonts/Roboto-Bold.ttf' (160K)
[2017.12.08-08.59.10:970][  0]LogSlate: Took 0.004717 seconds to synchronously load lazily loaded font '../../../Engine/Content/Editor/Slate/Fonts/FontAwesome.ttf' (139K)
[2017.12.08-08.59.11:095][  0]LogRenderer: Reallocating scene render targets to support 1152x576 NumSamples 1 (Frame:1).
[2017.12.08-08.59.11:201][  0]LogUObjectGlobals:Warning: Failed to find object 'Class None.'
[2017.12.08-08.59.11:261][  0]LogContentBrowser: Native class hierarchy updated for 'HierarchicalLODOutliner' in 0.0005 seconds. Added 1 classes and 2 folders.
[2017.12.08-08.59.11:262][  0]LogLoad: (Engine Initialization) Total time: 34.16 seconds
[2017.12.08-08.59.11:262][  0]LogLoad: (Engine Initialization) Total Blueprint compile time: 1.02 seconds
[2017.12.08-08.59.11:262][  0]LogExternalProfiler: Found external profiler: VSPerf
[2017.12.08-08.59.11:262][  0]LogExternalProfiler: Using external profiler: VSPerf
[2017.12.08-08.59.11:602][  0]LogOcInput: OculusInput pre-init called
[2017.12.08-08.59.11:602][  0]LogHMD: Starting GearVRController plugin
[2017.12.08-08.59.11:602][  0]LogSteamVRController: Controller role for device 1 is 0 (invalid=0, left=1, right=2).
[2017.12.08-08.59.11:602][  0]LogSteamVRController:Warning: Controller device 1 has no role set.  There is no 'left' controller according to steamvr, so we are pickign that.
[2017.12.08-08.59.11:602][  0]LogSteamVRController: Controller device 1 is being assigned unreal hand 0 (left=0, right=1).
[2017.12.08-08.59.11:602][  0]LogSteamVRController: Controller role for device 2 is 2 (invalid=0, left=1, right=2).
[2017.12.08-08.59.11:602][  0]LogSteamVRController: Putting controller 2 on the right hand because there is already a controller for the left.
[2017.12.08-08.59.11:602][  0]LogSteamVRController: Controller device 2 is being assigned unreal hand 1 (left=0, right=1).
[2017.12.08-08.59.11:634][  0]LogContentStreaming: Texture pool size now 1000 MB
[2017.12.08-08.59.11:700][  0]LogSlate: Took 0.004378 seconds to synchronously load lazily loaded font '../../../Engine/Content/Slate/Fonts/Roboto-Light.ttf' (159K)
[2017.12.08-08.59.11:944][  1]LogAssetRegistry: Asset discovery search completed in 23.1287 seconds
[2017.12.08-08.59.11:946][  1]LogCollectionManager: Rebuilt the object cache for 0 collections in 0.000000 seconds (found 0 objects)
[2017.12.08-08.59.11:946][  1]LogCollectionManager: Fixed up redirectors for 0 collections in 0.000049 seconds (updated 0 objects)
[2017.12.08-08.59.12:608][  3]LogScriptCore:Warning: Script Msg: Attempted to access index 0 from array CallFunc_GetAllActorsOfClass_OutActors of length 0!
[2017.12.08-08.59.12:608][  3]LogScript:Warning: Accessed None trying to read property CallFunc_Array_Get_Item
	BP_ArcherAIArrow_C /Engine/Transient.World_2:PersistentLevel.BP_ArcherAIArrow_C_0
	Function /Game/Vive/Blueprints/AI/BP_ArcherAIArrow.BP_ArcherAIArrow_C:UserConstructionScript:00C8
[2017.12.08-08.59.12:608][  3]LogScript:Warning: Accessed None
	BP_ArcherAIArrow_C /Engine/Transient.World_2:PersistentLevel.BP_ArcherAIArrow_C_0
	Function /Game/Vive/Blueprints/AI/BP_ArcherAIArrow.BP_ArcherAIArrow_C:UserConstructionScript:00DD
[2017.12.08-08.59.12:611][  3]LogSlate: Took 0.000232 seconds to synchronously load lazily loaded font '../../../Engine/Content/Slate/Fonts/Roboto-Light.ttf' (159K)
[2017.12.08-09.48.50:450][450]LogTemp: Repeting last play command: Simulate
[2017.12.08-09.48.50:620][450]LogBlueprintUserMessages: Early PlayInEditor Detection: Level '/Game/VirtualRealityBP/Maps/default.default:PersistentLevel' has LevelScriptBlueprint '/Game/VirtualRealityBP/Maps/default.default:PersistentLevel.default' with GeneratedClass '/Game/VirtualRealityBP/Maps/default.default_C' with ClassGeneratedBy '/Game/VirtualRealityBP/Maps/default.default:PersistentLevel.default'
[2017.12.08-09.48.50:621][450]LogPlayLevel: PlayLevel: No blueprints needed recompiling
[2017.12.08-09.48.50:625][450]PIE: New page: SIE session: default (Dec 7, 2017, 5:48:50 PM)
[2017.12.08-09.48.50:625][450]LogPlayLevel: Creating play world package: /Game/VirtualRealityBP/Maps/UEDPIE_0_default
[2017.12.08-09.48.50:808][450]LogPlayLevel: PIE: StaticDuplicateObject took: (0.183260s)
[2017.12.08-09.48.50:809][450]LogAIModule: Creating AISystem for world default
[2017.12.08-09.48.50:809][450]LogPlayLevel: PIE: World Init took: (0.000875s)
[2017.12.08-09.48.50:810][450]LogPlayLevel: PIE: Created PIE world by copying editor world from /Game/VirtualRealityBP/Maps/default.default to /Game/VirtualRealityBP/Maps/UEDPIE_0_default.default (0.185573s)
[2017.12.08-09.48.50:833][450]LogInit: XAudio2 using 'Speakers / Headphones (Realtek Audio)' : 2 channels at 48 kHz using 32 bits per sample (channel mask 0x3)
[2017.12.08-09.48.50:848][450]LogInit: FAudioDevice initialized.
[2017.12.08-09.48.50:893][450]LogLoad: Game class is 'GM_ViveGameMode_C'
[2017.12.08-09.48.50:912][450]LogWorld: Bringing World /Game/VirtualRealityBP/Maps/UEDPIE_0_default.default up for play (max tick rate 0) at 2017.12.08-01.48.50
[2017.12.08-09.48.50:919][450]LogWorld: Bringing up level for play took: 0.018863
[2017.12.08-09.48.50:921][450]LogGameMode: FindPlayerStart: PATHS NOT DEFINED or NO PLAYERSTART with positive rating
[2017.12.08-09.48.50:957][450]LogContentBrowser: Native class hierarchy updated for 'MovieSceneCapture' in 0.0005 seconds. Added 11 classes and 0 folders.
[2017.12.08-09.48.50:957][450]LogGameMode:Display: Match State Changed from EnteringMap to WaitingToStart
[2017.12.08-09.48.50:967][450]LogGameState: Match State Changed from EnteringMap to WaitingToStart
[2017.12.08-09.48.50:968][450]PIE: Info Play in editor start time for /Game/VirtualRealityBP/Maps/UEDPIE_0_default 0.813
[2017.12.08-09.48.50:985][450]LogBlueprintUserMessages: Late PlayInEditor Detection: Level '/Game/VirtualRealityBP/Maps/default.default:PersistentLevel' has LevelScriptBlueprint '/Game/VirtualRealityBP/Maps/default.default:PersistentLevel.default' with GeneratedClass '/Game/VirtualRealityBP/Maps/default.default_C' with ClassGeneratedBy '/Game/VirtualRealityBP/Maps/default.default:PersistentLevel.default'
[2017.12.08-09.48.56:805][ 33]LogBlueprintUserMessages: [BP_Catapult_C_0] Handle1
[2017.12.08-09.48.56:814][ 33]LogBlueprintUserMessages: [BP_Catapult_C_0] Handle2
[2017.12.08-09.48.57:096][ 66]LogBlueprintUserMessages: [BP_BatteringRamOld_C_1] Handle1
[2017.12.08-09.48.57:096][ 66]LogBlueprintUserMessages: [BP_BatteringRamOld_C_1] Handle2
[2017.12.08-09.48.59:053][259]LogBlueprintUserMessages: [BP_Catapult_C_1] Handle1
[2017.12.08-09.48.59:053][259]LogBlueprintUserMessages: [BP_Catapult_C_1] Handle2
[2017.12.08-09.48.59:079][261]LogBlueprintUserMessages: [BP_BatteringRamOld_C_0] Handle1
[2017.12.08-09.48.59:079][261]LogBlueprintUserMessages: [BP_BatteringRamOld_C_0] Handle2
[2017.12.08-09.49.10:482][137]LogBlueprintUserMessages: Early EndPlayMap Detection: Level '/Game/VirtualRealityBP/Maps/default.default:PersistentLevel' has LevelScriptBlueprint '/Game/VirtualRealityBP/Maps/default.default:PersistentLevel.default' with GeneratedClass '/Game/VirtualRealityBP/Maps/default.default_C' with ClassGeneratedBy '/Game/VirtualRealityBP/Maps/default.default:PersistentLevel.default'
[2017.12.08-09.49.10:536][137]LogBlueprintUserMessages: Late EndPlayMap Detection: Level '/Game/VirtualRealityBP/Maps/default.default:PersistentLevel' has LevelScriptBlueprint '/Game/VirtualRealityBP/Maps/default.default:PersistentLevel.default' with GeneratedClass '/Game/VirtualRealityBP/Maps/default.default_C' with ClassGeneratedBy '/Game/VirtualRealityBP/Maps/default.default:PersistentLevel.default'
[2017.12.08-09.49.10:745][155]Cmd: SELECT NONE
[2017.12.08-09.49.11:412][234]LogTemp: Repeting last play command: Simulate
[2017.12.08-09.49.11:437][234]LogBlueprintUserMessages: Early PlayInEditor Detection: Level '/Game/VirtualRealityBP/Maps/default.default:PersistentLevel' has LevelScriptBlueprint '/Game/VirtualRealityBP/Maps/default.default:PersistentLevel.default' with GeneratedClass '/Game/VirtualRealityBP/Maps/default.default_C' with ClassGeneratedBy '/Game/VirtualRealityBP/Maps/default.default:PersistentLevel.default'
[2017.12.08-09.49.11:437][234]LogPlayLevel: PlayLevel: No blueprints needed recompiling
[2017.12.08-09.49.11:437][234]PIE: New page: SIE session: default (Dec 7, 2017, 5:49:11 PM)
[2017.12.08-09.49.11:437][234]LogPlayLevel: Creating play world package: /Game/VirtualRealityBP/Maps/UEDPIE_0_default
[2017.12.08-09.49.11:594][234]LogPlayLevel: PIE: StaticDuplicateObject took: (0.156496s)
[2017.12.08-09.49.11:595][234]LogAIModule: Creating AISystem for world default
[2017.12.08-09.49.11:595][234]LogPlayLevel: PIE: World Init took: (0.000789s)
[2017.12.08-09.49.11:596][234]LogPlayLevel: PIE: Created PIE world by copying editor world from /Game/VirtualRealityBP/Maps/default.default to /Game/VirtualRealityBP/Maps/UEDPIE_0_default.default (0.158116s)
[2017.12.08-09.49.11:618][234]LogInit: XAudio2 using 'Speakers / Headphones (Realtek Audio)' : 2 channels at 48 kHz using 32 bits per sample (channel mask 0x3)
[2017.12.08-09.49.11:631][234]LogInit: FAudioDevice initialized.
[2017.12.08-09.49.11:662][234]LogLoad: Game class is 'GM_ViveGameMode_C'
[2017.12.08-09.49.11:675][234]LogWorld: Bringing World /Game/VirtualRealityBP/Maps/UEDPIE_0_default.default up for play (max tick rate 0) at 2017.12.08-01.49.11
[2017.12.08-09.49.11:676][234]LogWorld: Bringing up level for play took: 0.013292
[2017.12.08-09.49.11:677][234]LogGameMode: FindPlayerStart: PATHS NOT DEFINED or NO PLAYERSTART with positive rating
[2017.12.08-09.49.11:677][234]LogGameMode:Display: Match State Changed from EnteringMap to WaitingToStart
[2017.12.08-09.49.11:678][234]LogGameState: Match State Changed from EnteringMap to WaitingToStart
[2017.12.08-09.49.11:679][234]PIE: Info Play in editor start time for /Game/VirtualRealityBP/Maps/UEDPIE_0_default -0.476
[2017.12.08-09.49.11:681][234]LogBlueprintUserMessages: Late PlayInEditor Detection: Level '/Game/VirtualRealityBP/Maps/default.default:PersistentLevel' has LevelScriptBlueprint '/Game/VirtualRealityBP/Maps/default.default:PersistentLevel.default' with GeneratedClass '/Game/VirtualRealityBP/Maps/default.default_C' with ClassGeneratedBy '/Game/VirtualRealityBP/Maps/default.default:PersistentLevel.default'
[2017.12.08-09.49.17:595][861]LogBlueprintUserMessages: [BP_Catapult_C_0] Handle1
[2017.12.08-09.49.17:595][861]LogBlueprintUserMessages: [BP_Catapult_C_0] Handle2
[2017.12.08-09.49.17:730][873]LogBlueprintUserMessages: [BP_Catapult_C_1] Handle1
[2017.12.08-09.49.17:730][873]LogBlueprintUserMessages: [BP_Catapult_C_1] Handle2
[2017.12.08-09.49.19:766][ 56]LogBlueprintUserMessages: [BP_BatteringRamOld_C_0] Handle1
[2017.12.08-09.49.19:766][ 56]LogBlueprintUserMessages: [BP_BatteringRamOld_C_0] Handle2
[2017.12.08-09.49.19:899][ 67]LogBlueprintUserMessages: [BP_BatteringRamOld_C_1] Handle1
[2017.12.08-09.49.19:899][ 67]LogBlueprintUserMessages: [BP_BatteringRamOld_C_1] Handle2
[2017.12.08-09.49.31:030][189]LogBlueprintUserMessages: Early EndPlayMap Detection: Level '/Game/VirtualRealityBP/Maps/default.default:PersistentLevel' has LevelScriptBlueprint '/Game/VirtualRealityBP/Maps/default.default:PersistentLevel.default' with GeneratedClass '/Game/VirtualRealityBP/Maps/default.default_C' with ClassGeneratedBy '/Game/VirtualRealityBP/Maps/default.default:PersistentLevel.default'
[2017.12.08-09.49.31:065][189]LogBlueprintUserMessages: Late EndPlayMap Detection: Level '/Game/VirtualRealityBP/Maps/default.default:PersistentLevel' has LevelScriptBlueprint '/Game/VirtualRealityBP/Maps/default.default:PersistentLevel.default' with GeneratedClass '/Game/VirtualRealityBP/Maps/default.default_C' with ClassGeneratedBy '/Game/VirtualRealityBP/Maps/default.default:PersistentLevel.default'
[2017.12.08-09.49.34:668][615]LogSlate: Took 0.000095 seconds to synchronously load lazily loaded font '../../../Engine/Content/Slate/Fonts/Roboto-Light.ttf' (159K)
[2017.12.08-09.49.39:016][123]LogSlate: Took 0.003418 seconds to synchronously load lazily loaded font '../../../Engine/Content/Editor/Slate/Fonts/Roboto-Italic.ttf' (157K)
[2017.12.08-09.49.40:015][200]LogContentBrowser: Native class hierarchy updated for 'BlueprintGraph' in 0.0006 seconds. Added 112 classes and 0 folders.
[2017.12.08-09.49.40:612][200]LogSlate: Took 0.003961 seconds to synchronously load lazily loaded font '../../../Engine/Content/Editor/Slate/Fonts/Roboto-BoldCondensed.ttf' (158K)
[2017.12.08-09.51.17:567][480]LogUObjectArray:Warning: Other object in slot
[2017.12.08-09.51.24:600][480]LogStats: FPlatformStackWalk::StackWalkAndDump -  7.023 s
[2017.12.08-09.51.24:600][480]LogOutputDevice:Error: === Handled ensure: ===
[2017.12.08-09.51.24:600][480]LogOutputDevice:Error: 
[2017.12.08-09.51.24:600][480]LogOutputDevice:Error: Ensure condition failed: false [File:D:\Build\++UE4+Release-4.16+Compile\Sync\Engine\Source\Editor\UnrealEd\Private\Kismet2\KismetDebugUtilities.cpp] [Line: 1037]
[2017.12.08-09.51.24:600][480]LogOutputDevice:Error: Error: Invalid (but non-null) property associated with pin; cannot get variable value
[2017.12.08-09.51.24:600][480]LogOutputDevice:Error: Stack: 
[2017.12.08-09.51.24:600][480]LogOutputDevice:Error: UE4Editor-Core.dll!FWindowsPlatformStackWalk::StackWalkAndDump() [d:\build\++ue4+release-4.16+compile\sync\engine\source\runtime\core\private\windows\windowsplatformstackwalk.cpp:200]
[2017.12.08-09.51.24:600][480]LogOutputDevice:Error: UE4Editor-Core.dll!FDebug::EnsureFailed() [d:\build\++ue4+release-4.16+compile\sync\engine\source\runtime\core\private\misc\assertionmacros.cpp:233]
[2017.12.08-09.51.24:600][480]LogOutputDevice:Error: UE4Editor-Core.dll!FDebug::OptionallyLogFormattedEnsureMessageReturningFalse() [d:\build\++ue4+release-4.16+compile\sync\engine\source\runtime\core\private\misc\assertionmacros.cpp:360]
[2017.12.08-09.51.24:600][480]LogOutputDevice:Error: UE4Editor-UnrealEd.dll!FKismetDebugUtilities::GetWatchText() [d:\build\++ue4+release-4.16+compile\sync\engine\source\editor\unrealed\private\kismet2\kismetdebugutilities.cpp:1037]
[2017.12.08-09.51.24:600][480]LogOutputDevice:Error: UE4Editor-BlueprintGraph.dll!UK2Node::GetPinHoverText() [d:\build\++ue4+release-4.16+compile\sync\engine\source\editor\blueprintgraph\private\k2node.cpp:1251]
[2017.12.08-09.51.24:600][480]LogOutputDevice:Error: UE4Editor-GraphEditor.dll!SGraphPin::GetTooltipText() [d:\build\++ue4+release-4.16+compile\sync\engine\source\editor\grapheditor\private\sgraphpin.cpp:1085]
[2017.12.08-09.51.24:600][480]LogOutputDevice:Error: UE4Editor-GraphEditor.dll!TMemberFunctionCaller<SGraphPin,FText (__cdecl SGraphPin::*)(void)const __ptr64>::operator()<>() [d:\build\++ue4+release-4.16+compile\sync\engine\source\runtime\core\public\delegates\delegateinstanceinterface.h:165]
[2017.12.08-09.51.24:600][480]LogOutputDevice:Error: UE4Editor-GraphEditor.dll!UE4Tuple_Private::TTupleImpl<TIntegerSequence<unsigned int> >::ApplyAfter<TMemberFunctionCaller<SGraphPin,FText (__cdecl SGraphPin::*)(void)const __ptr64> >() [d:\build\++ue4+release-4.16+compile\sync\engine\source\runtime\core\public\templates\tuple.h:497]
[2017.12.08-09.51.24:600][480]LogOutputDevice:Error: UE4Editor-GraphEditor.dll!TBaseSPMethodDelegateInstance<1,SGraphPin,0,FText __cdecl(void)>::Execute() [d:\build\++ue4+release-4.16+compile\sync\engine\source\runtime\core\public\delegates\delegateinstancesimpl.h:327]
[2017.12.08-09.51.24:600][480]LogOutputDevice:Error: UE4Editor-Slate.dll!TBaseDelegate<FText>::Execute() [d:\build\++ue4+release-4.16+compile\sync\engine\source\runtime\core\public\delegates\delegatesignatureimpl.inl:537]
[2017.12.08-09.51.24:600][480]LogOutputDevice:Error: UE4Editor-Slate.dll!TAttribute<FText>::Get() [d:\build\++ue4+release-4.16+compile\sync\engine\source\runtime\core\public\misc\attribute.h:137]
[2017.12.08-09.51.24:600][480]LogOutputDevice:Error: UE4Editor-Slate.dll!SToolTip::IsEmpty() [d:\build\++ue4+release-4.16+compile\sync\engine\source\runtime\slate\private\widgets\stooltip.cpp:87]
[2017.12.08-09.51.24:600][480]LogOutputDevice:Error: UE4Editor-Slate.dll!FSlateApplication::UpdateToolTip() [d:\build\++ue4+release-4.16+compile\sync\engine\source\runtime\slate\private\framework\application\slateapplication.cpp:3444]
[2017.12.08-09.51.24:600][480]LogOutputDevice:Error: UE4Editor-Slate.dll!FSlateApplication::ProcessMouseMoveEvent() [d:\build\++ue4+release-4.16+compile\sync\engine\source\runtime\slate\private\framework\application\slateapplication.cpp:5697]
[2017.12.08-09.51.24:600][480]LogOutputDevice:Error: UE4Editor-Slate.dll!FSlateApplication::OnMouseMove() [d:\build\++ue4+release-4.16+compile\sync\engine\source\runtime\slate\private\framework\application\slateapplication.cpp:5647]
[2017.12.08-09.51.24:600][480]LogOutputDevice:Error: UE4Editor-Core.dll!FWindowsApplication::ProcessDeferredMessage() [d:\build\++ue4+release-4.16+compile\sync\engine\source\runtime\core\private\windows\windowsapplication.cpp:1742]
[2017.12.08-09.51.24:600][480]LogOutputDevice:Error: UE4Editor-Core.dll!FWindowsApplication::DeferMessage() [d:\build\++ue4+release-4.16+compile\sync\engine\source\runtime\core\private\windows\windowsapplication.cpp:2127]
[2017.12.08-09.51.24:600][480]LogOutputDevice:Error: UE4Editor-Core.dll!FWindowsApplication::ProcessMessage() [d:\build\++ue4+release-4.16+compile\sync\engine\source\runtime\core\private\windows\windowsapplication.cpp:867]
[2017.12.08-09.51.24:600][480]LogOutputDevice:Error: UE4Editor-Core.dll!FWindowsApplication::AppWndProc() [d:\build\++ue4+release-4.16+compile\sync\engine\source\runtime\core\private\windows\windowsapplication.cpp:714]
[2017.12.08-09.51.24:600][480]LogOutputDevice:Error: USER32.dll!0x000000006DBEBC50
[2017.12.08-09.51.24:600][480]LogOutputDevice:Error: USER32.dll!0x000000006DBEB5CF
[2017.12.08-09.51.24:600][480]LogOutputDevice:Error: UE4Editor-Core.dll!FWindowsPlatformMisc::PumpMessages() [d:\build\++ue4+release-4.16+compile\sync\engine\source\runtime\core\private\windows\windowsplatformmisc.cpp:1009]
[2017.12.08-09.51.24:600][480]LogOutputDevice:Error: UE4Editor.exe!FEngineLoop::Tick() [d:\build\++ue4+release-4.16+compile\sync\engine\source\runtime\launch\private\launchengineloop.cpp:3058]
[2017.12.08-09.51.24:600][480]LogOutputDevice:Error: UE4Editor.exe!GuardedMain() [d:\build\++ue4+release-4.16+compile\sync\engine\source\runtime\launch\private\launch.cpp:166]
[2017.12.08-09.51.24:600][480]LogOutputDevice:Error: UE4Editor.exe!GuardedMainWrapper() [d:\build\++ue4+release-4.16+compile\sync\engine\source\runtime\launch\private\windows\launchwindows.cpp:134]
[2017.12.08-09.51.24:600][480]LogOutputDevice:Error: UE4Editor.exe!WinMain() [d:\build\++ue4+release-4.16+compile\sync\engine\source\runtime\launch\private\windows\launchwindows.cpp:210]
[2017.12.08-09.51.24:600][480]LogOutputDevice:Error: UE4Editor.exe!__scrt_common_main_seh() [f:\dd\vctools\crt\vcstartup\src\startup\exe_common.inl:253]
[2017.12.08-09.51.24:600][480]LogOutputDevice:Error: KERNEL32.DLL!0x000000006FA52774
[2017.12.08-09.51.24:600][480]LogOutputDevice:Error: ntdll.dll!0x0000000070160D51
[2017.12.08-09.51.24:600][480]LogOutputDevice:Error: 
[2017.12.08-09.51.24:607][480]LogStats:                SubmitErrorReport -  0.000 s
[2017.12.08-09.51.24:917][480]LogStats:                    SendNewReport -  0.310 s
[2017.12.08-09.51.24:917][480]LogStats:             FDebug::EnsureFailed -  7.350 s
[2017.12.08-09.51.24:917][480]LogUObjectArray:Warning: Other object in slot
[2017.12.08-09.52.46:264][130]BlueprintLog: New page: Compile BP_Overlord_Master
[2017.12.08-09.52.47:681][130]LogSavePackage: Save=804.61ms
[2017.12.08-09.52.47:681][130]LogSavePackage: Moving 'D:/CastleGuardCurrent/CastleGuardPhase2/CastleGuardReborn/Saved/BP_Overlord_Master71FB1D76485B672C0ACDA0AFE2436937.tmp' to 'D:/CastleGuardCurrent/CastleGuardPhase2/CastleGuardReborn/Content/Vive/Blueprints/Overlords/BP_Overlord_Master.uasset'
[2017.12.08-09.52.47:682][130]LogSavePackage:Display: Finished SavePackage D:/CastleGuardCurrent/CastleGuardPhase2/CastleGuardReborn/Content/Vive/Blueprints/Overlords/BP_Overlord_Master.uasset
[2017.12.08-09.53.28:455][464]LogSlate: Took 0.000109 seconds to synchronously load lazily loaded font '../../../Engine/Content/Slate/Fonts/Roboto-Regular.ttf' (155K)
[2017.12.08-09.53.28:976][464]LogSavePackage: Save=3558.04ms
[2017.12.08-09.53.28:976][464]LogSavePackage: Moving 'D:/CastleGuardCurrent/CastleGuardPhase2/CastleGuardReborn/Saved/default2F6D3E6C499A962134A96784CD3708D8.tmp' to 'D:/CastleGuardCurrent/CastleGuardPhase2/CastleGuardReborn/Content/VirtualRealityBP/Maps/default.umap'
[2017.12.08-09.53.28:979][464]LogSavePackage:Display: Finished SavePackage D:/CastleGuardCurrent/CastleGuardPhase2/CastleGuardReborn/Content/VirtualRealityBP/Maps/default.umap
[2017.12.08-09.53.29:040][464]LogFileHelpers: Saving map 'default' took 3.747
[2017.12.08-09.53.29:816][464]LogSavePackage: Save=769.57ms
[2017.12.08-09.53.29:816][464]LogSavePackage: Moving 'D:/CastleGuardCurrent/CastleGuardPhase2/CastleGuardReborn/Saved/BP_Overlord_Master3A9311CB47A3657989221DA72B812E0C.tmp' to 'D:/CastleGuardCurrent/CastleGuardPhase2/CastleGuardReborn/Content/Vive/Blueprints/Overlords/BP_Overlord_Master.uasset'
[2017.12.08-09.53.29:817][464]LogSavePackage:Display: Finished SavePackage D:/CastleGuardCurrent/CastleGuardPhase2/CastleGuardReborn/Content/Vive/Blueprints/Overlords/BP_Overlord_Master.uasset
[2017.12.08-09.54.34:738][694]LogEditorViewport: Clicking on Actor (LMB): BP_LightArrowsPile_C (BP_LightArrowsPile)
[2017.12.08-10.00.37:106][585]LogMetaData: Removing '/Game/Vive/Blueprints/AI/CatapultAI/BP_Catapult.BP_Catapult_C' ref from Metadata '/Game/Vive/Blueprints/AI/BP_Catapult.PackageMetaData'
[2017.12.08-10.00.37:106][585]LogMetaData: Removing '/Game/Vive/Blueprints/AI/CatapultAI/BP_Catapult.BP_Catapult_C:BndEvt__SoldierOverlapCheck_K2Node_ComponentBoundEvent_0_ComponentBeginOverlapSignature__DelegateSignature' ref from Metadata '/Game/Vive/Blueprints/AI/BP_Catapult.PackageMetaData'
[2017.12.08-10.00.37:106][585]LogMetaData: Removing '/Game/Vive/Blueprints/AI/CatapultAI/BP_Catapult.BP_Catapult_C:BndEvt__CapsuleComponent_K2Node_ComponentBoundEvent_3_ComponentBeginOverlapSignature__DelegateSignature' ref from Metadata '/Game/Vive/Blueprints/AI/BP_Catapult.PackageMetaData'
[2017.12.08-10.00.37:106][585]LogMetaData: Removing '/Game/Vive/Blueprints/AI/CatapultAI/BP_Catapult.BP_Catapult_C:BndEvt__StaticMesh_K2Node_ComponentBoundEvent_1_ComponentHitSignature__DelegateSignature' ref from Metadata '/Game/Vive/Blueprints/AI/BP_Catapult.PackageMetaData'
[2017.12.08-10.00.37:106][585]LogMetaData: Removing '/Game/Vive/Blueprints/AI/CatapultAI/BP_Catapult.BP_Catapult_C:ExecuteUbergraph_BP_Catapult' ref from Metadata '/Game/Vive/Blueprints/AI/BP_Catapult.PackageMetaData'
[2017.12.08-10.00.37:106][585]LogMetaData: Removing '/Game/Vive/Blueprints/AI/CatapultAI/BP_Catapult.BP_Catapult_C:UserConstructionScript' ref from Metadata '/Game/Vive/Blueprints/AI/BP_Catapult.PackageMetaData'
[2017.12.08-10.00.37:106][585]LogMetaData: Removing '/Game/Vive/Blueprints/AI/CatapultAI/BP_Catapult.BP_Catapult_C:ReceiveTick' ref from Metadata '/Game/Vive/Blueprints/AI/BP_Catapult.PackageMetaData'
[2017.12.08-10.00.37:106][585]LogMetaData: Removing '/Game/Vive/Blueprints/AI/CatapultAI/BP_Catapult.BP_Catapult_C:ReceiveDestroyed' ref from Metadata '/Game/Vive/Blueprints/AI/BP_Catapult.PackageMetaData'
[2017.12.08-10.00.37:106][585]LogMetaData: Removing '/Game/Vive/Blueprints/AI/CatapultAI/BP_Catapult.BP_Catapult_C:StaticMesh' ref from Metadata '/Game/Vive/Blueprints/AI/BP_Catapult.PackageMetaData'
[2017.12.08-10.00.37:106][585]LogMetaData: Removing '/Game/Vive/Blueprints/AI/CatapultAI/BP_Catapult.BP_Catapult_C:RatchetAudio4' ref from Metadata '/Game/Vive/Blueprints/AI/BP_Catapult.PackageMetaData'
[2017.12.08-10.00.37:106][585]LogMetaData: Removing '/Game/Vive/Blueprints/AI/CatapultAI/BP_Catapult.BP_Catapult_C:RatchetAudio3' ref from Metadata '/Game/Vive/Blueprints/AI/BP_Catapult.PackageMetaData'
[2017.12.08-10.00.37:106][585]LogMetaData: Removing '/Game/Vive/Blueprints/AI/CatapultAI/BP_Catapult.BP_Catapult_C:RatchetAudio2' ref from Metadata '/Game/Vive/Blueprints/AI/BP_Catapult.PackageMetaData'
[2017.12.08-10.00.37:106][585]LogMetaData: Removing '/Game/Vive/Blueprints/AI/CatapultAI/BP_Catapult.BP_Catapult_C:RatchetAudio1' ref from Metadata '/Game/Vive/Blueprints/AI/BP_Catapult.PackageMetaData'
[2017.12.08-10.00.37:106][585]LogMetaData: Removing '/Game/Vive/Blueprints/AI/CatapultAI/BP_Catapult.BP_Catapult_C:ChainAudio4' ref from Metadata '/Game/Vive/Blueprints/AI/BP_Catapult.PackageMetaData'
[2017.12.08-10.00.37:106][585]LogMetaData: Removing '/Game/Vive/Blueprints/AI/CatapultAI/BP_Catapult.BP_Catapult_C:ChainAudio3' ref from Metadata '/Game/Vive/Blueprints/AI/BP_Catapult.PackageMetaData'
[2017.12.08-10.00.37:106][585]LogMetaData: Removing '/Game/Vive/Blueprints/AI/CatapultAI/BP_Catapult.BP_Catapult_C:ChainAudio2' ref from Metadata '/Game/Vive/Blueprints/AI/BP_Catapult.PackageMetaData'
[2017.12.08-10.00.37:106][585]LogMetaData: Removing '/Game/Vive/Blueprints/AI/CatapultAI/BP_Catapult.BP_Catapult_C:ChainAudio1' ref from Metadata '/Game/Vive/Blueprints/AI/BP_Catapult.PackageMetaData'
[2017.12.08-10.00.37:106][585]LogMetaData: Removing '/Game/Vive/Blueprints/AI/CatapultAI/BP_Catapult.BP_Catapult_C:SoldierOverlapCheck' ref from Metadata '/Game/Vive/Blueprints/AI/BP_Catapult.PackageMetaData'
[2017.12.08-10.00.37:106][585]LogMetaData: Removing '/Game/Vive/Blueprints/AI/CatapultAI/BP_Catapult.BP_Catapult_C:CatapultHealthBarComponent' ref from Metadata '/Game/Vive/Blueprints/AI/BP_Catapult.PackageMetaData'
[2017.12.08-10.00.37:106][585]LogMetaData: Removing '/Game/Vive/Blueprints/AI/CatapultAI/BP_Catapult.BP_Catapult_C:HealthBar' ref from Metadata '/Game/Vive/Blueprints/AI/BP_Catapult.PackageMetaData'
[2017.12.08-10.00.37:106][585]LogMetaData: Removing '/Game/Vive/Blueprints/AI/CatapultAI/BP_Catapult.BP_Catapult_C:HasPosition' ref from Metadata '/Game/Vive/Blueprints/AI/BP_Catapult.PackageMetaData'
[2017.12.08-10.00.37:106][585]LogMetaData: Removing '/Game/Vive/Blueprints/AI/CatapultAI/BP_Catapult.BP_Catapult_C:FirstPos' ref from Metadata '/Game/Vive/Blueprints/AI/BP_Catapult.PackageMetaData'
[2017.12.08-10.00.37:106][585]LogMetaData: Removing '/Game/Vive/Blueprints/AI/CatapultAI/BP_Catapult.BP_Catapult_C:FinalLocation' ref from Metadata '/Game/Vive/Blueprints/AI/BP_Catapult.PackageMetaData'
[2017.12.08-10.00.37:106][585]LogMetaData: Removing '/Game/Vive/Blueprints/AI/CatapultAI/BP_Catapult.BP_Catapult_C:HandleBool1' ref from Metadata '/Game/Vive/Blueprints/AI/BP_Catapult.PackageMetaData'
[2017.12.08-10.00.37:106][585]LogMetaData: Removing '/Game/Vive/Blueprints/AI/CatapultAI/BP_Catapult.BP_Catapult_C:HandleBool2' ref from Metadata '/Game/Vive/Blueprints/AI/BP_Catapult.PackageMetaData'
[2017.12.08-10.00.37:106][585]LogMetaData: Removing '/Game/Vive/Blueprints/AI/CatapultAI/BP_Catapult.BP_Catapult_C:HandleString1' ref from Metadata '/Game/Vive/Blueprints/AI/BP_Catapult.PackageMetaData'
[2017.12.08-10.00.37:106][585]LogMetaData: Removing '/Game/Vive/Blueprints/AI/CatapultAI/BP_Catapult.BP_Catapult_C:HandleString2' ref from Metadata '/Game/Vive/Blueprints/AI/BP_Catapult.PackageMetaData'
[2017.12.08-10.00.37:106][585]LogMetaData: Removing '/Game/Vive/Blueprints/AI/CatapultAI/BP_Catapult.BP_Catapult_C:NextCatapult' ref from Metadata '/Game/Vive/Blueprints/AI/BP_Catapult.PackageMetaData'
[2017.12.08-10.00.37:106][585]LogMetaData: Removing '/Game/Vive/Blueprints/AI/CatapultAI/BP_Catapult.BP_Catapult_C:IsFull?' ref from Metadata '/Game/Vive/Blueprints/AI/BP_Catapult.PackageMetaData'
[2017.12.08-10.00.37:106][585]LogMetaData: Removing '/Game/Vive/Blueprints/AI/CatapultAI/BP_Catapult.BP_Catapult_C:Health' ref from Metadata '/Game/Vive/Blueprints/AI/BP_Catapult.PackageMetaData'
[2017.12.08-10.00.37:106][585]LogMetaData: Removing '/Game/Vive/Blueprints/AI/CatapultAI/BP_Catapult.BP_Catapult_C:IsOnFire' ref from Metadata '/Game/Vive/Blueprints/AI/BP_Catapult.PackageMetaData'
[2017.12.08-10.00.37:106][585]LogMetaData: Removing '/Game/Vive/Blueprints/AI/CatapultAI/BP_Catapult.BP_Catapult_C:Soldier1' ref from Metadata '/Game/Vive/Blueprints/AI/BP_Catapult.PackageMetaData'
[2017.12.08-10.00.37:106][585]LogMetaData: Removing '/Game/Vive/Blueprints/AI/CatapultAI/BP_Catapult.BP_Catapult_C:Soldier2' ref from Metadata '/Game/Vive/Blueprints/AI/BP_Catapult.PackageMetaData'
[2017.12.08-10.00.37:106][585]LogMetaData: Removing '/Game/Vive/Blueprints/AI/CatapultAI/BP_Catapult.BP_Catapult:CatapultChainAudio.K2Node_FunctionEntry_80' ref from Metadata '/Game/Vive/Blueprints/AI/BP_Catapult.PackageMetaData'
[2017.12.08-10.00.37:106][585]LogMetaData: Removing '/Game/Vive/Blueprints/AI/CatapultAI/BP_Catapult.BP_Catapult:PrintToVive.K2Node_FunctionEntry_59' ref from Metadata '/Game/Vive/Blueprints/AI/BP_Catapult.PackageMetaData'
[2017.12.08-10.00.37:106][585]LogMetaData: Removing '/Game/Vive/Blueprints/AI/CatapultAI/BP_Catapult.BP_Catapult:ReturnCatapultBools.K2Node_FunctionEntry_68' ref from Metadata '/Game/Vive/Blueprints/AI/BP_Catapult.PackageMetaData'
[2017.12.08-10.00.37:106][585]LogMetaData: Removing '/Game/Vive/Blueprints/AI/CatapultAI/BP_Catapult.BP_Catapult:UserConstructionScript.K2Node_FunctionEntry_0' ref from Metadata '/Game/Vive/Blueprints/AI/BP_Catapult.PackageMetaData'
[2017.12.08-10.00.37:106][585]LogMetaData: Removing '/Game/Vive/Blueprints/AI/CatapultAI/BP_Catapult.SKEL_BP_Catapult_C:Soldier2' ref from Metadata '/Game/Vive/Blueprints/AI/BP_Catapult.PackageMetaData'
[2017.12.08-10.00.37:106][585]LogMetaData: Removing '/Game/Vive/Blueprints/AI/CatapultAI/BP_Catapult.SKEL_BP_Catapult_C:Soldier1' ref from Metadata '/Game/Vive/Blueprints/AI/BP_Catapult.PackageMetaData'
[2017.12.08-10.00.37:106][585]LogMetaData: Removing '/Game/Vive/Blueprints/AI/CatapultAI/BP_Catapult.SKEL_BP_Catapult_C:IsOnFire' ref from Metadata '/Game/Vive/Blueprints/AI/BP_Catapult.PackageMetaData'
[2017.12.08-10.00.37:106][585]LogMetaData: Removing '/Game/Vive/Blueprints/AI/CatapultAI/BP_Catapult.SKEL_BP_Catapult_C:Health' ref from Metadata '/Game/Vive/Blueprints/AI/BP_Catapult.PackageMetaData'
[2017.12.08-10.00.37:106][585]LogMetaData: Removing '/Game/Vive/Blueprints/AI/CatapultAI/BP_Catapult.SKEL_BP_Catapult_C:IsFull?' ref from Metadata '/Game/Vive/Blueprints/AI/BP_Catapult.PackageMetaData'
[2017.12.08-10.00.37:106][585]LogMetaData: Removing '/Game/Vive/Blueprints/AI/CatapultAI/BP_Catapult.SKEL_BP_Catapult_C:NextCatapult' ref from Metadata '/Game/Vive/Blueprints/AI/BP_Catapult.PackageMetaData'
[2017.12.08-10.00.37:106][585]LogMetaData: Removing '/Game/Vive/Blueprints/AI/CatapultAI/BP_Catapult.SKEL_BP_Catapult_C:HandleString2' ref from Metadata '/Game/Vive/Blueprints/AI/BP_Catapult.PackageMetaData'
[2017.12.08-10.00.37:106][585]LogMetaData: Removing '/Game/Vive/Blueprints/AI/CatapultAI/BP_Catapult.SKEL_BP_Catapult_C:HandleString1' ref from Metadata '/Game/Vive/Blueprints/AI/BP_Catapult.PackageMetaData'
[2017.12.08-10.00.37:107][585]LogMetaData: Removing '/Game/Vive/Blueprints/AI/CatapultAI/BP_Catapult.SKEL_BP_Catapult_C:HandleBool2' ref from Metadata '/Game/Vive/Blueprints/AI/BP_Catapult.PackageMetaData'
[2017.12.08-10.00.37:107][585]LogMetaData: Removing '/Game/Vive/Blueprints/AI/CatapultAI/BP_Catapult.SKEL_BP_Catapult_C:HandleBool1' ref from Metadata '/Game/Vive/Blueprints/AI/BP_Catapult.PackageMetaData'
[2017.12.08-10.00.37:107][585]LogMetaData: Removing '/Game/Vive/Blueprints/AI/CatapultAI/BP_Catapult.SKEL_BP_Catapult_C:FinalLocation' ref from Metadata '/Game/Vive/Blueprints/AI/BP_Catapult.PackageMetaData'
[2017.12.08-10.00.37:107][585]LogMetaData: Removing '/Game/Vive/Blueprints/AI/CatapultAI/BP_Catapult.SKEL_BP_Catapult_C:FirstPos' ref from Metadata '/Game/Vive/Blueprints/AI/BP_Catapult.PackageMetaData'
[2017.12.08-10.00.37:107][585]LogMetaData: Removing '/Game/Vive/Blueprints/AI/CatapultAI/BP_Catapult.SKEL_BP_Catapult_C:HasPosition' ref from Metadata '/Game/Vive/Blueprints/AI/BP_Catapult.PackageMetaData'
[2017.12.08-10.00.37:107][585]LogMetaData: Removing '/Game/Vive/Blueprints/AI/CatapultAI/BP_Catapult.SKEL_BP_Catapult_C:HealthBar' ref from Metadata '/Game/Vive/Blueprints/AI/BP_Catapult.PackageMetaData'
[2017.12.08-10.00.37:107][585]LogMetaData: Removing '/Game/Vive/Blueprints/AI/CatapultAI/BP_Catapult.SKEL_BP_Catapult_C:CatapultHealthBarComponent' ref from Metadata '/Game/Vive/Blueprints/AI/BP_Catapult.PackageMetaData'
[2017.12.08-10.00.37:107][585]LogMetaData: Removing '/Game/Vive/Blueprints/AI/CatapultAI/BP_Catapult.SKEL_BP_Catapult_C:SoldierOverlapCheck' ref from Metadata '/Game/Vive/Blueprints/AI/BP_Catapult.PackageMetaData'
[2017.12.08-10.00.37:107][585]LogMetaData: Removing '/Game/Vive/Blueprints/AI/CatapultAI/BP_Catapult.SKEL_BP_Catapult_C:ChainAudio1' ref from Metadata '/Game/Vive/Blueprints/AI/BP_Catapult.PackageMetaData'
[2017.12.08-10.00.37:107][585]LogMetaData: Removing '/Game/Vive/Blueprints/AI/CatapultAI/BP_Catapult.SKEL_BP_Catapult_C:ChainAudio2' ref from Metadata '/Game/Vive/Blueprints/AI/BP_Catapult.PackageMetaData'
[2017.12.08-10.00.37:107][585]LogMetaData: Removing '/Game/Vive/Blueprints/AI/CatapultAI/BP_Catapult.SKEL_BP_Catapult_C:ChainAudio3' ref from Metadata '/Game/Vive/Blueprints/AI/BP_Catapult.PackageMetaData'
[2017.12.08-10.00.37:107][585]LogMetaData: Removing '/Game/Vive/Blueprints/AI/CatapultAI/BP_Catapult.SKEL_BP_Catapult_C:ChainAudio4' ref from Metadata '/Game/Vive/Blueprints/AI/BP_Catapult.PackageMetaData'
[2017.12.08-10.00.37:107][585]LogMetaData: Removing '/Game/Vive/Blueprints/AI/CatapultAI/BP_Catapult.SKEL_BP_Catapult_C:RatchetAudio1' ref from Metadata '/Game/Vive/Blueprints/AI/BP_Catapult.PackageMetaData'
[2017.12.08-10.00.37:107][585]LogMetaData: Removing '/Game/Vive/Blueprints/AI/CatapultAI/BP_Catapult.SKEL_BP_Catapult_C:RatchetAudio2' ref from Metadata '/Game/Vive/Blueprints/AI/BP_Catapult.PackageMetaData'
[2017.12.08-10.00.37:107][585]LogMetaData: Removing '/Game/Vive/Blueprints/AI/CatapultAI/BP_Catapult.SKEL_BP_Catapult_C:RatchetAudio3' ref from Metadata '/Game/Vive/Blueprints/AI/BP_Catapult.PackageMetaData'
[2017.12.08-10.00.37:107][585]LogMetaData: Removing '/Game/Vive/Blueprints/AI/CatapultAI/BP_Catapult.SKEL_BP_Catapult_C:RatchetAudio4' ref from Metadata '/Game/Vive/Blueprints/AI/BP_Catapult.PackageMetaData'
[2017.12.08-10.00.37:107][585]LogMetaData: Removing '/Game/Vive/Blueprints/AI/CatapultAI/BP_Catapult.SKEL_BP_Catapult_C:StaticMesh' ref from Metadata '/Game/Vive/Blueprints/AI/BP_Catapult.PackageMetaData'
[2017.12.08-10.00.37:107][585]LogMetaData: Removing '/Game/Vive/Blueprints/AI/CatapultAI/BP_Catapult.SKEL_BP_Catapult_C:ReceiveDestroyed' ref from Metadata '/Game/Vive/Blueprints/AI/BP_Catapult.PackageMetaData'
[2017.12.08-10.00.37:107][585]LogMetaData: Removing '/Game/Vive/Blueprints/AI/CatapultAI/BP_Catapult.SKEL_BP_Catapult_C:ReceiveTick' ref from Metadata '/Game/Vive/Blueprints/AI/BP_Catapult.PackageMetaData'
[2017.12.08-10.00.37:107][585]LogMetaData: Removing '/Game/Vive/Blueprints/AI/CatapultAI/BP_Catapult.SKEL_BP_Catapult_C:UserConstructionScript' ref from Metadata '/Game/Vive/Blueprints/AI/BP_Catapult.PackageMetaData'
[2017.12.08-10.00.37:107][585]LogMetaData: Removing '/Game/Vive/Blueprints/AI/CatapultAI/BP_Catapult.SKEL_BP_Catapult_C:ExecuteUbergraph_BP_Catapult' ref from Metadata '/Game/Vive/Blueprints/AI/BP_Catapult.PackageMetaData'
[2017.12.08-10.00.37:107][585]LogMetaData: Removing '/Game/Vive/Blueprints/AI/CatapultAI/BP_Catapult.SKEL_BP_Catapult_C:BndEvt__StaticMesh_K2Node_ComponentBoundEvent_1_ComponentHitSignature__DelegateSignature' ref from Metadata '/Game/Vive/Blueprints/AI/BP_Catapult.PackageMetaData'
[2017.12.08-10.00.37:107][585]LogMetaData: Removing '/Game/Vive/Blueprints/AI/CatapultAI/BP_Catapult.SKEL_BP_Catapult_C:BndEvt__CapsuleComponent_K2Node_ComponentBoundEvent_3_ComponentBeginOverlapSignature__DelegateSignature' ref from Metadata '/Game/Vive/Blueprints/AI/BP_Catapult.PackageMetaData'
[2017.12.08-10.00.37:107][585]LogMetaData: Removing '/Game/Vive/Blueprints/AI/CatapultAI/BP_Catapult.SKEL_BP_Catapult_C:BndEvt__SoldierOverlapCheck_K2Node_ComponentBoundEvent_0_ComponentBeginOverlapSignature__DelegateSignature' ref from Metadata '/Game/Vive/Blueprints/AI/BP_Catapult.PackageMetaData'
[2017.12.08-10.00.37:107][585]LogMetaData: Removing '/Game/Vive/Blueprints/AI/CatapultAI/BP_Catapult.SKEL_BP_Catapult_C' ref from Metadata '/Game/Vive/Blueprints/AI/BP_Catapult.PackageMetaData'
[2017.12.08-10.00.37:446][585]LogSavePackage: Save=268.21ms
[2017.12.08-10.00.37:446][585]LogSavePackage: Moving 'D:/CastleGuardCurrent/CastleGuardPhase2/CastleGuardReborn/Saved/BP_Catapult9ED5BE344FC6C1B18309F0B1A6F16226.tmp' to 'D:/CastleGuardCurrent/CastleGuardPhase2/CastleGuardReborn/Content/Vive/Blueprints/AI/CatapultAI/BP_Catapult.uasset'
[2017.12.08-10.00.37:448][585]LogSavePackage:Display: Finished SavePackage D:/CastleGuardCurrent/CastleGuardPhase2/CastleGuardReborn/Content/Vive/Blueprints/AI/CatapultAI/BP_Catapult.uasset
[2017.12.08-10.00.37:450][585]Cmd: OBJ SAVEPACKAGE PACKAGE="/Game/Vive/Blueprints/AI/BP_Catapult" FILE="D:/CastleGuardCurrent/CastleGuardPhase2/CastleGuardReborn/Content/Vive/Blueprints/AI/BP_Catapult.uasset" SILENT=true
[2017.12.08-10.00.37:458][585]LogSavePackage: Save=3.33ms
[2017.12.08-10.00.37:458][585]LogSavePackage: Moving 'D:/CastleGuardCurrent/CastleGuardPhase2/CastleGuardReborn/Saved/BP_Catapult35A20EC14F955F5B9F7C1FAD22E5AA9B.tmp' to 'D:/CastleGuardCurrent/CastleGuardPhase2/CastleGuardReborn/Content/Vive/Blueprints/AI/BP_Catapult.uasset'
[2017.12.08-10.00.37:460][585]LogSavePackage:Display: Finished SavePackage D:/CastleGuardCurrent/CastleGuardPhase2/CastleGuardReborn/Content/Vive/Blueprints/AI/BP_Catapult.uasset
[2017.12.08-10.00.44:517][393]Cmd: TRANSACTION UNDO
[2017.12.08-10.00.44:518][393]LogEditorTransaction: Undo Clicking on Actors
[2017.12.08-10.00.51:628][187]Cmd: OBJ SAVEPACKAGE PACKAGE="/Game/Vive/Blueprints/AI/BP_Catapult" FILE="D:/CastleGuardCurrent/CastleGuardPhase2/CastleGuardReborn/Content/Vive/Blueprints/AI/BP_Catapult.uasset" SILENT=true
[2017.12.08-10.00.51:634][187]LogSavePackage: Save=3.75ms
[2017.12.08-10.00.51:634][187]LogSavePackage: Moving 'D:/CastleGuardCurrent/CastleGuardPhase2/CastleGuardReborn/Saved/BP_CatapultCA23951848A2B58A1DD5A4956DAD0F74.tmp' to 'D:/CastleGuardCurrent/CastleGuardPhase2/CastleGuardReborn/Content/Vive/Blueprints/AI/BP_Catapult.uasset'
[2017.12.08-10.00.51:635][187]LogSavePackage:Display: Finished SavePackage D:/CastleGuardCurrent/CastleGuardPhase2/CastleGuardReborn/Content/Vive/Blueprints/AI/BP_Catapult.uasset
[2017.12.08-10.01.03:515][301]Cmd: QUIT_EDITOR
[2017.12.08-10.01.03:547][301]LogWindowsTextInputMethodSystem:Display: IME system now deactivated.
[2017.12.08-10.01.03:559][301]LogExit: Preparing to exit.
[2017.12.08-10.01.04:758][301]LogExit: Editor shut down
[2017.12.08-10.01.04:781][301]LogExit: Transaction tracking system shut down
[2017.12.08-10.01.04:987][301]LogObj: Freed 0b from 0 cluster array pools.
[2017.12.08-10.01.04:987][301]LogExit: Object subsystem successfully closed.
[2017.12.08-10.01.05:035][301]LogD3D11RHI: Shutdown
[2017.12.08-10.01.05:035][301]LogD3D11RHI: CleanupD3DDevice
[2017.12.08-10.01.05:114][301]LogD3D11RHI: ~FD3D11DynamicRHI
[2017.12.08-10.01.05:142][301]LogModuleManager: Shutting down and abandoning module BlueprintGraph (532)
[2017.12.08-10.01.05:142][301]LogModuleManager: Shutting down and abandoning module BlueprintProfiler (530)
[2017.12.08-10.01.05:144][301]LogModuleManager: Shutting down and abandoning module MovieSceneCapture (528)
[2017.12.08-10.01.05:144][301]LogModuleManager: Shutting down and abandoning module HierarchicalLODOutliner (526)
[2017.12.08-10.01.05:144][301]LogModuleManager: Shutting down and abandoning module CrashTracker (524)
[2017.12.08-10.01.05:144][301]LogModuleManager: Shutting down and abandoning module SceneOutliner (522)
[2017.12.08-10.01.05:144][301]LogModuleManager: Shutting down and abandoning module AddContentDialog (520)
[2017.12.08-10.01.05:145][301]LogDirectoryWatcher: A directory notification for 'C:/Program Files/Epic Games/UE_4.16/FeaturePacks/' was aborted.
[2017.12.08-10.01.05:149][301]LogModuleManager: Shutting down and abandoning module WidgetCarousel (519)
[2017.12.08-10.01.05:149][301]LogModuleManager: Shutting down and abandoning module EditorWidgets (516)
[2017.12.08-10.01.05:149][301]LogModuleManager: Shutting down and abandoning module CollectionManager (514)
[2017.12.08-10.01.05:149][301]LogDirectoryWatcher: A directory notification for 'D:/CastleGuardCurrent/CastleGuardPhase2/CastleGuardReborn/Content/Collections/' was aborted.
[2017.12.08-10.01.05:149][301]LogDirectoryWatcher: A directory notification for 'D:/CastleGuardCurrent/CastleGuardPhase2/CastleGuardReborn/Content/Developers/studentuser/Collections/' was aborted.
[2017.12.08-10.01.05:149][301]LogDirectoryWatcher: A directory notification for 'D:/CastleGuardCurrent/CastleGuardPhase2/CastleGuardReborn/Saved/Collections/' was aborted.
[2017.12.08-10.01.05:150][301]LogModuleManager: Shutting down and abandoning module WorldBrowser (512)
[2017.12.08-10.01.05:150][301]LogModuleManager: Shutting down and abandoning module StatsViewer (510)
[2017.12.08-10.01.05:150][301]LogModuleManager: Shutting down and abandoning module FoliageEdit (508)
[2017.12.08-10.01.05:150][301]LogModuleManager: Shutting down and abandoning module LandscapeEditor (506)
[2017.12.08-10.01.05:152][301]LogModuleManager: Shutting down and abandoning module MeshPaintMode (504)
[2017.12.08-10.01.05:152][301]LogModuleManager: Shutting down and abandoning module SceneDepthPickerMode (502)
[2017.12.08-10.01.05:152][301]LogModuleManager: Shutting down and abandoning module ActorPickerMode (500)
[2017.12.08-10.01.05:152][301]LogModuleManager: Shutting down and abandoning module GeometryMode (498)
[2017.12.08-10.01.05:152][301]LogModuleManager: Shutting down and abandoning module TextureAlignMode (496)
[2017.12.08-10.01.05:152][301]LogModuleManager: Shutting down and abandoning module BspMode (494)
[2017.12.08-10.01.05:152][301]LogModuleManager: Shutting down and abandoning module HardwareSurvey (492)
[2017.12.08-10.01.05:152][301]LogModuleManager: Shutting down and abandoning module SequenceRecorderSections (490)
[2017.12.08-10.01.05:152][301]LogModuleManager: Shutting down and abandoning module AutomationWorker (488)
[2017.12.08-10.01.05:152][301]LogModuleManager: Shutting down and abandoning module MatineeToLevelSequence (486)
[2017.12.08-10.01.05:152][301]LogModuleManager: Shutting down and abandoning module LevelSequenceEditor (484)
[2017.12.08-10.01.05:154][301]LogModuleManager: Shutting down and abandoning module PlacementMode (483)
[2017.12.08-10.01.05:154][301]LogModuleManager: Shutting down and abandoning module WmfMediaFactory (480)
[2017.12.08-10.01.05:154][301]LogModuleManager: Shutting down and abandoning module WmfMediaEditor (478)
[2017.12.08-10.01.05:154][301]LogModuleManager: Shutting down and abandoning module AvfMediaFactory (476)
[2017.12.08-10.01.05:154][301]LogModuleManager: Shutting down and abandoning module AvfMediaEditor (474)
[2017.12.08-10.01.05:154][301]LogModuleManager: Shutting down and abandoning module AndroidMediaFactory (472)
[2017.12.08-10.01.05:154][301]LogModuleManager: Shutting down and abandoning module Media (471)
[2017.12.08-10.01.05:154][301]LogModuleManager: Shutting down and abandoning module AndroidMediaEditor (468)
[2017.12.08-10.01.05:154][301]LogModuleManager: Shutting down and abandoning module CharacterAI (466)
[2017.12.08-10.01.05:154][301]LogModuleManager: Shutting down and abandoning module AudioCapture (464)
[2017.12.08-10.01.05:155][301]LogModuleManager: Shutting down and abandoning module SequenceRecorder (463)
[2017.12.08-10.01.05:155][301]LogModuleManager: Shutting down and abandoning module SmartSnapping (460)
[2017.12.08-10.01.05:155][301]LogModuleManager: Shutting down and abandoning module SessionServices (458)
[2017.12.08-10.01.05:155][301]LogModuleManager: Shutting down and abandoning module ViewportSnapping (456)
[2017.12.08-10.01.05:155][301]LogModuleManager: Shutting down and abandoning module ViewportInteraction (454)
[2017.12.08-10.01.05:155][301]LogModuleManager: Shutting down and abandoning module ClothPainter (452)
[2017.12.08-10.01.05:157][301]LogModuleManager: Shutting down and abandoning module LogVisualizer (450)
[2017.12.08-10.01.05:158][301]LogModuleManager: Shutting down and abandoning module IntroTutorials (448)
[2017.12.08-10.01.05:158][301]LogModuleManager: Shutting down and abandoning module GameProjectGeneration (447)
[2017.12.08-10.01.05:159][301]LogModuleManager: Shutting down and abandoning module EditorLiveStreaming (444)
[2017.12.08-10.01.05:159][301]LogModuleManager: Shutting down and abandoning module IOSPlatformEditor (442)
[2017.12.08-10.01.05:160][301]LogModuleManager: Shutting down and abandoning module HTML5PlatformEditor (440)
[2017.12.08-10.01.05:160][301]LogModuleManager: Shutting down and abandoning module AndroidPlatformEditor (438)
[2017.12.08-10.01.05:160][301]LogModuleManager: Shutting down and abandoning module AndroidDeviceDetection (437)
[2017.12.08-10.01.06:081][301]LogModuleManager: Shutting down and abandoning module IOSRuntimeSettings (434)
[2017.12.08-10.01.06:081][301]LogModuleManager: Shutting down and abandoning module AndroidRuntimeSettings (432)
[2017.12.08-10.01.06:081][301]LogModuleManager: Shutting down and abandoning module InputBindingEditor (430)
[2017.12.08-10.01.06:091][301]LogModuleManager: Shutting down and abandoning module MergeActors (428)
[2017.12.08-10.01.06:091][301]LogModuleManager: Shutting down and abandoning module SizeMap (426)
[2017.12.08-10.01.06:091][301]LogModuleManager: Shutting down and abandoning module TreeMap (424)
[2017.12.08-10.01.06:091][301]LogModuleManager: Shutting down and abandoning module ReferenceViewer (422)
[2017.12.08-10.01.06:091][301]LogModuleManager: Shutting down and abandoning module LocalizationDashboard (420)
[2017.12.08-10.01.06:092][301]LogModuleManager: Shutting down and abandoning module LocalizationService (419)
[2017.12.08-10.01.06:092][301]LogModuleManager: Shutting down and abandoning module HardwareTargeting (416)
[2017.12.08-10.01.06:092][301]LogModuleManager: Shutting down and abandoning module DeviceProfileEditor (414)
[2017.12.08-10.01.06:093][301]LogModuleManager: Shutting down and abandoning module UndoHistory (412)
[2017.12.08-10.01.06:093][301]LogModuleManager: Shutting down and abandoning module UserFeedback (410)
[2017.12.08-10.01.06:093][301]LogModuleManager: Shutting down and abandoning module XmlParser (408)
[2017.12.08-10.01.06:093][301]LogModuleManager: Shutting down and abandoning module Blutility (406)
[2017.12.08-10.01.06:093][301]LogModuleManager: Shutting down and abandoning module ProjectSettingsViewer (404)
[2017.12.08-10.01.06:093][301]LogModuleManager: Shutting down and abandoning module ProjectTargetPlatformEditor (403)
[2017.12.08-10.01.06:093][301]LogModuleManager: Shutting down and abandoning module EditorSettingsViewer (400)
[2017.12.08-10.01.06:093][301]LogModuleManager: Shutting down and abandoning module SettingsEditor (398)
[2017.12.08-10.01.06:094][301]LogModuleManager: Shutting down and abandoning module ProjectLauncher (396)
[2017.12.08-10.01.06:094][301]LogModuleManager: Shutting down and abandoning module SessionFrontend (394)
[2017.12.08-10.01.06:095][301]LogModuleManager: Shutting down and abandoning module ProfilerClient (392)
[2017.12.08-10.01.06:095][301]LogModuleManager: Shutting down and abandoning module DeviceManager (390)
[2017.12.08-10.01.06:096][301]LogModuleManager: Shutting down and abandoning module TargetDeviceServices (389)
[2017.12.08-10.01.06:159][301]LogModuleManager: Shutting down and abandoning module AutomationController (386)
[2017.12.08-10.01.06:159][301]LogModuleManager: Shutting down and abandoning module AutomationWindow (384)
[2017.12.08-10.01.06:160][301]LogModuleManager: Shutting down and abandoning module Layers (382)
[2017.12.08-10.01.06:162][301]LogModuleManager: Shutting down and abandoning module ComponentVisualizers (380)
[2017.12.08-10.01.06:162][301]LogModuleManager: Shutting down and abandoning module DetailCustomizations (378)
[2017.12.08-10.01.06:162][301]LogModuleManager: Shutting down and abandoning module PackagesDialog (376)
[2017.12.08-10.01.06:162][301]LogModuleManager: Shutting down and abandoning module Persona (374)
[2017.12.08-10.01.06:163][301]LogModuleManager: Shutting down and abandoning module AdvancedPreviewScene (373)
[2017.12.08-10.01.06:163][301]LogModuleManager: Shutting down and abandoning module AnimGraph (371)
[2017.12.08-10.01.06:163][301]LogModuleManager: Shutting down and abandoning module Kismet (368)
[2017.12.08-10.01.06:172][301]LogModuleManager: Shutting down and abandoning module ClassViewer (366)
[2017.12.08-10.01.06:172][301]LogModuleManager: Shutting down and abandoning module Toolbox (364)
[2017.12.08-10.01.06:172][301]LogModuleManager: Shutting down and abandoning module ModuleUI (362)
[2017.12.08-10.01.06:173][301]LogModuleManager: Shutting down and abandoning module MovieSceneTools (360)
[2017.12.08-10.01.06:174][301]LogModuleManager: Shutting down and abandoning module OutputLog (358)
[2017.12.08-10.01.06:174][301]LogModuleManager: Shutting down and abandoning module GammaUI (356)
[2017.12.08-10.01.06:174][301]LogModuleManager: Shutting down and abandoning module Documentation (354)
[2017.12.08-10.01.06:174][301]LogModuleManager: Shutting down and abandoning module MovieSceneTracks (352)
[2017.12.08-10.01.06:174][301]LogModuleManager: Shutting down and abandoning module MovieScene (350)
[2017.12.08-10.01.06:174][301]LogModuleManager: Shutting down and abandoning module Niagara (348)
[2017.12.08-10.01.06:174][301]LogModuleManager: Shutting down and abandoning module NiagaraEditor (347)
[2017.12.08-10.01.06:176][301]LogModuleManager: Shutting down and abandoning module StreamingPauseRendering (344)
[2017.12.08-10.01.06:176][301]LogModuleManager: Shutting down and abandoning module AnalyticsET (342)
[2017.12.08-10.01.06:176][301]LogModuleManager: Shutting down and abandoning module PortalServices (340)
[2017.12.08-10.01.06:176][301]LogModuleManager: Shutting down and abandoning module PortalRpc (338)
[2017.12.08-10.01.06:176][301]LogModuleManager: Shutting down and abandoning module MessagingRpc (336)
[2017.12.08-10.01.06:176][301]LogModuleManager: Shutting down and abandoning module AIModule (334)
[2017.12.08-10.01.06:176][301]LogModuleManager: Shutting down and abandoning module GameplayDebugger (333)
[2017.12.08-10.01.06:176][301]LogModuleManager: Shutting down and abandoning module AITestSuite (331)
[2017.12.08-10.01.06:176][301]LogModuleManager: Shutting down and abandoning module ProfilerService (328)
[2017.12.08-10.01.06:369][301]LogModuleManager: Shutting down and abandoning module TaskGraph (326)
[2017.12.08-10.01.06:379][301]LogModuleManager: Shutting down and abandoning module SteamVRController (324)
[2017.12.08-10.01.06:379][301]LogModuleManager: Shutting down and abandoning module SteamVR (322)
[2017.12.08-10.01.06:380][301]LogModuleManager: Shutting down and abandoning module ProceduralMeshComponentEditor (320)
[2017.12.08-10.01.06:380][301]LogModuleManager: Shutting down and abandoning module ProceduralMeshComponent (318)
[2017.12.08-10.01.06:380][301]LogModuleManager: Shutting down and abandoning module OculusLibrary (316)
[2017.12.08-10.01.06:380][301]LogModuleManager: Shutting down and abandoning module OculusInput (314)
[2017.12.08-10.01.06:380][301]LogModuleManager: Shutting down and abandoning module MobilePatchingUtils (312)
[2017.12.08-10.01.06:380][301]LogModuleManager: Shutting down and abandoning module CustomMeshComponent (310)
[2017.12.08-10.01.06:380][301]LogModuleManager: Shutting down and abandoning module CableComponent (308)
[2017.12.08-10.01.06:380][301]LogModuleManager: Shutting down and abandoning module ArchVisCharacter (306)
[2017.12.08-10.01.06:380][301]LogModuleManager: Shutting down and abandoning module AndroidPermission (304)
[2017.12.08-10.01.06:380][301]LogModuleManager: Shutting down and abandoning module MediaPlayerEditor (300)
[2017.12.08-10.01.06:381][301]LogModuleManager: Shutting down and abandoning module HTML5Networking (298)
[2017.12.08-10.01.06:382][301]LogModuleManager: Shutting down and abandoning module AlembicImporter (296)
[2017.12.08-10.01.06:382][301]LogModuleManager: Shutting down and abandoning module AlembicLibrary (295)
[2017.12.08-10.01.06:382][301]LogModuleManager: Shutting down and abandoning module GeometryCache (294)
[2017.12.08-10.01.06:382][301]LogModuleManager: Shutting down and abandoning module GeometryCacheEd (293)
[2017.12.08-10.01.06:382][301]LogModuleManager: Shutting down and abandoning module SuperSearchEditor (288)
[2017.12.08-10.01.06:382][301]LogModuleManager: Shutting down and abandoning module SuperSearch (287)
[2017.12.08-10.01.06:382][301]LogModuleManager: Shutting down and abandoning module SpeedTreeImporter (284)
[2017.12.08-10.01.06:382][301]LogModuleManager: Shutting down and abandoning module PluginBrowser (282)
[2017.12.08-10.01.06:383][301]LogModuleManager: Shutting down and abandoning module MobileLauncherProfileWizard (280)
[2017.12.08-10.01.06:384][301]LogModuleManager: Shutting down and abandoning module VisualStudioSourceCodeAccess (278)
[2017.12.08-10.01.06:384][301]LogModuleManager: Shutting down and abandoning module DesktopPlatform (277)
[2017.12.08-10.01.06:384][301]LogModuleManager: Shutting down and abandoning module UObjectPlugin (274)
[2017.12.08-10.01.06:384][301]LogModuleManager: Shutting down and abandoning module SubversionSourceControl (272)
[2017.12.08-10.01.06:384][301]LogModuleManager: Shutting down and abandoning module PerforceSourceControl (270)
[2017.12.08-10.01.06:385][301]LogModuleManager: Shutting down and abandoning module GitSourceControl (268)
[2017.12.08-10.01.06:385][301]LogModuleManager: Shutting down and abandoning module SourceControl (267)
[2017.12.08-10.01.06:385][301]LogModuleManager: Shutting down and abandoning module LightPropagationVolumeEditor (264)
[2017.12.08-10.01.06:385][301]LogModuleManager: Shutting down and abandoning module PaperTiledImporter (262)
[2017.12.08-10.01.06:385][301]LogModuleManager: Shutting down and abandoning module PaperSpriteSheetImporter (260)
[2017.12.08-10.01.06:385][301]LogModuleManager: Shutting down and abandoning module Paper2DEditor (258)
[2017.12.08-10.01.06:386][301]LogModuleManager: Shutting down and abandoning module MeshPaint (257)
[2017.12.08-10.01.06:386][301]LogModuleManager: Shutting down and abandoning module LevelEditor (255)
[2017.12.08-10.01.06:387][301]LogModuleManager: Shutting down and abandoning module PixelInspectorModule (254)
[2017.12.08-10.01.06:387][301]LogModuleManager: Shutting down and abandoning module MainFrame (252)
[2017.12.08-10.01.06:388][301]LogModuleManager: Shutting down and abandoning module HotReload (251)
[2017.12.08-10.01.06:388][301]LogModuleManager: Shutting down and abandoning module PhysXVehiclesEditor (246)
[2017.12.08-10.01.06:389][301]LogModuleManager: Shutting down and abandoning module PhysXVehicles (244)
[2017.12.08-10.01.06:389][301]LogModuleManager: Shutting down and abandoning module LocationServicesBPLibrary (242)
[2017.12.08-10.01.06:389][301]LogModuleManager: Shutting down and abandoning module ImmediatePhysicsEditor (240)
[2017.12.08-10.01.06:389][301]LogModuleManager: Shutting down and abandoning module ImmediatePhysics (238)
[2017.12.08-10.01.06:389][301]LogModuleManager: Shutting down and abandoning module UdpMessaging (236)
[2017.12.08-10.01.06:489][301]LogModuleManager: Shutting down and abandoning module TcpMessaging (234)
[2017.12.08-10.01.06:594][301]LogModuleManager: Shutting down and abandoning module GameplayTagsEditor (232)
[2017.12.08-10.01.06:604][301]LogModuleManager: Shutting down and abandoning module FacialAnimationEditor (230)
[2017.12.08-10.01.06:604][301]LogModuleManager: Shutting down and abandoning module FacialAnimation (228)
[2017.12.08-10.01.06:604][301]LogModuleManager: Shutting down and abandoning module AssetManagerEditor (226)
[2017.12.08-10.01.06:605][301]LogModuleManager: Shutting down and abandoning module GraphEditor (225)
[2017.12.08-10.01.06:605][301]LogModuleManager: Shutting down and abandoning module ContentBrowser (223)
[2017.12.08-10.01.06:606][301]LogModuleManager: Shutting down and abandoning module LightPropagationVolumeRuntime (220)
[2017.12.08-10.01.06:606][301]LogModuleManager: Shutting down and abandoning module Paper2D (218)
[2017.12.08-10.01.06:606][301]LogModuleManager: Shutting down and abandoning module WindowsMoviePlayer (216)
[2017.12.08-10.01.06:606][301]LogModuleManager: Shutting down and abandoning module WmfMedia (214)
[2017.12.08-10.01.06:606][301]LogModuleManager: Shutting down and abandoning module ClothingSystemEditor (212)
[2017.12.08-10.01.06:606][301]LogModuleManager: Shutting down and abandoning module ClothingSystemRuntime (210)
[2017.12.08-10.01.06:607][301]LogModuleManager: Shutting down and abandoning module MediaAssets (208)
[2017.12.08-10.01.06:607][301]LogModuleManager: Shutting down and abandoning module GameLiveStreaming (206)
[2017.12.08-10.01.06:607][301]LogModuleManager: Shutting down and abandoning module VREditor (204)
[2017.12.08-10.01.06:608][301]LogModuleManager: Shutting down and abandoning module StringTableEditor (202)
[2017.12.08-10.01.06:608][301]LogModuleManager: Shutting down and abandoning module GameplayTasksEditor (200)
[2017.12.08-10.01.06:608][301]LogModuleManager: Shutting down and abandoning module BehaviorTreeEditor (198)
[2017.12.08-10.01.06:610][301]LogModuleManager: Shutting down and abandoning module FunctionalTesting (196)
[2017.12.08-10.01.06:610][301]LogModuleManager: Shutting down and abandoning module CollisionAnalyzer (194)
[2017.12.08-10.01.06:610][301]LogModuleManager: Shutting down and abandoning module UMG (192)
[2017.12.08-10.01.06:610][301]LogModuleManager: Shutting down and abandoning module UMGEditor (191)
[2017.12.08-10.01.06:611][301]LogModuleManager: Shutting down and abandoning module Sequencer (190)
[2017.12.08-10.01.06:612][301]LogModuleManager: Shutting down and abandoning module AssetTools (188)
[2017.12.08-10.01.06:613][301]LogModuleManager: Shutting down and abandoning module MessageLog (187)
[2017.12.08-10.01.06:613][301]LogModuleManager: Shutting down and abandoning module WorkspaceMenuStructure (186)
[2017.12.08-10.01.06:613][301]LogModuleManager: Shutting down and abandoning module SlateReflector (180)
[2017.12.08-10.01.06:614][301]LogModuleManager: Shutting down and abandoning module Slate (178)
[2017.12.08-10.01.06:614][301]LogModuleManager: Shutting down and abandoning module EditorStyle (176)
[2017.12.08-10.01.06:616][301]LogModuleManager: Shutting down and abandoning module SourceCodeAccess (174)
[2017.12.08-10.01.06:616][301]LogModuleManager: Shutting down and abandoning module HeadMountedDisplay (172)
[2017.12.08-10.01.06:616][301]LogModuleManager: Shutting down and abandoning module XAudio2 (170)
[2017.12.08-10.01.06:616][301]LogModuleManager: Shutting down and abandoning module Networking (168)
[2017.12.08-10.01.06:616][301]LogModuleManager: Shutting down and abandoning module Core (164)
[2017.12.08-10.01.06:616][301]LogModuleManager: Shutting down and abandoning module AssetRegistry (162)
[2017.12.08-10.01.06:724][301]LogDirectoryWatcher: A directory notification for '../../../Engine/Content/' was aborted.
[2017.12.08-10.01.06:724][301]LogDirectoryWatcher: A directory notification for 'D:/CastleGuardCurrent/CastleGuardPhase2/CastleGuardReborn/Content/' was aborted.
[2017.12.08-10.01.06:724][301]LogDirectoryWatcher: A directory notification for '../../../Engine/Plugins/2D/Paper2D/Content/' was aborted.
[2017.12.08-10.01.06:724][301]LogDirectoryWatcher: A directory notification for '../../../Engine/Plugins/Runtime/GearVR/Content/' was aborted.
[2017.12.08-10.01.06:739][301]LogModuleManager: Shutting down and abandoning module DirectoryWatcher (161)
[2017.12.08-10.01.06:742][301]LogModuleManager: Shutting down and abandoning module KismetCompiler (158)
[2017.12.08-10.01.06:742][301]LogModuleManager: Shutting down and abandoning module LevelSequence (156)
[2017.12.08-10.01.06:742][301]LogModuleManager: Shutting down and abandoning module PhysXFormats (154)
[2017.12.08-10.01.06:742][301]LogModuleManager: Shutting down and abandoning module MeshUtilities (152)
[2017.12.08-10.01.06:743][301]LogModuleManager: Shutting down and abandoning module SimplygonSwarm (151)
[2017.12.08-10.01.06:744][301]LogModuleManager: Shutting down and abandoning module SimplygonMeshReduction (149)
[2017.12.08-10.01.06:744][301]LogModuleManager: Shutting down and abandoning module QuadricMeshReduction (147)
[2017.12.08-10.01.06:744][301]LogModuleManager: Shutting down and abandoning module DerivedDataCache (144)
[2017.12.08-10.01.06:763][301]LogDerivedDataCache: Shutdown
[2017.12.08-10.01.06:763][301]LogModuleManager: Shutting down and abandoning module TargetPlatform (142)
[2017.12.08-10.01.06:763][301]LogModuleManager: Shutting down and abandoning module VulkanShaderFormat (141)
[2017.12.08-10.01.06:764][301]LogModuleManager: Shutting down and abandoning module ShaderFormatVectorVM (139)
[2017.12.08-10.01.06:764][301]LogModuleManager: Shutting down and abandoning module ShaderFormatOpenGL (137)
[2017.12.08-10.01.06:765][301]LogModuleManager: Shutting down and abandoning module ShaderFormatD3D (135)
[2017.12.08-10.01.06:765][301]LogModuleManager: Shutting down and abandoning module MetalShaderFormat (133)
[2017.12.08-10.01.06:765][301]LogModuleManager: Shutting down and abandoning module TextureFormatUncompressed (131)
[2017.12.08-10.01.06:765][301]LogModuleManager: Shutting down and abandoning module TextureFormatPVR (129)
[2017.12.08-10.01.06:765][301]LogModuleManager: Shutting down and abandoning module TextureFormatDXT (127)
[2017.12.08-10.01.06:765][301]LogModuleManager: Shutting down and abandoning module TextureFormatIntelISPCTexComp (125)
[2017.12.08-10.01.06:765][301]LogModuleManager: Shutting down and abandoning module TextureFormatASTC (123)
[2017.12.08-10.01.06:765][301]LogModuleManager: Shutting down and abandoning module ImageWrapper (122)
[2017.12.08-10.01.06:765][301]LogModuleManager: Shutting down and abandoning module TextureFormatAndroid (119)
[2017.12.08-10.01.06:765][301]LogModuleManager: Shutting down and abandoning module AudioFormatOpus (117)
[2017.12.08-10.01.06:765][301]LogModuleManager: Shutting down and abandoning module AudioFormatOgg (115)
[2017.12.08-10.01.06:765][301]LogModuleManager: Shutting down and abandoning module AudioFormatADPCM (113)
[2017.12.08-10.01.06:765][301]LogModuleManager: Shutting down and abandoning module LinuxTargetPlatform (111)
[2017.12.08-10.01.06:765][301]LogModuleManager: Shutting down and abandoning module LinuxServerTargetPlatform (109)
[2017.12.08-10.01.06:765][301]LogModuleManager: Shutting down and abandoning module LinuxNoEditorTargetPlatform (107)
[2017.12.08-10.01.06:765][301]LogModuleManager: Shutting down and abandoning module LinuxClientTargetPlatform (105)
[2017.12.08-10.01.06:765][301]LogModuleManager: Shutting down and abandoning module TVOSTargetPlatform (103)
[2017.12.08-10.01.06:765][301]LogModuleManager: Shutting down and abandoning module Messaging (101)
[2017.12.08-10.01.06:766][301]LogModuleManager: Shutting down and abandoning module IOSTargetPlatform (99)
[2017.12.08-10.01.06:766][301]LogModuleManager: Shutting down and abandoning module HTML5TargetPlatform (97)
[2017.12.08-10.01.06:766][301]LogModuleManager: Shutting down and abandoning module Android_PVRTCTargetPlatform (95)
[2017.12.08-10.01.06:766][301]LogModuleManager: Shutting down and abandoning module Android_MultiTargetPlatform (93)
[2017.12.08-10.01.06:766][301]LogModuleManager: Shutting down and abandoning module Android_ETC2TargetPlatform (91)
[2017.12.08-10.01.06:766][301]LogModuleManager: Shutting down and abandoning module Android_ETC1TargetPlatform (89)
[2017.12.08-10.01.06:766][301]LogModuleManager: Shutting down and abandoning module Android_DXTTargetPlatform (87)
[2017.12.08-10.01.06:766][301]LogModuleManager: Shutting down and abandoning module Android_ATCTargetPlatform (85)
[2017.12.08-10.01.06:766][301]LogModuleManager: Shutting down and abandoning module Android_ASTCTargetPlatform (83)
[2017.12.08-10.01.06:766][301]LogModuleManager: Shutting down and abandoning module AndroidTargetPlatform (81)
[2017.12.08-10.01.06:766][301]LogModuleManager: Shutting down and abandoning module WindowsTargetPlatform (79)
[2017.12.08-10.01.06:766][301]LogModuleManager: Shutting down and abandoning module WindowsServerTargetPlatform (77)
[2017.12.08-10.01.06:766][301]LogModuleManager: Shutting down and abandoning module WindowsNoEditorTargetPlatform (75)
[2017.12.08-10.01.06:766][301]LogModuleManager: Shutting down and abandoning module WindowsClientTargetPlatform (73)
[2017.12.08-10.01.06:766][301]LogModuleManager: Shutting down and abandoning module MacTargetPlatform (71)
[2017.12.08-10.01.06:766][301]LogModuleManager: Shutting down and abandoning module MacServerTargetPlatform (69)
[2017.12.08-10.01.06:766][301]LogModuleManager: Shutting down and abandoning module MacNoEditorTargetPlatform (67)
[2017.12.08-10.01.06:766][301]LogModuleManager: Shutting down and abandoning module MacClientTargetPlatform (65)
[2017.12.08-10.01.06:766][301]LogModuleManager: Shutting down and abandoning module AllDesktopTargetPlatform (63)
[2017.12.08-10.01.06:766][301]LogModuleManager: Shutting down and abandoning module InputCore (60)
[2017.12.08-10.01.06:766][301]LogModuleManager: Shutting down and abandoning module Settings (58)
[2017.12.08-10.01.06:766][301]LogModuleManager: Shutting down and abandoning module OculusRift (56)
[2017.12.08-10.01.06:766][301]LogModuleManager: Shutting down and abandoning module GearVRController (54)
[2017.12.08-10.01.06:766][301]LogModuleManager: Shutting down and abandoning module GearVR (52)
[2017.12.08-10.01.06:767][301]LogModuleManager: Shutting down and abandoning module ExampleDeviceProfileSelector (50)
[2017.12.08-10.01.06:767][301]LogModuleManager: Shutting down and abandoning module OnlineBlueprintSupport (48)
[2017.12.08-10.01.06:767][301]LogModuleManager: Shutting down and abandoning module OnlineSubsystem (44)
[2017.12.08-10.01.06:767][301]LogOnline:Display: Unloading online subsystem: NULL
[2017.12.08-10.01.06:768][301]LogModuleManager: Shutting down and abandoning module XMPP (43)
[2017.12.08-10.01.06:769][301]LogModuleManager: Shutting down and abandoning module HTTP (41)
[2017.12.08-10.01.06:769][301]LogHttp:Display: Http module shutting down, but needs to wait on 1 outstanding Http requests:
[2017.12.08-10.01.06:769][301]LogHttp:Display: 	verb=[POST] url=[https://datarouter.ol.epicgames.com/datarouter/api/v1/public/data?SessionID=%7B9E7D141C-4730-4CE0-2978-A08CE8E72271%7D&AppID=UEEditor.Rocket.Release&AppVersion=4.16.2-3514769%2B%2B%2BUE4%2BRelease-4.16&UserID=982011a7482c1cbdc2ce3cbeaef51dbe%7C90661dbbb29643fa8d9650f8ab2c70e2%7C70012bb2-c253-4297-934e-6257f569ac01&AppEnvironment=datacollector-binary&UploadType=eteventstream] status=Processing
[2017.12.08-10.01.06:799][301]LogModuleManager: Shutting down and abandoning module SSL (40)
[2017.12.08-10.01.06:801][301]LogModuleManager: Shutting down and abandoning module HTTPChunkInstaller (36)
[2017.12.08-10.01.06:802][301]LogModuleManager: Shutting down and abandoning module AnimationModifiers (34)
[2017.12.08-10.01.06:802][301]LogModuleManager: Shutting down and abandoning module PropertyEditor (33)
[2017.12.08-10.01.06:802][301]LogModuleManager: Shutting down and abandoning module AudioEditor (30)
[2017.12.08-10.01.06:803][301]LogModuleManager: Shutting down and abandoning module TextureCompressor (28)
[2017.12.08-10.01.06:803][301]LogModuleManager: Shutting down and abandoning module ShaderCore (26)
[2017.12.08-10.01.06:803][301]LogModuleManager: Shutting down and abandoning module Landscape (24)
[2017.12.08-10.01.06:803][301]LogModuleManager: Shutting down and abandoning module SlateRHIRenderer (22)
[2017.12.08-10.01.06:806][301]LogModuleManager: Shutting down and abandoning module OpenGLDrv (20)
[2017.12.08-10.01.06:807][301]LogModuleManager: Shutting down and abandoning module D3D11RHI (18)
[2017.12.08-10.01.06:807][301]LogModuleManager: Shutting down and abandoning module AnimGraphRuntime (16)
[2017.12.08-10.01.06:807][301]LogModuleManager: Shutting down and abandoning module Renderer (14)
[2017.12.08-10.01.06:807][301]LogModuleManager: Shutting down and abandoning module Engine (12)
[2017.12.08-10.01.06:807][301]LogModuleManager: Shutting down and abandoning module CoreUObject (10)
[2017.12.08-10.01.06:807][301]LogModuleManager: Shutting down and abandoning module NetworkFile (8)
[2017.12.08-10.01.06:807][301]LogModuleManager: Shutting down and abandoning module StreamingFile (6)
[2017.12.08-10.01.06:807][301]LogModuleManager: Shutting down and abandoning module SandboxFile (4)
[2017.12.08-10.01.06:807][301]LogModuleManager: Shutting down and abandoning module PakFile (2)
[2017.12.08-10.01.06:808][301]LogExit: Exiting.
[2017.12.08-10.01.06:835][301]Log file closed, 12/08/17 02:01:06
