Log file open, 10/31/17 15:44:51
LogInit:Display: Running engine for game: CastleGuardReborn
LogPlatformFile: Not using cached read wrapper
LogInit:Display: RandInit(409829970) SRandInit(409829970).
LogTaskGraph: Started task graph with 5 named threads and 8 total threads with 1 sets of task threads.
LogStats: Stats thread started at 0.085913
LogInit: Using libcurl 7.47.1
LogInit:  - built for x86_64-pc-win32
LogInit:  - supports SSL with OpenSSL/1.0.2g
LogInit:  - supports HTTP deflate (compression) using libz 1.2.8
LogInit:  - other features:
LogInit:      CURL_VERSION_SSL
LogInit:      CURL_VERSION_LIBZ
LogInit:      CURL_VERSION_IPV6
LogInit:      CURL_VERSION_ASYNCHDNS
LogInit:      CURL_VERSION_LARGEFILE
LogInit:      CURL_VERSION_IDN
LogInit:  CurlRequestOptions (configurable via config and command line):
LogInit:  - bVerifyPeer = false  - Libcurl will NOT verify peer certificate
LogInit:  - bUseHttpProxy = false  - Libcurl will NOT use HTTP proxy
LogInit:  - bDontReuseConnections = false  - Libcurl will reuse connections
LogInit:  - CertBundlePath = nullptr  - Libcurl will use whatever was configured at build time.
LogInit: Build: ++UE4+Release-4.16-CL-3514769
LogInit: Engine Version: 4.16.2-3514769+++UE4+Release-4.16
LogInit: Compatible Engine Version: 4.16.0-3452394+++UE4+Release-4.16
LogInit: Net CL: 3452394
LogDevObjectVersion: Number of dev versions registered: 16
LogDevObjectVersion:   Dev-Blueprints (B0D832E4-1F89-4F0D-ACCF-7EB736FD4AA2): 9
LogDevObjectVersion:   Dev-Build (E1C64328-A22C-4D53-A36C-8E866417BD8C): 0
LogDevObjectVersion:   Dev-Core (375EC13C-06E4-48FB-B500-84F0262A717E): 2
LogDevObjectVersion:   Dev-Editor (E4B068ED-F494-42E9-A231-DA0B2E46BB41): 17
LogDevObjectVersion:   Dev-Framework (CFFC743F-43B0-4480-9391-14DF171D2073): 23
LogDevObjectVersion:   Dev-Mobile (B02B49B5-BB20-44E9-A304-32B752E40360): 0
LogDevObjectVersion:   Dev-Networking (A4E4105C-59A1-49B5-A7C5-40C4547EDFEE): 0
LogDevObjectVersion:   Dev-Online (39C831C9-5AE6-47DC-9A44-9C173E1C8E7C): 0
LogDevObjectVersion:   Dev-Physics (78F01B33-EBEA-4F98-B9B4-84EACCB95AA2): 0
LogDevObjectVersion:   Dev-Platform (6631380F-2D4D-43E0-8009-CF276956A95A): 0
LogDevObjectVersion:   Dev-Rendering (12F88B9F-8875-4AFC-A67C-D90C383ABD29): 15
LogDevObjectVersion:   Dev-Sequencer (7B5AE74C-D270-4C10-A958-57980B212A5A): 4
LogDevObjectVersion:   Dev-VR (D7296918-1DD6-4BDD-9DE2-64A83CC13884): 0
LogDevObjectVersion:   Dev-LoadTimes (C2A15278-BFE7-4AFE-6C17-90FF531DF755): 1
LogDevObjectVersion:   Private-Geometry (6EACA3D4-40EC-4CC1-B786-8BED09428FC5): 1
LogDevObjectVersion:   Dev-AnimPhys (29E575DD-E0A3-4627-9D10-D276232CDCEA): 3
LogInit: Compiled (64-bit): Jun 29 2017 02:03:24
LogInit: Compiled with Visual C++: 19.00.24215.01
LogInit: Build Configuration: Development
LogInit: Branch Name: ++UE4+Release-4.16
LogInit: Command line:  
LogInit: Base directory: C:/Program Files/Epic Games/UE_4.16/Engine/Binaries/Win64/
LogInit: Installed Engine Build: 1
LogInit: Presizing for max 8388607 objects, including 0 objects not considered by GC, pre-allocating 0 bytes for permanent pool.
LogInit: Object subsystem initialized
[2017.10.31-22.44.52:266][  0]LogInit: Selected Device Profile: [Windows]
[2017.10.31-22.44.52:266][  0]LogInit: Applying CVar settings loaded from the selected device profile: [Windows]
[2017.10.31-22.44.52:303][  0]LogInit: Computer: LCIVAN-238-00
[2017.10.31-22.44.52:303][  0]LogInit: User: studentuser
[2017.10.31-22.44.52:303][  0]LogInit: CPU Page size=4096, Cores=4
[2017.10.31-22.44.52:303][  0]LogInit: High frequency timer resolution =4.101559 MHz
[2017.10.31-22.44.52:303][  0]LogMemory: Memory total: Physical=15.9GB (16GB approx)
[2017.10.31-22.44.52:303][  0]LogMemory: Platform Memory Stats for Windows
[2017.10.31-22.44.52:303][  0]LogMemory: Process Physical Memory: 274.66 MB used, 274.66 MB peak
[2017.10.31-22.44.52:303][  0]LogMemory: Process Virtual Memory: 260.84 MB used, 260.84 MB peak
[2017.10.31-22.44.52:303][  0]LogMemory: Physical Memory: 5871.61 MB used,  10411.84 MB free, 16283.45 MB total
[2017.10.31-22.44.52:303][  0]LogMemory: Virtual Memory: 638.47 MB used,  10411.84 MB free, 134217728.00 MB total
[2017.10.31-22.44.52:384][  0]LogInit: Using OS detected language (en-US).
[2017.10.31-22.44.52:384][  0]LogInit: Using OS detected locale (en-CA).
[2017.10.31-22.44.52:387][  0]LogTextLocalizationManager: No specific localization for 'en-US' exists, so the 'en' localization will be used.
[2017.10.31-22.44.55:047][  0]LogD3D11RHI: D3D11 adapters:
[2017.10.31-22.44.55:079][  0]LogD3D11RHI:    0. 'NVIDIA GeForce GTX 1070' (Feature Level 11_0)
[2017.10.31-22.44.55:079][  0]LogD3D11RHI:       8115/0/8141 MB DedicatedVideo/DedicatedSystem/SharedSystem, Outputs:1, VendorId:0x10de
[2017.10.31-22.44.55:130][  0]LogD3D11RHI:    1. 'Intel(R) HD Graphics 630' (Feature Level 11_0)
[2017.10.31-22.44.55:130][  0]LogD3D11RHI:       128/0/8141 MB DedicatedVideo/DedicatedSystem/SharedSystem, Outputs:0, VendorId:0x8086
[2017.10.31-22.44.55:131][  0]LogD3D11RHI:    2. 'Microsoft Basic Render Driver' (Feature Level 11_0)
[2017.10.31-22.44.55:131][  0]LogD3D11RHI:       0/0/8141 MB DedicatedVideo/DedicatedSystem/SharedSystem, Outputs:0, VendorId:0x1414
[2017.10.31-22.44.55:131][  0]LogD3D11RHI: Chosen D3D11 Adapter: 0
[2017.10.31-22.44.55:138][  0]LogD3D11RHI: Creating new Direct3DDevice
[2017.10.31-22.44.55:138][  0]LogD3D11RHI:     GPU DeviceId: 0x1b81 (for the marketing name, search the web for "GPU Device Id")
[2017.10.31-22.44.55:138][  0]LogWindows: EnumDisplayDevices:
[2017.10.31-22.44.55:138][  0]LogWindows:    0. 'NVIDIA GeForce GTX 1070' (P:1 D:1)
[2017.10.31-22.44.55:138][  0]LogWindows:    1. 'NVIDIA GeForce GTX 1070' (P:0 D:0)
[2017.10.31-22.44.55:138][  0]LogWindows:    2. 'NVIDIA GeForce GTX 1070' (P:0 D:0)
[2017.10.31-22.44.55:138][  0]LogWindows:    3. 'NVIDIA GeForce GTX 1070' (P:0 D:0)
[2017.10.31-22.44.55:138][  0]LogWindows:    4. 'Intel(R) HD Graphics 630' (P:0 D:0)
[2017.10.31-22.44.55:138][  0]LogWindows:    5. 'Intel(R) HD Graphics 630' (P:0 D:0)
[2017.10.31-22.44.55:139][  0]LogWindows:    6. 'Intel(R) HD Graphics 630' (P:0 D:0)
[2017.10.31-22.44.55:139][  0]LogWindows: DebugString: PrimaryIsNotTheChoosenAdapter PrimaryIsNotTheChoosenAdapter PrimaryIsNotTheChoosenAdapter FoundDriverCount:4 
[2017.10.31-22.44.55:139][  0]LogD3D11RHI:     Adapter Name: NVIDIA GeForce GTX 1070
[2017.10.31-22.44.55:139][  0]LogD3D11RHI:   Driver Version: 382.66 (internal:22.21.13.8266, unified:382.66)
[2017.10.31-22.44.55:139][  0]LogD3D11RHI:      Driver Date: 6-25-2017
[2017.10.31-22.44.55:139][  0]LogRHI: Texture pool is 1361 MB (70% of 1945 MB)
[2017.10.31-22.44.55:163][  0]LogD3D11RHI: Async texture creation enabled
[2017.10.31-22.44.55:177][  0]LogD3D11RHI: GPU Timing Frequency: 1000.000000 (Debug: 2 2)
[2017.10.31-22.44.55:225][  0]LogShaderCompilers: Guid format shader working directory is -6 characters bigger than the processId version (D:/CastleGuardCurrent/CastleGuardPhase2/CastleGuardReborn/Intermediate/Shaders/WorkingDirectory/17376/).
[2017.10.31-22.44.55:226][  0]LogShaderCompilers: Cleaned the shader compiler working directory 'C:/Users/studentuser/AppData/Local/Temp/UnrealShaderWorkingDir/6E5219EF42EC6AB82C507CB4BCEA1E85/'.
[2017.10.31-22.44.55:226][  0]LogShaderCompilers:Display: Using Local Shader Compiler.
[2017.10.31-22.44.57:056][  0]LogTemp:Display: Loaded TP AllDesktopTargetPlatform
[2017.10.31-22.44.57:101][  0]LogTemp:Display: Loaded TP MacClientTargetPlatform
[2017.10.31-22.44.57:142][  0]LogTemp:Display: Loaded TP MacNoEditorTargetPlatform
[2017.10.31-22.44.57:184][  0]LogTemp:Display: Loaded TP MacServerTargetPlatform
[2017.10.31-22.44.57:228][  0]LogTemp:Display: Loaded TP MacTargetPlatform
[2017.10.31-22.44.57:270][  0]LogTemp:Display: Loaded TP WindowsClientTargetPlatform
[2017.10.31-22.44.57:317][  0]LogTemp:Display: Loaded TP WindowsNoEditorTargetPlatform
[2017.10.31-22.44.57:357][  0]LogTemp:Display: Loaded TP WindowsServerTargetPlatform
[2017.10.31-22.44.57:395][  0]LogTemp:Display: Loaded TP WindowsTargetPlatform
[2017.10.31-22.44.57:438][  0]LogTemp:Display: Loaded TP AndroidTargetPlatform
[2017.10.31-22.44.57:482][  0]LogTemp:Display: Loaded TP Android_ASTCTargetPlatform
[2017.10.31-22.44.57:530][  0]LogTemp:Display: Loaded TP Android_ATCTargetPlatform
[2017.10.31-22.44.57:575][  0]LogTemp:Display: Loaded TP Android_DXTTargetPlatform
[2017.10.31-22.44.57:621][  0]LogTemp:Display: Loaded TP Android_ETC1TargetPlatform
[2017.10.31-22.44.57:669][  0]LogTemp:Display: Loaded TP Android_ETC2TargetPlatform
[2017.10.31-22.44.57:752][  0]LogTemp:Display: Loaded TP Android_MultiTargetPlatform
[2017.10.31-22.44.57:752][  0]LogTemp:Display: Loaded TP Android_PVRTCTargetPlatform
[2017.10.31-22.44.57:787][  0]LogTemp:Display: Loaded TP HTML5TargetPlatform
[2017.10.31-22.44.57:875][  0]LogTemp:Display: Loaded TP IOSTargetPlatform
[2017.10.31-22.44.57:907][  0]LogTemp:Display: Loaded TP TVOSTargetPlatform
[2017.10.31-22.44.57:951][  0]LogTemp:Display: Loaded TP LinuxClientTargetPlatform
[2017.10.31-22.44.57:998][  0]LogTemp:Display: Loaded TP LinuxNoEditorTargetPlatform
[2017.10.31-22.44.58:040][  0]LogTemp:Display: Loaded TP LinuxServerTargetPlatform
[2017.10.31-22.44.58:089][  0]LogTemp:Display: Loaded TP LinuxTargetPlatform
[2017.10.31-22.44.58:089][  0]LogTargetPlatformManager:Display: Building Assets For Windows
[2017.10.31-22.44.58:497][  0]LogDerivedDataCache:Display: Max Cache Size: 512 MB
[2017.10.31-22.44.59:137][  0]LogDerivedDataCache: Loaded boot cache 0.64s 103MB C:/Users/studentuser/AppData/Local/UnrealEngine/4.16/DerivedDataCache/Boot.ddc.
[2017.10.31-22.44.59:137][  0]LogDerivedDataCache:Display: Loaded Boot cache: C:/Users/studentuser/AppData/Local/UnrealEngine/4.16/DerivedDataCache/Boot.ddc
[2017.10.31-22.44.59:137][  0]LogDerivedDataCache: FDerivedDataBackendGraph:  Pak pak cache file D:/CastleGuardCurrent/CastleGuardPhase2/CastleGuardReborn/DerivedDataCache/DDC.ddp not found, will not use a pak cache.
[2017.10.31-22.44.59:137][  0]LogDerivedDataCache: Unable to find inner node Pak for hierarchical cache Hierarchy.
[2017.10.31-22.44.59:137][  0]LogDerivedDataCache: FDerivedDataBackendGraph:  CompressedPak pak cache file D:/CastleGuardCurrent/CastleGuardPhase2/CastleGuardReborn/DerivedDataCache/Compressed.ddp not found, will not use a pak cache.
[2017.10.31-22.44.59:137][  0]LogDerivedDataCache: Unable to find inner node CompressedPak for hierarchical cache Hierarchy.
[2017.10.31-22.44.59:150][  0]LogDerivedDataCache:Display: Pak cache opened for reading ../../../Engine/DerivedDataCache/Compressed.ddp.
[2017.10.31-22.44.59:161][  0]LogDerivedDataCache: Using Local data cache path C:/Users/studentuser/AppData/Local/UnrealEngine/Common/DerivedDataCache: Writable
[2017.10.31-22.44.59:168][  0]LogMaterial: Verifying Global Shaders for PCD3D_SM5
[2017.10.31-22.44.59:169][  0]LogSlate: Using Freetype 2.6.0
[2017.10.31-22.44.59:169][  0]LogSlate: SlateFontCache - WITH_FREETYPE: 1, WITH_HARFBUZZ: 1
[2017.10.31-22.44.59:169][  0]LogSlate: SlateFontCache - WITH_FREETYPE: 1, WITH_HARFBUZZ: 1
[2017.10.31-22.44.59:685][  0]LogInit: Selected Device Profile: [Windows]
[2017.10.31-22.44.59:754][  0]LogContentStreaming: Texture pool size is 0.00 MB
[2017.10.31-22.44.59:875][  0]LogMeshUtilities: Using QuadricMeshReduction for automatic static mesh reduction
[2017.10.31-22.44.59:912][  0]LogSimplygon: Simplygon DLL not present - disabling.
[2017.10.31-22.44.59:959][  0]LogMeshUtilities: Using SimplygonSwarm for distributed automatic mesh merging
[2017.10.31-22.44.59:959][  0]LogMeshUtilities: No automatic skeletal mesh reduction module available
[2017.10.31-22.44.59:959][  0]LogMeshUtilities: No automatic mesh merging module available
[2017.10.31-22.45.00:413][  0]LogNetVersion: CastleGuardReborn , NetCL: 3452394, EngineNetVer: 2, GameNetVer: 0 (Checksum: 2303850599)
[2017.10.31-22.45.00:467][  0]LogAssetRegistry: FAssetRegistry took 0.0244 seconds to start up
[2017.10.31-22.45.00:523][  0]LogPackageLocalizationCache: Processed 4 localized package path(s) for 2 prioritized culture(s) in 0.040200 seconds
[2017.10.31-22.45.00:529][  0]LogUObjectArray: 34194 objects as part of root set at end of initial load.
[2017.10.31-22.45.00:529][  0]LogUObjectAllocator: 7260416 out of 0 bytes used by permanent object pool.
[2017.10.31-22.45.00:529][  0]LogUObjectArray: CloseDisregardForGC: 0/0 objects in disregard for GC pool
[2017.10.31-22.45.00:584][  0]LogInit: WinSock: version 1.1 (2.2), MaxSocks=32767, MaxUdp=65467
[2017.10.31-22.45.04:900][  0]LogTcpMessaging: Initializing TcpMessaging bridge
[2017.10.31-22.45.04:937][  0]LogUdpMessaging: Initializing bridge on interface 0.0.0.0:0 to multicast group 230.0.0.1:6666.
[2017.10.31-22.45.05:397][  0]LogMaterial: Uniform references updated for custom material expression Custom.
[2017.10.31-22.45.05:716][  0]SourceControl: Info Source control is disabled
[2017.10.31-22.45.05:833][  0]SourceControl: Info Source control is disabled
[2017.10.31-22.45.05:877][  0]SourceControl: Info Source control is disabled
[2017.10.31-22.45.05:914][  0]SourceControl: Info Source control is disabled
[2017.10.31-22.45.06:543][  0]LogAndroidPermission: UAndroidPermissionCallbackProxy::GetInstance
[2017.10.31-22.45.07:072][  0]LogEngine: Initializing Engine...
[2017.10.31-22.45.07:714][  0]LogHMD: SteamVR initialized.  Driver: lighthouse  Display: LHR-A4D81BA4
[2017.10.31-22.45.08:015][  0]LogStats: UGameplayTagsManager::ConstructGameplayTagTree: Construct from data asset -  0.000 s
[2017.10.31-22.45.08:015][  0]LogStats: UGameplayTagsManager::ConstructGameplayTagTree: GameplayTagTreeChangedEvent.Broadcast -  0.000 s
[2017.10.31-22.45.08:189][  0]LogAIModule: Creating AISystem for world Untitled
[2017.10.31-22.45.08:288][  0]LogInit: XAudio2 using 'Speakers (2- USB Audio Device)' : 2 channels at 48 kHz using 16 bits per sample (channel mask 0x3)
[2017.10.31-22.45.08:427][  0]LogInit: FAudioDevice initialized.
[2017.10.31-22.45.08:480][  0]LogDerivedDataCache: Saved boot cache 0.05s 90MB C:/Users/studentuser/AppData/Local/UnrealEngine/4.16/DerivedDataCache/Boot.ddc.
[2017.10.31-22.45.08:501][  0]LogInit: Texture streaming: Enabled
[2017.10.31-22.45.08:699][  0]LogEngineSessionManager: EngineSessionManager initialized
[2017.10.31-22.45.08:700][  0]LogEngineSessionManager: EngineSessionManager sent abnormal shutdown report. Type=Crashed, SessionId={4F99D7B5-492C-B7B9-A3BF-A3BD58EBDF39}
[2017.10.31-22.45.08:905][  0]LogWindowsTextInputMethodSystem:Display: IME system now deactivated.
[2017.10.31-22.45.09:149][  0]LogInit: Transaction tracking system initialized
[2017.10.31-22.45.09:494][  0]BlueprintLog: New page: Editor Load
[2017.10.31-22.45.10:324][  0]LocalizationService: Info Localization service is disabled
[2017.10.31-22.45.10:880][  0]LogConsoleResponse:Display: 
[2017.10.31-22.45.11:085][  0]LogCook:Display: Max memory allowance for cook 16384mb min free memory 0mb
[2017.10.31-22.45.11:085][  0]LogCook:Display: Mobile HDR setting 1
[2017.10.31-22.45.12:000][  0]SourceControl: Info Source control is disabled
[2017.10.31-22.45.12:000][  0]Cmd: MAP LOAD FILE="D:/CastleGuardCurrent/CastleGuardPhase2/CastleGuardReborn/Content/Vive/Maps/default.umap" TEMPLATE=0 SHOWPROGRESS=1 FEATURELEVEL=3
[2017.10.31-22.45.12:001][  0]LightingResults: New page: Lighting Build
[2017.10.31-22.45.12:038][  0]MapCheck: New page: Map Check
[2017.10.31-22.45.12:038][  0]LightingResults: New page: Lighting Build
[2017.10.31-22.45.14:259][  0]LogClass:Warning: Enum '/Game/Vive/Blueprints/Enum_GameStatus.Enum_GameStatus' was upgraded to use FText to store its display name data. Please re-save this asset to avoid issues with localization and determinstic cooking.
[2017.10.31-22.45.14:693][  0]LogAIModule: Creating AISystem for world default
[2017.10.31-22.45.15:580][  0]LogEditorServer: Finished looking for orphan Actors (0.000 secs)
[2017.10.31-22.45.15:652][  0]Cmd: MAP CHECKDEP NOCLEARLOG
[2017.10.31-22.45.15:690][  0]MapCheck: Info Map check complete: 0 Error(s), 0 Warning(s), took 38.679ms to complete.
[2017.10.31-22.45.15:690][  0]LogFileHelpers: Loading map 'default' took 3.690
[2017.10.31-22.45.15:873][  0]LogCollectionManager: Loaded 0 collections in 0.001880 seconds
[2017.10.31-22.45.15:938][  0]LogFileCache: Scanning file cache for directory 'D:/CastleGuardCurrent/CastleGuardPhase2/CastleGuardReborn/Saved/Collections/' took 0.01s
[2017.10.31-22.45.15:938][  0]LogFileCache: Scanning file cache for directory 'D:/CastleGuardCurrent/CastleGuardPhase2/CastleGuardReborn/Content/Developers/studentuser/Collections/' took 0.01s
[2017.10.31-22.45.15:938][  0]LogFileCache: Scanning file cache for directory 'D:/CastleGuardCurrent/CastleGuardPhase2/CastleGuardReborn/Content/Collections/' took 0.01s
[2017.10.31-22.45.15:938][  0]LogCollectionManager: Rebuilt the GUID cache for 0 collections in 0.000001 seconds
[2017.10.31-22.45.15:944][  0]LogContentBrowser: Native class hierarchy populated in 0.0065 seconds. Added 2330 classes and 494 folders.
[2017.10.31-22.45.15:991][  0]LogContentBrowser: Native class hierarchy updated for 'WidgetCarousel' in 0.0004 seconds. Added 0 classes and 0 folders.
[2017.10.31-22.45.16:290][  0]LogContentBrowser: Native class hierarchy updated for 'AddContentDialog' in 0.0004 seconds. Added 0 classes and 0 folders.
[2017.10.31-22.45.16:323][  0]LogContentBrowser: Native class hierarchy updated for 'SceneOutliner' in 0.0004 seconds. Added 1 classes and 2 folders.
[2017.10.31-22.45.16:373][  0]LogCrashTracker: Crashtracker disabled due to settings.
[2017.10.31-22.45.16:379][  0]LogSlate: Took 0.000156 seconds to synchronously load lazily loaded font '../../../Engine/Content/Slate/Fonts/Roboto-Regular.ttf' (155K)
[2017.10.31-22.45.16:381][  0]LogSlate: Took 0.000154 seconds to synchronously load lazily loaded font '../../../Engine/Content/Slate/Fonts/Roboto-Bold.ttf' (160K)
[2017.10.31-22.45.16:389][  0]LogSlate: Took 0.004597 seconds to synchronously load lazily loaded font '../../../Engine/Content/Editor/Slate/Fonts/FontAwesome.ttf' (139K)
[2017.10.31-22.45.16:393][  0]LogSlate: Took 0.003946 seconds to synchronously load lazily loaded font '../../../Engine/Content/Editor/Slate/Fonts/DroidSansMono.ttf' (77K)
[2017.10.31-22.45.16:506][  0]LogRenderer: Reallocating scene render targets to support 1196x576 NumSamples 1 (Frame:1).
[2017.10.31-22.45.16:640][  0]LogUObjectGlobals:Warning: Failed to find object 'Class None.'
[2017.10.31-22.45.16:696][  0]LogContentBrowser: Native class hierarchy updated for 'HierarchicalLODOutliner' in 0.0004 seconds. Added 1 classes and 2 folders.
[2017.10.31-22.45.16:696][  0]LogLoad: (Engine Initialization) Total time: 26.51 seconds
[2017.10.31-22.45.16:696][  0]LogLoad: (Engine Initialization) Total Blueprint compile time: 0.58 seconds
[2017.10.31-22.45.16:696][  0]LogExternalProfiler: Found external profiler: VSPerf
[2017.10.31-22.45.16:696][  0]LogExternalProfiler: Using external profiler: VSPerf
[2017.10.31-22.45.16:707][  0]LogOcInput: OculusInput pre-init called
[2017.10.31-22.45.16:707][  0]LogHMD: Starting GearVRController plugin
[2017.10.31-22.45.16:707][  0]LogSteamVRController: Controller role for device 3 is 1 (invalid=0, left=1, right=2).
[2017.10.31-22.45.16:708][  0]LogSteamVRController:Warning: Controller device 3 is being assigned to its prefered role 'left'.
[2017.10.31-22.45.16:708][  0]LogSteamVRController: Controller device 3 is being assigned unreal hand 0 (left=0, right=1).
[2017.10.31-22.45.16:708][  0]LogSteamVRController: Controller role for device 4 is 2 (invalid=0, left=1, right=2).
[2017.10.31-22.45.16:708][  0]LogSteamVRController: Putting controller 4 on the right hand because there is already a controller for the left.
[2017.10.31-22.45.16:708][  0]LogSteamVRController: Controller device 4 is being assigned unreal hand 1 (left=0, right=1).
[2017.10.31-22.45.16:725][  0]LogAssetRegistry: Asset discovery search completed in 16.2785 seconds
[2017.10.31-22.45.16:726][  0]LogCollectionManager: Rebuilt the object cache for 0 collections in 0.000000 seconds (found 0 objects)
[2017.10.31-22.45.16:726][  0]LogCollectionManager: Fixed up redirectors for 0 collections in 0.000095 seconds (updated 0 objects)
[2017.10.31-22.45.16:730][  0]LogContentStreaming: Texture pool size now 1000 MB
[2017.10.31-22.45.17:736][105]LogSlate: Took 0.000146 seconds to synchronously load lazily loaded font '../../../Engine/Content/Slate/Fonts/Roboto-Light.ttf' (159K)
[2017.10.31-22.45.21:782][579]LogTemp: Repeting last play command: VR Preview
[2017.10.31-22.45.21:880][579]LogBlueprintUserMessages: Early PlayInEditor Detection: Level '/Game/Vive/Maps/default.default:PersistentLevel' has LevelScriptBlueprint '/Game/Vive/Maps/default.default:PersistentLevel.default' with GeneratedClass '/Game/Vive/Maps/default.default_C' with ClassGeneratedBy '/Game/Vive/Maps/default.default:PersistentLevel.default'
[2017.10.31-22.45.21:881][579]LogPlayLevel: PlayLevel: No blueprints needed recompiling
[2017.10.31-22.45.21:881][579]PIE: New page: PIE session: default (Oct 31, 2017, 8:45:21 AM)
[2017.10.31-22.45.21:881][579]LogPlayLevel: Creating play world package: /Game/Vive/Maps/UEDPIE_0_default
[2017.10.31-22.45.22:026][579]LogPlayLevel: PIE: StaticDuplicateObject took: (0.145230s)
[2017.10.31-22.45.22:027][579]LogAIModule: Creating AISystem for world default
[2017.10.31-22.45.22:027][579]LogPlayLevel: PIE: World Init took: (0.000771s)
[2017.10.31-22.45.22:028][579]LogPlayLevel: PIE: Created PIE world by copying editor world from /Game/Vive/Maps/default.default to /Game/Vive/Maps/UEDPIE_0_default.default (0.146882s)
[2017.10.31-22.45.22:041][579]LogInit: XAudio2 using 'Speakers (2- USB Audio Device)' : 2 channels at 48 kHz using 16 bits per sample (channel mask 0x3)
[2017.10.31-22.45.22:049][579]LogInit: FAudioDevice initialized.
[2017.10.31-22.45.22:131][579]LogLoad: Game class is 'ViveGameMode_C'
[2017.10.31-22.45.22:142][579]LogWorld: Bringing World /Game/Vive/Maps/UEDPIE_0_default.default up for play (max tick rate 0) at 2017.10.31-15.45.22
[2017.10.31-22.45.22:143][579]LogWorld: Bringing up level for play took: 0.010444
[2017.10.31-22.45.22:174][579]LogContentBrowser: Native class hierarchy updated for 'MovieSceneCapture' in 0.0004 seconds. Added 11 classes and 0 folders.
[2017.10.31-22.45.22:174][579]LogGameMode:Display: Match State Changed from EnteringMap to WaitingToStart
[2017.10.31-22.45.22:174][579]LogGameState: Match State Changed from EnteringMap to WaitingToStart
[2017.10.31-22.45.22:174][579]LogGameMode:Display: Match State Changed from WaitingToStart to InProgress
[2017.10.31-22.45.22:179][579]LogGameState: Match State Changed from WaitingToStart to InProgress
[2017.10.31-22.45.22:183][579]PIE: Info Play in editor start time for /Game/Vive/Maps/UEDPIE_0_default 1.025
[2017.10.31-22.45.22:183][579]LogBlueprintUserMessages: Late PlayInEditor Detection: Level '/Game/Vive/Maps/default.default:PersistentLevel' has LevelScriptBlueprint '/Game/Vive/Maps/default.default:PersistentLevel.default' with GeneratedClass '/Game/Vive/Maps/default.default_C' with ClassGeneratedBy '/Game/Vive/Maps/default.default:PersistentLevel.default'
[2017.10.31-22.45.22:329][581]LogRenderer: Reallocating scene render targets to support 3024x1680 NumSamples 1 (Frame:1).
[2017.10.31-22.45.22:345][581]LogHMD: Warning:  SteamVR Compositor had an error on present (101)
[2017.10.31-22.45.22:452][582]LogHMD: Warning:  SteamVR Compositor had an error on present (101)
[2017.10.31-22.45.22:556][583]LogHMD: Warning:  SteamVR Compositor had an error on present (101)
[2017.10.31-22.45.22:659][584]LogHMD: Warning:  SteamVR Compositor had an error on present (101)
[2017.10.31-22.45.22:763][585]LogHMD: Warning:  SteamVR Compositor had an error on present (101)
[2017.10.31-22.45.22:866][586]LogHMD: Warning:  SteamVR Compositor had an error on present (101)
[2017.10.31-22.45.22:969][587]LogHMD: Warning:  SteamVR Compositor had an error on present (101)
[2017.10.31-22.45.23:072][588]LogHMD: Warning:  SteamVR Compositor had an error on present (101)
[2017.10.31-22.45.23:175][589]LogHMD: Warning:  SteamVR Compositor had an error on present (101)
[2017.10.31-22.45.23:278][590]LogHMD: Warning:  SteamVR Compositor had an error on present (101)
[2017.10.31-22.45.23:381][591]LogHMD: Warning:  SteamVR Compositor had an error on present (101)
[2017.10.31-22.45.23:484][592]LogHMD: Warning:  SteamVR Compositor had an error on present (101)
[2017.10.31-22.45.23:586][593]LogHMD: Warning:  SteamVR Compositor had an error on present (101)
[2017.10.31-22.45.23:587][593]LogBlueprintUserMessages: [Catapult_C_0] Handle1
[2017.10.31-22.45.23:587][593]LogScript:Warning: Accessed None trying to read property Catapult
	SoldierAI_C /Game/Vive/Maps/UEDPIE_0_default.default:PersistentLevel.SoldierAI_C_0
	Function /Game/Vive/Blueprints/AI/SoldierAI/SoldierAI.SoldierAI_C:ExecuteUbergraph_SoldierAI:0D92
[2017.10.31-22.45.23:587][593]PIE:Error: Error Blueprint Runtime Error: Accessed None trying to read property Catapult from function: 'ExecuteUbergraph_SoldierAI' from node: Branch in graph: EventGraph in object: SoldierAI with description: Accessed None trying to read property Catapult
[2017.10.31-22.45.23:689][594]LogHMD: Warning:  SteamVR Compositor had an error on present (101)
[2017.10.31-22.45.23:794][595]LogHMD: Warning:  SteamVR Compositor had an error on present (101)
[2017.10.31-22.45.23:795][595]LogBlueprintUserMessages: [Catapult_C_0] Handle2
[2017.10.31-22.45.23:897][596]LogHMD: Warning:  SteamVR Compositor had an error on present (101)
[2017.10.31-22.45.24:002][597]LogHMD: Warning:  SteamVR Compositor had an error on present (101)
[2017.10.31-22.45.24:105][598]LogHMD: Warning:  SteamVR Compositor had an error on present (101)
[2017.10.31-22.45.24:208][599]LogHMD: Warning:  SteamVR Compositor had an error on present (101)
[2017.10.31-22.45.24:310][600]LogHMD: Warning:  SteamVR Compositor had an error on present (101)
[2017.10.31-22.45.24:413][601]LogHMD: Warning:  SteamVR Compositor had an error on present (101)
[2017.10.31-22.45.24:515][602]LogHMD: Warning:  SteamVR Compositor had an error on present (101)
[2017.10.31-22.45.24:619][603]LogHMD: Warning:  SteamVR Compositor had an error on present (101)
[2017.10.31-22.45.24:721][604]LogHMD: Warning:  SteamVR Compositor had an error on present (101)
[2017.10.31-22.45.24:824][605]LogHMD: Warning:  SteamVR Compositor had an error on present (101)
[2017.10.31-22.45.24:926][606]LogHMD: Warning:  SteamVR Compositor had an error on present (101)
[2017.10.31-22.45.25:029][607]LogHMD: Warning:  SteamVR Compositor had an error on present (101)
[2017.10.31-22.45.25:132][608]LogHMD: Warning:  SteamVR Compositor had an error on present (101)
[2017.10.31-22.45.25:234][609]LogHMD: Warning:  SteamVR Compositor had an error on present (101)
[2017.10.31-22.45.25:337][610]LogHMD: Warning:  SteamVR Compositor had an error on present (101)
[2017.10.31-22.45.25:440][611]LogHMD: Warning:  SteamVR Compositor had an error on present (101)
[2017.10.31-22.45.25:542][612]LogHMD: Warning:  SteamVR Compositor had an error on present (101)
[2017.10.31-22.45.25:644][613]LogHMD: Warning:  SteamVR Compositor had an error on present (101)
[2017.10.31-22.45.25:747][614]LogHMD: Warning:  SteamVR Compositor had an error on present (101)
[2017.10.31-22.45.25:849][615]LogHMD: Warning:  SteamVR Compositor had an error on present (101)
[2017.10.31-22.45.25:952][616]LogHMD: Warning:  SteamVR Compositor had an error on present (101)
[2017.10.31-22.45.26:055][617]LogHMD: Warning:  SteamVR Compositor had an error on present (101)
[2017.10.31-22.45.26:158][618]LogHMD: Warning:  SteamVR Compositor had an error on present (101)
[2017.10.31-22.45.26:262][619]LogHMD: Warning:  SteamVR Compositor had an error on present (101)
[2017.10.31-22.45.26:264][619]LogBlueprintUserMessages: Early EndPlayMap Detection: Level '/Game/Vive/Maps/default.default:PersistentLevel' has LevelScriptBlueprint '/Game/Vive/Maps/default.default:PersistentLevel.default' with GeneratedClass '/Game/Vive/Maps/default.default_C' with ClassGeneratedBy '/Game/Vive/Maps/default.default:PersistentLevel.default'
[2017.10.31-22.45.26:607][619]LogBlueprintUserMessages: Late EndPlayMap Detection: Level '/Game/Vive/Maps/default.default:PersistentLevel' has LevelScriptBlueprint '/Game/Vive/Maps/default.default:PersistentLevel.default' with GeneratedClass '/Game/Vive/Maps/default.default_C' with ClassGeneratedBy '/Game/Vive/Maps/default.default:PersistentLevel.default'
[2017.10.31-22.45.29:881][979]LogTemp: Repeting last play command: VR Preview
[2017.10.31-22.45.29:900][979]LogBlueprintUserMessages: Early PlayInEditor Detection: Level '/Game/Vive/Maps/default.default:PersistentLevel' has LevelScriptBlueprint '/Game/Vive/Maps/default.default:PersistentLevel.default' with GeneratedClass '/Game/Vive/Maps/default.default_C' with ClassGeneratedBy '/Game/Vive/Maps/default.default:PersistentLevel.default'
[2017.10.31-22.45.29:900][979]LogPlayLevel: PlayLevel: No blueprints needed recompiling
[2017.10.31-22.45.29:900][979]PIE: New page: PIE session: default (Oct 31, 2017, 8:45:29 AM)
[2017.10.31-22.45.29:900][979]LogPlayLevel: Creating play world package: /Game/Vive/Maps/UEDPIE_0_default
[2017.10.31-22.45.30:034][979]LogPlayLevel: PIE: StaticDuplicateObject took: (0.132765s)
[2017.10.31-22.45.30:034][979]LogAIModule: Creating AISystem for world default
[2017.10.31-22.45.30:034][979]LogPlayLevel: PIE: World Init took: (0.000750s)
[2017.10.31-22.45.30:035][979]LogPlayLevel: PIE: Created PIE world by copying editor world from /Game/Vive/Maps/default.default to /Game/Vive/Maps/UEDPIE_0_default.default (0.134274s)
[2017.10.31-22.45.30:051][979]LogInit: XAudio2 using 'Speakers (2- USB Audio Device)' : 2 channels at 48 kHz using 16 bits per sample (channel mask 0x3)
[2017.10.31-22.45.30:057][979]LogInit: FAudioDevice initialized.
[2017.10.31-22.45.30:133][979]LogLoad: Game class is 'ViveGameMode_C'
[2017.10.31-22.45.30:142][979]LogWorld: Bringing World /Game/Vive/Maps/UEDPIE_0_default.default up for play (max tick rate 0) at 2017.10.31-15.45.30
[2017.10.31-22.45.30:143][979]LogWorld: Bringing up level for play took: 0.009422
[2017.10.31-22.45.30:144][979]LogGameMode:Display: Match State Changed from EnteringMap to WaitingToStart
[2017.10.31-22.45.30:144][979]LogGameState: Match State Changed from EnteringMap to WaitingToStart
[2017.10.31-22.45.30:144][979]LogGameMode:Display: Match State Changed from WaitingToStart to InProgress
[2017.10.31-22.45.30:147][979]LogGameState: Match State Changed from WaitingToStart to InProgress
[2017.10.31-22.45.30:151][979]PIE: Info Play in editor start time for /Game/Vive/Maps/UEDPIE_0_default 0.993
[2017.10.31-22.45.30:151][979]LogBlueprintUserMessages: Late PlayInEditor Detection: Level '/Game/Vive/Maps/default.default:PersistentLevel' has LevelScriptBlueprint '/Game/Vive/Maps/default.default:PersistentLevel.default' with GeneratedClass '/Game/Vive/Maps/default.default_C' with ClassGeneratedBy '/Game/Vive/Maps/default.default:PersistentLevel.default'
[2017.10.31-22.45.30:311][981]LogHMD: Warning:  SteamVR Compositor had an error on present (101)
[2017.10.31-22.45.30:413][982]LogHMD: Warning:  SteamVR Compositor had an error on present (101)
[2017.10.31-22.45.30:517][983]LogHMD: Warning:  SteamVR Compositor had an error on present (101)
[2017.10.31-22.45.30:619][984]LogHMD: Warning:  SteamVR Compositor had an error on present (101)
[2017.10.31-22.45.30:723][985]LogHMD: Warning:  SteamVR Compositor had an error on present (101)
[2017.10.31-22.45.30:826][986]LogHMD: Warning:  SteamVR Compositor had an error on present (101)
[2017.10.31-22.45.30:929][987]LogHMD: Warning:  SteamVR Compositor had an error on present (101)
[2017.10.31-22.45.31:032][988]LogHMD: Warning:  SteamVR Compositor had an error on present (101)
[2017.10.31-22.45.31:135][989]LogHMD: Warning:  SteamVR Compositor had an error on present (101)
[2017.10.31-22.45.31:238][990]LogHMD: Warning:  SteamVR Compositor had an error on present (101)
[2017.10.31-22.45.31:341][991]LogHMD: Warning:  SteamVR Compositor had an error on present (101)
[2017.10.31-22.45.31:444][992]LogHMD: Warning:  SteamVR Compositor had an error on present (101)
[2017.10.31-22.45.31:546][993]LogHMD: Warning:  SteamVR Compositor had an error on present (101)
[2017.10.31-22.45.31:650][994]LogHMD: Warning:  SteamVR Compositor had an error on present (101)
[2017.10.31-22.45.31:650][994]LogBlueprintUserMessages: [Catapult_C_0] Handle1
[2017.10.31-22.45.31:651][994]LogScript:Warning: Accessed None trying to read property Catapult
	SoldierAI_C /Game/Vive/Maps/UEDPIE_0_default.default:PersistentLevel.SoldierAI_C_0
	Function /Game/Vive/Blueprints/AI/SoldierAI/SoldierAI.SoldierAI_C:ExecuteUbergraph_SoldierAI:0D92
[2017.10.31-22.45.31:651][994]PIE:Error: Error Blueprint Runtime Error: Accessed None trying to read property Catapult from function: 'ExecuteUbergraph_SoldierAI' from node: Branch in graph: EventGraph in object: SoldierAI with description: Accessed None trying to read property Catapult
[2017.10.31-22.45.31:751][995]LogHMD: Warning:  SteamVR Compositor had an error on present (101)
[2017.10.31-22.45.31:854][996]LogHMD: Warning:  SteamVR Compositor had an error on present (101)
[2017.10.31-22.45.31:855][996]LogBlueprintUserMessages: [Catapult_C_0] Handle2
[2017.10.31-22.45.31:957][997]LogHMD: Warning:  SteamVR Compositor had an error on present (101)
[2017.10.31-22.45.32:059][998]LogHMD: Warning:  SteamVR Compositor had an error on present (101)
[2017.10.31-22.45.32:162][999]LogHMD: Warning:  SteamVR Compositor had an error on present (101)
[2017.10.31-22.45.32:264][  0]LogHMD: Warning:  SteamVR Compositor had an error on present (101)
[2017.10.31-22.45.32:367][  1]LogHMD: Warning:  SteamVR Compositor had an error on present (101)
[2017.10.31-22.45.32:470][  2]LogHMD: Warning:  SteamVR Compositor had an error on present (101)
[2017.10.31-22.45.32:573][  3]LogHMD: Warning:  SteamVR Compositor had an error on present (101)
[2017.10.31-22.45.32:675][  4]LogHMD: Warning:  SteamVR Compositor had an error on present (101)
[2017.10.31-22.45.32:779][  5]LogHMD: Warning:  SteamVR Compositor had an error on present (101)
[2017.10.31-22.45.32:881][  6]LogHMD: Warning:  SteamVR Compositor had an error on present (101)
[2017.10.31-22.45.32:984][  7]LogHMD: Warning:  SteamVR Compositor had an error on present (101)
[2017.10.31-22.45.33:087][  8]LogHMD: Warning:  SteamVR Compositor had an error on present (101)
[2017.10.31-22.45.33:189][  9]LogHMD: Warning:  SteamVR Compositor had an error on present (101)
[2017.10.31-22.45.33:292][ 10]LogHMD: Warning:  SteamVR Compositor had an error on present (101)
[2017.10.31-22.45.33:395][ 11]LogHMD: Warning:  SteamVR Compositor had an error on present (101)
[2017.10.31-22.45.33:498][ 12]LogHMD: Warning:  SteamVR Compositor had an error on present (101)
[2017.10.31-22.45.33:600][ 13]LogHMD: Warning:  SteamVR Compositor had an error on present (101)
[2017.10.31-22.45.33:704][ 14]LogHMD: Warning:  SteamVR Compositor had an error on present (101)
[2017.10.31-22.45.33:807][ 15]LogHMD: Warning:  SteamVR Compositor had an error on present (101)
[2017.10.31-22.45.33:910][ 16]LogHMD: Warning:  SteamVR Compositor had an error on present (101)
[2017.10.31-22.45.34:013][ 17]LogHMD: Warning:  SteamVR Compositor had an error on present (101)
[2017.10.31-22.45.34:117][ 18]LogHMD: Warning:  SteamVR Compositor had an error on present (101)
[2017.10.31-22.45.34:219][ 19]LogHMD: Warning:  SteamVR Compositor had an error on present (101)
[2017.10.31-22.45.34:322][ 20]LogHMD: Warning:  SteamVR Compositor had an error on present (101)
[2017.10.31-22.45.34:425][ 21]LogHMD: Warning:  SteamVR Compositor had an error on present (101)
[2017.10.31-22.45.34:528][ 22]LogHMD: Warning:  SteamVR Compositor had an error on present (101)
[2017.10.31-22.45.34:631][ 23]LogHMD: Warning:  SteamVR Compositor had an error on present (101)
[2017.10.31-22.45.34:733][ 24]LogHMD: Warning:  SteamVR Compositor had an error on present (101)
[2017.10.31-22.45.34:836][ 25]LogHMD: Warning:  SteamVR Compositor had an error on present (101)
[2017.10.31-22.45.34:938][ 26]LogHMD: Warning:  SteamVR Compositor had an error on present (101)
[2017.10.31-22.45.35:041][ 27]LogHMD: Warning:  SteamVR Compositor had an error on present (101)
[2017.10.31-22.45.35:144][ 28]LogHMD: Warning:  SteamVR Compositor had an error on present (101)
[2017.10.31-22.45.35:247][ 29]LogHMD: Warning:  SteamVR Compositor had an error on present (101)
[2017.10.31-22.45.35:350][ 30]LogHMD: Warning:  SteamVR Compositor had an error on present (101)
[2017.10.31-22.45.35:453][ 31]LogHMD: Warning:  SteamVR Compositor had an error on present (101)
[2017.10.31-22.45.35:556][ 32]LogHMD: Warning:  SteamVR Compositor had an error on present (101)
[2017.10.31-22.45.35:658][ 33]LogHMD: Warning:  SteamVR Compositor had an error on present (101)
[2017.10.31-22.45.35:762][ 34]LogHMD: Warning:  SteamVR Compositor had an error on present (101)
[2017.10.31-22.45.35:763][ 34]LogBlueprintUserMessages: [BatteringRamOld_C_0] Handle1
[2017.10.31-22.45.35:865][ 35]LogHMD: Warning:  SteamVR Compositor had an error on present (101)
[2017.10.31-22.45.35:968][ 36]LogHMD: Warning:  SteamVR Compositor had an error on present (101)
[2017.10.31-22.45.36:070][ 37]LogHMD: Warning:  SteamVR Compositor had an error on present (101)
[2017.10.31-22.45.36:071][ 37]LogBlueprintUserMessages: [BatteringRamOld_C_0] Handle2
[2017.10.31-22.45.36:174][ 38]LogHMD: Warning:  SteamVR Compositor had an error on present (101)
[2017.10.31-22.45.36:276][ 39]LogHMD: Warning:  SteamVR Compositor had an error on present (101)
[2017.10.31-22.45.36:379][ 40]LogHMD: Warning:  SteamVR Compositor had an error on present (101)
[2017.10.31-22.45.36:482][ 41]LogHMD: Warning:  SteamVR Compositor had an error on present (101)
[2017.10.31-22.45.36:585][ 42]LogHMD: Warning:  SteamVR Compositor had an error on present (101)
[2017.10.31-22.45.36:688][ 43]LogHMD: Warning:  SteamVR Compositor had an error on present (101)
[2017.10.31-22.45.36:791][ 44]LogHMD: Warning:  SteamVR Compositor had an error on present (101)
[2017.10.31-22.45.36:894][ 45]LogHMD: Warning:  SteamVR Compositor had an error on present (101)
[2017.10.31-22.45.36:997][ 46]LogHMD: Warning:  SteamVR Compositor had an error on present (101)
[2017.10.31-22.45.37:100][ 47]LogHMD: Warning:  SteamVR Compositor had an error on present (101)
[2017.10.31-22.45.37:203][ 48]LogHMD: Warning:  SteamVR Compositor had an error on present (101)
[2017.10.31-22.45.37:307][ 49]LogHMD: Warning:  SteamVR Compositor had an error on present (101)
[2017.10.31-22.45.37:409][ 50]LogHMD: Warning:  SteamVR Compositor had an error on present (101)
[2017.10.31-22.45.37:512][ 51]LogHMD: Warning:  SteamVR Compositor had an error on present (101)
[2017.10.31-22.45.37:615][ 52]LogHMD: Warning:  SteamVR Compositor had an error on present (101)
[2017.10.31-22.45.37:717][ 53]LogHMD: Warning:  SteamVR Compositor had an error on present (101)
[2017.10.31-22.45.37:820][ 54]LogHMD: Warning:  SteamVR Compositor had an error on present (101)
[2017.10.31-22.45.37:923][ 55]LogHMD: Warning:  SteamVR Compositor had an error on present (101)
[2017.10.31-22.45.38:026][ 56]LogHMD: Warning:  SteamVR Compositor had an error on present (101)
[2017.10.31-22.45.38:129][ 57]LogHMD: Warning:  SteamVR Compositor had an error on present (101)
[2017.10.31-22.45.38:232][ 58]LogHMD: Warning:  SteamVR Compositor had an error on present (101)
[2017.10.31-22.45.38:334][ 59]LogHMD: Warning:  SteamVR Compositor had an error on present (101)
[2017.10.31-22.45.38:437][ 60]LogHMD: Warning:  SteamVR Compositor had an error on present (101)
[2017.10.31-22.45.38:540][ 61]LogHMD: Warning:  SteamVR Compositor had an error on present (101)
[2017.10.31-22.45.38:643][ 62]LogHMD: Warning:  SteamVR Compositor had an error on present (101)
[2017.10.31-22.45.38:746][ 63]LogHMD: Warning:  SteamVR Compositor had an error on present (101)
[2017.10.31-22.45.38:848][ 64]LogHMD: Warning:  SteamVR Compositor had an error on present (101)
[2017.10.31-22.45.38:951][ 65]LogHMD: Warning:  SteamVR Compositor had an error on present (101)
[2017.10.31-22.45.39:054][ 66]LogHMD: Warning:  SteamVR Compositor had an error on present (101)
[2017.10.31-22.45.39:157][ 67]LogHMD: Warning:  SteamVR Compositor had an error on present (101)
[2017.10.31-22.45.39:261][ 68]LogHMD: Warning:  SteamVR Compositor had an error on present (101)
[2017.10.31-22.45.39:364][ 69]LogHMD: Warning:  SteamVR Compositor had an error on present (101)
[2017.10.31-22.45.39:366][ 69]LogBlueprintUserMessages: Early EndPlayMap Detection: Level '/Game/Vive/Maps/default.default:PersistentLevel' has LevelScriptBlueprint '/Game/Vive/Maps/default.default:PersistentLevel.default' with GeneratedClass '/Game/Vive/Maps/default.default_C' with ClassGeneratedBy '/Game/Vive/Maps/default.default:PersistentLevel.default'
[2017.10.31-22.45.39:692][ 69]LogBlueprintUserMessages: Late EndPlayMap Detection: Level '/Game/Vive/Maps/default.default:PersistentLevel' has LevelScriptBlueprint '/Game/Vive/Maps/default.default:PersistentLevel.default' with GeneratedClass '/Game/Vive/Maps/default.default_C' with ClassGeneratedBy '/Game/Vive/Maps/default.default:PersistentLevel.default'
[2017.10.31-22.45.43:931][562]LogTemp: Repeting last play command: VR Preview
[2017.10.31-22.45.43:951][562]LogBlueprintUserMessages: Early PlayInEditor Detection: Level '/Game/Vive/Maps/default.default:PersistentLevel' has LevelScriptBlueprint '/Game/Vive/Maps/default.default:PersistentLevel.default' with GeneratedClass '/Game/Vive/Maps/default.default_C' with ClassGeneratedBy '/Game/Vive/Maps/default.default:PersistentLevel.default'
[2017.10.31-22.45.43:952][562]LogPlayLevel: PlayLevel: No blueprints needed recompiling
[2017.10.31-22.45.43:952][562]PIE: New page: PIE session: default (Oct 31, 2017, 8:45:43 AM)
[2017.10.31-22.45.43:952][562]LogPlayLevel: Creating play world package: /Game/Vive/Maps/UEDPIE_0_default
[2017.10.31-22.45.44:091][562]LogPlayLevel: PIE: StaticDuplicateObject took: (0.139074s)
[2017.10.31-22.45.44:092][562]LogAIModule: Creating AISystem for world default
[2017.10.31-22.45.44:092][562]LogPlayLevel: PIE: World Init took: (0.000829s)
[2017.10.31-22.45.44:093][562]LogPlayLevel: PIE: Created PIE world by copying editor world from /Game/Vive/Maps/default.default to /Game/Vive/Maps/UEDPIE_0_default.default (0.140726s)
[2017.10.31-22.45.44:108][562]LogInit: XAudio2 using 'Speakers (2- USB Audio Device)' : 2 channels at 48 kHz using 16 bits per sample (channel mask 0x3)
[2017.10.31-22.45.44:114][562]LogInit: FAudioDevice initialized.
[2017.10.31-22.45.44:185][562]LogLoad: Game class is 'ViveGameMode_C'
[2017.10.31-22.45.44:196][562]LogWorld: Bringing World /Game/Vive/Maps/UEDPIE_0_default.default up for play (max tick rate 0) at 2017.10.31-15.45.44
[2017.10.31-22.45.44:198][562]LogWorld: Bringing up level for play took: 0.011637
[2017.10.31-22.45.44:198][562]LogGameMode:Display: Match State Changed from EnteringMap to WaitingToStart
[2017.10.31-22.45.44:198][562]LogGameState: Match State Changed from EnteringMap to WaitingToStart
[2017.10.31-22.45.44:198][562]LogGameMode:Display: Match State Changed from WaitingToStart to InProgress
[2017.10.31-22.45.44:202][562]LogGameState: Match State Changed from WaitingToStart to InProgress
[2017.10.31-22.45.44:207][562]PIE: Info Play in editor start time for /Game/Vive/Maps/UEDPIE_0_default 1.05
[2017.10.31-22.45.44:208][562]LogBlueprintUserMessages: Late PlayInEditor Detection: Level '/Game/Vive/Maps/default.default:PersistentLevel' has LevelScriptBlueprint '/Game/Vive/Maps/default.default:PersistentLevel.default' with GeneratedClass '/Game/Vive/Maps/default.default_C' with ClassGeneratedBy '/Game/Vive/Maps/default.default:PersistentLevel.default'
[2017.10.31-22.45.44:364][564]LogHMD: Warning:  SteamVR Compositor had an error on present (101)
[2017.10.31-22.45.44:468][565]LogHMD: Warning:  SteamVR Compositor had an error on present (101)
[2017.10.31-22.45.44:571][566]LogHMD: Warning:  SteamVR Compositor had an error on present (101)
[2017.10.31-22.45.44:674][567]LogHMD: Warning:  SteamVR Compositor had an error on present (101)
[2017.10.31-22.45.44:777][568]LogHMD: Warning:  SteamVR Compositor had an error on present (101)
[2017.10.31-22.45.44:880][569]LogHMD: Warning:  SteamVR Compositor had an error on present (101)
[2017.10.31-22.45.44:983][570]LogHMD: Warning:  SteamVR Compositor had an error on present (101)
[2017.10.31-22.45.45:086][571]LogHMD: Warning:  SteamVR Compositor had an error on present (101)
[2017.10.31-22.45.45:189][572]LogHMD: Warning:  SteamVR Compositor had an error on present (101)
[2017.10.31-22.45.45:292][573]LogHMD: Warning:  SteamVR Compositor had an error on present (101)
[2017.10.31-22.45.45:395][574]LogHMD: Warning:  SteamVR Compositor had an error on present (101)
[2017.10.31-22.45.45:498][575]LogHMD: Warning:  SteamVR Compositor had an error on present (101)
[2017.10.31-22.45.45:600][576]LogHMD: Warning:  SteamVR Compositor had an error on present (101)
[2017.10.31-22.45.45:704][577]LogHMD: Warning:  SteamVR Compositor had an error on present (101)
[2017.10.31-22.45.45:704][577]LogBlueprintUserMessages: [Catapult_C_0] Handle1
[2017.10.31-22.45.45:705][577]LogScript:Warning: Accessed None trying to read property Catapult
	SoldierAI_C /Game/Vive/Maps/UEDPIE_0_default.default:PersistentLevel.SoldierAI_C_0
	Function /Game/Vive/Blueprints/AI/SoldierAI/SoldierAI.SoldierAI_C:ExecuteUbergraph_SoldierAI:0D92
[2017.10.31-22.45.45:705][577]PIE:Error: Error Blueprint Runtime Error: Accessed None trying to read property Catapult from function: 'ExecuteUbergraph_SoldierAI' from node: Branch in graph: EventGraph in object: SoldierAI with description: Accessed None trying to read property Catapult
[2017.10.31-22.45.45:807][578]LogHMD: Warning:  SteamVR Compositor had an error on present (101)
[2017.10.31-22.45.45:808][578]LogBlueprintUserMessages: [Catapult_C_0] Handle2
[2017.10.31-22.45.45:910][579]LogHMD: Warning:  SteamVR Compositor had an error on present (101)
[2017.10.31-22.45.46:012][580]LogHMD: Warning:  SteamVR Compositor had an error on present (101)
[2017.10.31-22.45.46:115][581]LogHMD: Warning:  SteamVR Compositor had an error on present (101)
[2017.10.31-22.45.46:218][582]LogHMD: Warning:  SteamVR Compositor had an error on present (101)
[2017.10.31-22.45.46:321][583]LogHMD: Warning:  SteamVR Compositor had an error on present (101)
[2017.10.31-22.45.46:423][584]LogHMD: Warning:  SteamVR Compositor had an error on present (101)
[2017.10.31-22.45.46:526][585]LogHMD: Warning:  SteamVR Compositor had an error on present (101)
[2017.10.31-22.45.46:628][586]LogHMD: Warning:  SteamVR Compositor had an error on present (101)
[2017.10.31-22.45.46:732][587]LogHMD: Warning:  SteamVR Compositor had an error on present (101)
[2017.10.31-22.45.46:835][588]LogHMD: Warning:  SteamVR Compositor had an error on present (101)
[2017.10.31-22.45.46:938][589]LogHMD: Warning:  SteamVR Compositor had an error on present (101)
[2017.10.31-22.45.47:041][590]LogHMD: Warning:  SteamVR Compositor had an error on present (101)
[2017.10.31-22.45.47:144][591]LogHMD: Warning:  SteamVR Compositor had an error on present (101)
[2017.10.31-22.45.47:247][592]LogHMD: Warning:  SteamVR Compositor had an error on present (101)
[2017.10.31-22.45.47:350][593]LogHMD: Warning:  SteamVR Compositor had an error on present (101)
[2017.10.31-22.45.47:452][594]LogHMD: Warning:  SteamVR Compositor had an error on present (101)
[2017.10.31-22.45.47:555][595]LogHMD: Warning:  SteamVR Compositor had an error on present (101)
[2017.10.31-22.45.47:658][596]LogHMD: Warning:  SteamVR Compositor had an error on present (101)
[2017.10.31-22.45.47:760][597]LogHMD: Warning:  SteamVR Compositor had an error on present (101)
[2017.10.31-22.45.47:863][598]LogHMD: Warning:  SteamVR Compositor had an error on present (101)
[2017.10.31-22.45.47:966][599]LogHMD: Warning:  SteamVR Compositor had an error on present (101)
[2017.10.31-22.45.48:068][600]LogHMD: Warning:  SteamVR Compositor had an error on present (101)
[2017.10.31-22.45.48:172][601]LogHMD: Warning:  SteamVR Compositor had an error on present (101)
[2017.10.31-22.45.48:274][602]LogHMD: Warning:  SteamVR Compositor had an error on present (101)
[2017.10.31-22.45.48:378][603]LogHMD: Warning:  SteamVR Compositor had an error on present (101)
[2017.10.31-22.45.48:481][604]LogHMD: Warning:  SteamVR Compositor had an error on present (101)
[2017.10.31-22.45.48:583][605]LogHMD: Warning:  SteamVR Compositor had an error on present (101)
[2017.10.31-22.45.48:686][606]LogHMD: Warning:  SteamVR Compositor had an error on present (101)
[2017.10.31-22.45.48:789][607]LogHMD: Warning:  SteamVR Compositor had an error on present (101)
[2017.10.31-22.45.48:892][608]LogHMD: Warning:  SteamVR Compositor had an error on present (101)
[2017.10.31-22.45.48:994][609]LogHMD: Warning:  SteamVR Compositor had an error on present (101)
[2017.10.31-22.45.49:098][610]LogHMD: Warning:  SteamVR Compositor had an error on present (101)
[2017.10.31-22.45.49:200][611]LogHMD: Warning:  SteamVR Compositor had an error on present (101)
[2017.10.31-22.45.49:304][612]LogHMD: Warning:  SteamVR Compositor had an error on present (101)
[2017.10.31-22.45.49:407][613]LogHMD: Warning:  SteamVR Compositor had an error on present (101)
[2017.10.31-22.45.49:509][614]LogHMD: Warning:  SteamVR Compositor had an error on present (101)
[2017.10.31-22.45.49:613][615]LogHMD: Warning:  SteamVR Compositor had an error on present (101)
[2017.10.31-22.45.49:715][616]LogHMD: Warning:  SteamVR Compositor had an error on present (101)
[2017.10.31-22.45.49:818][617]LogHMD: Warning:  SteamVR Compositor had an error on present (101)
[2017.10.31-22.45.49:921][618]LogHMD: Warning:  SteamVR Compositor had an error on present (101)
[2017.10.31-22.45.49:922][618]LogBlueprintUserMessages: [BatteringRamOld_C_0] Handle1
[2017.10.31-22.45.50:024][619]LogHMD: Warning:  SteamVR Compositor had an error on present (101)
[2017.10.31-22.45.50:128][620]LogHMD: Warning:  SteamVR Compositor had an error on present (101)
[2017.10.31-22.45.50:129][620]LogBlueprintUserMessages: [BatteringRamOld_C_0] Handle2
[2017.10.31-22.45.50:231][621]LogHMD: Warning:  SteamVR Compositor had an error on present (101)
[2017.10.31-22.45.50:334][622]LogHMD: Warning:  SteamVR Compositor had an error on present (101)
[2017.10.31-22.45.50:437][623]LogHMD: Warning:  SteamVR Compositor had an error on present (101)
[2017.10.31-22.45.50:541][624]LogHMD: Warning:  SteamVR Compositor had an error on present (101)
[2017.10.31-22.45.50:644][625]LogHMD: Warning:  SteamVR Compositor had an error on present (101)
[2017.10.31-22.45.50:748][626]LogHMD: Warning:  SteamVR Compositor had an error on present (101)
[2017.10.31-22.45.50:850][627]LogHMD: Warning:  SteamVR Compositor had an error on present (101)
[2017.10.31-22.45.50:954][628]LogHMD: Warning:  SteamVR Compositor had an error on present (101)
[2017.10.31-22.45.51:057][629]LogHMD: Warning:  SteamVR Compositor had an error on present (101)
[2017.10.31-22.45.51:161][630]LogHMD: Warning:  SteamVR Compositor had an error on present (101)
[2017.10.31-22.45.51:264][631]LogHMD: Warning:  SteamVR Compositor had an error on present (101)
[2017.10.31-22.45.51:366][632]LogHMD: Warning:  SteamVR Compositor had an error on present (101)
[2017.10.31-22.45.51:469][633]LogHMD: Warning:  SteamVR Compositor had an error on present (101)
[2017.10.31-22.45.51:572][634]LogHMD: Warning:  SteamVR Compositor had an error on present (101)
[2017.10.31-22.45.51:675][635]LogHMD: Warning:  SteamVR Compositor had an error on present (101)
[2017.10.31-22.45.51:779][636]LogHMD: Warning:  SteamVR Compositor had an error on present (101)
[2017.10.31-22.45.51:882][637]LogHMD: Warning:  SteamVR Compositor had an error on present (101)
[2017.10.31-22.45.51:986][638]LogHMD: Warning:  SteamVR Compositor had an error on present (101)
[2017.10.31-22.45.52:090][639]LogHMD: Warning:  SteamVR Compositor had an error on present (101)
[2017.10.31-22.45.52:193][640]LogHMD: Warning:  SteamVR Compositor had an error on present (101)
[2017.10.31-22.45.52:297][641]LogHMD: Warning:  SteamVR Compositor had an error on present (101)
[2017.10.31-22.45.52:400][642]LogHMD: Warning:  SteamVR Compositor had an error on present (101)
[2017.10.31-22.45.52:503][643]LogHMD: Warning:  SteamVR Compositor had an error on present (101)
[2017.10.31-22.45.52:606][644]LogHMD: Warning:  SteamVR Compositor had an error on present (101)
[2017.10.31-22.45.52:709][645]LogHMD: Warning:  SteamVR Compositor had an error on present (101)
[2017.10.31-22.45.52:813][646]LogHMD: Warning:  SteamVR Compositor had an error on present (101)
[2017.10.31-22.45.52:916][647]LogHMD: Warning:  SteamVR Compositor had an error on present (101)
[2017.10.31-22.45.53:019][648]LogHMD: Warning:  SteamVR Compositor had an error on present (101)
[2017.10.31-22.45.53:122][649]LogHMD: Warning:  SteamVR Compositor had an error on present (101)
[2017.10.31-22.45.53:226][650]LogHMD: Warning:  SteamVR Compositor had an error on present (101)
[2017.10.31-22.45.53:329][651]LogHMD: Warning:  SteamVR Compositor had an error on present (101)
[2017.10.31-22.45.53:433][652]LogHMD: Warning:  SteamVR Compositor had an error on present (101)
[2017.10.31-22.45.53:435][652]LogBlueprintUserMessages: Early EndPlayMap Detection: Level '/Game/Vive/Maps/default.default:PersistentLevel' has LevelScriptBlueprint '/Game/Vive/Maps/default.default:PersistentLevel.default' with GeneratedClass '/Game/Vive/Maps/default.default_C' with ClassGeneratedBy '/Game/Vive/Maps/default.default:PersistentLevel.default'
[2017.10.31-22.45.53:768][652]LogBlueprintUserMessages: Late EndPlayMap Detection: Level '/Game/Vive/Maps/default.default:PersistentLevel' has LevelScriptBlueprint '/Game/Vive/Maps/default.default:PersistentLevel.default' with GeneratedClass '/Game/Vive/Maps/default.default_C' with ClassGeneratedBy '/Game/Vive/Maps/default.default:PersistentLevel.default'
[2017.10.31-22.45.58:634][212]LogWindowsTextInputMethodSystem:Display: IME system now deactivated.
[2017.10.31-22.45.58:815][213]Cmd: QUIT_EDITOR
[2017.10.31-22.45.59:517][213]LogExit: Preparing to exit.
[2017.10.31-22.46.00:118][213]LogExit: Editor shut down
[2017.10.31-22.46.00:121][213]LogExit: Transaction tracking system shut down
[2017.10.31-22.46.00:216][213]LogObj: Freed 0b from 0 cluster array pools.
[2017.10.31-22.46.00:216][213]LogExit: Object subsystem successfully closed.
[2017.10.31-22.46.00:233][213]LogD3D11RHI: Shutdown
[2017.10.31-22.46.00:233][213]LogD3D11RHI: CleanupD3DDevice
[2017.10.31-22.46.00:235][213]LogD3D11RHI: ~FD3D11DynamicRHI
[2017.10.31-22.46.00:263][213]LogModuleManager: Shutting down and abandoning module MovieSceneCapture (528)
[2017.10.31-22.46.00:263][213]LogModuleManager: Shutting down and abandoning module HierarchicalLODOutliner (526)
[2017.10.31-22.46.00:264][213]LogModuleManager: Shutting down and abandoning module CrashTracker (524)
[2017.10.31-22.46.00:264][213]LogModuleManager: Shutting down and abandoning module SceneOutliner (522)
[2017.10.31-22.46.00:264][213]LogModuleManager: Shutting down and abandoning module AddContentDialog (520)
[2017.10.31-22.46.00:264][213]LogDirectoryWatcher: A directory notification for 'C:/Program Files/Epic Games/UE_4.16/FeaturePacks/' was aborted.
[2017.10.31-22.46.00:266][213]LogModuleManager: Shutting down and abandoning module WidgetCarousel (519)
[2017.10.31-22.46.00:266][213]LogModuleManager: Shutting down and abandoning module EditorWidgets (516)
[2017.10.31-22.46.00:266][213]LogModuleManager: Shutting down and abandoning module CollectionManager (514)
[2017.10.31-22.46.00:266][213]LogDirectoryWatcher: A directory notification for 'D:/CastleGuardCurrent/CastleGuardPhase2/CastleGuardReborn/Content/Collections/' was aborted.
[2017.10.31-22.46.00:266][213]LogDirectoryWatcher: A directory notification for 'D:/CastleGuardCurrent/CastleGuardPhase2/CastleGuardReborn/Content/Developers/studentuser/Collections/' was aborted.
[2017.10.31-22.46.00:266][213]LogDirectoryWatcher: A directory notification for 'D:/CastleGuardCurrent/CastleGuardPhase2/CastleGuardReborn/Saved/Collections/' was aborted.
[2017.10.31-22.46.00:267][213]LogModuleManager: Shutting down and abandoning module WorldBrowser (512)
[2017.10.31-22.46.00:267][213]LogModuleManager: Shutting down and abandoning module StatsViewer (510)
[2017.10.31-22.46.00:267][213]LogModuleManager: Shutting down and abandoning module FoliageEdit (508)
[2017.10.31-22.46.00:267][213]LogModuleManager: Shutting down and abandoning module LandscapeEditor (506)
[2017.10.31-22.46.00:268][213]LogModuleManager: Shutting down and abandoning module MeshPaintMode (504)
[2017.10.31-22.46.00:268][213]LogModuleManager: Shutting down and abandoning module SceneDepthPickerMode (502)
[2017.10.31-22.46.00:268][213]LogModuleManager: Shutting down and abandoning module ActorPickerMode (500)
[2017.10.31-22.46.00:268][213]LogModuleManager: Shutting down and abandoning module GeometryMode (498)
[2017.10.31-22.46.00:268][213]LogModuleManager: Shutting down and abandoning module TextureAlignMode (496)
[2017.10.31-22.46.00:268][213]LogModuleManager: Shutting down and abandoning module BspMode (494)
[2017.10.31-22.46.00:268][213]LogModuleManager: Shutting down and abandoning module HardwareSurvey (492)
[2017.10.31-22.46.00:268][213]LogModuleManager: Shutting down and abandoning module SequenceRecorderSections (490)
[2017.10.31-22.46.00:268][213]LogModuleManager: Shutting down and abandoning module AutomationWorker (488)
[2017.10.31-22.46.00:269][213]LogModuleManager: Shutting down and abandoning module MatineeToLevelSequence (486)
[2017.10.31-22.46.00:269][213]LogModuleManager: Shutting down and abandoning module LevelSequenceEditor (484)
[2017.10.31-22.46.00:271][213]LogModuleManager: Shutting down and abandoning module PlacementMode (483)
[2017.10.31-22.46.00:271][213]LogModuleManager: Shutting down and abandoning module WmfMediaFactory (480)
[2017.10.31-22.46.00:271][213]LogModuleManager: Shutting down and abandoning module WmfMediaEditor (478)
[2017.10.31-22.46.00:271][213]LogModuleManager: Shutting down and abandoning module AvfMediaFactory (476)
[2017.10.31-22.46.00:271][213]LogModuleManager: Shutting down and abandoning module AvfMediaEditor (474)
[2017.10.31-22.46.00:271][213]LogModuleManager: Shutting down and abandoning module AndroidMediaFactory (472)
[2017.10.31-22.46.00:271][213]LogModuleManager: Shutting down and abandoning module Media (471)
[2017.10.31-22.46.00:271][213]LogModuleManager: Shutting down and abandoning module AndroidMediaEditor (468)
[2017.10.31-22.46.00:271][213]LogModuleManager: Shutting down and abandoning module CharacterAI (466)
[2017.10.31-22.46.00:271][213]LogModuleManager: Shutting down and abandoning module AudioCapture (464)
[2017.10.31-22.46.00:271][213]LogModuleManager: Shutting down and abandoning module SequenceRecorder (463)
[2017.10.31-22.46.00:272][213]LogModuleManager: Shutting down and abandoning module SmartSnapping (460)
[2017.10.31-22.46.00:272][213]LogModuleManager: Shutting down and abandoning module SessionServices (458)
[2017.10.31-22.46.00:272][213]LogModuleManager: Shutting down and abandoning module ViewportSnapping (456)
[2017.10.31-22.46.00:272][213]LogModuleManager: Shutting down and abandoning module ViewportInteraction (454)
[2017.10.31-22.46.00:272][213]LogModuleManager: Shutting down and abandoning module ClothPainter (452)
[2017.10.31-22.46.00:273][213]LogModuleManager: Shutting down and abandoning module LogVisualizer (450)
[2017.10.31-22.46.00:274][213]LogModuleManager: Shutting down and abandoning module IntroTutorials (448)
[2017.10.31-22.46.00:275][213]LogModuleManager: Shutting down and abandoning module GameProjectGeneration (447)
[2017.10.31-22.46.00:276][213]LogModuleManager: Shutting down and abandoning module EditorLiveStreaming (444)
[2017.10.31-22.46.00:276][213]LogModuleManager: Shutting down and abandoning module IOSPlatformEditor (442)
[2017.10.31-22.46.00:276][213]LogModuleManager: Shutting down and abandoning module HTML5PlatformEditor (440)
[2017.10.31-22.46.00:276][213]LogModuleManager: Shutting down and abandoning module AndroidPlatformEditor (438)
[2017.10.31-22.46.00:276][213]LogModuleManager: Shutting down and abandoning module AndroidDeviceDetection (437)
[2017.10.31-22.46.00:604][213]LogModuleManager: Shutting down and abandoning module IOSRuntimeSettings (434)
[2017.10.31-22.46.00:604][213]LogModuleManager: Shutting down and abandoning module AndroidRuntimeSettings (432)
[2017.10.31-22.46.00:604][213]LogModuleManager: Shutting down and abandoning module InputBindingEditor (430)
[2017.10.31-22.46.00:614][213]LogModuleManager: Shutting down and abandoning module MergeActors (428)
[2017.10.31-22.46.00:614][213]LogModuleManager: Shutting down and abandoning module SizeMap (426)
[2017.10.31-22.46.00:614][213]LogModuleManager: Shutting down and abandoning module TreeMap (424)
[2017.10.31-22.46.00:614][213]LogModuleManager: Shutting down and abandoning module ReferenceViewer (422)
[2017.10.31-22.46.00:615][213]LogModuleManager: Shutting down and abandoning module LocalizationDashboard (420)
[2017.10.31-22.46.00:616][213]LogModuleManager: Shutting down and abandoning module LocalizationService (419)
[2017.10.31-22.46.00:616][213]LogModuleManager: Shutting down and abandoning module HardwareTargeting (416)
[2017.10.31-22.46.00:616][213]LogModuleManager: Shutting down and abandoning module DeviceProfileEditor (414)
[2017.10.31-22.46.00:616][213]LogModuleManager: Shutting down and abandoning module UndoHistory (412)
[2017.10.31-22.46.00:617][213]LogModuleManager: Shutting down and abandoning module UserFeedback (410)
[2017.10.31-22.46.00:617][213]LogModuleManager: Shutting down and abandoning module XmlParser (408)
[2017.10.31-22.46.00:617][213]LogModuleManager: Shutting down and abandoning module Blutility (406)
[2017.10.31-22.46.00:617][213]LogModuleManager: Shutting down and abandoning module ProjectSettingsViewer (404)
[2017.10.31-22.46.00:617][213]LogModuleManager: Shutting down and abandoning module ProjectTargetPlatformEditor (403)
[2017.10.31-22.46.00:617][213]LogModuleManager: Shutting down and abandoning module EditorSettingsViewer (400)
[2017.10.31-22.46.00:617][213]LogModuleManager: Shutting down and abandoning module SettingsEditor (398)
[2017.10.31-22.46.00:618][213]LogModuleManager: Shutting down and abandoning module ProjectLauncher (396)
[2017.10.31-22.46.00:618][213]LogModuleManager: Shutting down and abandoning module SessionFrontend (394)
[2017.10.31-22.46.00:618][213]LogModuleManager: Shutting down and abandoning module ProfilerClient (392)
[2017.10.31-22.46.00:619][213]LogModuleManager: Shutting down and abandoning module DeviceManager (390)
[2017.10.31-22.46.00:619][213]LogModuleManager: Shutting down and abandoning module TargetDeviceServices (389)
[2017.10.31-22.46.00:682][213]LogModuleManager: Shutting down and abandoning module AutomationController (386)
[2017.10.31-22.46.00:683][213]LogModuleManager: Shutting down and abandoning module AutomationWindow (384)
[2017.10.31-22.46.00:684][213]LogModuleManager: Shutting down and abandoning module Layers (382)
[2017.10.31-22.46.00:685][213]LogModuleManager: Shutting down and abandoning module ComponentVisualizers (380)
[2017.10.31-22.46.00:685][213]LogModuleManager: Shutting down and abandoning module DetailCustomizations (378)
[2017.10.31-22.46.00:685][213]LogModuleManager: Shutting down and abandoning module PackagesDialog (376)
[2017.10.31-22.46.00:686][213]LogModuleManager: Shutting down and abandoning module Persona (374)
[2017.10.31-22.46.00:686][213]LogModuleManager: Shutting down and abandoning module AdvancedPreviewScene (373)
[2017.10.31-22.46.00:686][213]LogModuleManager: Shutting down and abandoning module AnimGraph (371)
[2017.10.31-22.46.00:686][213]LogModuleManager: Shutting down and abandoning module Kismet (368)
[2017.10.31-22.46.00:689][213]LogModuleManager: Shutting down and abandoning module ClassViewer (366)
[2017.10.31-22.46.00:689][213]LogModuleManager: Shutting down and abandoning module Toolbox (364)
[2017.10.31-22.46.00:689][213]LogModuleManager: Shutting down and abandoning module ModuleUI (362)
[2017.10.31-22.46.00:689][213]LogModuleManager: Shutting down and abandoning module MovieSceneTools (360)
[2017.10.31-22.46.00:690][213]LogModuleManager: Shutting down and abandoning module OutputLog (358)
[2017.10.31-22.46.00:690][213]LogModuleManager: Shutting down and abandoning module GammaUI (356)
[2017.10.31-22.46.00:690][213]LogModuleManager: Shutting down and abandoning module Documentation (354)
[2017.10.31-22.46.00:690][213]LogModuleManager: Shutting down and abandoning module MovieSceneTracks (352)
[2017.10.31-22.46.00:690][213]LogModuleManager: Shutting down and abandoning module MovieScene (350)
[2017.10.31-22.46.00:690][213]LogModuleManager: Shutting down and abandoning module Niagara (348)
[2017.10.31-22.46.00:690][213]LogModuleManager: Shutting down and abandoning module NiagaraEditor (347)
[2017.10.31-22.46.00:692][213]LogModuleManager: Shutting down and abandoning module StreamingPauseRendering (344)
[2017.10.31-22.46.00:692][213]LogModuleManager: Shutting down and abandoning module AnalyticsET (342)
[2017.10.31-22.46.00:692][213]LogModuleManager: Shutting down and abandoning module PortalServices (340)
[2017.10.31-22.46.00:692][213]LogModuleManager: Shutting down and abandoning module PortalRpc (338)
[2017.10.31-22.46.00:692][213]LogModuleManager: Shutting down and abandoning module MessagingRpc (336)
[2017.10.31-22.46.00:692][213]LogModuleManager: Shutting down and abandoning module AIModule (334)
[2017.10.31-22.46.00:692][213]LogModuleManager: Shutting down and abandoning module GameplayDebugger (333)
[2017.10.31-22.46.00:692][213]LogModuleManager: Shutting down and abandoning module AITestSuite (331)
[2017.10.31-22.46.00:693][213]LogModuleManager: Shutting down and abandoning module ProfilerService (328)
[2017.10.31-22.46.00:830][213]LogModuleManager: Shutting down and abandoning module TaskGraph (326)
[2017.10.31-22.46.00:841][213]LogModuleManager: Shutting down and abandoning module SteamVRController (324)
[2017.10.31-22.46.00:841][213]LogModuleManager: Shutting down and abandoning module SteamVR (322)
[2017.10.31-22.46.00:841][213]LogModuleManager: Shutting down and abandoning module ProceduralMeshComponentEditor (320)
[2017.10.31-22.46.00:841][213]LogModuleManager: Shutting down and abandoning module ProceduralMeshComponent (318)
[2017.10.31-22.46.00:841][213]LogModuleManager: Shutting down and abandoning module OculusLibrary (316)
[2017.10.31-22.46.00:841][213]LogModuleManager: Shutting down and abandoning module OculusInput (314)
[2017.10.31-22.46.00:841][213]LogModuleManager: Shutting down and abandoning module MobilePatchingUtils (312)
[2017.10.31-22.46.00:841][213]LogModuleManager: Shutting down and abandoning module CustomMeshComponent (310)
[2017.10.31-22.46.00:841][213]LogModuleManager: Shutting down and abandoning module CableComponent (308)
[2017.10.31-22.46.00:842][213]LogModuleManager: Shutting down and abandoning module ArchVisCharacter (306)
[2017.10.31-22.46.00:842][213]LogModuleManager: Shutting down and abandoning module AndroidPermission (304)
[2017.10.31-22.46.00:842][213]LogModuleManager: Shutting down and abandoning module MediaPlayerEditor (300)
[2017.10.31-22.46.00:843][213]LogModuleManager: Shutting down and abandoning module HTML5Networking (298)
[2017.10.31-22.46.00:843][213]LogModuleManager: Shutting down and abandoning module AlembicImporter (296)
[2017.10.31-22.46.00:843][213]LogModuleManager: Shutting down and abandoning module AlembicLibrary (295)
[2017.10.31-22.46.00:844][213]LogModuleManager: Shutting down and abandoning module GeometryCache (294)
[2017.10.31-22.46.00:844][213]LogModuleManager: Shutting down and abandoning module GeometryCacheEd (293)
[2017.10.31-22.46.00:844][213]LogModuleManager: Shutting down and abandoning module SuperSearchEditor (288)
[2017.10.31-22.46.00:844][213]LogModuleManager: Shutting down and abandoning module SuperSearch (287)
[2017.10.31-22.46.00:844][213]LogModuleManager: Shutting down and abandoning module SpeedTreeImporter (284)
[2017.10.31-22.46.00:844][213]LogModuleManager: Shutting down and abandoning module PluginBrowser (282)
[2017.10.31-22.46.00:844][213]LogModuleManager: Shutting down and abandoning module MobileLauncherProfileWizard (280)
[2017.10.31-22.46.00:845][213]LogModuleManager: Shutting down and abandoning module VisualStudioSourceCodeAccess (278)
[2017.10.31-22.46.00:845][213]LogModuleManager: Shutting down and abandoning module DesktopPlatform (277)
[2017.10.31-22.46.00:845][213]LogModuleManager: Shutting down and abandoning module UObjectPlugin (274)
[2017.10.31-22.46.00:845][213]LogModuleManager: Shutting down and abandoning module SubversionSourceControl (272)
[2017.10.31-22.46.00:846][213]LogModuleManager: Shutting down and abandoning module PerforceSourceControl (270)
[2017.10.31-22.46.00:846][213]LogModuleManager: Shutting down and abandoning module GitSourceControl (268)
[2017.10.31-22.46.00:847][213]LogModuleManager: Shutting down and abandoning module SourceControl (267)
[2017.10.31-22.46.00:847][213]LogModuleManager: Shutting down and abandoning module LightPropagationVolumeEditor (264)
[2017.10.31-22.46.00:847][213]LogModuleManager: Shutting down and abandoning module PaperTiledImporter (262)
[2017.10.31-22.46.00:847][213]LogModuleManager: Shutting down and abandoning module PaperSpriteSheetImporter (260)
[2017.10.31-22.46.00:847][213]LogModuleManager: Shutting down and abandoning module Paper2DEditor (258)
[2017.10.31-22.46.00:847][213]LogModuleManager: Shutting down and abandoning module MeshPaint (257)
[2017.10.31-22.46.00:847][213]LogModuleManager: Shutting down and abandoning module LevelEditor (255)
[2017.10.31-22.46.00:848][213]LogModuleManager: Shutting down and abandoning module PixelInspectorModule (254)
[2017.10.31-22.46.00:848][213]LogModuleManager: Shutting down and abandoning module MainFrame (252)
[2017.10.31-22.46.00:849][213]LogModuleManager: Shutting down and abandoning module HotReload (251)
[2017.10.31-22.46.00:849][213]LogModuleManager: Shutting down and abandoning module PhysXVehiclesEditor (246)
[2017.10.31-22.46.00:849][213]LogModuleManager: Shutting down and abandoning module PhysXVehicles (244)
[2017.10.31-22.46.00:849][213]LogModuleManager: Shutting down and abandoning module LocationServicesBPLibrary (242)
[2017.10.31-22.46.00:849][213]LogModuleManager: Shutting down and abandoning module ImmediatePhysicsEditor (240)
[2017.10.31-22.46.00:849][213]LogModuleManager: Shutting down and abandoning module ImmediatePhysics (238)
[2017.10.31-22.46.00:850][213]LogModuleManager: Shutting down and abandoning module UdpMessaging (236)
[2017.10.31-22.46.00:950][213]LogModuleManager: Shutting down and abandoning module TcpMessaging (234)
[2017.10.31-22.46.01:055][213]LogModuleManager: Shutting down and abandoning module GameplayTagsEditor (232)
[2017.10.31-22.46.01:064][213]LogModuleManager: Shutting down and abandoning module FacialAnimationEditor (230)
[2017.10.31-22.46.01:064][213]LogModuleManager: Shutting down and abandoning module FacialAnimation (228)
[2017.10.31-22.46.01:064][213]LogModuleManager: Shutting down and abandoning module AssetManagerEditor (226)
[2017.10.31-22.46.01:065][213]LogModuleManager: Shutting down and abandoning module GraphEditor (225)
[2017.10.31-22.46.01:065][213]LogModuleManager: Shutting down and abandoning module ContentBrowser (223)
[2017.10.31-22.46.01:066][213]LogModuleManager: Shutting down and abandoning module LightPropagationVolumeRuntime (220)
[2017.10.31-22.46.01:066][213]LogModuleManager: Shutting down and abandoning module Paper2D (218)
[2017.10.31-22.46.01:066][213]LogModuleManager: Shutting down and abandoning module WindowsMoviePlayer (216)
[2017.10.31-22.46.01:066][213]LogModuleManager: Shutting down and abandoning module WmfMedia (214)
[2017.10.31-22.46.01:067][213]LogModuleManager: Shutting down and abandoning module ClothingSystemEditor (212)
[2017.10.31-22.46.01:067][213]LogModuleManager: Shutting down and abandoning module ClothingSystemRuntime (210)
[2017.10.31-22.46.01:067][213]LogModuleManager: Shutting down and abandoning module MediaAssets (208)
[2017.10.31-22.46.01:067][213]LogModuleManager: Shutting down and abandoning module GameLiveStreaming (206)
[2017.10.31-22.46.01:067][213]LogModuleManager: Shutting down and abandoning module VREditor (204)
[2017.10.31-22.46.01:068][213]LogModuleManager: Shutting down and abandoning module StringTableEditor (202)
[2017.10.31-22.46.01:069][213]LogModuleManager: Shutting down and abandoning module GameplayTasksEditor (200)
[2017.10.31-22.46.01:069][213]LogModuleManager: Shutting down and abandoning module BehaviorTreeEditor (198)
[2017.10.31-22.46.01:070][213]LogModuleManager: Shutting down and abandoning module FunctionalTesting (196)
[2017.10.31-22.46.01:070][213]LogModuleManager: Shutting down and abandoning module CollisionAnalyzer (194)
[2017.10.31-22.46.01:071][213]LogModuleManager: Shutting down and abandoning module UMG (192)
[2017.10.31-22.46.01:071][213]LogModuleManager: Shutting down and abandoning module UMGEditor (191)
[2017.10.31-22.46.01:072][213]LogModuleManager: Shutting down and abandoning module Sequencer (190)
[2017.10.31-22.46.01:073][213]LogModuleManager: Shutting down and abandoning module AssetTools (188)
[2017.10.31-22.46.01:075][213]LogModuleManager: Shutting down and abandoning module MessageLog (187)
[2017.10.31-22.46.01:075][213]LogModuleManager: Shutting down and abandoning module WorkspaceMenuStructure (186)
[2017.10.31-22.46.01:075][213]LogModuleManager: Shutting down and abandoning module SlateReflector (180)
[2017.10.31-22.46.01:077][213]LogModuleManager: Shutting down and abandoning module Slate (178)
[2017.10.31-22.46.01:077][213]LogModuleManager: Shutting down and abandoning module EditorStyle (176)
[2017.10.31-22.46.01:078][213]LogModuleManager: Shutting down and abandoning module SourceCodeAccess (174)
[2017.10.31-22.46.01:078][213]LogModuleManager: Shutting down and abandoning module HeadMountedDisplay (172)
[2017.10.31-22.46.01:078][213]LogModuleManager: Shutting down and abandoning module XAudio2 (170)
[2017.10.31-22.46.01:078][213]LogModuleManager: Shutting down and abandoning module Networking (168)
[2017.10.31-22.46.01:078][213]LogModuleManager: Shutting down and abandoning module Core (164)
[2017.10.31-22.46.01:078][213]LogModuleManager: Shutting down and abandoning module AssetRegistry (162)
[2017.10.31-22.46.01:195][213]LogDirectoryWatcher: A directory notification for '../../../Engine/Content/' was aborted.
[2017.10.31-22.46.01:195][213]LogDirectoryWatcher: A directory notification for 'D:/CastleGuardCurrent/CastleGuardPhase2/CastleGuardReborn/Content/' was aborted.
[2017.10.31-22.46.01:195][213]LogDirectoryWatcher: A directory notification for '../../../Engine/Plugins/2D/Paper2D/Content/' was aborted.
[2017.10.31-22.46.01:195][213]LogDirectoryWatcher: A directory notification for '../../../Engine/Plugins/Runtime/GearVR/Content/' was aborted.
[2017.10.31-22.46.01:207][213]LogModuleManager: Shutting down and abandoning module DirectoryWatcher (161)
[2017.10.31-22.46.01:207][213]LogModuleManager: Shutting down and abandoning module KismetCompiler (158)
[2017.10.31-22.46.01:207][213]LogModuleManager: Shutting down and abandoning module LevelSequence (156)
[2017.10.31-22.46.01:207][213]LogModuleManager: Shutting down and abandoning module PhysXFormats (154)
[2017.10.31-22.46.01:207][213]LogModuleManager: Shutting down and abandoning module MeshUtilities (152)
[2017.10.31-22.46.01:208][213]LogModuleManager: Shutting down and abandoning module SimplygonSwarm (151)
[2017.10.31-22.46.01:209][213]LogModuleManager: Shutting down and abandoning module SimplygonMeshReduction (149)
[2017.10.31-22.46.01:209][213]LogModuleManager: Shutting down and abandoning module QuadricMeshReduction (147)
[2017.10.31-22.46.01:209][213]LogModuleManager: Shutting down and abandoning module DerivedDataCache (144)
[2017.10.31-22.46.01:703][213]LogDerivedDataCache: Shutdown
[2017.10.31-22.46.01:703][213]LogModuleManager: Shutting down and abandoning module TargetPlatform (142)
[2017.10.31-22.46.01:703][213]LogModuleManager: Shutting down and abandoning module VulkanShaderFormat (141)
[2017.10.31-22.46.01:704][213]LogModuleManager: Shutting down and abandoning module ShaderFormatVectorVM (139)
[2017.10.31-22.46.01:704][213]LogModuleManager: Shutting down and abandoning module ShaderFormatOpenGL (137)
[2017.10.31-22.46.01:704][213]LogModuleManager: Shutting down and abandoning module ShaderFormatD3D (135)
[2017.10.31-22.46.01:705][213]LogModuleManager: Shutting down and abandoning module MetalShaderFormat (133)
[2017.10.31-22.46.01:705][213]LogModuleManager: Shutting down and abandoning module TextureFormatUncompressed (131)
[2017.10.31-22.46.01:705][213]LogModuleManager: Shutting down and abandoning module TextureFormatPVR (129)
[2017.10.31-22.46.01:705][213]LogModuleManager: Shutting down and abandoning module TextureFormatDXT (127)
[2017.10.31-22.46.01:705][213]LogModuleManager: Shutting down and abandoning module TextureFormatIntelISPCTexComp (125)
[2017.10.31-22.46.01:706][213]LogModuleManager: Shutting down and abandoning module TextureFormatASTC (123)
[2017.10.31-22.46.01:706][213]LogModuleManager: Shutting down and abandoning module ImageWrapper (122)
[2017.10.31-22.46.01:706][213]LogModuleManager: Shutting down and abandoning module TextureFormatAndroid (119)
[2017.10.31-22.46.01:706][213]LogModuleManager: Shutting down and abandoning module AudioFormatOpus (117)
[2017.10.31-22.46.01:706][213]LogModuleManager: Shutting down and abandoning module AudioFormatOgg (115)
[2017.10.31-22.46.01:706][213]LogModuleManager: Shutting down and abandoning module AudioFormatADPCM (113)
[2017.10.31-22.46.01:706][213]LogModuleManager: Shutting down and abandoning module LinuxTargetPlatform (111)
[2017.10.31-22.46.01:706][213]LogModuleManager: Shutting down and abandoning module LinuxServerTargetPlatform (109)
[2017.10.31-22.46.01:706][213]LogModuleManager: Shutting down and abandoning module LinuxNoEditorTargetPlatform (107)
[2017.10.31-22.46.01:706][213]LogModuleManager: Shutting down and abandoning module LinuxClientTargetPlatform (105)
[2017.10.31-22.46.01:706][213]LogModuleManager: Shutting down and abandoning module TVOSTargetPlatform (103)
[2017.10.31-22.46.01:706][213]LogModuleManager: Shutting down and abandoning module Messaging (101)
[2017.10.31-22.46.01:706][213]LogModuleManager: Shutting down and abandoning module IOSTargetPlatform (99)
[2017.10.31-22.46.01:706][213]LogModuleManager: Shutting down and abandoning module HTML5TargetPlatform (97)
[2017.10.31-22.46.01:706][213]LogModuleManager: Shutting down and abandoning module Android_PVRTCTargetPlatform (95)
[2017.10.31-22.46.01:706][213]LogModuleManager: Shutting down and abandoning module Android_MultiTargetPlatform (93)
[2017.10.31-22.46.01:706][213]LogModuleManager: Shutting down and abandoning module Android_ETC2TargetPlatform (91)
[2017.10.31-22.46.01:706][213]LogModuleManager: Shutting down and abandoning module Android_ETC1TargetPlatform (89)
[2017.10.31-22.46.01:707][213]LogModuleManager: Shutting down and abandoning module Android_DXTTargetPlatform (87)
[2017.10.31-22.46.01:707][213]LogModuleManager: Shutting down and abandoning module Android_ATCTargetPlatform (85)
[2017.10.31-22.46.01:707][213]LogModuleManager: Shutting down and abandoning module Android_ASTCTargetPlatform (83)
[2017.10.31-22.46.01:707][213]LogModuleManager: Shutting down and abandoning module AndroidTargetPlatform (81)
[2017.10.31-22.46.01:707][213]LogModuleManager: Shutting down and abandoning module WindowsTargetPlatform (79)
[2017.10.31-22.46.01:707][213]LogModuleManager: Shutting down and abandoning module WindowsServerTargetPlatform (77)
[2017.10.31-22.46.01:707][213]LogModuleManager: Shutting down and abandoning module WindowsNoEditorTargetPlatform (75)
[2017.10.31-22.46.01:707][213]LogModuleManager: Shutting down and abandoning module WindowsClientTargetPlatform (73)
[2017.10.31-22.46.01:707][213]LogModuleManager: Shutting down and abandoning module MacTargetPlatform (71)
[2017.10.31-22.46.01:707][213]LogModuleManager: Shutting down and abandoning module MacServerTargetPlatform (69)
[2017.10.31-22.46.01:707][213]LogModuleManager: Shutting down and abandoning module MacNoEditorTargetPlatform (67)
[2017.10.31-22.46.01:707][213]LogModuleManager: Shutting down and abandoning module MacClientTargetPlatform (65)
[2017.10.31-22.46.01:707][213]LogModuleManager: Shutting down and abandoning module AllDesktopTargetPlatform (63)
[2017.10.31-22.46.01:707][213]LogModuleManager: Shutting down and abandoning module InputCore (60)
[2017.10.31-22.46.01:707][213]LogModuleManager: Shutting down and abandoning module Settings (58)
[2017.10.31-22.46.01:707][213]LogModuleManager: Shutting down and abandoning module OculusRift (56)
[2017.10.31-22.46.01:708][213]LogModuleManager: Shutting down and abandoning module GearVRController (54)
[2017.10.31-22.46.01:708][213]LogModuleManager: Shutting down and abandoning module GearVR (52)
[2017.10.31-22.46.01:708][213]LogModuleManager: Shutting down and abandoning module ExampleDeviceProfileSelector (50)
[2017.10.31-22.46.01:708][213]LogModuleManager: Shutting down and abandoning module OnlineBlueprintSupport (48)
[2017.10.31-22.46.01:708][213]LogModuleManager: Shutting down and abandoning module OnlineSubsystem (44)
[2017.10.31-22.46.01:708][213]LogOnline:Display: Unloading online subsystem: NULL
[2017.10.31-22.46.01:709][213]LogModuleManager: Shutting down and abandoning module XMPP (43)
[2017.10.31-22.46.01:710][213]LogModuleManager: Shutting down and abandoning module HTTP (41)
[2017.10.31-22.46.01:710][213]LogHttp:Display: Http module shutting down, but needs to wait on 1 outstanding Http requests:
[2017.10.31-22.46.01:710][213]LogHttp:Display: 	verb=[POST] url=[https://datarouter.ol.epicgames.com/datarouter/api/v1/public/data?SessionID=%7BE05A6A8A-40FF-A0BD-EBF6-E9B446A7252C%7D&AppID=UEEditor.Rocket.Release&AppVersion=4.16.2-3514769%2B%2B%2BUE4%2BRelease-4.16&UserID=982011a7482c1cbdc2ce3cbeaef51dbe%7Ce0ca3295625c4184a95d26a3b9c858a2%7C70012bb2-c253-4297-934e-6257f569ac01&AppEnvironment=datacollector-binary&UploadType=eteventstream] status=Processing
[2017.10.31-22.46.01:728][213]LogModuleManager: Shutting down and abandoning module SSL (40)
[2017.10.31-22.46.01:729][213]LogModuleManager: Shutting down and abandoning module HTTPChunkInstaller (36)
[2017.10.31-22.46.01:730][213]LogModuleManager: Shutting down and abandoning module AnimationModifiers (34)
[2017.10.31-22.46.01:731][213]LogModuleManager: Shutting down and abandoning module PropertyEditor (33)
[2017.10.31-22.46.01:731][213]LogModuleManager: Shutting down and abandoning module AudioEditor (30)
[2017.10.31-22.46.01:732][213]LogModuleManager: Shutting down and abandoning module TextureCompressor (28)
[2017.10.31-22.46.01:732][213]LogModuleManager: Shutting down and abandoning module ShaderCore (26)
[2017.10.31-22.46.01:732][213]LogModuleManager: Shutting down and abandoning module Landscape (24)
[2017.10.31-22.46.01:732][213]LogModuleManager: Shutting down and abandoning module SlateRHIRenderer (22)
[2017.10.31-22.46.01:733][213]LogModuleManager: Shutting down and abandoning module OpenGLDrv (20)
[2017.10.31-22.46.01:734][213]LogModuleManager: Shutting down and abandoning module D3D11RHI (18)
[2017.10.31-22.46.01:734][213]LogModuleManager: Shutting down and abandoning module AnimGraphRuntime (16)
[2017.10.31-22.46.01:734][213]LogModuleManager: Shutting down and abandoning module Renderer (14)
[2017.10.31-22.46.01:734][213]LogModuleManager: Shutting down and abandoning module Engine (12)
[2017.10.31-22.46.01:734][213]LogModuleManager: Shutting down and abandoning module CoreUObject (10)
[2017.10.31-22.46.01:734][213]LogModuleManager: Shutting down and abandoning module NetworkFile (8)
[2017.10.31-22.46.01:734][213]LogModuleManager: Shutting down and abandoning module StreamingFile (6)
[2017.10.31-22.46.01:734][213]LogModuleManager: Shutting down and abandoning module SandboxFile (4)
[2017.10.31-22.46.01:734][213]LogModuleManager: Shutting down and abandoning module PakFile (2)
[2017.10.31-22.46.01:735][213]LogExit: Exiting.
[2017.10.31-22.46.01:752][213]Log file closed, 10/31/17 15:46:01
