Log file open, 11/26/17 14:48:09
LogInit:Display: Running engine for game: CastleGuardReborn
LogPlatformFile: Not using cached read wrapper
LogInit:Display: RandInit(-1849953150) SRandInit(-1849953150).
LogTaskGraph: Started task graph with 5 named threads and 8 total threads with 1 sets of task threads.
LogStats: Stats thread started at 0.080744
LogInit: Using libcurl 7.47.1
LogInit:  - built for x86_64-pc-win32
LogInit:  - supports SSL with OpenSSL/1.0.2g
LogInit:  - supports HTTP deflate (compression) using libz 1.2.8
LogInit:  - other features:
LogInit:      CURL_VERSION_SSL
LogInit:      CURL_VERSION_LIBZ
LogInit:      CURL_VERSION_IPV6
LogInit:      CURL_VERSION_ASYNCHDNS
LogInit:      CURL_VERSION_LARGEFILE
LogInit:      CURL_VERSION_IDN
LogInit:  CurlRequestOptions (configurable via config and command line):
LogInit:  - bVerifyPeer = false  - Libcurl will NOT verify peer certificate
LogInit:  - bUseHttpProxy = false  - Libcurl will NOT use HTTP proxy
LogInit:  - bDontReuseConnections = false  - Libcurl will reuse connections
LogInit:  - CertBundlePath = nullptr  - Libcurl will use whatever was configured at build time.
LogInit: Build: ++UE4+Release-4.16-CL-3514769
LogInit: Engine Version: 4.16.2-3514769+++UE4+Release-4.16
LogInit: Compatible Engine Version: 4.16.0-3452394+++UE4+Release-4.16
LogInit: Net CL: 3452394
LogDevObjectVersion: Number of dev versions registered: 16
LogDevObjectVersion:   Dev-Blueprints (B0D832E4-1F89-4F0D-ACCF-7EB736FD4AA2): 9
LogDevObjectVersion:   Dev-Build (E1C64328-A22C-4D53-A36C-8E866417BD8C): 0
LogDevObjectVersion:   Dev-Core (375EC13C-06E4-48FB-B500-84F0262A717E): 2
LogDevObjectVersion:   Dev-Editor (E4B068ED-F494-42E9-A231-DA0B2E46BB41): 17
LogDevObjectVersion:   Dev-Framework (CFFC743F-43B0-4480-9391-14DF171D2073): 23
LogDevObjectVersion:   Dev-Mobile (B02B49B5-BB20-44E9-A304-32B752E40360): 0
LogDevObjectVersion:   Dev-Networking (A4E4105C-59A1-49B5-A7C5-40C4547EDFEE): 0
LogDevObjectVersion:   Dev-Online (39C831C9-5AE6-47DC-9A44-9C173E1C8E7C): 0
LogDevObjectVersion:   Dev-Physics (78F01B33-EBEA-4F98-B9B4-84EACCB95AA2): 0
LogDevObjectVersion:   Dev-Platform (6631380F-2D4D-43E0-8009-CF276956A95A): 0
LogDevObjectVersion:   Dev-Rendering (12F88B9F-8875-4AFC-A67C-D90C383ABD29): 15
LogDevObjectVersion:   Dev-Sequencer (7B5AE74C-D270-4C10-A958-57980B212A5A): 4
LogDevObjectVersion:   Dev-VR (D7296918-1DD6-4BDD-9DE2-64A83CC13884): 0
LogDevObjectVersion:   Dev-LoadTimes (C2A15278-BFE7-4AFE-6C17-90FF531DF755): 1
LogDevObjectVersion:   Private-Geometry (6EACA3D4-40EC-4CC1-B786-8BED09428FC5): 1
LogDevObjectVersion:   Dev-AnimPhys (29E575DD-E0A3-4627-9D10-D276232CDCEA): 3
LogInit: Compiled (64-bit): Jun 29 2017 02:03:24
LogInit: Compiled with Visual C++: 19.00.24215.01
LogInit: Build Configuration: Development
LogInit: Branch Name: ++UE4+Release-4.16
LogInit: Command line:  
LogInit: Base directory: C:/Program Files/Epic Games/UE_4.16/Engine/Binaries/Win64/
LogInit: Installed Engine Build: 1
LogInit: Presizing for max 8388607 objects, including 0 objects not considered by GC, pre-allocating 0 bytes for permanent pool.
LogInit: Object subsystem initialized
[2017.11.26-22.48.10:275][  0]LogInit: Selected Device Profile: [Windows]
[2017.11.26-22.48.10:275][  0]LogInit: Applying CVar settings loaded from the selected device profile: [Windows]
[2017.11.26-22.48.10:297][  0]LogInit: Computer: LCIVAN-238-00
[2017.11.26-22.48.10:297][  0]LogInit: User: studentuser
[2017.11.26-22.48.10:297][  0]LogInit: CPU Page size=4096, Cores=4
[2017.11.26-22.48.10:297][  0]LogInit: High frequency timer resolution =4.101560 MHz
[2017.11.26-22.48.10:297][  0]LogMemory: Memory total: Physical=15.9GB (16GB approx)
[2017.11.26-22.48.10:297][  0]LogMemory: Platform Memory Stats for Windows
[2017.11.26-22.48.10:297][  0]LogMemory: Process Physical Memory: 276.12 MB used, 276.12 MB peak
[2017.11.26-22.48.10:297][  0]LogMemory: Process Virtual Memory: 276.96 MB used, 276.96 MB peak
[2017.11.26-22.48.10:297][  0]LogMemory: Physical Memory: 6328.36 MB used,  9955.09 MB free, 16283.45 MB total
[2017.11.26-22.48.10:297][  0]LogMemory: Virtual Memory: 654.49 MB used,  9955.09 MB free, 134217728.00 MB total
[2017.11.26-22.48.10:347][  0]LogInit: Using OS detected language (en-US).
[2017.11.26-22.48.10:347][  0]LogInit: Using OS detected locale (en-CA).
[2017.11.26-22.48.10:349][  0]LogTextLocalizationManager: No specific localization for 'en-US' exists, so the 'en' localization will be used.
[2017.11.26-22.48.11:000][  0]LogD3D11RHI: D3D11 adapters:
[2017.11.26-22.48.11:036][  0]LogD3D11RHI:    0. 'NVIDIA GeForce GTX 1070' (Feature Level 11_0)
[2017.11.26-22.48.11:036][  0]LogD3D11RHI:       8115/0/8141 MB DedicatedVideo/DedicatedSystem/SharedSystem, Outputs:1, VendorId:0x10de
[2017.11.26-22.48.11:042][  0]LogD3D11RHI:    1. 'Intel(R) HD Graphics 630' (Feature Level 11_0)
[2017.11.26-22.48.11:042][  0]LogD3D11RHI:       128/0/8141 MB DedicatedVideo/DedicatedSystem/SharedSystem, Outputs:0, VendorId:0x8086
[2017.11.26-22.48.11:043][  0]LogD3D11RHI:    2. 'Microsoft Basic Render Driver' (Feature Level 11_0)
[2017.11.26-22.48.11:043][  0]LogD3D11RHI:       0/0/8141 MB DedicatedVideo/DedicatedSystem/SharedSystem, Outputs:0, VendorId:0x1414
[2017.11.26-22.48.11:043][  0]LogD3D11RHI: Chosen D3D11 Adapter: 0
[2017.11.26-22.48.11:050][  0]LogD3D11RHI: Creating new Direct3DDevice
[2017.11.26-22.48.11:050][  0]LogD3D11RHI:     GPU DeviceId: 0x1b81 (for the marketing name, search the web for "GPU Device Id")
[2017.11.26-22.48.11:050][  0]LogWindows: EnumDisplayDevices:
[2017.11.26-22.48.11:051][  0]LogWindows:    0. 'NVIDIA GeForce GTX 1070' (P:1 D:1)
[2017.11.26-22.48.11:051][  0]LogWindows:    1. 'NVIDIA GeForce GTX 1070' (P:0 D:0)
[2017.11.26-22.48.11:051][  0]LogWindows:    2. 'NVIDIA GeForce GTX 1070' (P:0 D:0)
[2017.11.26-22.48.11:051][  0]LogWindows:    3. 'NVIDIA GeForce GTX 1070' (P:0 D:0)
[2017.11.26-22.48.11:051][  0]LogWindows:    4. 'Intel(R) HD Graphics 630' (P:0 D:0)
[2017.11.26-22.48.11:051][  0]LogWindows:    5. 'Intel(R) HD Graphics 630' (P:0 D:0)
[2017.11.26-22.48.11:051][  0]LogWindows:    6. 'Intel(R) HD Graphics 630' (P:0 D:0)
[2017.11.26-22.48.11:051][  0]LogWindows: DebugString: PrimaryIsNotTheChoosenAdapter PrimaryIsNotTheChoosenAdapter PrimaryIsNotTheChoosenAdapter FoundDriverCount:4 
[2017.11.26-22.48.11:051][  0]LogD3D11RHI:     Adapter Name: NVIDIA GeForce GTX 1070
[2017.11.26-22.48.11:051][  0]LogD3D11RHI:   Driver Version: 382.66 (internal:22.21.13.8266, unified:382.66)
[2017.11.26-22.48.11:051][  0]LogD3D11RHI:      Driver Date: 6-25-2017
[2017.11.26-22.48.11:051][  0]LogRHI: Texture pool is 1361 MB (70% of 1945 MB)
[2017.11.26-22.48.11:076][  0]LogD3D11RHI: Async texture creation enabled
[2017.11.26-22.48.11:092][  0]LogD3D11RHI: GPU Timing Frequency: 1000.000000 (Debug: 2 2)
[2017.11.26-22.48.11:139][  0]LogShaderCompilers: Guid format shader working directory is -6 characters bigger than the processId version (D:/CastleGuardCurrent/CastleGuardPhase2/CastleGuardReborn/Intermediate/Shaders/WorkingDirectory/16992/).
[2017.11.26-22.48.11:139][  0]LogShaderCompilers: Cleaned the shader compiler working directory 'C:/Users/studentuser/AppData/Local/Temp/UnrealShaderWorkingDir/D7D981B04C4E1E00441A57992B81A503/'.
[2017.11.26-22.48.11:139][  0]LogShaderCompilers:Display: Using Local Shader Compiler.
[2017.11.26-22.48.11:847][  0]LogTemp:Display: Loaded TP AllDesktopTargetPlatform
[2017.11.26-22.48.11:883][  0]LogTemp:Display: Loaded TP MacClientTargetPlatform
[2017.11.26-22.48.11:919][  0]LogTemp:Display: Loaded TP MacNoEditorTargetPlatform
[2017.11.26-22.48.11:957][  0]LogTemp:Display: Loaded TP MacServerTargetPlatform
[2017.11.26-22.48.11:993][  0]LogTemp:Display: Loaded TP MacTargetPlatform
[2017.11.26-22.48.12:030][  0]LogTemp:Display: Loaded TP WindowsClientTargetPlatform
[2017.11.26-22.48.12:066][  0]LogTemp:Display: Loaded TP WindowsNoEditorTargetPlatform
[2017.11.26-22.48.12:103][  0]LogTemp:Display: Loaded TP WindowsServerTargetPlatform
[2017.11.26-22.48.12:136][  0]LogTemp:Display: Loaded TP WindowsTargetPlatform
[2017.11.26-22.48.12:171][  0]LogTemp:Display: Loaded TP AndroidTargetPlatform
[2017.11.26-22.48.12:206][  0]LogTemp:Display: Loaded TP Android_ASTCTargetPlatform
[2017.11.26-22.48.12:240][  0]LogTemp:Display: Loaded TP Android_ATCTargetPlatform
[2017.11.26-22.48.12:275][  0]LogTemp:Display: Loaded TP Android_DXTTargetPlatform
[2017.11.26-22.48.12:312][  0]LogTemp:Display: Loaded TP Android_ETC1TargetPlatform
[2017.11.26-22.48.12:348][  0]LogTemp:Display: Loaded TP Android_ETC2TargetPlatform
[2017.11.26-22.48.12:418][  0]LogTemp:Display: Loaded TP Android_MultiTargetPlatform
[2017.11.26-22.48.12:418][  0]LogTemp:Display: Loaded TP Android_PVRTCTargetPlatform
[2017.11.26-22.48.12:447][  0]LogTemp:Display: Loaded TP HTML5TargetPlatform
[2017.11.26-22.48.12:521][  0]LogTemp:Display: Loaded TP IOSTargetPlatform
[2017.11.26-22.48.12:544][  0]LogTemp:Display: Loaded TP TVOSTargetPlatform
[2017.11.26-22.48.12:579][  0]LogTemp:Display: Loaded TP LinuxClientTargetPlatform
[2017.11.26-22.48.12:617][  0]LogTemp:Display: Loaded TP LinuxNoEditorTargetPlatform
[2017.11.26-22.48.12:656][  0]LogTemp:Display: Loaded TP LinuxServerTargetPlatform
[2017.11.26-22.48.12:692][  0]LogTemp:Display: Loaded TP LinuxTargetPlatform
[2017.11.26-22.48.12:692][  0]LogTargetPlatformManager:Display: Building Assets For Windows
[2017.11.26-22.48.13:055][  0]LogDerivedDataCache:Display: Max Cache Size: 512 MB
[2017.11.26-22.48.13:141][  0]LogDerivedDataCache: Loaded boot cache 0.09s 91MB C:/Users/studentuser/AppData/Local/UnrealEngine/4.16/DerivedDataCache/Boot.ddc.
[2017.11.26-22.48.13:141][  0]LogDerivedDataCache:Display: Loaded Boot cache: C:/Users/studentuser/AppData/Local/UnrealEngine/4.16/DerivedDataCache/Boot.ddc
[2017.11.26-22.48.13:141][  0]LogDerivedDataCache: FDerivedDataBackendGraph:  Pak pak cache file D:/CastleGuardCurrent/CastleGuardPhase2/CastleGuardReborn/DerivedDataCache/DDC.ddp not found, will not use a pak cache.
[2017.11.26-22.48.13:141][  0]LogDerivedDataCache: Unable to find inner node Pak for hierarchical cache Hierarchy.
[2017.11.26-22.48.13:141][  0]LogDerivedDataCache: FDerivedDataBackendGraph:  CompressedPak pak cache file D:/CastleGuardCurrent/CastleGuardPhase2/CastleGuardReborn/DerivedDataCache/Compressed.ddp not found, will not use a pak cache.
[2017.11.26-22.48.13:141][  0]LogDerivedDataCache: Unable to find inner node CompressedPak for hierarchical cache Hierarchy.
[2017.11.26-22.48.13:153][  0]LogDerivedDataCache:Display: Pak cache opened for reading ../../../Engine/DerivedDataCache/Compressed.ddp.
[2017.11.26-22.48.13:165][  0]LogDerivedDataCache: Using Local data cache path C:/Users/studentuser/AppData/Local/UnrealEngine/Common/DerivedDataCache: Writable
[2017.11.26-22.48.13:172][  0]LogMaterial: Verifying Global Shaders for PCD3D_SM5
[2017.11.26-22.48.13:173][  0]LogSlate: Using Freetype 2.6.0
[2017.11.26-22.48.13:173][  0]LogSlate: SlateFontCache - WITH_FREETYPE: 1, WITH_HARFBUZZ: 1
[2017.11.26-22.48.13:173][  0]LogSlate: SlateFontCache - WITH_FREETYPE: 1, WITH_HARFBUZZ: 1
[2017.11.26-22.48.13:398][  0]LogInit: Selected Device Profile: [Windows]
[2017.11.26-22.48.13:474][  0]LogContentStreaming: Texture pool size is 0.00 MB
[2017.11.26-22.48.13:595][  0]LogMeshUtilities: Using QuadricMeshReduction for automatic static mesh reduction
[2017.11.26-22.48.13:627][  0]LogSimplygon: Simplygon DLL not present - disabling.
[2017.11.26-22.48.13:662][  0]LogMeshUtilities: Using SimplygonSwarm for distributed automatic mesh merging
[2017.11.26-22.48.13:662][  0]LogMeshUtilities: No automatic skeletal mesh reduction module available
[2017.11.26-22.48.13:662][  0]LogMeshUtilities: No automatic mesh merging module available
[2017.11.26-22.48.14:108][  0]LogNetVersion: CastleGuardReborn , NetCL: 3452394, EngineNetVer: 2, GameNetVer: 0 (Checksum: 2303850599)
[2017.11.26-22.48.14:164][  0]LogAssetRegistry: FAssetRegistry took 0.0239 seconds to start up
[2017.11.26-22.48.14:223][  0]LogPackageLocalizationCache: Processed 4 localized package path(s) for 2 prioritized culture(s) in 0.042561 seconds
[2017.11.26-22.48.14:227][  0]LogUObjectArray: 34194 objects as part of root set at end of initial load.
[2017.11.26-22.48.14:227][  0]LogUObjectAllocator: 7260416 out of 0 bytes used by permanent object pool.
[2017.11.26-22.48.14:227][  0]LogUObjectArray: CloseDisregardForGC: 0/0 objects in disregard for GC pool
[2017.11.26-22.48.14:278][  0]LogInit: WinSock: version 1.1 (2.2), MaxSocks=32767, MaxUdp=65467
[2017.11.26-22.48.16:050][  0]LogTcpMessaging: Initializing TcpMessaging bridge
[2017.11.26-22.48.16:083][  0]LogUdpMessaging: Initializing bridge on interface 0.0.0.0:0 to multicast group 230.0.0.1:6666.
[2017.11.26-22.48.16:476][  0]LogMaterial: Uniform references updated for custom material expression Custom.
[2017.11.26-22.48.16:771][  0]SourceControl: Info Source control is disabled
[2017.11.26-22.48.16:794][  0]SourceControl: Info Source control is disabled
[2017.11.26-22.48.16:831][  0]SourceControl: Info Source control is disabled
[2017.11.26-22.48.16:865][  0]SourceControl: Info Source control is disabled
[2017.11.26-22.48.17:369][  0]LogAndroidPermission: UAndroidPermissionCallbackProxy::GetInstance
[2017.11.26-22.48.17:826][  0]LogEngine: Initializing Engine...
[2017.11.26-22.48.20:890][  0]LogHMD: SteamVR initialized.  Driver: lighthouse  Display: LHR-A4D81BA4
[2017.11.26-22.48.21:094][  0]LogStats: UGameplayTagsManager::ConstructGameplayTagTree: Construct from data asset -  0.000 s
[2017.11.26-22.48.21:094][  0]LogStats: UGameplayTagsManager::ConstructGameplayTagTree: GameplayTagTreeChangedEvent.Broadcast -  0.000 s
[2017.11.26-22.48.21:203][  0]LogAIModule: Creating AISystem for world Untitled
[2017.11.26-22.48.21:216][  0]LogInit: XAudio2 using 'Speakers / Headphones (Realtek Audio)' : 2 channels at 48 kHz using 32 bits per sample (channel mask 0x3)
[2017.11.26-22.48.21:232][  0]LogInit: FAudioDevice initialized.
[2017.11.26-22.48.21:278][  0]LogDerivedDataCache: Saved boot cache 0.05s 91MB C:/Users/studentuser/AppData/Local/UnrealEngine/4.16/DerivedDataCache/Boot.ddc.
[2017.11.26-22.48.21:289][  0]LogInit: Texture streaming: Enabled
[2017.11.26-22.48.21:364][  0]LogEngineSessionManager: EngineSessionManager initialized
[2017.11.26-22.48.21:528][  0]LogInit: Transaction tracking system initialized
[2017.11.26-22.48.21:761][  0]BlueprintLog: New page: Editor Load
[2017.11.26-22.48.22:463][  0]LocalizationService: Info Localization service is disabled
[2017.11.26-22.48.23:000][  0]LogConsoleResponse:Display: 
[2017.11.26-22.48.23:111][  0]LogCook:Display: Max memory allowance for cook 16384mb min free memory 0mb
[2017.11.26-22.48.23:111][  0]LogCook:Display: Mobile HDR setting 1
[2017.11.26-22.48.23:848][  0]SourceControl: Info Source control is disabled
[2017.11.26-22.48.23:858][  0]Cmd: MAP LOAD FILE="D:/CastleGuardCurrent/CastleGuardPhase2/CastleGuardReborn/Content/VirtualRealityBP/Maps/default.umap" TEMPLATE=0 SHOWPROGRESS=1 FEATURELEVEL=3
[2017.11.26-22.48.23:858][  0]LightingResults: New page: Lighting Build
[2017.11.26-22.48.23:889][  0]MapCheck: New page: Map Check
[2017.11.26-22.48.23:889][  0]LightingResults: New page: Lighting Build
[2017.11.26-22.48.31:725][  0]LogClass:Warning: Enum '/Game/Vive/Blueprints/Enum_GameStatus.Enum_GameStatus' was upgraded to use FText to store its display name data. Please re-save this asset to avoid issues with localization and determinstic cooking.
[2017.11.26-22.48.31:782][  0]LogAIModule: Creating AISystem for world default
[2017.11.26-22.48.32:687][  0]LogEditorServer: Finished looking for orphan Actors (0.000 secs)
[2017.11.26-22.48.32:769][  0]Cmd: MAP CHECKDEP NOCLEARLOG
[2017.11.26-22.48.32:818][  0]MapCheck: Info Map check complete: 0 Error(s), 0 Warning(s), took 49.444ms to complete.
[2017.11.26-22.48.32:818][  0]LogFileHelpers: Loading map 'default' took 8.961
[2017.11.26-22.48.32:878][  0]LogWindowsTextInputMethodSystem:Display: IME system now deactivated.
[2017.11.26-22.48.33:053][  0]LogCollectionManager: Loaded 0 collections in 0.001557 seconds
[2017.11.26-22.48.33:122][  0]LogFileCache: Scanning file cache for directory 'D:/CastleGuardCurrent/CastleGuardPhase2/CastleGuardReborn/Saved/Collections/' took 0.01s
[2017.11.26-22.48.33:122][  0]LogFileCache: Scanning file cache for directory 'D:/CastleGuardCurrent/CastleGuardPhase2/CastleGuardReborn/Content/Developers/studentuser/Collections/' took 0.01s
[2017.11.26-22.48.33:122][  0]LogFileCache: Scanning file cache for directory 'D:/CastleGuardCurrent/CastleGuardPhase2/CastleGuardReborn/Content/Collections/' took 0.01s
[2017.11.26-22.48.33:122][  0]LogCollectionManager: Rebuilt the GUID cache for 0 collections in 0.000001 seconds
[2017.11.26-22.48.33:129][  0]LogContentBrowser: Native class hierarchy populated in 0.0068 seconds. Added 2330 classes and 494 folders.
[2017.11.26-22.48.33:175][  0]LogContentBrowser: Native class hierarchy updated for 'WidgetCarousel' in 0.0004 seconds. Added 0 classes and 0 folders.
[2017.11.26-22.48.33:200][  0]LogContentBrowser: Native class hierarchy updated for 'AddContentDialog' in 0.0004 seconds. Added 0 classes and 0 folders.
[2017.11.26-22.48.33:232][  0]LogContentBrowser: Native class hierarchy updated for 'SceneOutliner' in 0.0004 seconds. Added 1 classes and 2 folders.
[2017.11.26-22.48.33:274][  0]LogCrashTracker: Crashtracker disabled due to settings.
[2017.11.26-22.48.33:963][  0]LogSlate: Only BGRA pngs, bmps or icos are supported in by External Image Picker
[2017.11.26-22.48.34:000][  0]LogTemp: Executing iPhonePackager certificates Engine -bundlename com.YourCompany.CastleGuardReborn
[2017.11.26-22.48.34:000][  0]LogTemp: CWD: C:\Program Files\Epic Games\UE_4.16\Engine\Binaries\DotNET\IOS
[2017.11.26-22.48.34:000][  0]LogTemp: Initial Dir: C:\Program Files\Epic Games\UE_4.16
[2017.11.26-22.48.34:000][  0]LogTemp: Env CWD: C:\Program Files\Epic Games\UE_4.16\Engine\Binaries\DotNET\IOS
[2017.11.26-22.48.34:000][  0]LogTemp: BranchPath = LCIVAN-238-00/C/Program Files/Epic Games/UE_4.16/Engine/Binaries --- GameBranchPath = LCIVAN-238-00/C/Program Files/Epic Games/UE_4.16/Engine/Binaries
[2017.11.26-22.48.34:000][  0]LogTemp: IPP ERROR: Could not find provision directory 'C:\Users\studentuser\AppData\Local/Apple Computer/MobileDevice/Provisioning Profiles/'.
[2017.11.26-22.48.34:000][  0]LogSlate: Took 0.000125 seconds to synchronously load lazily loaded font '../../../Engine/Content/Slate/Fonts/Roboto-Regular.ttf' (155K)
[2017.11.26-22.48.34:234][  0]LogSlate: Took 0.000359 seconds to synchronously load lazily loaded font '../../../Engine/Content/Slate/Fonts/Roboto-Bold.ttf' (160K)
[2017.11.26-22.48.34:238][  0]LogSlate: Took 0.000265 seconds to synchronously load lazily loaded font '../../../Engine/Content/Editor/Slate/Fonts/FontAwesome.ttf' (139K)
[2017.11.26-22.48.34:239][  0]LogSlate: Took 0.000091 seconds to synchronously load lazily loaded font '../../../Engine/Content/Editor/Slate/Fonts/DroidSansMono.ttf' (77K)
[2017.11.26-22.48.34:323][  0]LogRenderer: Reallocating scene render targets to support 1196x576 NumSamples 1 (Frame:1).
[2017.11.26-22.48.34:424][  0]LogUObjectGlobals:Warning: Failed to find object 'Class None.'
[2017.11.26-22.48.34:477][  0]LogContentBrowser: Native class hierarchy updated for 'HierarchicalLODOutliner' in 0.0004 seconds. Added 1 classes and 2 folders.
[2017.11.26-22.48.34:477][  0]LogLoad: (Engine Initialization) Total time: 25.84 seconds
[2017.11.26-22.48.34:477][  0]LogLoad: (Engine Initialization) Total Blueprint compile time: 0.71 seconds
[2017.11.26-22.48.34:477][  0]LogExternalProfiler: Found external profiler: VSPerf
[2017.11.26-22.48.34:478][  0]LogExternalProfiler: Using external profiler: VSPerf
[2017.11.26-22.48.34:489][  0]LogOcInput: OculusInput pre-init called
[2017.11.26-22.48.34:489][  0]LogHMD: Starting GearVRController plugin
[2017.11.26-22.48.34:511][  0]LogAssetRegistry: Asset discovery search completed in 20.3685 seconds
[2017.11.26-22.48.34:513][  0]LogCollectionManager: Rebuilt the object cache for 0 collections in 0.000000 seconds (found 0 objects)
[2017.11.26-22.48.34:513][  0]LogCollectionManager: Fixed up redirectors for 0 collections in 0.000167 seconds (updated 0 objects)
[2017.11.26-22.48.34:517][  0]LogContentStreaming: Texture pool size now 1000 MB
[2017.11.26-22.48.35:525][102]LogSlate: Took 0.000238 seconds to synchronously load lazily loaded font '../../../Engine/Content/Slate/Fonts/Roboto-Light.ttf' (159K)
[2017.11.26-22.48.40:871][720]LogSlate: Took 0.000126 seconds to synchronously load lazily loaded font '../../../Engine/Content/Slate/Fonts/Roboto-Light.ttf' (159K)
[2017.11.26-22.48.43:104][972]LogAudioDerivedData:Display: Building compressed audio format OGG wave Arrow_Impact_bamboo_1...
[2017.11.26-22.48.43:131][972]LogAudioDerivedData:Display: Building compressed audio format OGG wave Arrow_Impact_bamboo_2...
[2017.11.26-22.48.43:149][972]LogAudioDerivedData:Display: Building compressed audio format OGG wave Arrow_Impact_bamboo_3...
[2017.11.26-22.48.43:170][972]LogAudioDerivedData:Display: Building compressed audio format OGG wave Arrow_Impact_bamboo_4...
[2017.11.26-22.48.43:197][972]LogAudioDerivedData:Display: Building compressed audio format OGG wave Arrow_Impact_Bamboo_5...
[2017.11.26-22.48.43:274][972]LogAudioDerivedData:Display: Building compressed audio format OGG wave Arrow_impact_dowel_6...
[2017.11.26-22.48.43:666][983]LogScriptCore:Warning: Script Msg: Attempted to access index 0 from array CallFunc_GetAllActorsOfClass_OutActors of length 0!
[2017.11.26-22.48.43:666][983]LogScript:Warning: Accessed None trying to read property CallFunc_Array_Get_Item
	BP_ArcherAIArrow_C /Engine/Transient.World_5:PersistentLevel.BP_ArcherAIArrow_C_0
	Function /Game/Vive/Blueprints/AI/BP_ArcherAIArrow.BP_ArcherAIArrow_C:UserConstructionScript:00C8
[2017.11.26-22.48.43:667][983]LogScript:Warning: Accessed None
	BP_ArcherAIArrow_C /Engine/Transient.World_5:PersistentLevel.BP_ArcherAIArrow_C_0
	Function /Game/Vive/Blueprints/AI/BP_ArcherAIArrow.BP_ArcherAIArrow_C:UserConstructionScript:00DD
[2017.11.26-22.48.44:928][117]LogSlate: Took 0.000138 seconds to synchronously load lazily loaded font '../../../Engine/Content/Slate/Fonts/Roboto-Light.ttf' (159K)
[2017.11.26-22.48.45:359][117]LogMaterial: Missing cached shader map for material M_SkyBox, compiling. 
[2017.11.26-22.48.45:673][118]LogRenderer: Reallocating scene render targets to support 1432x924 NumSamples 1 (Frame:1).
[2017.11.26-22.49.39:722][643]Cmd: MAP LOAD FILE="../../../Engine/Content/Maps/Templates/Template_Default.umap" TEMPLATE=1 SHOWPROGRESS=1 FEATURELEVEL=3
[2017.11.26-22.49.39:746][643]LightingResults: New page: Lighting Build
[2017.11.26-22.49.39:747][643]LoadErrors: New page: Loading map: Template_Default.umap
[2017.11.26-22.49.39:758][643]MapCheck: New page: Map Check
[2017.11.26-22.49.39:758][643]LightingResults: New page: Lighting Build
[2017.11.26-22.49.39:802][643]LogAIModule: Creating AISystem for world Untitled_1
[2017.11.26-22.49.39:817][643]LogActorComponent: RegisterComponentWithWorld: (/Temp/Untitled_1.Untitled_1:PersistentLevel.WorldSettings_1.StaticMeshComponent0) Trying to register component with IsPendingKill() == true. Aborting.
[2017.11.26-22.49.39:823][643]LogEditorServer: Finished looking for orphan Actors (0.000 secs)
[2017.11.26-22.49.39:837][643]Cmd: MAP CHECKDEP NOCLEARLOG
[2017.11.26-22.49.39:883][643]MapCheck: Info Map check complete: 0 Error(s), 0 Warning(s), took 45.736ms to complete.
[2017.11.26-22.49.39:883][643]LogFileHelpers: Loading map 'Template_Default' took 0.161
[2017.11.26-22.49.41:343][804]LogActorFactory: Actor Factory created AI_Arrow
[2017.11.26-22.49.41:746][850]LogActorFactory: Actor Factory created AI_Arrow
[2017.11.26-22.49.59:053][105]LogFbx:Warning: FBX version number for this version of the FBX SDK is 7.5.0


[2017.11.26-22.53.30:780][262]Cmd: BRUSH ADD SELECTNEWBRUSH
[2017.11.26-22.53.34:584][701]Cmd: CAMERA ALIGN ACTIVEVIEWPORTONLY
[2017.11.26-22.53.39:635][279]LogEditorViewport: Clicking on Actor (LMB): StaticMeshActor (Floor)
[2017.11.26-22.53.41:905][515]LogEditorViewport: Clicking on Actor (LMB): Brush (Cylinder Brush)
[2017.11.26-22.54.12:868][ 87]LogEditorViewport: Clicking on Actor (LMB): StaticMeshActor (Floor)
[2017.11.26-22.54.17:755][638]LogEditorViewport: Clicking on Actor (LMB): Brush (Cylinder Brush)
[2017.11.26-22.54.32:792][393]LogPhysics:Warning: FDerivedDataPhysXCooker::BuildTriMesh: Triangle data from '/Temp/Untitled_1.Untitled_1:PersistentLevel.ModelComponent_12' invalid (48 verts, 0 indices).
[2017.11.26-22.54.49:417][349]LogPhysics:Warning: FDerivedDataPhysXCooker::BuildTriMesh: Triangle data from '/Temp/Untitled_1.Untitled_1:PersistentLevel.ModelComponent_13' invalid (48 verts, 0 indices).
[2017.11.26-22.54.52:635][698]LogPhysics:Warning: FDerivedDataPhysXCooker::BuildTriMesh: Triangle data from '/Temp/Untitled_1.Untitled_1:PersistentLevel.ModelComponent_14' invalid (48 verts, 0 indices).
[2017.11.26-22.55.05:235][154]Cmd: TRANSACTION UNDO
[2017.11.26-22.55.05:235][154]LogEditorTransaction: Undo Move Actors
[2017.11.26-22.55.26:330][606]LogEditorViewport: Clicking on Actor (LMB): StaticMeshActor (Floor)
[2017.11.26-22.56.59:115][353]Cmd: CAMERA ALIGN ACTIVEVIEWPORTONLY
[2017.11.26-22.57.00:062][449]Cmd: CAMERA ALIGN ACTIVEVIEWPORTONLY
[2017.11.26-22.57.05:639][993]LogEditorViewport: Clicking Background
[2017.11.26-22.57.09:465][443]LogEditorViewport: Clicking on Actor (LMB): Brush (Cylinder Brush)
[2017.11.26-22.57.20:666][636]LogEditorViewport: Clicking Background
[2017.11.26-22.57.38:335][713]LogEditorViewport: Clicking Background
[2017.11.26-22.57.43:475][288]LogEditorViewport: Clicking on Actor (LMB): Brush (Cylinder Brush)
[2017.11.26-23.00.37:769][702]LogEditorViewport: Clicking Background
[2017.11.26-23.01.28:514][696]LogEditorViewport: Clicking on Actor (LMB): Brush (Cylinder Brush)
[2017.11.26-23.01.44:086][343]Cmd: CAMERA ALIGN ACTIVEVIEWPORTONLY
[2017.11.26-23.01.46:315][562]LogEditorViewport: Clicking Background
[2017.11.26-23.01.53:714][429]LogEditorViewport: Clicking on Actor (LMB): Brush (Cylinder Brush)
[2017.11.26-23.02.08:311][867]LogEditorViewport: Clicking Background
[2017.11.26-23.02.23:549][660]LogEditorViewport: Clicking on Actor (context menu): Brush (Cylinder Brush)
[2017.11.26-23.02.24:333][740]LogEditorViewport: Clicking Background
[2017.11.26-23.12.03:590][288]Cmd: QUIT_EDITOR
[2017.11.26-23.12.03:637][288]LogWindowsTextInputMethodSystem:Display: IME system now deactivated.
[2017.11.26-23.12.03:646][288]LogExit: Preparing to exit.
[2017.11.26-23.12.04:692][288]LogExit: Editor shut down
[2017.11.26-23.12.04:694][288]LogExit: Transaction tracking system shut down
[2017.11.26-23.12.04:754][288]LogObj: Freed 0b from 0 cluster array pools.
[2017.11.26-23.12.04:754][288]LogExit: Object subsystem successfully closed.
[2017.11.26-23.12.04:773][288]LogD3D11RHI: Shutdown
[2017.11.26-23.12.04:773][288]LogD3D11RHI: CleanupD3DDevice
[2017.11.26-23.12.04:857][288]LogD3D11RHI: ~FD3D11DynamicRHI
[2017.11.26-23.12.04:867][288]LogModuleManager: Shutting down and abandoning module NewLevelDialog (532)
[2017.11.26-23.12.04:867][288]LogModuleManager: Shutting down and abandoning module StaticMeshEditor (530)
[2017.11.26-23.12.04:867][288]LogModuleManager: Shutting down and abandoning module HierarchicalLODOutliner (528)
[2017.11.26-23.12.04:867][288]LogModuleManager: Shutting down and abandoning module ExternalImagePicker (526)
[2017.11.26-23.12.04:867][288]LogModuleManager: Shutting down and abandoning module CrashTracker (524)
[2017.11.26-23.12.04:867][288]LogModuleManager: Shutting down and abandoning module SceneOutliner (522)
[2017.11.26-23.12.04:867][288]LogModuleManager: Shutting down and abandoning module AddContentDialog (520)
[2017.11.26-23.12.04:867][288]LogDirectoryWatcher: A directory notification for 'C:/Program Files/Epic Games/UE_4.16/FeaturePacks/' was aborted.
[2017.11.26-23.12.04:867][288]LogModuleManager: Shutting down and abandoning module WidgetCarousel (519)
[2017.11.26-23.12.04:867][288]LogModuleManager: Shutting down and abandoning module EditorWidgets (516)
[2017.11.26-23.12.04:867][288]LogModuleManager: Shutting down and abandoning module CollectionManager (514)
[2017.11.26-23.12.04:867][288]LogDirectoryWatcher: A directory notification for 'D:/CastleGuardCurrent/CastleGuardPhase2/CastleGuardReborn/Content/Collections/' was aborted.
[2017.11.26-23.12.04:867][288]LogDirectoryWatcher: A directory notification for 'D:/CastleGuardCurrent/CastleGuardPhase2/CastleGuardReborn/Content/Developers/studentuser/Collections/' was aborted.
[2017.11.26-23.12.04:867][288]LogDirectoryWatcher: A directory notification for 'D:/CastleGuardCurrent/CastleGuardPhase2/CastleGuardReborn/Saved/Collections/' was aborted.
[2017.11.26-23.12.04:867][288]LogModuleManager: Shutting down and abandoning module WorldBrowser (512)
[2017.11.26-23.12.04:867][288]LogModuleManager: Shutting down and abandoning module StatsViewer (510)
[2017.11.26-23.12.04:867][288]LogModuleManager: Shutting down and abandoning module FoliageEdit (508)
[2017.11.26-23.12.04:867][288]LogModuleManager: Shutting down and abandoning module LandscapeEditor (506)
[2017.11.26-23.12.04:868][288]LogModuleManager: Shutting down and abandoning module MeshPaintMode (504)
[2017.11.26-23.12.04:868][288]LogModuleManager: Shutting down and abandoning module SceneDepthPickerMode (502)
[2017.11.26-23.12.04:868][288]LogModuleManager: Shutting down and abandoning module ActorPickerMode (500)
[2017.11.26-23.12.04:868][288]LogModuleManager: Shutting down and abandoning module GeometryMode (498)
[2017.11.26-23.12.04:868][288]LogModuleManager: Shutting down and abandoning module TextureAlignMode (496)
[2017.11.26-23.12.04:868][288]LogModuleManager: Shutting down and abandoning module BspMode (494)
[2017.11.26-23.12.04:868][288]LogModuleManager: Shutting down and abandoning module HardwareSurvey (492)
[2017.11.26-23.12.04:868][288]LogModuleManager: Shutting down and abandoning module SequenceRecorderSections (490)
[2017.11.26-23.12.04:868][288]LogModuleManager: Shutting down and abandoning module AutomationWorker (488)
[2017.11.26-23.12.04:868][288]LogModuleManager: Shutting down and abandoning module MatineeToLevelSequence (486)
[2017.11.26-23.12.04:868][288]LogModuleManager: Shutting down and abandoning module LevelSequenceEditor (484)
[2017.11.26-23.12.04:868][288]LogModuleManager: Shutting down and abandoning module PlacementMode (483)
[2017.11.26-23.12.04:868][288]LogModuleManager: Shutting down and abandoning module WmfMediaFactory (480)
[2017.11.26-23.12.04:868][288]LogModuleManager: Shutting down and abandoning module WmfMediaEditor (478)
[2017.11.26-23.12.04:868][288]LogModuleManager: Shutting down and abandoning module AvfMediaFactory (476)
[2017.11.26-23.12.04:868][288]LogModuleManager: Shutting down and abandoning module AvfMediaEditor (474)
[2017.11.26-23.12.04:868][288]LogModuleManager: Shutting down and abandoning module AndroidMediaFactory (472)
[2017.11.26-23.12.04:868][288]LogModuleManager: Shutting down and abandoning module Media (471)
[2017.11.26-23.12.04:868][288]LogModuleManager: Shutting down and abandoning module AndroidMediaEditor (468)
[2017.11.26-23.12.04:868][288]LogModuleManager: Shutting down and abandoning module CharacterAI (466)
[2017.11.26-23.12.04:868][288]LogModuleManager: Shutting down and abandoning module AudioCapture (464)
[2017.11.26-23.12.04:868][288]LogModuleManager: Shutting down and abandoning module SequenceRecorder (463)
[2017.11.26-23.12.04:868][288]LogModuleManager: Shutting down and abandoning module SmartSnapping (460)
[2017.11.26-23.12.04:868][288]LogModuleManager: Shutting down and abandoning module SessionServices (458)
[2017.11.26-23.12.04:868][288]LogModuleManager: Shutting down and abandoning module ViewportSnapping (456)
[2017.11.26-23.12.04:868][288]LogModuleManager: Shutting down and abandoning module ViewportInteraction (454)
[2017.11.26-23.12.04:868][288]LogModuleManager: Shutting down and abandoning module ClothPainter (452)
[2017.11.26-23.12.04:868][288]LogModuleManager: Shutting down and abandoning module LogVisualizer (450)
[2017.11.26-23.12.04:868][288]LogModuleManager: Shutting down and abandoning module IntroTutorials (448)
[2017.11.26-23.12.04:868][288]LogModuleManager: Shutting down and abandoning module GameProjectGeneration (447)
[2017.11.26-23.12.04:868][288]LogModuleManager: Shutting down and abandoning module EditorLiveStreaming (444)
[2017.11.26-23.12.04:868][288]LogModuleManager: Shutting down and abandoning module IOSPlatformEditor (442)
[2017.11.26-23.12.04:868][288]LogModuleManager: Shutting down and abandoning module HTML5PlatformEditor (440)
[2017.11.26-23.12.04:868][288]LogModuleManager: Shutting down and abandoning module AndroidPlatformEditor (438)
[2017.11.26-23.12.04:868][288]LogModuleManager: Shutting down and abandoning module AndroidDeviceDetection (437)
[2017.11.26-23.12.05:201][288]LogModuleManager: Shutting down and abandoning module IOSRuntimeSettings (434)
[2017.11.26-23.12.05:201][288]LogModuleManager: Shutting down and abandoning module AndroidRuntimeSettings (432)
[2017.11.26-23.12.05:201][288]LogModuleManager: Shutting down and abandoning module InputBindingEditor (430)
[2017.11.26-23.12.05:201][288]LogModuleManager: Shutting down and abandoning module MergeActors (428)
[2017.11.26-23.12.05:201][288]LogModuleManager: Shutting down and abandoning module SizeMap (426)
[2017.11.26-23.12.05:201][288]LogModuleManager: Shutting down and abandoning module TreeMap (424)
[2017.11.26-23.12.05:201][288]LogModuleManager: Shutting down and abandoning module ReferenceViewer (422)
[2017.11.26-23.12.05:201][288]LogModuleManager: Shutting down and abandoning module LocalizationDashboard (420)
[2017.11.26-23.12.05:201][288]LogModuleManager: Shutting down and abandoning module LocalizationService (419)
[2017.11.26-23.12.05:201][288]LogModuleManager: Shutting down and abandoning module HardwareTargeting (416)
[2017.11.26-23.12.05:201][288]LogModuleManager: Shutting down and abandoning module DeviceProfileEditor (414)
[2017.11.26-23.12.05:201][288]LogModuleManager: Shutting down and abandoning module UndoHistory (412)
[2017.11.26-23.12.05:201][288]LogModuleManager: Shutting down and abandoning module UserFeedback (410)
[2017.11.26-23.12.05:201][288]LogModuleManager: Shutting down and abandoning module XmlParser (408)
[2017.11.26-23.12.05:201][288]LogModuleManager: Shutting down and abandoning module Blutility (406)
[2017.11.26-23.12.05:201][288]LogModuleManager: Shutting down and abandoning module ProjectSettingsViewer (404)
[2017.11.26-23.12.05:201][288]LogModuleManager: Shutting down and abandoning module ProjectTargetPlatformEditor (403)
[2017.11.26-23.12.05:201][288]LogModuleManager: Shutting down and abandoning module EditorSettingsViewer (400)
[2017.11.26-23.12.05:201][288]LogModuleManager: Shutting down and abandoning module SettingsEditor (398)
[2017.11.26-23.12.05:201][288]LogModuleManager: Shutting down and abandoning module ProjectLauncher (396)
[2017.11.26-23.12.05:201][288]LogModuleManager: Shutting down and abandoning module SessionFrontend (394)
[2017.11.26-23.12.05:201][288]LogModuleManager: Shutting down and abandoning module ProfilerClient (392)
[2017.11.26-23.12.05:201][288]LogModuleManager: Shutting down and abandoning module DeviceManager (390)
[2017.11.26-23.12.05:201][288]LogModuleManager: Shutting down and abandoning module TargetDeviceServices (389)
[2017.11.26-23.12.05:265][288]LogModuleManager: Shutting down and abandoning module AutomationController (386)
[2017.11.26-23.12.05:265][288]LogModuleManager: Shutting down and abandoning module AutomationWindow (384)
[2017.11.26-23.12.05:265][288]LogModuleManager: Shutting down and abandoning module Layers (382)
[2017.11.26-23.12.05:265][288]LogModuleManager: Shutting down and abandoning module ComponentVisualizers (380)
[2017.11.26-23.12.05:265][288]LogModuleManager: Shutting down and abandoning module DetailCustomizations (378)
[2017.11.26-23.12.05:265][288]LogModuleManager: Shutting down and abandoning module PackagesDialog (376)
[2017.11.26-23.12.05:265][288]LogModuleManager: Shutting down and abandoning module Persona (374)
[2017.11.26-23.12.05:266][288]LogModuleManager: Shutting down and abandoning module AdvancedPreviewScene (373)
[2017.11.26-23.12.05:266][288]LogModuleManager: Shutting down and abandoning module AnimGraph (371)
[2017.11.26-23.12.05:266][288]LogModuleManager: Shutting down and abandoning module Kismet (368)
[2017.11.26-23.12.05:268][288]LogModuleManager: Shutting down and abandoning module ClassViewer (366)
[2017.11.26-23.12.05:268][288]LogModuleManager: Shutting down and abandoning module Toolbox (364)
[2017.11.26-23.12.05:268][288]LogModuleManager: Shutting down and abandoning module ModuleUI (362)
[2017.11.26-23.12.05:268][288]LogModuleManager: Shutting down and abandoning module MovieSceneTools (360)
[2017.11.26-23.12.05:268][288]LogModuleManager: Shutting down and abandoning module OutputLog (358)
[2017.11.26-23.12.05:268][288]LogModuleManager: Shutting down and abandoning module GammaUI (356)
[2017.11.26-23.12.05:268][288]LogModuleManager: Shutting down and abandoning module Documentation (354)
[2017.11.26-23.12.05:268][288]LogModuleManager: Shutting down and abandoning module MovieSceneTracks (352)
[2017.11.26-23.12.05:268][288]LogModuleManager: Shutting down and abandoning module MovieScene (350)
[2017.11.26-23.12.05:268][288]LogModuleManager: Shutting down and abandoning module Niagara (348)
[2017.11.26-23.12.05:268][288]LogModuleManager: Shutting down and abandoning module NiagaraEditor (347)
[2017.11.26-23.12.05:268][288]LogModuleManager: Shutting down and abandoning module StreamingPauseRendering (344)
[2017.11.26-23.12.05:268][288]LogModuleManager: Shutting down and abandoning module AnalyticsET (342)
[2017.11.26-23.12.05:268][288]LogModuleManager: Shutting down and abandoning module PortalServices (340)
[2017.11.26-23.12.05:268][288]LogModuleManager: Shutting down and abandoning module PortalRpc (338)
[2017.11.26-23.12.05:268][288]LogModuleManager: Shutting down and abandoning module MessagingRpc (336)
[2017.11.26-23.12.05:268][288]LogModuleManager: Shutting down and abandoning module AIModule (334)
[2017.11.26-23.12.05:268][288]LogModuleManager: Shutting down and abandoning module GameplayDebugger (333)
[2017.11.26-23.12.05:268][288]LogModuleManager: Shutting down and abandoning module AITestSuite (331)
[2017.11.26-23.12.05:268][288]LogModuleManager: Shutting down and abandoning module ProfilerService (328)
[2017.11.26-23.12.05:386][288]LogModuleManager: Shutting down and abandoning module TaskGraph (326)
[2017.11.26-23.12.05:386][288]LogModuleManager: Shutting down and abandoning module SteamVRController (324)
[2017.11.26-23.12.05:386][288]LogModuleManager: Shutting down and abandoning module SteamVR (322)
[2017.11.26-23.12.05:386][288]LogModuleManager: Shutting down and abandoning module ProceduralMeshComponentEditor (320)
[2017.11.26-23.12.05:386][288]LogModuleManager: Shutting down and abandoning module ProceduralMeshComponent (318)
[2017.11.26-23.12.05:386][288]LogModuleManager: Shutting down and abandoning module OculusLibrary (316)
[2017.11.26-23.12.05:386][288]LogModuleManager: Shutting down and abandoning module OculusInput (314)
[2017.11.26-23.12.05:386][288]LogModuleManager: Shutting down and abandoning module MobilePatchingUtils (312)
[2017.11.26-23.12.05:386][288]LogModuleManager: Shutting down and abandoning module CustomMeshComponent (310)
[2017.11.26-23.12.05:386][288]LogModuleManager: Shutting down and abandoning module CableComponent (308)
[2017.11.26-23.12.05:386][288]LogModuleManager: Shutting down and abandoning module ArchVisCharacter (306)
[2017.11.26-23.12.05:386][288]LogModuleManager: Shutting down and abandoning module AndroidPermission (304)
[2017.11.26-23.12.05:386][288]LogModuleManager: Shutting down and abandoning module MediaPlayerEditor (300)
[2017.11.26-23.12.05:386][288]LogModuleManager: Shutting down and abandoning module HTML5Networking (298)
[2017.11.26-23.12.05:386][288]LogModuleManager: Shutting down and abandoning module AlembicImporter (296)
[2017.11.26-23.12.05:386][288]LogModuleManager: Shutting down and abandoning module AlembicLibrary (295)
[2017.11.26-23.12.05:386][288]LogModuleManager: Shutting down and abandoning module GeometryCache (294)
[2017.11.26-23.12.05:386][288]LogModuleManager: Shutting down and abandoning module GeometryCacheEd (293)
[2017.11.26-23.12.05:386][288]LogModuleManager: Shutting down and abandoning module SuperSearchEditor (288)
[2017.11.26-23.12.05:386][288]LogModuleManager: Shutting down and abandoning module SuperSearch (287)
[2017.11.26-23.12.05:386][288]LogModuleManager: Shutting down and abandoning module SpeedTreeImporter (284)
[2017.11.26-23.12.05:386][288]LogModuleManager: Shutting down and abandoning module PluginBrowser (282)
[2017.11.26-23.12.05:386][288]LogModuleManager: Shutting down and abandoning module MobileLauncherProfileWizard (280)
[2017.11.26-23.12.05:386][288]LogModuleManager: Shutting down and abandoning module VisualStudioSourceCodeAccess (278)
[2017.11.26-23.12.05:386][288]LogModuleManager: Shutting down and abandoning module DesktopPlatform (277)
[2017.11.26-23.12.05:386][288]LogModuleManager: Shutting down and abandoning module UObjectPlugin (274)
[2017.11.26-23.12.05:386][288]LogModuleManager: Shutting down and abandoning module SubversionSourceControl (272)
[2017.11.26-23.12.05:386][288]LogModuleManager: Shutting down and abandoning module PerforceSourceControl (270)
[2017.11.26-23.12.05:386][288]LogModuleManager: Shutting down and abandoning module GitSourceControl (268)
[2017.11.26-23.12.05:386][288]LogModuleManager: Shutting down and abandoning module SourceControl (267)
[2017.11.26-23.12.05:386][288]LogModuleManager: Shutting down and abandoning module LightPropagationVolumeEditor (264)
[2017.11.26-23.12.05:386][288]LogModuleManager: Shutting down and abandoning module PaperTiledImporter (262)
[2017.11.26-23.12.05:386][288]LogModuleManager: Shutting down and abandoning module PaperSpriteSheetImporter (260)
[2017.11.26-23.12.05:386][288]LogModuleManager: Shutting down and abandoning module Paper2DEditor (258)
[2017.11.26-23.12.05:386][288]LogModuleManager: Shutting down and abandoning module MeshPaint (257)
[2017.11.26-23.12.05:386][288]LogModuleManager: Shutting down and abandoning module LevelEditor (255)
[2017.11.26-23.12.05:387][288]LogModuleManager: Shutting down and abandoning module PixelInspectorModule (254)
[2017.11.26-23.12.05:387][288]LogModuleManager: Shutting down and abandoning module MainFrame (252)
[2017.11.26-23.12.05:387][288]LogModuleManager: Shutting down and abandoning module HotReload (251)
[2017.11.26-23.12.05:387][288]LogModuleManager: Shutting down and abandoning module PhysXVehiclesEditor (246)
[2017.11.26-23.12.05:387][288]LogModuleManager: Shutting down and abandoning module PhysXVehicles (244)
[2017.11.26-23.12.05:387][288]LogModuleManager: Shutting down and abandoning module LocationServicesBPLibrary (242)
[2017.11.26-23.12.05:387][288]LogModuleManager: Shutting down and abandoning module ImmediatePhysicsEditor (240)
[2017.11.26-23.12.05:387][288]LogModuleManager: Shutting down and abandoning module ImmediatePhysics (238)
[2017.11.26-23.12.05:387][288]LogModuleManager: Shutting down and abandoning module UdpMessaging (236)
[2017.11.26-23.12.05:488][288]LogModuleManager: Shutting down and abandoning module TcpMessaging (234)
[2017.11.26-23.12.05:589][288]LogModuleManager: Shutting down and abandoning module GameplayTagsEditor (232)
[2017.11.26-23.12.05:589][288]LogModuleManager: Shutting down and abandoning module FacialAnimationEditor (230)
[2017.11.26-23.12.05:589][288]LogModuleManager: Shutting down and abandoning module FacialAnimation (228)
[2017.11.26-23.12.05:589][288]LogModuleManager: Shutting down and abandoning module AssetManagerEditor (226)
[2017.11.26-23.12.05:589][288]LogModuleManager: Shutting down and abandoning module GraphEditor (225)
[2017.11.26-23.12.05:589][288]LogModuleManager: Shutting down and abandoning module ContentBrowser (223)
[2017.11.26-23.12.05:589][288]LogModuleManager: Shutting down and abandoning module LightPropagationVolumeRuntime (220)
[2017.11.26-23.12.05:589][288]LogModuleManager: Shutting down and abandoning module Paper2D (218)
[2017.11.26-23.12.05:589][288]LogModuleManager: Shutting down and abandoning module WindowsMoviePlayer (216)
[2017.11.26-23.12.05:589][288]LogModuleManager: Shutting down and abandoning module WmfMedia (214)
[2017.11.26-23.12.05:589][288]LogModuleManager: Shutting down and abandoning module ClothingSystemEditor (212)
[2017.11.26-23.12.05:589][288]LogModuleManager: Shutting down and abandoning module ClothingSystemRuntime (210)
[2017.11.26-23.12.05:589][288]LogModuleManager: Shutting down and abandoning module MediaAssets (208)
[2017.11.26-23.12.05:589][288]LogModuleManager: Shutting down and abandoning module GameLiveStreaming (206)
[2017.11.26-23.12.05:589][288]LogModuleManager: Shutting down and abandoning module VREditor (204)
[2017.11.26-23.12.05:589][288]LogModuleManager: Shutting down and abandoning module StringTableEditor (202)
[2017.11.26-23.12.05:589][288]LogModuleManager: Shutting down and abandoning module GameplayTasksEditor (200)
[2017.11.26-23.12.05:589][288]LogModuleManager: Shutting down and abandoning module BehaviorTreeEditor (198)
[2017.11.26-23.12.05:589][288]LogModuleManager: Shutting down and abandoning module FunctionalTesting (196)
[2017.11.26-23.12.05:589][288]LogModuleManager: Shutting down and abandoning module CollisionAnalyzer (194)
[2017.11.26-23.12.05:589][288]LogModuleManager: Shutting down and abandoning module UMG (192)
[2017.11.26-23.12.05:590][288]LogModuleManager: Shutting down and abandoning module UMGEditor (191)
[2017.11.26-23.12.05:590][288]LogModuleManager: Shutting down and abandoning module Sequencer (190)
[2017.11.26-23.12.05:590][288]LogModuleManager: Shutting down and abandoning module AssetTools (188)
[2017.11.26-23.12.05:590][288]LogModuleManager: Shutting down and abandoning module MessageLog (187)
[2017.11.26-23.12.05:590][288]LogModuleManager: Shutting down and abandoning module WorkspaceMenuStructure (186)
[2017.11.26-23.12.05:590][288]LogModuleManager: Shutting down and abandoning module SlateReflector (180)
[2017.11.26-23.12.05:590][288]LogModuleManager: Shutting down and abandoning module Slate (178)
[2017.11.26-23.12.05:590][288]LogModuleManager: Shutting down and abandoning module EditorStyle (176)
[2017.11.26-23.12.05:592][288]LogModuleManager: Shutting down and abandoning module SourceCodeAccess (174)
[2017.11.26-23.12.05:592][288]LogModuleManager: Shutting down and abandoning module HeadMountedDisplay (172)
[2017.11.26-23.12.05:592][288]LogModuleManager: Shutting down and abandoning module XAudio2 (170)
[2017.11.26-23.12.05:592][288]LogModuleManager: Shutting down and abandoning module Networking (168)
[2017.11.26-23.12.05:592][288]LogModuleManager: Shutting down and abandoning module Core (164)
[2017.11.26-23.12.05:592][288]LogModuleManager: Shutting down and abandoning module AssetRegistry (162)
[2017.11.26-23.12.05:680][288]LogDirectoryWatcher: A directory notification for '../../../Engine/Content/' was aborted.
[2017.11.26-23.12.05:680][288]LogDirectoryWatcher: A directory notification for 'D:/CastleGuardCurrent/CastleGuardPhase2/CastleGuardReborn/Content/' was aborted.
[2017.11.26-23.12.05:680][288]LogDirectoryWatcher: A directory notification for '../../../Engine/Plugins/2D/Paper2D/Content/' was aborted.
[2017.11.26-23.12.05:680][288]LogDirectoryWatcher: A directory notification for '../../../Engine/Plugins/Runtime/GearVR/Content/' was aborted.
[2017.11.26-23.12.05:682][288]LogModuleManager: Shutting down and abandoning module DirectoryWatcher (161)
[2017.11.26-23.12.05:683][288]LogModuleManager: Shutting down and abandoning module KismetCompiler (158)
[2017.11.26-23.12.05:683][288]LogModuleManager: Shutting down and abandoning module LevelSequence (156)
[2017.11.26-23.12.05:683][288]LogModuleManager: Shutting down and abandoning module PhysXFormats (154)
[2017.11.26-23.12.05:683][288]LogModuleManager: Shutting down and abandoning module MeshUtilities (152)
[2017.11.26-23.12.05:683][288]LogModuleManager: Shutting down and abandoning module SimplygonSwarm (151)
[2017.11.26-23.12.05:683][288]LogModuleManager: Shutting down and abandoning module SimplygonMeshReduction (149)
[2017.11.26-23.12.05:683][288]LogModuleManager: Shutting down and abandoning module QuadricMeshReduction (147)
[2017.11.26-23.12.05:683][288]LogModuleManager: Shutting down and abandoning module DerivedDataCache (144)
[2017.11.26-23.12.05:730][288]LogDerivedDataCache: Shutdown
[2017.11.26-23.12.05:730][288]LogModuleManager: Shutting down and abandoning module TargetPlatform (142)
[2017.11.26-23.12.05:730][288]LogModuleManager: Shutting down and abandoning module VulkanShaderFormat (141)
[2017.11.26-23.12.05:730][288]LogModuleManager: Shutting down and abandoning module ShaderFormatVectorVM (139)
[2017.11.26-23.12.05:730][288]LogModuleManager: Shutting down and abandoning module ShaderFormatOpenGL (137)
[2017.11.26-23.12.05:730][288]LogModuleManager: Shutting down and abandoning module ShaderFormatD3D (135)
[2017.11.26-23.12.05:730][288]LogModuleManager: Shutting down and abandoning module MetalShaderFormat (133)
[2017.11.26-23.12.05:730][288]LogModuleManager: Shutting down and abandoning module TextureFormatUncompressed (131)
[2017.11.26-23.12.05:730][288]LogModuleManager: Shutting down and abandoning module TextureFormatPVR (129)
[2017.11.26-23.12.05:730][288]LogModuleManager: Shutting down and abandoning module TextureFormatDXT (127)
[2017.11.26-23.12.05:730][288]LogModuleManager: Shutting down and abandoning module TextureFormatIntelISPCTexComp (125)
[2017.11.26-23.12.05:730][288]LogModuleManager: Shutting down and abandoning module TextureFormatASTC (123)
[2017.11.26-23.12.05:730][288]LogModuleManager: Shutting down and abandoning module ImageWrapper (122)
[2017.11.26-23.12.05:730][288]LogModuleManager: Shutting down and abandoning module TextureFormatAndroid (119)
[2017.11.26-23.12.05:730][288]LogModuleManager: Shutting down and abandoning module AudioFormatOpus (117)
[2017.11.26-23.12.05:730][288]LogModuleManager: Shutting down and abandoning module AudioFormatOgg (115)
[2017.11.26-23.12.05:730][288]LogModuleManager: Shutting down and abandoning module AudioFormatADPCM (113)
[2017.11.26-23.12.05:730][288]LogModuleManager: Shutting down and abandoning module LinuxTargetPlatform (111)
[2017.11.26-23.12.05:730][288]LogModuleManager: Shutting down and abandoning module LinuxServerTargetPlatform (109)
[2017.11.26-23.12.05:730][288]LogModuleManager: Shutting down and abandoning module LinuxNoEditorTargetPlatform (107)
[2017.11.26-23.12.05:730][288]LogModuleManager: Shutting down and abandoning module LinuxClientTargetPlatform (105)
[2017.11.26-23.12.05:730][288]LogModuleManager: Shutting down and abandoning module TVOSTargetPlatform (103)
[2017.11.26-23.12.05:730][288]LogModuleManager: Shutting down and abandoning module Messaging (101)
[2017.11.26-23.12.05:730][288]LogModuleManager: Shutting down and abandoning module IOSTargetPlatform (99)
[2017.11.26-23.12.05:730][288]LogModuleManager: Shutting down and abandoning module HTML5TargetPlatform (97)
[2017.11.26-23.12.05:730][288]LogModuleManager: Shutting down and abandoning module Android_PVRTCTargetPlatform (95)
[2017.11.26-23.12.05:730][288]LogModuleManager: Shutting down and abandoning module Android_MultiTargetPlatform (93)
[2017.11.26-23.12.05:730][288]LogModuleManager: Shutting down and abandoning module Android_ETC2TargetPlatform (91)
[2017.11.26-23.12.05:730][288]LogModuleManager: Shutting down and abandoning module Android_ETC1TargetPlatform (89)
[2017.11.26-23.12.05:730][288]LogModuleManager: Shutting down and abandoning module Android_DXTTargetPlatform (87)
[2017.11.26-23.12.05:730][288]LogModuleManager: Shutting down and abandoning module Android_ATCTargetPlatform (85)
[2017.11.26-23.12.05:730][288]LogModuleManager: Shutting down and abandoning module Android_ASTCTargetPlatform (83)
[2017.11.26-23.12.05:730][288]LogModuleManager: Shutting down and abandoning module AndroidTargetPlatform (81)
[2017.11.26-23.12.05:730][288]LogModuleManager: Shutting down and abandoning module WindowsTargetPlatform (79)
[2017.11.26-23.12.05:730][288]LogModuleManager: Shutting down and abandoning module WindowsServerTargetPlatform (77)
[2017.11.26-23.12.05:730][288]LogModuleManager: Shutting down and abandoning module WindowsNoEditorTargetPlatform (75)
[2017.11.26-23.12.05:730][288]LogModuleManager: Shutting down and abandoning module WindowsClientTargetPlatform (73)
[2017.11.26-23.12.05:730][288]LogModuleManager: Shutting down and abandoning module MacTargetPlatform (71)
[2017.11.26-23.12.05:730][288]LogModuleManager: Shutting down and abandoning module MacServerTargetPlatform (69)
[2017.11.26-23.12.05:730][288]LogModuleManager: Shutting down and abandoning module MacNoEditorTargetPlatform (67)
[2017.11.26-23.12.05:730][288]LogModuleManager: Shutting down and abandoning module MacClientTargetPlatform (65)
[2017.11.26-23.12.05:730][288]LogModuleManager: Shutting down and abandoning module AllDesktopTargetPlatform (63)
[2017.11.26-23.12.05:730][288]LogModuleManager: Shutting down and abandoning module InputCore (60)
[2017.11.26-23.12.05:731][288]LogModuleManager: Shutting down and abandoning module Settings (58)
[2017.11.26-23.12.05:731][288]LogModuleManager: Shutting down and abandoning module OculusRift (56)
[2017.11.26-23.12.05:731][288]LogModuleManager: Shutting down and abandoning module GearVRController (54)
[2017.11.26-23.12.05:731][288]LogModuleManager: Shutting down and abandoning module GearVR (52)
[2017.11.26-23.12.05:731][288]LogModuleManager: Shutting down and abandoning module ExampleDeviceProfileSelector (50)
[2017.11.26-23.12.05:731][288]LogModuleManager: Shutting down and abandoning module OnlineBlueprintSupport (48)
[2017.11.26-23.12.05:731][288]LogModuleManager: Shutting down and abandoning module OnlineSubsystem (44)
[2017.11.26-23.12.05:731][288]LogOnline:Display: Unloading online subsystem: NULL
[2017.11.26-23.12.05:731][288]LogModuleManager: Shutting down and abandoning module XMPP (43)
[2017.11.26-23.12.05:731][288]LogModuleManager: Shutting down and abandoning module HTTP (41)
[2017.11.26-23.12.05:731][288]LogHttp:Display: Http module shutting down, but needs to wait on 1 outstanding Http requests:
[2017.11.26-23.12.05:731][288]LogHttp:Display: 	verb=[POST] url=[https://datarouter.ol.epicgames.com/datarouter/api/v1/public/data?SessionID=%7B08B77E33-4E2D-0B1E-9D09-DABAA4D3550D%7D&AppID=UEEditor.Rocket.Release&AppVersion=4.16.2-3514769%2B%2B%2BUE4%2BRelease-4.16&UserID=982011a7482c1cbdc2ce3cbeaef51dbe%7Ce0ca3295625c4184a95d26a3b9c858a2%7C70012bb2-c253-4297-934e-6257f569ac01&AppEnvironment=datacollector-binary&UploadType=eteventstream] status=Processing
[2017.11.26-23.12.05:759][288]LogModuleManager: Shutting down and abandoning module SSL (40)
[2017.11.26-23.12.05:759][288]LogModuleManager: Shutting down and abandoning module HTTPChunkInstaller (36)
[2017.11.26-23.12.05:759][288]LogModuleManager: Shutting down and abandoning module AnimationModifiers (34)
[2017.11.26-23.12.05:759][288]LogModuleManager: Shutting down and abandoning module PropertyEditor (33)
[2017.11.26-23.12.05:759][288]LogModuleManager: Shutting down and abandoning module AudioEditor (30)
[2017.11.26-23.12.05:759][288]LogModuleManager: Shutting down and abandoning module TextureCompressor (28)
[2017.11.26-23.12.05:759][288]LogModuleManager: Shutting down and abandoning module ShaderCore (26)
[2017.11.26-23.12.05:759][288]LogModuleManager: Shutting down and abandoning module Landscape (24)
[2017.11.26-23.12.05:759][288]LogModuleManager: Shutting down and abandoning module SlateRHIRenderer (22)
[2017.11.26-23.12.05:760][288]LogModuleManager: Shutting down and abandoning module OpenGLDrv (20)
[2017.11.26-23.12.05:760][288]LogModuleManager: Shutting down and abandoning module D3D11RHI (18)
[2017.11.26-23.12.05:760][288]LogModuleManager: Shutting down and abandoning module AnimGraphRuntime (16)
[2017.11.26-23.12.05:760][288]LogModuleManager: Shutting down and abandoning module Renderer (14)
[2017.11.26-23.12.05:760][288]LogModuleManager: Shutting down and abandoning module Engine (12)
[2017.11.26-23.12.05:760][288]LogModuleManager: Shutting down and abandoning module CoreUObject (10)
[2017.11.26-23.12.05:760][288]LogModuleManager: Shutting down and abandoning module NetworkFile (8)
[2017.11.26-23.12.05:760][288]LogModuleManager: Shutting down and abandoning module StreamingFile (6)
[2017.11.26-23.12.05:760][288]LogModuleManager: Shutting down and abandoning module SandboxFile (4)
[2017.11.26-23.12.05:760][288]LogModuleManager: Shutting down and abandoning module PakFile (2)
[2017.11.26-23.12.05:762][288]LogExit: Exiting.
[2017.11.26-23.12.05:785][288]Log file closed, 11/26/17 15:12:05
