Log file open, 11/10/17 13:51:18
LogInit:Display: Running engine for game: CastleGuardReborn
LogPlatformFile: Not using cached read wrapper
LogInit:Display: RandInit(1504126409) SRandInit(1504126409).
LogTaskGraph: Started task graph with 5 named threads and 8 total threads with 1 sets of task threads.
LogStats: Stats thread started at 0.797668
LogConfig:Warning: Failed to saved backup for config[Editor]
LogConfig:Warning: Failed to saved backup for config[EditorPerProjectUserSettings]
LogConfig:Warning: Failed to saved backup for config[EditorSettings]
LogConfig:Warning: Failed to saved backup for config[Compat]
LogConfig:Warning: Failed to saved backup for config[Scalability]
LogConfig:Warning: Failed to saved backup for config[GameUserSettings]
LogConfig:Warning: Failed to saved backup for config[Paper2D]
LogConfig:Warning: Failed to saved backup for config[SuperSearchEditor]
LogConfig:Warning: Failed to saved backup for config[OnlineSubsystemGooglePlay]
LogConfig:Warning: Failed to saved backup for config[ImmediatePhysics]
LogConfig:Warning: Failed to saved backup for config[LocationServicesBPLibrary]
LogConfig:Warning: Failed to saved backup for config[ProceduralMeshComponent]
LogConfig:Warning: Failed to saved backup for config[SteamVR]
LogConfig:Warning: Failed to saved backup for config[WindowsMoviePlayer]
LogInit: Using libcurl 7.47.1
LogInit:  - built for x86_64-pc-win32
LogInit:  - supports SSL with OpenSSL/1.0.2g
LogInit:  - supports HTTP deflate (compression) using libz 1.2.8
LogInit:  - other features:
LogInit:      CURL_VERSION_SSL
LogInit:      CURL_VERSION_LIBZ
LogInit:      CURL_VERSION_IPV6
LogInit:      CURL_VERSION_ASYNCHDNS
LogInit:      CURL_VERSION_LARGEFILE
LogInit:      CURL_VERSION_IDN
LogInit:  CurlRequestOptions (configurable via config and command line):
LogInit:  - bVerifyPeer = false  - Libcurl will NOT verify peer certificate
LogInit:  - bUseHttpProxy = false  - Libcurl will NOT use HTTP proxy
LogInit:  - bDontReuseConnections = false  - Libcurl will reuse connections
LogInit:  - CertBundlePath = nullptr  - Libcurl will use whatever was configured at build time.
LogInit: Build: ++UE4+Release-4.16-CL-3514769
LogInit: Engine Version: 4.16.2-3514769+++UE4+Release-4.16
LogInit: Compatible Engine Version: 4.16.0-3452394+++UE4+Release-4.16
LogInit: Net CL: 3452394
LogDevObjectVersion: Number of dev versions registered: 16
LogDevObjectVersion:   Dev-Blueprints (B0D832E4-1F89-4F0D-ACCF-7EB736FD4AA2): 9
LogDevObjectVersion:   Dev-Build (E1C64328-A22C-4D53-A36C-8E866417BD8C): 0
LogDevObjectVersion:   Dev-Core (375EC13C-06E4-48FB-B500-84F0262A717E): 2
LogDevObjectVersion:   Dev-Editor (E4B068ED-F494-42E9-A231-DA0B2E46BB41): 17
LogDevObjectVersion:   Dev-Framework (CFFC743F-43B0-4480-9391-14DF171D2073): 23
LogDevObjectVersion:   Dev-Mobile (B02B49B5-BB20-44E9-A304-32B752E40360): 0
LogDevObjectVersion:   Dev-Networking (A4E4105C-59A1-49B5-A7C5-40C4547EDFEE): 0
LogDevObjectVersion:   Dev-Online (39C831C9-5AE6-47DC-9A44-9C173E1C8E7C): 0
LogDevObjectVersion:   Dev-Physics (78F01B33-EBEA-4F98-B9B4-84EACCB95AA2): 0
LogDevObjectVersion:   Dev-Platform (6631380F-2D4D-43E0-8009-CF276956A95A): 0
LogDevObjectVersion:   Dev-Rendering (12F88B9F-8875-4AFC-A67C-D90C383ABD29): 15
LogDevObjectVersion:   Dev-Sequencer (7B5AE74C-D270-4C10-A958-57980B212A5A): 4
LogDevObjectVersion:   Dev-VR (D7296918-1DD6-4BDD-9DE2-64A83CC13884): 0
LogDevObjectVersion:   Dev-LoadTimes (C2A15278-BFE7-4AFE-6C17-90FF531DF755): 1
LogDevObjectVersion:   Private-Geometry (6EACA3D4-40EC-4CC1-B786-8BED09428FC5): 1
LogDevObjectVersion:   Dev-AnimPhys (29E575DD-E0A3-4627-9D10-D276232CDCEA): 3
LogInit: Compiled (64-bit): Jun 29 2017 02:03:24
LogInit: Compiled with Visual C++: 19.00.24215.01
LogInit: Build Configuration: Development
LogInit: Branch Name: ++UE4+Release-4.16
LogInit: Command line:  
LogInit: Base directory: C:/Program Files/Epic Games/UE_4.16/Engine/Binaries/Win64/
LogInit: Installed Engine Build: 1
LogInit: Presizing for max 8388607 objects, including 0 objects not considered by GC, pre-allocating 0 bytes for permanent pool.
LogInit: Object subsystem initialized
[2017.11.10-21.51.19:849][  0]LogInit: Selected Device Profile: [Windows]
[2017.11.10-21.51.19:849][  0]LogInit: Applying CVar settings loaded from the selected device profile: [Windows]
[2017.11.10-21.51.19:940][  0]LogInit: Computer: LCIVAN-238-00
[2017.11.10-21.51.19:940][  0]LogInit: User: studentuser
[2017.11.10-21.51.19:940][  0]LogInit: CPU Page size=4096, Cores=4
[2017.11.10-21.51.19:940][  0]LogInit: High frequency timer resolution =4.101561 MHz
[2017.11.10-21.51.19:941][  0]LogMemory: Memory total: Physical=15.9GB (16GB approx)
[2017.11.10-21.51.19:941][  0]LogMemory: Platform Memory Stats for Windows
[2017.11.10-21.51.19:941][  0]LogMemory: Process Physical Memory: 277.77 MB used, 277.77 MB peak
[2017.11.10-21.51.19:941][  0]LogMemory: Process Virtual Memory: 276.75 MB used, 276.75 MB peak
[2017.11.10-21.51.19:941][  0]LogMemory: Physical Memory: 4910.70 MB used,  11372.75 MB free, 16283.45 MB total
[2017.11.10-21.51.19:941][  0]LogMemory: Virtual Memory: 654.96 MB used,  11372.75 MB free, 134217728.00 MB total
[2017.11.10-21.51.20:209][  0]LogInit: Using OS detected language (en-US).
[2017.11.10-21.51.20:209][  0]LogInit: Using OS detected locale (en-CA).
[2017.11.10-21.51.20:268][  0]LogTextLocalizationManager: No specific localization for 'en-US' exists, so the 'en' localization will be used.
[2017.11.10-21.51.23:174][  0]LogD3D11RHI: D3D11 adapters:
[2017.11.10-21.51.23:228][  0]LogD3D11RHI:    0. 'NVIDIA GeForce GTX 1070' (Feature Level 11_0)
[2017.11.10-21.51.23:228][  0]LogD3D11RHI:       8120/0/8141 MB DedicatedVideo/DedicatedSystem/SharedSystem, Outputs:1, VendorId:0x10de
[2017.11.10-21.51.23:234][  0]LogD3D11RHI:    1. 'Intel(R) HD Graphics 630' (Feature Level 11_0)
[2017.11.10-21.51.23:234][  0]LogD3D11RHI:       128/0/8141 MB DedicatedVideo/DedicatedSystem/SharedSystem, Outputs:0, VendorId:0x8086
[2017.11.10-21.51.23:234][  0]LogD3D11RHI:    2. 'Microsoft Basic Render Driver' (Feature Level 11_0)
[2017.11.10-21.51.23:234][  0]LogD3D11RHI:       0/0/8141 MB DedicatedVideo/DedicatedSystem/SharedSystem, Outputs:0, VendorId:0x1414
[2017.11.10-21.51.23:234][  0]LogD3D11RHI: Chosen D3D11 Adapter: 0
[2017.11.10-21.51.23:240][  0]LogD3D11RHI: Creating new Direct3DDevice
[2017.11.10-21.51.23:240][  0]LogD3D11RHI:     GPU DeviceId: 0x1b81 (for the marketing name, search the web for "GPU Device Id")
[2017.11.10-21.51.23:240][  0]LogWindows: EnumDisplayDevices:
[2017.11.10-21.51.23:240][  0]LogWindows:    0. 'NVIDIA GeForce GTX 1070' (P:1 D:1)
[2017.11.10-21.51.23:241][  0]LogWindows:    1. 'NVIDIA GeForce GTX 1070' (P:0 D:0)
[2017.11.10-21.51.23:241][  0]LogWindows:    2. 'NVIDIA GeForce GTX 1070' (P:0 D:0)
[2017.11.10-21.51.23:241][  0]LogWindows:    3. 'NVIDIA GeForce GTX 1070' (P:0 D:0)
[2017.11.10-21.51.23:241][  0]LogWindows:    4. 'Intel(R) HD Graphics 630' (P:0 D:0)
[2017.11.10-21.51.23:241][  0]LogWindows:    5. 'Intel(R) HD Graphics 630' (P:0 D:0)
[2017.11.10-21.51.23:241][  0]LogWindows:    6. 'Intel(R) HD Graphics 630' (P:0 D:0)
[2017.11.10-21.51.23:241][  0]LogWindows: DebugString: PrimaryIsNotTheChoosenAdapter PrimaryIsNotTheChoosenAdapter PrimaryIsNotTheChoosenAdapter FoundDriverCount:4 
[2017.11.10-21.51.23:241][  0]LogD3D11RHI:     Adapter Name: NVIDIA GeForce GTX 1070
[2017.11.10-21.51.23:241][  0]LogD3D11RHI:   Driver Version: 382.05 (internal:22.21.13.8205, unified:382.05)
[2017.11.10-21.51.23:241][  0]LogD3D11RHI:      Driver Date: 5-1-2017
[2017.11.10-21.51.23:242][  0]LogRHI: Texture pool is 1361 MB (70% of 1945 MB)
[2017.11.10-21.51.23:271][  0]LogD3D11RHI: Async texture creation enabled
[2017.11.10-21.51.23:297][  0]LogD3D11RHI: GPU Timing Frequency: 1000.000000 (Debug: 2 2)
[2017.11.10-21.51.23:392][  0]LogShaderCompilers: Guid format shader working directory is 27 characters bigger than the processId version (D:/TGP/CastleGuardReborn/Intermediate/Shaders/WorkingDirectory/14968/).
[2017.11.10-21.51.23:392][  0]LogShaderCompilers: Cleaned the shader compiler working directory 'C:/Users/studentuser/AppData/Local/Temp/UnrealShaderWorkingDir/549D93F243B68A27EC7AF28C718E0C03/'.
[2017.11.10-21.51.23:392][  0]LogShaderCompilers:Display: Using Local Shader Compiler.
[2017.11.10-21.51.25:188][  0]LogTemp:Display: Loaded TP AllDesktopTargetPlatform
[2017.11.10-21.51.25:227][  0]LogTemp:Display: Loaded TP MacClientTargetPlatform
[2017.11.10-21.51.25:269][  0]LogTemp:Display: Loaded TP MacNoEditorTargetPlatform
[2017.11.10-21.51.25:313][  0]LogTemp:Display: Loaded TP MacServerTargetPlatform
[2017.11.10-21.51.25:369][  0]LogTemp:Display: Loaded TP MacTargetPlatform
[2017.11.10-21.51.25:412][  0]LogTemp:Display: Loaded TP WindowsClientTargetPlatform
[2017.11.10-21.51.25:460][  0]LogTemp:Display: Loaded TP WindowsNoEditorTargetPlatform
[2017.11.10-21.51.25:507][  0]LogTemp:Display: Loaded TP WindowsServerTargetPlatform
[2017.11.10-21.51.25:551][  0]LogTemp:Display: Loaded TP WindowsTargetPlatform
[2017.11.10-21.51.25:599][  0]LogTemp:Display: Loaded TP AndroidTargetPlatform
[2017.11.10-21.51.25:641][  0]LogTemp:Display: Loaded TP Android_ASTCTargetPlatform
[2017.11.10-21.51.25:683][  0]LogTemp:Display: Loaded TP Android_ATCTargetPlatform
[2017.11.10-21.51.25:722][  0]LogTemp:Display: Loaded TP Android_DXTTargetPlatform
[2017.11.10-21.51.25:765][  0]LogTemp:Display: Loaded TP Android_ETC1TargetPlatform
[2017.11.10-21.51.25:812][  0]LogTemp:Display: Loaded TP Android_ETC2TargetPlatform
[2017.11.10-21.51.25:914][  0]LogTemp:Display: Loaded TP Android_MultiTargetPlatform
[2017.11.10-21.51.25:914][  0]LogTemp:Display: Loaded TP Android_PVRTCTargetPlatform
[2017.11.10-21.51.25:950][  0]LogTemp:Display: Loaded TP HTML5TargetPlatform
[2017.11.10-21.51.26:047][  0]LogTemp:Display: Loaded TP IOSTargetPlatform
[2017.11.10-21.51.26:076][  0]LogTemp:Display: Loaded TP TVOSTargetPlatform
[2017.11.10-21.51.26:129][  0]LogTemp:Display: Loaded TP LinuxClientTargetPlatform
[2017.11.10-21.51.26:177][  0]LogTemp:Display: Loaded TP LinuxNoEditorTargetPlatform
[2017.11.10-21.51.26:213][  0]LogTemp:Display: Loaded TP LinuxServerTargetPlatform
[2017.11.10-21.51.26:262][  0]LogTemp:Display: Loaded TP LinuxTargetPlatform
[2017.11.10-21.51.26:262][  0]LogTargetPlatformManager:Display: Building Assets For Windows
[2017.11.10-21.51.26:882][  0]LogDerivedDataCache:Display: Max Cache Size: 512 MB
[2017.11.10-21.51.27:417][  0]LogDerivedDataCache: Loaded boot cache 0.53s 90MB C:/Users/studentuser/AppData/Local/UnrealEngine/4.16/DerivedDataCache/Boot.ddc.
[2017.11.10-21.51.27:417][  0]LogDerivedDataCache:Display: Loaded Boot cache: C:/Users/studentuser/AppData/Local/UnrealEngine/4.16/DerivedDataCache/Boot.ddc
[2017.11.10-21.51.27:418][  0]LogDerivedDataCache: FDerivedDataBackendGraph:  Pak pak cache file D:/TGP/CastleGuardReborn/DerivedDataCache/DDC.ddp not found, will not use a pak cache.
[2017.11.10-21.51.27:418][  0]LogDerivedDataCache: Unable to find inner node Pak for hierarchical cache Hierarchy.
[2017.11.10-21.51.27:418][  0]LogDerivedDataCache: FDerivedDataBackendGraph:  CompressedPak pak cache file D:/TGP/CastleGuardReborn/DerivedDataCache/Compressed.ddp not found, will not use a pak cache.
[2017.11.10-21.51.27:418][  0]LogDerivedDataCache: Unable to find inner node CompressedPak for hierarchical cache Hierarchy.
[2017.11.10-21.51.27:444][  0]LogDerivedDataCache:Display: Pak cache opened for reading ../../../Engine/DerivedDataCache/Compressed.ddp.
[2017.11.10-21.51.27:456][  0]LogDerivedDataCache: Using Local data cache path C:/Users/studentuser/AppData/Local/UnrealEngine/Common/DerivedDataCache: Writable
[2017.11.10-21.51.27:486][  0]LogMaterial: Verifying Global Shaders for PCD3D_SM5
[2017.11.10-21.51.27:494][  0]LogSlate: Using Freetype 2.6.0
[2017.11.10-21.51.27:511][  0]LogSlate: SlateFontCache - WITH_FREETYPE: 1, WITH_HARFBUZZ: 1
[2017.11.10-21.51.27:511][  0]LogSlate: SlateFontCache - WITH_FREETYPE: 1, WITH_HARFBUZZ: 1
[2017.11.10-21.51.28:426][  0]LogInit: Selected Device Profile: [Windows]
[2017.11.10-21.51.28:625][  0]LogContentStreaming: Texture pool size is 0.00 MB
[2017.11.10-21.51.28:888][  0]LogMeshUtilities: Using QuadricMeshReduction for automatic static mesh reduction
[2017.11.10-21.51.28:947][  0]LogSimplygon: Simplygon DLL not present - disabling.
[2017.11.10-21.51.28:995][  0]LogMeshUtilities: Using SimplygonSwarm for distributed automatic mesh merging
[2017.11.10-21.51.28:995][  0]LogMeshUtilities: No automatic skeletal mesh reduction module available
[2017.11.10-21.51.28:995][  0]LogMeshUtilities: No automatic mesh merging module available
[2017.11.10-21.51.30:508][  0]LogNetVersion: CastleGuardReborn , NetCL: 3452394, EngineNetVer: 2, GameNetVer: 0 (Checksum: 2303850599)
[2017.11.10-21.51.30:599][  0]LogAssetRegistry: FAssetRegistry took 0.0281 seconds to start up
[2017.11.10-21.51.30:701][  0]LogAssetRegistry:Error: Failed to open file for write D:/TGP/CastleGuardReborn/Intermediate/AssetRegistryCache/2657c409.bin
[2017.11.10-21.51.30:721][  0]LogAssetRegistry:Error: Failed to open file for write D:/TGP/CastleGuardReborn/Intermediate/AssetRegistryCache/866581fd.bin
[2017.11.10-21.51.30:759][  0]LogAssetRegistry:Error: Failed to open file for write D:/TGP/CastleGuardReborn/Intermediate/AssetRegistryCache/8c0e1344.bin
[2017.11.10-21.51.30:774][  0]LogAssetRegistry:Error: Failed to open file for write D:/TGP/CastleGuardReborn/Intermediate/AssetRegistryCache/5eb44d7c.bin
[2017.11.10-21.51.30:776][  0]LogPackageLocalizationCache: Processed 4 localized package path(s) for 2 prioritized culture(s) in 0.107713 seconds
[2017.11.10-21.51.30:782][  0]LogUObjectArray: 34194 objects as part of root set at end of initial load.
[2017.11.10-21.51.30:782][  0]LogUObjectAllocator: 7260416 out of 0 bytes used by permanent object pool.
[2017.11.10-21.51.30:782][  0]LogUObjectArray: CloseDisregardForGC: 0/0 objects in disregard for GC pool
[2017.11.10-21.51.30:855][  0]LogInit: WinSock: version 1.1 (2.2), MaxSocks=32767, MaxUdp=65467
[2017.11.10-21.51.36:346][  0]LogAssetRegistry:Error: Failed to open file for write D:/TGP/CastleGuardReborn/Intermediate/CachedAssetRegistry.bin
[2017.11.10-21.51.36:783][  0]LogTcpMessaging: Initializing TcpMessaging bridge
[2017.11.10-21.51.36:823][  0]LogUdpMessaging: Initializing bridge on interface 0.0.0.0:0 to multicast group 230.0.0.1:6666.
[2017.11.10-21.51.37:340][  0]LogConfig:Warning: Failed to saved backup for config[InternationalizationExport]
[2017.11.10-21.51.37:488][  0]LogMaterial: Uniform references updated for custom material expression Custom.
[2017.11.10-21.51.38:055][  0]SourceControl: Info Source control is disabled
[2017.11.10-21.51.38:159][  0]SourceControl: Info Source control is disabled
[2017.11.10-21.51.38:209][  0]SourceControl: Info Source control is disabled
[2017.11.10-21.51.38:251][  0]SourceControl: Info Source control is disabled
[2017.11.10-21.51.38:995][  0]LogAndroidPermission: UAndroidPermissionCallbackProxy::GetInstance
[2017.11.10-21.51.39:540][  0]LogEngine: Initializing Engine...
[2017.11.10-21.51.43:025][  0]LogHMD: SteamVR initialized.  Driver: lighthouse  Display: LHR-A4D81BA4
[2017.11.10-21.51.43:931][  0]LogStats: UGameplayTagsManager::ConstructGameplayTagTree: Construct from data asset -  0.000 s
[2017.11.10-21.51.43:932][  0]LogStats: UGameplayTagsManager::ConstructGameplayTagTree: GameplayTagTreeChangedEvent.Broadcast -  0.000 s
[2017.11.10-21.51.44:052][  0]LogAIModule: Creating AISystem for world Untitled
[2017.11.10-21.51.44:073][  0]LogInit: XAudio2 using 'Speakers (2- USB Audio Device)' : 2 channels at 48 kHz using 16 bits per sample (channel mask 0x3)
[2017.11.10-21.51.44:097][  0]LogInit: FAudioDevice initialized.
[2017.11.10-21.51.44:145][  0]LogDerivedDataCache: Saved boot cache 0.05s 103MB C:/Users/studentuser/AppData/Local/UnrealEngine/4.16/DerivedDataCache/Boot.ddc.
[2017.11.10-21.51.44:171][  0]LogInit: Texture streaming: Enabled
[2017.11.10-21.51.44:277][  0]LogEngineSessionManager: EngineSessionManager initialized
[2017.11.10-21.51.44:516][  0]LogInit: Transaction tracking system initialized
[2017.11.10-21.51.44:793][  0]BlueprintLog: New page: Editor Load
[2017.11.10-21.51.45:803][  0]LocalizationService: Info Localization service is disabled
[2017.11.10-21.51.46:565][  0]LogConsoleResponse:Display: 
[2017.11.10-21.51.47:201][  0]LogCook:Display: Max memory allowance for cook 16384mb min free memory 0mb
[2017.11.10-21.51.47:201][  0]LogCook:Display: Mobile HDR setting 1
[2017.11.10-21.51.48:146][  0]SourceControl: Info Source control is disabled
[2017.11.10-21.51.48:147][  0]Cmd: MAP LOAD FILE="D:/TGP/CastleGuardReborn/Content/VirtualRealityBP/Maps/default.umap" TEMPLATE=0 SHOWPROGRESS=1 FEATURELEVEL=3
[2017.11.10-21.51.48:148][  0]LightingResults: New page: Lighting Build
[2017.11.10-21.51.48:184][  0]MapCheck: New page: Map Check
[2017.11.10-21.51.48:184][  0]LightingResults: New page: Lighting Build
[2017.11.10-21.51.55:573][  0]LogStaticMesh: Building static mesh BrazierMesh...
[2017.11.10-21.51.55:615][  0]LogMeshUtilities: Invalid vertex normals found for mesh. Forcing recomputation of vertex normals for MikkTSpace. Fix mesh or disable "Use MikkTSpace Tangent Space" to avoid forced recomputation of normals.
[2017.11.10-21.51.55:808][  0]LogStaticMesh: Built static mesh [0.29s] /Game/StaticMeshes/BrazierMesh.BrazierMesh
[2017.11.10-21.51.55:948][  0]LogAnimationCompression: Building Anim DDC data for AnimSequence /Game/AnimationAssets/Mixamo_J_Nordstrom/Animations/Working_On_Device.Working_On_Device
[2017.11.10-21.51.56:000][  0]LogAnimationCompression: Building Anim DDC data for AnimSequence /Game/AnimationAssets/Mixamo_J_Nordstrom/Animations/Pushing_In_Place.Pushing_In_Place
[2017.11.10-21.51.56:018][  0]LogAnimationCompression: Building Anim DDC data for AnimSequence /Game/AnimationAssets/Mixamo_J_Nordstrom/Animations/sword_and_shield_slash.sword_and_shield_slash
[2017.11.10-21.51.56:030][  0]LogAnimationCompression: Building Anim DDC data for AnimSequence /Game/AnimationAssets/Mixamo_J_Nordstrom/Animations/Sword_And_Shield_Run_In_Place.Sword_And_Shield_Run_In_Place
[2017.11.10-21.51.56:041][  0]LogAnimationCompression: Building Anim DDC data for AnimSequence /Game/AnimationAssets/Mixamo_J_Nordstrom/Animations/sword_and_shield_idle.sword_and_shield_idle
[2017.11.10-21.51.56:234][  0]LogTexture:Display: Building textures: Erika_Archer_Clothes_normal (BC5, 2048X2048)
[2017.11.10-21.51.56:725][  0]LogTexture:Display: Building textures: Erika_Archer_Clothes_diffuse (AutoDXT, 2048X2048)
[2017.11.10-21.51.57:624][  0]LogStaticMesh: Building static mesh ArcheryTragetStaticMesh...
[2017.11.10-21.51.57:624][  0]LogMeshUtilities: Invalid vertex normals found for mesh. Forcing recomputation of vertex normals for MikkTSpace. Fix mesh or disable "Use MikkTSpace Tangent Space" to avoid forced recomputation of normals.
[2017.11.10-21.51.57:645][  0]LogStaticMesh: Built static mesh [0.03s] /Game/StaticMeshes/ArcheryTragetStaticMesh.ArcheryTragetStaticMesh
[2017.11.10-21.51.57:931][  0]LogTexture:Display: Building textures: Paladin_normal (BC5, 2048X2048)
[2017.11.10-21.51.58:339][  0]LogTexture:Display: Building textures: Paladin_specular (AutoDXT, 2048X2048)
[2017.11.10-21.51.59:101][  0]LogTexture:Display: Building textures: FemaleFitA_Body_diffuse (AutoDXT, 2048X2048)
[2017.11.10-21.52.00:815][  0]LogMaterial: Missing cached shader map for material Lashes_MAT, compiling. 
[2017.11.10-21.52.01:010][  0]LogTexture:Display: Building textures: FemaleFitA_StdNM (BC5, 2048X2048)
[2017.11.10-21.52.01:461][  0]LogMaterial: Missing cached shader map for material EyeSpec_MAT, compiling. 
[2017.11.10-21.52.01:693][  0]LogTexture:Display: Building textures: Bow_NM (BC5, 2048X2048)
[2017.11.10-21.52.02:448][  0]LogTexture:Display: Building textures: Bow_DIFF (AutoDXT, 2048X2048)
[2017.11.10-21.52.04:105][  0]LogMaterial: Missing cached shader map for material Bow_MAT, compiling. 
[2017.11.10-21.52.04:151][  0]LogMaterial: Missing cached shader map for material Body_MAT, compiling. 
[2017.11.10-21.52.04:199][  0]LogMaterial: Missing cached shader map for material Akai_MAT, compiling. 
[2017.11.10-21.52.04:380][  0]LogTexture:Display: Building textures: Knight_specular (AutoDXT, 2048X2048)
[2017.11.10-21.52.05:632][  0]LogTexture:Display: Building textures: Knight_normal (BC5, 2048X2048)
[2017.11.10-21.52.06:265][  0]LogTexture:Display: Building textures: Paladin_diffuse (AutoDXT, 2048X2048)
[2017.11.10-21.52.07:193][  0]LogMaterial: Missing cached shader map for material Paladin_MAT, compiling. 
[2017.11.10-21.52.07:428][  0]LogTexture:Display: Building textures: Knight_diffuse (AutoDXT, 2048X2048)
[2017.11.10-21.52.08:773][  0]LogMaterial: Missing cached shader map for material Knight_MAT, compiling. 
[2017.11.10-21.52.08:853][  0]LogMaterial: Missing cached shader map for material lambert1, compiling. 
[2017.11.10-21.52.08:872][  0]LogStaticMesh: Building static mesh Merged_Catapult_mesh...
[2017.11.10-21.52.09:254][  0]LogStaticMesh: Built static mesh [0.38s] /Game/StaticMeshes/Merged_Catapult_mesh.Merged_Catapult_mesh
[2017.11.10-21.52.09:462][  0]LogAnimationCompression: Building Anim DDC data for AnimSequence /Game/AnimationAssets/Mixamo_Erika/Animations/Shooting_Arrow_Anim.Shooting_Arrow_Anim
[2017.11.10-21.52.09:476][  0]LogAnimationCompression: Building Anim DDC data for AnimSequence /Game/AnimationAssets/Mixamo_Erika/Animations/standing_Run_In_Place.standing_Run_In_Place
[2017.11.10-21.52.09:626][  0]LogMaterial: Missing cached shader map for material initialShadingGroup, compiling. 
[2017.11.10-21.52.09:644][  0]LogStaticMesh: Building static mesh MergedRam...
[2017.11.10-21.52.13:846][  0]LogStaticMesh: Built static mesh [4.20s] /Game/StaticMeshes/MergedRam.MergedRam
[2017.11.10-21.52.14:161][  0]LogClass:Warning: Enum '/Game/Vive/Blueprints/Enum_GameStatus.Enum_GameStatus' was upgraded to use FText to store its display name data. Please re-save this asset to avoid issues with localization and determinstic cooking.
[2017.11.10-21.52.14:499][  0]LogTexture:Display: Building textures: Texture2D_23 (BGRA8, 128X128)
[2017.11.10-21.52.14:500][  0]LogTexture:Display: Building textures: Texture2D_30 (BGRA8, 128X128)
[2017.11.10-21.52.14:502][  0]LogTexture:Display: Building textures: Texture2D_22 (BGRA8, 128X128)
[2017.11.10-21.52.14:504][  0]LogTexture:Display: Building textures: Texture2D_2 (BGRA8, 128X128)
[2017.11.10-21.52.14:505][  0]LogTexture:Display: Building textures: Texture2D_29 (BGRA8, 128X128)
[2017.11.10-21.52.14:506][  0]LogTexture:Display: Building textures: Texture2D_14 (BGRA8, 128X128)
[2017.11.10-21.52.14:507][  0]LogTexture:Display: Building textures: Texture2D_32 (BGRA8, 128X128)
[2017.11.10-21.52.14:508][  0]LogTexture:Display: Building textures: Texture2D_27 (BGRA8, 128X128)
[2017.11.10-21.52.14:509][  0]LogTexture:Display: Building textures: Texture2D_10 (BGRA8, 128X128)
[2017.11.10-21.52.14:511][  0]LogTexture:Display: Building textures: Texture2D_7 (BGRA8, 128X128)
[2017.11.10-21.52.14:512][  0]LogTexture:Display: Building textures: Texture2D_11 (BGRA8, 128X128)
[2017.11.10-21.52.14:514][  0]LogTexture:Display: Building textures: Texture2D_1 (BGRA8, 128X128)
[2017.11.10-21.52.14:515][  0]LogTexture:Display: Building textures: Texture2D_9 (BGRA8, 128X128)
[2017.11.10-21.52.14:516][  0]LogTexture:Display: Building textures: Texture2D_12 (BGRA8, 128X128)
[2017.11.10-21.52.14:517][  0]LogTexture:Display: Building textures: Texture2D_13 (BGRA8, 128X128)
[2017.11.10-21.52.14:518][  0]LogTexture:Display: Building textures: Texture2D_26 (BGRA8, 128X128)
[2017.11.10-21.52.14:519][  0]LogTexture:Display: Building textures: Texture2D_21 (BGRA8, 128X128)
[2017.11.10-21.52.14:520][  0]LogTexture:Display: Building textures: Texture2D_20 (BGRA8, 128X128)
[2017.11.10-21.52.14:520][  0]LogTexture:Display: Building textures: Texture2D_31 (BGRA8, 128X128)
[2017.11.10-21.52.14:521][  0]LogTexture:Display: Building textures: Texture2D_8 (BGRA8, 128X128)
[2017.11.10-21.52.14:522][  0]LogTexture:Display: Building textures: Texture2D_25 (BGRA8, 128X128)
[2017.11.10-21.52.14:523][  0]LogTexture:Display: Building textures: Texture2D_15 (BGRA8, 128X128)
[2017.11.10-21.52.14:523][  0]LogTexture:Display: Building textures: Texture2D_16 (BGRA8, 128X128)
[2017.11.10-21.52.14:524][  0]LogTexture:Display: Building textures: Texture2D_34 (BGRA8, 128X128)
[2017.11.10-21.52.14:525][  0]LogTexture:Display: Building textures: Texture2D_36 (BGRA8, 128X128)
[2017.11.10-21.52.14:526][  0]LogTexture:Display: Building textures: Texture2D_17 (BGRA8, 128X128)
[2017.11.10-21.52.14:528][  0]LogTexture:Display: Building textures: Texture2D_0 (BGRA8, 128X128)
[2017.11.10-21.52.14:529][  0]LogTexture:Display: Building textures: Texture2D_24 (BGRA8, 128X128)
[2017.11.10-21.52.14:530][  0]LogTexture:Display: Building textures: Texture2D_33 (BGRA8, 128X128)
[2017.11.10-21.52.14:531][  0]LogTexture:Display: Building textures: Texture2D_6 (BGRA8, 128X128)
[2017.11.10-21.52.14:532][  0]LogTexture:Display: Building textures: Texture2D_3 (BGRA8, 128X128)
[2017.11.10-21.52.14:533][  0]LogTexture:Display: Building textures: Texture2D_4 (BGRA8, 128X128)
[2017.11.10-21.52.14:534][  0]LogTexture:Display: Building textures: Texture2D_35 (BGRA8, 128X128)
[2017.11.10-21.52.14:535][  0]LogTexture:Display: Building textures: Texture2D_28 (BGRA8, 128X128)
[2017.11.10-21.52.14:536][  0]LogTexture:Display: Building textures: Texture2D_5 (BGRA8, 128X128)
[2017.11.10-21.52.14:541][  0]LogMaterial: Missing cached shader map for material LandscapeMaterial, compiling. 
[2017.11.10-21.52.14:576][  0]LogMaterial: Missing cached shader map for material LandscapeMaterial, compiling. 
[2017.11.10-21.52.14:621][  0]LogTexture:Display: Building textures: Texture2D_134 (BGRA8, 128X128)
[2017.11.10-21.52.14:622][  0]LogTexture:Display: Building textures: Texture2D_135 (BGRA8, 128X128)
[2017.11.10-21.52.14:623][  0]LogTexture:Display: Building textures: Texture2D_138 (BGRA8, 128X128)
[2017.11.10-21.52.14:625][  0]LogTexture:Display: Building textures: Texture2D_140 (BGRA8, 128X128)
[2017.11.10-21.52.14:626][  0]LogTexture:Display: Building textures: Texture2D_141 (BGRA8, 128X128)
[2017.11.10-21.52.14:630][  0]LogMaterial: Missing cached shader map for material LandscapeMaterial, compiling. 
[2017.11.10-21.52.14:673][  0]LogTexture:Display: Building textures: Texture2D_142 (BGRA8, 128X128)
[2017.11.10-21.52.14:674][  0]LogTexture:Display: Building textures: Texture2D_143 (BGRA8, 128X128)
[2017.11.10-21.52.14:675][  0]LogTexture:Display: Building textures: Texture2D_74 (BGRA8, 128X128)
[2017.11.10-21.52.14:676][  0]LogTexture:Display: Building textures: Texture2D_75 (BGRA8, 128X128)
[2017.11.10-21.52.14:677][  0]LogTexture:Display: Building textures: Texture2D_76 (BGRA8, 128X128)
[2017.11.10-21.52.14:681][  0]LogMaterial: Missing cached shader map for material LandscapeMaterial, compiling. 
[2017.11.10-21.52.14:725][  0]LogTexture:Display: Building textures: Texture2D_78 (BGRA8, 128X128)
[2017.11.10-21.52.14:727][  0]LogTexture:Display: Building textures: Texture2D_79 (BGRA8, 128X128)
[2017.11.10-21.52.14:727][  0]LogTexture:Display: Building textures: Texture2D_80 (BGRA8, 128X128)
[2017.11.10-21.52.14:729][  0]LogTexture:Display: Building textures: Texture2D_83 (BGRA8, 128X128)
[2017.11.10-21.52.14:730][  0]LogTexture:Display: Building textures: Texture2D_86 (BGRA8, 128X128)
[2017.11.10-21.52.14:732][  0]LogTexture:Display: Building textures: Texture2D_87 (BGRA8, 128X128)
[2017.11.10-21.52.14:733][  0]LogTexture:Display: Building textures: Texture2D_88 (BGRA8, 128X128)
[2017.11.10-21.52.14:735][  0]LogTexture:Display: Building textures: Texture2D_94 (BGRA8, 128X128)
[2017.11.10-21.52.14:736][  0]LogTexture:Display: Building textures: Texture2D_95 (BGRA8, 128X128)
[2017.11.10-21.52.14:739][  0]LogTexture:Display: Building textures: Texture2D_106 (BGRA8, 128X128)
[2017.11.10-21.52.14:740][  0]LogTexture:Display: Building textures: Texture2D_107 (BGRA8, 128X128)
[2017.11.10-21.52.14:742][  0]LogTexture:Display: Building textures: Texture2D_115 (BGRA8, 128X128)
[2017.11.10-21.52.14:743][  0]LogTexture:Display: Building textures: Texture2D_116 (BGRA8, 128X128)
[2017.11.10-21.52.14:743][  0]LogTexture:Display: Building textures: Texture2D_117 (BGRA8, 128X128)
[2017.11.10-21.52.14:744][  0]LogTexture:Display: Building textures: Texture2D_118 (BGRA8, 128X128)
[2017.11.10-21.52.14:745][  0]LogTexture:Display: Building textures: Texture2D_124 (BGRA8, 128X128)
[2017.11.10-21.52.14:746][  0]LogTexture:Display: Building textures: Texture2D_125 (BGRA8, 128X128)
[2017.11.10-21.52.14:748][  0]LogTexture:Display: Building textures: Texture2D_127 (BGRA8, 128X128)
[2017.11.10-21.52.14:749][  0]LogTexture:Display: Building textures: Texture2D_128 (BGRA8, 128X128)
[2017.11.10-21.52.14:750][  0]LogTexture:Display: Building textures: Texture2D_129 (BGRA8, 128X128)
[2017.11.10-21.52.14:751][  0]LogTexture:Display: Building textures: Texture2D_131 (BGRA8, 128X128)
[2017.11.10-21.52.14:752][  0]LogTexture:Display: Building textures: Texture2D_132 (BGRA8, 128X128)
[2017.11.10-21.52.14:825][  0]LogStaticMesh: Building static mesh BSPCastleStaticMesh...
[2017.11.10-21.52.14:848][  0]LogMeshUtilities: Invalid vertex normals found for mesh. Forcing recomputation of vertex normals for MikkTSpace. Fix mesh or disable "Use MikkTSpace Tangent Space" to avoid forced recomputation of normals.
[2017.11.10-21.52.15:342][  0]LogStaticMesh: Built static mesh [0.52s] /Game/StaticMeshes/BSPCastleStaticMesh.BSPCastleStaticMesh
[2017.11.10-21.52.15:501][  0]LogMaterial: Missing cached shader map for material T_Wood_Walnut_Mat, compiling. 
[2017.11.10-21.52.15:624][  0]LogMaterial: Missing cached shader map for material M_OutlineTest01, compiling. 
[2017.11.10-21.52.15:633][  0]LogTexture:Display: Building textures: CLUT_CelShadingTest (BGRA8, 1X128)
[2017.11.10-21.52.15:636][  0]LogMaterial: Missing cached shader map for material M_CelShadingTest, compiling. 
[2017.11.10-21.52.15:677][  0]LogTexture:Display: Building textures: HQ_Lightmap0_1 (AutoDXT, 1024X1024)
[2017.11.10-21.52.15:837][  0]LogTexture:Display: Building textures: HQ_Lightmap0_10 (AutoDXT, 512X512)
[2017.11.10-21.52.15:846][  0]LogTexture:Display: Building textures: HQ_Lightmap0_11 (AutoDXT, 64X64)
[2017.11.10-21.52.15:869][  0]LogTexture:Display: Building textures: HQ_Lightmap0_2 (AutoDXT, 1024X1024)
[2017.11.10-21.52.16:029][  0]LogTexture:Display: Building textures: HQ_Lightmap0_3 (AutoDXT, 1024X1024)
[2017.11.10-21.52.16:234][  0]LogTexture:Display: Building textures: HQ_Lightmap0_4 (AutoDXT, 512X512)
[2017.11.10-21.52.16:250][  0]LogTexture:Display: Building textures: HQ_Lightmap0_5 (AutoDXT, 512X512)
[2017.11.10-21.52.16:285][  0]LogTexture:Display: Building textures: HQ_Lightmap0_6 (AutoDXT, 1024X1024)
[2017.11.10-21.52.16:345][  0]LogTexture:Display: Building textures: HQ_Lightmap0_7 (AutoDXT, 512X512)
[2017.11.10-21.52.16:374][  0]LogTexture:Display: Building textures: HQ_Lightmap0_8 (AutoDXT, 256X256)
[2017.11.10-21.52.16:386][  0]LogTexture:Display: Building textures: HQ_Lightmap0_9 (AutoDXT, 1024X1024)
[2017.11.10-21.52.16:449][  0]LogTexture:Display: Building textures: LQ_Lightmap_0_1 (DXT1, 1024X1024)
[2017.11.10-21.52.16:519][  0]LogTexture:Display: Building textures: LQ_Lightmap_0_10 (DXT1, 512X512)
[2017.11.10-21.52.16:570][  0]LogTexture:Display: Building textures: LQ_Lightmap_0_11 (DXT1, 64X64)
[2017.11.10-21.52.16:593][  0]LogTexture:Display: Building textures: LQ_Lightmap_0_2 (DXT1, 1024X1024)
[2017.11.10-21.52.16:740][  0]LogTexture:Display: Building textures: LQ_Lightmap_0_3 (DXT1, 1024X1024)
[2017.11.10-21.52.16:869][  0]LogTexture:Display: Building textures: LQ_Lightmap_0_4 (DXT1, 512X512)
[2017.11.10-21.52.16:920][  0]LogTexture:Display: Building textures: LQ_Lightmap_0_5 (DXT1, 512X512)
[2017.11.10-21.52.17:017][  0]LogTexture:Display: Building textures: LQ_Lightmap_0_6 (DXT1, 1024X1024)
[2017.11.10-21.52.17:120][  0]LogTexture:Display: Building textures: LQ_Lightmap_0_7 (DXT1, 512X512)
[2017.11.10-21.52.17:176][  0]LogTexture:Display: Building textures: LQ_Lightmap_0_8 (DXT1, 256X256)
[2017.11.10-21.52.17:211][  0]LogTexture:Display: Building textures: LQ_Lightmap_0_9 (DXT1, 1024X1024)
[2017.11.10-21.52.17:325][  0]LogTexture:Display: Building textures: SkyOcclusion0_1 (AutoDXT, 1024X512)
[2017.11.10-21.52.17:419][  0]LogTexture:Display: Building textures: SkyOcclusion0_10 (AutoDXT, 512X256)
[2017.11.10-21.52.17:462][  0]LogTexture:Display: Building textures: SkyOcclusion0_11 (AutoDXT, 64X32)
[2017.11.10-21.52.17:473][  0]LogTexture:Display: Building textures: SkyOcclusion0_2 (AutoDXT, 1024X512)
[2017.11.10-21.52.17:579][  0]LogTexture:Display: Building textures: SkyOcclusion0_3 (AutoDXT, 1024X512)
[2017.11.10-21.52.17:677][  0]LogTexture:Display: Building textures: SkyOcclusion0_4 (AutoDXT, 512X256)
[2017.11.10-21.52.17:707][  0]LogTexture:Display: Building textures: SkyOcclusion0_5 (AutoDXT, 512X256)
[2017.11.10-21.52.17:762][  0]LogTexture:Display: Building textures: SkyOcclusion0_6 (AutoDXT, 1024X512)
[2017.11.10-21.52.17:828][  0]LogTexture:Display: Building textures: SkyOcclusion0_7 (AutoDXT, 512X256)
[2017.11.10-21.52.17:858][  0]LogTexture:Display: Building textures: SkyOcclusion0_8 (AutoDXT, 256X128)
[2017.11.10-21.52.17:889][  0]LogTexture:Display: Building textures: SkyOcclusion0_9 (AutoDXT, 1024X512)
[2017.11.10-21.52.17:967][  0]LogAIModule: Creating AISystem for world default
[2017.11.10-21.52.18:586][  0]LogEditorServer: Finished looking for orphan Actors (0.000 secs)
[2017.11.10-21.52.18:754][  0]Cmd: MAP CHECKDEP NOCLEARLOG
[2017.11.10-21.52.18:837][  0]MapCheck: Info Map check complete: 0 Error(s), 0 Warning(s), took 83.017ms to complete.
[2017.11.10-21.52.18:837][  0]LogFileHelpers: Loading map 'default' took 30.690
[2017.11.10-21.52.19:229][  0]LogCollectionManager: Loaded 0 collections in 0.002698 seconds
[2017.11.10-21.52.19:347][  0]LogFileCache: Scanning file cache for directory 'D:/TGP/CastleGuardReborn/Saved/Collections/' took 0.01s
[2017.11.10-21.52.19:347][  0]LogFileCache: Scanning file cache for directory 'D:/TGP/CastleGuardReborn/Content/Developers/studentuser/Collections/' took 0.01s
[2017.11.10-21.52.19:347][  0]LogFileCache: Scanning file cache for directory 'D:/TGP/CastleGuardReborn/Content/Collections/' took 0.01s
[2017.11.10-21.52.19:347][  0]LogCollectionManager: Rebuilt the GUID cache for 0 collections in 0.000003 seconds
[2017.11.10-21.52.19:363][  0]LogContentBrowser: Native class hierarchy populated in 0.0141 seconds. Added 2330 classes and 494 folders.
[2017.11.10-21.52.19:470][  0]LogContentBrowser: Native class hierarchy updated for 'WidgetCarousel' in 0.0008 seconds. Added 0 classes and 0 folders.
[2017.11.10-21.52.20:032][  0]LogContentBrowser: Native class hierarchy updated for 'AddContentDialog' in 0.0008 seconds. Added 0 classes and 0 folders.
[2017.11.10-21.52.20:113][  0]LogContentBrowser: Native class hierarchy updated for 'SceneOutliner' in 0.0007 seconds. Added 1 classes and 2 folders.
[2017.11.10-21.52.20:266][  0]LogCrashTracker: Crashtracker disabled due to settings.
[2017.11.10-21.52.20:287][  0]LogSlate: Took 0.007275 seconds to synchronously load lazily loaded font '../../../Engine/Content/Slate/Fonts/Roboto-Regular.ttf' (155K)
[2017.11.10-21.52.20:297][  0]LogSlate: Took 0.007917 seconds to synchronously load lazily loaded font '../../../Engine/Content/Slate/Fonts/Roboto-Bold.ttf' (160K)
[2017.11.10-21.52.20:315][  0]LogSlate: Took 0.009687 seconds to synchronously load lazily loaded font '../../../Engine/Content/Editor/Slate/Fonts/FontAwesome.ttf' (139K)
[2017.11.10-21.52.20:325][  0]LogSlate: Took 0.009189 seconds to synchronously load lazily loaded font '../../../Engine/Content/Editor/Slate/Fonts/DroidSansMono.ttf' (77K)
[2017.11.10-21.52.20:586][  0]LogRenderer: Reallocating scene render targets to support 1196x576 NumSamples 1 (Frame:1).
[2017.11.10-21.52.21:150][  0]LogUObjectGlobals:Warning: Failed to find object 'Class None.'
[2017.11.10-21.52.21:252][  0]LogContentBrowser: Native class hierarchy updated for 'HierarchicalLODOutliner' in 0.0009 seconds. Added 1 classes and 2 folders.
[2017.11.10-21.52.21:252][  0]LogLoad: (Engine Initialization) Total time: 65.15 seconds
[2017.11.10-21.52.21:253][  0]LogLoad: (Engine Initialization) Total Blueprint compile time: 0.85 seconds
[2017.11.10-21.52.21:253][  0]LogExternalProfiler: Found external profiler: VSPerf
[2017.11.10-21.52.21:253][  0]LogExternalProfiler: Using external profiler: VSPerf
[2017.11.10-21.52.21:593][  0]LogOcInput: OculusInput pre-init called
[2017.11.10-21.52.21:594][  0]LogHMD: Starting GearVRController plugin
[2017.11.10-21.52.21:635][  0]LogContentStreaming: Texture pool size now 1000 MB
[2017.11.10-21.52.22:263][  2]LogAssetRegistry: Asset discovery search completed in 51.6864 seconds
[2017.11.10-21.52.22:265][  2]LogCollectionManager: Rebuilt the object cache for 0 collections in 0.000001 seconds (found 0 objects)
[2017.11.10-21.52.22:265][  2]LogCollectionManager: Fixed up redirectors for 0 collections in 0.000180 seconds (updated 0 objects)
[2017.11.10-21.52.23:556][  3]LogSlate: Took 0.953382 seconds to synchronously load lazily loaded font '../../../Engine/Content/Slate/Fonts/Roboto-Light.ttf' (159K)
[2017.11.10-21.52.27:964][ 18]LogSynthBenchmark:Display: FSynthBenchmark (V0.95):  requested WorkScale=5.00
[2017.11.10-21.52.27:965][ 18]LogSynthBenchmark:Display: ===============
[2017.11.10-21.52.27:965][ 18]LogSynthBenchmark:Display: Main Processor:
[2017.11.10-21.52.28:171][ 18]LogSynthBenchmark:Display:          ... 0.021855 s/Run 'RayIntersect'
[2017.11.10-21.52.28:171][ 18]LogSynthBenchmark:Display:          ... 0.019437 s/Run 'Fractal'
[2017.11.10-21.52.28:172][ 18]LogSynthBenchmark:Display: 
[2017.11.10-21.52.28:172][ 18]LogSynthBenchmark:Display:   CompiledTarget_x_Bits: 64
[2017.11.10-21.52.28:172][ 18]LogSynthBenchmark:Display:   UE_BUILD_SHIPPING: 0
[2017.11.10-21.52.28:172][ 18]LogSynthBenchmark:Display:   UE_BUILD_TEST: 0
[2017.11.10-21.52.28:172][ 18]LogSynthBenchmark:Display:   UE_BUILD_DEBUG: 0
[2017.11.10-21.52.28:172][ 18]LogSynthBenchmark:Display:   TotalPhysicalGBRam: 16
[2017.11.10-21.52.28:172][ 18]LogSynthBenchmark:Display:   NumberOfCores (physical): 4
[2017.11.10-21.52.28:172][ 18]LogSynthBenchmark:Display:   NumberOfCores (logical): 8
[2017.11.10-21.52.28:172][ 18]LogSynthBenchmark:Display:   CPU Perf Index 0: 117.2 (weight 1.00)
[2017.11.10-21.52.28:172][ 18]LogSynthBenchmark:Display:   CPU Perf Index 1: 147.1 (weight 1.50)
[2017.11.10-21.52.28:172][ 18]LogSynthBenchmark:Display:  
[2017.11.10-21.52.28:172][ 18]LogSynthBenchmark:Display: Graphics:
[2017.11.10-21.52.28:172][ 18]LogSynthBenchmark:Display:   Adapter Name: 'NVIDIA GeForce GTX 1070'
[2017.11.10-21.52.28:172][ 18]LogSynthBenchmark:Display:   (On Optimus the name might be wrong, memory should be ok)
[2017.11.10-21.52.28:172][ 18]LogSynthBenchmark:Display:   Vendor Id: 0x10DE
[2017.11.10-21.52.28:172][ 18]LogSynthBenchmark:Display:   Device Id: 0x1B81
[2017.11.10-21.52.28:173][ 18]LogSynthBenchmark:Display:   Device Revision: 0xA1
[2017.11.10-21.52.28:173][ 18]LogSynthBenchmark:Display:   GPU Memory: 8121/0/8142 MB
[2017.11.10-21.52.28:264][ 18]LogSynthBenchmark:Display:   GPU first test: 0.01s
[2017.11.10-21.52.28:264][ 18]LogSynthBenchmark:Display:          ... 8.331 s/GigaPix, Confidence=100% 'ALUHeavyNoise' (likely to be very inaccurate)
[2017.11.10-21.52.28:264][ 18]LogSynthBenchmark:Display:          ... 8.196 s/GigaPix, Confidence=100% 'TexHeavy' (likely to be very inaccurate)
[2017.11.10-21.52.28:264][ 18]LogSynthBenchmark:Display:          ... 6.608 s/GigaPix, Confidence=89% 'DepTexHeavy' (likely to be very inaccurate)
[2017.11.10-21.52.28:265][ 18]LogSynthBenchmark:Display:          ... 28.583 s/GigaPix, Confidence=89% 'FillOnly' (likely to be very inaccurate)
[2017.11.10-21.52.28:265][ 18]LogSynthBenchmark:Display:          ... 1.194 s/GigaPix, Confidence=100% 'Bandwidth' (likely to be very inaccurate)
[2017.11.10-21.52.28:265][ 18]LogSynthBenchmark:Display:          ... 17.578 s/GigaVert, Confidence=60% 'VertThroughPut1' (likely to be very inaccurate)
[2017.11.10-21.52.28:265][ 18]LogSynthBenchmark:Display:          ... 6.689 s/GigaVert, Confidence=89% 'VertThroughPut2' (likely to be very inaccurate)
[2017.11.10-21.52.28:421][ 18]LogSynthBenchmark:Display:   GPU second test: 0.08s
[2017.11.10-21.52.28:421][ 18]LogSynthBenchmark:Display:          ... 12.412 s/GigaPix, Confidence=100% 'ALUHeavyNoise' (likely to be inaccurate)
[2017.11.10-21.52.28:421][ 18]LogSynthBenchmark:Display:          ... 10.308 s/GigaPix, Confidence=100% 'TexHeavy' (likely to be inaccurate)
[2017.11.10-21.52.28:421][ 18]LogSynthBenchmark:Display:          ... 9.496 s/GigaPix, Confidence=100% 'DepTexHeavy' (likely to be inaccurate)
[2017.11.10-21.52.28:421][ 18]LogSynthBenchmark:Display:          ... 56.326 s/GigaPix, Confidence=100% 'FillOnly' (likely to be inaccurate)
[2017.11.10-21.52.28:421][ 18]LogSynthBenchmark:Display:          ... 1.269 s/GigaPix, Confidence=89% 'Bandwidth' (likely to be inaccurate)
[2017.11.10-21.52.28:422][ 18]LogSynthBenchmark:Display:          ... 5.839 s/GigaVert, Confidence=81% 'VertThroughPut1' (likely to be inaccurate)
[2017.11.10-21.52.28:422][ 18]LogSynthBenchmark:Display:          ... 5.312 s/GigaVert, Confidence=100% 'VertThroughPut2' (likely to be inaccurate)
[2017.11.10-21.52.29:257][ 18]LogSynthBenchmark:Display:   GPU third test: 0.76s
[2017.11.10-21.52.29:257][ 18]LogSynthBenchmark:Display:          ... 16.089 s/GigaPix, Confidence=81% 'ALUHeavyNoise'
[2017.11.10-21.52.29:257][ 18]LogSynthBenchmark:Display:          ... 12.833 s/GigaPix, Confidence=89% 'TexHeavy'
[2017.11.10-21.52.29:257][ 18]LogSynthBenchmark:Display:          ... 12.081 s/GigaPix, Confidence=81% 'DepTexHeavy'
[2017.11.10-21.52.29:257][ 18]LogSynthBenchmark:Display:          ... 77.010 s/GigaPix, Confidence=89% 'FillOnly'
[2017.11.10-21.52.29:257][ 18]LogSynthBenchmark:Display:          ... 1.406 s/GigaPix, Confidence=100% 'Bandwidth'
[2017.11.10-21.52.29:258][ 18]LogSynthBenchmark:Display:          ... 4.704 s/GigaVert, Confidence=100% 'VertThroughPut1'
[2017.11.10-21.52.29:258][ 18]LogSynthBenchmark:Display:          ... 6.020 s/GigaVert, Confidence=100% 'VertThroughPut2'
[2017.11.10-21.52.29:258][ 18]LogSynthBenchmark:Display:   GPU Final Results:
[2017.11.10-21.52.29:258][ 18]LogSynthBenchmark:Display:          ... 16.089 s/GigaPix, Confidence=81% 'ALUHeavyNoise'
[2017.11.10-21.52.29:258][ 18]LogSynthBenchmark:Display:          ... 12.833 s/GigaPix, Confidence=89% 'TexHeavy'
[2017.11.10-21.52.29:258][ 18]LogSynthBenchmark:Display:          ... 12.081 s/GigaPix, Confidence=81% 'DepTexHeavy'
[2017.11.10-21.52.29:258][ 18]LogSynthBenchmark:Display:          ... 77.010 s/GigaPix, Confidence=89% 'FillOnly'
[2017.11.10-21.52.29:258][ 18]LogSynthBenchmark:Display:          ... 1.406 s/GigaPix, Confidence=100% 'Bandwidth'
[2017.11.10-21.52.29:258][ 18]LogSynthBenchmark:Display:          ... 4.704 s/GigaVert, Confidence=100% 'VertThroughPut1'
[2017.11.10-21.52.29:258][ 18]LogSynthBenchmark:Display:          ... 6.020 s/GigaVert, Confidence=100% 'VertThroughPut2'
[2017.11.10-21.52.29:258][ 18]LogSynthBenchmark:Display: 
[2017.11.10-21.52.29:258][ 18]LogSynthBenchmark:Display:   GPU Perf Index 0: 349.7 (weight 1.00)
[2017.11.10-21.52.29:259][ 18]LogSynthBenchmark:Display:   GPU Perf Index 1: 172.3 (weight 0.10)
[2017.11.10-21.52.29:259][ 18]LogSynthBenchmark:Display:   GPU Perf Index 2: 314.0 (weight 0.10)
[2017.11.10-21.52.29:259][ 18]LogSynthBenchmark:Display:   GPU Perf Index 3: 302.4 (weight 3.00)
[2017.11.10-21.52.29:259][ 18]LogSynthBenchmark:Display:   GPU Perf Index 4: 131.1 (weight 1.00)
[2017.11.10-21.52.29:259][ 18]LogSynthBenchmark:Display:   GPU Perf Index 5: 306.0 (weight 0.00)
[2017.11.10-21.52.29:259][ 18]LogSynthBenchmark:Display:   GPU Perf Index 6: 340.7 (weight 0.00)
[2017.11.10-21.52.29:259][ 18]LogSynthBenchmark:Display:   CPUIndex: 135.2
[2017.11.10-21.52.29:259][ 18]LogSynthBenchmark:Display:   GPUIndex: 276.3
[2017.11.10-21.52.29:259][ 18]LogSynthBenchmark:Display: 
[2017.11.10-21.52.29:259][ 18]LogSynthBenchmark:Display:          ... Total Time: 1.294707 sec
[2017.11.10-21.53.21:939][655]LogSlate: Took 0.000121 seconds to synchronously load lazily loaded font '../../../Engine/Content/Slate/Fonts/Roboto-Light.ttf' (159K)
[2017.11.10-21.53.27:942][ 64]LogWindowsTextInputMethodSystem:Display: IME system now deactivated.
[2017.11.10-21.53.28:156][ 65]Cmd: QUIT_EDITOR
[2017.11.10-21.53.28:205][ 65]LogExit: Preparing to exit.
[2017.11.10-21.53.29:044][ 65]LogExit: Editor shut down
[2017.11.10-21.53.29:048][ 65]LogExit: Transaction tracking system shut down
[2017.11.10-21.53.29:211][ 65]LogObj: Freed 0b from 0 cluster array pools.
[2017.11.10-21.53.29:212][ 65]LogExit: Object subsystem successfully closed.
[2017.11.10-21.53.29:241][ 65]LogD3D11RHI: Shutdown
[2017.11.10-21.53.29:241][ 65]LogD3D11RHI: CleanupD3DDevice
[2017.11.10-21.53.29:344][ 65]LogD3D11RHI: ~FD3D11DynamicRHI
[2017.11.10-21.53.29:367][ 65]LogModuleManager: Shutting down and abandoning module SynthBenchmark (528)
[2017.11.10-21.53.29:367][ 65]LogModuleManager: Shutting down and abandoning module HierarchicalLODOutliner (526)
[2017.11.10-21.53.29:367][ 65]LogModuleManager: Shutting down and abandoning module CrashTracker (524)
[2017.11.10-21.53.29:367][ 65]LogModuleManager: Shutting down and abandoning module SceneOutliner (522)
[2017.11.10-21.53.29:367][ 65]LogModuleManager: Shutting down and abandoning module AddContentDialog (520)
[2017.11.10-21.53.29:367][ 65]LogDirectoryWatcher: A directory notification for 'C:/Program Files/Epic Games/UE_4.16/FeaturePacks/' was aborted.
[2017.11.10-21.53.29:368][ 65]LogModuleManager: Shutting down and abandoning module WidgetCarousel (519)
[2017.11.10-21.53.29:368][ 65]LogModuleManager: Shutting down and abandoning module EditorWidgets (516)
[2017.11.10-21.53.29:368][ 65]LogModuleManager: Shutting down and abandoning module CollectionManager (514)
[2017.11.10-21.53.29:368][ 65]LogDirectoryWatcher: A directory notification for 'D:/TGP/CastleGuardReborn/Content/Collections/' was aborted.
[2017.11.10-21.53.29:369][ 65]LogDirectoryWatcher: A directory notification for 'D:/TGP/CastleGuardReborn/Content/Developers/studentuser/Collections/' was aborted.
[2017.11.10-21.53.29:369][ 65]LogDirectoryWatcher: A directory notification for 'D:/TGP/CastleGuardReborn/Saved/Collections/' was aborted.
[2017.11.10-21.53.29:369][ 65]LogModuleManager: Shutting down and abandoning module WorldBrowser (512)
[2017.11.10-21.53.29:369][ 65]LogModuleManager: Shutting down and abandoning module StatsViewer (510)
[2017.11.10-21.53.29:369][ 65]LogModuleManager: Shutting down and abandoning module FoliageEdit (508)
[2017.11.10-21.53.29:369][ 65]LogModuleManager: Shutting down and abandoning module LandscapeEditor (506)
[2017.11.10-21.53.29:369][ 65]LogModuleManager: Shutting down and abandoning module MeshPaintMode (504)
[2017.11.10-21.53.29:369][ 65]LogModuleManager: Shutting down and abandoning module SceneDepthPickerMode (502)
[2017.11.10-21.53.29:369][ 65]LogModuleManager: Shutting down and abandoning module ActorPickerMode (500)
[2017.11.10-21.53.29:369][ 65]LogModuleManager: Shutting down and abandoning module GeometryMode (498)
[2017.11.10-21.53.29:369][ 65]LogModuleManager: Shutting down and abandoning module TextureAlignMode (496)
[2017.11.10-21.53.29:369][ 65]LogModuleManager: Shutting down and abandoning module BspMode (494)
[2017.11.10-21.53.29:369][ 65]LogModuleManager: Shutting down and abandoning module HardwareSurvey (492)
[2017.11.10-21.53.29:369][ 65]LogModuleManager: Shutting down and abandoning module SequenceRecorderSections (490)
[2017.11.10-21.53.29:369][ 65]LogModuleManager: Shutting down and abandoning module AutomationWorker (488)
[2017.11.10-21.53.29:369][ 65]LogModuleManager: Shutting down and abandoning module MatineeToLevelSequence (486)
[2017.11.10-21.53.29:369][ 65]LogModuleManager: Shutting down and abandoning module LevelSequenceEditor (484)
[2017.11.10-21.53.29:370][ 65]LogModuleManager: Shutting down and abandoning module PlacementMode (483)
[2017.11.10-21.53.29:370][ 65]LogModuleManager: Shutting down and abandoning module WmfMediaFactory (480)
[2017.11.10-21.53.29:370][ 65]LogModuleManager: Shutting down and abandoning module WmfMediaEditor (478)
[2017.11.10-21.53.29:370][ 65]LogModuleManager: Shutting down and abandoning module AvfMediaFactory (476)
[2017.11.10-21.53.29:370][ 65]LogModuleManager: Shutting down and abandoning module AvfMediaEditor (474)
[2017.11.10-21.53.29:370][ 65]LogModuleManager: Shutting down and abandoning module AndroidMediaFactory (472)
[2017.11.10-21.53.29:370][ 65]LogModuleManager: Shutting down and abandoning module Media (471)
[2017.11.10-21.53.29:370][ 65]LogModuleManager: Shutting down and abandoning module AndroidMediaEditor (468)
[2017.11.10-21.53.29:370][ 65]LogModuleManager: Shutting down and abandoning module CharacterAI (466)
[2017.11.10-21.53.29:370][ 65]LogModuleManager: Shutting down and abandoning module AudioCapture (464)
[2017.11.10-21.53.29:370][ 65]LogModuleManager: Shutting down and abandoning module SequenceRecorder (463)
[2017.11.10-21.53.29:370][ 65]LogModuleManager: Shutting down and abandoning module SmartSnapping (460)
[2017.11.10-21.53.29:370][ 65]LogModuleManager: Shutting down and abandoning module SessionServices (458)
[2017.11.10-21.53.29:370][ 65]LogModuleManager: Shutting down and abandoning module ViewportSnapping (456)
[2017.11.10-21.53.29:370][ 65]LogModuleManager: Shutting down and abandoning module ViewportInteraction (454)
[2017.11.10-21.53.29:370][ 65]LogModuleManager: Shutting down and abandoning module ClothPainter (452)
[2017.11.10-21.53.29:371][ 65]LogModuleManager: Shutting down and abandoning module LogVisualizer (450)
[2017.11.10-21.53.29:371][ 65]LogModuleManager: Shutting down and abandoning module IntroTutorials (448)
[2017.11.10-21.53.29:371][ 65]LogModuleManager: Shutting down and abandoning module GameProjectGeneration (447)
[2017.11.10-21.53.29:372][ 65]LogModuleManager: Shutting down and abandoning module EditorLiveStreaming (444)
[2017.11.10-21.53.29:372][ 65]LogModuleManager: Shutting down and abandoning module IOSPlatformEditor (442)
[2017.11.10-21.53.29:372][ 65]LogModuleManager: Shutting down and abandoning module HTML5PlatformEditor (440)
[2017.11.10-21.53.29:372][ 65]LogModuleManager: Shutting down and abandoning module AndroidPlatformEditor (438)
[2017.11.10-21.53.29:372][ 65]LogModuleManager: Shutting down and abandoning module AndroidDeviceDetection (437)
[2017.11.10-21.53.30:257][ 65]LogModuleManager: Shutting down and abandoning module IOSRuntimeSettings (434)
[2017.11.10-21.53.30:257][ 65]LogModuleManager: Shutting down and abandoning module AndroidRuntimeSettings (432)
[2017.11.10-21.53.30:257][ 65]LogModuleManager: Shutting down and abandoning module InputBindingEditor (430)
[2017.11.10-21.53.30:257][ 65]LogModuleManager: Shutting down and abandoning module MergeActors (428)
[2017.11.10-21.53.30:257][ 65]LogModuleManager: Shutting down and abandoning module SizeMap (426)
[2017.11.10-21.53.30:257][ 65]LogModuleManager: Shutting down and abandoning module TreeMap (424)
[2017.11.10-21.53.30:257][ 65]LogModuleManager: Shutting down and abandoning module ReferenceViewer (422)
[2017.11.10-21.53.30:257][ 65]LogModuleManager: Shutting down and abandoning module LocalizationDashboard (420)
[2017.11.10-21.53.30:258][ 65]LogModuleManager: Shutting down and abandoning module LocalizationService (419)
[2017.11.10-21.53.30:258][ 65]LogModuleManager: Shutting down and abandoning module HardwareTargeting (416)
[2017.11.10-21.53.30:258][ 65]LogModuleManager: Shutting down and abandoning module DeviceProfileEditor (414)
[2017.11.10-21.53.30:258][ 65]LogModuleManager: Shutting down and abandoning module UndoHistory (412)
[2017.11.10-21.53.30:258][ 65]LogModuleManager: Shutting down and abandoning module UserFeedback (410)
[2017.11.10-21.53.30:258][ 65]LogModuleManager: Shutting down and abandoning module XmlParser (408)
[2017.11.10-21.53.30:258][ 65]LogModuleManager: Shutting down and abandoning module Blutility (406)
[2017.11.10-21.53.30:258][ 65]LogModuleManager: Shutting down and abandoning module ProjectSettingsViewer (404)
[2017.11.10-21.53.30:258][ 65]LogModuleManager: Shutting down and abandoning module ProjectTargetPlatformEditor (403)
[2017.11.10-21.53.30:258][ 65]LogModuleManager: Shutting down and abandoning module EditorSettingsViewer (400)
[2017.11.10-21.53.30:259][ 65]LogModuleManager: Shutting down and abandoning module SettingsEditor (398)
[2017.11.10-21.53.30:259][ 65]LogModuleManager: Shutting down and abandoning module ProjectLauncher (396)
[2017.11.10-21.53.30:259][ 65]LogModuleManager: Shutting down and abandoning module SessionFrontend (394)
[2017.11.10-21.53.30:259][ 65]LogModuleManager: Shutting down and abandoning module ProfilerClient (392)
[2017.11.10-21.53.30:260][ 65]LogModuleManager: Shutting down and abandoning module DeviceManager (390)
[2017.11.10-21.53.30:260][ 65]LogModuleManager: Shutting down and abandoning module TargetDeviceServices (389)
[2017.11.10-21.53.30:323][ 65]LogModuleManager: Shutting down and abandoning module AutomationController (386)
[2017.11.10-21.53.30:323][ 65]LogModuleManager: Shutting down and abandoning module AutomationWindow (384)
[2017.11.10-21.53.30:324][ 65]LogModuleManager: Shutting down and abandoning module Layers (382)
[2017.11.10-21.53.30:325][ 65]LogModuleManager: Shutting down and abandoning module ComponentVisualizers (380)
[2017.11.10-21.53.30:325][ 65]LogModuleManager: Shutting down and abandoning module DetailCustomizations (378)
[2017.11.10-21.53.30:325][ 65]LogModuleManager: Shutting down and abandoning module PackagesDialog (376)
[2017.11.10-21.53.30:325][ 65]LogModuleManager: Shutting down and abandoning module Persona (374)
[2017.11.10-21.53.30:326][ 65]LogModuleManager: Shutting down and abandoning module AdvancedPreviewScene (373)
[2017.11.10-21.53.30:326][ 65]LogModuleManager: Shutting down and abandoning module AnimGraph (371)
[2017.11.10-21.53.30:326][ 65]LogModuleManager: Shutting down and abandoning module Kismet (368)
[2017.11.10-21.53.30:328][ 65]LogModuleManager: Shutting down and abandoning module ClassViewer (366)
[2017.11.10-21.53.30:329][ 65]LogModuleManager: Shutting down and abandoning module Toolbox (364)
[2017.11.10-21.53.30:329][ 65]LogModuleManager: Shutting down and abandoning module ModuleUI (362)
[2017.11.10-21.53.30:329][ 65]LogModuleManager: Shutting down and abandoning module MovieSceneTools (360)
[2017.11.10-21.53.30:329][ 65]LogModuleManager: Shutting down and abandoning module OutputLog (358)
[2017.11.10-21.53.30:329][ 65]LogModuleManager: Shutting down and abandoning module GammaUI (356)
[2017.11.10-21.53.30:330][ 65]LogModuleManager: Shutting down and abandoning module Documentation (354)
[2017.11.10-21.53.30:330][ 65]LogModuleManager: Shutting down and abandoning module MovieSceneTracks (352)
[2017.11.10-21.53.30:330][ 65]LogModuleManager: Shutting down and abandoning module MovieScene (350)
[2017.11.10-21.53.30:330][ 65]LogModuleManager: Shutting down and abandoning module Niagara (348)
[2017.11.10-21.53.30:330][ 65]LogModuleManager: Shutting down and abandoning module NiagaraEditor (347)
[2017.11.10-21.53.30:330][ 65]LogModuleManager: Shutting down and abandoning module StreamingPauseRendering (344)
[2017.11.10-21.53.30:330][ 65]LogModuleManager: Shutting down and abandoning module AnalyticsET (342)
[2017.11.10-21.53.30:330][ 65]LogModuleManager: Shutting down and abandoning module PortalServices (340)
[2017.11.10-21.53.30:330][ 65]LogModuleManager: Shutting down and abandoning module PortalRpc (338)
[2017.11.10-21.53.30:330][ 65]LogModuleManager: Shutting down and abandoning module MessagingRpc (336)
[2017.11.10-21.53.30:330][ 65]LogModuleManager: Shutting down and abandoning module AIModule (334)
[2017.11.10-21.53.30:330][ 65]LogModuleManager: Shutting down and abandoning module GameplayDebugger (333)
[2017.11.10-21.53.30:330][ 65]LogModuleManager: Shutting down and abandoning module AITestSuite (331)
[2017.11.10-21.53.30:330][ 65]LogModuleManager: Shutting down and abandoning module ProfilerService (328)
[2017.11.10-21.53.30:418][ 65]LogModuleManager: Shutting down and abandoning module TaskGraph (326)
[2017.11.10-21.53.30:419][ 65]LogModuleManager: Shutting down and abandoning module SteamVRController (324)
[2017.11.10-21.53.30:419][ 65]LogModuleManager: Shutting down and abandoning module SteamVR (322)
[2017.11.10-21.53.30:419][ 65]LogModuleManager: Shutting down and abandoning module ProceduralMeshComponentEditor (320)
[2017.11.10-21.53.30:419][ 65]LogModuleManager: Shutting down and abandoning module ProceduralMeshComponent (318)
[2017.11.10-21.53.30:419][ 65]LogModuleManager: Shutting down and abandoning module OculusLibrary (316)
[2017.11.10-21.53.30:419][ 65]LogModuleManager: Shutting down and abandoning module OculusInput (314)
[2017.11.10-21.53.30:419][ 65]LogModuleManager: Shutting down and abandoning module MobilePatchingUtils (312)
[2017.11.10-21.53.30:419][ 65]LogModuleManager: Shutting down and abandoning module CustomMeshComponent (310)
[2017.11.10-21.53.30:419][ 65]LogModuleManager: Shutting down and abandoning module CableComponent (308)
[2017.11.10-21.53.30:419][ 65]LogModuleManager: Shutting down and abandoning module ArchVisCharacter (306)
[2017.11.10-21.53.30:419][ 65]LogModuleManager: Shutting down and abandoning module AndroidPermission (304)
[2017.11.10-21.53.30:419][ 65]LogModuleManager: Shutting down and abandoning module MediaPlayerEditor (300)
[2017.11.10-21.53.30:419][ 65]LogModuleManager: Shutting down and abandoning module HTML5Networking (298)
[2017.11.10-21.53.30:419][ 65]LogModuleManager: Shutting down and abandoning module AlembicImporter (296)
[2017.11.10-21.53.30:419][ 65]LogModuleManager: Shutting down and abandoning module AlembicLibrary (295)
[2017.11.10-21.53.30:419][ 65]LogModuleManager: Shutting down and abandoning module GeometryCache (294)
[2017.11.10-21.53.30:420][ 65]LogModuleManager: Shutting down and abandoning module GeometryCacheEd (293)
[2017.11.10-21.53.30:420][ 65]LogModuleManager: Shutting down and abandoning module SuperSearchEditor (288)
[2017.11.10-21.53.30:420][ 65]LogModuleManager: Shutting down and abandoning module SuperSearch (287)
[2017.11.10-21.53.30:420][ 65]LogModuleManager: Shutting down and abandoning module SpeedTreeImporter (284)
[2017.11.10-21.53.30:420][ 65]LogModuleManager: Shutting down and abandoning module PluginBrowser (282)
[2017.11.10-21.53.30:420][ 65]LogModuleManager: Shutting down and abandoning module MobileLauncherProfileWizard (280)
[2017.11.10-21.53.30:420][ 65]LogModuleManager: Shutting down and abandoning module VisualStudioSourceCodeAccess (278)
[2017.11.10-21.53.30:420][ 65]LogModuleManager: Shutting down and abandoning module DesktopPlatform (277)
[2017.11.10-21.53.30:420][ 65]LogModuleManager: Shutting down and abandoning module UObjectPlugin (274)
[2017.11.10-21.53.30:420][ 65]LogModuleManager: Shutting down and abandoning module SubversionSourceControl (272)
[2017.11.10-21.53.30:420][ 65]LogModuleManager: Shutting down and abandoning module PerforceSourceControl (270)
[2017.11.10-21.53.30:420][ 65]LogModuleManager: Shutting down and abandoning module GitSourceControl (268)
[2017.11.10-21.53.30:420][ 65]LogModuleManager: Shutting down and abandoning module SourceControl (267)
[2017.11.10-21.53.30:420][ 65]LogModuleManager: Shutting down and abandoning module LightPropagationVolumeEditor (264)
[2017.11.10-21.53.30:420][ 65]LogModuleManager: Shutting down and abandoning module PaperTiledImporter (262)
[2017.11.10-21.53.30:420][ 65]LogModuleManager: Shutting down and abandoning module PaperSpriteSheetImporter (260)
[2017.11.10-21.53.30:420][ 65]LogModuleManager: Shutting down and abandoning module Paper2DEditor (258)
[2017.11.10-21.53.30:420][ 65]LogModuleManager: Shutting down and abandoning module MeshPaint (257)
[2017.11.10-21.53.30:420][ 65]LogModuleManager: Shutting down and abandoning module LevelEditor (255)
[2017.11.10-21.53.30:420][ 65]LogModuleManager: Shutting down and abandoning module PixelInspectorModule (254)
[2017.11.10-21.53.30:420][ 65]LogModuleManager: Shutting down and abandoning module MainFrame (252)
[2017.11.10-21.53.30:421][ 65]LogModuleManager: Shutting down and abandoning module HotReload (251)
[2017.11.10-21.53.30:421][ 65]LogModuleManager: Shutting down and abandoning module PhysXVehiclesEditor (246)
[2017.11.10-21.53.30:421][ 65]LogModuleManager: Shutting down and abandoning module PhysXVehicles (244)
[2017.11.10-21.53.30:421][ 65]LogModuleManager: Shutting down and abandoning module LocationServicesBPLibrary (242)
[2017.11.10-21.53.30:421][ 65]LogModuleManager: Shutting down and abandoning module ImmediatePhysicsEditor (240)
[2017.11.10-21.53.30:421][ 65]LogModuleManager: Shutting down and abandoning module ImmediatePhysics (238)
[2017.11.10-21.53.30:421][ 65]LogModuleManager: Shutting down and abandoning module UdpMessaging (236)
[2017.11.10-21.53.30:522][ 65]LogModuleManager: Shutting down and abandoning module TcpMessaging (234)
[2017.11.10-21.53.30:622][ 65]LogModuleManager: Shutting down and abandoning module GameplayTagsEditor (232)
[2017.11.10-21.53.30:622][ 65]LogModuleManager: Shutting down and abandoning module FacialAnimationEditor (230)
[2017.11.10-21.53.30:622][ 65]LogModuleManager: Shutting down and abandoning module FacialAnimation (228)
[2017.11.10-21.53.30:622][ 65]LogModuleManager: Shutting down and abandoning module AssetManagerEditor (226)
[2017.11.10-21.53.30:622][ 65]LogModuleManager: Shutting down and abandoning module GraphEditor (225)
[2017.11.10-21.53.30:624][ 65]LogModuleManager: Shutting down and abandoning module ContentBrowser (223)
[2017.11.10-21.53.30:625][ 65]LogModuleManager: Shutting down and abandoning module LightPropagationVolumeRuntime (220)
[2017.11.10-21.53.30:625][ 65]LogModuleManager: Shutting down and abandoning module Paper2D (218)
[2017.11.10-21.53.30:626][ 65]LogModuleManager: Shutting down and abandoning module WindowsMoviePlayer (216)
[2017.11.10-21.53.30:626][ 65]LogModuleManager: Shutting down and abandoning module WmfMedia (214)
[2017.11.10-21.53.30:626][ 65]LogModuleManager: Shutting down and abandoning module ClothingSystemEditor (212)
[2017.11.10-21.53.30:626][ 65]LogModuleManager: Shutting down and abandoning module ClothingSystemRuntime (210)
[2017.11.10-21.53.30:626][ 65]LogModuleManager: Shutting down and abandoning module MediaAssets (208)
[2017.11.10-21.53.30:626][ 65]LogModuleManager: Shutting down and abandoning module GameLiveStreaming (206)
[2017.11.10-21.53.30:626][ 65]LogModuleManager: Shutting down and abandoning module VREditor (204)
[2017.11.10-21.53.30:627][ 65]LogModuleManager: Shutting down and abandoning module StringTableEditor (202)
[2017.11.10-21.53.30:627][ 65]LogModuleManager: Shutting down and abandoning module GameplayTasksEditor (200)
[2017.11.10-21.53.30:627][ 65]LogModuleManager: Shutting down and abandoning module BehaviorTreeEditor (198)
[2017.11.10-21.53.30:629][ 65]LogModuleManager: Shutting down and abandoning module FunctionalTesting (196)
[2017.11.10-21.53.30:629][ 65]LogModuleManager: Shutting down and abandoning module CollisionAnalyzer (194)
[2017.11.10-21.53.30:630][ 65]LogModuleManager: Shutting down and abandoning module UMG (192)
[2017.11.10-21.53.30:630][ 65]LogModuleManager: Shutting down and abandoning module UMGEditor (191)
[2017.11.10-21.53.30:630][ 65]LogModuleManager: Shutting down and abandoning module Sequencer (190)
[2017.11.10-21.53.30:630][ 65]LogModuleManager: Shutting down and abandoning module AssetTools (188)
[2017.11.10-21.53.30:634][ 65]LogModuleManager: Shutting down and abandoning module MessageLog (187)
[2017.11.10-21.53.30:634][ 65]LogModuleManager: Shutting down and abandoning module WorkspaceMenuStructure (186)
[2017.11.10-21.53.30:634][ 65]LogModuleManager: Shutting down and abandoning module SlateReflector (180)
[2017.11.10-21.53.30:635][ 65]LogModuleManager: Shutting down and abandoning module Slate (178)
[2017.11.10-21.53.30:635][ 65]LogModuleManager: Shutting down and abandoning module EditorStyle (176)
[2017.11.10-21.53.30:637][ 65]LogModuleManager: Shutting down and abandoning module SourceCodeAccess (174)
[2017.11.10-21.53.30:637][ 65]LogModuleManager: Shutting down and abandoning module HeadMountedDisplay (172)
[2017.11.10-21.53.30:637][ 65]LogModuleManager: Shutting down and abandoning module XAudio2 (170)
[2017.11.10-21.53.30:637][ 65]LogModuleManager: Shutting down and abandoning module Networking (168)
[2017.11.10-21.53.30:637][ 65]LogModuleManager: Shutting down and abandoning module Core (164)
[2017.11.10-21.53.30:637][ 65]LogModuleManager: Shutting down and abandoning module AssetRegistry (162)
[2017.11.10-21.53.30:790][ 65]LogDirectoryWatcher: A directory notification for '../../../Engine/Content/' was aborted.
[2017.11.10-21.53.30:790][ 65]LogDirectoryWatcher: A directory notification for 'D:/TGP/CastleGuardReborn/Content/' was aborted.
[2017.11.10-21.53.30:790][ 65]LogDirectoryWatcher: A directory notification for '../../../Engine/Plugins/2D/Paper2D/Content/' was aborted.
[2017.11.10-21.53.30:790][ 65]LogDirectoryWatcher: A directory notification for '../../../Engine/Plugins/Runtime/GearVR/Content/' was aborted.
[2017.11.10-21.53.30:793][ 65]LogModuleManager: Shutting down and abandoning module DirectoryWatcher (161)
[2017.11.10-21.53.30:793][ 65]LogModuleManager: Shutting down and abandoning module KismetCompiler (158)
[2017.11.10-21.53.30:793][ 65]LogModuleManager: Shutting down and abandoning module LevelSequence (156)
[2017.11.10-21.53.30:793][ 65]LogModuleManager: Shutting down and abandoning module PhysXFormats (154)
[2017.11.10-21.53.30:793][ 65]LogModuleManager: Shutting down and abandoning module MeshUtilities (152)
[2017.11.10-21.53.30:793][ 65]LogModuleManager: Shutting down and abandoning module SimplygonSwarm (151)
[2017.11.10-21.53.30:793][ 65]LogModuleManager: Shutting down and abandoning module SimplygonMeshReduction (149)
[2017.11.10-21.53.30:793][ 65]LogModuleManager: Shutting down and abandoning module QuadricMeshReduction (147)
[2017.11.10-21.53.30:793][ 65]LogModuleManager: Shutting down and abandoning module DerivedDataCache (144)
[2017.11.10-21.53.30:875][ 65]LogDerivedDataCache: Shutdown
[2017.11.10-21.53.30:875][ 65]LogModuleManager: Shutting down and abandoning module TargetPlatform (142)
[2017.11.10-21.53.30:875][ 65]LogModuleManager: Shutting down and abandoning module VulkanShaderFormat (141)
[2017.11.10-21.53.30:875][ 65]LogModuleManager: Shutting down and abandoning module ShaderFormatVectorVM (139)
[2017.11.10-21.53.30:875][ 65]LogModuleManager: Shutting down and abandoning module ShaderFormatOpenGL (137)
[2017.11.10-21.53.30:875][ 65]LogModuleManager: Shutting down and abandoning module ShaderFormatD3D (135)
[2017.11.10-21.53.30:875][ 65]LogModuleManager: Shutting down and abandoning module MetalShaderFormat (133)
[2017.11.10-21.53.30:876][ 65]LogModuleManager: Shutting down and abandoning module TextureFormatUncompressed (131)
[2017.11.10-21.53.30:876][ 65]LogModuleManager: Shutting down and abandoning module TextureFormatPVR (129)
[2017.11.10-21.53.30:876][ 65]LogModuleManager: Shutting down and abandoning module TextureFormatDXT (127)
[2017.11.10-21.53.30:876][ 65]LogModuleManager: Shutting down and abandoning module TextureFormatIntelISPCTexComp (125)
[2017.11.10-21.53.30:876][ 65]LogModuleManager: Shutting down and abandoning module TextureFormatASTC (123)
[2017.11.10-21.53.30:876][ 65]LogModuleManager: Shutting down and abandoning module ImageWrapper (122)
[2017.11.10-21.53.30:876][ 65]LogModuleManager: Shutting down and abandoning module TextureFormatAndroid (119)
[2017.11.10-21.53.30:876][ 65]LogModuleManager: Shutting down and abandoning module AudioFormatOpus (117)
[2017.11.10-21.53.30:876][ 65]LogModuleManager: Shutting down and abandoning module AudioFormatOgg (115)
[2017.11.10-21.53.30:876][ 65]LogModuleManager: Shutting down and abandoning module AudioFormatADPCM (113)
[2017.11.10-21.53.30:876][ 65]LogModuleManager: Shutting down and abandoning module LinuxTargetPlatform (111)
[2017.11.10-21.53.30:876][ 65]LogModuleManager: Shutting down and abandoning module LinuxServerTargetPlatform (109)
[2017.11.10-21.53.30:876][ 65]LogModuleManager: Shutting down and abandoning module LinuxNoEditorTargetPlatform (107)
[2017.11.10-21.53.30:876][ 65]LogModuleManager: Shutting down and abandoning module LinuxClientTargetPlatform (105)
[2017.11.10-21.53.30:876][ 65]LogModuleManager: Shutting down and abandoning module TVOSTargetPlatform (103)
[2017.11.10-21.53.30:876][ 65]LogModuleManager: Shutting down and abandoning module Messaging (101)
[2017.11.10-21.53.30:876][ 65]LogModuleManager: Shutting down and abandoning module IOSTargetPlatform (99)
[2017.11.10-21.53.30:876][ 65]LogModuleManager: Shutting down and abandoning module HTML5TargetPlatform (97)
[2017.11.10-21.53.30:876][ 65]LogModuleManager: Shutting down and abandoning module Android_PVRTCTargetPlatform (95)
[2017.11.10-21.53.30:876][ 65]LogModuleManager: Shutting down and abandoning module Android_MultiTargetPlatform (93)
[2017.11.10-21.53.30:876][ 65]LogModuleManager: Shutting down and abandoning module Android_ETC2TargetPlatform (91)
[2017.11.10-21.53.30:876][ 65]LogModuleManager: Shutting down and abandoning module Android_ETC1TargetPlatform (89)
[2017.11.10-21.53.30:876][ 65]LogModuleManager: Shutting down and abandoning module Android_DXTTargetPlatform (87)
[2017.11.10-21.53.30:876][ 65]LogModuleManager: Shutting down and abandoning module Android_ATCTargetPlatform (85)
[2017.11.10-21.53.30:876][ 65]LogModuleManager: Shutting down and abandoning module Android_ASTCTargetPlatform (83)
[2017.11.10-21.53.30:876][ 65]LogModuleManager: Shutting down and abandoning module AndroidTargetPlatform (81)
[2017.11.10-21.53.30:876][ 65]LogModuleManager: Shutting down and abandoning module WindowsTargetPlatform (79)
[2017.11.10-21.53.30:876][ 65]LogModuleManager: Shutting down and abandoning module WindowsServerTargetPlatform (77)
[2017.11.10-21.53.30:876][ 65]LogModuleManager: Shutting down and abandoning module WindowsNoEditorTargetPlatform (75)
[2017.11.10-21.53.30:876][ 65]LogModuleManager: Shutting down and abandoning module WindowsClientTargetPlatform (73)
[2017.11.10-21.53.30:876][ 65]LogModuleManager: Shutting down and abandoning module MacTargetPlatform (71)
[2017.11.10-21.53.30:876][ 65]LogModuleManager: Shutting down and abandoning module MacServerTargetPlatform (69)
[2017.11.10-21.53.30:876][ 65]LogModuleManager: Shutting down and abandoning module MacNoEditorTargetPlatform (67)
[2017.11.10-21.53.30:876][ 65]LogModuleManager: Shutting down and abandoning module MacClientTargetPlatform (65)
[2017.11.10-21.53.30:876][ 65]LogModuleManager: Shutting down and abandoning module AllDesktopTargetPlatform (63)
[2017.11.10-21.53.30:876][ 65]LogModuleManager: Shutting down and abandoning module InputCore (60)
[2017.11.10-21.53.30:876][ 65]LogModuleManager: Shutting down and abandoning module Settings (58)
[2017.11.10-21.53.30:876][ 65]LogModuleManager: Shutting down and abandoning module OculusRift (56)
[2017.11.10-21.53.30:876][ 65]LogModuleManager: Shutting down and abandoning module GearVRController (54)
[2017.11.10-21.53.30:876][ 65]LogModuleManager: Shutting down and abandoning module GearVR (52)
[2017.11.10-21.53.30:876][ 65]LogModuleManager: Shutting down and abandoning module ExampleDeviceProfileSelector (50)
[2017.11.10-21.53.30:876][ 65]LogModuleManager: Shutting down and abandoning module OnlineBlueprintSupport (48)
[2017.11.10-21.53.30:876][ 65]LogModuleManager: Shutting down and abandoning module OnlineSubsystem (44)
[2017.11.10-21.53.30:876][ 65]LogOnline:Display: Unloading online subsystem: NULL
[2017.11.10-21.53.30:876][ 65]LogModuleManager: Shutting down and abandoning module XMPP (43)
[2017.11.10-21.53.30:877][ 65]LogModuleManager: Shutting down and abandoning module HTTP (41)
[2017.11.10-21.53.30:877][ 65]LogHttp:Display: Http module shutting down, but needs to wait on 1 outstanding Http requests:
[2017.11.10-21.53.30:877][ 65]LogHttp:Display: 	verb=[POST] url=[https://datarouter.ol.epicgames.com/datarouter/api/v1/public/data?SessionID=%7B192D77FB-4767-3944-2A7C-89B70DBF5270%7D&AppID=UEEditor.Rocket.Release&AppVersion=4.16.2-3514769%2B%2B%2BUE4%2BRelease-4.16&UserID=982011a7482c1cbdc2ce3cbeaef51dbe%7Ce0ca3295625c4184a95d26a3b9c858a2%7C70012bb2-c253-4297-934e-6257f569ac01&AppEnvironment=datacollector-binary&UploadType=eteventstream] status=Processing
[2017.11.10-21.53.30:894][ 65]LogModuleManager: Shutting down and abandoning module SSL (40)
[2017.11.10-21.53.30:895][ 65]LogModuleManager: Shutting down and abandoning module HTTPChunkInstaller (36)
[2017.11.10-21.53.30:896][ 65]LogModuleManager: Shutting down and abandoning module AnimationModifiers (34)
[2017.11.10-21.53.30:896][ 65]LogModuleManager: Shutting down and abandoning module PropertyEditor (33)
[2017.11.10-21.53.30:896][ 65]LogModuleManager: Shutting down and abandoning module AudioEditor (30)
[2017.11.10-21.53.30:896][ 65]LogModuleManager: Shutting down and abandoning module TextureCompressor (28)
[2017.11.10-21.53.30:896][ 65]LogModuleManager: Shutting down and abandoning module ShaderCore (26)
[2017.11.10-21.53.30:896][ 65]LogModuleManager: Shutting down and abandoning module Landscape (24)
[2017.11.10-21.53.30:896][ 65]LogModuleManager: Shutting down and abandoning module SlateRHIRenderer (22)
[2017.11.10-21.53.30:897][ 65]LogModuleManager: Shutting down and abandoning module OpenGLDrv (20)
[2017.11.10-21.53.30:897][ 65]LogModuleManager: Shutting down and abandoning module D3D11RHI (18)
[2017.11.10-21.53.30:897][ 65]LogModuleManager: Shutting down and abandoning module AnimGraphRuntime (16)
[2017.11.10-21.53.30:897][ 65]LogModuleManager: Shutting down and abandoning module Renderer (14)
[2017.11.10-21.53.30:897][ 65]LogModuleManager: Shutting down and abandoning module Engine (12)
[2017.11.10-21.53.30:897][ 65]LogModuleManager: Shutting down and abandoning module CoreUObject (10)
[2017.11.10-21.53.30:897][ 65]LogModuleManager: Shutting down and abandoning module NetworkFile (8)
[2017.11.10-21.53.30:897][ 65]LogModuleManager: Shutting down and abandoning module StreamingFile (6)
[2017.11.10-21.53.30:897][ 65]LogModuleManager: Shutting down and abandoning module SandboxFile (4)
[2017.11.10-21.53.30:897][ 65]LogModuleManager: Shutting down and abandoning module PakFile (2)
[2017.11.10-21.53.30:899][ 65]LogExit: Exiting.
[2017.11.10-21.53.30:926][ 65]Log file closed, 11/10/17 13:53:30
