Log file open, 12/11/17 15:58:28
LogInit:Display: Running engine for game: CastleGuardReborn
LogPlatformFile: Not using cached read wrapper
LogInit:Display: RandInit(1413223331) SRandInit(1413223331).
LogTaskGraph: Started task graph with 5 named threads and 8 total threads with 1 sets of task threads.
LogStats: Stats thread started at 0.079851
LogInit: Using libcurl 7.47.1
LogInit:  - built for x86_64-pc-win32
LogInit:  - supports SSL with OpenSSL/1.0.2g
LogInit:  - supports HTTP deflate (compression) using libz 1.2.8
LogInit:  - other features:
LogInit:      CURL_VERSION_SSL
LogInit:      CURL_VERSION_LIBZ
LogInit:      CURL_VERSION_IPV6
LogInit:      CURL_VERSION_ASYNCHDNS
LogInit:      CURL_VERSION_LARGEFILE
LogInit:      CURL_VERSION_IDN
LogInit:  CurlRequestOptions (configurable via config and command line):
LogInit:  - bVerifyPeer = false  - Libcurl will NOT verify peer certificate
LogInit:  - bUseHttpProxy = false  - Libcurl will NOT use HTTP proxy
LogInit:  - bDontReuseConnections = false  - Libcurl will reuse connections
LogInit:  - CertBundlePath = nullptr  - Libcurl will use whatever was configured at build time.
LogInit: Build: ++UE4+Release-4.16-CL-3514769
LogInit: Engine Version: 4.16.2-3514769+++UE4+Release-4.16
LogInit: Compatible Engine Version: 4.16.0-3452394+++UE4+Release-4.16
LogInit: Net CL: 3452394
LogDevObjectVersion: Number of dev versions registered: 16
LogDevObjectVersion:   Dev-Blueprints (B0D832E4-1F89-4F0D-ACCF-7EB736FD4AA2): 9
LogDevObjectVersion:   Dev-Build (E1C64328-A22C-4D53-A36C-8E866417BD8C): 0
LogDevObjectVersion:   Dev-Core (375EC13C-06E4-48FB-B500-84F0262A717E): 2
LogDevObjectVersion:   Dev-Editor (E4B068ED-F494-42E9-A231-DA0B2E46BB41): 17
LogDevObjectVersion:   Dev-Framework (CFFC743F-43B0-4480-9391-14DF171D2073): 23
LogDevObjectVersion:   Dev-Mobile (B02B49B5-BB20-44E9-A304-32B752E40360): 0
LogDevObjectVersion:   Dev-Networking (A4E4105C-59A1-49B5-A7C5-40C4547EDFEE): 0
LogDevObjectVersion:   Dev-Online (39C831C9-5AE6-47DC-9A44-9C173E1C8E7C): 0
LogDevObjectVersion:   Dev-Physics (78F01B33-EBEA-4F98-B9B4-84EACCB95AA2): 0
LogDevObjectVersion:   Dev-Platform (6631380F-2D4D-43E0-8009-CF276956A95A): 0
LogDevObjectVersion:   Dev-Rendering (12F88B9F-8875-4AFC-A67C-D90C383ABD29): 15
LogDevObjectVersion:   Dev-Sequencer (7B5AE74C-D270-4C10-A958-57980B212A5A): 4
LogDevObjectVersion:   Dev-VR (D7296918-1DD6-4BDD-9DE2-64A83CC13884): 0
LogDevObjectVersion:   Dev-LoadTimes (C2A15278-BFE7-4AFE-6C17-90FF531DF755): 1
LogDevObjectVersion:   Private-Geometry (6EACA3D4-40EC-4CC1-B786-8BED09428FC5): 1
LogDevObjectVersion:   Dev-AnimPhys (29E575DD-E0A3-4627-9D10-D276232CDCEA): 3
LogInit: Compiled (64-bit): Jun 29 2017 02:03:24
LogInit: Compiled with Visual C++: 19.00.24215.01
LogInit: Build Configuration: Development
LogInit: Branch Name: ++UE4+Release-4.16
LogInit: Command line:  
LogInit: Base directory: C:/Program Files/Epic Games/UE_4.16/Engine/Binaries/Win64/
LogInit: Installed Engine Build: 1
LogInit: Presizing for max 8388607 objects, including 0 objects not considered by GC, pre-allocating 0 bytes for permanent pool.
LogInit: Object subsystem initialized
[2017.12.11-23.58.28:781][  0]LogInit: Selected Device Profile: [Windows]
[2017.12.11-23.58.28:781][  0]LogInit: Applying CVar settings loaded from the selected device profile: [Windows]
[2017.12.11-23.58.28:788][  0]LogInit: Computer: LCIVAN-238-00
[2017.12.11-23.58.28:788][  0]LogInit: User: studentuser
[2017.12.11-23.58.28:788][  0]LogInit: CPU Page size=4096, Cores=4
[2017.12.11-23.58.28:788][  0]LogInit: High frequency timer resolution =4.101561 MHz
[2017.12.11-23.58.28:788][  0]LogMemory: Memory total: Physical=15.9GB (16GB approx)
[2017.12.11-23.58.28:788][  0]LogMemory: Platform Memory Stats for Windows
[2017.12.11-23.58.28:788][  0]LogMemory: Process Physical Memory: 274.77 MB used, 274.77 MB peak
[2017.12.11-23.58.28:788][  0]LogMemory: Process Virtual Memory: 260.91 MB used, 260.91 MB peak
[2017.12.11-23.58.28:788][  0]LogMemory: Physical Memory: 6240.04 MB used,  10043.41 MB free, 16283.45 MB total
[2017.12.11-23.58.28:788][  0]LogMemory: Virtual Memory: 638.49 MB used,  10043.41 MB free, 134217728.00 MB total
[2017.12.11-23.58.28:838][  0]LogInit: Using OS detected language (en-US).
[2017.12.11-23.58.28:838][  0]LogInit: Using OS detected locale (en-CA).
[2017.12.11-23.58.28:840][  0]LogTextLocalizationManager: No specific localization for 'en-US' exists, so the 'en' localization will be used.
[2017.12.11-23.58.29:490][  0]LogD3D11RHI: D3D11 adapters:
[2017.12.11-23.58.29:524][  0]LogD3D11RHI:    0. 'NVIDIA GeForce GTX 1070' (Feature Level 11_0)
[2017.12.11-23.58.29:524][  0]LogD3D11RHI:       8120/0/8141 MB DedicatedVideo/DedicatedSystem/SharedSystem, Outputs:1, VendorId:0x10de
[2017.12.11-23.58.29:530][  0]LogD3D11RHI:    1. 'Intel(R) HD Graphics 630' (Feature Level 11_0)
[2017.12.11-23.58.29:530][  0]LogD3D11RHI:       128/0/8141 MB DedicatedVideo/DedicatedSystem/SharedSystem, Outputs:0, VendorId:0x8086
[2017.12.11-23.58.29:531][  0]LogD3D11RHI:    2. 'Microsoft Basic Render Driver' (Feature Level 11_0)
[2017.12.11-23.58.29:531][  0]LogD3D11RHI:       0/0/8141 MB DedicatedVideo/DedicatedSystem/SharedSystem, Outputs:0, VendorId:0x1414
[2017.12.11-23.58.29:531][  0]LogD3D11RHI: Chosen D3D11 Adapter: 0
[2017.12.11-23.58.29:538][  0]LogD3D11RHI: Creating new Direct3DDevice
[2017.12.11-23.58.29:538][  0]LogD3D11RHI:     GPU DeviceId: 0x1b81 (for the marketing name, search the web for "GPU Device Id")
[2017.12.11-23.58.29:538][  0]LogWindows: EnumDisplayDevices:
[2017.12.11-23.58.29:538][  0]LogWindows:    0. 'NVIDIA GeForce GTX 1070' (P:1 D:1)
[2017.12.11-23.58.29:538][  0]LogWindows:    1. 'NVIDIA GeForce GTX 1070' (P:0 D:0)
[2017.12.11-23.58.29:538][  0]LogWindows:    2. 'NVIDIA GeForce GTX 1070' (P:0 D:0)
[2017.12.11-23.58.29:538][  0]LogWindows:    3. 'NVIDIA GeForce GTX 1070' (P:0 D:0)
[2017.12.11-23.58.29:538][  0]LogWindows:    4. 'Intel(R) HD Graphics 630' (P:0 D:0)
[2017.12.11-23.58.29:538][  0]LogWindows:    5. 'Intel(R) HD Graphics 630' (P:0 D:0)
[2017.12.11-23.58.29:539][  0]LogWindows:    6. 'Intel(R) HD Graphics 630' (P:0 D:0)
[2017.12.11-23.58.29:539][  0]LogWindows: DebugString: PrimaryIsNotTheChoosenAdapter PrimaryIsNotTheChoosenAdapter PrimaryIsNotTheChoosenAdapter FoundDriverCount:4 
[2017.12.11-23.58.29:539][  0]LogD3D11RHI:     Adapter Name: NVIDIA GeForce GTX 1070
[2017.12.11-23.58.29:539][  0]LogD3D11RHI:   Driver Version: 382.05 (internal:22.21.13.8205, unified:382.05)
[2017.12.11-23.58.29:539][  0]LogD3D11RHI:      Driver Date: 5-1-2017
[2017.12.11-23.58.29:539][  0]LogRHI: Texture pool is 1361 MB (70% of 1945 MB)
[2017.12.11-23.58.29:564][  0]LogD3D11RHI: Async texture creation enabled
[2017.12.11-23.58.29:579][  0]LogD3D11RHI: GPU Timing Frequency: 1000.000000 (Debug: 2 2)
[2017.12.11-23.58.29:627][  0]LogShaderCompilers: Guid format shader working directory is -6 characters bigger than the processId version (D:/CastleGuardCurrent/CastleGuardPhase2/CastleGuardReborn/Intermediate/Shaders/WorkingDirectory/14856/).
[2017.12.11-23.58.29:627][  0]LogShaderCompilers: Cleaned the shader compiler working directory 'C:/Users/studentuser/AppData/Local/Temp/UnrealShaderWorkingDir/0E223F34424B7162B9847FACD6FFE5BF/'.
[2017.12.11-23.58.29:627][  0]LogShaderCompilers:Display: Using Local Shader Compiler.
[2017.12.11-23.58.30:346][  0]LogTemp:Display: Loaded TP AllDesktopTargetPlatform
[2017.12.11-23.58.30:383][  0]LogTemp:Display: Loaded TP MacClientTargetPlatform
[2017.12.11-23.58.30:424][  0]LogTemp:Display: Loaded TP MacNoEditorTargetPlatform
[2017.12.11-23.58.30:461][  0]LogTemp:Display: Loaded TP MacServerTargetPlatform
[2017.12.11-23.58.30:498][  0]LogTemp:Display: Loaded TP MacTargetPlatform
[2017.12.11-23.58.30:535][  0]LogTemp:Display: Loaded TP WindowsClientTargetPlatform
[2017.12.11-23.58.30:572][  0]LogTemp:Display: Loaded TP WindowsNoEditorTargetPlatform
[2017.12.11-23.58.30:608][  0]LogTemp:Display: Loaded TP WindowsServerTargetPlatform
[2017.12.11-23.58.30:641][  0]LogTemp:Display: Loaded TP WindowsTargetPlatform
[2017.12.11-23.58.30:677][  0]LogTemp:Display: Loaded TP AndroidTargetPlatform
[2017.12.11-23.58.30:710][  0]LogTemp:Display: Loaded TP Android_ASTCTargetPlatform
[2017.12.11-23.58.30:745][  0]LogTemp:Display: Loaded TP Android_ATCTargetPlatform
[2017.12.11-23.58.30:780][  0]LogTemp:Display: Loaded TP Android_DXTTargetPlatform
[2017.12.11-23.58.30:816][  0]LogTemp:Display: Loaded TP Android_ETC1TargetPlatform
[2017.12.11-23.58.30:851][  0]LogTemp:Display: Loaded TP Android_ETC2TargetPlatform
[2017.12.11-23.58.30:921][  0]LogTemp:Display: Loaded TP Android_MultiTargetPlatform
[2017.12.11-23.58.30:921][  0]LogTemp:Display: Loaded TP Android_PVRTCTargetPlatform
[2017.12.11-23.58.30:949][  0]LogTemp:Display: Loaded TP HTML5TargetPlatform
[2017.12.11-23.58.31:021][  0]LogTemp:Display: Loaded TP IOSTargetPlatform
[2017.12.11-23.58.31:043][  0]LogTemp:Display: Loaded TP TVOSTargetPlatform
[2017.12.11-23.58.31:077][  0]LogTemp:Display: Loaded TP LinuxClientTargetPlatform
[2017.12.11-23.58.31:112][  0]LogTemp:Display: Loaded TP LinuxNoEditorTargetPlatform
[2017.12.11-23.58.31:147][  0]LogTemp:Display: Loaded TP LinuxServerTargetPlatform
[2017.12.11-23.58.31:182][  0]LogTemp:Display: Loaded TP LinuxTargetPlatform
[2017.12.11-23.58.31:182][  0]LogTargetPlatformManager:Display: Building Assets For Windows
[2017.12.11-23.58.31:538][  0]LogDerivedDataCache:Display: Max Cache Size: 512 MB
[2017.12.11-23.58.31:620][  0]LogDerivedDataCache: Loaded boot cache 0.08s 90MB C:/Users/studentuser/AppData/Local/UnrealEngine/4.16/DerivedDataCache/Boot.ddc.
[2017.12.11-23.58.31:620][  0]LogDerivedDataCache:Display: Loaded Boot cache: C:/Users/studentuser/AppData/Local/UnrealEngine/4.16/DerivedDataCache/Boot.ddc
[2017.12.11-23.58.31:620][  0]LogDerivedDataCache: FDerivedDataBackendGraph:  Pak pak cache file D:/CastleGuardCurrent/CastleGuardPhase2/CastleGuardReborn/DerivedDataCache/DDC.ddp not found, will not use a pak cache.
[2017.12.11-23.58.31:620][  0]LogDerivedDataCache: Unable to find inner node Pak for hierarchical cache Hierarchy.
[2017.12.11-23.58.31:620][  0]LogDerivedDataCache: FDerivedDataBackendGraph:  CompressedPak pak cache file D:/CastleGuardCurrent/CastleGuardPhase2/CastleGuardReborn/DerivedDataCache/Compressed.ddp not found, will not use a pak cache.
[2017.12.11-23.58.31:620][  0]LogDerivedDataCache: Unable to find inner node CompressedPak for hierarchical cache Hierarchy.
[2017.12.11-23.58.31:631][  0]LogDerivedDataCache:Display: Pak cache opened for reading ../../../Engine/DerivedDataCache/Compressed.ddp.
[2017.12.11-23.58.31:642][  0]LogDerivedDataCache: Using Local data cache path C:/Users/studentuser/AppData/Local/UnrealEngine/Common/DerivedDataCache: Writable
[2017.12.11-23.58.31:649][  0]LogMaterial: Verifying Global Shaders for PCD3D_SM5
[2017.12.11-23.58.31:650][  0]LogSlate: Using Freetype 2.6.0
[2017.12.11-23.58.31:650][  0]LogSlate: SlateFontCache - WITH_FREETYPE: 1, WITH_HARFBUZZ: 1
[2017.12.11-23.58.31:650][  0]LogSlate: SlateFontCache - WITH_FREETYPE: 1, WITH_HARFBUZZ: 1
[2017.12.11-23.58.31:875][  0]LogInit: Selected Device Profile: [Windows]
[2017.12.11-23.58.31:934][  0]LogContentStreaming: Texture pool size is 0.00 MB
[2017.12.11-23.58.32:050][  0]LogMeshUtilities: Using QuadricMeshReduction for automatic static mesh reduction
[2017.12.11-23.58.32:081][  0]LogSimplygon: Simplygon DLL not present - disabling.
[2017.12.11-23.58.32:116][  0]LogMeshUtilities: Using SimplygonSwarm for distributed automatic mesh merging
[2017.12.11-23.58.32:116][  0]LogMeshUtilities: No automatic skeletal mesh reduction module available
[2017.12.11-23.58.32:116][  0]LogMeshUtilities: No automatic mesh merging module available
[2017.12.11-23.58.32:512][  0]LogNetVersion: CastleGuardReborn , NetCL: 3452394, EngineNetVer: 2, GameNetVer: 0 (Checksum: 2303850599)
[2017.12.11-23.58.32:564][  0]LogAssetRegistry: FAssetRegistry took 0.0239 seconds to start up
[2017.12.11-23.58.32:605][  0]LogPackageLocalizationCache: Processed 4 localized package path(s) for 2 prioritized culture(s) in 0.022601 seconds
[2017.12.11-23.58.32:608][  0]LogUObjectArray: 34194 objects as part of root set at end of initial load.
[2017.12.11-23.58.32:608][  0]LogUObjectAllocator: 7260416 out of 0 bytes used by permanent object pool.
[2017.12.11-23.58.32:608][  0]LogUObjectArray: CloseDisregardForGC: 0/0 objects in disregard for GC pool
[2017.12.11-23.58.32:656][  0]LogInit: WinSock: version 1.1 (2.2), MaxSocks=32767, MaxUdp=65467
[2017.12.11-23.58.34:344][  0]LogTcpMessaging: Initializing TcpMessaging bridge
[2017.12.11-23.58.34:376][  0]LogUdpMessaging: Initializing bridge on interface 0.0.0.0:0 to multicast group 230.0.0.1:6666.
[2017.12.11-23.58.34:756][  0]LogMaterial: Uniform references updated for custom material expression Custom.
[2017.12.11-23.58.35:036][  0]SourceControl: Info Source control is disabled
[2017.12.11-23.58.35:060][  0]SourceControl: Info Source control is disabled
[2017.12.11-23.58.35:093][  0]SourceControl: Info Source control is disabled
[2017.12.11-23.58.35:126][  0]SourceControl: Info Source control is disabled
[2017.12.11-23.58.35:598][  0]LogAndroidPermission: UAndroidPermissionCallbackProxy::GetInstance
[2017.12.11-23.58.36:017][  0]LogEngine: Initializing Engine...
[2017.12.11-23.58.39:069][  0]LogHMD: SteamVR initialized.  Driver: lighthouse  Display: LHR-A4D81BA4
[2017.12.11-23.58.39:266][  0]LogStats: UGameplayTagsManager::ConstructGameplayTagTree: Construct from data asset -  0.000 s
[2017.12.11-23.58.39:266][  0]LogStats: UGameplayTagsManager::ConstructGameplayTagTree: GameplayTagTreeChangedEvent.Broadcast -  0.000 s
[2017.12.11-23.58.39:364][  0]LogAIModule: Creating AISystem for world Untitled
[2017.12.11-23.58.39:378][  0]LogInit: XAudio2 using 'Speakers / Headphones (Realtek Audio)' : 2 channels at 48 kHz using 32 bits per sample (channel mask 0x3)
[2017.12.11-23.58.39:411][  0]LogInit: FAudioDevice initialized.
[2017.12.11-23.58.39:451][  0]LogDerivedDataCache: Saved boot cache 0.04s 90MB C:/Users/studentuser/AppData/Local/UnrealEngine/4.16/DerivedDataCache/Boot.ddc.
[2017.12.11-23.58.39:469][  0]LogInit: Texture streaming: Enabled
[2017.12.11-23.58.39:541][  0]LogEngineSessionManager: EngineSessionManager initialized
[2017.12.11-23.58.39:692][  0]LogInit: Transaction tracking system initialized
[2017.12.11-23.58.39:907][  0]BlueprintLog: New page: Editor Load
[2017.12.11-23.58.40:560][  0]LocalizationService: Info Localization service is disabled
[2017.12.11-23.58.41:033][  0]LogConsoleResponse:Display: 
[2017.12.11-23.58.41:130][  0]LogCook:Display: Max memory allowance for cook 16384mb min free memory 0mb
[2017.12.11-23.58.41:130][  0]LogCook:Display: Mobile HDR setting 1
[2017.12.11-23.58.41:846][  0]SourceControl: Info Source control is disabled
[2017.12.11-23.58.41:846][  0]Cmd: MAP LOAD FILE="D:/CastleGuardCurrent/CastleGuardPhase2/CastleGuardReborn/Content/VirtualRealityBP/Maps/default.umap" TEMPLATE=0 SHOWPROGRESS=1 FEATURELEVEL=3
[2017.12.11-23.58.41:846][  0]LightingResults: New page: Lighting Build
[2017.12.11-23.58.41:876][  0]MapCheck: New page: Map Check
[2017.12.11-23.58.41:876][  0]LightingResults: New page: Lighting Build
[2017.12.11-23.58.42:492][  0]LogBlueprint:Warning: [Compiler ABP_Soldier] Warning  OperateSiege to State  will never be taken, please connect something to  Can Enter Transition
[2017.12.11-23.58.42:496][  0]LogBlueprint:Warning: [Compiler ABP_Soldier] Warning [0014.96] Compile of ABP_Soldier successful, but with 1 Warning(s) [in 7 ms] (/Game/Vive/Blueprints/AI/SoldierAI/ABP_Soldier.ABP_Soldier)
[2017.12.11-23.58.42:496][  0]LogBlueprint:Warning: [Compiler ABP_Soldier] Warning [0014.96] Compile of ABP_Soldier successful, but with 2 Warning(s) [in 0 ms] (/Game/Vive/Blueprints/AI/SoldierAI/ABP_Soldier.ABP_Soldier)
[2017.12.11-23.58.42:496][  0]LogBlueprint:Warning: [Compiler ABP_Soldier] Warning [0014.96] Compile of ABP_Soldier successful, but with 3 Warning(s) [in 0 ms] (/Game/Vive/Blueprints/AI/SoldierAI/ABP_Soldier.ABP_Soldier)
[2017.12.11-23.58.43:277][  0]LogBlueprint:Warning: [Compiler ABP_Soldier] Warning  OperateSiege to State  will never be taken, please connect something to  Can Enter Transition
[2017.12.11-23.58.43:281][  0]LogBlueprint:Warning: [Compiler ABP_Soldier] Warning [0015.74] Compile of ABP_Soldier successful, but with 1 Warning(s) [in 8 ms] (/Game/Vive/Blueprints/AI/SoldierAI/ABP_Soldier.ABP_Soldier)
[2017.12.11-23.58.43:281][  0]LogBlueprint:Warning: [Compiler ABP_Soldier] Warning [0015.74] Compile of ABP_Soldier successful, but with 2 Warning(s) [in 0 ms] (/Game/Vive/Blueprints/AI/SoldierAI/ABP_Soldier.ABP_Soldier)
[2017.12.11-23.58.43:282][  0]LogBlueprint:Warning: [Compiler ABP_Soldier] Warning [0015.74] Compile of ABP_Soldier successful, but with 3 Warning(s) [in 1 ms] (/Game/Vive/Blueprints/AI/SoldierAI/ABP_Soldier.ABP_Soldier)
[2017.12.11-23.58.44:051][  0]LogClass:Warning: Enum '/Game/Vive/Blueprints/Enum_GameStatus.Enum_GameStatus' was upgraded to use FText to store its display name data. Please re-save this asset to avoid issues with localization and determinstic cooking.
[2017.12.11-23.58.44:572][  0]LogAIModule: Creating AISystem for world default
[2017.12.11-23.58.44:719][  0]LogEditorServer: Finished looking for orphan Actors (0.000 secs)
[2017.12.11-23.58.44:802][  0]Cmd: MAP CHECKDEP NOCLEARLOG
[2017.12.11-23.58.44:848][  0]MapCheck: Info Map check complete: 0 Error(s), 0 Warning(s), took 44.966ms to complete.
[2017.12.11-23.58.44:848][  0]LogFileHelpers: Loading map 'default' took 3.002
[2017.12.11-23.58.44:957][  0]LogCollectionManager: Loaded 0 collections in 0.001720 seconds
[2017.12.11-23.58.45:021][  0]LogFileCache: Scanning file cache for directory 'D:/CastleGuardCurrent/CastleGuardPhase2/CastleGuardReborn/Saved/Collections/' took 0.01s
[2017.12.11-23.58.45:021][  0]LogFileCache: Scanning file cache for directory 'D:/CastleGuardCurrent/CastleGuardPhase2/CastleGuardReborn/Content/Developers/studentuser/Collections/' took 0.01s
[2017.12.11-23.58.45:021][  0]LogFileCache: Scanning file cache for directory 'D:/CastleGuardCurrent/CastleGuardPhase2/CastleGuardReborn/Content/Collections/' took 0.01s
[2017.12.11-23.58.45:021][  0]LogCollectionManager: Rebuilt the GUID cache for 0 collections in 0.000001 seconds
[2017.12.11-23.58.45:027][  0]LogContentBrowser: Native class hierarchy populated in 0.0064 seconds. Added 2329 classes and 491 folders.
[2017.12.11-23.58.45:073][  0]LogContentBrowser: Native class hierarchy updated for 'WidgetCarousel' in 0.0004 seconds. Added 0 classes and 0 folders.
[2017.12.11-23.58.45:096][  0]LogContentBrowser: Native class hierarchy updated for 'AddContentDialog' in 0.0004 seconds. Added 0 classes and 0 folders.
[2017.12.11-23.58.45:128][  0]LogContentBrowser: Native class hierarchy updated for 'SceneOutliner' in 0.0004 seconds. Added 1 classes and 2 folders.
[2017.12.11-23.58.45:157][  0]LogCrashTracker: Crashtracker disabled due to settings.
[2017.12.11-23.58.45:162][  0]LogSlate: Took 0.000127 seconds to synchronously load lazily loaded font '../../../Engine/Content/Slate/Fonts/Roboto-Regular.ttf' (155K)
[2017.12.11-23.58.45:163][  0]LogSlate: Took 0.000121 seconds to synchronously load lazily loaded font '../../../Engine/Content/Slate/Fonts/Roboto-Bold.ttf' (160K)
[2017.12.11-23.58.45:167][  0]LogSlate: Took 0.000150 seconds to synchronously load lazily loaded font '../../../Engine/Content/Editor/Slate/Fonts/FontAwesome.ttf' (139K)
[2017.12.11-23.58.45:233][  0]LogRenderer: Reallocating scene render targets to support 1208x576 NumSamples 1 (Frame:1).
[2017.12.11-23.58.45:313][  0]LogUObjectGlobals:Warning: Failed to find object 'Class None.'
[2017.12.11-23.58.45:367][  0]LogContentBrowser: Native class hierarchy updated for 'HierarchicalLODOutliner' in 0.0004 seconds. Added 1 classes and 2 folders.
[2017.12.11-23.58.45:367][  0]LogLoad: (Engine Initialization) Total time: 17.83 seconds
[2017.12.11-23.58.45:367][  0]LogLoad: (Engine Initialization) Total Blueprint compile time: 0.88 seconds
[2017.12.11-23.58.45:367][  0]LogExternalProfiler: Found external profiler: VSPerf
[2017.12.11-23.58.45:367][  0]LogExternalProfiler: Using external profiler: VSPerf
[2017.12.11-23.58.45:706][  0]LogOcInput: OculusInput pre-init called
[2017.12.11-23.58.45:706][  0]LogHMD: Starting GearVRController plugin
[2017.12.11-23.58.45:736][  0]LogContentStreaming: Texture pool size now 1000 MB
[2017.12.11-23.58.45:785][  0]LogSlate: Took 0.000183 seconds to synchronously load lazily loaded font '../../../Engine/Content/Slate/Fonts/Roboto-Light.ttf' (159K)
[2017.12.11-23.58.46:041][  1]LogAssetRegistry: Asset discovery search completed in 13.4987 seconds
[2017.12.11-23.58.46:043][  1]LogCollectionManager: Rebuilt the object cache for 0 collections in 0.000000 seconds (found 0 objects)
[2017.12.11-23.58.46:043][  1]LogCollectionManager: Fixed up redirectors for 0 collections in 0.000028 seconds (updated 0 objects)
[2017.12.11-23.58.46:708][  3]LogSlate: Took 0.000121 seconds to synchronously load lazily loaded font '../../../Engine/Content/Slate/Fonts/Roboto-Light.ttf' (159K)
[2017.12.12-00.02.37:345][111]LogSlate: Took 0.000133 seconds to synchronously load lazily loaded font '../../../Engine/Content/Slate/Fonts/Roboto-Light.ttf' (159K)
[2017.12.12-00.02.37:622][111]LogContentBrowser: Native class hierarchy updated for 'BlueprintGraph' in 0.0007 seconds. Added 112 classes and 0 folders.
[2017.12.12-00.02.38:047][111]LogSlate: Took 0.000097 seconds to synchronously load lazily loaded font '../../../Engine/Content/Slate/Fonts/Roboto-Regular.ttf' (155K)
[2017.12.12-00.02.38:095][111]LogSlate: Took 0.000137 seconds to synchronously load lazily loaded font '../../../Engine/Content/Editor/Slate/Fonts/Roboto-BoldCondensed.ttf' (158K)
[2017.12.12-00.02.38:278][112]LogSlate: Took 0.000136 seconds to synchronously load lazily loaded font '../../../Engine/Content/Editor/Slate/Fonts/Roboto-Italic.ttf' (157K)
[2017.12.12-00.02.41:524][424]LogContentBrowser: Native class hierarchy updated for 'SkeletonEditor' in 0.0004 seconds. Added 1 classes and 2 folders.
[2017.12.12-00.02.41:619][424]LogActorComponent: RegisterComponentWithWorld: (/Engine/Transient.World_10:PersistentLevel.Actor_0.DebugSkelMeshComponent_0) Already registered. Aborting.
[2017.12.12-00.02.41:655][424]LogSkeletalMesh: USkeletalMeshComponent::InitArticulated : Bodies already created (/Engine/Transient.World_10:PersistentLevel.Actor_0.DebugSkelMeshComponent_0) - call TermArticulated first.
[2017.12.12-00.02.41:871][424]LogContentBrowser: Native class hierarchy updated for 'ClothingSystemEditorInterface' in 0.0004 seconds. Added 1 classes and 0 folders.
[2017.12.12-00.02.41:898][425]LogRenderer: Reallocating scene render targets to support 1208x888 NumSamples 1 (Frame:1).
[2017.12.12-00.02.45:381][814]LogMaterial:Warning: Material /Game/Vive/Blueprints/AI/SoldierAI/Textures/Test2.Test2 needed to have new flag set bUsedWithSkeletalMesh !
[2017.12.12-00.02.45:383][814]LogMaterial: Missing cached shader map for material Test2, compiling. 
[2017.12.12-00.02.58:709][219]LogMaterial: Missing cached shader map for material Test1, compiling. 
[2017.12.12-00.02.58:817][219]LogMaterial: Missing cached shader map for material Test1, compiling. 
[2017.12.12-00.02.58:837][219]LogMaterial: Missing cached shader map for material Test1, compiling. 
[2017.12.12-00.02.58:884][219]LogMaterial: Missing cached shader map for material FMatExpressionPreview MaterialExpressionTextureSample_2, compiling. 
[2017.12.12-00.02.58:889][219]LogMaterial: Missing cached shader map for material FMatExpressionPreview MaterialExpressionTextureSample_0, compiling. 
[2017.12.12-00.02.58:893][219]LogMaterial: Missing cached shader map for material FMatExpressionPreview MaterialExpressionTextureSample_1, compiling. 
[2017.12.12-00.03.02:140][380]MaterialEditorStats: Info Base pass shader: 127 instructions
[2017.12.12-00.03.02:140][380]MaterialEditorStats: Info Vertex shader: 87 instructions
[2017.12.12-00.03.02:140][380]MaterialEditorStats: Info Texture samplers: 2/16
[2017.12.12-00.03.02:140][380]MaterialEditorStats: Info User interpolators: 2/4 Scalars (1/4 Vectors) (TexCoords: 2, Custom: 0)
[2017.12.12-00.03.05:465][719]LogMaterial: Missing cached shader map for material Test1, compiling. 
[2017.12.12-00.03.05:486][719]LogMaterial: Missing cached shader map for material FMatExpressionPreview MaterialExpressionTextureSample_0, compiling. 
[2017.12.12-00.03.06:426][765]LogMaterialEditor: Saving and Compiling material Test1
[2017.12.12-00.03.07:075][765]LogMaterial: Missing cached shader map for material Test1, compiling. 
[2017.12.12-00.03.07:141][765]LogMaterial: Missing cached shader map for material Test1, compiling. 
[2017.12.12-00.03.07:191][765]LogMaterial: Missing cached shader map for material Test1, compiling. 
[2017.12.12-00.03.07:292][765]LogMaterial: Missing cached shader map for material FDebugViewModeMaterialProxy Test1, compiling. 
[2017.12.12-00.03.09:492][765]TextureStreamingBuild:Display: Compiling optional shaders took 2.206 seconds.
[2017.12.12-00.03.12:828][765]LogSavePackage: Save=13.75ms
[2017.12.12-00.03.12:828][765]LogSavePackage: Moving 'D:/CastleGuardCurrent/CastleGuardPhase2/CastleGuardReborn/Saved/Test1B563A27C43490BC369575A8D6B89230E.tmp' to 'D:/CastleGuardCurrent/CastleGuardPhase2/CastleGuardReborn/Content/Vive/Blueprints/AI/SoldierAI/Textures/Test1.uasset'
[2017.12.12-00.03.12:831][765]LogSavePackage:Display: Finished SavePackage D:/CastleGuardCurrent/CastleGuardPhase2/CastleGuardReborn/Content/Vive/Blueprints/AI/SoldierAI/Textures/Test1.uasset
[2017.12.12-00.03.12:838][765]MaterialEditorStats: Info Base pass shader: 127 instructions
[2017.12.12-00.03.12:838][765]MaterialEditorStats: Info Vertex shader: 87 instructions
[2017.12.12-00.03.12:838][765]MaterialEditorStats: Info Texture samplers: 3/16
[2017.12.12-00.03.12:838][765]MaterialEditorStats: Info User interpolators: 2/4 Scalars (1/4 Vectors) (TexCoords: 2, Custom: 0)
[2017.12.12-00.06.44:701][828]LogMaterial: Missing cached shader map for material Test2, compiling. 
[2017.12.12-00.06.44:796][828]LogMaterial: Missing cached shader map for material Test2, compiling. 
[2017.12.12-00.06.44:818][828]LogMaterial: Missing cached shader map for material Test2, compiling. 
[2017.12.12-00.06.48:163][ 87]MaterialEditorStats: Info Base pass shader: 124 instructions
[2017.12.12-00.06.48:163][ 87]MaterialEditorStats: Info Vertex shader: 85 instructions
[2017.12.12-00.06.48:163][ 87]MaterialEditorStats: Info Texture samplers: 1/16
[2017.12.12-00.06.50:264][297]LogMaterial: Missing cached shader map for material Test1, compiling. 
[2017.12.12-00.06.50:283][297]LogMaterial:Warning: FMaterialUniformExpressionTexture had invalid TextureIndex! (2 / 2)
[2017.12.12-00.06.51:451][359]LogMaterial: Missing cached shader map for material Test2, compiling. 
[2017.12.12-00.06.51:483][359]LogMaterial: Missing cached shader map for material FMatExpressionPreview MaterialExpressionTextureSample_2, compiling. 
[2017.12.12-00.06.53:704][466]LogMaterial: Missing cached shader map for material Test2, compiling. 
[2017.12.12-00.06.53:735][466]LogMaterial: Missing cached shader map for material FMatExpressionPreview MaterialExpressionTextureSample_2, compiling. 
[2017.12.12-00.06.53:766][466]MaterialEditorStats: Info Base pass shader: 127 instructions
[2017.12.12-00.06.53:766][466]MaterialEditorStats: Info Vertex shader: 87 instructions
[2017.12.12-00.06.53:766][466]MaterialEditorStats: Info Texture samplers: 2/16
[2017.12.12-00.06.53:766][466]MaterialEditorStats: Info User interpolators: 2/4 Scalars (1/4 Vectors) (TexCoords: 2, Custom: 0)
[2017.12.12-00.06.57:109][622]LogMaterial: Missing cached shader map for material Test1, compiling. 
[2017.12.12-00.06.57:218][625]MaterialEditorStats: Info Base pass shader: 127 instructions
[2017.12.12-00.06.57:219][625]MaterialEditorStats: Info Vertex shader: 87 instructions
[2017.12.12-00.06.57:219][625]MaterialEditorStats: Info Texture samplers: 2/16
[2017.12.12-00.06.57:219][625]MaterialEditorStats: Info User interpolators: 2/4 Scalars (1/4 Vectors) (TexCoords: 2, Custom: 0)
[2017.12.12-00.06.57:397][633]LogMaterial: Missing cached shader map for material Test3, compiling. 
[2017.12.12-00.06.57:531][633]LogMaterial: Missing cached shader map for material Test3, compiling. 
[2017.12.12-00.06.57:545][633]LogMaterial: Missing cached shader map for material Test3, compiling. 
[2017.12.12-00.06.59:533][728]LogMaterial: Missing cached shader map for material Test3, compiling. 
[2017.12.12-00.06.59:545][728]LogMaterial: Missing cached shader map for material FMatExpressionPreview MaterialExpressionTextureSample_1, compiling. 
[2017.12.12-00.07.01:091][806]LogMaterial: Missing cached shader map for material Test3, compiling. 
[2017.12.12-00.07.01:108][806]LogMaterial: Missing cached shader map for material FMatExpressionPreview MaterialExpressionTextureSample_1, compiling. 
[2017.12.12-00.07.01:135][806]MaterialEditorStats: Info Base pass shader: 127 instructions
[2017.12.12-00.07.01:135][806]MaterialEditorStats: Info Vertex shader: 87 instructions
[2017.12.12-00.07.01:135][806]MaterialEditorStats: Info Texture samplers: 2/16
[2017.12.12-00.07.01:135][806]MaterialEditorStats: Info User interpolators: 2/4 Scalars (1/4 Vectors) (TexCoords: 2, Custom: 0)
[2017.12.12-00.07.03:078][958]LogSavePackage: Save=15.00ms
[2017.12.12-00.07.03:078][958]LogSavePackage: Moving 'D:/CastleGuardCurrent/CastleGuardPhase2/CastleGuardReborn/Saved/SK_SoldierUnit79B9D1584E6AFDD675277A92A7925F0F.tmp' to 'D:/CastleGuardCurrent/CastleGuardPhase2/CastleGuardReborn/Content/Vive/Blueprints/AI/SoldierAI/SK_SoldierUnit.uasset'
[2017.12.12-00.07.03:081][958]LogSavePackage:Display: Finished SavePackage D:/CastleGuardCurrent/CastleGuardPhase2/CastleGuardReborn/Content/Vive/Blueprints/AI/SoldierAI/SK_SoldierUnit.uasset
[2017.12.12-00.07.03:106][958]LogSavePackage: Save=10.33ms
[2017.12.12-00.07.03:106][958]LogSavePackage: Moving 'D:/CastleGuardCurrent/CastleGuardPhase2/CastleGuardReborn/Saved/Test26919730F4624791B1F2B0BBEA259D69B.tmp' to 'D:/CastleGuardCurrent/CastleGuardPhase2/CastleGuardReborn/Content/Vive/Blueprints/AI/SoldierAI/Textures/Test2.uasset'
[2017.12.12-00.07.03:108][958]LogSavePackage:Display: Finished SavePackage D:/CastleGuardCurrent/CastleGuardPhase2/CastleGuardReborn/Content/Vive/Blueprints/AI/SoldierAI/Textures/Test2.uasset
[2017.12.12-00.07.03:112][958]MaterialEditorStats: Info Base pass shader: 127 instructions
[2017.12.12-00.07.03:112][958]MaterialEditorStats: Info Vertex shader: 87 instructions
[2017.12.12-00.07.03:112][958]MaterialEditorStats: Info Texture samplers: 2/16
[2017.12.12-00.07.03:112][958]MaterialEditorStats: Info User interpolators: 2/4 Scalars (1/4 Vectors) (TexCoords: 2, Custom: 0)
[2017.12.12-00.07.13:545][153]LogMaterialEditor: Saving and Compiling material Test2
[2017.12.12-00.07.13:948][153]LogMaterial: Missing cached shader map for material Test2, compiling. 
[2017.12.12-00.07.13:991][153]LogMaterial: Missing cached shader map for material Test2, compiling. 
[2017.12.12-00.07.14:027][153]LogMaterial: Missing cached shader map for material Test2, compiling. 
[2017.12.12-00.07.14:128][153]LogMaterial: Missing cached shader map for material FDebugViewModeMaterialProxy Test2, compiling. 
[2017.12.12-00.07.16:233][153]TextureStreamingBuild:Display: Compiling optional shaders took 2.111 seconds.
[2017.12.12-00.07.19:536][153]LogSavePackage: Save=13.84ms
[2017.12.12-00.07.19:536][153]LogSavePackage: Moving 'D:/CastleGuardCurrent/CastleGuardPhase2/CastleGuardReborn/Saved/Test2187D57AB48FC28E89538299D0AD2A739.tmp' to 'D:/CastleGuardCurrent/CastleGuardPhase2/CastleGuardReborn/Content/Vive/Blueprints/AI/SoldierAI/Textures/Test2.uasset'
[2017.12.12-00.07.19:537][153]LogSavePackage:Display: Finished SavePackage D:/CastleGuardCurrent/CastleGuardPhase2/CastleGuardReborn/Content/Vive/Blueprints/AI/SoldierAI/Textures/Test2.uasset
[2017.12.12-00.07.19:541][153]MaterialEditorStats: Info Base pass shader: 127 instructions
[2017.12.12-00.07.19:541][153]MaterialEditorStats: Info Vertex shader: 87 instructions
[2017.12.12-00.07.19:541][153]MaterialEditorStats: Info Texture samplers: 3/16
[2017.12.12-00.07.19:541][153]MaterialEditorStats: Info User interpolators: 2/4 Scalars (1/4 Vectors) (TexCoords: 2, Custom: 0)
[2017.12.12-00.07.21:821][427]LogMaterialEditor: Saving and Compiling material Test3
[2017.12.12-00.07.22:224][427]LogMaterial: Missing cached shader map for material Test3, compiling. 
[2017.12.12-00.07.22:255][427]LogMaterial: Missing cached shader map for material Test3, compiling. 
[2017.12.12-00.07.22:273][427]LogMaterial: Missing cached shader map for material Test3, compiling. 
[2017.12.12-00.07.22:346][427]LogMaterial: Missing cached shader map for material FDebugViewModeMaterialProxy Test3, compiling. 
[2017.12.12-00.07.22:967][427]TextureStreamingBuild:Display: Compiling optional shaders took 0.628 seconds.
[2017.12.12-00.07.24:328][427]LogSavePackage: Save=12.77ms
[2017.12.12-00.07.24:328][427]LogSavePackage: Moving 'D:/CastleGuardCurrent/CastleGuardPhase2/CastleGuardReborn/Saved/Test31374C07443C6E10297E2E1B6455FA22E.tmp' to 'D:/CastleGuardCurrent/CastleGuardPhase2/CastleGuardReborn/Content/Vive/Blueprints/AI/SoldierAI/Textures/Test3.uasset'
[2017.12.12-00.07.24:329][427]LogSavePackage:Display: Finished SavePackage D:/CastleGuardCurrent/CastleGuardPhase2/CastleGuardReborn/Content/Vive/Blueprints/AI/SoldierAI/Textures/Test3.uasset
[2017.12.12-00.07.24:335][427]MaterialEditorStats: Info Base pass shader: 127 instructions
[2017.12.12-00.07.24:335][427]MaterialEditorStats: Info Vertex shader: 87 instructions
[2017.12.12-00.07.24:335][427]MaterialEditorStats: Info Texture samplers: 3/16
[2017.12.12-00.07.24:335][427]MaterialEditorStats: Info User interpolators: 2/4 Scalars (1/4 Vectors) (TexCoords: 2, Custom: 0)
[2017.12.12-00.30.42:001][373]LogSavePackage: Save=15.40ms
[2017.12.12-00.30.42:002][373]LogSavePackage: Moving 'D:/CastleGuardCurrent/CastleGuardPhase2/CastleGuardReborn/Saved/SK_SoldierUnit2306A7FC48633E48231ECEACCBA197D7.tmp' to 'D:/CastleGuardCurrent/CastleGuardPhase2/CastleGuardReborn/Content/Vive/Blueprints/AI/SoldierAI/SK_SoldierUnit.uasset'
[2017.12.12-00.30.42:003][373]LogSavePackage:Display: Finished SavePackage D:/CastleGuardCurrent/CastleGuardPhase2/CastleGuardReborn/Content/Vive/Blueprints/AI/SoldierAI/SK_SoldierUnit.uasset
[2017.12.12-00.30.46:694][490]LogMaterial: Missing cached shader map for material Test1, compiling. 
[2017.12.12-00.30.46:738][490]LogMaterial: Missing cached shader map for material Test1, compiling. 
[2017.12.12-00.30.46:772][490]LogMaterial: Missing cached shader map for material Test1, compiling. 
[2017.12.12-00.30.46:840][490]LogMaterial: Missing cached shader map for material FDebugViewModeMaterialProxy Test1, compiling. 
[2017.12.12-00.30.49:241][490]TextureStreamingBuild:Display: Compiling optional shaders took 2.405 seconds.
[2017.12.12-00.30.52:686][490]LogSavePackage: Save=13.41ms
[2017.12.12-00.30.52:686][490]LogSavePackage: Moving 'D:/CastleGuardCurrent/CastleGuardPhase2/CastleGuardReborn/Saved/Test10CD1A48049FA16697591AB931F25525E.tmp' to 'D:/CastleGuardCurrent/CastleGuardPhase2/CastleGuardReborn/Content/Vive/Blueprints/AI/SoldierAI/Textures/Test1.uasset'
[2017.12.12-00.30.52:688][490]LogSavePackage:Display: Finished SavePackage D:/CastleGuardCurrent/CastleGuardPhase2/CastleGuardReborn/Content/Vive/Blueprints/AI/SoldierAI/Textures/Test1.uasset
[2017.12.12-00.30.53:413][491]Cmd: QUIT_EDITOR
[2017.12.12-00.30.53:427][491]LogWindowsTextInputMethodSystem:Display: IME system now deactivated.
[2017.12.12-00.30.53:437][491]LogExit: Preparing to exit.
[2017.12.12-00.30.54:091][491]LogExit: Editor shut down
[2017.12.12-00.30.54:097][491]LogExit: Transaction tracking system shut down
[2017.12.12-00.30.54:196][491]LogObj: Freed 0b from 0 cluster array pools.
[2017.12.12-00.30.54:196][491]LogExit: Object subsystem successfully closed.
[2017.12.12-00.30.54:218][491]LogD3D11RHI: Shutdown
[2017.12.12-00.30.54:218][491]LogD3D11RHI: CleanupD3DDevice
[2017.12.12-00.30.54:307][491]LogD3D11RHI: ~FD3D11DynamicRHI
[2017.12.12-00.30.54:316][491]LogModuleManager: Shutting down and abandoning module MaterialEditor (536)
[2017.12.12-00.30.54:316][491]LogModuleManager: Shutting down and abandoning module ClothingSystemEditorInterface (534)
[2017.12.12-00.30.54:316][491]LogModuleManager: Shutting down and abandoning module SkeletonEditor (532)
[2017.12.12-00.30.54:316][491]LogModuleManager: Shutting down and abandoning module SkeletalMeshEditor (530)
[2017.12.12-00.30.54:316][491]LogModuleManager: Shutting down and abandoning module BlueprintGraph (528)
[2017.12.12-00.30.54:316][491]LogModuleManager: Shutting down and abandoning module BlueprintProfiler (526)
[2017.12.12-00.30.54:316][491]LogModuleManager: Shutting down and abandoning module HierarchicalLODOutliner (524)
[2017.12.12-00.30.54:316][491]LogModuleManager: Shutting down and abandoning module CrashTracker (522)
[2017.12.12-00.30.54:316][491]LogModuleManager: Shutting down and abandoning module SceneOutliner (520)
[2017.12.12-00.30.54:316][491]LogModuleManager: Shutting down and abandoning module AddContentDialog (518)
[2017.12.12-00.30.54:316][491]LogDirectoryWatcher: A directory notification for 'C:/Program Files/Epic Games/UE_4.16/FeaturePacks/' was aborted.
[2017.12.12-00.30.54:317][491]LogModuleManager: Shutting down and abandoning module WidgetCarousel (517)
[2017.12.12-00.30.54:317][491]LogModuleManager: Shutting down and abandoning module EditorWidgets (514)
[2017.12.12-00.30.54:317][491]LogModuleManager: Shutting down and abandoning module CollectionManager (512)
[2017.12.12-00.30.54:317][491]LogDirectoryWatcher: A directory notification for 'D:/CastleGuardCurrent/CastleGuardPhase2/CastleGuardReborn/Content/Collections/' was aborted.
[2017.12.12-00.30.54:317][491]LogDirectoryWatcher: A directory notification for 'D:/CastleGuardCurrent/CastleGuardPhase2/CastleGuardReborn/Content/Developers/studentuser/Collections/' was aborted.
[2017.12.12-00.30.54:317][491]LogDirectoryWatcher: A directory notification for 'D:/CastleGuardCurrent/CastleGuardPhase2/CastleGuardReborn/Saved/Collections/' was aborted.
[2017.12.12-00.30.54:317][491]LogModuleManager: Shutting down and abandoning module StatsViewer (510)
[2017.12.12-00.30.54:317][491]LogModuleManager: Shutting down and abandoning module FoliageEdit (508)
[2017.12.12-00.30.54:317][491]LogModuleManager: Shutting down and abandoning module LandscapeEditor (506)
[2017.12.12-00.30.54:317][491]LogModuleManager: Shutting down and abandoning module MeshPaintMode (504)
[2017.12.12-00.30.54:317][491]LogModuleManager: Shutting down and abandoning module SceneDepthPickerMode (502)
[2017.12.12-00.30.54:317][491]LogModuleManager: Shutting down and abandoning module ActorPickerMode (500)
[2017.12.12-00.30.54:317][491]LogModuleManager: Shutting down and abandoning module GeometryMode (498)
[2017.12.12-00.30.54:317][491]LogModuleManager: Shutting down and abandoning module TextureAlignMode (496)
[2017.12.12-00.30.54:317][491]LogModuleManager: Shutting down and abandoning module BspMode (494)
[2017.12.12-00.30.54:317][491]LogModuleManager: Shutting down and abandoning module HardwareSurvey (492)
[2017.12.12-00.30.54:317][491]LogModuleManager: Shutting down and abandoning module SequenceRecorderSections (490)
[2017.12.12-00.30.54:317][491]LogModuleManager: Shutting down and abandoning module AutomationWorker (488)
[2017.12.12-00.30.54:317][491]LogModuleManager: Shutting down and abandoning module MatineeToLevelSequence (486)
[2017.12.12-00.30.54:317][491]LogModuleManager: Shutting down and abandoning module LevelSequenceEditor (484)
[2017.12.12-00.30.54:317][491]LogModuleManager: Shutting down and abandoning module PlacementMode (483)
[2017.12.12-00.30.54:317][491]LogModuleManager: Shutting down and abandoning module WmfMediaFactory (480)
[2017.12.12-00.30.54:317][491]LogModuleManager: Shutting down and abandoning module WmfMediaEditor (478)
[2017.12.12-00.30.54:317][491]LogModuleManager: Shutting down and abandoning module AvfMediaFactory (476)
[2017.12.12-00.30.54:317][491]LogModuleManager: Shutting down and abandoning module AvfMediaEditor (474)
[2017.12.12-00.30.54:317][491]LogModuleManager: Shutting down and abandoning module AndroidMediaFactory (472)
[2017.12.12-00.30.54:317][491]LogModuleManager: Shutting down and abandoning module Media (471)
[2017.12.12-00.30.54:317][491]LogModuleManager: Shutting down and abandoning module AndroidMediaEditor (468)
[2017.12.12-00.30.54:317][491]LogModuleManager: Shutting down and abandoning module CharacterAI (466)
[2017.12.12-00.30.54:317][491]LogModuleManager: Shutting down and abandoning module AudioCapture (464)
[2017.12.12-00.30.54:317][491]LogModuleManager: Shutting down and abandoning module SequenceRecorder (463)
[2017.12.12-00.30.54:317][491]LogModuleManager: Shutting down and abandoning module SmartSnapping (460)
[2017.12.12-00.30.54:317][491]LogModuleManager: Shutting down and abandoning module SessionServices (458)
[2017.12.12-00.30.54:317][491]LogModuleManager: Shutting down and abandoning module ViewportSnapping (456)
[2017.12.12-00.30.54:317][491]LogModuleManager: Shutting down and abandoning module ViewportInteraction (454)
[2017.12.12-00.30.54:317][491]LogModuleManager: Shutting down and abandoning module ClothPainter (452)
[2017.12.12-00.30.54:317][491]LogModuleManager: Shutting down and abandoning module LogVisualizer (450)
[2017.12.12-00.30.54:317][491]LogModuleManager: Shutting down and abandoning module IntroTutorials (448)
[2017.12.12-00.30.54:318][491]LogModuleManager: Shutting down and abandoning module GameProjectGeneration (447)
[2017.12.12-00.30.54:318][491]LogModuleManager: Shutting down and abandoning module EditorLiveStreaming (444)
[2017.12.12-00.30.54:318][491]LogModuleManager: Shutting down and abandoning module IOSPlatformEditor (442)
[2017.12.12-00.30.54:318][491]LogModuleManager: Shutting down and abandoning module HTML5PlatformEditor (440)
[2017.12.12-00.30.54:318][491]LogModuleManager: Shutting down and abandoning module AndroidPlatformEditor (438)
[2017.12.12-00.30.54:318][491]LogModuleManager: Shutting down and abandoning module AndroidDeviceDetection (437)
[2017.12.12-00.30.54:364][491]LogModuleManager: Shutting down and abandoning module IOSRuntimeSettings (434)
[2017.12.12-00.30.54:364][491]LogModuleManager: Shutting down and abandoning module AndroidRuntimeSettings (432)
[2017.12.12-00.30.54:364][491]LogModuleManager: Shutting down and abandoning module InputBindingEditor (430)
[2017.12.12-00.30.54:364][491]LogModuleManager: Shutting down and abandoning module MergeActors (428)
[2017.12.12-00.30.54:364][491]LogModuleManager: Shutting down and abandoning module SizeMap (426)
[2017.12.12-00.30.54:364][491]LogModuleManager: Shutting down and abandoning module TreeMap (424)
[2017.12.12-00.30.54:364][491]LogModuleManager: Shutting down and abandoning module ReferenceViewer (422)
[2017.12.12-00.30.54:364][491]LogModuleManager: Shutting down and abandoning module LocalizationDashboard (420)
[2017.12.12-00.30.54:364][491]LogModuleManager: Shutting down and abandoning module LocalizationService (419)
[2017.12.12-00.30.54:364][491]LogModuleManager: Shutting down and abandoning module HardwareTargeting (416)
[2017.12.12-00.30.54:364][491]LogModuleManager: Shutting down and abandoning module DeviceProfileEditor (414)
[2017.12.12-00.30.54:364][491]LogModuleManager: Shutting down and abandoning module UndoHistory (412)
[2017.12.12-00.30.54:364][491]LogModuleManager: Shutting down and abandoning module UserFeedback (410)
[2017.12.12-00.30.54:364][491]LogModuleManager: Shutting down and abandoning module XmlParser (408)
[2017.12.12-00.30.54:364][491]LogModuleManager: Shutting down and abandoning module Blutility (406)
[2017.12.12-00.30.54:364][491]LogModuleManager: Shutting down and abandoning module ProjectSettingsViewer (404)
[2017.12.12-00.30.54:364][491]LogModuleManager: Shutting down and abandoning module ProjectTargetPlatformEditor (403)
[2017.12.12-00.30.54:364][491]LogModuleManager: Shutting down and abandoning module EditorSettingsViewer (400)
[2017.12.12-00.30.54:364][491]LogModuleManager: Shutting down and abandoning module SettingsEditor (398)
[2017.12.12-00.30.54:364][491]LogModuleManager: Shutting down and abandoning module ProjectLauncher (396)
[2017.12.12-00.30.54:364][491]LogModuleManager: Shutting down and abandoning module SessionFrontend (394)
[2017.12.12-00.30.54:364][491]LogModuleManager: Shutting down and abandoning module ProfilerClient (392)
[2017.12.12-00.30.54:364][491]LogModuleManager: Shutting down and abandoning module DeviceManager (390)
[2017.12.12-00.30.54:364][491]LogModuleManager: Shutting down and abandoning module TargetDeviceServices (389)
[2017.12.12-00.30.54:427][491]LogModuleManager: Shutting down and abandoning module AutomationController (386)
[2017.12.12-00.30.54:427][491]LogModuleManager: Shutting down and abandoning module AutomationWindow (384)
[2017.12.12-00.30.54:427][491]LogModuleManager: Shutting down and abandoning module Layers (382)
[2017.12.12-00.30.54:427][491]LogModuleManager: Shutting down and abandoning module ComponentVisualizers (380)
[2017.12.12-00.30.54:427][491]LogModuleManager: Shutting down and abandoning module DetailCustomizations (378)
[2017.12.12-00.30.54:427][491]LogModuleManager: Shutting down and abandoning module PackagesDialog (376)
[2017.12.12-00.30.54:427][491]LogModuleManager: Shutting down and abandoning module Persona (374)
[2017.12.12-00.30.54:427][491]LogModuleManager: Shutting down and abandoning module AdvancedPreviewScene (373)
[2017.12.12-00.30.54:427][491]LogModuleManager: Shutting down and abandoning module AnimGraph (371)
[2017.12.12-00.30.54:427][491]LogModuleManager: Shutting down and abandoning module Kismet (368)
[2017.12.12-00.30.54:434][491]LogModuleManager: Shutting down and abandoning module ClassViewer (366)
[2017.12.12-00.30.54:434][491]LogModuleManager: Shutting down and abandoning module Toolbox (364)
[2017.12.12-00.30.54:434][491]LogModuleManager: Shutting down and abandoning module ModuleUI (362)
[2017.12.12-00.30.54:434][491]LogModuleManager: Shutting down and abandoning module MovieSceneTools (360)
[2017.12.12-00.30.54:435][491]LogModuleManager: Shutting down and abandoning module OutputLog (358)
[2017.12.12-00.30.54:435][491]LogModuleManager: Shutting down and abandoning module GammaUI (356)
[2017.12.12-00.30.54:435][491]LogModuleManager: Shutting down and abandoning module Documentation (354)
[2017.12.12-00.30.54:435][491]LogModuleManager: Shutting down and abandoning module MovieSceneTracks (352)
[2017.12.12-00.30.54:435][491]LogModuleManager: Shutting down and abandoning module MovieScene (350)
[2017.12.12-00.30.54:435][491]LogModuleManager: Shutting down and abandoning module Niagara (348)
[2017.12.12-00.30.54:435][491]LogModuleManager: Shutting down and abandoning module NiagaraEditor (347)
[2017.12.12-00.30.54:435][491]LogModuleManager: Shutting down and abandoning module StreamingPauseRendering (344)
[2017.12.12-00.30.54:435][491]LogModuleManager: Shutting down and abandoning module AnalyticsET (342)
[2017.12.12-00.30.54:435][491]LogModuleManager: Shutting down and abandoning module PortalServices (340)
[2017.12.12-00.30.54:435][491]LogModuleManager: Shutting down and abandoning module PortalRpc (338)
[2017.12.12-00.30.54:435][491]LogModuleManager: Shutting down and abandoning module MessagingRpc (336)
[2017.12.12-00.30.54:435][491]LogModuleManager: Shutting down and abandoning module AIModule (334)
[2017.12.12-00.30.54:435][491]LogModuleManager: Shutting down and abandoning module GameplayDebugger (333)
[2017.12.12-00.30.54:435][491]LogModuleManager: Shutting down and abandoning module AITestSuite (331)
[2017.12.12-00.30.54:435][491]LogModuleManager: Shutting down and abandoning module ProfilerService (328)
[2017.12.12-00.30.54:621][491]LogModuleManager: Shutting down and abandoning module TaskGraph (326)
[2017.12.12-00.30.54:621][491]LogModuleManager: Shutting down and abandoning module SteamVRController (324)
[2017.12.12-00.30.54:621][491]LogModuleManager: Shutting down and abandoning module SteamVR (322)
[2017.12.12-00.30.54:621][491]LogModuleManager: Shutting down and abandoning module ProceduralMeshComponentEditor (320)
[2017.12.12-00.30.54:621][491]LogModuleManager: Shutting down and abandoning module ProceduralMeshComponent (318)
[2017.12.12-00.30.54:621][491]LogModuleManager: Shutting down and abandoning module OculusLibrary (316)
[2017.12.12-00.30.54:621][491]LogModuleManager: Shutting down and abandoning module OculusInput (314)
[2017.12.12-00.30.54:621][491]LogModuleManager: Shutting down and abandoning module MobilePatchingUtils (312)
[2017.12.12-00.30.54:621][491]LogModuleManager: Shutting down and abandoning module CustomMeshComponent (310)
[2017.12.12-00.30.54:621][491]LogModuleManager: Shutting down and abandoning module CableComponent (308)
[2017.12.12-00.30.54:621][491]LogModuleManager: Shutting down and abandoning module ArchVisCharacter (306)
[2017.12.12-00.30.54:621][491]LogModuleManager: Shutting down and abandoning module AndroidPermission (304)
[2017.12.12-00.30.54:621][491]LogModuleManager: Shutting down and abandoning module MediaPlayerEditor (300)
[2017.12.12-00.30.54:621][491]LogModuleManager: Shutting down and abandoning module HTML5Networking (298)
[2017.12.12-00.30.54:621][491]LogModuleManager: Shutting down and abandoning module AlembicImporter (296)
[2017.12.12-00.30.54:621][491]LogModuleManager: Shutting down and abandoning module AlembicLibrary (295)
[2017.12.12-00.30.54:621][491]LogModuleManager: Shutting down and abandoning module GeometryCache (294)
[2017.12.12-00.30.54:621][491]LogModuleManager: Shutting down and abandoning module GeometryCacheEd (293)
[2017.12.12-00.30.54:621][491]LogModuleManager: Shutting down and abandoning module SuperSearchEditor (288)
[2017.12.12-00.30.54:621][491]LogModuleManager: Shutting down and abandoning module SuperSearch (287)
[2017.12.12-00.30.54:621][491]LogModuleManager: Shutting down and abandoning module SpeedTreeImporter (284)
[2017.12.12-00.30.54:621][491]LogModuleManager: Shutting down and abandoning module PluginBrowser (282)
[2017.12.12-00.30.54:621][491]LogModuleManager: Shutting down and abandoning module MobileLauncherProfileWizard (280)
[2017.12.12-00.30.54:621][491]LogModuleManager: Shutting down and abandoning module VisualStudioSourceCodeAccess (278)
[2017.12.12-00.30.54:621][491]LogModuleManager: Shutting down and abandoning module DesktopPlatform (277)
[2017.12.12-00.30.54:621][491]LogModuleManager: Shutting down and abandoning module UObjectPlugin (274)
[2017.12.12-00.30.54:621][491]LogModuleManager: Shutting down and abandoning module SubversionSourceControl (272)
[2017.12.12-00.30.54:621][491]LogModuleManager: Shutting down and abandoning module PerforceSourceControl (270)
[2017.12.12-00.30.54:621][491]LogModuleManager: Shutting down and abandoning module GitSourceControl (268)
[2017.12.12-00.30.54:621][491]LogModuleManager: Shutting down and abandoning module SourceControl (267)
[2017.12.12-00.30.54:621][491]LogModuleManager: Shutting down and abandoning module LightPropagationVolumeEditor (264)
[2017.12.12-00.30.54:621][491]LogModuleManager: Shutting down and abandoning module PaperTiledImporter (262)
[2017.12.12-00.30.54:621][491]LogModuleManager: Shutting down and abandoning module PaperSpriteSheetImporter (260)
[2017.12.12-00.30.54:621][491]LogModuleManager: Shutting down and abandoning module Paper2DEditor (258)
[2017.12.12-00.30.54:621][491]LogModuleManager: Shutting down and abandoning module MeshPaint (257)
[2017.12.12-00.30.54:621][491]LogModuleManager: Shutting down and abandoning module LevelEditor (255)
[2017.12.12-00.30.54:622][491]LogModuleManager: Shutting down and abandoning module PixelInspectorModule (254)
[2017.12.12-00.30.54:622][491]LogModuleManager: Shutting down and abandoning module MainFrame (252)
[2017.12.12-00.30.54:622][491]LogModuleManager: Shutting down and abandoning module HotReload (251)
[2017.12.12-00.30.54:622][491]LogModuleManager: Shutting down and abandoning module PhysXVehiclesEditor (246)
[2017.12.12-00.30.54:622][491]LogModuleManager: Shutting down and abandoning module PhysXVehicles (244)
[2017.12.12-00.30.54:622][491]LogModuleManager: Shutting down and abandoning module LocationServicesBPLibrary (242)
[2017.12.12-00.30.54:622][491]LogModuleManager: Shutting down and abandoning module ImmediatePhysicsEditor (240)
[2017.12.12-00.30.54:622][491]LogModuleManager: Shutting down and abandoning module ImmediatePhysics (238)
[2017.12.12-00.30.54:622][491]LogModuleManager: Shutting down and abandoning module UdpMessaging (236)
[2017.12.12-00.30.54:724][491]LogModuleManager: Shutting down and abandoning module TcpMessaging (234)
[2017.12.12-00.30.54:905][491]LogModuleManager: Shutting down and abandoning module GameplayTagsEditor (232)
[2017.12.12-00.30.54:905][491]LogModuleManager: Shutting down and abandoning module FacialAnimationEditor (230)
[2017.12.12-00.30.54:905][491]LogModuleManager: Shutting down and abandoning module FacialAnimation (228)
[2017.12.12-00.30.54:905][491]LogModuleManager: Shutting down and abandoning module AssetManagerEditor (226)
[2017.12.12-00.30.54:905][491]LogModuleManager: Shutting down and abandoning module GraphEditor (225)
[2017.12.12-00.30.54:905][491]LogModuleManager: Shutting down and abandoning module ContentBrowser (223)
[2017.12.12-00.30.54:906][491]LogModuleManager: Shutting down and abandoning module LightPropagationVolumeRuntime (220)
[2017.12.12-00.30.54:906][491]LogModuleManager: Shutting down and abandoning module Paper2D (218)
[2017.12.12-00.30.54:906][491]LogModuleManager: Shutting down and abandoning module WindowsMoviePlayer (216)
[2017.12.12-00.30.54:906][491]LogModuleManager: Shutting down and abandoning module WmfMedia (214)
[2017.12.12-00.30.54:906][491]LogModuleManager: Shutting down and abandoning module ClothingSystemEditor (212)
[2017.12.12-00.30.54:906][491]LogModuleManager: Shutting down and abandoning module ClothingSystemRuntime (210)
[2017.12.12-00.30.54:906][491]LogModuleManager: Shutting down and abandoning module MediaAssets (208)
[2017.12.12-00.30.54:906][491]LogModuleManager: Shutting down and abandoning module GameLiveStreaming (206)
[2017.12.12-00.30.54:906][491]LogModuleManager: Shutting down and abandoning module VREditor (204)
[2017.12.12-00.30.54:906][491]LogModuleManager: Shutting down and abandoning module StringTableEditor (202)
[2017.12.12-00.30.54:906][491]LogModuleManager: Shutting down and abandoning module GameplayTasksEditor (200)
[2017.12.12-00.30.54:906][491]LogModuleManager: Shutting down and abandoning module BehaviorTreeEditor (198)
[2017.12.12-00.30.54:906][491]LogModuleManager: Shutting down and abandoning module FunctionalTesting (196)
[2017.12.12-00.30.54:906][491]LogModuleManager: Shutting down and abandoning module CollisionAnalyzer (194)
[2017.12.12-00.30.54:906][491]LogModuleManager: Shutting down and abandoning module UMG (192)
[2017.12.12-00.30.54:906][491]LogModuleManager: Shutting down and abandoning module UMGEditor (191)
[2017.12.12-00.30.54:906][491]LogModuleManager: Shutting down and abandoning module Sequencer (190)
[2017.12.12-00.30.54:906][491]LogModuleManager: Shutting down and abandoning module AssetTools (188)
[2017.12.12-00.30.54:906][491]LogModuleManager: Shutting down and abandoning module MessageLog (187)
[2017.12.12-00.30.54:906][491]LogModuleManager: Shutting down and abandoning module WorkspaceMenuStructure (186)
[2017.12.12-00.30.54:906][491]LogModuleManager: Shutting down and abandoning module SlateReflector (180)
[2017.12.12-00.30.54:906][491]LogModuleManager: Shutting down and abandoning module Slate (178)
[2017.12.12-00.30.54:906][491]LogModuleManager: Shutting down and abandoning module EditorStyle (176)
[2017.12.12-00.30.54:908][491]LogModuleManager: Shutting down and abandoning module SourceCodeAccess (174)
[2017.12.12-00.30.54:908][491]LogModuleManager: Shutting down and abandoning module HeadMountedDisplay (172)
[2017.12.12-00.30.54:908][491]LogModuleManager: Shutting down and abandoning module XAudio2 (170)
[2017.12.12-00.30.54:908][491]LogModuleManager: Shutting down and abandoning module Networking (168)
[2017.12.12-00.30.54:908][491]LogModuleManager: Shutting down and abandoning module Core (164)
[2017.12.12-00.30.54:908][491]LogModuleManager: Shutting down and abandoning module AssetRegistry (162)
[2017.12.12-00.30.55:005][491]LogDirectoryWatcher: A directory notification for '../../../Engine/Content/' was aborted.
[2017.12.12-00.30.55:005][491]LogDirectoryWatcher: A directory notification for 'D:/CastleGuardCurrent/CastleGuardPhase2/CastleGuardReborn/Content/' was aborted.
[2017.12.12-00.30.55:005][491]LogDirectoryWatcher: A directory notification for '../../../Engine/Plugins/2D/Paper2D/Content/' was aborted.
[2017.12.12-00.30.55:005][491]LogDirectoryWatcher: A directory notification for '../../../Engine/Plugins/Runtime/GearVR/Content/' was aborted.
[2017.12.12-00.30.55:008][491]LogModuleManager: Shutting down and abandoning module DirectoryWatcher (161)
[2017.12.12-00.30.55:008][491]LogModuleManager: Shutting down and abandoning module KismetCompiler (158)
[2017.12.12-00.30.55:008][491]LogModuleManager: Shutting down and abandoning module LevelSequence (156)
[2017.12.12-00.30.55:008][491]LogModuleManager: Shutting down and abandoning module PhysXFormats (154)
[2017.12.12-00.30.55:008][491]LogModuleManager: Shutting down and abandoning module MeshUtilities (152)
[2017.12.12-00.30.55:008][491]LogModuleManager: Shutting down and abandoning module SimplygonSwarm (151)
[2017.12.12-00.30.55:008][491]LogModuleManager: Shutting down and abandoning module SimplygonMeshReduction (149)
[2017.12.12-00.30.55:008][491]LogModuleManager: Shutting down and abandoning module QuadricMeshReduction (147)
[2017.12.12-00.30.55:008][491]LogModuleManager: Shutting down and abandoning module DerivedDataCache (144)
[2017.12.12-00.30.55:028][491]LogDerivedDataCache: Shutdown
[2017.12.12-00.30.55:028][491]LogModuleManager: Shutting down and abandoning module TargetPlatform (142)
[2017.12.12-00.30.55:028][491]LogModuleManager: Shutting down and abandoning module VulkanShaderFormat (141)
[2017.12.12-00.30.55:028][491]LogModuleManager: Shutting down and abandoning module ShaderFormatVectorVM (139)
[2017.12.12-00.30.55:028][491]LogModuleManager: Shutting down and abandoning module ShaderFormatOpenGL (137)
[2017.12.12-00.30.55:028][491]LogModuleManager: Shutting down and abandoning module ShaderFormatD3D (135)
[2017.12.12-00.30.55:028][491]LogModuleManager: Shutting down and abandoning module MetalShaderFormat (133)
[2017.12.12-00.30.55:028][491]LogModuleManager: Shutting down and abandoning module TextureFormatUncompressed (131)
[2017.12.12-00.30.55:028][491]LogModuleManager: Shutting down and abandoning module TextureFormatPVR (129)
[2017.12.12-00.30.55:028][491]LogModuleManager: Shutting down and abandoning module TextureFormatDXT (127)
[2017.12.12-00.30.55:028][491]LogModuleManager: Shutting down and abandoning module TextureFormatIntelISPCTexComp (125)
[2017.12.12-00.30.55:028][491]LogModuleManager: Shutting down and abandoning module TextureFormatASTC (123)
[2017.12.12-00.30.55:028][491]LogModuleManager: Shutting down and abandoning module ImageWrapper (122)
[2017.12.12-00.30.55:028][491]LogModuleManager: Shutting down and abandoning module TextureFormatAndroid (119)
[2017.12.12-00.30.55:028][491]LogModuleManager: Shutting down and abandoning module AudioFormatOpus (117)
[2017.12.12-00.30.55:028][491]LogModuleManager: Shutting down and abandoning module AudioFormatOgg (115)
[2017.12.12-00.30.55:028][491]LogModuleManager: Shutting down and abandoning module AudioFormatADPCM (113)
[2017.12.12-00.30.55:028][491]LogModuleManager: Shutting down and abandoning module LinuxTargetPlatform (111)
[2017.12.12-00.30.55:028][491]LogModuleManager: Shutting down and abandoning module LinuxServerTargetPlatform (109)
[2017.12.12-00.30.55:028][491]LogModuleManager: Shutting down and abandoning module LinuxNoEditorTargetPlatform (107)
[2017.12.12-00.30.55:028][491]LogModuleManager: Shutting down and abandoning module LinuxClientTargetPlatform (105)
[2017.12.12-00.30.55:028][491]LogModuleManager: Shutting down and abandoning module TVOSTargetPlatform (103)
[2017.12.12-00.30.55:028][491]LogModuleManager: Shutting down and abandoning module Messaging (101)
[2017.12.12-00.30.55:028][491]LogModuleManager: Shutting down and abandoning module IOSTargetPlatform (99)
[2017.12.12-00.30.55:028][491]LogModuleManager: Shutting down and abandoning module HTML5TargetPlatform (97)
[2017.12.12-00.30.55:028][491]LogModuleManager: Shutting down and abandoning module Android_PVRTCTargetPlatform (95)
[2017.12.12-00.30.55:028][491]LogModuleManager: Shutting down and abandoning module Android_MultiTargetPlatform (93)
[2017.12.12-00.30.55:028][491]LogModuleManager: Shutting down and abandoning module Android_ETC2TargetPlatform (91)
[2017.12.12-00.30.55:028][491]LogModuleManager: Shutting down and abandoning module Android_ETC1TargetPlatform (89)
[2017.12.12-00.30.55:028][491]LogModuleManager: Shutting down and abandoning module Android_DXTTargetPlatform (87)
[2017.12.12-00.30.55:028][491]LogModuleManager: Shutting down and abandoning module Android_ATCTargetPlatform (85)
[2017.12.12-00.30.55:028][491]LogModuleManager: Shutting down and abandoning module Android_ASTCTargetPlatform (83)
[2017.12.12-00.30.55:028][491]LogModuleManager: Shutting down and abandoning module AndroidTargetPlatform (81)
[2017.12.12-00.30.55:028][491]LogModuleManager: Shutting down and abandoning module WindowsTargetPlatform (79)
[2017.12.12-00.30.55:028][491]LogModuleManager: Shutting down and abandoning module WindowsServerTargetPlatform (77)
[2017.12.12-00.30.55:028][491]LogModuleManager: Shutting down and abandoning module WindowsNoEditorTargetPlatform (75)
[2017.12.12-00.30.55:028][491]LogModuleManager: Shutting down and abandoning module WindowsClientTargetPlatform (73)
[2017.12.12-00.30.55:029][491]LogModuleManager: Shutting down and abandoning module MacTargetPlatform (71)
[2017.12.12-00.30.55:029][491]LogModuleManager: Shutting down and abandoning module MacServerTargetPlatform (69)
[2017.12.12-00.30.55:029][491]LogModuleManager: Shutting down and abandoning module MacNoEditorTargetPlatform (67)
[2017.12.12-00.30.55:029][491]LogModuleManager: Shutting down and abandoning module MacClientTargetPlatform (65)
[2017.12.12-00.30.55:029][491]LogModuleManager: Shutting down and abandoning module AllDesktopTargetPlatform (63)
[2017.12.12-00.30.55:029][491]LogModuleManager: Shutting down and abandoning module InputCore (60)
[2017.12.12-00.30.55:029][491]LogModuleManager: Shutting down and abandoning module Settings (58)
[2017.12.12-00.30.55:029][491]LogModuleManager: Shutting down and abandoning module OculusRift (56)
[2017.12.12-00.30.55:029][491]LogModuleManager: Shutting down and abandoning module GearVRController (54)
[2017.12.12-00.30.55:029][491]LogModuleManager: Shutting down and abandoning module GearVR (52)
[2017.12.12-00.30.55:029][491]LogModuleManager: Shutting down and abandoning module ExampleDeviceProfileSelector (50)
[2017.12.12-00.30.55:029][491]LogModuleManager: Shutting down and abandoning module OnlineBlueprintSupport (48)
[2017.12.12-00.30.55:029][491]LogModuleManager: Shutting down and abandoning module OnlineSubsystem (44)
[2017.12.12-00.30.55:029][491]LogOnline:Display: Unloading online subsystem: NULL
[2017.12.12-00.30.55:029][491]LogModuleManager: Shutting down and abandoning module XMPP (43)
[2017.12.12-00.30.55:029][491]LogModuleManager: Shutting down and abandoning module HTTP (41)
[2017.12.12-00.30.55:029][491]LogHttp:Display: Http module shutting down, but needs to wait on 1 outstanding Http requests:
[2017.12.12-00.30.55:029][491]LogHttp:Display: 	verb=[POST] url=[https://datarouter.ol.epicgames.com/datarouter/api/v1/public/data?SessionID=%7BFA42DF36-4514-2590-F673-329603D53F77%7D&AppID=UEEditor.Rocket.Release&AppVersion=4.16.2-3514769%2B%2B%2BUE4%2BRelease-4.16&UserID=982011a7482c1cbdc2ce3cbeaef51dbe%7C90661dbbb29643fa8d9650f8ab2c70e2%7C70012bb2-c253-4297-934e-6257f569ac01&AppEnvironment=datacollector-binary&UploadType=eteventstream] status=Processing
[2017.12.12-00.30.55:041][491]LogModuleManager: Shutting down and abandoning module SSL (40)
[2017.12.12-00.30.55:042][491]LogModuleManager: Shutting down and abandoning module HTTPChunkInstaller (36)
[2017.12.12-00.30.55:042][491]LogModuleManager: Shutting down and abandoning module AnimationModifiers (34)
[2017.12.12-00.30.55:042][491]LogModuleManager: Shutting down and abandoning module PropertyEditor (33)
[2017.12.12-00.30.55:042][491]LogModuleManager: Shutting down and abandoning module AudioEditor (30)
[2017.12.12-00.30.55:043][491]LogModuleManager: Shutting down and abandoning module TextureCompressor (28)
[2017.12.12-00.30.55:043][491]LogModuleManager: Shutting down and abandoning module ShaderCore (26)
[2017.12.12-00.30.55:043][491]LogModuleManager: Shutting down and abandoning module Landscape (24)
[2017.12.12-00.30.55:043][491]LogModuleManager: Shutting down and abandoning module SlateRHIRenderer (22)
[2017.12.12-00.30.55:043][491]LogModuleManager: Shutting down and abandoning module OpenGLDrv (20)
[2017.12.12-00.30.55:043][491]LogModuleManager: Shutting down and abandoning module D3D11RHI (18)
[2017.12.12-00.30.55:043][491]LogModuleManager: Shutting down and abandoning module AnimGraphRuntime (16)
[2017.12.12-00.30.55:043][491]LogModuleManager: Shutting down and abandoning module Renderer (14)
[2017.12.12-00.30.55:043][491]LogModuleManager: Shutting down and abandoning module Engine (12)
[2017.12.12-00.30.55:043][491]LogModuleManager: Shutting down and abandoning module CoreUObject (10)
[2017.12.12-00.30.55:043][491]LogModuleManager: Shutting down and abandoning module NetworkFile (8)
[2017.12.12-00.30.55:043][491]LogModuleManager: Shutting down and abandoning module StreamingFile (6)
[2017.12.12-00.30.55:043][491]LogModuleManager: Shutting down and abandoning module SandboxFile (4)
[2017.12.12-00.30.55:043][491]LogModuleManager: Shutting down and abandoning module PakFile (2)
[2017.12.12-00.30.55:044][491]LogExit: Exiting.
[2017.12.12-00.30.55:070][491]Log file closed, 12/11/17 16:30:55
