Log file open, 11/02/17 19:29:52
LogInit:Display: Running engine for game: CastleGuardReborn
LogPlatformFile: Not using cached read wrapper
LogInit:Display: RandInit(1917929762) SRandInit(1917929762).
LogTaskGraph: Started task graph with 5 named threads and 8 total threads with 1 sets of task threads.
LogStats: Stats thread started at 0.086709
LogInit: Using libcurl 7.47.1
LogInit:  - built for x86_64-pc-win32
LogInit:  - supports SSL with OpenSSL/1.0.2g
LogInit:  - supports HTTP deflate (compression) using libz 1.2.8
LogInit:  - other features:
LogInit:      CURL_VERSION_SSL
LogInit:      CURL_VERSION_LIBZ
LogInit:      CURL_VERSION_IPV6
LogInit:      CURL_VERSION_ASYNCHDNS
LogInit:      CURL_VERSION_LARGEFILE
LogInit:      CURL_VERSION_IDN
LogInit:  CurlRequestOptions (configurable via config and command line):
LogInit:  - bVerifyPeer = false  - Libcurl will NOT verify peer certificate
LogInit:  - bUseHttpProxy = false  - Libcurl will NOT use HTTP proxy
LogInit:  - bDontReuseConnections = false  - Libcurl will reuse connections
LogInit:  - CertBundlePath = nullptr  - Libcurl will use whatever was configured at build time.
LogInit: Build: ++UE4+Release-4.16-CL-3514769
LogInit: Engine Version: 4.16.2-3514769+++UE4+Release-4.16
LogInit: Compatible Engine Version: 4.16.0-3452394+++UE4+Release-4.16
LogInit: Net CL: 3452394
LogDevObjectVersion: Number of dev versions registered: 16
LogDevObjectVersion:   Dev-Blueprints (B0D832E4-1F89-4F0D-ACCF-7EB736FD4AA2): 9
LogDevObjectVersion:   Dev-Build (E1C64328-A22C-4D53-A36C-8E866417BD8C): 0
LogDevObjectVersion:   Dev-Core (375EC13C-06E4-48FB-B500-84F0262A717E): 2
LogDevObjectVersion:   Dev-Editor (E4B068ED-F494-42E9-A231-DA0B2E46BB41): 17
LogDevObjectVersion:   Dev-Framework (CFFC743F-43B0-4480-9391-14DF171D2073): 23
LogDevObjectVersion:   Dev-Mobile (B02B49B5-BB20-44E9-A304-32B752E40360): 0
LogDevObjectVersion:   Dev-Networking (A4E4105C-59A1-49B5-A7C5-40C4547EDFEE): 0
LogDevObjectVersion:   Dev-Online (39C831C9-5AE6-47DC-9A44-9C173E1C8E7C): 0
LogDevObjectVersion:   Dev-Physics (78F01B33-EBEA-4F98-B9B4-84EACCB95AA2): 0
LogDevObjectVersion:   Dev-Platform (6631380F-2D4D-43E0-8009-CF276956A95A): 0
LogDevObjectVersion:   Dev-Rendering (12F88B9F-8875-4AFC-A67C-D90C383ABD29): 15
LogDevObjectVersion:   Dev-Sequencer (7B5AE74C-D270-4C10-A958-57980B212A5A): 4
LogDevObjectVersion:   Dev-VR (D7296918-1DD6-4BDD-9DE2-64A83CC13884): 0
LogDevObjectVersion:   Dev-LoadTimes (C2A15278-BFE7-4AFE-6C17-90FF531DF755): 1
LogDevObjectVersion:   Private-Geometry (6EACA3D4-40EC-4CC1-B786-8BED09428FC5): 1
LogDevObjectVersion:   Dev-AnimPhys (29E575DD-E0A3-4627-9D10-D276232CDCEA): 3
LogInit: Compiled (64-bit): Jun 29 2017 02:03:24
LogInit: Compiled with Visual C++: 19.00.24215.01
LogInit: Build Configuration: Development
LogInit: Branch Name: ++UE4+Release-4.16
LogInit: Command line: 
LogInit: Base directory: C:/4.16/Engine/Binaries/Win64/
LogInit: Installed Engine Build: 1
LogInit: Presizing for max 8388607 objects, including 0 objects not considered by GC, pre-allocating 0 bytes for permanent pool.
LogInit: Object subsystem initialized
[2017.11.03-02.29.53:241][  0]LogInit: Selected Device Profile: [Windows]
[2017.11.03-02.29.53:241][  0]LogInit: Applying CVar settings loaded from the selected device profile: [Windows]
[2017.11.03-02.29.53:376][  0]LogInit: Computer: WIZARD
[2017.11.03-02.29.53:376][  0]LogInit: User: 22TKDF8XX6YG69F9M66D
[2017.11.03-02.29.53:376][  0]LogInit: CPU Page size=4096, Cores=4
[2017.11.03-02.29.53:376][  0]LogInit: High frequency timer resolution =3.320351 MHz
[2017.11.03-02.29.53:377][  0]LogMemory: Memory total: Physical=15.9GB (16GB approx)
[2017.11.03-02.29.53:377][  0]LogMemory: Platform Memory Stats for Windows
[2017.11.03-02.29.53:377][  0]LogMemory: Process Physical Memory: 275.52 MB used, 275.52 MB peak
[2017.11.03-02.29.53:377][  0]LogMemory: Process Virtual Memory: 263.84 MB used, 263.84 MB peak
[2017.11.03-02.29.53:377][  0]LogMemory: Physical Memory: 4866.63 MB used,  11461.30 MB free, 16327.92 MB total
[2017.11.03-02.29.53:377][  0]LogMemory: Virtual Memory: 622.28 MB used,  11461.30 MB free, 8388608.00 MB total
[2017.11.03-02.29.53:488][  0]LogInit: Using OS detected language (en-US).
[2017.11.03-02.29.53:488][  0]LogInit: Using OS detected locale (en-US).
[2017.11.03-02.29.53:557][  0]LogTextLocalizationManager: No specific localization for 'en-US' exists, so the 'en' localization will be used.
[2017.11.03-02.29.57:099][  0]LogD3D11RHI: D3D11 adapters:
[2017.11.03-02.29.57:114][  0]LogD3D11RHI:    0. 'AMD Radeon HD 7900 Series' (Feature Level 11_0)
[2017.11.03-02.29.57:114][  0]LogD3D11RHI:       3049/0/3840 MB DedicatedVideo/DedicatedSystem/SharedSystem, Outputs:2, VendorId:0x1002
[2017.11.03-02.29.57:114][  0]LogD3D11RHI: Chosen D3D11 Adapter: 0
[2017.11.03-02.29.57:121][  0]LogD3D11RHI: Creating new Direct3DDevice
[2017.11.03-02.29.57:121][  0]LogD3D11RHI:     GPU DeviceId: 0x679a (for the marketing name, search the web for "GPU Device Id")
[2017.11.03-02.29.57:121][  0]LogWindows: EnumDisplayDevices:
[2017.11.03-02.29.57:122][  0]LogWindows:    0. 'AMD Radeon HD 7900 Series' (P:0 D:1)
[2017.11.03-02.29.57:122][  0]LogWindows:    1. 'AMD Radeon HD 7900 Series' (P:1 D:1)
[2017.11.03-02.29.57:122][  0]LogWindows:    2. 'AMD Radeon HD 7900 Series' (P:0 D:0)
[2017.11.03-02.29.57:123][  0]LogWindows:    3. 'AMD Radeon HD 7900 Series' (P:0 D:0)
[2017.11.03-02.29.57:123][  0]LogWindows:    4. 'AMD Radeon HD 7900 Series' (P:0 D:0)
[2017.11.03-02.29.57:123][  0]LogWindows:    5. 'AMD Radeon HD 7900 Series' (P:0 D:0)
[2017.11.03-02.29.57:123][  0]LogWindows:    6. 'RDPDD Chained DD' (P:0 D:0)
[2017.11.03-02.29.57:124][  0]LogWindows:    7. 'RDP Encoder Mirror Driver' (P:0 D:0)
[2017.11.03-02.29.57:124][  0]LogWindows:    8. 'RDP Reflector Display Driver' (P:0 D:0)
[2017.11.03-02.29.57:124][  0]LogWindows: DebugString: GetVideoDriverDetailsInvalid PrimaryIsNotTheChoosenAdapter GetVideoDriverDetailsInvalid PrimaryIsNotTheChoosenAdapter GetVideoDriverDetailsInvalid PrimaryIsNotTheChoosenAdapter FoundDriverCount:6 
[2017.11.03-02.29.57:124][  0]LogD3D11RHI:     Adapter Name: AMD Radeon HD 7900 Series
[2017.11.03-02.29.57:124][  0]LogD3D11RHI:   Driver Version: Crimson ReLive 17.7.2 (internal:22.19.662.4, unified:22.19.662.4)
[2017.11.03-02.29.57:124][  0]LogD3D11RHI:      Driver Date: 7-20-2017
[2017.11.03-02.29.57:124][  0]LogRHI: Texture pool is 1361 MB (70% of 1945 MB)
[2017.11.03-02.29.57:168][  0]LogD3D11RHI: Async texture creation enabled
[2017.11.03-02.29.57:179][  0]LogD3D11RHI: GPU Timing Frequency: 27.000000 (Debug: 2 1)
[2017.11.03-02.29.57:179][  0]LogShaderCompilers: Guid format shader working directory is -23 characters bigger than the processId version (../../../../Users/22TKDF8XX6YG69F9M66D/Downloads/CastleGuardPhase2/CastleGuardReborn/Intermediate/Shaders/WorkingDirectory/3012/).
[2017.11.03-02.29.57:179][  0]LogShaderCompilers: Cleaned the shader compiler working directory 'C:/Users/22TKDF8XX6YG69F9M66D/AppData/Local/Temp/UnrealShaderWorkingDir/BDA52F5B49E15011B1EEB5A005214234/'.
[2017.11.03-02.29.57:179][  0]LogShaderCompilers:Display: Using Local Shader Compiler.
[2017.11.03-02.29.58:248][  0]LogTemp:Display: Loaded TP AllDesktopTargetPlatform
[2017.11.03-02.29.58:298][  0]LogTemp:Display: Loaded TP MacClientTargetPlatform
[2017.11.03-02.29.58:349][  0]LogTemp:Display: Loaded TP MacNoEditorTargetPlatform
[2017.11.03-02.29.58:399][  0]LogTemp:Display: Loaded TP MacServerTargetPlatform
[2017.11.03-02.29.58:461][  0]LogTemp:Display: Loaded TP MacTargetPlatform
[2017.11.03-02.29.58:512][  0]LogTemp:Display: Loaded TP WindowsClientTargetPlatform
[2017.11.03-02.29.58:564][  0]LogTemp:Display: Loaded TP WindowsNoEditorTargetPlatform
[2017.11.03-02.29.58:616][  0]LogTemp:Display: Loaded TP WindowsServerTargetPlatform
[2017.11.03-02.29.58:660][  0]LogTemp:Display: Loaded TP WindowsTargetPlatform
[2017.11.03-02.29.58:715][  0]LogTemp:Display: Loaded TP AndroidTargetPlatform
[2017.11.03-02.29.58:766][  0]LogTemp:Display: Loaded TP Android_ASTCTargetPlatform
[2017.11.03-02.29.58:816][  0]LogTemp:Display: Loaded TP Android_ATCTargetPlatform
[2017.11.03-02.29.58:867][  0]LogTemp:Display: Loaded TP Android_DXTTargetPlatform
[2017.11.03-02.29.58:917][  0]LogTemp:Display: Loaded TP Android_ETC1TargetPlatform
[2017.11.03-02.29.58:968][  0]LogTemp:Display: Loaded TP Android_ETC2TargetPlatform
[2017.11.03-02.29.59:069][  0]LogTemp:Display: Loaded TP Android_MultiTargetPlatform
[2017.11.03-02.29.59:069][  0]LogTemp:Display: Loaded TP Android_PVRTCTargetPlatform
[2017.11.03-02.29.59:106][  0]LogTemp:Display: Loaded TP HTML5TargetPlatform
[2017.11.03-02.29.59:196][  0]LogTemp:Display: Loaded TP IOSTargetPlatform
[2017.11.03-02.29.59:227][  0]LogTemp:Display: Loaded TP TVOSTargetPlatform
[2017.11.03-02.29.59:277][  0]LogTemp:Display: Loaded TP LinuxClientTargetPlatform
[2017.11.03-02.29.59:327][  0]LogTemp:Display: Loaded TP LinuxNoEditorTargetPlatform
[2017.11.03-02.29.59:376][  0]LogTemp:Display: Loaded TP LinuxServerTargetPlatform
[2017.11.03-02.29.59:427][  0]LogTemp:Display: Loaded TP LinuxTargetPlatform
[2017.11.03-02.29.59:427][  0]LogTargetPlatformManager:Display: Building Assets For Windows
[2017.11.03-02.29.59:872][  0]LogDerivedDataCache:Display: Max Cache Size: 512 MB
[2017.11.03-02.29.59:983][  0]LogDerivedDataCache: Loaded boot cache 0.11s 90MB C:/Users/22TKDF8XX6YG69F9M66D/AppData/Local/UnrealEngine/4.16/DerivedDataCache/Boot.ddc.
[2017.11.03-02.29.59:983][  0]LogDerivedDataCache:Display: Loaded Boot cache: C:/Users/22TKDF8XX6YG69F9M66D/AppData/Local/UnrealEngine/4.16/DerivedDataCache/Boot.ddc
[2017.11.03-02.29.59:983][  0]LogDerivedDataCache: FDerivedDataBackendGraph:  Pak pak cache file ../../../../Users/22TKDF8XX6YG69F9M66D/Downloads/CastleGuardPhase2/CastleGuardReborn/DerivedDataCache/DDC.ddp not found, will not use a pak cache.
[2017.11.03-02.29.59:983][  0]LogDerivedDataCache: Unable to find inner node Pak for hierarchical cache Hierarchy.
[2017.11.03-02.29.59:983][  0]LogDerivedDataCache: FDerivedDataBackendGraph:  CompressedPak pak cache file ../../../../Users/22TKDF8XX6YG69F9M66D/Downloads/CastleGuardPhase2/CastleGuardReborn/DerivedDataCache/Compressed.ddp not found, will not use a pak cache.
[2017.11.03-02.29.59:983][  0]LogDerivedDataCache: Unable to find inner node CompressedPak for hierarchical cache Hierarchy.
[2017.11.03-02.30.00:003][  0]LogDerivedDataCache:Display: Pak cache opened for reading ../../../Engine/DerivedDataCache/Compressed.ddp.
[2017.11.03-02.30.00:014][  0]LogDerivedDataCache: Using Local data cache path C:/Users/22TKDF8XX6YG69F9M66D/AppData/Local/UnrealEngine/Common/DerivedDataCache: Writable
[2017.11.03-02.30.00:025][  0]LogMaterial: Verifying Global Shaders for PCD3D_SM5
[2017.11.03-02.30.00:026][  0]LogSlate: Using Freetype 2.6.0
[2017.11.03-02.30.00:038][  0]LogSlate: SlateFontCache - WITH_FREETYPE: 1, WITH_HARFBUZZ: 1
[2017.11.03-02.30.00:038][  0]LogSlate: SlateFontCache - WITH_FREETYPE: 1, WITH_HARFBUZZ: 1
[2017.11.03-02.30.01:370][  0]LogInit: Selected Device Profile: [Windows]
[2017.11.03-02.30.01:374][  0]LogContentStreaming: Texture pool size is 0.00 MB
[2017.11.03-02.30.01:613][  0]LogMeshUtilities: Using QuadricMeshReduction for automatic static mesh reduction
[2017.11.03-02.30.01:654][  0]LogSimplygon: Simplygon DLL not present - disabling.
[2017.11.03-02.30.01:697][  0]LogMeshUtilities: Using SimplygonSwarm for distributed automatic mesh merging
[2017.11.03-02.30.01:697][  0]LogMeshUtilities: No automatic skeletal mesh reduction module available
[2017.11.03-02.30.01:697][  0]LogMeshUtilities: No automatic mesh merging module available
[2017.11.03-02.30.02:309][  0]LogNetVersion: CastleGuardReborn , NetCL: 3452394, EngineNetVer: 2, GameNetVer: 0 (Checksum: 2303850599)
[2017.11.03-02.30.02:370][  0]LogAssetRegistry: FAssetRegistry took 0.0253 seconds to start up
[2017.11.03-02.30.02:416][  0]LogPackageLocalizationCache: Processed 4 localized package path(s) for 2 prioritized culture(s) in 0.026099 seconds
[2017.11.03-02.30.02:421][  0]LogUObjectArray: 34194 objects as part of root set at end of initial load.
[2017.11.03-02.30.02:421][  0]LogUObjectAllocator: 7260416 out of 0 bytes used by permanent object pool.
[2017.11.03-02.30.02:421][  0]LogUObjectArray: CloseDisregardForGC: 0/0 objects in disregard for GC pool
[2017.11.03-02.30.02:479][  0]LogInit: WinSock: version 1.1 (2.2), MaxSocks=32767, MaxUdp=65467
[2017.11.03-02.30.21:924][  0]LogTcpMessaging: Initializing TcpMessaging bridge
[2017.11.03-02.30.21:959][  0]LogUdpMessaging: Initializing bridge on interface 0.0.0.0:0 to multicast group 230.0.0.1:6666.
[2017.11.03-02.30.22:560][  0]LogMaterial: Uniform references updated for custom material expression Custom.
[2017.11.03-02.30.22:960][  0]SourceControl: Info Source control is disabled
[2017.11.03-02.30.23:005][  0]SourceControl: Info Source control is disabled
[2017.11.03-02.30.23:047][  0]SourceControl: Info Source control is disabled
[2017.11.03-02.30.23:090][  0]SourceControl: Info Source control is disabled
[2017.11.03-02.30.23:884][  0]LogAndroidPermission: UAndroidPermissionCallbackProxy::GetInstance
[2017.11.03-02.30.24:435][  0]LogEngine: Initializing Engine...
[2017.11.03-02.30.24:435][  0]LogHMD: Failed to initialize OpenVR with code 110
[2017.11.03-02.30.24:720][  0]LogStats: UGameplayTagsManager::ConstructGameplayTagTree: Construct from data asset -  0.000 s
[2017.11.03-02.30.24:721][  0]LogStats: UGameplayTagsManager::ConstructGameplayTagTree: GameplayTagTreeChangedEvent.Broadcast -  0.000 s
[2017.11.03-02.30.24:839][  0]LogAIModule: Creating AISystem for world Untitled
[2017.11.03-02.30.24:848][  0]LogInit: XAudio2 using 'Speakers (2- High Definition Audio Device)' : 2 channels at 44.1 kHz using 16 bits per sample (channel mask 0x3)
[2017.11.03-02.30.24:855][  0]LogInit: FAudioDevice initialized.
[2017.11.03-02.30.24:905][  0]LogDerivedDataCache: Saved boot cache 0.05s 90MB C:/Users/22TKDF8XX6YG69F9M66D/AppData/Local/UnrealEngine/4.16/DerivedDataCache/Boot.ddc.
[2017.11.03-02.30.24:922][  0]LogInit: Texture streaming: Enabled
[2017.11.03-02.30.25:009][  0]LogEngineSessionManager: EngineSessionManager initialized
[2017.11.03-02.30.25:742][  0]LogInit: Transaction tracking system initialized
[2017.11.03-02.30.26:048][  0]BlueprintLog: New page: Editor Load
[2017.11.03-02.30.26:965][  0]LocalizationService: Info Localization service is disabled
[2017.11.03-02.30.27:742][  0]LogConsoleResponse:Display: 
[2017.11.03-02.30.32:143][  0]LogCook:Display: Max memory allowance for cook 16384mb min free memory 0mb
[2017.11.03-02.30.32:143][  0]LogCook:Display: Mobile HDR setting 1
[2017.11.03-02.30.33:708][  0]SourceControl: Info Source control is disabled
[2017.11.03-02.30.33:708][  0]Cmd: MAP LOAD FILE="../../../../Users/22TKDF8XX6YG69F9M66D/Downloads/CastleGuardPhase2/CastleGuardReborn/Content/VirtualRealityBP/Maps/default.umap" TEMPLATE=0 SHOWPROGRESS=1 FEATURELEVEL=3
[2017.11.03-02.30.33:708][  0]LightingResults: New page: Lighting Build
[2017.11.03-02.30.33:747][  0]MapCheck: New page: Map Check
[2017.11.03-02.30.33:747][  0]LightingResults: New page: Lighting Build
[2017.11.03-02.30.36:364][  0]LogClass:Warning: Enum '/Game/Vive/Blueprints/Enum_GameStatus.Enum_GameStatus' was upgraded to use FText to store its display name data. Please re-save this asset to avoid issues with localization and determinstic cooking.
[2017.11.03-02.30.38:433][  0]LogAIModule: Creating AISystem for world default
[2017.11.03-02.30.38:609][  0]LogEditorServer: Finished looking for orphan Actors (0.000 secs)
[2017.11.03-02.30.38:709][  0]Cmd: MAP CHECKDEP NOCLEARLOG
[2017.11.03-02.30.38:771][  0]MapCheck: Info Map check complete: 0 Error(s), 0 Warning(s), took 62.203ms to complete.
[2017.11.03-02.30.38:771][  0]LogFileHelpers: Loading map 'default' took 5.063
[2017.11.03-02.30.38:953][  0]LogCollectionManager: Loaded 0 collections in 0.001438 seconds
[2017.11.03-02.30.39:032][  0]LogFileCache: Scanning file cache for directory 'C:/Users/22TKDF8XX6YG69F9M66D/Downloads/CastleGuardPhase2/CastleGuardReborn/Saved/Collections/' took 0.01s
[2017.11.03-02.30.39:032][  0]LogFileCache: Scanning file cache for directory 'C:/Users/22TKDF8XX6YG69F9M66D/Downloads/CastleGuardPhase2/CastleGuardReborn/Content/Developers/22TKDF8XX6YG69F9M66D/Collections/' took 0.01s
[2017.11.03-02.30.39:032][  0]LogFileCache: Scanning file cache for directory 'C:/Users/22TKDF8XX6YG69F9M66D/Downloads/CastleGuardPhase2/CastleGuardReborn/Content/Collections/' took 0.01s
[2017.11.03-02.30.39:032][  0]LogCollectionManager: Rebuilt the GUID cache for 0 collections in 0.000002 seconds
[2017.11.03-02.30.39:042][  0]LogContentBrowser: Native class hierarchy populated in 0.0100 seconds. Added 2329 classes and 491 folders.
[2017.11.03-02.30.39:103][  0]LogContentBrowser: Native class hierarchy updated for 'WidgetCarousel' in 0.0006 seconds. Added 0 classes and 0 folders.
[2017.11.03-02.30.39:146][  0]LogContentBrowser: Native class hierarchy updated for 'AddContentDialog' in 0.0006 seconds. Added 0 classes and 0 folders.
[2017.11.03-02.30.39:189][  0]LogContentBrowser: Native class hierarchy updated for 'SceneOutliner' in 0.0006 seconds. Added 1 classes and 2 folders.
[2017.11.03-02.30.39:230][  0]LogCrashTracker: Crashtracker disabled due to settings.
[2017.11.03-02.30.39:260][  0]LogSlate: Took 0.000184 seconds to synchronously load lazily loaded font '../../../Engine/Content/Slate/Fonts/Roboto-Regular.ttf' (155K)
[2017.11.03-02.30.40:650][  0]LogSlate: Only BGRA pngs, bmps or icos are supported in by External Image Picker
[2017.11.03-02.30.40:665][  0]LogSlate: Took 0.000173 seconds to synchronously load lazily loaded font '../../../Engine/Content/Slate/Fonts/Roboto-Bold.ttf' (160K)
[2017.11.03-02.30.40:670][  0]LogSlate: Took 0.000189 seconds to synchronously load lazily loaded font '../../../Engine/Content/Editor/Slate/Fonts/FontAwesome.ttf' (139K)
[2017.11.03-02.30.40:784][  0]LogTemp: Executing iPhonePackager certificates Engine -bundlename com.YourCompany.CastleGuardReborn
[2017.11.03-02.30.40:784][  0]LogTemp: CWD: C:\4.16\Engine\Binaries\DotNET\IOS
[2017.11.03-02.30.40:784][  0]LogTemp: Initial Dir: C:\4.16
[2017.11.03-02.30.40:784][  0]LogTemp: Env CWD: C:\4.16\Engine\Binaries\DotNET\IOS
[2017.11.03-02.30.40:784][  0]LogTemp: BranchPath = WIZARD/C/4.16/Engine/Binaries --- GameBranchPath = WIZARD/C/4.16/Engine/Binaries
[2017.11.03-02.30.40:784][  0]LogTemp: IPP ERROR: Could not find provision directory 'C:\Users\22TKDF8XX6YG69F9M66D\AppData\Local/Apple Computer/MobileDevice/Provisioning Profiles/'.
[2017.11.03-02.30.40:784][  0]LogRenderer: Reallocating scene render targets to support 1208x576 NumSamples 1 (Frame:1).
[2017.11.03-02.30.40:937][  0]LogUObjectGlobals:Warning: Failed to find object 'Class None.'
[2017.11.03-02.30.40:998][  0]LogContentBrowser: Native class hierarchy updated for 'HierarchicalLODOutliner' in 0.0008 seconds. Added 1 classes and 2 folders.
[2017.11.03-02.30.40:999][  0]LogLoad: (Engine Initialization) Total time: 49.46 seconds
[2017.11.03-02.30.40:999][  0]LogLoad: (Engine Initialization) Total Blueprint compile time: 0.92 seconds
[2017.11.03-02.30.40:999][  0]LogExternalProfiler: No external profilers were discovered.  External profiling features will not be available.
[2017.11.03-02.30.41:008][  0]LogOcInput: OculusInput pre-init called
[2017.11.03-02.30.41:008][  0]LogHMD: Starting GearVRController plugin
[2017.11.03-02.30.41:036][  0]LogContentStreaming: Texture pool size now 1000 MB
[2017.11.03-02.30.41:111][  0]LogSlate: Took 0.000194 seconds to synchronously load lazily loaded font '../../../Engine/Content/Slate/Fonts/Roboto-Light.ttf' (159K)
[2017.11.03-02.30.41:135][  1]LogAssetRegistry: Asset discovery search completed in 38.7853 seconds
[2017.11.03-02.30.41:137][  1]LogCollectionManager: Rebuilt the object cache for 0 collections in 0.000001 seconds (found 0 objects)
[2017.11.03-02.30.41:137][  1]LogCollectionManager: Fixed up redirectors for 0 collections in 0.000049 seconds (updated 0 objects)
[2017.11.03-02.31.22:791][496]LogEditorViewport: Clicking on Actor (LMB): StaticMeshActor (BSPCastleStaticMesh)
[2017.11.03-02.32.46:790][229]LogEditorViewport: Clicking on Actor (LMB): Landscape (Landscape1)
[2017.11.03-02.32.50:730][464]LogMaterial: Missing cached shader map for material LandscapeMaterial, compiling. 
[2017.11.03-02.32.50:730][464]LogMaterial:Warning: Failed to compile Material Instance /Engine/Transient.LandscapeMaterialInstanceConstant_14 with Base LandscapeMaterial for platform PCD3D_SM5, Default Material will be used in game.
[2017.11.03-02.32.50:730][464]LogMaterial:Warning: 	(Node TextureSample) Texture Sample> Missing input texture
[2017.11.03-02.32.50:732][464]LogMaterial: Missing cached shader map for material LandscapeMaterial, compiling. 
[2017.11.03-02.32.50:732][464]LogMaterial:Warning: Failed to compile Material Instance /Engine/Transient.LandscapeMaterialInstanceConstant_14 with Base LandscapeMaterial for platform PCD3D_SM5, Default Material will be used in game.
[2017.11.03-02.32.50:732][464]LogMaterial:Warning: 	(Node TextureSample) Texture Sample> Missing input texture
[2017.11.03-02.32.50:885][464]LogTexture:Display: Building textures: Texture2D_2 (G8, 128X128)
[2017.11.03-02.33.03:830][657]LogSlate: Took 0.000133 seconds to synchronously load lazily loaded font '../../../Engine/Content/Slate/Fonts/Roboto-Light.ttf' (159K)
[2017.11.03-02.33.03:992][657]LogTexture:Display: Building textures: Texture2D_10 (BGRA8, 128X128)
[2017.11.03-02.33.03:994][657]LogTexture:Display: Building textures: Texture2D_11 (BGRA8, 128X128)
[2017.11.03-02.33.03:996][657]LogTexture:Display: Building textures: Texture2D_12 (BGRA8, 128X128)
[2017.11.03-02.33.03:999][657]LogTexture:Display: Building textures: Texture2D_14 (BGRA8, 128X128)
[2017.11.03-02.33.04:000][657]LogTexture:Display: Building textures: Texture2D_15 (BGRA8, 128X128)
[2017.11.03-02.33.04:001][657]LogTexture:Display: Building textures: Texture2D_2 (BGRA8, 128X128)
[2017.11.03-02.33.04:002][657]LogTexture:Display: Building textures: Texture2D_22 (BGRA8, 128X128)
[2017.11.03-02.33.04:003][657]LogTexture:Display: Building textures: Texture2D_23 (BGRA8, 128X128)
[2017.11.03-02.33.04:005][657]LogTexture:Display: Building textures: Texture2D_29 (BGRA8, 128X128)
[2017.11.03-02.33.04:006][657]LogTexture:Display: Building textures: Texture2D_30 (BGRA8, 128X128)
[2017.11.03-02.33.04:008][657]LogTexture:Display: Building textures: Texture2D_7 (BGRA8, 128X128)
[2017.11.03-02.33.04:011][657]LogTexture:Display: Building textures: Texture2D_8 (BGRA8, 128X128)
[2017.11.03-02.33.04:013][657]LogTexture:Display: Building textures: Texture2D_9 (BGRA8, 128X128)
[2017.11.03-02.33.06:230][657]LogSlate: Took 0.000144 seconds to synchronously load lazily loaded font '../../../Engine/Content/Slate/Fonts/Roboto-Regular.ttf' (155K)
[2017.11.03-02.33.08:218][657]LogSavePackage: Save=4282.87ms
[2017.11.03-02.33.08:218][657]LogSavePackage: Moving '../../../../Users/22TKDF8XX6YG69F9M66D/Downloads/CastleGuardPhase2/CastleGuardReborn/Saved/default27C0E738434CB4C2FBB2ECBF6F941759.tmp' to '../../../../Users/22TKDF8XX6YG69F9M66D/Downloads/CastleGuardPhase2/CastleGuardReborn/Content/VirtualRealityBP/Maps/default.umap'
[2017.11.03-02.33.08:222][657]LogSavePackage:Display: Finished SavePackage ../../../../Users/22TKDF8XX6YG69F9M66D/Downloads/CastleGuardPhase2/CastleGuardReborn/Content/VirtualRealityBP/Maps/default.umap
[2017.11.03-02.33.08:275][657]LogFileHelpers: Saving map 'default' took 4.432
[2017.11.03-02.39.57:913][886]LogFactory: FactoryCreateFile: StaticMesh with FbxFactory (0 0 C:\Users\22TKDF8XX6YG69F9M66D\Downloads\CastleGuardPhase2\CastleGuardReborn\Content\AnimationAssets\Mixamo_D_Pelegrini\knight_d_pelegrini.fbx)
[2017.11.03-02.39.58:058][886]LogFbx: ItemName: GlobalSettings, ItemCount : 1
[2017.11.03-02.39.58:058][886]LogFbx: ItemName: Model, ItemCount : 68
[2017.11.03-02.39.58:058][886]LogFbx: ItemName: NodeAttribute, ItemCount : 65
[2017.11.03-02.39.58:058][886]LogFbx: ItemName: Geometry, ItemCount : 3
[2017.11.03-02.39.58:058][886]LogFbx: ItemName: Texture, ItemCount : 3
[2017.11.03-02.39.58:058][886]LogFbx: ItemName: Video, ItemCount : 3
[2017.11.03-02.39.58:058][886]LogFbx: ItemName: Pose, ItemCount : 3
[2017.11.03-02.39.58:058][886]LogFbx: ItemName: Deformer, ItemCount : 110
[2017.11.03-02.39.58:058][886]LogFbx: ItemName: AnimationStack, ItemCount : 2
[2017.11.03-02.39.58:058][886]LogFbx: ItemName: AnimationLayer, ItemCount : 2
[2017.11.03-02.39.58:058][886]LogFbx: ItemName: Material, ItemCount : 1
[2017.11.03-02.39.58:058][886]LogFbx: ItemName: AnimationCurveNode, ItemCount : 67
[2017.11.03-02.39.58:058][886]LogFbx: ItemName: AnimationCurve, ItemCount : 354
[2017.11.03-02.39.58:102][886]LogFbx: Loading FBX Scene from C:\Users\22TKDF8XX6YG69F9M66D\Downloads\CastleGuardPhase2\CastleGuardReborn\Content\AnimationAssets\Mixamo_D_Pelegrini\knight_d_pelegrini.fbx
[2017.11.03-02.39.58:197][886]LogFbx: FBX Scene Loaded Succesfully
[2017.11.03-02.40.03:544][886]LogFbx: Loading FBX Scene from C:\Users\22TKDF8XX6YG69F9M66D\Downloads\CastleGuardPhase2\CastleGuardReborn\Content\AnimationAssets\Mixamo_D_Pelegrini\knight_d_pelegrini.fbx
[2017.11.03-02.40.03:616][886]LogFbx: FBX Scene Loaded Succesfully
[2017.11.03-02.40.03:625][886]LogFbx: =================================================
[2017.11.03-02.40.03:625][886]LogFbx: Dumping Node START [Head_Hands] 
[2017.11.03-02.40.03:625][886]LogFbx: 	Total Deformer Count 1457767936.
[2017.11.03-02.40.03:625][886]LogFbx: 		[Node 1] Skin Head_Hands (Type Skin).
[2017.11.03-02.40.03:625][886]LogFbx: =================================================
[2017.11.03-02.40.03:625][886]LogFbx: 	Attribute (Head_Hands) Type (4).
[2017.11.03-02.40.03:625][886]LogFbx: 		[Node Attribute Child 1] Head_Hands (Type Mesh).
[2017.11.03-02.40.03:625][886]LogFbx: Dumping Node END [Head_Hands]
[2017.11.03-02.40.03:625][886]LogFbx: =================================================
[2017.11.03-02.40.03:625][886]LogFbx: Dumping Node START [Body] 
[2017.11.03-02.40.03:625][886]LogFbx: 	Total Deformer Count 1720261920.
[2017.11.03-02.40.03:625][886]LogFbx: 		[Node 1] Skin Body (Type Skin).
[2017.11.03-02.40.03:625][886]LogFbx: =================================================
[2017.11.03-02.40.03:625][886]LogFbx: 	Attribute (Body) Type (4).
[2017.11.03-02.40.03:625][886]LogFbx: 		[Node Attribute Child 1] Body (Type Mesh).
[2017.11.03-02.40.03:625][886]LogFbx: Dumping Node END [Body]
[2017.11.03-02.40.03:625][886]LogFbx: =================================================
[2017.11.03-02.40.03:625][886]LogFbx: Dumping Node START [Lower_Armor] 
[2017.11.03-02.40.03:625][886]LogFbx: 	Total Deformer Count 1457771200.
[2017.11.03-02.40.03:625][886]LogFbx: 		[Node 1] Skin Lower_Armor (Type Skin).
[2017.11.03-02.40.03:625][886]LogFbx: =================================================
[2017.11.03-02.40.03:625][886]LogFbx: 	Attribute (Lower_Armor) Type (4).
[2017.11.03-02.40.03:625][886]LogFbx: 		[Node Attribute Child 1] Lower_Armor (Type Mesh).
[2017.11.03-02.40.03:625][886]LogFbx: Dumping Node END [Lower_Armor]
[2017.11.03-02.40.03:627][886]LogFbx: =================================================
[2017.11.03-02.40.03:627][886]LogFbx: Dumping Node START [Head_Hands] 
[2017.11.03-02.40.03:627][886]LogFbx: 	Total Deformer Count 1457771200.
[2017.11.03-02.40.03:627][886]LogFbx: 		[Node 1] Skin Head_Hands (Type Skin).
[2017.11.03-02.40.03:627][886]LogFbx: =================================================
[2017.11.03-02.40.03:627][886]LogFbx: 	Attribute (Head_Hands) Type (4).
[2017.11.03-02.40.03:627][886]LogFbx: 		[Node Attribute Child 1] Head_Hands (Type Mesh).
[2017.11.03-02.40.03:627][886]LogFbx: Dumping Node END [Head_Hands]
[2017.11.03-02.40.03:627][886]LogFbx: =================================================
[2017.11.03-02.40.03:627][886]LogFbx: Dumping Node START [Body] 
[2017.11.03-02.40.03:627][886]LogFbx: 	Total Deformer Count 1720256592.
[2017.11.03-02.40.03:627][886]LogFbx: 		[Node 1] Skin Body (Type Skin).
[2017.11.03-02.40.03:627][886]LogFbx: =================================================
[2017.11.03-02.40.03:627][886]LogFbx: 	Attribute (Body) Type (4).
[2017.11.03-02.40.03:627][886]LogFbx: 		[Node Attribute Child 1] Body (Type Mesh).
[2017.11.03-02.40.03:627][886]LogFbx: Dumping Node END [Body]
[2017.11.03-02.40.03:627][886]LogFbx: =================================================
[2017.11.03-02.40.03:627][886]LogFbx: Dumping Node START [Lower_Armor] 
[2017.11.03-02.40.03:627][886]LogFbx: 	Total Deformer Count 1457772224.
[2017.11.03-02.40.03:627][886]LogFbx: 		[Node 1] Skin Lower_Armor (Type Skin).
[2017.11.03-02.40.03:627][886]LogFbx: =================================================
[2017.11.03-02.40.03:627][886]LogFbx: 	Attribute (Lower_Armor) Type (4).
[2017.11.03-02.40.03:627][886]LogFbx: 		[Node Attribute Child 1] Lower_Armor (Type Mesh).
[2017.11.03-02.40.03:627][886]LogFbx: Dumping Node END [Lower_Armor]
[2017.11.03-02.40.03:629][886]LogFbx:Warning: Not valid bind pose for Pose (skinCluster1) - Node Head_Hands : The relative matrices do not match
[2017.11.03-02.40.03:630][886]LogFbx:Warning: Not valid bind pose for Pose (skinCluster1) - Node Body : The relative matrices do not match
[2017.11.03-02.40.03:631][886]LogFbx:Warning: Not valid bind pose for Pose (skinCluster1) - Node Lower_Armor : The relative matrices do not match
[2017.11.03-02.40.03:631][886]LogFbx:Warning: Not valid bind pose for Pose (skinCluster2) - Node Head_Hands : The relative matrices do not match
[2017.11.03-02.40.03:631][886]LogFbx:Warning: Not valid bind pose for Pose (skinCluster2) - Node Body : The relative matrices do not match
[2017.11.03-02.40.03:632][886]LogFbx:Warning: Not valid bind pose for Pose (skinCluster2) - Node Lower_Armor : The relative matrices do not match
[2017.11.03-02.40.03:632][886]LogFbx:Warning: Not valid bind pose for Pose (skinCluster3) - Node Head_Hands : The relative matrices do not match
[2017.11.03-02.40.03:632][886]LogFbx:Warning: Not valid bind pose for Pose (skinCluster3) - Node Body : The relative matrices do not match
[2017.11.03-02.40.03:632][886]LogFbx:Warning: Not valid bind pose for Pose (skinCluster3) - Node Lower_Armor : The relative matrices do not match
[2017.11.03-02.40.03:632][886]LogFbx:Warning: Getting valid bind pose failed. Try to recreate bind pose
[2017.11.03-02.40.03:633][886]LogFbx: Valid bind pose for Pose (FbxSDKBindPose) - Head_Hands
[2017.11.03-02.40.03:633][886]LogFbx:Warning: Recreating bind pose succeeded.
[2017.11.03-02.40.03:635][886]LogLinker: Can't find file '/Game/AnimationAssets/Mixamo_D_Pelegrini/Knight_MAT'
[2017.11.03-02.40.03:635][886]LogLinker: Can't find file '/Game/AnimationAssets/Mixamo_D_Pelegrini/Knight_MAT'
[2017.11.03-02.40.03:635][886]LogMaterial:Warning: Material /Game/AnimationAssets/Mixamo_D_Pelegrini/Knight_MAT.Knight_MAT needed to have new flag set bUsedWithSkeletalMesh !
[2017.11.03-02.40.03:637][886]LogMaterial: Missing cached shader map for material Knight_MAT, compiling. 
[2017.11.03-02.40.03:700][886]LogLinker: Can't find file '/Game/AnimationAssets/Mixamo_D_Pelegrini/Knight_diffuse'
[2017.11.03-02.40.03:701][886]LogLinker: Can't find file '/Game/AnimationAssets/Mixamo_D_Pelegrini/Knight_diffuse'
[2017.11.03-02.40.04:057][886]LogTexture:Display: Building textures: Knight_diffuse (AutoDXT, 2048X2048)
[2017.11.03-02.40.06:054][886]LogLinker: Can't find file '/Game/AnimationAssets/Mixamo_D_Pelegrini/Knight_specular'
[2017.11.03-02.40.06:054][886]LogLinker: Can't find file '/Game/AnimationAssets/Mixamo_D_Pelegrini/Knight_specular'
[2017.11.03-02.40.06:532][886]LogTexture:Display: Building textures: Knight_specular (AutoDXT, 2048X2048)
[2017.11.03-02.40.08:025][886]LogLinker: Can't find file '/Game/AnimationAssets/Mixamo_D_Pelegrini/Knight_normal'
[2017.11.03-02.40.08:026][886]LogLinker: Can't find file '/Game/AnimationAssets/Mixamo_D_Pelegrini/Knight_normal'
[2017.11.03-02.40.08:415][886]LogTexture:Display: Building textures: Knight_normal (BC5, 2048X2048)
[2017.11.03-02.40.08:898][886]LogMaterial: Missing cached shader map for material Knight_MAT, compiling. 
[2017.11.03-02.40.08:967][886]LogFbx: Triangulating skeletal mesh Head_Hands
[2017.11.03-02.40.10:408][886]LogFbx: Triangulating skeletal mesh Body
[2017.11.03-02.40.11:684][886]LogFbx: Triangulating skeletal mesh Lower_Armor
[2017.11.03-02.40.12:673][886]LogFbx:Warning: Bones digested - 65  Depth of hierarchy - 12
[2017.11.03-02.40.13:177][886]LogSkeletalMesh: Section 0: 7677 vertices, 52 active bones
[2017.11.03-02.40.13:197][886]LogSkeletalMesh: Section 0: Material=0, 13120 triangles
[2017.11.03-02.40.13:207][886]LogLinker: Can't find file '/Game/AnimationAssets/Mixamo_D_Pelegrini/knight_d_pelegrini_Skeleton'
[2017.11.03-02.40.13:208][886]LogLinker: Can't find file '/Game/AnimationAssets/Mixamo_D_Pelegrini/knight_d_pelegrini_Skeleton'
[2017.11.03-02.40.13:290][886]LogLinker: Can't find file '/Game/AnimationAssets/Mixamo_D_Pelegrini/knight_d_pelegrini_PhysicsAsset'
[2017.11.03-02.40.13:290][886]LogLinker: Can't find file '/Game/AnimationAssets/Mixamo_D_Pelegrini/knight_d_pelegrini_PhysicsAsset'
[2017.11.03-02.40.13:334][886]LogFbx: =================================================
[2017.11.03-02.40.13:334][886]LogFbx: Dumping Node START [Head_Hands] 
[2017.11.03-02.40.13:334][886]LogFbx: 	Total Deformer Count 1148910144.
[2017.11.03-02.40.13:334][886]LogFbx: 		[Node 1] Skin Head_Hands (Type Skin).
[2017.11.03-02.40.13:334][886]LogFbx: =================================================
[2017.11.03-02.40.13:334][886]LogFbx: 	Attribute (Head_Hands) Type (4).
[2017.11.03-02.40.13:334][886]LogFbx: 		[Node Attribute Child 1] Head_Hands (Type Mesh).
[2017.11.03-02.40.13:334][886]LogFbx: Dumping Node END [Head_Hands]
[2017.11.03-02.40.13:334][886]LogFbx: =================================================
[2017.11.03-02.40.13:334][886]LogFbx: Dumping Node START [Body] 
[2017.11.03-02.40.13:334][886]LogFbx: 	Total Deformer Count 1347827456.
[2017.11.03-02.40.13:334][886]LogFbx: 		[Node 1] Skin Body (Type Skin).
[2017.11.03-02.40.13:334][886]LogFbx: =================================================
[2017.11.03-02.40.13:334][886]LogFbx: 	Attribute (Body) Type (4).
[2017.11.03-02.40.13:334][886]LogFbx: 		[Node Attribute Child 1] Body (Type Mesh).
[2017.11.03-02.40.13:334][886]LogFbx: Dumping Node END [Body]
[2017.11.03-02.40.13:334][886]LogFbx: =================================================
[2017.11.03-02.40.13:334][886]LogFbx: Dumping Node START [Lower_Armor] 
[2017.11.03-02.40.13:334][886]LogFbx: 	Total Deformer Count 1148897024.
[2017.11.03-02.40.13:334][886]LogFbx: 		[Node 1] Skin Lower_Armor (Type Skin).
[2017.11.03-02.40.13:334][886]LogFbx: =================================================
[2017.11.03-02.40.13:334][886]LogFbx: 	Attribute (Lower_Armor) Type (4).
[2017.11.03-02.40.13:334][886]LogFbx: 		[Node Attribute Child 1] Lower_Armor (Type Mesh).
[2017.11.03-02.40.13:334][886]LogFbx: Dumping Node END [Lower_Armor]
[2017.11.03-02.40.13:335][886]LogFbx: =================================================
[2017.11.03-02.40.13:335][886]LogFbx: Dumping Node START [Head_Hands] 
[2017.11.03-02.40.13:335][886]LogFbx: 	Total Deformer Count 1148897024.
[2017.11.03-02.40.13:335][886]LogFbx: 		[Node 1] Skin Head_Hands (Type Skin).
[2017.11.03-02.40.13:335][886]LogFbx: =================================================
[2017.11.03-02.40.13:335][886]LogFbx: 	Attribute (Head_Hands) Type (4).
[2017.11.03-02.40.13:335][886]LogFbx: 		[Node Attribute Child 1] Head_Hands (Type Mesh).
[2017.11.03-02.40.13:335][886]LogFbx: Dumping Node END [Head_Hands]
[2017.11.03-02.40.13:335][886]LogFbx: =================================================
[2017.11.03-02.40.13:335][886]LogFbx: Dumping Node START [Body] 
[2017.11.03-02.40.13:335][886]LogFbx: 	Total Deformer Count 1164116944.
[2017.11.03-02.40.13:335][886]LogFbx: 		[Node 1] Skin Body (Type Skin).
[2017.11.03-02.40.13:335][886]LogFbx: =================================================
[2017.11.03-02.40.13:336][886]LogFbx: 	Attribute (Body) Type (4).
[2017.11.03-02.40.13:336][886]LogFbx: 		[Node Attribute Child 1] Body (Type Mesh).
[2017.11.03-02.40.13:336][886]LogFbx: Dumping Node END [Body]
[2017.11.03-02.40.13:336][886]LogFbx: =================================================
[2017.11.03-02.40.13:336][886]LogFbx: Dumping Node START [Lower_Armor] 
[2017.11.03-02.40.13:336][886]LogFbx: 	Total Deformer Count 1148910656.
[2017.11.03-02.40.13:336][886]LogFbx: 		[Node 1] Skin Lower_Armor (Type Skin).
[2017.11.03-02.40.13:336][886]LogFbx: =================================================
[2017.11.03-02.40.13:336][886]LogFbx: 	Attribute (Lower_Armor) Type (4).
[2017.11.03-02.40.13:336][886]LogFbx: 		[Node Attribute Child 1] Lower_Armor (Type Mesh).
[2017.11.03-02.40.13:336][886]LogFbx: Dumping Node END [Lower_Armor]
[2017.11.03-02.40.13:336][886]LogFbx: SortedLinks :(0) Hips
[2017.11.03-02.40.13:336][886]LogFbx: SortedLinks :(1) Spine
[2017.11.03-02.40.13:336][886]LogFbx: SortedLinks :(2) Spine1
[2017.11.03-02.40.13:336][886]LogFbx: SortedLinks :(3) Spine2
[2017.11.03-02.40.13:336][886]LogFbx: SortedLinks :(4) Neck
[2017.11.03-02.40.13:336][886]LogFbx: SortedLinks :(5) Head
[2017.11.03-02.40.13:336][886]LogFbx: SortedLinks :(6) HeadTop_End
[2017.11.03-02.40.13:336][886]LogFbx: SortedLinks :(7) LeftShoulder
[2017.11.03-02.40.13:336][886]LogFbx: SortedLinks :(8) LeftArm
[2017.11.03-02.40.13:336][886]LogFbx: SortedLinks :(9) LeftForeArm
[2017.11.03-02.40.13:336][886]LogFbx: SortedLinks :(10) LeftHand
[2017.11.03-02.40.13:336][886]LogFbx: SortedLinks :(11) LeftHandThumb1
[2017.11.03-02.40.13:336][886]LogFbx: SortedLinks :(12) LeftHandThumb2
[2017.11.03-02.40.13:336][886]LogFbx: SortedLinks :(13) LeftHandThumb3
[2017.11.03-02.40.13:336][886]LogFbx: SortedLinks :(14) LeftHandThumb4
[2017.11.03-02.40.13:336][886]LogFbx: SortedLinks :(15) LeftHandIndex1
[2017.11.03-02.40.13:336][886]LogFbx: SortedLinks :(16) LeftHandIndex2
[2017.11.03-02.40.13:336][886]LogFbx: SortedLinks :(17) LeftHandIndex3
[2017.11.03-02.40.13:336][886]LogFbx: SortedLinks :(18) LeftHandIndex4
[2017.11.03-02.40.13:336][886]LogFbx: SortedLinks :(19) LeftHandMiddle1
[2017.11.03-02.40.13:336][886]LogFbx: SortedLinks :(20) LeftHandMiddle2
[2017.11.03-02.40.13:336][886]LogFbx: SortedLinks :(21) LeftHandMiddle3
[2017.11.03-02.40.13:336][886]LogFbx: SortedLinks :(22) LeftHandMiddle4
[2017.11.03-02.40.13:336][886]LogFbx: SortedLinks :(23) LeftHandRing1
[2017.11.03-02.40.13:337][886]LogFbx: SortedLinks :(24) LeftHandRing2
[2017.11.03-02.40.13:337][886]LogFbx: SortedLinks :(25) LeftHandRing3
[2017.11.03-02.40.13:337][886]LogFbx: SortedLinks :(26) LeftHandRing4
[2017.11.03-02.40.13:337][886]LogFbx: SortedLinks :(27) LeftHandPinky1
[2017.11.03-02.40.13:337][886]LogFbx: SortedLinks :(28) LeftHandPinky2
[2017.11.03-02.40.13:337][886]LogFbx: SortedLinks :(29) LeftHandPinky3
[2017.11.03-02.40.13:337][886]LogFbx: SortedLinks :(30) LeftHandPinky4
[2017.11.03-02.40.13:337][886]LogFbx: SortedLinks :(31) RightShoulder
[2017.11.03-02.40.13:337][886]LogFbx: SortedLinks :(32) RightArm
[2017.11.03-02.40.13:337][886]LogFbx: SortedLinks :(33) RightForeArm
[2017.11.03-02.40.13:337][886]LogFbx: SortedLinks :(34) RightHand
[2017.11.03-02.40.13:337][886]LogFbx: SortedLinks :(35) RightHandThumb1
[2017.11.03-02.40.13:337][886]LogFbx: SortedLinks :(36) RightHandThumb2
[2017.11.03-02.40.13:337][886]LogFbx: SortedLinks :(37) RightHandThumb3
[2017.11.03-02.40.13:337][886]LogFbx: SortedLinks :(38) RightHandThumb4
[2017.11.03-02.40.13:337][886]LogFbx: SortedLinks :(39) RightHandIndex1
[2017.11.03-02.40.13:337][886]LogFbx: SortedLinks :(40) RightHandIndex2
[2017.11.03-02.40.13:337][886]LogFbx: SortedLinks :(41) RightHandIndex3
[2017.11.03-02.40.13:337][886]LogFbx: SortedLinks :(42) RightHandIndex4
[2017.11.03-02.40.13:337][886]LogFbx: SortedLinks :(43) RightHandMiddle1
[2017.11.03-02.40.13:337][886]LogFbx: SortedLinks :(44) RightHandMiddle2
[2017.11.03-02.40.13:337][886]LogFbx: SortedLinks :(45) RightHandMiddle3
[2017.11.03-02.40.13:337][886]LogFbx: SortedLinks :(46) RightHandMiddle4
[2017.11.03-02.40.13:337][886]LogFbx: SortedLinks :(47) RightHandRing1
[2017.11.03-02.40.13:337][886]LogFbx: SortedLinks :(48) RightHandRing2
[2017.11.03-02.40.13:337][886]LogFbx: SortedLinks :(49) RightHandRing3
[2017.11.03-02.40.13:337][886]LogFbx: SortedLinks :(50) RightHandRing4
[2017.11.03-02.40.13:337][886]LogFbx: SortedLinks :(51) RightHandPinky1
[2017.11.03-02.40.13:337][886]LogFbx: SortedLinks :(52) RightHandPinky2
[2017.11.03-02.40.13:337][886]LogFbx: SortedLinks :(53) RightHandPinky3
[2017.11.03-02.40.13:337][886]LogFbx: SortedLinks :(54) RightHandPinky4
[2017.11.03-02.40.13:337][886]LogFbx: SortedLinks :(55) LeftUpLeg
[2017.11.03-02.40.13:337][886]LogFbx: SortedLinks :(56) LeftLeg
[2017.11.03-02.40.13:337][886]LogFbx: SortedLinks :(57) LeftFoot
[2017.11.03-02.40.13:337][886]LogFbx: SortedLinks :(58) LeftToeBase
[2017.11.03-02.40.13:337][886]LogFbx: SortedLinks :(59) LeftToe_End
[2017.11.03-02.40.13:337][886]LogFbx: SortedLinks :(60) RightUpLeg
[2017.11.03-02.40.13:337][886]LogFbx: SortedLinks :(61) RightLeg
[2017.11.03-02.40.13:337][886]LogFbx: SortedLinks :(62) RightFoot
[2017.11.03-02.40.13:337][886]LogFbx: SortedLinks :(63) RightToeBase
[2017.11.03-02.40.13:337][886]LogFbx: SortedLinks :(64) RightToe_End
[2017.11.03-02.40.13:337][886]LogFbx: SortedLinks :(0) Hips
[2017.11.03-02.40.13:337][886]LogFbx: SortedLinks :(1) Spine
[2017.11.03-02.40.13:337][886]LogFbx: SortedLinks :(2) Spine1
[2017.11.03-02.40.13:337][886]LogFbx: SortedLinks :(3) Spine2
[2017.11.03-02.40.13:337][886]LogFbx: SortedLinks :(4) Neck
[2017.11.03-02.40.13:337][886]LogFbx: SortedLinks :(5) Head
[2017.11.03-02.40.13:337][886]LogFbx: SortedLinks :(6) HeadTop_End
[2017.11.03-02.40.13:337][886]LogFbx: SortedLinks :(7) LeftShoulder
[2017.11.03-02.40.13:337][886]LogFbx: SortedLinks :(8) LeftArm
[2017.11.03-02.40.13:337][886]LogFbx: SortedLinks :(9) LeftForeArm
[2017.11.03-02.40.13:337][886]LogFbx: SortedLinks :(10) LeftHand
[2017.11.03-02.40.13:337][886]LogFbx: SortedLinks :(11) LeftHandThumb1
[2017.11.03-02.40.13:337][886]LogFbx: SortedLinks :(12) LeftHandThumb2
[2017.11.03-02.40.13:337][886]LogFbx: SortedLinks :(13) LeftHandThumb3
[2017.11.03-02.40.13:337][886]LogFbx: SortedLinks :(14) LeftHandThumb4
[2017.11.03-02.40.13:337][886]LogFbx: SortedLinks :(15) LeftHandIndex1
[2017.11.03-02.40.13:337][886]LogFbx: SortedLinks :(16) LeftHandIndex2
[2017.11.03-02.40.13:337][886]LogFbx: SortedLinks :(17) LeftHandIndex3
[2017.11.03-02.40.13:337][886]LogFbx: SortedLinks :(18) LeftHandIndex4
[2017.11.03-02.40.13:337][886]LogFbx: SortedLinks :(19) LeftHandMiddle1
[2017.11.03-02.40.13:337][886]LogFbx: SortedLinks :(20) LeftHandMiddle2
[2017.11.03-02.40.13:337][886]LogFbx: SortedLinks :(21) LeftHandMiddle3
[2017.11.03-02.40.13:337][886]LogFbx: SortedLinks :(22) LeftHandMiddle4
[2017.11.03-02.40.13:337][886]LogFbx: SortedLinks :(23) LeftHandRing1
[2017.11.03-02.40.13:337][886]LogFbx: SortedLinks :(24) LeftHandRing2
[2017.11.03-02.40.13:337][886]LogFbx: SortedLinks :(25) LeftHandRing3
[2017.11.03-02.40.13:337][886]LogFbx: SortedLinks :(26) LeftHandRing4
[2017.11.03-02.40.13:337][886]LogFbx: SortedLinks :(27) LeftHandPinky1
[2017.11.03-02.40.13:337][886]LogFbx: SortedLinks :(28) LeftHandPinky2
[2017.11.03-02.40.13:337][886]LogFbx: SortedLinks :(29) LeftHandPinky3
[2017.11.03-02.40.13:337][886]LogFbx: SortedLinks :(30) LeftHandPinky4
[2017.11.03-02.40.13:337][886]LogFbx: SortedLinks :(31) RightShoulder
[2017.11.03-02.40.13:337][886]LogFbx: SortedLinks :(32) RightArm
[2017.11.03-02.40.13:337][886]LogFbx: SortedLinks :(33) RightForeArm
[2017.11.03-02.40.13:338][886]LogFbx: SortedLinks :(34) RightHand
[2017.11.03-02.40.13:338][886]LogFbx: SortedLinks :(35) RightHandThumb1
[2017.11.03-02.40.13:338][886]LogFbx: SortedLinks :(36) RightHandThumb2
[2017.11.03-02.40.13:338][886]LogFbx: SortedLinks :(37) RightHandThumb3
[2017.11.03-02.40.13:338][886]LogFbx: SortedLinks :(38) RightHandThumb4
[2017.11.03-02.40.13:338][886]LogFbx: SortedLinks :(39) RightHandIndex1
[2017.11.03-02.40.13:338][886]LogFbx: SortedLinks :(40) RightHandIndex2
[2017.11.03-02.40.13:338][886]LogFbx: SortedLinks :(41) RightHandIndex3
[2017.11.03-02.40.13:338][886]LogFbx: SortedLinks :(42) RightHandIndex4
[2017.11.03-02.40.13:338][886]LogFbx: SortedLinks :(43) RightHandMiddle1
[2017.11.03-02.40.13:338][886]LogFbx: SortedLinks :(44) RightHandMiddle2
[2017.11.03-02.40.13:338][886]LogFbx: SortedLinks :(45) RightHandMiddle3
[2017.11.03-02.40.13:338][886]LogFbx: SortedLinks :(46) RightHandMiddle4
[2017.11.03-02.40.13:338][886]LogFbx: SortedLinks :(47) RightHandRing1
[2017.11.03-02.40.13:338][886]LogFbx: SortedLinks :(48) RightHandRing2
[2017.11.03-02.40.13:338][886]LogFbx: SortedLinks :(49) RightHandRing3
[2017.11.03-02.40.13:338][886]LogFbx: SortedLinks :(50) RightHandRing4
[2017.11.03-02.40.13:338][886]LogFbx: SortedLinks :(51) RightHandPinky1
[2017.11.03-02.40.13:338][886]LogFbx: SortedLinks :(52) RightHandPinky2
[2017.11.03-02.40.13:338][886]LogFbx: SortedLinks :(53) RightHandPinky3
[2017.11.03-02.40.13:338][886]LogFbx: SortedLinks :(54) RightHandPinky4
[2017.11.03-02.40.13:338][886]LogFbx: SortedLinks :(55) LeftUpLeg
[2017.11.03-02.40.13:338][886]LogFbx: SortedLinks :(56) LeftLeg
[2017.11.03-02.40.13:338][886]LogFbx: SortedLinks :(57) LeftFoot
[2017.11.03-02.40.13:338][886]LogFbx: SortedLinks :(58) LeftToeBase
[2017.11.03-02.40.13:338][886]LogFbx: SortedLinks :(59) LeftToe_End
[2017.11.03-02.40.13:338][886]LogFbx: SortedLinks :(60) RightUpLeg
[2017.11.03-02.40.13:338][886]LogFbx: SortedLinks :(61) RightLeg
[2017.11.03-02.40.13:338][886]LogFbx: SortedLinks :(62) RightFoot
[2017.11.03-02.40.13:338][886]LogFbx: SortedLinks :(63) RightToeBase
[2017.11.03-02.40.13:338][886]LogFbx: SortedLinks :(64) RightToe_End
[2017.11.03-02.40.13:340][886]LogFbx: Parsing AnimStack Take 001
[2017.11.03-02.40.13:340][886]LogLinker: Can't find file '/Game/AnimationAssets/Mixamo_D_Pelegrini/knight_d_pelegrini_Anim_Take_001'
[2017.11.03-02.40.13:340][886]LogLinker: Can't find file '/Game/AnimationAssets/Mixamo_D_Pelegrini/knight_d_pelegrini_Anim_Take_001'
[2017.11.03-02.40.13:531][886]LogAnimationCompression: Building Anim DDC data for AnimSequence /Game/AnimationAssets/Mixamo_D_Pelegrini/knight_d_pelegrini_Anim_Take_001.knight_d_pelegrini_Anim_Take_001
[2017.11.03-02.40.13:552][886]LogFbx: Parsing AnimStack mixamo.com
[2017.11.03-02.40.13:555][886]LogLinker: Can't find file '/Game/AnimationAssets/Mixamo_D_Pelegrini/knight_d_pelegrini_Anim_mixamo_com'
[2017.11.03-02.40.13:555][886]LogLinker: Can't find file '/Game/AnimationAssets/Mixamo_D_Pelegrini/knight_d_pelegrini_Anim_mixamo_com'
[2017.11.03-02.40.13:603][886]LogAnimationCompression: Building Anim DDC data for AnimSequence /Game/AnimationAssets/Mixamo_D_Pelegrini/knight_d_pelegrini_Anim_mixamo_com.knight_d_pelegrini_Anim_mixamo_com
[2017.11.03-02.40.13:610][886]FBXImport:Warning: Warning No smoothing group information was found in this FBX scene.  Please make sure to enable the 'Export Smoothing Groups' option in the FBX Exporter plug-in before exporting the file.  Even for tools that don't support smoothing groups, the FBX Exporter will generate appropriate smoothing data at export-time so that correct vertex normals can be inferred while importing. 
[2017.11.03-02.40.19:645][299]LogTexture:Display: Building textures: Texture2D_32 (BGRA8, 128X128)
[2017.11.03-02.40.19:652][299]LogTexture:Display: Building textures: Texture2D_16 (BGRA8, 128X128)
[2017.11.03-02.40.19:653][299]LogTexture:Display: Building textures: Texture2D_34 (BGRA8, 128X128)
[2017.11.03-02.40.19:654][299]LogTexture:Display: Building textures: Texture2D_0 (BGRA8, 128X128)
[2017.11.03-02.40.19:655][299]LogTexture:Display: Building textures: Texture2D_33 (BGRA8, 128X128)
[2017.11.03-02.40.23:068][299]LogSavePackage: Save=4341.45ms
[2017.11.03-02.40.23:068][299]LogSavePackage: Moving '../../../../Users/22TKDF8XX6YG69F9M66D/Downloads/CastleGuardPhase2/CastleGuardReborn/Saved/defaultDDA13747405BF9B3599CFE8B43A0F564.tmp' to '../../../../Users/22TKDF8XX6YG69F9M66D/Downloads/CastleGuardPhase2/CastleGuardReborn/Content/VirtualRealityBP/Maps/default.umap'
[2017.11.03-02.40.23:072][299]LogSavePackage:Display: Finished SavePackage ../../../../Users/22TKDF8XX6YG69F9M66D/Downloads/CastleGuardPhase2/CastleGuardReborn/Content/VirtualRealityBP/Maps/default.umap
[2017.11.03-02.40.23:126][299]LogFileHelpers: Saving map 'default' took 4.489
[2017.11.03-02.40.23:196][299]LogSavePackage: Save=29.70ms
[2017.11.03-02.40.23:196][299]LogSavePackage: Moving '../../../../Users/22TKDF8XX6YG69F9M66D/Downloads/CastleGuardPhase2/CastleGuardReborn/Saved/knight_d_pelegriniCA7B433C4249136C910D89B37D1171ED.tmp' to '../../../../Users/22TKDF8XX6YG69F9M66D/Downloads/CastleGuardPhase2/CastleGuardReborn/Content/AnimationAssets/Mixamo_D_Pelegrini/knight_d_pelegrini.uasset'
[2017.11.03-02.40.23:197][299]LogSavePackage:Display: Finished SavePackage ../../../../Users/22TKDF8XX6YG69F9M66D/Downloads/CastleGuardPhase2/CastleGuardReborn/Content/AnimationAssets/Mixamo_D_Pelegrini/knight_d_pelegrini.uasset
[2017.11.03-02.40.23:260][299]LogSavePackage: Save=14.11ms
[2017.11.03-02.40.23:260][299]LogSavePackage: Moving '../../../../Users/22TKDF8XX6YG69F9M66D/Downloads/CastleGuardPhase2/CastleGuardReborn/Saved/Knight_MAT988BAF5A40C9891081C26E879E63C532.tmp' to '../../../../Users/22TKDF8XX6YG69F9M66D/Downloads/CastleGuardPhase2/CastleGuardReborn/Content/AnimationAssets/Mixamo_D_Pelegrini/Knight_MAT.uasset'
[2017.11.03-02.40.23:268][299]LogSavePackage:Display: Finished SavePackage ../../../../Users/22TKDF8XX6YG69F9M66D/Downloads/CastleGuardPhase2/CastleGuardReborn/Content/AnimationAssets/Mixamo_D_Pelegrini/Knight_MAT.uasset
[2017.11.03-02.40.23:799][299]LogSavePackage: Save=512.67ms
[2017.11.03-02.40.23:799][299]LogSavePackage: Moving '../../../../Users/22TKDF8XX6YG69F9M66D/Downloads/CastleGuardPhase2/CastleGuardReborn/Saved/Knight_diffuse64F3C67B4511993662B966A8971BDC72.tmp' to '../../../../Users/22TKDF8XX6YG69F9M66D/Downloads/CastleGuardPhase2/CastleGuardReborn/Content/AnimationAssets/Mixamo_D_Pelegrini/Knight_diffuse.uasset'
[2017.11.03-02.40.23:800][299]LogSavePackage:Display: Finished SavePackage ../../../../Users/22TKDF8XX6YG69F9M66D/Downloads/CastleGuardPhase2/CastleGuardReborn/Content/AnimationAssets/Mixamo_D_Pelegrini/Knight_diffuse.uasset
[2017.11.03-02.40.24:305][299]LogSavePackage: Save=485.19ms
[2017.11.03-02.40.24:305][299]LogSavePackage: Moving '../../../../Users/22TKDF8XX6YG69F9M66D/Downloads/CastleGuardPhase2/CastleGuardReborn/Saved/Knight_specularC053DC174FB0D2C986684CAEBF71B74E.tmp' to '../../../../Users/22TKDF8XX6YG69F9M66D/Downloads/CastleGuardPhase2/CastleGuardReborn/Content/AnimationAssets/Mixamo_D_Pelegrini/Knight_specular.uasset'
[2017.11.03-02.40.24:307][299]LogSavePackage:Display: Finished SavePackage ../../../../Users/22TKDF8XX6YG69F9M66D/Downloads/CastleGuardPhase2/CastleGuardReborn/Content/AnimationAssets/Mixamo_D_Pelegrini/Knight_specular.uasset
[2017.11.03-02.40.24:789][299]LogSavePackage: Save=463.37ms
[2017.11.03-02.40.24:789][299]LogSavePackage: Moving '../../../../Users/22TKDF8XX6YG69F9M66D/Downloads/CastleGuardPhase2/CastleGuardReborn/Saved/Knight_normal8002AB56470CE8F559C9D0A89AE0ABCC.tmp' to '../../../../Users/22TKDF8XX6YG69F9M66D/Downloads/CastleGuardPhase2/CastleGuardReborn/Content/AnimationAssets/Mixamo_D_Pelegrini/Knight_normal.uasset'
[2017.11.03-02.40.24:791][299]LogSavePackage:Display: Finished SavePackage ../../../../Users/22TKDF8XX6YG69F9M66D/Downloads/CastleGuardPhase2/CastleGuardReborn/Content/AnimationAssets/Mixamo_D_Pelegrini/Knight_normal.uasset
[2017.11.03-02.40.24:797][299]LogSavePackage: Save=1.40ms
[2017.11.03-02.40.24:797][299]LogSavePackage: Moving '../../../../Users/22TKDF8XX6YG69F9M66D/Downloads/CastleGuardPhase2/CastleGuardReborn/Saved/knight_d_pelegrini_SkeletonB1827EFA4DAE38E9DC142AA5CAE72FD9.tmp' to '../../../../Users/22TKDF8XX6YG69F9M66D/Downloads/CastleGuardPhase2/CastleGuardReborn/Content/AnimationAssets/Mixamo_D_Pelegrini/knight_d_pelegrini_Skeleton.uasset'
[2017.11.03-02.40.24:868][299]LogSavePackage:Display: Finished SavePackage ../../../../Users/22TKDF8XX6YG69F9M66D/Downloads/CastleGuardPhase2/CastleGuardReborn/Content/AnimationAssets/Mixamo_D_Pelegrini/knight_d_pelegrini_Skeleton.uasset
[2017.11.03-02.40.24:887][299]LogSavePackage: Save=12.82ms
[2017.11.03-02.40.24:887][299]LogSavePackage: Moving '../../../../Users/22TKDF8XX6YG69F9M66D/Downloads/CastleGuardPhase2/CastleGuardReborn/Saved/knight_d_pelegrini_PhysicsAsset433ADB664A5B166C1EF35296EB8DA1EC.tmp' to '../../../../Users/22TKDF8XX6YG69F9M66D/Downloads/CastleGuardPhase2/CastleGuardReborn/Content/AnimationAssets/Mixamo_D_Pelegrini/knight_d_pelegrini_PhysicsAsset.uasset'
[2017.11.03-02.40.24:889][299]LogSavePackage:Display: Finished SavePackage ../../../../Users/22TKDF8XX6YG69F9M66D/Downloads/CastleGuardPhase2/CastleGuardReborn/Content/AnimationAssets/Mixamo_D_Pelegrini/knight_d_pelegrini_PhysicsAsset.uasset
[2017.11.03-02.40.24:925][299]LogSavePackage: Save=11.97ms
[2017.11.03-02.40.24:925][299]LogSavePackage: Moving '../../../../Users/22TKDF8XX6YG69F9M66D/Downloads/CastleGuardPhase2/CastleGuardReborn/Saved/knight_d_pelegrini_Anim_Take_00163FB34684BFA2D843C8F51878C032C82.tmp' to '../../../../Users/22TKDF8XX6YG69F9M66D/Downloads/CastleGuardPhase2/CastleGuardReborn/Content/AnimationAssets/Mixamo_D_Pelegrini/knight_d_pelegrini_Anim_Take_001.uasset'
[2017.11.03-02.40.24:926][299]LogSavePackage:Display: Finished SavePackage ../../../../Users/22TKDF8XX6YG69F9M66D/Downloads/CastleGuardPhase2/CastleGuardReborn/Content/AnimationAssets/Mixamo_D_Pelegrini/knight_d_pelegrini_Anim_Take_001.uasset
[2017.11.03-02.40.24:962][299]LogSavePackage: Save=11.92ms
[2017.11.03-02.40.24:962][299]LogSavePackage: Moving '../../../../Users/22TKDF8XX6YG69F9M66D/Downloads/CastleGuardPhase2/CastleGuardReborn/Saved/knight_d_pelegrini_Anim_mixamo_com648549064233971907DAECA5350A3F90.tmp' to '../../../../Users/22TKDF8XX6YG69F9M66D/Downloads/CastleGuardPhase2/CastleGuardReborn/Content/AnimationAssets/Mixamo_D_Pelegrini/knight_d_pelegrini_Anim_mixamo_com.uasset'
[2017.11.03-02.40.24:963][299]LogSavePackage:Display: Finished SavePackage ../../../../Users/22TKDF8XX6YG69F9M66D/Downloads/CastleGuardPhase2/CastleGuardReborn/Content/AnimationAssets/Mixamo_D_Pelegrini/knight_d_pelegrini_Anim_mixamo_com.uasset
[2017.11.03-02.43.00:348][389]LogTexture:Display: Building textures: Texture2D_17 (BGRA8, 128X128)
[2017.11.03-02.43.00:350][389]LogTexture:Display: Building textures: Texture2D_0 (BGRA8, 128X128)
[2017.11.03-02.43.00:351][389]LogTexture:Display: Building textures: Texture2D_6 (BGRA8, 128X128)
[2017.11.03-02.43.03:671][389]LogSavePackage: Save=4215.32ms
[2017.11.03-02.43.03:671][389]LogSavePackage: Moving '../../../../Users/22TKDF8XX6YG69F9M66D/Downloads/CastleGuardPhase2/CastleGuardReborn/Saved/default56BE883446E020E23CC61590534FB843.tmp' to '../../../../Users/22TKDF8XX6YG69F9M66D/Downloads/CastleGuardPhase2/CastleGuardReborn/Content/VirtualRealityBP/Maps/default.umap'
[2017.11.03-02.43.03:674][389]LogSavePackage:Display: Finished SavePackage ../../../../Users/22TKDF8XX6YG69F9M66D/Downloads/CastleGuardPhase2/CastleGuardReborn/Content/VirtualRealityBP/Maps/default.umap
[2017.11.03-02.43.03:728][389]LogFileHelpers: Saving map 'default' took 4.351
[2017.11.03-02.45.40:176][143]LogScriptCore:Warning: Script Msg: Attempted to access index 0 from array CallFunc_GetAllActorsOfClass_OutActors of length 0!
[2017.11.03-02.45.40:176][143]LogScript:Warning: Accessed None trying to read property CallFunc_Array_Get_Item
	ArcherAIArrow_C /Engine/Transient.World_14:PersistentLevel.ArcherAIArrow_C_0
	Function /Game/Vive/Blueprints/AI/ArcherAIArrow.ArcherAIArrow_C:UserConstructionScript:00C8
[2017.11.03-02.45.40:176][143]LogScript:Warning: Accessed None
	ArcherAIArrow_C /Engine/Transient.World_14:PersistentLevel.ArcherAIArrow_C_0
	Function /Game/Vive/Blueprints/AI/ArcherAIArrow.ArcherAIArrow_C:UserConstructionScript:00DD
[2017.11.03-02.46.24:483][179]Cmd: QUIT_EDITOR
[2017.11.03-02.46.24:588][179]LogExit: Preparing to exit.
[2017.11.03-02.46.25:219][179]LogExit: Editor shut down
[2017.11.03-02.46.25:224][179]LogExit: Transaction tracking system shut down
[2017.11.03-02.46.25:313][179]LogObj: Freed 0b from 0 cluster array pools.
[2017.11.03-02.46.25:313][179]LogExit: Object subsystem successfully closed.
[2017.11.03-02.46.25:336][179]LogD3D11RHI: Shutdown
[2017.11.03-02.46.25:336][179]LogD3D11RHI: CleanupD3DDevice
[2017.11.03-02.46.25:394][179]LogD3D11RHI: ~FD3D11DynamicRHI
[2017.11.03-02.46.25:407][179]LogModuleManager: Shutting down and abandoning module HierarchicalLODOutliner (526)
[2017.11.03-02.46.25:407][179]LogModuleManager: Shutting down and abandoning module ExternalImagePicker (524)
[2017.11.03-02.46.25:407][179]LogModuleManager: Shutting down and abandoning module CrashTracker (522)
[2017.11.03-02.46.25:407][179]LogModuleManager: Shutting down and abandoning module SceneOutliner (520)
[2017.11.03-02.46.25:407][179]LogModuleManager: Shutting down and abandoning module AddContentDialog (518)
[2017.11.03-02.46.25:407][179]LogDirectoryWatcher: A directory notification for 'C:/4.16/FeaturePacks/' was aborted.
[2017.11.03-02.46.25:409][179]LogModuleManager: Shutting down and abandoning module WidgetCarousel (517)
[2017.11.03-02.46.25:409][179]LogModuleManager: Shutting down and abandoning module EditorWidgets (514)
[2017.11.03-02.46.25:409][179]LogModuleManager: Shutting down and abandoning module CollectionManager (512)
[2017.11.03-02.46.25:409][179]LogDirectoryWatcher: A directory notification for 'C:/Users/22TKDF8XX6YG69F9M66D/Downloads/CastleGuardPhase2/CastleGuardReborn/Content/Collections/' was aborted.
[2017.11.03-02.46.25:409][179]LogDirectoryWatcher: A directory notification for 'C:/Users/22TKDF8XX6YG69F9M66D/Downloads/CastleGuardPhase2/CastleGuardReborn/Content/Developers/22TKDF8XX6YG69F9M66D/Collections/' was aborted.
[2017.11.03-02.46.25:409][179]LogDirectoryWatcher: A directory notification for 'C:/Users/22TKDF8XX6YG69F9M66D/Downloads/CastleGuardPhase2/CastleGuardReborn/Saved/Collections/' was aborted.
[2017.11.03-02.46.25:409][179]LogModuleManager: Shutting down and abandoning module StatsViewer (510)
[2017.11.03-02.46.25:409][179]LogModuleManager: Shutting down and abandoning module FoliageEdit (508)
[2017.11.03-02.46.25:409][179]LogModuleManager: Shutting down and abandoning module LandscapeEditor (506)
[2017.11.03-02.46.25:409][179]LogModuleManager: Shutting down and abandoning module MeshPaintMode (504)
[2017.11.03-02.46.25:409][179]LogModuleManager: Shutting down and abandoning module SceneDepthPickerMode (502)
[2017.11.03-02.46.25:409][179]LogModuleManager: Shutting down and abandoning module ActorPickerMode (500)
[2017.11.03-02.46.25:409][179]LogModuleManager: Shutting down and abandoning module GeometryMode (498)
[2017.11.03-02.46.25:409][179]LogModuleManager: Shutting down and abandoning module TextureAlignMode (496)
[2017.11.03-02.46.25:409][179]LogModuleManager: Shutting down and abandoning module BspMode (494)
[2017.11.03-02.46.25:409][179]LogModuleManager: Shutting down and abandoning module HardwareSurvey (492)
[2017.11.03-02.46.25:409][179]LogModuleManager: Shutting down and abandoning module SequenceRecorderSections (490)
[2017.11.03-02.46.25:409][179]LogModuleManager: Shutting down and abandoning module AutomationWorker (488)
[2017.11.03-02.46.25:409][179]LogModuleManager: Shutting down and abandoning module MatineeToLevelSequence (486)
[2017.11.03-02.46.25:409][179]LogModuleManager: Shutting down and abandoning module LevelSequenceEditor (484)
[2017.11.03-02.46.25:409][179]LogModuleManager: Shutting down and abandoning module PlacementMode (483)
[2017.11.03-02.46.25:409][179]LogModuleManager: Shutting down and abandoning module WmfMediaFactory (480)
[2017.11.03-02.46.25:409][179]LogModuleManager: Shutting down and abandoning module WmfMediaEditor (478)
[2017.11.03-02.46.25:409][179]LogModuleManager: Shutting down and abandoning module AvfMediaFactory (476)
[2017.11.03-02.46.25:410][179]LogModuleManager: Shutting down and abandoning module AvfMediaEditor (474)
[2017.11.03-02.46.25:410][179]LogModuleManager: Shutting down and abandoning module AndroidMediaFactory (472)
[2017.11.03-02.46.25:410][179]LogModuleManager: Shutting down and abandoning module Media (471)
[2017.11.03-02.46.25:410][179]LogModuleManager: Shutting down and abandoning module AndroidMediaEditor (468)
[2017.11.03-02.46.25:410][179]LogModuleManager: Shutting down and abandoning module CharacterAI (466)
[2017.11.03-02.46.25:410][179]LogModuleManager: Shutting down and abandoning module AudioCapture (464)
[2017.11.03-02.46.25:410][179]LogModuleManager: Shutting down and abandoning module SequenceRecorder (463)
[2017.11.03-02.46.25:410][179]LogModuleManager: Shutting down and abandoning module SmartSnapping (460)
[2017.11.03-02.46.25:410][179]LogModuleManager: Shutting down and abandoning module SessionServices (458)
[2017.11.03-02.46.25:410][179]LogModuleManager: Shutting down and abandoning module ViewportSnapping (456)
[2017.11.03-02.46.25:410][179]LogModuleManager: Shutting down and abandoning module ViewportInteraction (454)
[2017.11.03-02.46.25:410][179]LogModuleManager: Shutting down and abandoning module ClothPainter (452)
[2017.11.03-02.46.25:410][179]LogModuleManager: Shutting down and abandoning module LogVisualizer (450)
[2017.11.03-02.46.25:410][179]LogModuleManager: Shutting down and abandoning module IntroTutorials (448)
[2017.11.03-02.46.25:410][179]LogModuleManager: Shutting down and abandoning module GameProjectGeneration (447)
[2017.11.03-02.46.25:410][179]LogModuleManager: Shutting down and abandoning module EditorLiveStreaming (444)
[2017.11.03-02.46.25:410][179]LogModuleManager: Shutting down and abandoning module IOSPlatformEditor (442)
[2017.11.03-02.46.25:410][179]LogModuleManager: Shutting down and abandoning module HTML5PlatformEditor (440)
[2017.11.03-02.46.25:410][179]LogModuleManager: Shutting down and abandoning module AndroidPlatformEditor (438)
[2017.11.03-02.46.25:410][179]LogModuleManager: Shutting down and abandoning module AndroidDeviceDetection (437)
[2017.11.03-02.46.26:352][179]LogModuleManager: Shutting down and abandoning module IOSRuntimeSettings (434)
[2017.11.03-02.46.26:352][179]LogModuleManager: Shutting down and abandoning module AndroidRuntimeSettings (432)
[2017.11.03-02.46.26:352][179]LogModuleManager: Shutting down and abandoning module InputBindingEditor (430)
[2017.11.03-02.46.26:352][179]LogModuleManager: Shutting down and abandoning module MergeActors (428)
[2017.11.03-02.46.26:352][179]LogModuleManager: Shutting down and abandoning module SizeMap (426)
[2017.11.03-02.46.26:352][179]LogModuleManager: Shutting down and abandoning module TreeMap (424)
[2017.11.03-02.46.26:353][179]LogModuleManager: Shutting down and abandoning module ReferenceViewer (422)
[2017.11.03-02.46.26:353][179]LogModuleManager: Shutting down and abandoning module LocalizationDashboard (420)
[2017.11.03-02.46.26:353][179]LogModuleManager: Shutting down and abandoning module LocalizationService (419)
[2017.11.03-02.46.26:353][179]LogModuleManager: Shutting down and abandoning module HardwareTargeting (416)
[2017.11.03-02.46.26:353][179]LogModuleManager: Shutting down and abandoning module DeviceProfileEditor (414)
[2017.11.03-02.46.26:353][179]LogModuleManager: Shutting down and abandoning module UndoHistory (412)
[2017.11.03-02.46.26:353][179]LogModuleManager: Shutting down and abandoning module UserFeedback (410)
[2017.11.03-02.46.26:353][179]LogModuleManager: Shutting down and abandoning module XmlParser (408)
[2017.11.03-02.46.26:353][179]LogModuleManager: Shutting down and abandoning module Blutility (406)
[2017.11.03-02.46.26:353][179]LogModuleManager: Shutting down and abandoning module ProjectSettingsViewer (404)
[2017.11.03-02.46.26:353][179]LogModuleManager: Shutting down and abandoning module ProjectTargetPlatformEditor (403)
[2017.11.03-02.46.26:353][179]LogModuleManager: Shutting down and abandoning module EditorSettingsViewer (400)
[2017.11.03-02.46.26:353][179]LogModuleManager: Shutting down and abandoning module SettingsEditor (398)
[2017.11.03-02.46.26:353][179]LogModuleManager: Shutting down and abandoning module ProjectLauncher (396)
[2017.11.03-02.46.26:353][179]LogModuleManager: Shutting down and abandoning module SessionFrontend (394)
[2017.11.03-02.46.26:353][179]LogModuleManager: Shutting down and abandoning module ProfilerClient (392)
[2017.11.03-02.46.26:353][179]LogModuleManager: Shutting down and abandoning module DeviceManager (390)
[2017.11.03-02.46.26:353][179]LogModuleManager: Shutting down and abandoning module TargetDeviceServices (389)
[2017.11.03-02.46.26:403][179]LogModuleManager: Shutting down and abandoning module AutomationController (386)
[2017.11.03-02.46.26:403][179]LogModuleManager: Shutting down and abandoning module AutomationWindow (384)
[2017.11.03-02.46.26:403][179]LogModuleManager: Shutting down and abandoning module Layers (382)
[2017.11.03-02.46.26:403][179]LogModuleManager: Shutting down and abandoning module ComponentVisualizers (380)
[2017.11.03-02.46.26:403][179]LogModuleManager: Shutting down and abandoning module DetailCustomizations (378)
[2017.11.03-02.46.26:403][179]LogModuleManager: Shutting down and abandoning module PackagesDialog (376)
[2017.11.03-02.46.26:403][179]LogModuleManager: Shutting down and abandoning module Persona (374)
[2017.11.03-02.46.26:403][179]LogModuleManager: Shutting down and abandoning module AdvancedPreviewScene (373)
[2017.11.03-02.46.26:403][179]LogModuleManager: Shutting down and abandoning module AnimGraph (371)
[2017.11.03-02.46.26:403][179]LogModuleManager: Shutting down and abandoning module Kismet (368)
[2017.11.03-02.46.26:407][179]LogModuleManager: Shutting down and abandoning module ClassViewer (366)
[2017.11.03-02.46.26:407][179]LogModuleManager: Shutting down and abandoning module Toolbox (364)
[2017.11.03-02.46.26:407][179]LogModuleManager: Shutting down and abandoning module ModuleUI (362)
[2017.11.03-02.46.26:407][179]LogModuleManager: Shutting down and abandoning module MovieSceneTools (360)
[2017.11.03-02.46.26:407][179]LogModuleManager: Shutting down and abandoning module OutputLog (358)
[2017.11.03-02.46.26:408][179]LogModuleManager: Shutting down and abandoning module GammaUI (356)
[2017.11.03-02.46.26:408][179]LogModuleManager: Shutting down and abandoning module Documentation (354)
[2017.11.03-02.46.26:408][179]LogModuleManager: Shutting down and abandoning module MovieSceneTracks (352)
[2017.11.03-02.46.26:408][179]LogModuleManager: Shutting down and abandoning module MovieScene (350)
[2017.11.03-02.46.26:408][179]LogModuleManager: Shutting down and abandoning module Niagara (348)
[2017.11.03-02.46.26:408][179]LogModuleManager: Shutting down and abandoning module NiagaraEditor (347)
[2017.11.03-02.46.26:408][179]LogModuleManager: Shutting down and abandoning module StreamingPauseRendering (344)
[2017.11.03-02.46.26:408][179]LogModuleManager: Shutting down and abandoning module AnalyticsET (342)
[2017.11.03-02.46.26:408][179]LogModuleManager: Shutting down and abandoning module PortalServices (340)
[2017.11.03-02.46.26:408][179]LogModuleManager: Shutting down and abandoning module PortalRpc (338)
[2017.11.03-02.46.26:408][179]LogModuleManager: Shutting down and abandoning module MessagingRpc (336)
[2017.11.03-02.46.26:408][179]LogModuleManager: Shutting down and abandoning module AIModule (334)
[2017.11.03-02.46.26:408][179]LogModuleManager: Shutting down and abandoning module GameplayDebugger (333)
[2017.11.03-02.46.26:408][179]LogModuleManager: Shutting down and abandoning module AITestSuite (331)
[2017.11.03-02.46.26:408][179]LogModuleManager: Shutting down and abandoning module ProfilerService (328)
[2017.11.03-02.46.26:462][179]LogModuleManager: Shutting down and abandoning module TaskGraph (326)
[2017.11.03-02.46.26:462][179]LogModuleManager: Shutting down and abandoning module SteamVRController (324)
[2017.11.03-02.46.26:462][179]LogModuleManager: Shutting down and abandoning module SteamVR (322)
[2017.11.03-02.46.26:462][179]LogModuleManager: Shutting down and abandoning module ProceduralMeshComponentEditor (320)
[2017.11.03-02.46.26:462][179]LogModuleManager: Shutting down and abandoning module ProceduralMeshComponent (318)
[2017.11.03-02.46.26:462][179]LogModuleManager: Shutting down and abandoning module OculusLibrary (316)
[2017.11.03-02.46.26:463][179]LogModuleManager: Shutting down and abandoning module OculusInput (314)
[2017.11.03-02.46.26:463][179]LogModuleManager: Shutting down and abandoning module MobilePatchingUtils (312)
[2017.11.03-02.46.26:463][179]LogModuleManager: Shutting down and abandoning module CustomMeshComponent (310)
[2017.11.03-02.46.26:463][179]LogModuleManager: Shutting down and abandoning module CableComponent (308)
[2017.11.03-02.46.26:463][179]LogModuleManager: Shutting down and abandoning module ArchVisCharacter (306)
[2017.11.03-02.46.26:463][179]LogModuleManager: Shutting down and abandoning module AndroidPermission (304)
[2017.11.03-02.46.26:463][179]LogModuleManager: Shutting down and abandoning module MediaPlayerEditor (300)
[2017.11.03-02.46.26:463][179]LogModuleManager: Shutting down and abandoning module HTML5Networking (298)
[2017.11.03-02.46.26:463][179]LogModuleManager: Shutting down and abandoning module AlembicImporter (296)
[2017.11.03-02.46.26:463][179]LogModuleManager: Shutting down and abandoning module AlembicLibrary (295)
[2017.11.03-02.46.26:463][179]LogModuleManager: Shutting down and abandoning module GeometryCache (294)
[2017.11.03-02.46.26:463][179]LogModuleManager: Shutting down and abandoning module GeometryCacheEd (293)
[2017.11.03-02.46.26:463][179]LogModuleManager: Shutting down and abandoning module SuperSearchEditor (288)
[2017.11.03-02.46.26:463][179]LogModuleManager: Shutting down and abandoning module SuperSearch (287)
[2017.11.03-02.46.26:463][179]LogModuleManager: Shutting down and abandoning module SpeedTreeImporter (284)
[2017.11.03-02.46.26:463][179]LogModuleManager: Shutting down and abandoning module PluginBrowser (282)
[2017.11.03-02.46.26:463][179]LogModuleManager: Shutting down and abandoning module MobileLauncherProfileWizard (280)
[2017.11.03-02.46.26:463][179]LogModuleManager: Shutting down and abandoning module VisualStudioSourceCodeAccess (278)
[2017.11.03-02.46.26:463][179]LogModuleManager: Shutting down and abandoning module DesktopPlatform (277)
[2017.11.03-02.46.26:463][179]LogModuleManager: Shutting down and abandoning module UObjectPlugin (274)
[2017.11.03-02.46.26:463][179]LogModuleManager: Shutting down and abandoning module SubversionSourceControl (272)
[2017.11.03-02.46.26:463][179]LogModuleManager: Shutting down and abandoning module PerforceSourceControl (270)
[2017.11.03-02.46.26:463][179]LogModuleManager: Shutting down and abandoning module GitSourceControl (268)
[2017.11.03-02.46.26:463][179]LogModuleManager: Shutting down and abandoning module SourceControl (267)
[2017.11.03-02.46.26:463][179]LogModuleManager: Shutting down and abandoning module LightPropagationVolumeEditor (264)
[2017.11.03-02.46.26:463][179]LogModuleManager: Shutting down and abandoning module PaperTiledImporter (262)
[2017.11.03-02.46.26:463][179]LogModuleManager: Shutting down and abandoning module PaperSpriteSheetImporter (260)
[2017.11.03-02.46.26:463][179]LogModuleManager: Shutting down and abandoning module Paper2DEditor (258)
[2017.11.03-02.46.26:463][179]LogModuleManager: Shutting down and abandoning module MeshPaint (257)
[2017.11.03-02.46.26:463][179]LogModuleManager: Shutting down and abandoning module LevelEditor (255)
[2017.11.03-02.46.26:465][179]LogModuleManager: Shutting down and abandoning module PixelInspectorModule (254)
[2017.11.03-02.46.26:465][179]LogModuleManager: Shutting down and abandoning module MainFrame (252)
[2017.11.03-02.46.26:465][179]LogModuleManager: Shutting down and abandoning module HotReload (251)
[2017.11.03-02.46.26:465][179]LogModuleManager: Shutting down and abandoning module PhysXVehiclesEditor (246)
[2017.11.03-02.46.26:465][179]LogModuleManager: Shutting down and abandoning module PhysXVehicles (244)
[2017.11.03-02.46.26:465][179]LogModuleManager: Shutting down and abandoning module LocationServicesBPLibrary (242)
[2017.11.03-02.46.26:466][179]LogModuleManager: Shutting down and abandoning module ImmediatePhysicsEditor (240)
[2017.11.03-02.46.26:466][179]LogModuleManager: Shutting down and abandoning module ImmediatePhysics (238)
[2017.11.03-02.46.26:466][179]LogModuleManager: Shutting down and abandoning module UdpMessaging (236)
[2017.11.03-02.46.26:566][179]LogModuleManager: Shutting down and abandoning module TcpMessaging (234)
[2017.11.03-02.46.26:666][179]LogModuleManager: Shutting down and abandoning module GameplayTagsEditor (232)
[2017.11.03-02.46.26:666][179]LogModuleManager: Shutting down and abandoning module FacialAnimationEditor (230)
[2017.11.03-02.46.26:666][179]LogModuleManager: Shutting down and abandoning module FacialAnimation (228)
[2017.11.03-02.46.26:666][179]LogModuleManager: Shutting down and abandoning module AssetManagerEditor (226)
[2017.11.03-02.46.26:666][179]LogModuleManager: Shutting down and abandoning module GraphEditor (225)
[2017.11.03-02.46.26:667][179]LogModuleManager: Shutting down and abandoning module ContentBrowser (223)
[2017.11.03-02.46.26:668][179]LogModuleManager: Shutting down and abandoning module LightPropagationVolumeRuntime (220)
[2017.11.03-02.46.26:668][179]LogModuleManager: Shutting down and abandoning module Paper2D (218)
[2017.11.03-02.46.26:668][179]LogModuleManager: Shutting down and abandoning module WindowsMoviePlayer (216)
[2017.11.03-02.46.26:668][179]LogModuleManager: Shutting down and abandoning module WmfMedia (214)
[2017.11.03-02.46.26:669][179]LogModuleManager: Shutting down and abandoning module ClothingSystemEditor (212)
[2017.11.03-02.46.26:669][179]LogModuleManager: Shutting down and abandoning module ClothingSystemRuntime (210)
[2017.11.03-02.46.26:670][179]LogModuleManager: Shutting down and abandoning module MediaAssets (208)
[2017.11.03-02.46.26:670][179]LogModuleManager: Shutting down and abandoning module GameLiveStreaming (206)
[2017.11.03-02.46.26:670][179]LogModuleManager: Shutting down and abandoning module VREditor (204)
[2017.11.03-02.46.26:670][179]LogModuleManager: Shutting down and abandoning module StringTableEditor (202)
[2017.11.03-02.46.26:670][179]LogModuleManager: Shutting down and abandoning module GameplayTasksEditor (200)
[2017.11.03-02.46.26:670][179]LogModuleManager: Shutting down and abandoning module BehaviorTreeEditor (198)
[2017.11.03-02.46.26:670][179]LogModuleManager: Shutting down and abandoning module FunctionalTesting (196)
[2017.11.03-02.46.26:670][179]LogModuleManager: Shutting down and abandoning module CollisionAnalyzer (194)
[2017.11.03-02.46.26:670][179]LogModuleManager: Shutting down and abandoning module UMG (192)
[2017.11.03-02.46.26:670][179]LogModuleManager: Shutting down and abandoning module UMGEditor (191)
[2017.11.03-02.46.26:670][179]LogModuleManager: Shutting down and abandoning module Sequencer (190)
[2017.11.03-02.46.26:670][179]LogModuleManager: Shutting down and abandoning module AssetTools (188)
[2017.11.03-02.46.26:670][179]LogModuleManager: Shutting down and abandoning module MessageLog (187)
[2017.11.03-02.46.26:670][179]LogModuleManager: Shutting down and abandoning module WorkspaceMenuStructure (186)
[2017.11.03-02.46.26:670][179]LogModuleManager: Shutting down and abandoning module SlateReflector (180)
[2017.11.03-02.46.26:670][179]LogModuleManager: Shutting down and abandoning module Slate (178)
[2017.11.03-02.46.26:670][179]LogModuleManager: Shutting down and abandoning module EditorStyle (176)
[2017.11.03-02.46.26:675][179]LogModuleManager: Shutting down and abandoning module SourceCodeAccess (174)
[2017.11.03-02.46.26:675][179]LogModuleManager: Shutting down and abandoning module HeadMountedDisplay (172)
[2017.11.03-02.46.26:675][179]LogModuleManager: Shutting down and abandoning module XAudio2 (170)
[2017.11.03-02.46.26:675][179]LogModuleManager: Shutting down and abandoning module Networking (168)
[2017.11.03-02.46.26:675][179]LogModuleManager: Shutting down and abandoning module Core (164)
[2017.11.03-02.46.26:675][179]LogModuleManager: Shutting down and abandoning module AssetRegistry (162)
[2017.11.03-02.46.26:823][179]LogDirectoryWatcher: A directory notification for '../../../Engine/Content/' was aborted.
[2017.11.03-02.46.26:823][179]LogDirectoryWatcher: A directory notification for '../../../../Users/22TKDF8XX6YG69F9M66D/Downloads/CastleGuardPhase2/CastleGuardReborn/Content/' was aborted.
[2017.11.03-02.46.26:823][179]LogDirectoryWatcher: A directory notification for '../../../Engine/Plugins/2D/Paper2D/Content/' was aborted.
[2017.11.03-02.46.26:823][179]LogDirectoryWatcher: A directory notification for '../../../Engine/Plugins/Runtime/GearVR/Content/' was aborted.
[2017.11.03-02.46.26:827][179]LogModuleManager: Shutting down and abandoning module DirectoryWatcher (161)
[2017.11.03-02.46.26:828][179]LogModuleManager: Shutting down and abandoning module KismetCompiler (158)
[2017.11.03-02.46.26:828][179]LogModuleManager: Shutting down and abandoning module PhysXFormats (156)
[2017.11.03-02.46.26:828][179]LogModuleManager: Shutting down and abandoning module MeshUtilities (154)
[2017.11.03-02.46.26:828][179]LogModuleManager: Shutting down and abandoning module SimplygonSwarm (153)
[2017.11.03-02.46.26:828][179]LogModuleManager: Shutting down and abandoning module SimplygonMeshReduction (151)
[2017.11.03-02.46.26:828][179]LogModuleManager: Shutting down and abandoning module QuadricMeshReduction (149)
[2017.11.03-02.46.26:828][179]LogModuleManager: Shutting down and abandoning module LevelSequence (146)
[2017.11.03-02.46.26:828][179]LogModuleManager: Shutting down and abandoning module DerivedDataCache (144)
[2017.11.03-02.46.26:835][179]LogDerivedDataCache: Shutdown
[2017.11.03-02.46.26:835][179]LogModuleManager: Shutting down and abandoning module TargetPlatform (142)
[2017.11.03-02.46.26:835][179]LogModuleManager: Shutting down and abandoning module VulkanShaderFormat (141)
[2017.11.03-02.46.26:835][179]LogModuleManager: Shutting down and abandoning module ShaderFormatVectorVM (139)
[2017.11.03-02.46.26:835][179]LogModuleManager: Shutting down and abandoning module ShaderFormatOpenGL (137)
[2017.11.03-02.46.26:835][179]LogModuleManager: Shutting down and abandoning module ShaderFormatD3D (135)
[2017.11.03-02.46.26:835][179]LogModuleManager: Shutting down and abandoning module MetalShaderFormat (133)
[2017.11.03-02.46.26:835][179]LogModuleManager: Shutting down and abandoning module TextureFormatUncompressed (131)
[2017.11.03-02.46.26:835][179]LogModuleManager: Shutting down and abandoning module TextureFormatPVR (129)
[2017.11.03-02.46.26:835][179]LogModuleManager: Shutting down and abandoning module TextureFormatDXT (127)
[2017.11.03-02.46.26:835][179]LogModuleManager: Shutting down and abandoning module TextureFormatIntelISPCTexComp (125)
[2017.11.03-02.46.26:835][179]LogModuleManager: Shutting down and abandoning module TextureFormatASTC (123)
[2017.11.03-02.46.26:835][179]LogModuleManager: Shutting down and abandoning module ImageWrapper (122)
[2017.11.03-02.46.26:835][179]LogModuleManager: Shutting down and abandoning module TextureFormatAndroid (119)
[2017.11.03-02.46.26:835][179]LogModuleManager: Shutting down and abandoning module AudioFormatOpus (117)
[2017.11.03-02.46.26:835][179]LogModuleManager: Shutting down and abandoning module AudioFormatOgg (115)
[2017.11.03-02.46.26:835][179]LogModuleManager: Shutting down and abandoning module AudioFormatADPCM (113)
[2017.11.03-02.46.26:835][179]LogModuleManager: Shutting down and abandoning module LinuxTargetPlatform (111)
[2017.11.03-02.46.26:835][179]LogModuleManager: Shutting down and abandoning module LinuxServerTargetPlatform (109)
[2017.11.03-02.46.26:835][179]LogModuleManager: Shutting down and abandoning module LinuxNoEditorTargetPlatform (107)
[2017.11.03-02.46.26:835][179]LogModuleManager: Shutting down and abandoning module LinuxClientTargetPlatform (105)
[2017.11.03-02.46.26:835][179]LogModuleManager: Shutting down and abandoning module TVOSTargetPlatform (103)
[2017.11.03-02.46.26:835][179]LogModuleManager: Shutting down and abandoning module Messaging (101)
[2017.11.03-02.46.26:836][179]LogModuleManager: Shutting down and abandoning module IOSTargetPlatform (99)
[2017.11.03-02.46.26:836][179]LogModuleManager: Shutting down and abandoning module HTML5TargetPlatform (97)
[2017.11.03-02.46.26:836][179]LogModuleManager: Shutting down and abandoning module Android_PVRTCTargetPlatform (95)
[2017.11.03-02.46.26:836][179]LogModuleManager: Shutting down and abandoning module Android_MultiTargetPlatform (93)
[2017.11.03-02.46.26:836][179]LogModuleManager: Shutting down and abandoning module Android_ETC2TargetPlatform (91)
[2017.11.03-02.46.26:836][179]LogModuleManager: Shutting down and abandoning module Android_ETC1TargetPlatform (89)
[2017.11.03-02.46.26:836][179]LogModuleManager: Shutting down and abandoning module Android_DXTTargetPlatform (87)
[2017.11.03-02.46.26:836][179]LogModuleManager: Shutting down and abandoning module Android_ATCTargetPlatform (85)
[2017.11.03-02.46.26:836][179]LogModuleManager: Shutting down and abandoning module Android_ASTCTargetPlatform (83)
[2017.11.03-02.46.26:836][179]LogModuleManager: Shutting down and abandoning module AndroidTargetPlatform (81)
[2017.11.03-02.46.26:836][179]LogModuleManager: Shutting down and abandoning module WindowsTargetPlatform (79)
[2017.11.03-02.46.26:836][179]LogModuleManager: Shutting down and abandoning module WindowsServerTargetPlatform (77)
[2017.11.03-02.46.26:836][179]LogModuleManager: Shutting down and abandoning module WindowsNoEditorTargetPlatform (75)
[2017.11.03-02.46.26:836][179]LogModuleManager: Shutting down and abandoning module WindowsClientTargetPlatform (73)
[2017.11.03-02.46.26:836][179]LogModuleManager: Shutting down and abandoning module MacTargetPlatform (71)
[2017.11.03-02.46.26:836][179]LogModuleManager: Shutting down and abandoning module MacServerTargetPlatform (69)
[2017.11.03-02.46.26:836][179]LogModuleManager: Shutting down and abandoning module MacNoEditorTargetPlatform (67)
[2017.11.03-02.46.26:836][179]LogModuleManager: Shutting down and abandoning module MacClientTargetPlatform (65)
[2017.11.03-02.46.26:836][179]LogModuleManager: Shutting down and abandoning module AllDesktopTargetPlatform (63)
[2017.11.03-02.46.26:836][179]LogModuleManager: Shutting down and abandoning module InputCore (60)
[2017.11.03-02.46.26:836][179]LogModuleManager: Shutting down and abandoning module Settings (58)
[2017.11.03-02.46.26:836][179]LogModuleManager: Shutting down and abandoning module OculusRift (56)
[2017.11.03-02.46.26:836][179]LogModuleManager: Shutting down and abandoning module GearVRController (54)
[2017.11.03-02.46.26:836][179]LogModuleManager: Shutting down and abandoning module GearVR (52)
[2017.11.03-02.46.26:836][179]LogModuleManager: Shutting down and abandoning module ExampleDeviceProfileSelector (50)
[2017.11.03-02.46.26:836][179]LogModuleManager: Shutting down and abandoning module OnlineBlueprintSupport (48)
[2017.11.03-02.46.26:836][179]LogModuleManager: Shutting down and abandoning module OnlineSubsystem (44)
[2017.11.03-02.46.26:836][179]LogOnline:Display: Unloading online subsystem: NULL
[2017.11.03-02.46.26:836][179]LogModuleManager: Shutting down and abandoning module XMPP (43)
[2017.11.03-02.46.26:836][179]LogModuleManager: Shutting down and abandoning module HTTP (41)
[2017.11.03-02.46.26:836][179]LogHttp:Display: Http module shutting down, but needs to wait on 1 outstanding Http requests:
[2017.11.03-02.46.26:836][179]LogHttp:Display: 	verb=[POST] url=[https://datarouter.ol.epicgames.com/datarouter/api/v1/public/data?SessionID=%7B52173677-479C-F264-028B-83BF94AB60DD%7D&AppID=UEEditor.Rocket.Release&AppVersion=4.16.2-3514769%2B%2B%2BUE4%2BRelease-4.16&UserID=7d95a3be43093fd608837481edd68a92%7C13a931f21dd548b98826eed59eaa05dc%7Ce354c1bf-5dae-4247-9b80-c28e84928e7b&AppEnvironment=datacollector-binary&UploadType=eteventstream] status=Processing
[2017.11.03-02.46.26:867][179]LogModuleManager: Shutting down and abandoning module SSL (40)
[2017.11.03-02.46.26:868][179]LogModuleManager: Shutting down and abandoning module HTTPChunkInstaller (36)
[2017.11.03-02.46.26:868][179]LogModuleManager: Shutting down and abandoning module AnimationModifiers (34)
[2017.11.03-02.46.26:868][179]LogModuleManager: Shutting down and abandoning module PropertyEditor (33)
[2017.11.03-02.46.26:868][179]LogModuleManager: Shutting down and abandoning module AudioEditor (30)
[2017.11.03-02.46.26:868][179]LogModuleManager: Shutting down and abandoning module TextureCompressor (28)
[2017.11.03-02.46.26:868][179]LogModuleManager: Shutting down and abandoning module ShaderCore (26)
[2017.11.03-02.46.26:868][179]LogModuleManager: Shutting down and abandoning module Landscape (24)
[2017.11.03-02.46.26:868][179]LogModuleManager: Shutting down and abandoning module SlateRHIRenderer (22)
[2017.11.03-02.46.26:869][179]LogModuleManager: Shutting down and abandoning module OpenGLDrv (20)
[2017.11.03-02.46.26:869][179]LogModuleManager: Shutting down and abandoning module D3D11RHI (18)
[2017.11.03-02.46.26:869][179]LogModuleManager: Shutting down and abandoning module AnimGraphRuntime (16)
[2017.11.03-02.46.26:869][179]LogModuleManager: Shutting down and abandoning module Renderer (14)
[2017.11.03-02.46.26:869][179]LogModuleManager: Shutting down and abandoning module Engine (12)
[2017.11.03-02.46.26:869][179]LogModuleManager: Shutting down and abandoning module CoreUObject (10)
[2017.11.03-02.46.26:869][179]LogModuleManager: Shutting down and abandoning module NetworkFile (8)
[2017.11.03-02.46.26:869][179]LogModuleManager: Shutting down and abandoning module StreamingFile (6)
[2017.11.03-02.46.26:869][179]LogModuleManager: Shutting down and abandoning module SandboxFile (4)
[2017.11.03-02.46.26:869][179]LogModuleManager: Shutting down and abandoning module PakFile (2)
[2017.11.03-02.46.26:870][179]LogExit: Exiting.
[2017.11.03-02.46.26:927][179]Log file closed, 11/02/17 19:46:26
