Log file open, 11/03/17 17:36:49
LogInit:Display: Running engine for game: CastleGuardReborn
LogPlatformFile: Not using cached read wrapper
LogInit:Display: RandInit(1974626564) SRandInit(1974626565).
LogTaskGraph: Started task graph with 5 named threads and 8 total threads with 1 sets of task threads.
LogStats: Stats thread started at 0.081638
LogInit: Using libcurl 7.47.1
LogInit:  - built for x86_64-pc-win32
LogInit:  - supports SSL with OpenSSL/1.0.2g
LogInit:  - supports HTTP deflate (compression) using libz 1.2.8
LogInit:  - other features:
LogInit:      CURL_VERSION_SSL
LogInit:      CURL_VERSION_LIBZ
LogInit:      CURL_VERSION_IPV6
LogInit:      CURL_VERSION_ASYNCHDNS
LogInit:      CURL_VERSION_LARGEFILE
LogInit:      CURL_VERSION_IDN
LogInit:  CurlRequestOptions (configurable via config and command line):
LogInit:  - bVerifyPeer = false  - Libcurl will NOT verify peer certificate
LogInit:  - bUseHttpProxy = false  - Libcurl will NOT use HTTP proxy
LogInit:  - bDontReuseConnections = false  - Libcurl will reuse connections
LogInit:  - CertBundlePath = nullptr  - Libcurl will use whatever was configured at build time.
LogInit: Build: ++UE4+Release-4.16-CL-3514769
LogInit: Engine Version: 4.16.2-3514769+++UE4+Release-4.16
LogInit: Compatible Engine Version: 4.16.0-3452394+++UE4+Release-4.16
LogInit: Net CL: 3452394
LogDevObjectVersion: Number of dev versions registered: 16
LogDevObjectVersion:   Dev-Blueprints (B0D832E4-1F89-4F0D-ACCF-7EB736FD4AA2): 9
LogDevObjectVersion:   Dev-Build (E1C64328-A22C-4D53-A36C-8E866417BD8C): 0
LogDevObjectVersion:   Dev-Core (375EC13C-06E4-48FB-B500-84F0262A717E): 2
LogDevObjectVersion:   Dev-Editor (E4B068ED-F494-42E9-A231-DA0B2E46BB41): 17
LogDevObjectVersion:   Dev-Framework (CFFC743F-43B0-4480-9391-14DF171D2073): 23
LogDevObjectVersion:   Dev-Mobile (B02B49B5-BB20-44E9-A304-32B752E40360): 0
LogDevObjectVersion:   Dev-Networking (A4E4105C-59A1-49B5-A7C5-40C4547EDFEE): 0
LogDevObjectVersion:   Dev-Online (39C831C9-5AE6-47DC-9A44-9C173E1C8E7C): 0
LogDevObjectVersion:   Dev-Physics (78F01B33-EBEA-4F98-B9B4-84EACCB95AA2): 0
LogDevObjectVersion:   Dev-Platform (6631380F-2D4D-43E0-8009-CF276956A95A): 0
LogDevObjectVersion:   Dev-Rendering (12F88B9F-8875-4AFC-A67C-D90C383ABD29): 15
LogDevObjectVersion:   Dev-Sequencer (7B5AE74C-D270-4C10-A958-57980B212A5A): 4
LogDevObjectVersion:   Dev-VR (D7296918-1DD6-4BDD-9DE2-64A83CC13884): 0
LogDevObjectVersion:   Dev-LoadTimes (C2A15278-BFE7-4AFE-6C17-90FF531DF755): 1
LogDevObjectVersion:   Private-Geometry (6EACA3D4-40EC-4CC1-B786-8BED09428FC5): 1
LogDevObjectVersion:   Dev-AnimPhys (29E575DD-E0A3-4627-9D10-D276232CDCEA): 3
LogInit: Compiled (64-bit): Jun 29 2017 02:03:24
LogInit: Compiled with Visual C++: 19.00.24215.01
LogInit: Build Configuration: Development
LogInit: Branch Name: ++UE4+Release-4.16
LogInit: Command line:  
LogInit: Base directory: C:/Program Files/Epic Games/UE_4.16/Engine/Binaries/Win64/
LogInit: Installed Engine Build: 1
LogInit: Presizing for max 8388607 objects, including 0 objects not considered by GC, pre-allocating 0 bytes for permanent pool.
LogInit: Object subsystem initialized
[2017.11.04-00.36.50:148][  0]LogInit: Selected Device Profile: [Windows]
[2017.11.04-00.36.50:148][  0]LogInit: Applying CVar settings loaded from the selected device profile: [Windows]
[2017.11.04-00.36.50:156][  0]LogInit: Computer: LCIVAN-238-00
[2017.11.04-00.36.50:156][  0]LogInit: User: studentuser
[2017.11.04-00.36.50:156][  0]LogInit: CPU Page size=4096, Cores=4
[2017.11.04-00.36.50:156][  0]LogInit: High frequency timer resolution =4.101567 MHz
[2017.11.04-00.36.50:156][  0]LogMemory: Memory total: Physical=15.9GB (16GB approx)
[2017.11.04-00.36.50:156][  0]LogMemory: Platform Memory Stats for Windows
[2017.11.04-00.36.50:156][  0]LogMemory: Process Physical Memory: 274.70 MB used, 274.70 MB peak
[2017.11.04-00.36.50:156][  0]LogMemory: Process Virtual Memory: 260.82 MB used, 260.82 MB peak
[2017.11.04-00.36.50:156][  0]LogMemory: Physical Memory: 5703.30 MB used,  10580.15 MB free, 16283.45 MB total
[2017.11.04-00.36.50:156][  0]LogMemory: Virtual Memory: 638.47 MB used,  10580.15 MB free, 134217728.00 MB total
[2017.11.04-00.36.50:212][  0]LogInit: Using OS detected language (en-US).
[2017.11.04-00.36.50:212][  0]LogInit: Using OS detected locale (en-CA).
[2017.11.04-00.36.50:214][  0]LogTextLocalizationManager: No specific localization for 'en-US' exists, so the 'en' localization will be used.
[2017.11.04-00.36.50:893][  0]LogD3D11RHI: D3D11 adapters:
[2017.11.04-00.36.50:934][  0]LogD3D11RHI:    0. 'NVIDIA GeForce GTX 1070' (Feature Level 11_0)
[2017.11.04-00.36.50:934][  0]LogD3D11RHI:       8115/0/8141 MB DedicatedVideo/DedicatedSystem/SharedSystem, Outputs:1, VendorId:0x10de
[2017.11.04-00.36.50:938][  0]LogD3D11RHI:    1. 'Intel(R) HD Graphics 630' (Feature Level 11_0)
[2017.11.04-00.36.50:938][  0]LogD3D11RHI:       128/0/8141 MB DedicatedVideo/DedicatedSystem/SharedSystem, Outputs:0, VendorId:0x8086
[2017.11.04-00.36.50:939][  0]LogD3D11RHI:    2. 'Microsoft Basic Render Driver' (Feature Level 11_0)
[2017.11.04-00.36.50:939][  0]LogD3D11RHI:       0/0/8141 MB DedicatedVideo/DedicatedSystem/SharedSystem, Outputs:0, VendorId:0x1414
[2017.11.04-00.36.50:939][  0]LogD3D11RHI: Chosen D3D11 Adapter: 0
[2017.11.04-00.36.50:944][  0]LogD3D11RHI: Creating new Direct3DDevice
[2017.11.04-00.36.50:944][  0]LogD3D11RHI:     GPU DeviceId: 0x1b81 (for the marketing name, search the web for "GPU Device Id")
[2017.11.04-00.36.50:944][  0]LogWindows: EnumDisplayDevices:
[2017.11.04-00.36.50:944][  0]LogWindows:    0. 'NVIDIA GeForce GTX 1070' (P:1 D:1)
[2017.11.04-00.36.50:944][  0]LogWindows:    1. 'NVIDIA GeForce GTX 1070' (P:0 D:0)
[2017.11.04-00.36.50:944][  0]LogWindows:    2. 'NVIDIA GeForce GTX 1070' (P:0 D:0)
[2017.11.04-00.36.50:944][  0]LogWindows:    3. 'NVIDIA GeForce GTX 1070' (P:0 D:0)
[2017.11.04-00.36.50:944][  0]LogWindows:    4. 'Intel(R) HD Graphics 630' (P:0 D:0)
[2017.11.04-00.36.50:944][  0]LogWindows:    5. 'Intel(R) HD Graphics 630' (P:0 D:0)
[2017.11.04-00.36.50:944][  0]LogWindows:    6. 'Intel(R) HD Graphics 630' (P:0 D:0)
[2017.11.04-00.36.50:944][  0]LogWindows: DebugString: PrimaryIsNotTheChoosenAdapter PrimaryIsNotTheChoosenAdapter PrimaryIsNotTheChoosenAdapter FoundDriverCount:4 
[2017.11.04-00.36.50:944][  0]LogD3D11RHI:     Adapter Name: NVIDIA GeForce GTX 1070
[2017.11.04-00.36.50:944][  0]LogD3D11RHI:   Driver Version: 382.66 (internal:22.21.13.8266, unified:382.66)
[2017.11.04-00.36.50:944][  0]LogD3D11RHI:      Driver Date: 6-25-2017
[2017.11.04-00.36.50:944][  0]LogRHI: Texture pool is 1361 MB (70% of 1945 MB)
[2017.11.04-00.36.50:968][  0]LogD3D11RHI: Async texture creation enabled
[2017.11.04-00.36.50:983][  0]LogD3D11RHI: GPU Timing Frequency: 1000.000000 (Debug: 2 2)
[2017.11.04-00.36.51:031][  0]LogShaderCompilers: Guid format shader working directory is -6 characters bigger than the processId version (D:/CastleGuardCurrent/CastleGuardPhase2/CastleGuardReborn/Intermediate/Shaders/WorkingDirectory/10328/).
[2017.11.04-00.36.51:031][  0]LogShaderCompilers: Cleaned the shader compiler working directory 'C:/Users/studentuser/AppData/Local/Temp/UnrealShaderWorkingDir/FEDA48DC4B15949C8A81D581D107C36B/'.
[2017.11.04-00.36.51:031][  0]LogShaderCompilers:Display: Using Local Shader Compiler.
[2017.11.04-00.36.51:756][  0]LogTemp:Display: Loaded TP AllDesktopTargetPlatform
[2017.11.04-00.36.51:795][  0]LogTemp:Display: Loaded TP MacClientTargetPlatform
[2017.11.04-00.36.51:832][  0]LogTemp:Display: Loaded TP MacNoEditorTargetPlatform
[2017.11.04-00.36.51:869][  0]LogTemp:Display: Loaded TP MacServerTargetPlatform
[2017.11.04-00.36.51:908][  0]LogTemp:Display: Loaded TP MacTargetPlatform
[2017.11.04-00.36.51:952][  0]LogTemp:Display: Loaded TP WindowsClientTargetPlatform
[2017.11.04-00.36.51:993][  0]LogTemp:Display: Loaded TP WindowsNoEditorTargetPlatform
[2017.11.04-00.36.52:032][  0]LogTemp:Display: Loaded TP WindowsServerTargetPlatform
[2017.11.04-00.36.52:068][  0]LogTemp:Display: Loaded TP WindowsTargetPlatform
[2017.11.04-00.36.52:111][  0]LogTemp:Display: Loaded TP AndroidTargetPlatform
[2017.11.04-00.36.52:149][  0]LogTemp:Display: Loaded TP Android_ASTCTargetPlatform
[2017.11.04-00.36.52:188][  0]LogTemp:Display: Loaded TP Android_ATCTargetPlatform
[2017.11.04-00.36.52:229][  0]LogTemp:Display: Loaded TP Android_DXTTargetPlatform
[2017.11.04-00.36.52:273][  0]LogTemp:Display: Loaded TP Android_ETC1TargetPlatform
[2017.11.04-00.36.52:313][  0]LogTemp:Display: Loaded TP Android_ETC2TargetPlatform
[2017.11.04-00.36.52:387][  0]LogTemp:Display: Loaded TP Android_MultiTargetPlatform
[2017.11.04-00.36.52:387][  0]LogTemp:Display: Loaded TP Android_PVRTCTargetPlatform
[2017.11.04-00.36.52:417][  0]LogTemp:Display: Loaded TP HTML5TargetPlatform
[2017.11.04-00.36.52:500][  0]LogTemp:Display: Loaded TP IOSTargetPlatform
[2017.11.04-00.36.52:524][  0]LogTemp:Display: Loaded TP TVOSTargetPlatform
[2017.11.04-00.36.52:561][  0]LogTemp:Display: Loaded TP LinuxClientTargetPlatform
[2017.11.04-00.36.52:599][  0]LogTemp:Display: Loaded TP LinuxNoEditorTargetPlatform
[2017.11.04-00.36.52:637][  0]LogTemp:Display: Loaded TP LinuxServerTargetPlatform
[2017.11.04-00.36.52:676][  0]LogTemp:Display: Loaded TP LinuxTargetPlatform
[2017.11.04-00.36.52:676][  0]LogTargetPlatformManager:Display: Building Assets For Windows
[2017.11.04-00.36.53:086][  0]LogDerivedDataCache:Display: Max Cache Size: 512 MB
[2017.11.04-00.36.53:200][  0]LogDerivedDataCache: Loaded boot cache 0.11s 103MB C:/Users/studentuser/AppData/Local/UnrealEngine/4.16/DerivedDataCache/Boot.ddc.
[2017.11.04-00.36.53:200][  0]LogDerivedDataCache:Display: Loaded Boot cache: C:/Users/studentuser/AppData/Local/UnrealEngine/4.16/DerivedDataCache/Boot.ddc
[2017.11.04-00.36.53:201][  0]LogDerivedDataCache: FDerivedDataBackendGraph:  Pak pak cache file D:/CastleGuardCurrent/CastleGuardPhase2/CastleGuardReborn/DerivedDataCache/DDC.ddp not found, will not use a pak cache.
[2017.11.04-00.36.53:201][  0]LogDerivedDataCache: Unable to find inner node Pak for hierarchical cache Hierarchy.
[2017.11.04-00.36.53:201][  0]LogDerivedDataCache: FDerivedDataBackendGraph:  CompressedPak pak cache file D:/CastleGuardCurrent/CastleGuardPhase2/CastleGuardReborn/DerivedDataCache/Compressed.ddp not found, will not use a pak cache.
[2017.11.04-00.36.53:201][  0]LogDerivedDataCache: Unable to find inner node CompressedPak for hierarchical cache Hierarchy.
[2017.11.04-00.36.53:212][  0]LogDerivedDataCache:Display: Pak cache opened for reading ../../../Engine/DerivedDataCache/Compressed.ddp.
[2017.11.04-00.36.53:224][  0]LogDerivedDataCache: Using Local data cache path C:/Users/studentuser/AppData/Local/UnrealEngine/Common/DerivedDataCache: Writable
[2017.11.04-00.36.53:232][  0]LogMaterial: Verifying Global Shaders for PCD3D_SM5
[2017.11.04-00.36.53:232][  0]LogSlate: Using Freetype 2.6.0
[2017.11.04-00.36.53:233][  0]LogSlate: SlateFontCache - WITH_FREETYPE: 1, WITH_HARFBUZZ: 1
[2017.11.04-00.36.53:233][  0]LogSlate: SlateFontCache - WITH_FREETYPE: 1, WITH_HARFBUZZ: 1
[2017.11.04-00.36.53:477][  0]LogInit: Selected Device Profile: [Windows]
[2017.11.04-00.36.53:562][  0]LogContentStreaming: Texture pool size is 0.00 MB
[2017.11.04-00.36.53:687][  0]LogMeshUtilities: Using QuadricMeshReduction for automatic static mesh reduction
[2017.11.04-00.36.53:723][  0]LogSimplygon: Simplygon DLL not present - disabling.
[2017.11.04-00.36.53:764][  0]LogMeshUtilities: Using SimplygonSwarm for distributed automatic mesh merging
[2017.11.04-00.36.53:764][  0]LogMeshUtilities: No automatic skeletal mesh reduction module available
[2017.11.04-00.36.53:764][  0]LogMeshUtilities: No automatic mesh merging module available
[2017.11.04-00.36.54:186][  0]LogNetVersion: CastleGuardReborn , NetCL: 3452394, EngineNetVer: 2, GameNetVer: 0 (Checksum: 2303850599)
[2017.11.04-00.36.54:238][  0]LogAssetRegistry: FAssetRegistry took 0.0238 seconds to start up
[2017.11.04-00.36.54:292][  0]LogPackageLocalizationCache: Processed 4 localized package path(s) for 2 prioritized culture(s) in 0.029115 seconds
[2017.11.04-00.36.54:297][  0]LogUObjectArray: 34194 objects as part of root set at end of initial load.
[2017.11.04-00.36.54:297][  0]LogUObjectAllocator: 7260424 out of 0 bytes used by permanent object pool.
[2017.11.04-00.36.54:297][  0]LogUObjectArray: CloseDisregardForGC: 0/0 objects in disregard for GC pool
[2017.11.04-00.36.54:349][  0]LogInit: WinSock: version 1.1 (2.2), MaxSocks=32767, MaxUdp=65467
[2017.11.04-00.36.56:249][  0]LogTcpMessaging: Initializing TcpMessaging bridge
[2017.11.04-00.36.56:283][  0]LogUdpMessaging: Initializing bridge on interface 0.0.0.0:0 to multicast group 230.0.0.1:6666.
[2017.11.04-00.36.56:684][  0]LogMaterial: Uniform references updated for custom material expression Custom.
[2017.11.04-00.36.56:980][  0]SourceControl: Info Source control is disabled
[2017.11.04-00.36.57:003][  0]SourceControl: Info Source control is disabled
[2017.11.04-00.36.57:040][  0]SourceControl: Info Source control is disabled
[2017.11.04-00.36.57:078][  0]SourceControl: Info Source control is disabled
[2017.11.04-00.36.57:578][  0]LogAndroidPermission: UAndroidPermissionCallbackProxy::GetInstance
[2017.11.04-00.36.58:023][  0]LogEngine: Initializing Engine...
[2017.11.04-00.37.01:056][  0]LogHMD: SteamVR initialized.  Driver: lighthouse  Display: LHR-A4D81BA4
[2017.11.04-00.37.01:237][  0]LogStats: UGameplayTagsManager::ConstructGameplayTagTree: Construct from data asset -  0.000 s
[2017.11.04-00.37.01:237][  0]LogStats: UGameplayTagsManager::ConstructGameplayTagTree: GameplayTagTreeChangedEvent.Broadcast -  0.000 s
[2017.11.04-00.37.01:333][  0]LogAIModule: Creating AISystem for world Untitled
[2017.11.04-00.37.01:343][  0]LogInit: XAudio2 using 'Speakers (2- USB Audio Device)' : 2 channels at 48 kHz using 16 bits per sample (channel mask 0x3)
[2017.11.04-00.37.01:360][  0]LogInit: FAudioDevice initialized.
[2017.11.04-00.37.01:401][  0]LogDerivedDataCache: Saved boot cache 0.04s 103MB C:/Users/studentuser/AppData/Local/UnrealEngine/4.16/DerivedDataCache/Boot.ddc.
[2017.11.04-00.37.01:418][  0]LogInit: Texture streaming: Enabled
[2017.11.04-00.37.01:493][  0]LogEngineSessionManager: EngineSessionManager initialized
[2017.11.04-00.37.01:493][  0]LogEngineSessionManager: EngineSessionManager sent abnormal shutdown report. Type=Crashed, SessionId={BCA9DE9F-49C3-3E6B-C7B1-1DB11492C923}
[2017.11.04-00.37.01:646][  0]LogWindowsTextInputMethodSystem:Display: IME system now deactivated.
[2017.11.04-00.37.01:666][  0]LogInit: Transaction tracking system initialized
[2017.11.04-00.37.01:890][  0]BlueprintLog: New page: Editor Load
[2017.11.04-00.37.02:636][  0]LocalizationService: Info Localization service is disabled
[2017.11.04-00.37.03:195][  0]LogConsoleResponse:Display: 
[2017.11.04-00.37.03:298][  0]LogCook:Display: Max memory allowance for cook 16384mb min free memory 0mb
[2017.11.04-00.37.03:298][  0]LogCook:Display: Mobile HDR setting 1
[2017.11.04-00.37.04:125][  0]SourceControl: Info Source control is disabled
[2017.11.04-00.37.04:126][  0]Cmd: MAP LOAD FILE="D:/CastleGuardCurrent/CastleGuardPhase2/CastleGuardReborn/Content/VirtualRealityBP/Maps/default.umap" TEMPLATE=0 SHOWPROGRESS=1 FEATURELEVEL=3
[2017.11.04-00.37.04:126][  0]LightingResults: New page: Lighting Build
[2017.11.04-00.37.04:158][  0]MapCheck: New page: Map Check
[2017.11.04-00.37.04:158][  0]LightingResults: New page: Lighting Build
[2017.11.04-00.37.05:416][  0]LogClass:Warning: Enum '/Game/Vive/Blueprints/Enum_GameStatus.Enum_GameStatus' was upgraded to use FText to store its display name data. Please re-save this asset to avoid issues with localization and determinstic cooking.
[2017.11.04-00.37.05:743][  0]LogStaticMesh: Building static mesh BSPCastleStaticMesh...
[2017.11.04-00.37.05:758][  0]LogMeshUtilities: Invalid vertex normals found for mesh. Forcing recomputation of vertex normals for MikkTSpace. Fix mesh or disable "Use MikkTSpace Tangent Space" to avoid forced recomputation of normals.
[2017.11.04-00.37.06:043][  0]LogStaticMesh: Built static mesh [0.30s] /Game/StaticMeshes/BSPCastleStaticMesh.BSPCastleStaticMesh
[2017.11.04-00.37.06:253][  0]LogTexture:Display: Building textures: Texture2D_23 (BGRA8, 128X128)
[2017.11.04-00.37.06:254][  0]LogTexture:Display: Building textures: Texture2D_30 (BGRA8, 128X128)
[2017.11.04-00.37.06:255][  0]LogTexture:Display: Building textures: Texture2D_22 (BGRA8, 128X128)
[2017.11.04-00.37.06:256][  0]LogTexture:Display: Building textures: Texture2D_2 (BGRA8, 128X128)
[2017.11.04-00.37.06:257][  0]LogTexture:Display: Building textures: Texture2D_29 (BGRA8, 128X128)
[2017.11.04-00.37.06:258][  0]LogTexture:Display: Building textures: Texture2D_14 (BGRA8, 128X128)
[2017.11.04-00.37.06:259][  0]LogTexture:Display: Building textures: Texture2D_32 (BGRA8, 128X128)
[2017.11.04-00.37.06:259][  0]LogTexture:Display: Building textures: Texture2D_27 (BGRA8, 128X128)
[2017.11.04-00.37.06:260][  0]LogTexture:Display: Building textures: Texture2D_10 (BGRA8, 128X128)
[2017.11.04-00.37.06:261][  0]LogTexture:Display: Building textures: Texture2D_7 (BGRA8, 128X128)
[2017.11.04-00.37.06:262][  0]LogTexture:Display: Building textures: Texture2D_11 (BGRA8, 128X128)
[2017.11.04-00.37.06:263][  0]LogTexture:Display: Building textures: Texture2D_1 (BGRA8, 128X128)
[2017.11.04-00.37.06:264][  0]LogTexture:Display: Building textures: Texture2D_9 (BGRA8, 128X128)
[2017.11.04-00.37.06:265][  0]LogTexture:Display: Building textures: Texture2D_12 (BGRA8, 128X128)
[2017.11.04-00.37.06:266][  0]LogTexture:Display: Building textures: Texture2D_13 (BGRA8, 128X128)
[2017.11.04-00.37.06:267][  0]LogTexture:Display: Building textures: Texture2D_26 (BGRA8, 128X128)
[2017.11.04-00.37.06:267][  0]LogTexture:Display: Building textures: Texture2D_21 (BGRA8, 128X128)
[2017.11.04-00.37.06:268][  0]LogTexture:Display: Building textures: Texture2D_20 (BGRA8, 128X128)
[2017.11.04-00.37.06:268][  0]LogTexture:Display: Building textures: Texture2D_31 (BGRA8, 128X128)
[2017.11.04-00.37.06:269][  0]LogTexture:Display: Building textures: Texture2D_8 (BGRA8, 128X128)
[2017.11.04-00.37.06:270][  0]LogTexture:Display: Building textures: Texture2D_25 (BGRA8, 128X128)
[2017.11.04-00.37.06:270][  0]LogTexture:Display: Building textures: Texture2D_15 (BGRA8, 128X128)
[2017.11.04-00.37.06:271][  0]LogTexture:Display: Building textures: Texture2D_16 (BGRA8, 128X128)
[2017.11.04-00.37.06:272][  0]LogTexture:Display: Building textures: Texture2D_34 (BGRA8, 128X128)
[2017.11.04-00.37.06:272][  0]LogTexture:Display: Building textures: Texture2D_36 (BGRA8, 128X128)
[2017.11.04-00.37.06:273][  0]LogTexture:Display: Building textures: Texture2D_17 (BGRA8, 128X128)
[2017.11.04-00.37.06:274][  0]LogTexture:Display: Building textures: Texture2D_0 (BGRA8, 128X128)
[2017.11.04-00.37.06:275][  0]LogTexture:Display: Building textures: Texture2D_24 (BGRA8, 128X128)
[2017.11.04-00.37.06:276][  0]LogTexture:Display: Building textures: Texture2D_33 (BGRA8, 128X128)
[2017.11.04-00.37.06:277][  0]LogTexture:Display: Building textures: Texture2D_6 (BGRA8, 128X128)
[2017.11.04-00.37.06:277][  0]LogTexture:Display: Building textures: Texture2D_3 (BGRA8, 128X128)
[2017.11.04-00.37.06:278][  0]LogTexture:Display: Building textures: Texture2D_4 (BGRA8, 128X128)
[2017.11.04-00.37.06:279][  0]LogTexture:Display: Building textures: Texture2D_35 (BGRA8, 128X128)
[2017.11.04-00.37.06:279][  0]LogTexture:Display: Building textures: Texture2D_28 (BGRA8, 128X128)
[2017.11.04-00.37.06:280][  0]LogTexture:Display: Building textures: Texture2D_5 (BGRA8, 128X128)
[2017.11.04-00.37.06:283][  0]LogMaterial: Missing cached shader map for material LandscapeMaterial, compiling. 
[2017.11.04-00.37.06:310][  0]LogMaterial: Missing cached shader map for material LandscapeMaterial, compiling. 
[2017.11.04-00.37.06:337][  0]LogMaterial: Missing cached shader map for material LandscapeMaterial, compiling. 
[2017.11.04-00.37.06:367][  0]LogMaterial: Missing cached shader map for material LandscapeMaterial, compiling. 
[2017.11.04-00.37.06:399][  0]LogTexture:Display: Building textures: Texture2D_117 (BGRA8, 128X128)
[2017.11.04-00.37.06:400][  0]LogTexture:Display: Building textures: Texture2D_118 (BGRA8, 128X128)
[2017.11.04-00.37.06:401][  0]LogTexture:Display: Building textures: Texture2D_127 (BGRA8, 128X128)
[2017.11.04-00.37.06:402][  0]LogTexture:Display: Building textures: Texture2D_128 (BGRA8, 128X128)
[2017.11.04-00.37.06:543][  0]LogTexture:Display: Building textures: Knight_specular (AutoDXT, 2048X2048)
[2017.11.04-00.37.07:644][  0]LogTexture:Display: Building textures: Knight_normal (BC5, 2048X2048)
[2017.11.04-00.37.08:263][  0]LogTexture:Display: Building textures: Knight_diffuse (AutoDXT, 2048X2048)
[2017.11.04-00.37.09:505][  0]LogMaterial: Missing cached shader map for material Knight_MAT, compiling. 
[2017.11.04-00.37.09:617][  0]LogMaterial: Missing cached shader map for material T_Wood_Walnut_Mat, compiling. 
[2017.11.04-00.37.09:656][  0]LogAIModule: Creating AISystem for world default
[2017.11.04-00.37.10:014][  0]LogEditorServer: Finished looking for orphan Actors (0.000 secs)
[2017.11.04-00.37.10:142][  0]Cmd: MAP CHECKDEP NOCLEARLOG
[2017.11.04-00.37.10:212][  0]MapCheck: Info Map check complete: 0 Error(s), 0 Warning(s), took 69.806ms to complete.
[2017.11.04-00.37.10:212][  0]LogFileHelpers: Loading map 'default' took 6.087
[2017.11.04-00.37.10:422][  0]LogCollectionManager: Loaded 0 collections in 0.001985 seconds
[2017.11.04-00.37.10:539][  0]LogFileCache: Scanning file cache for directory 'D:/CastleGuardCurrent/CastleGuardPhase2/CastleGuardReborn/Saved/Collections/' took 0.01s
[2017.11.04-00.37.10:539][  0]LogFileCache: Scanning file cache for directory 'D:/CastleGuardCurrent/CastleGuardPhase2/CastleGuardReborn/Content/Developers/studentuser/Collections/' took 0.01s
[2017.11.04-00.37.10:539][  0]LogFileCache: Scanning file cache for directory 'D:/CastleGuardCurrent/CastleGuardPhase2/CastleGuardReborn/Content/Collections/' took 0.01s
[2017.11.04-00.37.10:539][  0]LogCollectionManager: Rebuilt the GUID cache for 0 collections in 0.000002 seconds
[2017.11.04-00.37.10:552][  0]LogContentBrowser: Native class hierarchy populated in 0.0129 seconds. Added 2330 classes and 494 folders.
[2017.11.04-00.37.10:647][  0]LogContentBrowser: Native class hierarchy updated for 'WidgetCarousel' in 0.0006 seconds. Added 0 classes and 0 folders.
[2017.11.04-00.37.10:689][  0]LogContentBrowser: Native class hierarchy updated for 'AddContentDialog' in 0.0005 seconds. Added 0 classes and 0 folders.
[2017.11.04-00.37.10:738][  0]LogContentBrowser: Native class hierarchy updated for 'SceneOutliner' in 0.0006 seconds. Added 1 classes and 2 folders.
[2017.11.04-00.37.10:790][  0]LogCrashTracker: Crashtracker disabled due to settings.
[2017.11.04-00.37.10:796][  0]LogSlate: Took 0.000231 seconds to synchronously load lazily loaded font '../../../Engine/Content/Slate/Fonts/Roboto-Regular.ttf' (155K)
[2017.11.04-00.37.10:798][  0]LogSlate: Took 0.000210 seconds to synchronously load lazily loaded font '../../../Engine/Content/Slate/Fonts/Roboto-Bold.ttf' (160K)
[2017.11.04-00.37.10:802][  0]LogSlate: Took 0.000300 seconds to synchronously load lazily loaded font '../../../Engine/Content/Editor/Slate/Fonts/FontAwesome.ttf' (139K)
[2017.11.04-00.37.10:803][  0]LogSlate: Took 0.000160 seconds to synchronously load lazily loaded font '../../../Engine/Content/Editor/Slate/Fonts/DroidSansMono.ttf' (77K)
[2017.11.04-00.37.10:937][  0]LogRenderer: Reallocating scene render targets to support 1196x576 NumSamples 1 (Frame:1).
[2017.11.04-00.37.11:222][  0]LogUObjectGlobals:Warning: Failed to find object 'Class None.'
[2017.11.04-00.37.11:304][  0]LogContentBrowser: Native class hierarchy updated for 'HierarchicalLODOutliner' in 0.0006 seconds. Added 1 classes and 2 folders.
[2017.11.04-00.37.11:304][  0]LogLoad: (Engine Initialization) Total time: 22.45 seconds
[2017.11.04-00.37.11:304][  0]LogLoad: (Engine Initialization) Total Blueprint compile time: 0.53 seconds
[2017.11.04-00.37.11:304][  0]LogExternalProfiler: Found external profiler: VSPerf
[2017.11.04-00.37.11:304][  0]LogExternalProfiler: Using external profiler: VSPerf
[2017.11.04-00.37.11:315][  0]LogOcInput: OculusInput pre-init called
[2017.11.04-00.37.11:315][  0]LogHMD: Starting GearVRController plugin
[2017.11.04-00.37.11:348][  0]LogContentStreaming: Texture pool size now 1000 MB
[2017.11.04-00.37.11:417][  1]LogAssetRegistry: Asset discovery search completed in 17.2004 seconds
[2017.11.04-00.37.11:420][  1]LogCollectionManager: Rebuilt the object cache for 0 collections in 0.000000 seconds (found 0 objects)
[2017.11.04-00.37.11:420][  1]LogCollectionManager: Fixed up redirectors for 0 collections in 0.000242 seconds (updated 0 objects)
[2017.11.04-00.37.12:374][ 75]LogSlate: Took 0.000320 seconds to synchronously load lazily loaded font '../../../Engine/Content/Slate/Fonts/Roboto-Light.ttf' (159K)
[2017.11.04-00.37.27:071][646]LogBlueprintUserMessages: Early PlayInEditor Detection: Level '/Game/VirtualRealityBP/Maps/default.default:PersistentLevel' has LevelScriptBlueprint '/Game/VirtualRealityBP/Maps/default.default:PersistentLevel.default' with GeneratedClass '/Game/VirtualRealityBP/Maps/default.default_C' with ClassGeneratedBy '/Game/VirtualRealityBP/Maps/default.default:PersistentLevel.default'
[2017.11.04-00.37.27:071][646]LogPlayLevel: PlayLevel: No blueprints needed recompiling
[2017.11.04-00.37.27:072][646]PIE: New page: PIE session: default (Nov 3, 2017, 10:37:27 AM)
[2017.11.04-00.37.27:072][646]LogPlayLevel: Creating play world package: /Game/VirtualRealityBP/Maps/UEDPIE_0_default
[2017.11.04-00.37.27:215][646]LogPlayLevel: PIE: StaticDuplicateObject took: (0.143231s)
[2017.11.04-00.37.27:216][646]LogAIModule: Creating AISystem for world default
[2017.11.04-00.37.27:216][646]LogPlayLevel: PIE: World Init took: (0.000749s)
[2017.11.04-00.37.27:217][646]LogPlayLevel: PIE: Created PIE world by copying editor world from /Game/VirtualRealityBP/Maps/default.default to /Game/VirtualRealityBP/Maps/UEDPIE_0_default.default (0.144922s)
[2017.11.04-00.37.27:229][646]LogInit: XAudio2 using 'Speakers (2- USB Audio Device)' : 2 channels at 48 kHz using 16 bits per sample (channel mask 0x3)
[2017.11.04-00.37.27:235][646]LogInit: FAudioDevice initialized.
[2017.11.04-00.37.27:317][646]LogLoad: Game class is 'ViveGameMode_C'
[2017.11.04-00.37.27:328][646]LogWorld: Bringing World /Game/VirtualRealityBP/Maps/UEDPIE_0_default.default up for play (max tick rate 0) at 2017.11.03-17.37.27
[2017.11.04-00.37.27:330][646]LogWorld: Bringing up level for play took: 0.011936
[2017.11.04-00.37.27:361][646]LogContentBrowser: Native class hierarchy updated for 'MovieSceneCapture' in 0.0004 seconds. Added 11 classes and 0 folders.
[2017.11.04-00.37.27:361][646]LogGameMode:Display: Match State Changed from EnteringMap to WaitingToStart
[2017.11.04-00.37.27:361][646]LogGameState: Match State Changed from EnteringMap to WaitingToStart
[2017.11.04-00.37.27:361][646]LogGameMode:Display: Match State Changed from WaitingToStart to InProgress
[2017.11.04-00.37.27:366][646]LogGameState: Match State Changed from WaitingToStart to InProgress
[2017.11.04-00.37.27:369][646]PIE: Info Play in editor start time for /Game/VirtualRealityBP/Maps/UEDPIE_0_default 0.211
[2017.11.04-00.37.27:370][646]LogBlueprintUserMessages: Late PlayInEditor Detection: Level '/Game/VirtualRealityBP/Maps/default.default:PersistentLevel' has LevelScriptBlueprint '/Game/VirtualRealityBP/Maps/default.default:PersistentLevel.default' with GeneratedClass '/Game/VirtualRealityBP/Maps/default.default_C' with ClassGeneratedBy '/Game/VirtualRealityBP/Maps/default.default:PersistentLevel.default'
[2017.11.04-00.37.27:371][646]LogBlueprintUserMessages: [PlayerCollision_11] CollisionCastFailed
[2017.11.04-00.37.27:592][648]LogRenderer: Reallocating scene render targets to support 3024x1680 NumSamples 1 (Frame:1).
[2017.11.04-00.37.27:605][648]LogHMD: Warning:  SteamVR Compositor had an error on present (101)
[2017.11.04-00.37.27:709][649]LogHMD: Warning:  SteamVR Compositor had an error on present (101)
[2017.11.04-00.37.27:811][650]LogHMD: Warning:  SteamVR Compositor had an error on present (101)
[2017.11.04-00.37.27:914][651]LogHMD: Warning:  SteamVR Compositor had an error on present (101)
[2017.11.04-00.37.28:016][652]LogHMD: Warning:  SteamVR Compositor had an error on present (101)
[2017.11.04-00.37.28:119][653]LogHMD: Warning:  SteamVR Compositor had an error on present (101)
[2017.11.04-00.37.28:221][654]LogHMD: Warning:  SteamVR Compositor had an error on present (101)
[2017.11.04-00.37.28:323][655]LogHMD: Warning:  SteamVR Compositor had an error on present (101)
[2017.11.04-00.37.28:426][656]LogHMD: Warning:  SteamVR Compositor had an error on present (101)
[2017.11.04-00.37.28:529][657]LogHMD: Warning:  SteamVR Compositor had an error on present (101)
[2017.11.04-00.37.28:631][658]LogHMD: Warning:  SteamVR Compositor had an error on present (101)
[2017.11.04-00.37.28:736][659]LogHMD: Warning:  SteamVR Compositor had an error on present (101)
[2017.11.04-00.37.28:839][660]LogHMD: Warning:  SteamVR Compositor had an error on present (101)
[2017.11.04-00.37.28:840][660]LogBlueprintUserMessages: [Catapult_C_0] Handle1
[2017.11.04-00.37.28:840][660]LogScript:Warning: Accessed None trying to read property Catapult
	SoldierAI_C /Game/VirtualRealityBP/Maps/UEDPIE_0_default.default:PersistentLevel.SoldierAI_C_0
	Function /Game/Vive/Blueprints/AI/SoldierAIHeavy/SoldierAI.SoldierAI_C:ExecuteUbergraph_SoldierAI:0D92
[2017.11.04-00.37.28:840][660]PIE:Error: Error Blueprint Runtime Error: Accessed None trying to read property Catapult from function: 'ExecuteUbergraph_SoldierAI' from node: Branch in graph: EventGraph in object: SoldierAI with description: Accessed None trying to read property Catapult
[2017.11.04-00.37.28:941][661]LogHMD: Warning:  SteamVR Compositor had an error on present (101)
[2017.11.04-00.37.29:044][662]LogHMD: Warning:  SteamVR Compositor had an error on present (101)
[2017.11.04-00.37.29:045][662]LogBlueprintUserMessages: [Catapult_C_0] Handle2
[2017.11.04-00.37.29:147][663]LogHMD: Warning:  SteamVR Compositor had an error on present (101)
[2017.11.04-00.37.29:250][664]LogHMD: Warning:  SteamVR Compositor had an error on present (101)
[2017.11.04-00.37.29:352][665]LogHMD: Warning:  SteamVR Compositor had an error on present (101)
[2017.11.04-00.37.29:455][666]LogHMD: Warning:  SteamVR Compositor had an error on present (101)
[2017.11.04-00.37.29:556][667]LogHMD: Warning:  SteamVR Compositor had an error on present (101)
[2017.11.04-00.37.29:658][668]LogHMD: Warning:  SteamVR Compositor had an error on present (101)
[2017.11.04-00.37.29:760][669]LogHMD: Warning:  SteamVR Compositor had an error on present (101)
[2017.11.04-00.37.29:862][670]LogHMD: Warning:  SteamVR Compositor had an error on present (101)
[2017.11.04-00.37.29:964][671]LogHMD: Warning:  SteamVR Compositor had an error on present (101)
[2017.11.04-00.37.30:066][672]LogHMD: Warning:  SteamVR Compositor had an error on present (101)
[2017.11.04-00.37.30:168][673]LogHMD: Warning:  SteamVR Compositor had an error on present (101)
[2017.11.04-00.37.30:270][674]LogHMD: Warning:  SteamVR Compositor had an error on present (101)
[2017.11.04-00.37.30:372][675]LogHMD: Warning:  SteamVR Compositor had an error on present (101)
[2017.11.04-00.37.30:474][676]LogHMD: Warning:  SteamVR Compositor had an error on present (101)
[2017.11.04-00.37.30:576][677]LogHMD: Warning:  SteamVR Compositor had an error on present (101)
[2017.11.04-00.37.30:677][678]LogHMD: Warning:  SteamVR Compositor had an error on present (101)
[2017.11.04-00.37.30:779][679]LogHMD: Warning:  SteamVR Compositor had an error on present (101)
[2017.11.04-00.37.30:881][680]LogHMD: Warning:  SteamVR Compositor had an error on present (101)
[2017.11.04-00.37.30:984][681]LogHMD: Warning:  SteamVR Compositor had an error on present (101)
[2017.11.04-00.37.31:086][682]LogHMD: Warning:  SteamVR Compositor had an error on present (101)
[2017.11.04-00.37.31:189][683]LogHMD: Warning:  SteamVR Compositor had an error on present (101)
[2017.11.04-00.37.31:291][684]LogHMD: Warning:  SteamVR Compositor had an error on present (101)
[2017.11.04-00.37.31:394][685]LogHMD: Warning:  SteamVR Compositor had an error on present (101)
[2017.11.04-00.37.31:496][686]LogHMD: Warning:  SteamVR Compositor had an error on present (101)
[2017.11.04-00.37.31:598][687]LogHMD: Warning:  SteamVR Compositor had an error on present (101)
[2017.11.04-00.37.31:700][688]LogHMD: Warning:  SteamVR Compositor had an error on present (101)
[2017.11.04-00.37.31:802][689]LogHMD: Warning:  SteamVR Compositor had an error on present (101)
[2017.11.04-00.37.31:904][690]LogHMD: Warning:  SteamVR Compositor had an error on present (101)
[2017.11.04-00.37.32:006][691]LogHMD: Warning:  SteamVR Compositor had an error on present (101)
[2017.11.04-00.37.32:108][692]LogHMD: Warning:  SteamVR Compositor had an error on present (101)
[2017.11.04-00.37.32:210][693]LogHMD: Warning:  SteamVR Compositor had an error on present (101)
[2017.11.04-00.37.32:312][694]LogHMD: Warning:  SteamVR Compositor had an error on present (101)
[2017.11.04-00.37.32:414][695]LogHMD: Warning:  SteamVR Compositor had an error on present (101)
[2017.11.04-00.37.32:516][696]LogHMD: Warning:  SteamVR Compositor had an error on present (101)
[2017.11.04-00.37.32:618][697]LogHMD: Warning:  SteamVR Compositor had an error on present (101)
[2017.11.04-00.37.32:720][698]LogHMD: Warning:  SteamVR Compositor had an error on present (101)
[2017.11.04-00.37.32:823][699]LogHMD: Warning:  SteamVR Compositor had an error on present (101)
[2017.11.04-00.37.32:924][700]LogHMD: Warning:  SteamVR Compositor had an error on present (101)
[2017.11.04-00.37.33:026][701]LogHMD: Warning:  SteamVR Compositor had an error on present (101)
[2017.11.04-00.37.33:027][701]LogBlueprintUserMessages: [BatteringRamOld_C_0] Handle1
[2017.11.04-00.37.33:129][702]LogHMD: Warning:  SteamVR Compositor had an error on present (101)
[2017.11.04-00.37.33:230][703]LogHMD: Warning:  SteamVR Compositor had an error on present (101)
[2017.11.04-00.37.33:231][703]LogBlueprintUserMessages: [BatteringRamOld_C_0] Handle2
[2017.11.04-00.37.33:332][704]LogHMD: Warning:  SteamVR Compositor had an error on present (101)
[2017.11.04-00.37.33:434][705]LogHMD: Warning:  SteamVR Compositor had an error on present (101)
[2017.11.04-00.37.33:537][706]LogHMD: Warning:  SteamVR Compositor had an error on present (101)
[2017.11.04-00.37.33:638][707]LogHMD: Warning:  SteamVR Compositor had an error on present (101)
[2017.11.04-00.37.33:740][708]LogHMD: Warning:  SteamVR Compositor had an error on present (101)
[2017.11.04-00.37.33:741][708]LogBlueprintUserMessages: [LightSoldierAttackPosition_221] Light Soldier Damage
[2017.11.04-00.37.33:842][709]LogHMD: Warning:  SteamVR Compositor had an error on present (101)
[2017.11.04-00.37.33:944][710]LogHMD: Warning:  SteamVR Compositor had an error on present (101)
[2017.11.04-00.37.34:045][711]LogHMD: Warning:  SteamVR Compositor had an error on present (101)
[2017.11.04-00.37.34:148][712]LogHMD: Warning:  SteamVR Compositor had an error on present (101)
[2017.11.04-00.37.34:250][713]LogHMD: Warning:  SteamVR Compositor had an error on present (101)
[2017.11.04-00.37.34:352][714]LogHMD: Warning:  SteamVR Compositor had an error on present (101)
[2017.11.04-00.37.34:454][715]LogHMD: Warning:  SteamVR Compositor had an error on present (101)
[2017.11.04-00.37.34:555][716]LogHMD: Warning:  SteamVR Compositor had an error on present (101)
[2017.11.04-00.37.34:657][717]LogHMD: Warning:  SteamVR Compositor had an error on present (101)
[2017.11.04-00.37.34:759][718]LogHMD: Warning:  SteamVR Compositor had an error on present (101)
[2017.11.04-00.37.34:862][719]LogHMD: Warning:  SteamVR Compositor had an error on present (101)
[2017.11.04-00.37.34:963][720]LogHMD: Warning:  SteamVR Compositor had an error on present (101)
[2017.11.04-00.37.35:066][721]LogHMD: Warning:  SteamVR Compositor had an error on present (101)
[2017.11.04-00.37.35:168][722]LogHMD: Warning:  SteamVR Compositor had an error on present (101)
[2017.11.04-00.37.35:270][723]LogHMD: Warning:  SteamVR Compositor had an error on present (101)
[2017.11.04-00.37.35:372][724]LogHMD: Warning:  SteamVR Compositor had an error on present (101)
[2017.11.04-00.37.35:474][725]LogHMD: Warning:  SteamVR Compositor had an error on present (101)
[2017.11.04-00.37.35:576][726]LogHMD: Warning:  SteamVR Compositor had an error on present (101)
[2017.11.04-00.37.35:677][727]LogHMD: Warning:  SteamVR Compositor had an error on present (101)
[2017.11.04-00.37.35:780][728]LogHMD: Warning:  SteamVR Compositor had an error on present (101)
[2017.11.04-00.37.35:881][729]LogHMD: Warning:  SteamVR Compositor had an error on present (101)
[2017.11.04-00.37.35:984][730]LogHMD: Warning:  SteamVR Compositor had an error on present (101)
[2017.11.04-00.37.36:086][731]LogHMD: Warning:  SteamVR Compositor had an error on present (101)
[2017.11.04-00.37.36:188][732]LogHMD: Warning:  SteamVR Compositor had an error on present (101)
[2017.11.04-00.37.36:289][733]LogHMD: Warning:  SteamVR Compositor had an error on present (101)
[2017.11.04-00.37.36:391][734]LogHMD: Warning:  SteamVR Compositor had an error on present (101)
[2017.11.04-00.37.36:391][734]LogSteamVRController: Controller role for device 3 is 0 (invalid=0, left=1, right=2).
[2017.11.04-00.37.36:391][734]LogSteamVRController:Warning: Controller device 3 has no role set.  There is no 'right' controller according to steamvr, so we are pickign that.
[2017.11.04-00.37.36:391][734]LogSteamVRController: Controller device 3 is being assigned unreal hand 1 (left=0, right=1).
[2017.11.04-00.37.36:493][735]LogHMD: Warning:  SteamVR Compositor had an error on present (101)
[2017.11.04-00.37.36:595][736]LogHMD: Warning:  SteamVR Compositor had an error on present (101)
[2017.11.04-00.37.36:697][737]LogHMD: Warning:  SteamVR Compositor had an error on present (101)
[2017.11.04-00.37.36:799][738]LogHMD: Warning:  SteamVR Compositor had an error on present (101)
[2017.11.04-00.37.36:800][738]LogBlueprintUserMessages: [LightSoldierAttackPosition_221] Light Soldier Damage
[2017.11.04-00.37.36:901][739]LogHMD: Warning:  SteamVR Compositor had an error on present (101)
[2017.11.04-00.37.37:003][740]LogHMD: Warning:  SteamVR Compositor had an error on present (101)
[2017.11.04-00.37.37:004][740]LogBlueprintUserMessages: [Catapult_C_1] Handle1
[2017.11.04-00.37.37:004][740]LogScript:Warning: Accessed None trying to read property Catapult
	SoldierAI_C /Game/VirtualRealityBP/Maps/UEDPIE_0_default.default:PersistentLevel.SoldierAI_C_4
	Function /Game/Vive/Blueprints/AI/SoldierAIHeavy/SoldierAI.SoldierAI_C:ExecuteUbergraph_SoldierAI:0D92
[2017.11.04-00.37.37:004][740]PIE:Error: Error Blueprint Runtime Error: Accessed None trying to read property Catapult from function: 'ExecuteUbergraph_SoldierAI' from node: Branch in graph: EventGraph in object: SoldierAI with description: Accessed None trying to read property Catapult
[2017.11.04-00.37.37:105][741]LogHMD: Warning:  SteamVR Compositor had an error on present (101)
[2017.11.04-00.37.37:207][742]LogHMD: Warning:  SteamVR Compositor had an error on present (101)
[2017.11.04-00.37.37:209][742]LogBlueprintUserMessages: [Catapult_C_1] Handle2
[2017.11.04-00.37.37:310][743]LogHMD: Warning:  SteamVR Compositor had an error on present (101)
[2017.11.04-00.37.37:412][744]LogHMD: Warning:  SteamVR Compositor had an error on present (101)
[2017.11.04-00.37.37:514][745]LogHMD: Warning:  SteamVR Compositor had an error on present (101)
[2017.11.04-00.37.37:616][746]LogHMD: Warning:  SteamVR Compositor had an error on present (101)
[2017.11.04-00.37.37:616][746]LogSteamVRController: Controller role for device 4 is 0 (invalid=0, left=1, right=2).
[2017.11.04-00.37.37:617][746]LogSteamVRController: Putting controller 4 on the left hand because there is already a controller for the right.
[2017.11.04-00.37.37:617][746]LogSteamVRController: Controller device 4 is being assigned unreal hand 0 (left=0, right=1).
[2017.11.04-00.37.37:719][747]LogHMD: Warning:  SteamVR Compositor had an error on present (101)
[2017.11.04-00.37.37:821][748]LogHMD: Warning:  SteamVR Compositor had an error on present (101)
[2017.11.04-00.37.37:923][749]LogHMD: Warning:  SteamVR Compositor had an error on present (101)
[2017.11.04-00.37.38:025][750]LogHMD: Warning:  SteamVR Compositor had an error on present (101)
[2017.11.04-00.37.38:127][751]LogHMD: Warning:  SteamVR Compositor had an error on present (101)
[2017.11.04-00.37.38:229][752]LogHMD: Warning:  SteamVR Compositor had an error on present (101)
[2017.11.04-00.37.38:331][753]LogHMD: Warning:  SteamVR Compositor had an error on present (101)
[2017.11.04-00.37.38:434][754]LogHMD: Warning:  SteamVR Compositor had an error on present (101)
[2017.11.04-00.37.38:536][755]LogHMD: Warning:  SteamVR Compositor had an error on present (101)
[2017.11.04-00.37.38:638][756]LogHMD: Warning:  SteamVR Compositor had an error on present (101)
[2017.11.04-00.37.38:740][757]LogHMD: Warning:  SteamVR Compositor had an error on present (101)
[2017.11.04-00.37.38:843][758]LogHMD: Warning:  SteamVR Compositor had an error on present (101)
[2017.11.04-00.37.38:945][759]LogHMD: Warning:  SteamVR Compositor had an error on present (101)
[2017.11.04-00.37.39:047][760]LogHMD: Warning:  SteamVR Compositor had an error on present (101)
[2017.11.04-00.37.39:150][761]LogHMD: Warning:  SteamVR Compositor had an error on present (101)
[2017.11.04-00.37.39:252][762]LogHMD: Warning:  SteamVR Compositor had an error on present (101)
[2017.11.04-00.37.39:354][763]LogHMD: Warning:  SteamVR Compositor had an error on present (101)
[2017.11.04-00.37.39:456][764]LogHMD: Warning:  SteamVR Compositor had an error on present (101)
[2017.11.04-00.37.39:559][765]LogHMD: Warning:  SteamVR Compositor had an error on present (101)
[2017.11.04-00.37.39:661][766]LogHMD: Warning:  SteamVR Compositor had an error on present (101)
[2017.11.04-00.37.39:763][767]LogHMD: Warning:  SteamVR Compositor had an error on present (101)
[2017.11.04-00.37.39:866][768]LogHMD: Warning:  SteamVR Compositor had an error on present (101)
[2017.11.04-00.37.39:867][768]LogBlueprintUserMessages: [LightSoldierAttackPosition_221] Light Soldier Damage
[2017.11.04-00.37.39:968][769]LogHMD: Warning:  SteamVR Compositor had an error on present (101)
[2017.11.04-00.37.40:070][770]LogHMD: Warning:  SteamVR Compositor had an error on present (101)
[2017.11.04-00.37.40:173][771]LogHMD: Warning:  SteamVR Compositor had an error on present (101)
[2017.11.04-00.37.40:275][772]LogHMD: Warning:  SteamVR Compositor had an error on present (101)
[2017.11.04-00.37.40:377][773]LogHMD: Warning:  SteamVR Compositor had an error on present (101)
[2017.11.04-00.37.40:480][774]LogHMD: Warning:  SteamVR Compositor had an error on present (101)
[2017.11.04-00.37.40:582][775]LogHMD: Warning:  SteamVR Compositor had an error on present (101)
[2017.11.04-00.37.40:684][776]LogHMD: Warning:  SteamVR Compositor had an error on present (101)
[2017.11.04-00.37.40:786][777]LogHMD: Warning:  SteamVR Compositor had an error on present (101)
[2017.11.04-00.37.40:889][778]LogHMD: Warning:  SteamVR Compositor had an error on present (101)
[2017.11.04-00.37.40:991][779]LogHMD: Warning:  SteamVR Compositor had an error on present (101)
[2017.11.04-00.37.41:093][780]LogHMD: Warning:  SteamVR Compositor had an error on present (101)
[2017.11.04-00.37.41:195][781]LogHMD: Warning:  SteamVR Compositor had an error on present (101)
[2017.11.04-00.37.41:197][781]LogBlueprintUserMessages: [BatteringRamOld_C_1] Handle1
[2017.11.04-00.37.41:298][782]LogHMD: Warning:  SteamVR Compositor had an error on present (101)
[2017.11.04-00.37.41:400][783]LogHMD: Warning:  SteamVR Compositor had an error on present (101)
[2017.11.04-00.37.41:402][783]LogBlueprintUserMessages: [BatteringRamOld_C_1] Handle2
[2017.11.04-00.37.41:502][784]LogHMD: Warning:  SteamVR Compositor had an error on present (101)
[2017.11.04-00.37.41:605][785]LogHMD: Warning:  SteamVR Compositor had an error on present (101)
[2017.11.04-00.37.41:707][786]LogHMD: Warning:  SteamVR Compositor had an error on present (101)
[2017.11.04-00.37.41:809][787]LogHMD: Warning:  SteamVR Compositor had an error on present (101)
[2017.11.04-00.37.41:911][788]LogHMD: Warning:  SteamVR Compositor had an error on present (101)
[2017.11.04-00.37.42:014][789]LogHMD: Warning:  SteamVR Compositor had an error on present (101)
[2017.11.04-00.37.42:116][790]LogHMD: Warning:  SteamVR Compositor had an error on present (101)
[2017.11.04-00.37.42:218][791]LogHMD: Warning:  SteamVR Compositor had an error on present (101)
[2017.11.04-00.37.42:320][792]LogHMD: Warning:  SteamVR Compositor had an error on present (101)
[2017.11.04-00.37.42:423][793]LogHMD: Warning:  SteamVR Compositor had an error on present (101)
[2017.11.04-00.37.42:525][794]LogHMD: Warning:  SteamVR Compositor had an error on present (101)
[2017.11.04-00.37.42:627][795]LogHMD: Warning:  SteamVR Compositor had an error on present (101)
[2017.11.04-00.37.42:730][796]LogHMD: Warning:  SteamVR Compositor had an error on present (101)
[2017.11.04-00.37.42:832][797]LogHMD: Warning:  SteamVR Compositor had an error on present (101)
[2017.11.04-00.37.42:934][798]LogHMD: Warning:  SteamVR Compositor had an error on present (101)
[2017.11.04-00.37.42:936][798]LogBlueprintUserMessages: [LightSoldierAttackPosition_221] Light Soldier Damage
[2017.11.04-00.37.43:036][799]LogHMD: Warning:  SteamVR Compositor had an error on present (101)
[2017.11.04-00.37.43:139][800]LogHMD: Warning:  SteamVR Compositor had an error on present (101)
[2017.11.04-00.37.43:241][801]LogHMD: Warning:  SteamVR Compositor had an error on present (101)
[2017.11.04-00.37.43:343][802]LogHMD: Warning:  SteamVR Compositor had an error on present (101)
[2017.11.04-00.37.43:445][803]LogHMD: Warning:  SteamVR Compositor had an error on present (101)
[2017.11.04-00.37.43:547][804]LogHMD: Warning:  SteamVR Compositor had an error on present (101)
[2017.11.04-00.37.43:649][805]LogHMD: Warning:  SteamVR Compositor had an error on present (101)
[2017.11.04-00.37.43:751][806]LogHMD: Warning:  SteamVR Compositor had an error on present (101)
[2017.11.04-00.37.43:853][807]LogHMD: Warning:  SteamVR Compositor had an error on present (101)
[2017.11.04-00.37.43:955][808]LogHMD: Warning:  SteamVR Compositor had an error on present (101)
[2017.11.04-00.37.44:057][809]LogHMD: Warning:  SteamVR Compositor had an error on present (101)
[2017.11.04-00.37.44:159][810]LogHMD: Warning:  SteamVR Compositor had an error on present (101)
[2017.11.04-00.37.44:262][811]LogHMD: Warning:  SteamVR Compositor had an error on present (101)
[2017.11.04-00.37.44:364][812]LogHMD: Warning:  SteamVR Compositor had an error on present (101)
[2017.11.04-00.37.44:466][813]LogHMD: Warning:  SteamVR Compositor had an error on present (101)
[2017.11.04-00.37.44:568][814]LogHMD: Warning:  SteamVR Compositor had an error on present (101)
[2017.11.04-00.37.44:670][815]LogHMD: Warning:  SteamVR Compositor had an error on present (101)
[2017.11.04-00.37.44:772][816]LogHMD: Warning:  SteamVR Compositor had an error on present (101)
[2017.11.04-00.37.44:876][817]LogHMD: Warning:  SteamVR Compositor had an error on present (101)
[2017.11.04-00.37.44:978][818]LogHMD: Warning:  SteamVR Compositor had an error on present (101)
[2017.11.04-00.37.45:080][819]LogHMD: Warning:  SteamVR Compositor had an error on present (101)
[2017.11.04-00.37.45:183][820]LogHMD: Warning:  SteamVR Compositor had an error on present (101)
[2017.11.04-00.37.45:285][821]LogHMD: Warning:  SteamVR Compositor had an error on present (101)
[2017.11.04-00.37.45:387][822]LogHMD: Warning:  SteamVR Compositor had an error on present (101)
[2017.11.04-00.37.45:489][823]LogHMD: Warning:  SteamVR Compositor had an error on present (101)
[2017.11.04-00.37.45:592][824]LogHMD: Warning:  SteamVR Compositor had an error on present (101)
[2017.11.04-00.37.45:694][825]LogHMD: Warning:  SteamVR Compositor had an error on present (101)
[2017.11.04-00.37.45:796][826]LogHMD: Warning:  SteamVR Compositor had an error on present (101)
[2017.11.04-00.37.45:898][827]LogHMD: Warning:  SteamVR Compositor had an error on present (101)
[2017.11.04-00.37.46:001][828]LogHMD: Warning:  SteamVR Compositor had an error on present (101)
[2017.11.04-00.37.46:003][828]LogBlueprintUserMessages: [LightSoldierAttackPosition_221] Light Soldier Damage
[2017.11.04-00.37.46:103][829]LogHMD: Warning:  SteamVR Compositor had an error on present (101)
[2017.11.04-00.37.46:205][830]LogHMD: Warning:  SteamVR Compositor had an error on present (101)
[2017.11.04-00.37.46:308][831]LogHMD: Warning:  SteamVR Compositor had an error on present (101)
[2017.11.04-00.37.46:410][832]LogHMD: Warning:  SteamVR Compositor had an error on present (101)
[2017.11.04-00.37.46:512][833]LogHMD: Warning:  SteamVR Compositor had an error on present (101)
[2017.11.04-00.37.46:613][834]LogHMD: Warning:  SteamVR Compositor had an error on present (101)
[2017.11.04-00.37.46:716][835]LogHMD: Warning:  SteamVR Compositor had an error on present (101)
[2017.11.04-00.37.46:817][836]LogHMD: Warning:  SteamVR Compositor had an error on present (101)
[2017.11.04-00.37.46:920][837]LogHMD: Warning:  SteamVR Compositor had an error on present (101)
[2017.11.04-00.37.47:021][838]LogHMD: Warning:  SteamVR Compositor had an error on present (101)
[2017.11.04-00.37.47:123][839]LogHMD: Warning:  SteamVR Compositor had an error on present (101)
[2017.11.04-00.37.47:226][840]LogHMD: Warning:  SteamVR Compositor had an error on present (101)
[2017.11.04-00.37.47:327][841]LogHMD: Warning:  SteamVR Compositor had an error on present (101)
[2017.11.04-00.37.47:429][842]LogHMD: Warning:  SteamVR Compositor had an error on present (101)
[2017.11.04-00.37.47:531][843]LogHMD: Warning:  SteamVR Compositor had an error on present (101)
[2017.11.04-00.37.47:634][844]LogHMD: Warning:  SteamVR Compositor had an error on present (101)
[2017.11.04-00.37.47:736][845]LogHMD: Warning:  SteamVR Compositor had an error on present (101)
[2017.11.04-00.37.47:838][846]LogHMD: Warning:  SteamVR Compositor had an error on present (101)
[2017.11.04-00.37.47:940][847]LogHMD: Warning:  SteamVR Compositor had an error on present (101)
[2017.11.04-00.37.48:042][848]LogHMD: Warning:  SteamVR Compositor had an error on present (101)
[2017.11.04-00.37.48:144][849]LogHMD: Warning:  SteamVR Compositor had an error on present (101)
[2017.11.04-00.37.48:246][850]LogHMD: Warning:  SteamVR Compositor had an error on present (101)
[2017.11.04-00.37.48:348][851]LogHMD: Warning:  SteamVR Compositor had an error on present (101)
[2017.11.04-00.37.48:450][852]LogHMD: Warning:  SteamVR Compositor had an error on present (101)
[2017.11.04-00.37.48:552][853]LogHMD: Warning:  SteamVR Compositor had an error on present (101)
[2017.11.04-00.37.48:653][854]LogHMD: Warning:  SteamVR Compositor had an error on present (101)
[2017.11.04-00.37.48:756][855]LogHMD: Warning:  SteamVR Compositor had an error on present (101)
[2017.11.04-00.37.48:857][856]LogHMD: Warning:  SteamVR Compositor had an error on present (101)
[2017.11.04-00.37.48:960][857]LogHMD: Warning:  SteamVR Compositor had an error on present (101)
[2017.11.04-00.37.49:062][858]LogHMD: Warning:  SteamVR Compositor had an error on present (101)
[2017.11.04-00.37.49:064][858]LogBlueprintUserMessages: [LightSoldierAttackPosition_221] Light Soldier Damage
[2017.11.04-00.37.49:164][859]LogHMD: Warning:  SteamVR Compositor had an error on present (101)
[2017.11.04-00.37.49:265][860]LogHMD: Warning:  SteamVR Compositor had an error on present (101)
[2017.11.04-00.37.49:367][861]LogHMD: Warning:  SteamVR Compositor had an error on present (101)
[2017.11.04-00.37.49:469][862]LogHMD: Warning:  SteamVR Compositor had an error on present (101)
[2017.11.04-00.37.49:571][863]LogHMD: Warning:  SteamVR Compositor had an error on present (101)
[2017.11.04-00.37.49:674][864]LogHMD: Warning:  SteamVR Compositor had an error on present (101)
[2017.11.04-00.37.49:775][865]LogHMD: Warning:  SteamVR Compositor had an error on present (101)
[2017.11.04-00.37.49:878][866]LogHMD: Warning:  SteamVR Compositor had an error on present (101)
[2017.11.04-00.37.49:980][867]LogHMD: Warning:  SteamVR Compositor had an error on present (101)
[2017.11.04-00.37.50:082][868]LogHMD: Warning:  SteamVR Compositor had an error on present (101)
[2017.11.04-00.37.50:184][869]LogHMD: Warning:  SteamVR Compositor had an error on present (101)
[2017.11.04-00.37.50:286][870]LogHMD: Warning:  SteamVR Compositor had an error on present (101)
[2017.11.04-00.37.50:388][871]LogHMD: Warning:  SteamVR Compositor had an error on present (101)
[2017.11.04-00.37.50:491][872]LogHMD: Warning:  SteamVR Compositor had an error on present (101)
[2017.11.04-00.37.50:593][873]LogHMD: Warning:  SteamVR Compositor had an error on present (101)
[2017.11.04-00.37.50:695][874]LogHMD: Warning:  SteamVR Compositor had an error on present (101)
[2017.11.04-00.37.50:798][875]LogHMD: Warning:  SteamVR Compositor had an error on present (101)
[2017.11.04-00.37.50:899][876]LogHMD: Warning:  SteamVR Compositor had an error on present (101)
[2017.11.04-00.37.51:002][877]LogHMD: Warning:  SteamVR Compositor had an error on present (101)
[2017.11.04-00.37.51:103][878]LogHMD: Warning:  SteamVR Compositor had an error on present (101)
[2017.11.04-00.37.51:206][879]LogHMD: Warning:  SteamVR Compositor had an error on present (101)
[2017.11.04-00.37.51:461][879]LogHMD: Warning:  SteamVR Compositor had an error on present (101)
[2017.11.04-00.37.51:571][881]LogHMD: Warning:  SteamVR Compositor had an error on present (101)
[2017.11.04-00.37.51:675][882]LogHMD: Warning:  SteamVR Compositor had an error on present (101)
[2017.11.04-00.37.51:779][883]LogHMD: Warning:  SteamVR Compositor had an error on present (101)
[2017.11.04-00.37.51:883][884]LogHMD: Warning:  SteamVR Compositor had an error on present (101)
[2017.11.04-00.37.51:988][885]LogHMD: Warning:  SteamVR Compositor had an error on present (101)
[2017.11.04-00.37.52:091][886]LogHMD: Warning:  SteamVR Compositor had an error on present (101)
[2017.11.04-00.37.52:197][886]LogHMD: Warning:  SteamVR Compositor had an error on present (101)
[2017.11.04-00.37.52:201][886]LogBlueprintUserMessages: [LightSoldierAttackPosition_221] Light Soldier Damage
[2017.11.04-00.37.52:305][886]LogHMD: Warning:  SteamVR Compositor had an error on present (101)
[2017.11.04-00.37.52:540][887]LogHMD: Warning:  SteamVR Compositor had an error on present (101)
[2017.11.04-00.37.52:873][888]LogHMD: Warning:  SteamVR Compositor had an error on present (101)
[2017.11.04-00.37.53:440][891]LogHMD: Warning:  SteamVR Compositor had an error on present (101)
[2017.11.04-00.37.53:773][892]LogHMD: Warning:  SteamVR Compositor had an error on present (101)
[2017.11.04-00.37.54:107][893]LogHMD: Warning:  SteamVR Compositor had an error on present (101)
[2017.11.04-00.37.54:441][894]LogHMD: Warning:  SteamVR Compositor had an error on present (101)
[2017.11.04-00.37.54:776][895]LogHMD: Warning:  SteamVR Compositor had an error on present (101)
[2017.11.04-00.37.55:103][895]LogHMD: Warning:  SteamVR Compositor had an error on present (101)
[2017.11.04-00.37.55:103][895]LogBlueprintUserMessages: [LightSoldierAttackPosition_221] Light Soldier Damage
[2017.11.04-00.37.55:440][897]LogHMD: Warning:  SteamVR Compositor had an error on present (101)
[2017.11.04-00.37.55:774][898]LogHMD: Warning:  SteamVR Compositor had an error on present (101)
[2017.11.04-00.37.56:108][899]LogHMD: Warning:  SteamVR Compositor had an error on present (101)
[2017.11.04-00.37.56:441][900]LogHMD: Warning:  SteamVR Compositor had an error on present (101)
[2017.11.04-00.37.56:773][901]LogHMD: Warning:  SteamVR Compositor had an error on present (101)
[2017.11.04-00.37.57:107][902]LogHMD: Warning:  SteamVR Compositor had an error on present (101)
[2017.11.04-00.37.57:440][903]LogHMD: Warning:  SteamVR Compositor had an error on present (101)
[2017.11.04-00.37.57:774][904]LogHMD: Warning:  SteamVR Compositor had an error on present (101)
[2017.11.04-00.37.58:103][904]LogHMD: Warning:  SteamVR Compositor had an error on present (101)
[2017.11.04-00.37.58:103][904]LogBlueprintUserMessages: [LightSoldierAttackPosition_221] Light Soldier Damage
[2017.11.04-00.37.58:440][906]LogHMD: Warning:  SteamVR Compositor had an error on present (101)
[2017.11.04-00.37.58:774][907]LogHMD: Warning:  SteamVR Compositor had an error on present (101)
[2017.11.04-00.37.59:108][908]LogHMD: Warning:  SteamVR Compositor had an error on present (101)
[2017.11.04-00.37.59:440][909]LogHMD: Warning:  SteamVR Compositor had an error on present (101)
[2017.11.04-00.37.59:774][910]LogHMD: Warning:  SteamVR Compositor had an error on present (101)
[2017.11.04-00.38.00:107][911]LogHMD: Warning:  SteamVR Compositor had an error on present (101)
[2017.11.04-00.38.00:440][912]LogHMD: Warning:  SteamVR Compositor had an error on present (101)
[2017.11.04-00.38.00:774][913]LogHMD: Warning:  SteamVR Compositor had an error on present (101)
[2017.11.04-00.38.01:104][913]LogHMD: Warning:  SteamVR Compositor had an error on present (101)
[2017.11.04-00.38.01:104][913]LogBlueprintUserMessages: [LightSoldierAttackPosition_221] Light Soldier Damage
[2017.11.04-00.38.01:441][915]LogHMD: Warning:  SteamVR Compositor had an error on present (101)
[2017.11.04-00.38.01:774][916]LogHMD: Warning:  SteamVR Compositor had an error on present (101)
[2017.11.04-00.38.02:108][917]LogHMD: Warning:  SteamVR Compositor had an error on present (101)
[2017.11.04-00.38.02:441][918]LogHMD: Warning:  SteamVR Compositor had an error on present (101)
[2017.11.04-00.38.02:773][919]LogHMD: Warning:  SteamVR Compositor had an error on present (101)
[2017.11.04-00.38.03:108][920]LogHMD: Warning:  SteamVR Compositor had an error on present (101)
[2017.11.04-00.38.03:441][921]LogHMD: Warning:  SteamVR Compositor had an error on present (101)
[2017.11.04-00.38.03:775][922]LogHMD: Warning:  SteamVR Compositor had an error on present (101)
[2017.11.04-00.38.04:104][922]LogHMD: Warning:  SteamVR Compositor had an error on present (101)
[2017.11.04-00.38.04:104][922]LogBlueprintUserMessages: [LightSoldierAttackPosition_221] Light Soldier Damage
[2017.11.04-00.38.04:440][924]LogHMD: Warning:  SteamVR Compositor had an error on present (101)
[2017.11.04-00.38.04:774][925]LogHMD: Warning:  SteamVR Compositor had an error on present (101)
[2017.11.04-00.38.05:108][926]LogHMD: Warning:  SteamVR Compositor had an error on present (101)
[2017.11.04-00.38.05:441][927]LogHMD: Warning:  SteamVR Compositor had an error on present (101)
[2017.11.04-00.38.05:774][928]LogHMD: Warning:  SteamVR Compositor had an error on present (101)
[2017.11.04-00.38.06:108][929]LogHMD: Warning:  SteamVR Compositor had an error on present (101)
[2017.11.04-00.38.06:440][930]LogHMD: Warning:  SteamVR Compositor had an error on present (101)
[2017.11.04-00.38.06:540][931]LogHMD: Warning:  SteamVR Compositor had an error on present (101)
[2017.11.04-00.38.06:643][932]LogHMD: Warning:  SteamVR Compositor had an error on present (101)
[2017.11.04-00.38.06:746][933]LogHMD: Warning:  SteamVR Compositor had an error on present (101)
[2017.11.04-00.38.06:849][934]LogHMD: Warning:  SteamVR Compositor had an error on present (101)
[2017.11.04-00.38.06:953][935]LogHMD: Warning:  SteamVR Compositor had an error on present (101)
[2017.11.04-00.38.07:055][936]LogHMD: Warning:  SteamVR Compositor had an error on present (101)
[2017.11.04-00.38.07:159][937]LogHMD: Warning:  SteamVR Compositor had an error on present (101)
[2017.11.04-00.38.07:162][937]LogBlueprintUserMessages: [LightSoldierAttackPosition_221] Light Soldier Damage
[2017.11.04-00.38.07:263][938]LogHMD: Warning:  SteamVR Compositor had an error on present (101)
[2017.11.04-00.38.07:368][939]LogHMD: Warning:  SteamVR Compositor had an error on present (101)
[2017.11.04-00.38.07:471][940]LogHMD: Warning:  SteamVR Compositor had an error on present (101)
[2017.11.04-00.38.07:573][941]LogHMD: Warning:  SteamVR Compositor had an error on present (101)
[2017.11.04-00.38.07:677][942]LogHMD: Warning:  SteamVR Compositor had an error on present (101)
[2017.11.04-00.38.07:779][943]LogHMD: Warning:  SteamVR Compositor had an error on present (101)
[2017.11.04-00.38.07:885][944]LogHMD: Warning:  SteamVR Compositor had an error on present (101)
[2017.11.04-00.38.07:987][945]LogHMD: Warning:  SteamVR Compositor had an error on present (101)
[2017.11.04-00.38.08:090][946]LogHMD: Warning:  SteamVR Compositor had an error on present (101)
[2017.11.04-00.38.08:193][947]LogHMD: Warning:  SteamVR Compositor had an error on present (101)
[2017.11.04-00.38.08:297][948]LogHMD: Warning:  SteamVR Compositor had an error on present (101)
[2017.11.04-00.38.08:399][949]LogHMD: Warning:  SteamVR Compositor had an error on present (101)
[2017.11.04-00.38.08:502][950]LogHMD: Warning:  SteamVR Compositor had an error on present (101)
[2017.11.04-00.38.08:605][951]LogHMD: Warning:  SteamVR Compositor had an error on present (101)
[2017.11.04-00.38.08:708][952]LogHMD: Warning:  SteamVR Compositor had an error on present (101)
[2017.11.04-00.38.08:812][953]LogHMD: Warning:  SteamVR Compositor had an error on present (101)
[2017.11.04-00.38.08:914][954]LogHMD: Warning:  SteamVR Compositor had an error on present (101)
[2017.11.04-00.38.09:017][955]LogHMD: Warning:  SteamVR Compositor had an error on present (101)
[2017.11.04-00.38.09:120][956]LogHMD: Warning:  SteamVR Compositor had an error on present (101)
[2017.11.04-00.38.09:222][957]LogHMD: Warning:  SteamVR Compositor had an error on present (101)
[2017.11.04-00.38.09:328][958]LogHMD: Warning:  SteamVR Compositor had an error on present (101)
[2017.11.04-00.38.09:431][959]LogHMD: Warning:  SteamVR Compositor had an error on present (101)
[2017.11.04-00.38.09:535][960]LogHMD: Warning:  SteamVR Compositor had an error on present (101)
[2017.11.04-00.38.09:637][961]LogHMD: Warning:  SteamVR Compositor had an error on present (101)
[2017.11.04-00.38.09:740][962]LogHMD: Warning:  SteamVR Compositor had an error on present (101)
[2017.11.04-00.38.09:842][963]LogHMD: Warning:  SteamVR Compositor had an error on present (101)
[2017.11.04-00.38.09:945][964]LogHMD: Warning:  SteamVR Compositor had an error on present (101)
[2017.11.04-00.38.10:048][965]LogHMD: Warning:  SteamVR Compositor had an error on present (101)
[2017.11.04-00.38.10:152][966]LogHMD: Warning:  SteamVR Compositor had an error on present (101)
[2017.11.04-00.38.10:255][967]LogHMD: Warning:  SteamVR Compositor had an error on present (101)
[2017.11.04-00.38.10:258][967]LogBlueprintUserMessages: [LightSoldierAttackPosition_221] Light Soldier Damage
[2017.11.04-00.38.10:357][968]LogHMD: Warning:  SteamVR Compositor had an error on present (101)
[2017.11.04-00.38.10:461][969]LogHMD: Warning:  SteamVR Compositor had an error on present (101)
[2017.11.04-00.38.10:564][970]LogHMD: Warning:  SteamVR Compositor had an error on present (101)
[2017.11.04-00.38.10:667][971]LogHMD: Warning:  SteamVR Compositor had an error on present (101)
[2017.11.04-00.38.10:770][972]LogHMD: Warning:  SteamVR Compositor had an error on present (101)
[2017.11.04-00.38.10:874][973]LogHMD: Warning:  SteamVR Compositor had an error on present (101)
[2017.11.04-00.38.10:976][974]LogHMD: Warning:  SteamVR Compositor had an error on present (101)
[2017.11.04-00.38.11:079][975]LogHMD: Warning:  SteamVR Compositor had an error on present (101)
[2017.11.04-00.38.11:182][976]LogHMD: Warning:  SteamVR Compositor had an error on present (101)
[2017.11.04-00.38.11:285][977]LogHMD: Warning:  SteamVR Compositor had an error on present (101)
[2017.11.04-00.38.11:390][978]LogHMD: Warning:  SteamVR Compositor had an error on present (101)
[2017.11.04-00.38.11:493][979]LogHMD: Warning:  SteamVR Compositor had an error on present (101)
[2017.11.04-00.38.11:595][980]LogHMD: Warning:  SteamVR Compositor had an error on present (101)
[2017.11.04-00.38.11:698][981]LogHMD: Warning:  SteamVR Compositor had an error on present (101)
[2017.11.04-00.38.11:802][982]LogHMD: Warning:  SteamVR Compositor had an error on present (101)
[2017.11.04-00.38.11:904][983]LogHMD: Warning:  SteamVR Compositor had an error on present (101)
[2017.11.04-00.38.12:008][984]LogHMD: Warning:  SteamVR Compositor had an error on present (101)
[2017.11.04-00.38.12:130][985]LogHMD: Warning:  SteamVR Compositor had an error on present (101)
[2017.11.04-00.38.12:232][986]LogHMD: Warning:  SteamVR Compositor had an error on present (101)
[2017.11.04-00.38.12:335][987]LogHMD: Warning:  SteamVR Compositor had an error on present (101)
[2017.11.04-00.38.12:438][988]LogHMD: Warning:  SteamVR Compositor had an error on present (101)
[2017.11.04-00.38.12:541][989]LogHMD: Warning:  SteamVR Compositor had an error on present (101)
[2017.11.04-00.38.12:644][990]LogHMD: Warning:  SteamVR Compositor had an error on present (101)
[2017.11.04-00.38.12:747][991]LogHMD: Warning:  SteamVR Compositor had an error on present (101)
[2017.11.04-00.38.12:850][992]LogHMD: Warning:  SteamVR Compositor had an error on present (101)
[2017.11.04-00.38.12:953][993]LogHMD: Warning:  SteamVR Compositor had an error on present (101)
[2017.11.04-00.38.13:055][994]LogHMD: Warning:  SteamVR Compositor had an error on present (101)
[2017.11.04-00.38.13:158][995]LogHMD: Warning:  SteamVR Compositor had an error on present (101)
[2017.11.04-00.38.13:261][996]LogHMD: Warning:  SteamVR Compositor had an error on present (101)
[2017.11.04-00.38.13:264][996]LogBlueprintUserMessages: [LightSoldierAttackPosition_221] Light Soldier Damage
[2017.11.04-00.38.13:364][997]LogHMD: Warning:  SteamVR Compositor had an error on present (101)
[2017.11.04-00.38.13:467][998]LogHMD: Warning:  SteamVR Compositor had an error on present (101)
[2017.11.04-00.38.13:569][999]LogHMD: Warning:  SteamVR Compositor had an error on present (101)
[2017.11.04-00.38.13:673][  0]LogHMD: Warning:  SteamVR Compositor had an error on present (101)
[2017.11.04-00.38.13:776][  1]LogHMD: Warning:  SteamVR Compositor had an error on present (101)
[2017.11.04-00.38.13:879][  2]LogHMD: Warning:  SteamVR Compositor had an error on present (101)
[2017.11.04-00.38.13:981][  3]LogHMD: Warning:  SteamVR Compositor had an error on present (101)
[2017.11.04-00.38.14:084][  4]LogHMD: Warning:  SteamVR Compositor had an error on present (101)
[2017.11.04-00.38.14:187][  5]LogHMD: Warning:  SteamVR Compositor had an error on present (101)
[2017.11.04-00.38.14:290][  6]LogHMD: Warning:  SteamVR Compositor had an error on present (101)
[2017.11.04-00.38.14:393][  7]LogHMD: Warning:  SteamVR Compositor had an error on present (101)
[2017.11.04-00.38.14:495][  8]LogHMD: Warning:  SteamVR Compositor had an error on present (101)
[2017.11.04-00.38.14:598][  9]LogHMD: Warning:  SteamVR Compositor had an error on present (101)
[2017.11.04-00.38.14:701][ 10]LogHMD: Warning:  SteamVR Compositor had an error on present (101)
[2017.11.04-00.38.14:804][ 11]LogHMD: Warning:  SteamVR Compositor had an error on present (101)
[2017.11.04-00.38.14:907][ 12]LogHMD: Warning:  SteamVR Compositor had an error on present (101)
[2017.11.04-00.38.15:010][ 13]LogHMD: Warning:  SteamVR Compositor had an error on present (101)
[2017.11.04-00.38.15:113][ 14]LogHMD: Warning:  SteamVR Compositor had an error on present (101)
[2017.11.04-00.38.15:216][ 15]LogHMD: Warning:  SteamVR Compositor had an error on present (101)
[2017.11.04-00.38.15:318][ 16]LogHMD: Warning:  SteamVR Compositor had an error on present (101)
[2017.11.04-00.38.15:421][ 17]LogHMD: Warning:  SteamVR Compositor had an error on present (101)
[2017.11.04-00.38.15:524][ 18]LogHMD: Warning:  SteamVR Compositor had an error on present (101)
[2017.11.04-00.38.15:627][ 19]LogHMD: Warning:  SteamVR Compositor had an error on present (101)
[2017.11.04-00.38.15:730][ 20]LogHMD: Warning:  SteamVR Compositor had an error on present (101)
[2017.11.04-00.38.15:833][ 21]LogHMD: Warning:  SteamVR Compositor had an error on present (101)
[2017.11.04-00.38.15:935][ 22]LogHMD: Warning:  SteamVR Compositor had an error on present (101)
[2017.11.04-00.38.16:038][ 23]LogHMD: Warning:  SteamVR Compositor had an error on present (101)
[2017.11.04-00.38.16:141][ 24]LogHMD: Warning:  SteamVR Compositor had an error on present (101)
[2017.11.04-00.38.16:244][ 25]LogHMD: Warning:  SteamVR Compositor had an error on present (101)
[2017.11.04-00.38.16:347][ 26]LogHMD: Warning:  SteamVR Compositor had an error on present (101)
[2017.11.04-00.38.16:350][ 26]LogBlueprintUserMessages: [LightSoldierAttackPosition_221] Light Soldier Damage
[2017.11.04-00.38.16:449][ 27]LogHMD: Warning:  SteamVR Compositor had an error on present (101)
[2017.11.04-00.38.16:552][ 28]LogHMD: Warning:  SteamVR Compositor had an error on present (101)
[2017.11.04-00.38.16:655][ 29]LogHMD: Warning:  SteamVR Compositor had an error on present (101)
[2017.11.04-00.38.16:758][ 30]LogHMD: Warning:  SteamVR Compositor had an error on present (101)
[2017.11.04-00.38.16:861][ 31]LogHMD: Warning:  SteamVR Compositor had an error on present (101)
[2017.11.04-00.38.16:963][ 32]LogHMD: Warning:  SteamVR Compositor had an error on present (101)
[2017.11.04-00.38.17:066][ 33]LogHMD: Warning:  SteamVR Compositor had an error on present (101)
[2017.11.04-00.38.17:169][ 34]LogHMD: Warning:  SteamVR Compositor had an error on present (101)
[2017.11.04-00.38.17:272][ 35]LogHMD: Warning:  SteamVR Compositor had an error on present (101)
[2017.11.04-00.38.17:374][ 36]LogHMD: Warning:  SteamVR Compositor had an error on present (101)
[2017.11.04-00.38.17:477][ 37]LogHMD: Warning:  SteamVR Compositor had an error on present (101)
[2017.11.04-00.38.17:580][ 38]LogHMD: Warning:  SteamVR Compositor had an error on present (101)
[2017.11.04-00.38.17:683][ 39]LogHMD: Warning:  SteamVR Compositor had an error on present (101)
[2017.11.04-00.38.17:787][ 40]LogHMD: Warning:  SteamVR Compositor had an error on present (101)
[2017.11.04-00.38.17:890][ 41]LogHMD: Warning:  SteamVR Compositor had an error on present (101)
[2017.11.04-00.38.17:993][ 42]LogHMD: Warning:  SteamVR Compositor had an error on present (101)
[2017.11.04-00.38.18:095][ 43]LogHMD: Warning:  SteamVR Compositor had an error on present (101)
[2017.11.04-00.38.18:198][ 44]LogHMD: Warning:  SteamVR Compositor had an error on present (101)
[2017.11.04-00.38.18:301][ 45]LogHMD: Warning:  SteamVR Compositor had an error on present (101)
[2017.11.04-00.38.18:404][ 46]LogHMD: Warning:  SteamVR Compositor had an error on present (101)
[2017.11.04-00.38.18:506][ 47]LogHMD: Warning:  SteamVR Compositor had an error on present (101)
[2017.11.04-00.38.18:610][ 48]LogHMD: Warning:  SteamVR Compositor had an error on present (101)
[2017.11.04-00.38.18:713][ 49]LogHMD: Warning:  SteamVR Compositor had an error on present (101)
[2017.11.04-00.38.18:816][ 50]LogHMD: Warning:  SteamVR Compositor had an error on present (101)
[2017.11.04-00.38.18:919][ 51]LogHMD: Warning:  SteamVR Compositor had an error on present (101)
[2017.11.04-00.38.19:021][ 52]LogHMD: Warning:  SteamVR Compositor had an error on present (101)
[2017.11.04-00.38.19:124][ 53]LogHMD: Warning:  SteamVR Compositor had an error on present (101)
[2017.11.04-00.38.19:228][ 54]LogHMD: Warning:  SteamVR Compositor had an error on present (101)
[2017.11.04-00.38.19:331][ 54]LogHMD: Warning:  SteamVR Compositor had an error on present (101)
[2017.11.04-00.38.19:441][ 55]LogHMD: Warning:  SteamVR Compositor had an error on present (101)
[2017.11.04-00.38.19:441][ 55]LogBlueprintUserMessages: [LightSoldierAttackPosition_221] Light Soldier Damage
[2017.11.04-00.38.19:544][ 57]LogHMD: Warning:  SteamVR Compositor had an error on present (101)
[2017.11.04-00.38.19:647][ 58]LogHMD: Warning:  SteamVR Compositor had an error on present (101)
[2017.11.04-00.38.19:751][ 59]LogHMD: Warning:  SteamVR Compositor had an error on present (101)
[2017.11.04-00.38.19:853][ 60]LogHMD: Warning:  SteamVR Compositor had an error on present (101)
[2017.11.04-00.38.19:956][ 61]LogHMD: Warning:  SteamVR Compositor had an error on present (101)
[2017.11.04-00.38.20:060][ 62]LogHMD: Warning:  SteamVR Compositor had an error on present (101)
[2017.11.04-00.38.20:163][ 63]LogHMD: Warning:  SteamVR Compositor had an error on present (101)
[2017.11.04-00.38.20:266][ 64]LogHMD: Warning:  SteamVR Compositor had an error on present (101)
[2017.11.04-00.38.20:369][ 65]LogHMD: Warning:  SteamVR Compositor had an error on present (101)
[2017.11.04-00.38.20:472][ 66]LogHMD: Warning:  SteamVR Compositor had an error on present (101)
[2017.11.04-00.38.20:574][ 67]LogHMD: Warning:  SteamVR Compositor had an error on present (101)
[2017.11.04-00.38.20:678][ 68]LogHMD: Warning:  SteamVR Compositor had an error on present (101)
[2017.11.04-00.38.20:781][ 69]LogHMD: Warning:  SteamVR Compositor had an error on present (101)
[2017.11.04-00.38.20:883][ 70]LogHMD: Warning:  SteamVR Compositor had an error on present (101)
[2017.11.04-00.38.20:986][ 71]LogHMD: Warning:  SteamVR Compositor had an error on present (101)
[2017.11.04-00.38.21:089][ 72]LogHMD: Warning:  SteamVR Compositor had an error on present (101)
[2017.11.04-00.38.21:192][ 73]LogHMD: Warning:  SteamVR Compositor had an error on present (101)
[2017.11.04-00.38.21:295][ 74]LogHMD: Warning:  SteamVR Compositor had an error on present (101)
[2017.11.04-00.38.21:397][ 75]LogHMD: Warning:  SteamVR Compositor had an error on present (101)
[2017.11.04-00.38.21:500][ 76]LogHMD: Warning:  SteamVR Compositor had an error on present (101)
[2017.11.04-00.38.21:603][ 77]LogHMD: Warning:  SteamVR Compositor had an error on present (101)
[2017.11.04-00.38.21:707][ 78]LogHMD: Warning:  SteamVR Compositor had an error on present (101)
[2017.11.04-00.38.21:809][ 79]LogHMD: Warning:  SteamVR Compositor had an error on present (101)
[2017.11.04-00.38.21:913][ 80]LogHMD: Warning:  SteamVR Compositor had an error on present (101)
[2017.11.04-00.38.22:015][ 81]LogHMD: Warning:  SteamVR Compositor had an error on present (101)
[2017.11.04-00.38.22:118][ 82]LogHMD: Warning:  SteamVR Compositor had an error on present (101)
[2017.11.04-00.38.22:220][ 83]LogHMD: Warning:  SteamVR Compositor had an error on present (101)
[2017.11.04-00.38.22:323][ 84]LogHMD: Warning:  SteamVR Compositor had an error on present (101)
[2017.11.04-00.38.22:426][ 85]LogHMD: Warning:  SteamVR Compositor had an error on present (101)
[2017.11.04-00.38.22:529][ 86]LogHMD: Warning:  SteamVR Compositor had an error on present (101)
[2017.11.04-00.38.22:532][ 86]LogBlueprintUserMessages: [LightSoldierAttackPosition_221] Light Soldier Damage
[2017.11.04-00.38.22:632][ 87]LogHMD: Warning:  SteamVR Compositor had an error on present (101)
[2017.11.04-00.38.22:734][ 88]LogHMD: Warning:  SteamVR Compositor had an error on present (101)
[2017.11.04-00.38.22:837][ 89]LogHMD: Warning:  SteamVR Compositor had an error on present (101)
[2017.11.04-00.38.22:940][ 90]LogHMD: Warning:  SteamVR Compositor had an error on present (101)
[2017.11.04-00.38.23:043][ 91]LogHMD: Warning:  SteamVR Compositor had an error on present (101)
[2017.11.04-00.38.23:146][ 92]LogHMD: Warning:  SteamVR Compositor had an error on present (101)
[2017.11.04-00.38.23:249][ 93]LogHMD: Warning:  SteamVR Compositor had an error on present (101)
[2017.11.04-00.38.23:352][ 94]LogHMD: Warning:  SteamVR Compositor had an error on present (101)
[2017.11.04-00.38.23:454][ 95]LogHMD: Warning:  SteamVR Compositor had an error on present (101)
[2017.11.04-00.38.23:557][ 96]LogHMD: Warning:  SteamVR Compositor had an error on present (101)
[2017.11.04-00.38.23:659][ 97]LogHMD: Warning:  SteamVR Compositor had an error on present (101)
[2017.11.04-00.38.23:762][ 98]LogHMD: Warning:  SteamVR Compositor had an error on present (101)
[2017.11.04-00.38.23:865][ 99]LogHMD: Warning:  SteamVR Compositor had an error on present (101)
[2017.11.04-00.38.23:968][100]LogHMD: Warning:  SteamVR Compositor had an error on present (101)
[2017.11.04-00.38.24:070][101]LogHMD: Warning:  SteamVR Compositor had an error on present (101)
[2017.11.04-00.38.24:173][102]LogHMD: Warning:  SteamVR Compositor had an error on present (101)
[2017.11.04-00.38.24:277][103]LogHMD: Warning:  SteamVR Compositor had an error on present (101)
[2017.11.04-00.38.24:380][104]LogHMD: Warning:  SteamVR Compositor had an error on present (101)
[2017.11.04-00.38.24:483][105]LogHMD: Warning:  SteamVR Compositor had an error on present (101)
[2017.11.04-00.38.24:585][106]LogHMD: Warning:  SteamVR Compositor had an error on present (101)
[2017.11.04-00.38.24:689][107]LogHMD: Warning:  SteamVR Compositor had an error on present (101)
[2017.11.04-00.38.24:792][108]LogHMD: Warning:  SteamVR Compositor had an error on present (101)
[2017.11.04-00.38.24:894][109]LogHMD: Warning:  SteamVR Compositor had an error on present (101)
[2017.11.04-00.38.24:998][110]LogHMD: Warning:  SteamVR Compositor had an error on present (101)
[2017.11.04-00.38.25:101][111]LogHMD: Warning:  SteamVR Compositor had an error on present (101)
[2017.11.04-00.38.25:204][112]LogHMD: Warning:  SteamVR Compositor had an error on present (101)
[2017.11.04-00.38.25:307][113]LogHMD: Warning:  SteamVR Compositor had an error on present (101)
[2017.11.04-00.38.25:409][114]LogHMD: Warning:  SteamVR Compositor had an error on present (101)
[2017.11.04-00.38.25:512][115]LogHMD: Warning:  SteamVR Compositor had an error on present (101)
[2017.11.04-00.38.25:614][116]LogHMD: Warning:  SteamVR Compositor had an error on present (101)
[2017.11.04-00.38.25:617][116]LogBlueprintUserMessages: [LightSoldierAttackPosition_221] Light Soldier Damage
[2017.11.04-00.38.25:716][117]LogHMD: Warning:  SteamVR Compositor had an error on present (101)
[2017.11.04-00.38.25:819][118]LogHMD: Warning:  SteamVR Compositor had an error on present (101)
[2017.11.04-00.38.25:922][119]LogHMD: Warning:  SteamVR Compositor had an error on present (101)
[2017.11.04-00.38.26:025][120]LogHMD: Warning:  SteamVR Compositor had an error on present (101)
[2017.11.04-00.38.26:128][121]LogHMD: Warning:  SteamVR Compositor had an error on present (101)
[2017.11.04-00.38.26:230][122]LogHMD: Warning:  SteamVR Compositor had an error on present (101)
[2017.11.04-00.38.26:333][123]LogHMD: Warning:  SteamVR Compositor had an error on present (101)
[2017.11.04-00.38.26:436][124]LogHMD: Warning:  SteamVR Compositor had an error on present (101)
[2017.11.04-00.38.26:438][124]LogBlueprintUserMessages: [Catapult_C_1] Position is taken, cycle through next
[2017.11.04-00.38.26:539][125]LogHMD: Warning:  SteamVR Compositor had an error on present (101)
[2017.11.04-00.38.26:643][126]LogHMD: Warning:  SteamVR Compositor had an error on present (101)
[2017.11.04-00.38.26:746][127]LogHMD: Warning:  SteamVR Compositor had an error on present (101)
[2017.11.04-00.38.26:849][128]LogHMD: Warning:  SteamVR Compositor had an error on present (101)
[2017.11.04-00.38.26:952][129]LogHMD: Warning:  SteamVR Compositor had an error on present (101)
[2017.11.04-00.38.27:055][130]LogHMD: Warning:  SteamVR Compositor had an error on present (101)
[2017.11.04-00.38.27:158][131]LogHMD: Warning:  SteamVR Compositor had an error on present (101)
[2017.11.04-00.38.27:261][131]LogHMD: Warning:  SteamVR Compositor had an error on present (101)
[2017.11.04-00.38.27:365][133]LogHMD: Warning:  SteamVR Compositor had an error on present (101)
[2017.11.04-00.38.27:468][134]LogHMD: Warning:  SteamVR Compositor had an error on present (101)
[2017.11.04-00.38.27:572][135]LogHMD: Warning:  SteamVR Compositor had an error on present (101)
[2017.11.04-00.38.27:675][136]LogHMD: Warning:  SteamVR Compositor had an error on present (101)
[2017.11.04-00.38.27:778][137]LogHMD: Warning:  SteamVR Compositor had an error on present (101)
[2017.11.04-00.38.27:881][138]LogHMD: Warning:  SteamVR Compositor had an error on present (101)
[2017.11.04-00.38.27:984][139]LogHMD: Warning:  SteamVR Compositor had an error on present (101)
[2017.11.04-00.38.28:086][140]LogHMD: Warning:  SteamVR Compositor had an error on present (101)
[2017.11.04-00.38.28:189][141]LogHMD: Warning:  SteamVR Compositor had an error on present (101)
[2017.11.04-00.38.28:292][142]LogHMD: Warning:  SteamVR Compositor had an error on present (101)
[2017.11.04-00.38.28:395][143]LogHMD: Warning:  SteamVR Compositor had an error on present (101)
[2017.11.04-00.38.28:497][144]LogHMD: Warning:  SteamVR Compositor had an error on present (101)
[2017.11.04-00.38.28:600][145]LogHMD: Warning:  SteamVR Compositor had an error on present (101)
[2017.11.04-00.38.28:702][146]LogHMD: Warning:  SteamVR Compositor had an error on present (101)
[2017.11.04-00.38.28:705][146]LogBlueprintUserMessages: [LightSoldierAttackPosition_221] Light Soldier Damage
[2017.11.04-00.38.28:805][147]LogHMD: Warning:  SteamVR Compositor had an error on present (101)
[2017.11.04-00.38.28:908][148]LogHMD: Warning:  SteamVR Compositor had an error on present (101)
[2017.11.04-00.38.29:011][149]LogHMD: Warning:  SteamVR Compositor had an error on present (101)
[2017.11.04-00.38.29:114][150]LogHMD: Warning:  SteamVR Compositor had an error on present (101)
[2017.11.04-00.38.29:216][151]LogHMD: Warning:  SteamVR Compositor had an error on present (101)
[2017.11.04-00.38.29:319][152]LogHMD: Warning:  SteamVR Compositor had an error on present (101)
[2017.11.04-00.38.29:422][153]LogHMD: Warning:  SteamVR Compositor had an error on present (101)
[2017.11.04-00.38.29:525][154]LogHMD: Warning:  SteamVR Compositor had an error on present (101)
[2017.11.04-00.38.29:627][155]LogHMD: Warning:  SteamVR Compositor had an error on present (101)
[2017.11.04-00.38.29:730][156]LogHMD: Warning:  SteamVR Compositor had an error on present (101)
[2017.11.04-00.38.29:833][157]LogHMD: Warning:  SteamVR Compositor had an error on present (101)
[2017.11.04-00.38.29:936][158]LogHMD: Warning:  SteamVR Compositor had an error on present (101)
[2017.11.04-00.38.30:039][159]LogHMD: Warning:  SteamVR Compositor had an error on present (101)
[2017.11.04-00.38.30:142][160]LogHMD: Warning:  SteamVR Compositor had an error on present (101)
[2017.11.04-00.38.30:245][161]LogHMD: Warning:  SteamVR Compositor had an error on present (101)
[2017.11.04-00.38.30:347][162]LogHMD: Warning:  SteamVR Compositor had an error on present (101)
[2017.11.04-00.38.30:451][163]LogHMD: Warning:  SteamVR Compositor had an error on present (101)
[2017.11.04-00.38.30:553][164]LogHMD: Warning:  SteamVR Compositor had an error on present (101)
[2017.11.04-00.38.30:657][165]LogHMD: Warning:  SteamVR Compositor had an error on present (101)
[2017.11.04-00.38.30:759][166]LogHMD: Warning:  SteamVR Compositor had an error on present (101)
[2017.11.04-00.38.30:863][167]LogHMD: Warning:  SteamVR Compositor had an error on present (101)
[2017.11.04-00.38.30:965][168]LogHMD: Warning:  SteamVR Compositor had an error on present (101)
[2017.11.04-00.38.31:069][169]LogHMD: Warning:  SteamVR Compositor had an error on present (101)
[2017.11.04-00.38.31:172][170]LogHMD: Warning:  SteamVR Compositor had an error on present (101)
[2017.11.04-00.38.31:275][171]LogHMD: Warning:  SteamVR Compositor had an error on present (101)
[2017.11.04-00.38.31:378][172]LogHMD: Warning:  SteamVR Compositor had an error on present (101)
[2017.11.04-00.38.31:481][173]LogHMD: Warning:  SteamVR Compositor had an error on present (101)
[2017.11.04-00.38.31:584][174]LogHMD: Warning:  SteamVR Compositor had an error on present (101)
[2017.11.04-00.38.31:687][175]LogHMD: Warning:  SteamVR Compositor had an error on present (101)
[2017.11.04-00.38.31:689][175]LogScript:Warning: Accessed None trying to read property K2Node_DynamicCast_AsArcher_Attack_Position
	ArcherAi_C /Game/VirtualRealityBP/Maps/UEDPIE_0_default.default:PersistentLevel.ArcherAi_C_2
	Function /Game/Vive/Blueprints/AI/ArcherAI/ArcherAi.ArcherAi_C:ExecuteUbergraph_ArcherAi:05F7
[2017.11.04-00.38.31:689][175]PIE:Error: Error Blueprint Runtime Error: Accessed None trying to read property K2Node_DynamicCast_AsArcher_Attack_Position from function: 'ExecuteUbergraph_ArcherAi' from node: SpawnActor Archer AIArrow in graph: EventGraph in object: ArcherAi with description: Accessed None trying to read property K2Node_DynamicCast_AsArcher_Attack_Position
[2017.11.04-00.38.31:689][175]LogScript:Warning: Accessed None trying to read property K2Node_DynamicCast_AsArcher_Attack_Position
	ArcherAi_C /Game/VirtualRealityBP/Maps/UEDPIE_0_default.default:PersistentLevel.ArcherAi_C_2
	Function /Game/Vive/Blueprints/AI/ArcherAI/ArcherAi.ArcherAi_C:ExecuteUbergraph_ArcherAi:06D8
[2017.11.04-00.38.31:689][175]PIE:Error: Error Blueprint Runtime Error: Accessed None trying to read property K2Node_DynamicCast_AsArcher_Attack_Position from function: 'ExecuteUbergraph_ArcherAi' from node: SpawnActor Archer AIArrow in graph: EventGraph in object: ArcherAi with description: Accessed None trying to read property K2Node_DynamicCast_AsArcher_Attack_Position
[2017.11.04-00.38.31:790][176]LogHMD: Warning:  SteamVR Compositor had an error on present (101)
[2017.11.04-00.38.31:792][176]LogBlueprintUserMessages: [LightSoldierAttackPosition_221] Light Soldier Damage
[2017.11.04-00.38.31:893][177]LogHMD: Warning:  SteamVR Compositor had an error on present (101)
[2017.11.04-00.38.31:997][178]LogHMD: Warning:  SteamVR Compositor had an error on present (101)
[2017.11.04-00.38.32:100][179]LogHMD: Warning:  SteamVR Compositor had an error on present (101)
[2017.11.04-00.38.32:202][180]LogHMD: Warning:  SteamVR Compositor had an error on present (101)
[2017.11.04-00.38.32:305][181]LogHMD: Warning:  SteamVR Compositor had an error on present (101)
[2017.11.04-00.38.32:408][182]LogHMD: Warning:  SteamVR Compositor had an error on present (101)
[2017.11.04-00.38.32:512][183]LogHMD: Warning:  SteamVR Compositor had an error on present (101)
[2017.11.04-00.38.32:614][184]LogHMD: Warning:  SteamVR Compositor had an error on present (101)
[2017.11.04-00.38.32:718][185]LogHMD: Warning:  SteamVR Compositor had an error on present (101)
[2017.11.04-00.38.32:820][186]LogHMD: Warning:  SteamVR Compositor had an error on present (101)
[2017.11.04-00.38.32:923][187]LogHMD: Warning:  SteamVR Compositor had an error on present (101)
[2017.11.04-00.38.33:026][188]LogHMD: Warning:  SteamVR Compositor had an error on present (101)
[2017.11.04-00.38.33:129][189]LogHMD: Warning:  SteamVR Compositor had an error on present (101)
[2017.11.04-00.38.33:232][190]LogHMD: Warning:  SteamVR Compositor had an error on present (101)
[2017.11.04-00.38.33:335][191]LogHMD: Warning:  SteamVR Compositor had an error on present (101)
[2017.11.04-00.38.33:438][192]LogHMD: Warning:  SteamVR Compositor had an error on present (101)
[2017.11.04-00.38.33:540][193]LogHMD: Warning:  SteamVR Compositor had an error on present (101)
[2017.11.04-00.38.33:644][194]LogHMD: Warning:  SteamVR Compositor had an error on present (101)
[2017.11.04-00.38.33:746][195]LogHMD: Warning:  SteamVR Compositor had an error on present (101)
[2017.11.04-00.38.33:850][196]LogHMD: Warning:  SteamVR Compositor had an error on present (101)
[2017.11.04-00.38.33:952][197]LogHMD: Warning:  SteamVR Compositor had an error on present (101)
[2017.11.04-00.38.34:055][198]LogHMD: Warning:  SteamVR Compositor had an error on present (101)
[2017.11.04-00.38.34:158][199]LogHMD: Warning:  SteamVR Compositor had an error on present (101)
[2017.11.04-00.38.34:261][200]LogHMD: Warning:  SteamVR Compositor had an error on present (101)
[2017.11.04-00.38.34:364][201]LogHMD: Warning:  SteamVR Compositor had an error on present (101)
[2017.11.04-00.38.34:467][202]LogHMD: Warning:  SteamVR Compositor had an error on present (101)
[2017.11.04-00.38.34:469][202]LogScript:Warning: Accessed None trying to read property K2Node_DynamicCast_AsArcher_Attack_Position
	ArcherAi_C /Game/VirtualRealityBP/Maps/UEDPIE_0_default.default:PersistentLevel.ArcherAi_C_4
	Function /Game/Vive/Blueprints/AI/ArcherAI/ArcherAi.ArcherAi_C:ExecuteUbergraph_ArcherAi:05F7
[2017.11.04-00.38.34:469][202]PIE:Error: Error Blueprint Runtime Error: Accessed None trying to read property K2Node_DynamicCast_AsArcher_Attack_Position from function: 'ExecuteUbergraph_ArcherAi' from node: SpawnActor Archer AIArrow in graph: EventGraph in object: ArcherAi with description: Accessed None trying to read property K2Node_DynamicCast_AsArcher_Attack_Position
[2017.11.04-00.38.34:469][202]LogScript:Warning: Accessed None trying to read property K2Node_DynamicCast_AsArcher_Attack_Position
	ArcherAi_C /Game/VirtualRealityBP/Maps/UEDPIE_0_default.default:PersistentLevel.ArcherAi_C_4
	Function /Game/Vive/Blueprints/AI/ArcherAI/ArcherAi.ArcherAi_C:ExecuteUbergraph_ArcherAi:06D8
[2017.11.04-00.38.34:470][202]PIE:Error: Error Blueprint Runtime Error: Accessed None trying to read property K2Node_DynamicCast_AsArcher_Attack_Position from function: 'ExecuteUbergraph_ArcherAi' from node: SpawnActor Archer AIArrow in graph: EventGraph in object: ArcherAi with description: Accessed None trying to read property K2Node_DynamicCast_AsArcher_Attack_Position
[2017.11.04-00.38.34:570][203]LogHMD: Warning:  SteamVR Compositor had an error on present (101)
[2017.11.04-00.38.34:673][204]LogHMD: Warning:  SteamVR Compositor had an error on present (101)
[2017.11.04-00.38.34:776][205]LogHMD: Warning:  SteamVR Compositor had an error on present (101)
[2017.11.04-00.38.34:879][206]LogHMD: Warning:  SteamVR Compositor had an error on present (101)
[2017.11.04-00.38.34:882][206]LogBlueprintUserMessages: [LightSoldierAttackPosition_221] Light Soldier Damage
[2017.11.04-00.38.34:983][207]LogHMD: Warning:  SteamVR Compositor had an error on present (101)
[2017.11.04-00.38.35:085][208]LogHMD: Warning:  SteamVR Compositor had an error on present (101)
[2017.11.04-00.38.35:188][209]LogHMD: Warning:  SteamVR Compositor had an error on present (101)
[2017.11.04-00.38.35:292][210]LogHMD: Warning:  SteamVR Compositor had an error on present (101)
[2017.11.04-00.38.35:395][211]LogHMD: Warning:  SteamVR Compositor had an error on present (101)
[2017.11.04-00.38.35:498][212]LogHMD: Warning:  SteamVR Compositor had an error on present (101)
[2017.11.04-00.38.35:600][213]LogHMD: Warning:  SteamVR Compositor had an error on present (101)
[2017.11.04-00.38.35:703][214]LogHMD: Warning:  SteamVR Compositor had an error on present (101)
[2017.11.04-00.38.35:806][215]LogHMD: Warning:  SteamVR Compositor had an error on present (101)
[2017.11.04-00.38.35:909][216]LogHMD: Warning:  SteamVR Compositor had an error on present (101)
[2017.11.04-00.38.36:011][217]LogHMD: Warning:  SteamVR Compositor had an error on present (101)
[2017.11.04-00.38.36:015][217]LogBlueprintUserMessages: Early EndPlayMap Detection: Level '/Game/VirtualRealityBP/Maps/default.default:PersistentLevel' has LevelScriptBlueprint '/Game/VirtualRealityBP/Maps/default.default:PersistentLevel.default' with GeneratedClass '/Game/VirtualRealityBP/Maps/default.default_C' with ClassGeneratedBy '/Game/VirtualRealityBP/Maps/default.default:PersistentLevel.default'
[2017.11.04-00.38.36:455][217]LogBlueprintUserMessages: Late EndPlayMap Detection: Level '/Game/VirtualRealityBP/Maps/default.default:PersistentLevel' has LevelScriptBlueprint '/Game/VirtualRealityBP/Maps/default.default:PersistentLevel.default' with GeneratedClass '/Game/VirtualRealityBP/Maps/default.default_C' with ClassGeneratedBy '/Game/VirtualRealityBP/Maps/default.default:PersistentLevel.default'
[2017.11.04-00.38.57:062][430]LogAudio:Warning: Current Audio Device with ID {0.0.0.00000000}.{4c0f9b5a-57e0-411c-bb39-09b3e3abb42e} was removed. Shutting down audio device.
[2017.11.04-00.39.34:223][786]LogTemp: Repeting last play command: VR Preview
[2017.11.04-00.39.34:248][786]LogBlueprintUserMessages: Early PlayInEditor Detection: Level '/Game/VirtualRealityBP/Maps/default.default:PersistentLevel' has LevelScriptBlueprint '/Game/VirtualRealityBP/Maps/default.default:PersistentLevel.default' with GeneratedClass '/Game/VirtualRealityBP/Maps/default.default_C' with ClassGeneratedBy '/Game/VirtualRealityBP/Maps/default.default:PersistentLevel.default'
[2017.11.04-00.39.34:248][786]LogPlayLevel: PlayLevel: No blueprints needed recompiling
[2017.11.04-00.39.34:248][786]PIE: New page: PIE session: default (Nov 3, 2017, 10:39:34 AM)
[2017.11.04-00.39.34:249][786]LogPlayLevel: Creating play world package: /Game/VirtualRealityBP/Maps/UEDPIE_0_default
[2017.11.04-00.39.34:407][786]LogPlayLevel: PIE: StaticDuplicateObject took: (0.158036s)
[2017.11.04-00.39.34:408][786]LogAIModule: Creating AISystem for world default
[2017.11.04-00.39.34:408][786]LogPlayLevel: PIE: World Init took: (0.001383s)
[2017.11.04-00.39.34:409][786]LogPlayLevel: PIE: Created PIE world by copying editor world from /Game/VirtualRealityBP/Maps/default.default to /Game/VirtualRealityBP/Maps/UEDPIE_0_default.default (0.160831s)
[2017.11.04-00.39.34:429][786]LogInit: XAudio2 using 'HTC-VIVE-0 (NVIDIA High Definition Audio)' : 2 channels at 48 kHz using 16 bits per sample (channel mask 0x3)
[2017.11.04-00.39.34:437][786]LogInit: FAudioDevice initialized.
[2017.11.04-00.39.35:029][786]LogHMD: SteamVR initialized.  Driver: lighthouse  Display: LHR-A4D81BA4
[2017.11.04-00.39.35:061][786]LogLoad: Game class is 'ViveGameMode_C'
[2017.11.04-00.39.35:072][786]LogWorld: Bringing World /Game/VirtualRealityBP/Maps/UEDPIE_0_default.default up for play (max tick rate 0) at 2017.11.03-17.39.35
[2017.11.04-00.39.35:073][786]LogWorld: Bringing up level for play took: 0.011793
[2017.11.04-00.39.35:074][786]LogGameMode:Display: Match State Changed from EnteringMap to WaitingToStart
[2017.11.04-00.39.35:074][786]LogGameState: Match State Changed from EnteringMap to WaitingToStart
[2017.11.04-00.39.35:074][786]LogGameMode:Display: Match State Changed from WaitingToStart to InProgress
[2017.11.04-00.39.35:077][786]LogGameState: Match State Changed from WaitingToStart to InProgress
[2017.11.04-00.39.35:081][786]PIE: Info Play in editor start time for /Game/VirtualRealityBP/Maps/UEDPIE_0_default -0.076
[2017.11.04-00.39.35:082][786]LogBlueprintUserMessages: Late PlayInEditor Detection: Level '/Game/VirtualRealityBP/Maps/default.default:PersistentLevel' has LevelScriptBlueprint '/Game/VirtualRealityBP/Maps/default.default:PersistentLevel.default' with GeneratedClass '/Game/VirtualRealityBP/Maps/default.default_C' with ClassGeneratedBy '/Game/VirtualRealityBP/Maps/default.default:PersistentLevel.default'
[2017.11.04-00.39.35:084][786]LogBlueprintUserMessages: [PlayerCollision_11] CollisionCastFailed
[2017.11.04-00.39.35:204][787]LogCharacterMovement:Warning: GetSimulationTimeStep() - Max iterations 8 hit while remaining time 0.095981 > MaxSimulationTimeStep (0.050) for 'LightSoldierAI_2', movement 'Walking'
[2017.11.04-00.39.35:204][787]LogCharacterMovement:Warning: GetSimulationTimeStep() - Max iterations 8 hit while remaining time 0.095980 > MaxSimulationTimeStep (0.050) for 'LightSoldierAI2', movement 'Walking'
[2017.11.04-00.39.36:465][893]LogBlueprintUserMessages: [Catapult_C_0] Handle1
[2017.11.04-00.39.36:465][893]LogScript:Warning: Accessed None trying to read property Catapult
	SoldierAI_C /Game/VirtualRealityBP/Maps/UEDPIE_0_default.default:PersistentLevel.SoldierAI_C_0
	Function /Game/Vive/Blueprints/AI/SoldierAIHeavy/SoldierAI.SoldierAI_C:ExecuteUbergraph_SoldierAI:0D92
[2017.11.04-00.39.36:465][893]PIE:Error: Error Blueprint Runtime Error: Accessed None trying to read property Catapult from function: 'ExecuteUbergraph_SoldierAI' from node: Branch in graph: EventGraph in object: SoldierAI with description: Accessed None trying to read property Catapult
[2017.11.04-00.39.36:678][912]LogBlueprintUserMessages: [Catapult_C_0] Handle2
[2017.11.04-00.39.40:229][230]LogBlueprintUserMessages: [BatteringRamOld_C_0] Handle1
[2017.11.04-00.39.40:441][249]LogBlueprintUserMessages: [BatteringRamOld_C_0] Handle2
[2017.11.04-00.39.41:134][311]LogBlueprintUserMessages: [LightSoldierAttackPosition_221] Light Soldier Damage
[2017.11.04-00.39.44:141][580]LogBlueprintUserMessages: [LightSoldierAttackPosition_221] Light Soldier Damage
[2017.11.04-00.39.44:153][581]LogBlueprintUserMessages: [Catapult_C_1] Handle1
[2017.11.04-00.39.44:153][581]LogScript:Warning: Accessed None trying to read property Catapult
	SoldierAI_C /Game/VirtualRealityBP/Maps/UEDPIE_0_default.default:PersistentLevel.SoldierAI_C_4
	Function /Game/Vive/Blueprints/AI/SoldierAIHeavy/SoldierAI.SoldierAI_C:ExecuteUbergraph_SoldierAI:0D92
[2017.11.04-00.39.44:153][581]PIE:Error: Error Blueprint Runtime Error: Accessed None trying to read property Catapult from function: 'ExecuteUbergraph_SoldierAI' from node: Branch in graph: EventGraph in object: SoldierAI with description: Accessed None trying to read property Catapult
[2017.11.04-00.39.44:365][600]LogBlueprintUserMessages: [Catapult_C_1] Handle2
[2017.11.04-00.39.47:146][849]LogBlueprintUserMessages: [LightSoldierAttackPosition_221] Light Soldier Damage
[2017.11.04-00.39.48:241][947]LogBlueprintUserMessages: [BatteringRamOld_C_1] Handle1
[2017.11.04-00.39.48:454][966]LogBlueprintUserMessages: [BatteringRamOld_C_1] Handle2
[2017.11.04-00.39.50:151][118]LogBlueprintUserMessages: [LightSoldierAttackPosition_221] Light Soldier Damage
[2017.11.04-00.39.53:156][387]LogBlueprintUserMessages: [LightSoldierAttackPosition_221] Light Soldier Damage
[2017.11.04-00.39.56:161][656]LogBlueprintUserMessages: [LightSoldierAttackPosition_221] Light Soldier Damage
[2017.11.04-00.39.59:164][925]LogBlueprintUserMessages: [LightSoldierAttackPosition_221] Light Soldier Damage
[2017.11.04-00.40.02:170][194]LogBlueprintUserMessages: [LightSoldierAttackPosition_221] Light Soldier Damage
[2017.11.04-00.40.05:174][463]LogBlueprintUserMessages: [LightSoldierAttackPosition_221] Light Soldier Damage
[2017.11.04-00.40.08:178][732]LogBlueprintUserMessages: [LightSoldierAttackPosition_221] Light Soldier Damage
[2017.11.04-00.40.09:040][809]LogBlueprintUserMessages: Early EndPlayMap Detection: Level '/Game/VirtualRealityBP/Maps/default.default:PersistentLevel' has LevelScriptBlueprint '/Game/VirtualRealityBP/Maps/default.default:PersistentLevel.default' with GeneratedClass '/Game/VirtualRealityBP/Maps/default.default_C' with ClassGeneratedBy '/Game/VirtualRealityBP/Maps/default.default:PersistentLevel.default'
[2017.11.04-00.40.09:183][809]LogBlueprintUserMessages: Late EndPlayMap Detection: Level '/Game/VirtualRealityBP/Maps/default.default:PersistentLevel' has LevelScriptBlueprint '/Game/VirtualRealityBP/Maps/default.default:PersistentLevel.default' with GeneratedClass '/Game/VirtualRealityBP/Maps/default.default_C' with ClassGeneratedBy '/Game/VirtualRealityBP/Maps/default.default:PersistentLevel.default'
