Log file open, 09/12/17 02:16:01
LogInit:Display: Running engine for game: CastleGuardReborn
LogPlatformFile: Not using cached read wrapper
LogInit:Display: RandInit(-2094352340) SRandInit(-2094352340).
LogTaskGraph: Started task graph with 5 named threads and 8 total threads with 1 sets of task threads.
LogStats: Stats thread started at 0.086399
LogInit: Using libcurl 7.47.1
LogInit:  - built for x86_64-pc-win32
LogInit:  - supports SSL with OpenSSL/1.0.2g
LogInit:  - supports HTTP deflate (compression) using libz 1.2.8
LogInit:  - other features:
LogInit:      CURL_VERSION_SSL
LogInit:      CURL_VERSION_LIBZ
LogInit:      CURL_VERSION_IPV6
LogInit:      CURL_VERSION_ASYNCHDNS
LogInit:      CURL_VERSION_LARGEFILE
LogInit:      CURL_VERSION_IDN
LogInit:  CurlRequestOptions (configurable via config and command line):
LogInit:  - bVerifyPeer = false  - Libcurl will NOT verify peer certificate
LogInit:  - bUseHttpProxy = false  - Libcurl will NOT use HTTP proxy
LogInit:  - bDontReuseConnections = false  - Libcurl will reuse connections
LogInit:  - CertBundlePath = nullptr  - Libcurl will use whatever was configured at build time.
LogInit: Build: ++UE4+Release-4.16-CL-3514769
LogInit: Engine Version: 4.16.2-3514769+++UE4+Release-4.16
LogInit: Compatible Engine Version: 4.16.0-3452394+++UE4+Release-4.16
LogInit: Net CL: 3452394
LogDevObjectVersion: Number of dev versions registered: 16
LogDevObjectVersion:   Dev-Blueprints (B0D832E4-1F89-4F0D-ACCF-7EB736FD4AA2): 9
LogDevObjectVersion:   Dev-Build (E1C64328-A22C-4D53-A36C-8E866417BD8C): 0
LogDevObjectVersion:   Dev-Core (375EC13C-06E4-48FB-B500-84F0262A717E): 2
LogDevObjectVersion:   Dev-Editor (E4B068ED-F494-42E9-A231-DA0B2E46BB41): 17
LogDevObjectVersion:   Dev-Framework (CFFC743F-43B0-4480-9391-14DF171D2073): 23
LogDevObjectVersion:   Dev-Mobile (B02B49B5-BB20-44E9-A304-32B752E40360): 0
LogDevObjectVersion:   Dev-Networking (A4E4105C-59A1-49B5-A7C5-40C4547EDFEE): 0
LogDevObjectVersion:   Dev-Online (39C831C9-5AE6-47DC-9A44-9C173E1C8E7C): 0
LogDevObjectVersion:   Dev-Physics (78F01B33-EBEA-4F98-B9B4-84EACCB95AA2): 0
LogDevObjectVersion:   Dev-Platform (6631380F-2D4D-43E0-8009-CF276956A95A): 0
LogDevObjectVersion:   Dev-Rendering (12F88B9F-8875-4AFC-A67C-D90C383ABD29): 15
LogDevObjectVersion:   Dev-Sequencer (7B5AE74C-D270-4C10-A958-57980B212A5A): 4
LogDevObjectVersion:   Dev-VR (D7296918-1DD6-4BDD-9DE2-64A83CC13884): 0
LogDevObjectVersion:   Dev-LoadTimes (C2A15278-BFE7-4AFE-6C17-90FF531DF755): 1
LogDevObjectVersion:   Private-Geometry (6EACA3D4-40EC-4CC1-B786-8BED09428FC5): 1
LogDevObjectVersion:   Dev-AnimPhys (29E575DD-E0A3-4627-9D10-D276232CDCEA): 3
LogInit: Compiled (64-bit): Jun 29 2017 02:03:24
LogInit: Compiled with Visual C++: 19.00.24215.01
LogInit: Build Configuration: Development
LogInit: Branch Name: ++UE4+Release-4.16
LogInit: Command line:  
LogInit: Base directory: C:/Program Files/Epic Games/UE_4.16/Engine/Binaries/Win64/
LogInit: Installed Engine Build: 1
LogInit: Presizing for max 8388607 objects, including 0 objects not considered by GC, pre-allocating 0 bytes for permanent pool.
LogInit: Object subsystem initialized
[2017.09.12-09.16.01:481][  0]LogInit: Selected Device Profile: [Windows]
[2017.09.12-09.16.01:481][  0]LogInit: Applying CVar settings loaded from the selected device profile: [Windows]
[2017.09.12-09.16.01:491][  0]LogInit: Computer: LCIVAN-238-00
[2017.09.12-09.16.01:491][  0]LogInit: User: studentuser
[2017.09.12-09.16.01:491][  0]LogInit: CPU Page size=4096, Cores=4
[2017.09.12-09.16.01:491][  0]LogInit: High frequency timer resolution =4.101565 MHz
[2017.09.12-09.16.01:491][  0]LogMemory: Memory total: Physical=15.9GB (16GB approx)
[2017.09.12-09.16.01:491][  0]LogMemory: Platform Memory Stats for Windows
[2017.09.12-09.16.01:491][  0]LogMemory: Process Physical Memory: 274.57 MB used, 274.57 MB peak
[2017.09.12-09.16.01:491][  0]LogMemory: Process Virtual Memory: 260.77 MB used, 260.77 MB peak
[2017.09.12-09.16.01:491][  0]LogMemory: Physical Memory: 7313.37 MB used,  8970.08 MB free, 16283.45 MB total
[2017.09.12-09.16.01:491][  0]LogMemory: Virtual Memory: 638.49 MB used,  8970.08 MB free, 134217728.00 MB total
[2017.09.12-09.16.01:561][  0]LogInit: Using OS detected language (en-US).
[2017.09.12-09.16.01:561][  0]LogInit: Using OS detected locale (en-CA).
[2017.09.12-09.16.01:563][  0]LogTextLocalizationManager: No specific localization for 'en-US' exists, so the 'en' localization will be used.
[2017.09.12-09.16.02:345][  0]LogD3D11RHI: D3D11 adapters:
[2017.09.12-09.16.02:382][  0]LogD3D11RHI:    0. 'NVIDIA GeForce GTX 1070' (Feature Level 11_0)
[2017.09.12-09.16.02:382][  0]LogD3D11RHI:       8120/0/8141 MB DedicatedVideo/DedicatedSystem/SharedSystem, Outputs:1, VendorId:0x10de
[2017.09.12-09.16.02:388][  0]LogD3D11RHI:    1. 'Intel(R) HD Graphics 630' (Feature Level 11_0)
[2017.09.12-09.16.02:388][  0]LogD3D11RHI:       128/0/8141 MB DedicatedVideo/DedicatedSystem/SharedSystem, Outputs:0, VendorId:0x8086
[2017.09.12-09.16.02:389][  0]LogD3D11RHI:    2. 'Microsoft Basic Render Driver' (Feature Level 11_0)
[2017.09.12-09.16.02:389][  0]LogD3D11RHI:       0/0/8141 MB DedicatedVideo/DedicatedSystem/SharedSystem, Outputs:0, VendorId:0x1414
[2017.09.12-09.16.02:389][  0]LogD3D11RHI: Chosen D3D11 Adapter: 0
[2017.09.12-09.16.02:398][  0]LogD3D11RHI: Creating new Direct3DDevice
[2017.09.12-09.16.02:398][  0]LogD3D11RHI:     GPU DeviceId: 0x1b81 (for the marketing name, search the web for "GPU Device Id")
[2017.09.12-09.16.02:398][  0]LogWindows: EnumDisplayDevices:
[2017.09.12-09.16.02:399][  0]LogWindows:    0. 'NVIDIA GeForce GTX 1070' (P:1 D:1)
[2017.09.12-09.16.02:399][  0]LogWindows:    1. 'NVIDIA GeForce GTX 1070' (P:0 D:0)
[2017.09.12-09.16.02:399][  0]LogWindows:    2. 'NVIDIA GeForce GTX 1070' (P:0 D:0)
[2017.09.12-09.16.02:399][  0]LogWindows:    3. 'NVIDIA GeForce GTX 1070' (P:0 D:0)
[2017.09.12-09.16.02:399][  0]LogWindows:    4. 'Intel(R) HD Graphics 630' (P:0 D:0)
[2017.09.12-09.16.02:399][  0]LogWindows:    5. 'Intel(R) HD Graphics 630' (P:0 D:0)
[2017.09.12-09.16.02:399][  0]LogWindows:    6. 'Intel(R) HD Graphics 630' (P:0 D:0)
[2017.09.12-09.16.02:399][  0]LogWindows: DebugString: PrimaryIsNotTheChoosenAdapter PrimaryIsNotTheChoosenAdapter PrimaryIsNotTheChoosenAdapter FoundDriverCount:4 
[2017.09.12-09.16.02:399][  0]LogD3D11RHI:     Adapter Name: NVIDIA GeForce GTX 1070
[2017.09.12-09.16.02:399][  0]LogD3D11RHI:   Driver Version: 382.05 (internal:22.21.13.8205, unified:382.05)
[2017.09.12-09.16.02:399][  0]LogD3D11RHI:      Driver Date: 5-1-2017
[2017.09.12-09.16.02:399][  0]LogRHI: Texture pool is 1361 MB (70% of 1945 MB)
[2017.09.12-09.16.02:424][  0]LogD3D11RHI: Async texture creation enabled
[2017.09.12-09.16.02:433][  0]LogD3D11RHI: GPU Timing Frequency: 1000.000000 (Debug: 2 1)
[2017.09.12-09.16.02:482][  0]LogShaderCompilers: Guid format shader working directory is -6 characters bigger than the processId version (D:/CastleGuardCurrent/CastleGuardPhase2/CastleGuardReborn/Intermediate/Shaders/WorkingDirectory/15376/).
[2017.09.12-09.16.02:482][  0]LogShaderCompilers: Cleaned the shader compiler working directory 'C:/Users/studentuser/AppData/Local/Temp/UnrealShaderWorkingDir/662FA8924FAA496FFBAD9C9F859A318B/'.
[2017.09.12-09.16.02:482][  0]LogShaderCompilers:Display: Using Local Shader Compiler.
[2017.09.12-09.16.03:299][  0]LogTemp:Display: Loaded TP AllDesktopTargetPlatform
[2017.09.12-09.16.03:336][  0]LogTemp:Display: Loaded TP MacClientTargetPlatform
[2017.09.12-09.16.03:372][  0]LogTemp:Display: Loaded TP MacNoEditorTargetPlatform
[2017.09.12-09.16.03:409][  0]LogTemp:Display: Loaded TP MacServerTargetPlatform
[2017.09.12-09.16.03:447][  0]LogTemp:Display: Loaded TP MacTargetPlatform
[2017.09.12-09.16.03:483][  0]LogTemp:Display: Loaded TP WindowsClientTargetPlatform
[2017.09.12-09.16.03:520][  0]LogTemp:Display: Loaded TP WindowsNoEditorTargetPlatform
[2017.09.12-09.16.03:558][  0]LogTemp:Display: Loaded TP WindowsServerTargetPlatform
[2017.09.12-09.16.03:592][  0]LogTemp:Display: Loaded TP WindowsTargetPlatform
[2017.09.12-09.16.03:631][  0]LogTemp:Display: Loaded TP AndroidTargetPlatform
[2017.09.12-09.16.03:667][  0]LogTemp:Display: Loaded TP Android_ASTCTargetPlatform
[2017.09.12-09.16.03:704][  0]LogTemp:Display: Loaded TP Android_ATCTargetPlatform
[2017.09.12-09.16.03:742][  0]LogTemp:Display: Loaded TP Android_DXTTargetPlatform
[2017.09.12-09.16.03:779][  0]LogTemp:Display: Loaded TP Android_ETC1TargetPlatform
[2017.09.12-09.16.03:817][  0]LogTemp:Display: Loaded TP Android_ETC2TargetPlatform
[2017.09.12-09.16.03:890][  0]LogTemp:Display: Loaded TP Android_MultiTargetPlatform
[2017.09.12-09.16.03:890][  0]LogTemp:Display: Loaded TP Android_PVRTCTargetPlatform
[2017.09.12-09.16.03:917][  0]LogTemp:Display: Loaded TP HTML5TargetPlatform
[2017.09.12-09.16.03:992][  0]LogTemp:Display: Loaded TP IOSTargetPlatform
[2017.09.12-09.16.04:014][  0]LogTemp:Display: Loaded TP TVOSTargetPlatform
[2017.09.12-09.16.04:048][  0]LogTemp:Display: Loaded TP LinuxClientTargetPlatform
[2017.09.12-09.16.04:084][  0]LogTemp:Display: Loaded TP LinuxNoEditorTargetPlatform
[2017.09.12-09.16.04:122][  0]LogTemp:Display: Loaded TP LinuxServerTargetPlatform
[2017.09.12-09.16.04:158][  0]LogTemp:Display: Loaded TP LinuxTargetPlatform
[2017.09.12-09.16.04:158][  0]LogTargetPlatformManager:Display: Building Assets For Windows
[2017.09.12-09.16.04:519][  0]LogDerivedDataCache:Display: Max Cache Size: 512 MB
[2017.09.12-09.16.04:621][  0]LogDerivedDataCache: Loaded boot cache 0.10s 90MB C:/Users/studentuser/AppData/Local/UnrealEngine/4.16/DerivedDataCache/Boot.ddc.
[2017.09.12-09.16.04:621][  0]LogDerivedDataCache:Display: Loaded Boot cache: C:/Users/studentuser/AppData/Local/UnrealEngine/4.16/DerivedDataCache/Boot.ddc
[2017.09.12-09.16.04:622][  0]LogDerivedDataCache: FDerivedDataBackendGraph:  Pak pak cache file D:/CastleGuardCurrent/CastleGuardPhase2/CastleGuardReborn/DerivedDataCache/DDC.ddp not found, will not use a pak cache.
[2017.09.12-09.16.04:622][  0]LogDerivedDataCache: Unable to find inner node Pak for hierarchical cache Hierarchy.
[2017.09.12-09.16.04:622][  0]LogDerivedDataCache: FDerivedDataBackendGraph:  CompressedPak pak cache file D:/CastleGuardCurrent/CastleGuardPhase2/CastleGuardReborn/DerivedDataCache/Compressed.ddp not found, will not use a pak cache.
[2017.09.12-09.16.04:622][  0]LogDerivedDataCache: Unable to find inner node CompressedPak for hierarchical cache Hierarchy.
[2017.09.12-09.16.04:634][  0]LogDerivedDataCache:Display: Pak cache opened for reading ../../../Engine/DerivedDataCache/Compressed.ddp.
[2017.09.12-09.16.04:645][  0]LogDerivedDataCache: Using Local data cache path C:/Users/studentuser/AppData/Local/UnrealEngine/Common/DerivedDataCache: Writable
[2017.09.12-09.16.04:654][  0]LogMaterial: Verifying Global Shaders for PCD3D_SM5
[2017.09.12-09.16.04:654][  0]LogSlate: Using Freetype 2.6.0
[2017.09.12-09.16.04:655][  0]LogSlate: SlateFontCache - WITH_FREETYPE: 1, WITH_HARFBUZZ: 1
[2017.09.12-09.16.04:655][  0]LogSlate: SlateFontCache - WITH_FREETYPE: 1, WITH_HARFBUZZ: 1
[2017.09.12-09.16.04:894][  0]LogInit: Selected Device Profile: [Windows]
[2017.09.12-09.16.04:967][  0]LogContentStreaming: Texture pool size is 0.00 MB
[2017.09.12-09.16.05:086][  0]LogMeshUtilities: Using QuadricMeshReduction for automatic static mesh reduction
[2017.09.12-09.16.05:123][  0]LogSimplygon: Simplygon DLL not present - disabling.
[2017.09.12-09.16.05:159][  0]LogMeshUtilities: Using SimplygonSwarm for distributed automatic mesh merging
[2017.09.12-09.16.05:159][  0]LogMeshUtilities: No automatic skeletal mesh reduction module available
[2017.09.12-09.16.05:159][  0]LogMeshUtilities: No automatic mesh merging module available
[2017.09.12-09.16.05:604][  0]LogNetVersion: CastleGuardReborn , NetCL: 3452394, EngineNetVer: 2, GameNetVer: 0 (Checksum: 2303850599)
[2017.09.12-09.16.05:661][  0]LogAssetRegistry: FAssetRegistry took 0.0247 seconds to start up
[2017.09.12-09.16.05:707][  0]LogPackageLocalizationCache: Processed 4 localized package path(s) for 2 prioritized culture(s) in 0.026626 seconds
[2017.09.12-09.16.05:712][  0]LogUObjectArray: 34194 objects as part of root set at end of initial load.
[2017.09.12-09.16.05:712][  0]LogUObjectAllocator: 7260424 out of 0 bytes used by permanent object pool.
[2017.09.12-09.16.05:712][  0]LogUObjectArray: CloseDisregardForGC: 0/0 objects in disregard for GC pool
[2017.09.12-09.16.05:758][  0]LogInit: WinSock: version 1.1 (2.2), MaxSocks=32767, MaxUdp=65467
[2017.09.12-09.16.07:529][  0]LogTcpMessaging: Initializing TcpMessaging bridge
[2017.09.12-09.16.07:560][  0]LogUdpMessaging: Initializing bridge on interface 0.0.0.0:0 to multicast group 230.0.0.1:6666.
[2017.09.12-09.16.07:951][  0]LogMaterial: Uniform references updated for custom material expression Custom.
[2017.09.12-09.16.08:242][  0]SourceControl: Info Source control is disabled
[2017.09.12-09.16.08:277][  0]SourceControl: Info Source control is disabled
[2017.09.12-09.16.08:312][  0]SourceControl: Info Source control is disabled
[2017.09.12-09.16.08:347][  0]SourceControl: Info Source control is disabled
[2017.09.12-09.16.08:831][  0]LogAndroidPermission: UAndroidPermissionCallbackProxy::GetInstance
[2017.09.12-09.16.09:260][  0]LogEngine: Initializing Engine...
[2017.09.12-09.16.09:827][  0]LogHMD: SteamVR initialized.  Driver: lighthouse  Display: LHR-A4D81BA4
[2017.09.12-09.16.09:995][  0]LogStats: UGameplayTagsManager::ConstructGameplayTagTree: Construct from data asset -  0.000 s
[2017.09.12-09.16.09:995][  0]LogStats: UGameplayTagsManager::ConstructGameplayTagTree: GameplayTagTreeChangedEvent.Broadcast -  0.000 s
[2017.09.12-09.16.10:088][  0]LogAIModule: Creating AISystem for world Untitled
[2017.09.12-09.16.10:099][  0]LogInit: XAudio2 using 'Speakers (USB Audio Device)' : 2 channels at 48 kHz using 16 bits per sample (channel mask 0x3)
[2017.09.12-09.16.10:116][  0]LogInit: FAudioDevice initialized.
[2017.09.12-09.16.10:158][  0]LogDerivedDataCache: Saved boot cache 0.04s 90MB C:/Users/studentuser/AppData/Local/UnrealEngine/4.16/DerivedDataCache/Boot.ddc.
[2017.09.12-09.16.10:174][  0]LogInit: Texture streaming: Enabled
[2017.09.12-09.16.10:238][  0]LogEngineSessionManager: EngineSessionManager initialized
[2017.09.12-09.16.10:386][  0]LogInit: Transaction tracking system initialized
[2017.09.12-09.16.10:591][  0]BlueprintLog: New page: Editor Load
[2017.09.12-09.16.11:239][  0]LocalizationService: Info Localization service is disabled
[2017.09.12-09.16.11:705][  0]LogConsoleResponse:Display: 
[2017.09.12-09.16.11:802][  0]LogCook:Display: Max memory allowance for cook 16384mb min free memory 0mb
[2017.09.12-09.16.11:803][  0]LogCook:Display: Mobile HDR setting 1
[2017.09.12-09.16.12:481][  0]SourceControl: Info Source control is disabled
[2017.09.12-09.16.12:481][  0]Cmd: MAP LOAD FILE="D:/CastleGuardCurrent/CastleGuardPhase2/CastleGuardReborn/Content/Vive/Maps/default.umap" TEMPLATE=0 SHOWPROGRESS=1 FEATURELEVEL=3
[2017.09.12-09.16.12:482][  0]LightingResults: New page: Lighting Build
[2017.09.12-09.16.12:509][  0]MapCheck: New page: Map Check
[2017.09.12-09.16.12:510][  0]LightingResults: New page: Lighting Build
[2017.09.12-09.16.12:602][  0]LogBlueprint:Error: [Compiler CatapultFiringPosition1] Error This blueprint (self) is not a SplineComponent, therefore ' Target ' must have a connection.
[2017.09.12-09.16.12:602][  0]LogBlueprint:Error: [Compiler CatapultFiringPosition1] Error This blueprint (self) is not a SplineComponent, therefore ' Target ' must have a connection.
[2017.09.12-09.16.12:602][  0]LogBlueprint:Error: [Compiler CatapultFiringPosition1] Error This blueprint (self) is not a SplineComponent, therefore ' Target ' must have a connection.
[2017.09.12-09.16.12:602][  0]LogBlueprint:Error: [Compiler CatapultFiringPosition1] Error This blueprint (self) is not a SceneComponent, therefore ' Target ' must have a connection.
[2017.09.12-09.16.12:603][  0]LogBlueprint:Error: [Compiler CatapultFiringPosition1] Error This blueprint (self) is not a SplineComponent, therefore ' Target ' must have a connection.
[2017.09.12-09.16.12:603][  0]LogBlueprint:Error: [Compiler CatapultFiringPosition1] Error This blueprint (self) is not a SplineComponent, therefore ' Target ' must have a connection.
[2017.09.12-09.16.12:607][  0]LogBlueprint:Warning: [Compiler CatapultFiringPosition1] Warning [0012.64] Compile of CatapultFiringPosition1 failed. 6 Fatal Issue(s) 0 Warning(s) [in 9 ms] (/Game/Vive/Blueprints/AI/CatapultProjectiles/CatapultFiringPosition1.CatapultFiringPosition1)
[2017.09.12-09.16.12:607][  0]LogBlueprint:Warning: [Compiler CatapultFiringPosition1] Warning [0012.64] Compile of CatapultFiringPosition1 failed. 6 Fatal Issue(s) 1 Warning(s) [in 0 ms] (/Game/Vive/Blueprints/AI/CatapultProjectiles/CatapultFiringPosition1.CatapultFiringPosition1)
[2017.09.12-09.16.12:607][  0]LogBlueprint:Warning: [Compiler CatapultFiringPosition1] Warning [0012.64] Compile of CatapultFiringPosition1 failed. 6 Fatal Issue(s) 2 Warning(s) [in 0 ms] (/Game/Vive/Blueprints/AI/CatapultProjectiles/CatapultFiringPosition1.CatapultFiringPosition1)
[2017.09.12-09.16.13:537][  0]LogClass:Warning: Enum '/Game/Vive/Blueprints/Enum_GameStatus.Enum_GameStatus' was upgraded to use FText to store its display name data. Please re-save this asset to avoid issues with localization and determinstic cooking.
[2017.09.12-09.16.13:756][  0]LogAIModule: Creating AISystem for world default
[2017.09.12-09.16.13:858][  0]LogEditorServer: Finished looking for orphan Actors (0.000 secs)
[2017.09.12-09.16.13:924][  0]Cmd: MAP CHECKDEP NOCLEARLOG
[2017.09.12-09.16.13:960][  0]MapCheck: Info Map check complete: 0 Error(s), 0 Warning(s), took 35.846ms to complete.
[2017.09.12-09.16.13:960][  0]LogFileHelpers: Loading map 'default' took 1.478
[2017.09.12-09.16.14:025][  0]LogWindowsTextInputMethodSystem:Display: IME system now deactivated.
[2017.09.12-09.16.14:081][  0]LogCollectionManager: Loaded 0 collections in 0.000971 seconds
[2017.09.12-09.16.14:143][  0]LogFileCache: Scanning file cache for directory 'D:/CastleGuardCurrent/CastleGuardPhase2/CastleGuardReborn/Saved/Collections/' took 0.01s
[2017.09.12-09.16.14:143][  0]LogFileCache: Scanning file cache for directory 'D:/CastleGuardCurrent/CastleGuardPhase2/CastleGuardReborn/Content/Developers/studentuser/Collections/' took 0.01s
[2017.09.12-09.16.14:143][  0]LogFileCache: Scanning file cache for directory 'D:/CastleGuardCurrent/CastleGuardPhase2/CastleGuardReborn/Content/Collections/' took 0.01s
[2017.09.12-09.16.14:143][  0]LogCollectionManager: Rebuilt the GUID cache for 0 collections in 0.000001 seconds
[2017.09.12-09.16.14:150][  0]LogContentBrowser: Native class hierarchy populated in 0.0063 seconds. Added 2329 classes and 491 folders.
[2017.09.12-09.16.14:194][  0]LogContentBrowser: Native class hierarchy updated for 'WidgetCarousel' in 0.0004 seconds. Added 0 classes and 0 folders.
[2017.09.12-09.16.14:217][  0]LogContentBrowser: Native class hierarchy updated for 'AddContentDialog' in 0.0004 seconds. Added 0 classes and 0 folders.
[2017.09.12-09.16.14:248][  0]LogContentBrowser: Native class hierarchy updated for 'SceneOutliner' in 0.0004 seconds. Added 1 classes and 2 folders.
[2017.09.12-09.16.14:276][  0]LogCrashTracker: Crashtracker disabled due to settings.
[2017.09.12-09.16.14:954][  0]LogSlate: Only BGRA pngs, bmps or icos are supported in by External Image Picker
[2017.09.12-09.16.14:987][  0]LogTemp: Executing iPhonePackager certificates Engine -bundlename com.YourCompany.CastleGuardReborn
[2017.09.12-09.16.14:987][  0]LogTemp: CWD: C:\Program Files\Epic Games\UE_4.16\Engine\Binaries\DotNET\IOS
[2017.09.12-09.16.14:987][  0]LogTemp: Initial Dir: C:\Program Files\Epic Games\UE_4.16
[2017.09.12-09.16.14:987][  0]LogTemp: Env CWD: C:\Program Files\Epic Games\UE_4.16\Engine\Binaries\DotNET\IOS
[2017.09.12-09.16.14:987][  0]LogTemp: BranchPath = LCIVAN-238-00/C/Program Files/Epic Games/UE_4.16/Engine/Binaries --- GameBranchPath = LCIVAN-238-00/C/Program Files/Epic Games/UE_4.16/Engine/Binaries
[2017.09.12-09.16.14:987][  0]LogSlate: Took 0.000111 seconds to synchronously load lazily loaded font '../../../Engine/Content/Slate/Fonts/Roboto-Regular.ttf' (155K)
[2017.09.12-09.16.15:213][  0]LogTemp: IPP ERROR: Could not find provision directory 'C:\Users\studentuser\AppData\Local/Apple Computer/MobileDevice/Provisioning Profiles/'.
[2017.09.12-09.16.15:213][  0]LogSlate: Took 0.000186 seconds to synchronously load lazily loaded font '../../../Engine/Content/Slate/Fonts/Roboto-Bold.ttf' (160K)
[2017.09.12-09.16.15:217][  0]LogSlate: Took 0.000141 seconds to synchronously load lazily loaded font '../../../Engine/Content/Editor/Slate/Fonts/FontAwesome.ttf' (139K)
[2017.09.12-09.16.15:286][  0]LogRenderer: Reallocating scene render targets to support 1196x576 NumSamples 1 (Frame:1).
[2017.09.12-09.16.15:365][  0]LogUObjectGlobals:Warning: Failed to find object 'Class None.'
[2017.09.12-09.16.15:417][  0]LogContentBrowser: Native class hierarchy updated for 'HierarchicalLODOutliner' in 0.0004 seconds. Added 1 classes and 2 folders.
[2017.09.12-09.16.15:418][  0]LogLoad: (Engine Initialization) Total time: 15.45 seconds
[2017.09.12-09.16.15:418][  0]LogLoad: (Engine Initialization) Total Blueprint compile time: 0.39 seconds
[2017.09.12-09.16.15:418][  0]LogExternalProfiler: Found external profiler: VSPerf
[2017.09.12-09.16.15:418][  0]LogExternalProfiler: Using external profiler: VSPerf
[2017.09.12-09.16.15:429][  0]LogOcInput: OculusInput pre-init called
[2017.09.12-09.16.15:429][  0]LogHMD: Starting GearVRController plugin
[2017.09.12-09.16.15:429][  0]LogSteamVRController: Controller role for device 1 is 2 (invalid=0, left=1, right=2).
[2017.09.12-09.16.15:429][  0]LogSteamVRController:Warning: Controller device 1 is being assigned to its prefered role 'right'.
[2017.09.12-09.16.15:429][  0]LogSteamVRController: Controller device 1 is being assigned unreal hand 1 (left=0, right=1).
[2017.09.12-09.16.15:444][  0]LogAssetRegistry: Asset discovery search completed in 9.8052 seconds
[2017.09.12-09.16.15:445][  0]LogCollectionManager: Rebuilt the object cache for 0 collections in 0.000000 seconds (found 0 objects)
[2017.09.12-09.16.15:445][  0]LogCollectionManager: Fixed up redirectors for 0 collections in 0.000025 seconds (updated 0 objects)
[2017.09.12-09.16.15:449][  0]LogContentStreaming: Texture pool size now 1000 MB
[2017.09.12-09.16.15:509][  0]LogSlate: Took 0.000140 seconds to synchronously load lazily loaded font '../../../Engine/Content/Slate/Fonts/Roboto-Light.ttf' (159K)
[2017.09.12-09.16.16:441][ 97]LogSlate: Took 0.000104 seconds to synchronously load lazily loaded font '../../../Engine/Content/Slate/Fonts/Roboto-Light.ttf' (159K)
[2017.09.12-09.16.17:690][ 97]LogContentBrowser: Native class hierarchy updated for 'BlueprintGraph' in 0.0007 seconds. Added 112 classes and 0 folders.
[2017.09.12-09.16.20:126][ 97]LogLinker:Warning: Can't resolve asset name
[2017.09.12-09.16.20:304][ 97]LogScriptCore:Warning: Script Msg: Attempted to access index 0 from array CallFunc_GetAllActorsOfClass_OutActors of length 0!
[2017.09.12-09.16.20:304][ 97]LogScript:Warning: Accessed None trying to read property CallFunc_Array_Get_Item
	BP_CatapultRock_C /Engine/Transient.World_10:PersistentLevel.BP_CatapultRock_C_0
	Function /Game/Vive/Blueprints/CatapultProjectiles/BP_CatapultRock.BP_CatapultRock_C:UserConstructionScript:00D9
[2017.09.12-09.16.20:306][ 97]LogScriptCore:Warning: Script Msg: Attempted to access index 0 from array CallFunc_GetAllActorsOfClass_OutActors of length 0!
[2017.09.12-09.16.20:306][ 97]LogScript:Warning: Accessed None trying to read property CallFunc_Array_Get_Item
	ArcherAIArrow_C /Engine/Transient.World_13:PersistentLevel.ArcherAIArrow_C_0
	Function /Game/Vive/Blueprints/AI/ArcherAIArrow.ArcherAIArrow_C:UserConstructionScript:0115
[2017.09.12-09.16.20:310][ 97]LogSlate: Took 0.000146 seconds to synchronously load lazily loaded font '../../../Engine/Content/Editor/Slate/Fonts/Roboto-BoldCondensed.ttf' (158K)
[2017.09.12-09.16.20:381][ 98]LogSlate: Took 0.000133 seconds to synchronously load lazily loaded font '../../../Engine/Content/Editor/Slate/Fonts/Roboto-Italic.ttf' (157K)
[2017.09.12-09.16.23:241][433]LogTemp: Repeting last play command: VR Preview
[2017.09.12-09.16.23:287][433]LogBlueprintUserMessages: Early PlayInEditor Detection: Level '/Game/Vive/Maps/default.default:PersistentLevel' has LevelScriptBlueprint '/Game/Vive/Maps/default.default:PersistentLevel.default' with GeneratedClass '/Game/Vive/Maps/default.default_C' with ClassGeneratedBy '/Game/Vive/Maps/default.default:PersistentLevel.default'
[2017.09.12-09.16.23:287][433]LogPlayLevel: PlayLevel: No blueprints needed recompiling
[2017.09.12-09.16.35:563][433]PIE: New page: PIE session: default (Sep 11, 2017, 7:16:35 PM)
[2017.09.12-09.16.35:563][433]LogPlayLevel: Creating play world package: /Game/Vive/Maps/UEDPIE_0_default
[2017.09.12-09.16.35:714][433]LogPlayLevel: PIE: StaticDuplicateObject took: (0.150909s)
[2017.09.12-09.16.35:715][433]LogAIModule: Creating AISystem for world default
[2017.09.12-09.16.35:715][433]LogPlayLevel: PIE: World Init took: (0.001239s)
[2017.09.12-09.16.35:716][433]LogPlayLevel: PIE: Created PIE world by copying editor world from /Game/Vive/Maps/default.default to /Game/Vive/Maps/UEDPIE_0_default.default (0.152871s)
[2017.09.12-09.16.35:742][433]LogInit: XAudio2 using 'Speakers (USB Audio Device)' : 2 channels at 48 kHz using 16 bits per sample (channel mask 0x3)
[2017.09.12-09.16.35:747][433]LogInit: FAudioDevice initialized.
[2017.09.12-09.16.35:832][433]LogLoad: Game class is 'ViveGameMode_C'
[2017.09.12-09.16.35:842][433]LogWorld: Bringing World /Game/Vive/Maps/UEDPIE_0_default.default up for play (max tick rate 0) at 2017.09.12-02.16.35
[2017.09.12-09.16.35:843][433]LogWorld: Bringing up level for play took: 0.009041
[2017.09.12-09.16.35:872][433]LogContentBrowser: Native class hierarchy updated for 'MovieSceneCapture' in 0.0004 seconds. Added 11 classes and 0 folders.
[2017.09.12-09.16.35:872][433]LogGameMode:Display: Match State Changed from EnteringMap to WaitingToStart
[2017.09.12-09.16.35:872][433]LogGameState: Match State Changed from EnteringMap to WaitingToStart
[2017.09.12-09.16.35:872][433]LogGameMode:Display: Match State Changed from WaitingToStart to InProgress
[2017.09.12-09.16.35:874][433]LogGameState: Match State Changed from WaitingToStart to InProgress
[2017.09.12-09.16.35:878][433]PIE: Info Play in editor start time for /Game/Vive/Maps/UEDPIE_0_default 12.251
[2017.09.12-09.16.35:879][433]LogBlueprintUserMessages: Late PlayInEditor Detection: Level '/Game/Vive/Maps/default.default:PersistentLevel' has LevelScriptBlueprint '/Game/Vive/Maps/default.default:PersistentLevel.default' with GeneratedClass '/Game/Vive/Maps/default.default_C' with ClassGeneratedBy '/Game/Vive/Maps/default.default:PersistentLevel.default'
[2017.09.12-09.16.35:980][434]LogRenderer: Reallocating scene render targets to support 3024x1680 NumSamples 1 (Frame:1).
[2017.09.12-09.16.35:981][434]LogSteamVRController: Controller role for device 4 is 0 (invalid=0, left=1, right=2).
[2017.09.12-09.16.35:981][434]LogSteamVRController: Putting controller 4 on the left hand because there is already a controller for the right.
[2017.09.12-09.16.35:981][434]LogSteamVRController: Controller device 4 is being assigned unreal hand 0 (left=0, right=1).
[2017.09.12-09.16.46:628][383]LogBlueprintUserMessages: [Vive_Pawn_605] 38.390442
[2017.09.12-09.16.46:628][383]LogBlueprintUserMessages: [Vive_Pawn_605] 38.390442
[2017.09.12-09.16.46:628][383]LogBlueprintUserMessages: [Vive_Pawn_605] 38.390442
[2017.09.12-09.16.46:628][383]LogBlueprintUserMessages: [Vive_Pawn_605] 38.390442
[2017.09.12-09.16.46:628][383]LogBlueprintUserMessages: [Vive_Pawn_605] 38.390442
[2017.09.12-09.16.46:628][383]LogBlueprintUserMessages: [Vive_Pawn_605] 38.390442
[2017.09.12-09.16.46:628][383]LogBlueprintUserMessages: [Vive_Pawn_605] 38.390442
[2017.09.12-09.16.46:628][383]LogBlueprintUserMessages: [Vive_Pawn_605] 38.390442
[2017.09.12-09.16.46:628][383]LogBlueprintUserMessages: [Vive_Pawn_605] 38.390442
[2017.09.12-09.16.46:628][383]LogBlueprintUserMessages: [Vive_Pawn_605] 38.390442
[2017.09.12-09.16.46:628][383]LogBlueprintUserMessages: [Vive_Pawn_605] 38.390442
[2017.09.12-09.16.46:628][383]LogBlueprintUserMessages: [Vive_Pawn_605] 38.390442
[2017.09.12-09.16.46:628][383]LogBlueprintUserMessages: [Vive_Pawn_605] 38.390442
[2017.09.12-09.16.46:628][383]LogBlueprintUserMessages: [Vive_Pawn_605] 38.390442
[2017.09.12-09.16.46:628][383]LogBlueprintUserMessages: [Vive_Pawn_605] 38.390442
[2017.09.12-09.16.46:628][383]LogBlueprintUserMessages: [Vive_Pawn_605] 38.390442
[2017.09.12-09.16.49:442][635]LogBlueprintUserMessages: [Vive_Pawn_605] 40.0
[2017.09.12-09.16.49:442][635]LogBlueprintUserMessages: [Vive_Pawn_605] 40.0
[2017.09.12-09.16.49:442][635]LogBlueprintUserMessages: [Vive_Pawn_605] 40.0
[2017.09.12-09.16.49:442][635]LogBlueprintUserMessages: [Vive_Pawn_605] 40.0
[2017.09.12-09.16.49:442][635]LogBlueprintUserMessages: [Vive_Pawn_605] 40.0
[2017.09.12-09.16.49:442][635]LogBlueprintUserMessages: [Vive_Pawn_605] 40.0
[2017.09.12-09.16.49:442][635]LogBlueprintUserMessages: [Vive_Pawn_605] 40.0
[2017.09.12-09.16.49:442][635]LogBlueprintUserMessages: [Vive_Pawn_605] 40.0
[2017.09.12-09.16.49:442][635]LogBlueprintUserMessages: [Vive_Pawn_605] 40.0
[2017.09.12-09.16.49:442][635]LogBlueprintUserMessages: [Vive_Pawn_605] 40.0
[2017.09.12-09.16.49:442][635]LogBlueprintUserMessages: [Vive_Pawn_605] 40.0
[2017.09.12-09.16.49:442][635]LogBlueprintUserMessages: [Vive_Pawn_605] 40.0
[2017.09.12-09.16.49:442][635]LogBlueprintUserMessages: [Vive_Pawn_605] 40.0
[2017.09.12-09.16.49:442][635]LogBlueprintUserMessages: [Vive_Pawn_605] 40.0
[2017.09.12-09.16.49:442][635]LogBlueprintUserMessages: [Vive_Pawn_605] 40.0
[2017.09.12-09.16.49:442][635]LogBlueprintUserMessages: [Vive_Pawn_605] 40.0
[2017.09.12-09.16.52:156][878]LogBlueprintUserMessages: [Vive_Pawn_605] 40.0
[2017.09.12-09.16.52:157][878]LogBlueprintUserMessages: [Vive_Pawn_605] 40.0
[2017.09.12-09.16.52:157][878]LogBlueprintUserMessages: [Vive_Pawn_605] 40.0
[2017.09.12-09.16.52:157][878]LogBlueprintUserMessages: [Vive_Pawn_605] 40.0
[2017.09.12-09.16.52:157][878]LogBlueprintUserMessages: [Vive_Pawn_605] 40.0
[2017.09.12-09.16.52:157][878]LogBlueprintUserMessages: [Vive_Pawn_605] 40.0
[2017.09.12-09.16.52:157][878]LogBlueprintUserMessages: [Vive_Pawn_605] 40.0
[2017.09.12-09.16.52:157][878]LogBlueprintUserMessages: [Vive_Pawn_605] 40.0
[2017.09.12-09.16.52:157][878]LogBlueprintUserMessages: [Vive_Pawn_605] 40.0
[2017.09.12-09.16.52:157][878]LogBlueprintUserMessages: [Vive_Pawn_605] 40.0
[2017.09.12-09.16.52:157][878]LogBlueprintUserMessages: [Vive_Pawn_605] 40.0
[2017.09.12-09.16.52:157][878]LogBlueprintUserMessages: [Vive_Pawn_605] 40.0
[2017.09.12-09.16.52:157][878]LogBlueprintUserMessages: [Vive_Pawn_605] 40.0
[2017.09.12-09.16.52:157][878]LogBlueprintUserMessages: [Vive_Pawn_605] 40.0
[2017.09.12-09.16.52:157][878]LogBlueprintUserMessages: [Vive_Pawn_605] 40.0
[2017.09.12-09.16.52:157][878]LogBlueprintUserMessages: [Vive_Pawn_605] 40.0
[2017.09.12-09.16.57:362][344]LogBlueprintUserMessages: [Vive_Pawn_605] 40.0
[2017.09.12-09.16.57:362][344]LogBlueprintUserMessages: [Vive_Pawn_605] 40.0
[2017.09.12-09.16.57:362][344]LogBlueprintUserMessages: [Vive_Pawn_605] 40.0
[2017.09.12-09.16.57:362][344]LogBlueprintUserMessages: [Vive_Pawn_605] 40.0
[2017.09.12-09.16.57:362][344]LogBlueprintUserMessages: [Vive_Pawn_605] 40.0
[2017.09.12-09.16.57:362][344]LogBlueprintUserMessages: [Vive_Pawn_605] 40.0
[2017.09.12-09.16.57:362][344]LogBlueprintUserMessages: [Vive_Pawn_605] 40.0
[2017.09.12-09.16.57:362][344]LogBlueprintUserMessages: [Vive_Pawn_605] 40.0
[2017.09.12-09.16.57:362][344]LogBlueprintUserMessages: [Vive_Pawn_605] 40.0
[2017.09.12-09.16.57:362][344]LogBlueprintUserMessages: [Vive_Pawn_605] 40.0
[2017.09.12-09.16.57:362][344]LogBlueprintUserMessages: [Vive_Pawn_605] 40.0
[2017.09.12-09.16.57:362][344]LogBlueprintUserMessages: [Vive_Pawn_605] 40.0
[2017.09.12-09.16.57:362][344]LogBlueprintUserMessages: [Vive_Pawn_605] 40.0
[2017.09.12-09.16.57:362][344]LogBlueprintUserMessages: [Vive_Pawn_605] 40.0
[2017.09.12-09.16.57:362][344]LogBlueprintUserMessages: [Vive_Pawn_605] 40.0
[2017.09.12-09.16.57:362][344]LogBlueprintUserMessages: [Vive_Pawn_605] 40.0
[2017.09.12-09.17.03:695][911]LogBlueprintUserMessages: [Vive_Pawn_605] 40.0
[2017.09.12-09.17.03:695][911]LogBlueprintUserMessages: [Vive_Pawn_605] 40.0
[2017.09.12-09.17.03:695][911]LogBlueprintUserMessages: [Vive_Pawn_605] 40.0
[2017.09.12-09.17.03:695][911]LogBlueprintUserMessages: [Vive_Pawn_605] 40.0
[2017.09.12-09.17.03:695][911]LogBlueprintUserMessages: [Vive_Pawn_605] 40.0
[2017.09.12-09.17.03:695][911]LogBlueprintUserMessages: [Vive_Pawn_605] 40.0
[2017.09.12-09.17.03:695][911]LogBlueprintUserMessages: [Vive_Pawn_605] 40.0
[2017.09.12-09.17.03:695][911]LogBlueprintUserMessages: [Vive_Pawn_605] 40.0
[2017.09.12-09.17.03:695][911]LogBlueprintUserMessages: [Vive_Pawn_605] 40.0
[2017.09.12-09.17.03:696][911]LogBlueprintUserMessages: [Vive_Pawn_605] 40.0
[2017.09.12-09.17.03:696][911]LogBlueprintUserMessages: [Vive_Pawn_605] 40.0
[2017.09.12-09.17.03:696][911]LogBlueprintUserMessages: [Vive_Pawn_605] 40.0
[2017.09.12-09.17.03:696][911]LogBlueprintUserMessages: [Vive_Pawn_605] 40.0
[2017.09.12-09.17.03:696][911]LogBlueprintUserMessages: [Vive_Pawn_605] 40.0
[2017.09.12-09.17.03:696][911]LogBlueprintUserMessages: [Vive_Pawn_605] 40.0
[2017.09.12-09.17.03:696][911]LogBlueprintUserMessages: [Vive_Pawn_605] 40.0
[2017.09.12-09.17.08:834][371]LogBlueprintUserMessages: [Vive_Pawn_605] 40.0
[2017.09.12-09.17.08:834][371]LogBlueprintUserMessages: [Vive_Pawn_605] 40.0
[2017.09.12-09.17.08:834][371]LogBlueprintUserMessages: [Vive_Pawn_605] 40.0
[2017.09.12-09.17.08:834][371]LogBlueprintUserMessages: [Vive_Pawn_605] 40.0
[2017.09.12-09.17.08:834][371]LogBlueprintUserMessages: [Vive_Pawn_605] 40.0
[2017.09.12-09.17.08:834][371]LogBlueprintUserMessages: [Vive_Pawn_605] 40.0
[2017.09.12-09.17.08:834][371]LogBlueprintUserMessages: [Vive_Pawn_605] 40.0
[2017.09.12-09.17.08:834][371]LogBlueprintUserMessages: [Vive_Pawn_605] 40.0
[2017.09.12-09.17.08:834][371]LogBlueprintUserMessages: [Vive_Pawn_605] 40.0
[2017.09.12-09.17.08:834][371]LogBlueprintUserMessages: [Vive_Pawn_605] 40.0
[2017.09.12-09.17.08:834][371]LogBlueprintUserMessages: [Vive_Pawn_605] 40.0
[2017.09.12-09.17.08:834][371]LogBlueprintUserMessages: [Vive_Pawn_605] 40.0
[2017.09.12-09.17.08:834][371]LogBlueprintUserMessages: [Vive_Pawn_605] 40.0
[2017.09.12-09.17.08:834][371]LogBlueprintUserMessages: [Vive_Pawn_605] 40.0
[2017.09.12-09.17.08:834][371]LogBlueprintUserMessages: [Vive_Pawn_605] 40.0
[2017.09.12-09.17.08:835][371]LogBlueprintUserMessages: [Vive_Pawn_605] 40.0
[2017.09.12-09.17.16:086][ 15]LogBlueprintUserMessages: Early EndPlayMap Detection: Level '/Game/Vive/Maps/default.default:PersistentLevel' has LevelScriptBlueprint '/Game/Vive/Maps/default.default:PersistentLevel.default' with GeneratedClass '/Game/Vive/Maps/default.default_C' with ClassGeneratedBy '/Game/Vive/Maps/default.default:PersistentLevel.default'
[2017.09.12-09.17.16:348][ 15]LogBlueprintUserMessages: Late EndPlayMap Detection: Level '/Game/Vive/Maps/default.default:PersistentLevel' has LevelScriptBlueprint '/Game/Vive/Maps/default.default:PersistentLevel.default' with GeneratedClass '/Game/Vive/Maps/default.default_C' with ClassGeneratedBy '/Game/Vive/Maps/default.default:PersistentLevel.default'
[2017.09.12-09.29.26:299][296]BlueprintLog: New page: Compile ArcherAIArrow
[2017.09.12-09.29.26:332][296]LogScriptCore:Warning: Script Msg: Attempted to access index 0 from array CallFunc_GetAllActorsOfClass_OutActors of length 0!
[2017.09.12-09.29.26:332][296]LogScript:Warning: Accessed None trying to read property CallFunc_Array_Get_Item
	ArcherAIArrow_C /Engine/Transient.World_13:PersistentLevel.ArcherAIArrow_C_0
	Function /Game/Vive/Blueprints/AI/ArcherAIArrow.ArcherAIArrow_C:UserConstructionScript:0115
[2017.09.12-09.29.26:438][296]LogScriptCore:Warning: Script Msg: Attempted to access index 0 from array CallFunc_GetAllActorsOfClass_OutActors of length 0!
[2017.09.12-09.29.26:438][296]LogScript:Warning: Accessed None trying to read property CallFunc_Array_Get_Item
	ArcherAIArrow_C /Engine/Transient.World_13:PersistentLevel.ArcherAIArrow_C_0
	Function /Game/Vive/Blueprints/AI/ArcherAIArrow.ArcherAIArrow_C:UserConstructionScript:0115
[2017.09.12-09.29.30:022][723]LogTemp: Repeting last play command: VR Preview
[2017.09.12-09.29.30:047][723]LogBlueprintUserMessages: Early PlayInEditor Detection: Level '/Game/Vive/Maps/default.default:PersistentLevel' has LevelScriptBlueprint '/Game/Vive/Maps/default.default:PersistentLevel.default' with GeneratedClass '/Game/Vive/Maps/default.default_C' with ClassGeneratedBy '/Game/Vive/Maps/default.default:PersistentLevel.default'
[2017.09.12-09.29.30:047][723]LogPlayLevel: PlayLevel: No blueprints needed recompiling
[2017.09.12-09.29.30:047][723]PIE: New page: PIE session: default (Sep 11, 2017, 7:29:30 PM)
[2017.09.12-09.29.30:047][723]LogPlayLevel: Creating play world package: /Game/Vive/Maps/UEDPIE_0_default
[2017.09.12-09.29.30:191][723]LogPlayLevel: PIE: StaticDuplicateObject took: (0.142958s)
[2017.09.12-09.29.30:191][723]LogAIModule: Creating AISystem for world default
[2017.09.12-09.29.30:191][723]LogPlayLevel: PIE: World Init took: (0.000791s)
[2017.09.12-09.29.30:192][723]LogPlayLevel: PIE: Created PIE world by copying editor world from /Game/Vive/Maps/default.default to /Game/Vive/Maps/UEDPIE_0_default.default (0.144330s)
[2017.09.12-09.29.30:215][723]LogInit: XAudio2 using 'Speakers (USB Audio Device)' : 2 channels at 48 kHz using 16 bits per sample (channel mask 0x3)
[2017.09.12-09.29.30:221][723]LogInit: FAudioDevice initialized.
[2017.09.12-09.29.30:292][723]LogLoad: Game class is 'ViveGameMode_C'
[2017.09.12-09.29.30:306][723]LogWorld: Bringing World /Game/Vive/Maps/UEDPIE_0_default.default up for play (max tick rate 0) at 2017.09.12-02.29.30
[2017.09.12-09.29.30:307][723]LogWorld: Bringing up level for play took: 0.014894
[2017.09.12-09.29.30:308][723]LogGameMode: FindPlayerStart: PATHS NOT DEFINED or NO PLAYERSTART with positive rating
[2017.09.12-09.29.30:308][723]LogGameMode:Display: Match State Changed from EnteringMap to WaitingToStart
[2017.09.12-09.29.30:308][723]LogGameState: Match State Changed from EnteringMap to WaitingToStart
[2017.09.12-09.29.30:308][723]LogGameMode:Display: Match State Changed from WaitingToStart to InProgress
[2017.09.12-09.29.30:313][723]LogGameState: Match State Changed from WaitingToStart to InProgress
[2017.09.12-09.29.30:320][723]PIE: Info Play in editor start time for /Game/Vive/Maps/UEDPIE_0_default 0.693
[2017.09.12-09.29.30:321][723]LogBlueprintUserMessages: Late PlayInEditor Detection: Level '/Game/Vive/Maps/default.default:PersistentLevel' has LevelScriptBlueprint '/Game/Vive/Maps/default.default:PersistentLevel.default' with GeneratedClass '/Game/Vive/Maps/default.default_C' with ClassGeneratedBy '/Game/Vive/Maps/default.default:PersistentLevel.default'
[2017.09.12-09.29.35:495][176]LogBlueprintUserMessages: Early EndPlayMap Detection: Level '/Game/Vive/Maps/default.default:PersistentLevel' has LevelScriptBlueprint '/Game/Vive/Maps/default.default:PersistentLevel.default' with GeneratedClass '/Game/Vive/Maps/default.default_C' with ClassGeneratedBy '/Game/Vive/Maps/default.default:PersistentLevel.default'
[2017.09.12-09.29.35:642][176]LogBlueprintUserMessages: Late EndPlayMap Detection: Level '/Game/Vive/Maps/default.default:PersistentLevel' has LevelScriptBlueprint '/Game/Vive/Maps/default.default:PersistentLevel.default' with GeneratedClass '/Game/Vive/Maps/default.default_C' with ClassGeneratedBy '/Game/Vive/Maps/default.default:PersistentLevel.default'
[2017.09.12-09.29.47:293][568]LogTemp: Repeting last play command: VR Preview
[2017.09.12-09.29.47:318][568]LogBlueprintUserMessages: Early PlayInEditor Detection: Level '/Game/Vive/Maps/default.default:PersistentLevel' has LevelScriptBlueprint '/Game/Vive/Maps/default.default:PersistentLevel.default' with GeneratedClass '/Game/Vive/Maps/default.default_C' with ClassGeneratedBy '/Game/Vive/Maps/default.default:PersistentLevel.default'
[2017.09.12-09.29.47:318][568]BlueprintLog: New page: Pre-Play auto-recompile
[2017.09.12-09.29.47:318][568]LogPlayLevel: [PlayLevel] Compiling ArcherAIArrow before play...
[2017.09.12-09.29.47:337][568]LogScriptCore:Warning: Script Msg: Attempted to access index 0 from array CallFunc_GetAllActorsOfClass_OutActors of length 0!
[2017.09.12-09.29.47:337][568]LogScript:Warning: Accessed None trying to read property CallFunc_Array_Get_Item
	ArcherAIArrow_C /Engine/Transient.World_13:PersistentLevel.ArcherAIArrow_C_0
	Function /Game/Vive/Blueprints/AI/ArcherAIArrow.ArcherAIArrow_C:UserConstructionScript:0115
[2017.09.12-09.29.47:420][568]LogScriptCore:Warning: Script Msg: Attempted to access index 0 from array CallFunc_GetAllActorsOfClass_OutActors of length 0!
[2017.09.12-09.29.47:420][568]LogScript:Warning: Accessed None trying to read property CallFunc_Array_Get_Item
	ArcherAIArrow_C /Engine/Transient.World_13:PersistentLevel.ArcherAIArrow_C_0
	Function /Game/Vive/Blueprints/AI/ArcherAIArrow.ArcherAIArrow_C:UserConstructionScript:0115
[2017.09.12-09.29.47:442][568]LogPlayLevel: PlayLevel: Blueprint regeneration took 123 ms (1 blueprints)
[2017.09.12-09.29.47:442][568]PIE: New page: PIE session: default (Sep 11, 2017, 7:29:47 PM)
[2017.09.12-09.29.47:442][568]LogPlayLevel: Creating play world package: /Game/Vive/Maps/UEDPIE_0_default
[2017.09.12-09.29.47:576][568]LogPlayLevel: PIE: StaticDuplicateObject took: (0.133958s)
[2017.09.12-09.29.47:577][568]LogAIModule: Creating AISystem for world default
[2017.09.12-09.29.47:577][568]LogPlayLevel: PIE: World Init took: (0.001170s)
[2017.09.12-09.29.47:578][568]LogPlayLevel: PIE: Created PIE world by copying editor world from /Game/Vive/Maps/default.default to /Game/Vive/Maps/UEDPIE_0_default.default (0.135895s)
[2017.09.12-09.29.47:601][568]LogInit: XAudio2 using 'Speakers (USB Audio Device)' : 2 channels at 48 kHz using 16 bits per sample (channel mask 0x3)
[2017.09.12-09.29.47:607][568]LogInit: FAudioDevice initialized.
[2017.09.12-09.29.47:676][568]LogLoad: Game class is 'ViveGameMode_C'
[2017.09.12-09.29.47:688][568]LogWorld: Bringing World /Game/Vive/Maps/UEDPIE_0_default.default up for play (max tick rate 0) at 2017.09.12-02.29.47
[2017.09.12-09.29.47:690][568]LogWorld: Bringing up level for play took: 0.012721
[2017.09.12-09.29.47:690][568]LogGameMode: FindPlayerStart: PATHS NOT DEFINED or NO PLAYERSTART with positive rating
[2017.09.12-09.29.47:690][568]LogGameMode:Display: Match State Changed from EnteringMap to WaitingToStart
[2017.09.12-09.29.47:690][568]LogGameState: Match State Changed from EnteringMap to WaitingToStart
[2017.09.12-09.29.47:690][568]LogGameMode:Display: Match State Changed from WaitingToStart to InProgress
[2017.09.12-09.29.47:693][568]LogGameState: Match State Changed from WaitingToStart to InProgress
[2017.09.12-09.29.47:700][568]PIE: Info Play in editor start time for /Game/Vive/Maps/UEDPIE_0_default 0.073
[2017.09.12-09.29.47:700][568]LogBlueprintUserMessages: Late PlayInEditor Detection: Level '/Game/Vive/Maps/default.default:PersistentLevel' has LevelScriptBlueprint '/Game/Vive/Maps/default.default:PersistentLevel.default' with GeneratedClass '/Game/Vive/Maps/default.default_C' with ClassGeneratedBy '/Game/Vive/Maps/default.default:PersistentLevel.default'
[2017.09.12-09.30.13:507][868]LogBlueprintUserMessages: Early EndPlayMap Detection: Level '/Game/Vive/Maps/default.default:PersistentLevel' has LevelScriptBlueprint '/Game/Vive/Maps/default.default:PersistentLevel.default' with GeneratedClass '/Game/Vive/Maps/default.default_C' with ClassGeneratedBy '/Game/Vive/Maps/default.default:PersistentLevel.default'
[2017.09.12-09.30.13:656][868]LogBlueprintUserMessages: Late EndPlayMap Detection: Level '/Game/Vive/Maps/default.default:PersistentLevel' has LevelScriptBlueprint '/Game/Vive/Maps/default.default:PersistentLevel.default' with GeneratedClass '/Game/Vive/Maps/default.default_C' with ClassGeneratedBy '/Game/Vive/Maps/default.default:PersistentLevel.default'
[2017.09.12-09.30.32:834][158]LogScriptCore:Warning: Script Msg: Attempted to access index 0 from array CallFunc_GetAllActorsOfClass_OutActors of length 0!
[2017.09.12-09.30.32:834][158]LogScript:Warning: Accessed None trying to read property CallFunc_Array_Get_Item
	ArcherAIArrow_C /Engine/Transient.World_13:PersistentLevel.ArcherAIArrow_C_0
	Function /Game/Vive/Blueprints/AI/ArcherAIArrow.ArcherAIArrow_C:UserConstructionScript:0115
[2017.09.12-09.30.35:135][429]BlueprintLog: New page: Compile ArcherAIArrow
[2017.09.12-09.30.35:270][429]LogScriptCore:Warning: Script Msg: Attempted to access index 0 from array CallFunc_GetAllActorsOfClass_OutActors of length 0!
[2017.09.12-09.30.35:270][429]LogScript:Warning: Accessed None trying to read property CallFunc_Array_Get_Item
	ArcherAIArrow_C /Engine/Transient.World_13:PersistentLevel.ArcherAIArrow_C_0
	Function /Game/Vive/Blueprints/AI/ArcherAIArrow.ArcherAIArrow_C:UserConstructionScript:0115
[2017.09.12-09.30.35:360][429]LogScriptCore:Warning: Script Msg: Attempted to access index 0 from array CallFunc_GetAllActorsOfClass_OutActors of length 0!
[2017.09.12-09.30.35:360][429]LogScript:Warning: Accessed None trying to read property CallFunc_Array_Get_Item
	ArcherAIArrow_C /Engine/Transient.World_13:PersistentLevel.ArcherAIArrow_C_0
	Function /Game/Vive/Blueprints/AI/ArcherAIArrow.ArcherAIArrow_C:UserConstructionScript:0115
[2017.09.12-09.30.35:385][429]LogScriptCore:Warning: Script Msg: Attempted to access index 0 from array CallFunc_GetAllActorsOfClass_OutActors of length 0!
[2017.09.12-09.30.35:385][429]LogScript:Warning: Accessed None trying to read property CallFunc_Array_Get_Item
	ArcherAIArrow_C /Engine/Transient.World_13:PersistentLevel.ArcherAIArrow_C_0
	Function /Game/Vive/Blueprints/AI/ArcherAIArrow.ArcherAIArrow_C:UserConstructionScript:0115
[2017.09.12-09.30.35:848][472]LogScriptCore:Warning: Script Msg: Attempted to access index 0 from array CallFunc_GetAllActorsOfClass_OutActors of length 0!
[2017.09.12-09.30.35:848][472]LogScript:Warning: Accessed None trying to read property CallFunc_Array_Get_Item
	ArcherAIArrow_C /Engine/Transient.World_16:PersistentLevel.ArcherAIArrow_C_6
	Function /Game/Vive/Blueprints/AI/ArcherAIArrow.ArcherAIArrow_C:UserConstructionScript:0115
[2017.09.12-09.30.35:857][472]Cmd: OBJ SAVEPACKAGE PACKAGE="/Game/Vive/Blueprints/AI/ArcherAIArrow" FILE="D:/CastleGuardCurrent/CastleGuardPhase2/CastleGuardReborn/Content/Vive/Blueprints/AI/ArcherAIArrow.uasset" SILENT=true
[2017.09.12-09.30.35:921][472]LogSavePackage: Save=58.01ms
[2017.09.12-09.30.35:921][472]LogSavePackage: Moving 'D:/CastleGuardCurrent/CastleGuardPhase2/CastleGuardReborn/Saved/ArcherAIArrow5724EA054E22899ABFF7B88E1CB66D1C.tmp' to 'D:/CastleGuardCurrent/CastleGuardPhase2/CastleGuardReborn/Content/Vive/Blueprints/AI/ArcherAIArrow.uasset'
[2017.09.12-09.30.35:922][472]LogSavePackage:Display: Finished SavePackage D:/CastleGuardCurrent/CastleGuardPhase2/CastleGuardReborn/Content/Vive/Blueprints/AI/ArcherAIArrow.uasset
[2017.09.12-09.30.50:378][195]LogEditorViewport: Clicking on Actor (LMB): ArcherAttackPosition_C (ArcherAttackPosition2)
[2017.09.12-09.31.04:053][789]BlueprintLog: New page: Compile ArcherAttackPosition
[2017.09.12-09.32.50:241][351]BlueprintLog: New page: Compile Vive_Pawn
[2017.09.12-09.32.50:516][351]LogScriptCore:Warning: Script Msg: Attempted to access index 0 from array CallFunc_GetAllActorsOfClass_OutActors of length 0!
[2017.09.12-09.32.50:516][351]LogScript:Warning: Accessed None trying to read property CallFunc_Array_Get_Item
	ArcherAIArrow_C /Engine/Transient.World_13:PersistentLevel.ArcherAIArrow_C_0
	Function /Game/Vive/Blueprints/AI/ArcherAIArrow.ArcherAIArrow_C:UserConstructionScript:0115
[2017.09.12-09.32.50:517][351]LogScriptCore:Warning: Script Msg: Attempted to access index 0 from array CallFunc_GetAllActorsOfClass_OutActors of length 0!
[2017.09.12-09.32.50:517][351]LogScript:Warning: Accessed None trying to read property CallFunc_Array_Get_Item
	ArcherAIArrow_C /Engine/Transient.World_16:PersistentLevel.ArcherAIArrow_C_6
	Function /Game/Vive/Blueprints/AI/ArcherAIArrow.ArcherAIArrow_C:UserConstructionScript:0115
[2017.09.12-09.32.50:524][351]LogScriptCore:Warning: Script Msg: Attempted to access index 0 from array CallFunc_GetAllActorsOfClass_OutActors of length 0!
[2017.09.12-09.32.50:524][351]LogScript:Warning: Accessed None trying to read property CallFunc_Array_Get_Item
	ArcherAIArrow_C /Engine/Transient.World_13:PersistentLevel.ArcherAIArrow_C_0
	Function /Game/Vive/Blueprints/AI/ArcherAIArrow.ArcherAIArrow_C:UserConstructionScript:0115
[2017.09.12-09.32.50:525][351]LogScriptCore:Warning: Script Msg: Attempted to access index 0 from array CallFunc_GetAllActorsOfClass_OutActors of length 0!
[2017.09.12-09.32.50:525][351]LogScript:Warning: Accessed None trying to read property CallFunc_Array_Get_Item
	ArcherAIArrow_C /Engine/Transient.World_16:PersistentLevel.ArcherAIArrow_C_6
	Function /Game/Vive/Blueprints/AI/ArcherAIArrow.ArcherAIArrow_C:UserConstructionScript:0115
