Log file open, 11/25/17 15:45:44
LogInit:Display: Running engine for game: CastleGuardReborn
LogPlatformFile: Not using cached read wrapper
LogInit:Display: RandInit(1539103348) SRandInit(1539103349).
LogTaskGraph: Started task graph with 5 named threads and 8 total threads with 1 sets of task threads.
LogStats: Stats thread started at 0.534269
LogInit: Using libcurl 7.47.1
LogInit:  - built for x86_64-pc-win32
LogInit:  - supports SSL with OpenSSL/1.0.2g
LogInit:  - supports HTTP deflate (compression) using libz 1.2.8
LogInit:  - other features:
LogInit:      CURL_VERSION_SSL
LogInit:      CURL_VERSION_LIBZ
LogInit:      CURL_VERSION_IPV6
LogInit:      CURL_VERSION_ASYNCHDNS
LogInit:      CURL_VERSION_LARGEFILE
LogInit:      CURL_VERSION_IDN
LogInit:  CurlRequestOptions (configurable via config and command line):
LogInit:  - bVerifyPeer = false  - Libcurl will NOT verify peer certificate
LogInit:  - bUseHttpProxy = false  - Libcurl will NOT use HTTP proxy
LogInit:  - bDontReuseConnections = false  - Libcurl will reuse connections
LogInit:  - CertBundlePath = nullptr  - Libcurl will use whatever was configured at build time.
LogInit: Build: ++UE4+Release-4.16-CL-3514769
LogInit: Engine Version: 4.16.2-3514769+++UE4+Release-4.16
LogInit: Compatible Engine Version: 4.16.0-3452394+++UE4+Release-4.16
LogInit: Net CL: 3452394
LogDevObjectVersion: Number of dev versions registered: 16
LogDevObjectVersion:   Dev-Blueprints (B0D832E4-1F89-4F0D-ACCF-7EB736FD4AA2): 9
LogDevObjectVersion:   Dev-Build (E1C64328-A22C-4D53-A36C-8E866417BD8C): 0
LogDevObjectVersion:   Dev-Core (375EC13C-06E4-48FB-B500-84F0262A717E): 2
LogDevObjectVersion:   Dev-Editor (E4B068ED-F494-42E9-A231-DA0B2E46BB41): 17
LogDevObjectVersion:   Dev-Framework (CFFC743F-43B0-4480-9391-14DF171D2073): 23
LogDevObjectVersion:   Dev-Mobile (B02B49B5-BB20-44E9-A304-32B752E40360): 0
LogDevObjectVersion:   Dev-Networking (A4E4105C-59A1-49B5-A7C5-40C4547EDFEE): 0
LogDevObjectVersion:   Dev-Online (39C831C9-5AE6-47DC-9A44-9C173E1C8E7C): 0
LogDevObjectVersion:   Dev-Physics (78F01B33-EBEA-4F98-B9B4-84EACCB95AA2): 0
LogDevObjectVersion:   Dev-Platform (6631380F-2D4D-43E0-8009-CF276956A95A): 0
LogDevObjectVersion:   Dev-Rendering (12F88B9F-8875-4AFC-A67C-D90C383ABD29): 15
LogDevObjectVersion:   Dev-Sequencer (7B5AE74C-D270-4C10-A958-57980B212A5A): 4
LogDevObjectVersion:   Dev-VR (D7296918-1DD6-4BDD-9DE2-64A83CC13884): 0
LogDevObjectVersion:   Dev-LoadTimes (C2A15278-BFE7-4AFE-6C17-90FF531DF755): 1
LogDevObjectVersion:   Private-Geometry (6EACA3D4-40EC-4CC1-B786-8BED09428FC5): 1
LogDevObjectVersion:   Dev-AnimPhys (29E575DD-E0A3-4627-9D10-D276232CDCEA): 3
LogInit: Compiled (64-bit): Jun 29 2017 02:03:24
LogInit: Compiled with Visual C++: 19.00.24215.01
LogInit: Build Configuration: Development
LogInit: Branch Name: ++UE4+Release-4.16
LogInit: Command line:  
LogInit: Base directory: C:/Program Files/Epic Games/UE_4.16/Engine/Binaries/Win64/
LogInit: Installed Engine Build: 1
LogInit: Presizing for max 8388607 objects, including 0 objects not considered by GC, pre-allocating 0 bytes for permanent pool.
LogInit: Object subsystem initialized
[2017.11.25-23.45.45:129][  0]LogInit: Selected Device Profile: [Windows]
[2017.11.25-23.45.45:129][  0]LogInit: Applying CVar settings loaded from the selected device profile: [Windows]
[2017.11.25-23.45.45:169][  0]LogInit: Computer: LCIVAN-238-00
[2017.11.25-23.45.45:169][  0]LogInit: User: studentuser
[2017.11.25-23.45.45:169][  0]LogInit: CPU Page size=4096, Cores=4
[2017.11.25-23.45.45:169][  0]LogInit: High frequency timer resolution =4.101560 MHz
[2017.11.25-23.45.45:170][  0]LogMemory: Memory total: Physical=15.9GB (16GB approx)
[2017.11.25-23.45.45:170][  0]LogMemory: Platform Memory Stats for Windows
[2017.11.25-23.45.45:170][  0]LogMemory: Process Physical Memory: 278.05 MB used, 278.05 MB peak
[2017.11.25-23.45.45:170][  0]LogMemory: Process Virtual Memory: 276.85 MB used, 276.85 MB peak
[2017.11.25-23.45.45:170][  0]LogMemory: Physical Memory: 3896.41 MB used,  12387.04 MB free, 16283.45 MB total
[2017.11.25-23.45.45:170][  0]LogMemory: Virtual Memory: 654.98 MB used,  12387.04 MB free, 134217728.00 MB total
[2017.11.25-23.45.45:418][  0]LogInit: Using OS detected language (en-US).
[2017.11.25-23.45.45:418][  0]LogInit: Using OS detected locale (en-CA).
[2017.11.25-23.45.45:469][  0]LogTextLocalizationManager: No specific localization for 'en-US' exists, so the 'en' localization will be used.
[2017.11.25-23.45.47:735][  0]LogD3D11RHI: D3D11 adapters:
[2017.11.25-23.45.47:777][  0]LogD3D11RHI:    0. 'NVIDIA GeForce GTX 1070' (Feature Level 11_0)
[2017.11.25-23.45.47:777][  0]LogD3D11RHI:       8115/0/8141 MB DedicatedVideo/DedicatedSystem/SharedSystem, Outputs:1, VendorId:0x10de
[2017.11.25-23.45.47:824][  0]LogD3D11RHI:    1. 'Intel(R) HD Graphics 630' (Feature Level 11_0)
[2017.11.25-23.45.47:824][  0]LogD3D11RHI:       128/0/8141 MB DedicatedVideo/DedicatedSystem/SharedSystem, Outputs:0, VendorId:0x8086
[2017.11.25-23.45.47:825][  0]LogD3D11RHI:    2. 'Microsoft Basic Render Driver' (Feature Level 11_0)
[2017.11.25-23.45.47:825][  0]LogD3D11RHI:       0/0/8141 MB DedicatedVideo/DedicatedSystem/SharedSystem, Outputs:0, VendorId:0x1414
[2017.11.25-23.45.47:825][  0]LogD3D11RHI: Chosen D3D11 Adapter: 0
[2017.11.25-23.45.47:831][  0]LogD3D11RHI: Creating new Direct3DDevice
[2017.11.25-23.45.47:831][  0]LogD3D11RHI:     GPU DeviceId: 0x1b81 (for the marketing name, search the web for "GPU Device Id")
[2017.11.25-23.45.47:831][  0]LogWindows: EnumDisplayDevices:
[2017.11.25-23.45.47:831][  0]LogWindows:    0. 'NVIDIA GeForce GTX 1070' (P:1 D:1)
[2017.11.25-23.45.47:831][  0]LogWindows:    1. 'NVIDIA GeForce GTX 1070' (P:0 D:0)
[2017.11.25-23.45.47:831][  0]LogWindows:    2. 'NVIDIA GeForce GTX 1070' (P:0 D:0)
[2017.11.25-23.45.47:831][  0]LogWindows:    3. 'NVIDIA GeForce GTX 1070' (P:0 D:0)
[2017.11.25-23.45.47:831][  0]LogWindows:    4. 'Intel(R) HD Graphics 630' (P:0 D:0)
[2017.11.25-23.45.47:831][  0]LogWindows:    5. 'Intel(R) HD Graphics 630' (P:0 D:0)
[2017.11.25-23.45.47:831][  0]LogWindows:    6. 'Intel(R) HD Graphics 630' (P:0 D:0)
[2017.11.25-23.45.47:831][  0]LogWindows: DebugString: PrimaryIsNotTheChoosenAdapter PrimaryIsNotTheChoosenAdapter PrimaryIsNotTheChoosenAdapter FoundDriverCount:4 
[2017.11.25-23.45.47:831][  0]LogD3D11RHI:     Adapter Name: NVIDIA GeForce GTX 1070
[2017.11.25-23.45.47:832][  0]LogD3D11RHI:   Driver Version: 382.66 (internal:22.21.13.8266, unified:382.66)
[2017.11.25-23.45.47:832][  0]LogD3D11RHI:      Driver Date: 6-25-2017
[2017.11.25-23.45.47:832][  0]LogRHI: Texture pool is 1361 MB (70% of 1945 MB)
[2017.11.25-23.45.47:859][  0]LogD3D11RHI: Async texture creation enabled
[2017.11.25-23.45.47:878][  0]LogD3D11RHI: GPU Timing Frequency: 1000.000000 (Debug: 2 1)
[2017.11.25-23.45.47:932][  0]LogShaderCompilers: Guid format shader working directory is -6 characters bigger than the processId version (D:/CastleGuardCurrent/CastleGuardPhase2/CastleGuardReborn/Intermediate/Shaders/WorkingDirectory/19340/).
[2017.11.25-23.45.47:932][  0]LogShaderCompilers: Cleaned the shader compiler working directory 'C:/Users/studentuser/AppData/Local/Temp/UnrealShaderWorkingDir/5F7E208C4701F839FC56859071F701AF/'.
[2017.11.25-23.45.47:933][  0]LogShaderCompilers:Display: Using Local Shader Compiler.
[2017.11.25-23.45.49:514][  0]LogTemp:Display: Loaded TP AllDesktopTargetPlatform
[2017.11.25-23.45.49:550][  0]LogTemp:Display: Loaded TP MacClientTargetPlatform
[2017.11.25-23.45.49:585][  0]LogTemp:Display: Loaded TP MacNoEditorTargetPlatform
[2017.11.25-23.45.49:620][  0]LogTemp:Display: Loaded TP MacServerTargetPlatform
[2017.11.25-23.45.49:660][  0]LogTemp:Display: Loaded TP MacTargetPlatform
[2017.11.25-23.45.49:695][  0]LogTemp:Display: Loaded TP WindowsClientTargetPlatform
[2017.11.25-23.45.49:731][  0]LogTemp:Display: Loaded TP WindowsNoEditorTargetPlatform
[2017.11.25-23.45.49:766][  0]LogTemp:Display: Loaded TP WindowsServerTargetPlatform
[2017.11.25-23.45.49:798][  0]LogTemp:Display: Loaded TP WindowsTargetPlatform
[2017.11.25-23.45.49:836][  0]LogTemp:Display: Loaded TP AndroidTargetPlatform
[2017.11.25-23.45.49:872][  0]LogTemp:Display: Loaded TP Android_ASTCTargetPlatform
[2017.11.25-23.45.49:908][  0]LogTemp:Display: Loaded TP Android_ATCTargetPlatform
[2017.11.25-23.45.49:943][  0]LogTemp:Display: Loaded TP Android_DXTTargetPlatform
[2017.11.25-23.45.49:978][  0]LogTemp:Display: Loaded TP Android_ETC1TargetPlatform
[2017.11.25-23.45.50:012][  0]LogTemp:Display: Loaded TP Android_ETC2TargetPlatform
[2017.11.25-23.45.50:082][  0]LogTemp:Display: Loaded TP Android_MultiTargetPlatform
[2017.11.25-23.45.50:082][  0]LogTemp:Display: Loaded TP Android_PVRTCTargetPlatform
[2017.11.25-23.45.50:109][  0]LogTemp:Display: Loaded TP HTML5TargetPlatform
[2017.11.25-23.45.50:191][  0]LogTemp:Display: Loaded TP IOSTargetPlatform
[2017.11.25-23.45.50:211][  0]LogTemp:Display: Loaded TP TVOSTargetPlatform
[2017.11.25-23.45.50:246][  0]LogTemp:Display: Loaded TP LinuxClientTargetPlatform
[2017.11.25-23.45.50:281][  0]LogTemp:Display: Loaded TP LinuxNoEditorTargetPlatform
[2017.11.25-23.45.50:315][  0]LogTemp:Display: Loaded TP LinuxServerTargetPlatform
[2017.11.25-23.45.50:355][  0]LogTemp:Display: Loaded TP LinuxTargetPlatform
[2017.11.25-23.45.50:355][  0]LogTargetPlatformManager:Display: Building Assets For Windows
[2017.11.25-23.45.50:811][  0]LogDerivedDataCache:Display: Max Cache Size: 512 MB
[2017.11.25-23.45.51:342][  0]LogDerivedDataCache: Loaded boot cache 0.53s 90MB C:/Users/studentuser/AppData/Local/UnrealEngine/4.16/DerivedDataCache/Boot.ddc.
[2017.11.25-23.45.51:342][  0]LogDerivedDataCache:Display: Loaded Boot cache: C:/Users/studentuser/AppData/Local/UnrealEngine/4.16/DerivedDataCache/Boot.ddc
[2017.11.25-23.45.51:343][  0]LogDerivedDataCache: FDerivedDataBackendGraph:  Pak pak cache file D:/CastleGuardCurrent/CastleGuardPhase2/CastleGuardReborn/DerivedDataCache/DDC.ddp not found, will not use a pak cache.
[2017.11.25-23.45.51:343][  0]LogDerivedDataCache: Unable to find inner node Pak for hierarchical cache Hierarchy.
[2017.11.25-23.45.51:343][  0]LogDerivedDataCache: FDerivedDataBackendGraph:  CompressedPak pak cache file D:/CastleGuardCurrent/CastleGuardPhase2/CastleGuardReborn/DerivedDataCache/Compressed.ddp not found, will not use a pak cache.
[2017.11.25-23.45.51:343][  0]LogDerivedDataCache: Unable to find inner node CompressedPak for hierarchical cache Hierarchy.
[2017.11.25-23.45.51:362][  0]LogDerivedDataCache:Display: Pak cache opened for reading ../../../Engine/DerivedDataCache/Compressed.ddp.
[2017.11.25-23.45.51:376][  0]LogDerivedDataCache: Using Local data cache path C:/Users/studentuser/AppData/Local/UnrealEngine/Common/DerivedDataCache: Writable
[2017.11.25-23.45.51:404][  0]LogMaterial: Verifying Global Shaders for PCD3D_SM5
[2017.11.25-23.45.51:410][  0]LogSlate: Using Freetype 2.6.0
[2017.11.25-23.45.51:424][  0]LogSlate: SlateFontCache - WITH_FREETYPE: 1, WITH_HARFBUZZ: 1
[2017.11.25-23.45.51:424][  0]LogSlate: SlateFontCache - WITH_FREETYPE: 1, WITH_HARFBUZZ: 1
[2017.11.25-23.45.52:062][  0]LogInit: Selected Device Profile: [Windows]
[2017.11.25-23.45.52:230][  0]LogContentStreaming: Texture pool size is 0.00 MB
[2017.11.25-23.45.52:461][  0]LogMeshUtilities: Using QuadricMeshReduction for automatic static mesh reduction
[2017.11.25-23.45.52:506][  0]LogSimplygon: Simplygon DLL not present - disabling.
[2017.11.25-23.45.52:546][  0]LogMeshUtilities: Using SimplygonSwarm for distributed automatic mesh merging
[2017.11.25-23.45.52:546][  0]LogMeshUtilities: No automatic skeletal mesh reduction module available
[2017.11.25-23.45.52:546][  0]LogMeshUtilities: No automatic mesh merging module available
[2017.11.25-23.45.53:753][  0]LogNetVersion: CastleGuardReborn , NetCL: 3452394, EngineNetVer: 2, GameNetVer: 0 (Checksum: 2303850599)
[2017.11.25-23.45.53:835][  0]LogAssetRegistry: FAssetRegistry took 0.0283 seconds to start up
[2017.11.25-23.45.53:947][  0]LogPackageLocalizationCache: Processed 4 localized package path(s) for 2 prioritized culture(s) in 0.072168 seconds
[2017.11.25-23.45.53:951][  0]LogUObjectArray: 34194 objects as part of root set at end of initial load.
[2017.11.25-23.45.53:951][  0]LogUObjectAllocator: 7260416 out of 0 bytes used by permanent object pool.
[2017.11.25-23.45.53:951][  0]LogUObjectArray: CloseDisregardForGC: 0/0 objects in disregard for GC pool
[2017.11.25-23.45.53:996][  0]LogInit: WinSock: version 1.1 (2.2), MaxSocks=32767, MaxUdp=65467
[2017.11.25-23.45.57:847][  0]LogTcpMessaging: Initializing TcpMessaging bridge
[2017.11.25-23.45.57:882][  0]LogUdpMessaging: Initializing bridge on interface 0.0.0.0:0 to multicast group 230.0.0.1:6666.
[2017.11.25-23.45.58:441][  0]LogMaterial: Uniform references updated for custom material expression Custom.
[2017.11.25-23.45.58:931][  0]SourceControl: Info Source control is disabled
[2017.11.25-23.45.59:004][  0]SourceControl: Info Source control is disabled
[2017.11.25-23.45.59:045][  0]SourceControl: Info Source control is disabled
[2017.11.25-23.45.59:081][  0]SourceControl: Info Source control is disabled
[2017.11.25-23.45.59:634][  0]LogAndroidPermission: UAndroidPermissionCallbackProxy::GetInstance
[2017.11.25-23.46.00:125][  0]LogEngine: Initializing Engine...
[2017.11.25-23.46.03:049][  0]LogHMD: SteamVR initialized.  Driver: lighthouse  Display: LHR-A4D81BA4
[2017.11.25-23.46.03:612][  0]LogStats: UGameplayTagsManager::ConstructGameplayTagTree: Construct from data asset -  0.000 s
[2017.11.25-23.46.03:612][  0]LogStats: UGameplayTagsManager::ConstructGameplayTagTree: GameplayTagTreeChangedEvent.Broadcast -  0.000 s
[2017.11.25-23.46.03:726][  0]LogAIModule: Creating AISystem for world Untitled
[2017.11.25-23.46.03:745][  0]LogInit: XAudio2 using 'HTC-VIVE-0 (NVIDIA High Definition Audio)' : 2 channels at 48 kHz using 16 bits per sample (channel mask 0x3)
[2017.11.25-23.46.03:793][  0]LogInit: FAudioDevice initialized.
[2017.11.25-23.46.03:843][  0]LogDerivedDataCache: Saved boot cache 0.05s 103MB C:/Users/studentuser/AppData/Local/UnrealEngine/4.16/DerivedDataCache/Boot.ddc.
[2017.11.25-23.46.03:866][  0]LogInit: Texture streaming: Enabled
[2017.11.25-23.46.03:944][  0]LogEngineSessionManager: EngineSessionManager initialized
[2017.11.25-23.46.04:184][  0]LogInit: Transaction tracking system initialized
[2017.11.25-23.46.04:439][  0]BlueprintLog: New page: Editor Load
[2017.11.25-23.46.05:297][  0]LocalizationService: Info Localization service is disabled
[2017.11.25-23.46.05:889][  0]LogConsoleResponse:Display: 
[2017.11.25-23.46.06:316][  0]LogCook:Display: Max memory allowance for cook 16384mb min free memory 0mb
[2017.11.25-23.46.06:316][  0]LogCook:Display: Mobile HDR setting 1
[2017.11.25-23.46.07:239][  0]SourceControl: Info Source control is disabled
[2017.11.25-23.46.07:241][  0]Cmd: MAP LOAD FILE="D:/CastleGuardCurrent/CastleGuardPhase2/CastleGuardReborn/Content/VirtualRealityBP/Maps/default.umap" TEMPLATE=0 SHOWPROGRESS=1 FEATURELEVEL=3
[2017.11.25-23.46.07:241][  0]LightingResults: New page: Lighting Build
[2017.11.25-23.46.07:275][  0]MapCheck: New page: Map Check
[2017.11.25-23.46.07:275][  0]LightingResults: New page: Lighting Build
[2017.11.25-23.46.13:928][  0]LogAudioDerivedData:Display: Building compressed audio format OGG wave Arrow_Impact_Gravel_4...
[2017.11.25-23.46.13:978][  0]LogAudioDerivedData:Display: Building compressed audio format OGG wave Arrow_Impact_Gravel_3...
[2017.11.25-23.46.13:986][  0]LogAudioDerivedData:Display: Building compressed audio format OGG wave Arrow_Impact_Gravel_2...
[2017.11.25-23.46.13:997][  0]LogAudioDerivedData:Display: Building compressed audio format OGG wave Arrow_Impact_Gravel_8...
[2017.11.25-23.46.14:004][  0]LogAudioDerivedData:Display: Building compressed audio format OGG wave Arrow_Impact_Gravel_6...
[2017.11.25-23.46.14:013][  0]LogAudioDerivedData:Display: Building compressed audio format OGG wave Arrow_Impact_Gravel_5...
[2017.11.25-23.46.14:059][  0]LogStaticMesh: Building static mesh MergedRam...
[2017.11.25-23.46.16:933][  0]LogStaticMesh: Built static mesh [2.87s] /Game/StaticMeshes/MergedRam.MergedRam
[2017.11.25-23.46.17:260][  0]LogTexture:Display: Building textures: FemaleFitA_Body_diffuse (AutoDXT, 2048X2048)
[2017.11.25-23.46.19:085][  0]LogMaterial: Missing cached shader map for material Lashes_MAT, compiling. 
[2017.11.25-23.46.19:288][  0]LogTexture:Display: Building textures: FemaleFitA_StdNM (BC5, 2048X2048)
[2017.11.25-23.46.19:733][  0]LogMaterial: Missing cached shader map for material EyeSpec_MAT, compiling. 
[2017.11.25-23.46.19:965][  0]LogTexture:Display: Building textures: Bow_NM (BC5, 2048X2048)
[2017.11.25-23.46.20:702][  0]LogTexture:Display: Building textures: Bow_DIFF (AutoDXT, 2048X2048)
[2017.11.25-23.46.22:413][  0]LogMaterial: Missing cached shader map for material Bow_MAT, compiling. 
[2017.11.25-23.46.22:457][  0]LogMaterial: Missing cached shader map for material Body_MAT, compiling. 
[2017.11.25-23.46.22:717][  0]LogTexture:Display: Building textures: Erika_Archer_Clothes_normal (BC5, 2048X2048)
[2017.11.25-23.46.23:416][  0]LogTexture:Display: Building textures: Erika_Archer_Clothes_diffuse (AutoDXT, 2048X2048)
[2017.11.25-23.46.24:490][  0]LogMaterial: Missing cached shader map for material Akai_MAT, compiling. 
[2017.11.25-23.46.24:900][  0]LogTexture:Display: Building textures: Texture2D_7 (BGRA8, 128X128)
[2017.11.25-23.46.24:902][  0]LogTexture:Display: Building textures: Texture2D_30 (BGRA8, 128X128)
[2017.11.25-23.46.24:904][  0]LogTexture:Display: Building textures: Texture2D_22 (BGRA8, 128X128)
[2017.11.25-23.46.24:905][  0]LogTexture:Display: Building textures: Texture2D_47 (BGRA8, 128X128)
[2017.11.25-23.46.24:906][  0]LogTexture:Display: Building textures: Texture2D_48 (BGRA8, 128X128)
[2017.11.25-23.46.24:906][  0]LogTexture:Display: Building textures: Texture2D_32 (BGRA8, 128X128)
[2017.11.25-23.46.24:907][  0]LogTexture:Display: Building textures: Texture2D_27 (BGRA8, 128X128)
[2017.11.25-23.46.24:909][  0]LogTexture:Display: Building textures: Texture2D_10 (BGRA8, 128X128)
[2017.11.25-23.46.24:909][  0]LogTexture:Display: Building textures: Texture2D_11 (BGRA8, 128X128)
[2017.11.25-23.46.24:911][  0]LogTexture:Display: Building textures: Texture2D_2 (BGRA8, 128X128)
[2017.11.25-23.46.24:912][  0]LogTexture:Display: Building textures: Texture2D_9 (BGRA8, 128X128)
[2017.11.25-23.46.24:914][  0]LogTexture:Display: Building textures: Texture2D_12 (BGRA8, 128X128)
[2017.11.25-23.46.24:915][  0]LogTexture:Display: Building textures: Texture2D_13 (BGRA8, 128X128)
[2017.11.25-23.46.24:917][  0]LogTexture:Display: Building textures: Texture2D_26 (BGRA8, 128X128)
[2017.11.25-23.46.24:922][  0]LogTexture:Display: Building textures: Texture2D_43 (BGRA8, 128X128)
[2017.11.25-23.46.24:924][  0]LogTexture:Display: Building textures: Texture2D_36 (BGRA8, 128X128)
[2017.11.25-23.46.24:926][  0]LogTexture:Display: Building textures: Texture2D_1 (BGRA8, 128X128)
[2017.11.25-23.46.24:929][  0]LogTexture:Display: Building textures: Texture2D_31 (BGRA8, 128X128)
[2017.11.25-23.46.24:931][  0]LogTexture:Display: Building textures: Texture2D_14 (BGRA8, 128X128)
[2017.11.25-23.46.24:932][  0]LogTexture:Display: Building textures: Texture2D_8 (BGRA8, 128X128)
[2017.11.25-23.46.24:933][  0]LogTexture:Display: Building textures: Texture2D_41 (BGRA8, 128X128)
[2017.11.25-23.46.24:934][  0]LogTexture:Display: Building textures: Texture2D_42 (BGRA8, 128X128)
[2017.11.25-23.46.24:935][  0]LogTexture:Display: Building textures: Texture2D_15 (BGRA8, 128X128)
[2017.11.25-23.46.24:936][  0]LogTexture:Display: Building textures: Texture2D_20 (BGRA8, 128X128)
[2017.11.25-23.46.24:937][  0]LogTexture:Display: Building textures: Texture2D_21 (BGRA8, 128X128)
[2017.11.25-23.46.24:938][  0]LogTexture:Display: Building textures: Texture2D_49 (BGRA8, 128X128)
[2017.11.25-23.46.24:939][  0]LogTexture:Display: Building textures: Texture2D_16 (BGRA8, 128X128)
[2017.11.25-23.46.24:940][  0]LogTexture:Display: Building textures: Texture2D_39 (BGRA8, 128X128)
[2017.11.25-23.46.24:940][  0]LogTexture:Display: Building textures: Texture2D_19 (BGRA8, 128X128)
[2017.11.25-23.46.24:941][  0]LogTexture:Display: Building textures: Texture2D_17 (BGRA8, 128X128)
[2017.11.25-23.46.24:942][  0]LogTexture:Display: Building textures: Texture2D_40 (BGRA8, 128X128)
[2017.11.25-23.46.24:943][  0]LogTexture:Display: Building textures: Texture2D_58 (BGRA8, 128X128)
[2017.11.25-23.46.24:944][  0]LogTexture:Display: Building textures: Texture2D_50 (BGRA8, 128X128)
[2017.11.25-23.46.24:945][  0]LogTexture:Display: Building textures: Texture2D_23 (BGRA8, 128X128)
[2017.11.25-23.46.24:946][  0]LogTexture:Display: Building textures: Texture2D_0 (BGRA8, 128X128)
[2017.11.25-23.46.24:948][  0]LogTexture:Display: Building textures: Texture2D_6 (BGRA8, 128X128)
[2017.11.25-23.46.24:950][  0]LogTexture:Display: Building textures: Texture2D_53 (BGRA8, 128X128)
[2017.11.25-23.46.24:951][  0]LogTexture:Display: Building textures: Texture2D_3 (BGRA8, 128X128)
[2017.11.25-23.46.24:952][  0]LogTexture:Display: Building textures: Texture2D_51 (BGRA8, 128X128)
[2017.11.25-23.46.24:953][  0]LogTexture:Display: Building textures: Texture2D_37 (BGRA8, 128X128)
[2017.11.25-23.46.24:955][  0]LogTexture:Display: Building textures: Texture2D_24 (BGRA8, 128X128)
[2017.11.25-23.46.24:955][  0]LogTexture:Display: Building textures: Texture2D_4 (BGRA8, 128X128)
[2017.11.25-23.46.24:957][  0]LogTexture:Display: Building textures: Texture2D_28 (BGRA8, 128X128)
[2017.11.25-23.46.24:958][  0]LogTexture:Display: Building textures: Texture2D_5 (BGRA8, 128X128)
[2017.11.25-23.46.24:959][  0]LogTexture:Display: Building textures: Texture2D_35 (BGRA8, 128X128)
[2017.11.25-23.46.24:960][  0]LogTexture:Display: Building textures: Texture2D_38 (BGRA8, 128X128)
[2017.11.25-23.46.24:961][  0]LogTexture:Display: Building textures: Texture2D_34 (BGRA8, 128X128)
[2017.11.25-23.46.24:962][  0]LogTexture:Display: Building textures: Texture2D_55 (BGRA8, 128X128)
[2017.11.25-23.46.24:962][  0]LogTexture:Display: Building textures: Texture2D_54 (BGRA8, 128X128)
[2017.11.25-23.46.24:963][  0]LogTexture:Display: Building textures: Texture2D_52 (BGRA8, 128X128)
[2017.11.25-23.46.24:964][  0]LogTexture:Display: Building textures: Texture2D_25 (BGRA8, 128X128)
[2017.11.25-23.46.24:965][  0]LogTexture:Display: Building textures: Texture2D_33 (BGRA8, 128X128)
[2017.11.25-23.46.24:966][  0]LogTexture:Display: Building textures: Texture2D_29 (BGRA8, 128X128)
[2017.11.25-23.46.24:967][  0]LogTexture:Display: Building textures: Texture2D_44 (BGRA8, 128X128)
[2017.11.25-23.46.24:968][  0]LogTexture:Display: Building textures: Texture2D_45 (BGRA8, 128X128)
[2017.11.25-23.46.24:969][  0]LogTexture:Display: Building textures: Texture2D_46 (BGRA8, 128X128)
[2017.11.25-23.46.27:496][  0]LogTexture:Display: Building textures: T_BaseRock (AutoDXT, 4096X4096)
[2017.11.25-23.46.33:363][  0]LogMaterial: Missing cached shader map for material M_LandscapeMaterial, compiling. 
[2017.11.25-23.46.33:525][  0]LogMaterial: Missing cached shader map for material M_LandscapeMaterial, compiling. 
[2017.11.25-23.46.33:597][  0]LogMaterial: Missing cached shader map for material M_LandscapeMaterial, compiling. 
[2017.11.25-23.46.33:645][  0]LogMaterial: Missing cached shader map for material M_LandscapeMaterial, compiling. 
[2017.11.25-23.46.33:690][  0]LogTexture:Display: Building textures: Texture2D_134 (BGRA8, 128X128)
[2017.11.25-23.46.33:692][  0]LogTexture:Display: Building textures: Texture2D_135 (BGRA8, 128X128)
[2017.11.25-23.46.33:693][  0]LogTexture:Display: Building textures: Texture2D_136 (BGRA8, 128X128)
[2017.11.25-23.46.33:695][  0]LogTexture:Display: Building textures: Texture2D_137 (BGRA8, 128X128)
[2017.11.25-23.46.33:700][  0]LogMaterial: Missing cached shader map for material M_LandscapeMaterial, compiling. 
[2017.11.25-23.46.33:742][  0]LogTexture:Display: Building textures: Texture2D_138 (BGRA8, 128X128)
[2017.11.25-23.46.33:744][  0]LogTexture:Display: Building textures: Texture2D_139 (BGRA8, 128X128)
[2017.11.25-23.46.33:745][  0]LogTexture:Display: Building textures: Texture2D_140 (BGRA8, 128X128)
[2017.11.25-23.46.33:746][  0]LogTexture:Display: Building textures: Texture2D_141 (BGRA8, 128X128)
[2017.11.25-23.46.33:747][  0]LogTexture:Display: Building textures: Texture2D_142 (BGRA8, 128X128)
[2017.11.25-23.46.33:748][  0]LogTexture:Display: Building textures: Texture2D_143 (BGRA8, 128X128)
[2017.11.25-23.46.33:749][  0]LogTexture:Display: Building textures: Texture2D_74 (BGRA8, 128X128)
[2017.11.25-23.46.33:750][  0]LogTexture:Display: Building textures: Texture2D_75 (BGRA8, 128X128)
[2017.11.25-23.46.33:751][  0]LogTexture:Display: Building textures: Texture2D_76 (BGRA8, 128X128)
[2017.11.25-23.46.33:753][  0]LogTexture:Display: Building textures: Texture2D_77 (BGRA8, 128X128)
[2017.11.25-23.46.33:754][  0]LogTexture:Display: Building textures: Texture2D_78 (BGRA8, 128X128)
[2017.11.25-23.46.33:756][  0]LogTexture:Display: Building textures: Texture2D_79 (BGRA8, 128X128)
[2017.11.25-23.46.33:757][  0]LogTexture:Display: Building textures: Texture2D_80 (BGRA8, 128X128)
[2017.11.25-23.46.33:758][  0]LogTexture:Display: Building textures: Texture2D_83 (BGRA8, 128X128)
[2017.11.25-23.46.33:759][  0]LogTexture:Display: Building textures: Texture2D_84 (BGRA8, 128X128)
[2017.11.25-23.46.33:760][  0]LogTexture:Display: Building textures: Texture2D_85 (BGRA8, 128X128)
[2017.11.25-23.46.33:762][  0]LogTexture:Display: Building textures: Texture2D_86 (BGRA8, 128X128)
[2017.11.25-23.46.33:763][  0]LogTexture:Display: Building textures: Texture2D_87 (BGRA8, 128X128)
[2017.11.25-23.46.33:764][  0]LogTexture:Display: Building textures: Texture2D_88 (BGRA8, 128X128)
[2017.11.25-23.46.33:765][  0]LogTexture:Display: Building textures: Texture2D_89 (BGRA8, 128X128)
[2017.11.25-23.46.33:767][  0]LogTexture:Display: Building textures: Texture2D_90 (BGRA8, 128X128)
[2017.11.25-23.46.33:768][  0]LogTexture:Display: Building textures: Texture2D_91 (BGRA8, 128X128)
[2017.11.25-23.46.33:769][  0]LogTexture:Display: Building textures: Texture2D_92 (BGRA8, 128X128)
[2017.11.25-23.46.33:771][  0]LogTexture:Display: Building textures: Texture2D_93 (BGRA8, 128X128)
[2017.11.25-23.46.33:772][  0]LogTexture:Display: Building textures: Texture2D_94 (BGRA8, 128X128)
[2017.11.25-23.46.33:773][  0]LogTexture:Display: Building textures: Texture2D_95 (BGRA8, 128X128)
[2017.11.25-23.46.33:774][  0]LogTexture:Display: Building textures: Texture2D_96 (BGRA8, 128X128)
[2017.11.25-23.46.33:775][  0]LogTexture:Display: Building textures: Texture2D_97 (BGRA8, 128X128)
[2017.11.25-23.46.33:777][  0]LogTexture:Display: Building textures: Texture2D_98 (BGRA8, 128X128)
[2017.11.25-23.46.33:778][  0]LogTexture:Display: Building textures: Texture2D_99 (BGRA8, 128X128)
[2017.11.25-23.46.33:780][  0]LogTexture:Display: Building textures: Texture2D_100 (BGRA8, 128X128)
[2017.11.25-23.46.33:781][  0]LogTexture:Display: Building textures: Texture2D_101 (BGRA8, 128X128)
[2017.11.25-23.46.33:783][  0]LogTexture:Display: Building textures: Texture2D_72 (BGRA8, 128X128)
[2017.11.25-23.46.33:786][  0]LogTexture:Display: Building textures: Texture2D_102 (BGRA8, 128X128)
[2017.11.25-23.46.33:787][  0]LogTexture:Display: Building textures: Texture2D_103 (BGRA8, 128X128)
[2017.11.25-23.46.33:788][  0]LogTexture:Display: Building textures: Texture2D_104 (BGRA8, 128X128)
[2017.11.25-23.46.33:789][  0]LogTexture:Display: Building textures: Texture2D_111 (BGRA8, 128X128)
[2017.11.25-23.46.33:790][  0]LogTexture:Display: Building textures: Texture2D_122 (BGRA8, 128X128)
[2017.11.25-23.46.33:793][  0]LogTexture:Display: Building textures: Texture2D_133 (BGRA8, 128X128)
[2017.11.25-23.46.33:795][  0]LogTexture:Display: Building textures: Texture2D_73 (BGRA8, 128X128)
[2017.11.25-23.46.33:797][  0]LogTexture:Display: Building textures: Texture2D_105 (BGRA8, 128X128)
[2017.11.25-23.46.33:798][  0]LogTexture:Display: Building textures: Texture2D_106 (BGRA8, 128X128)
[2017.11.25-23.46.33:800][  0]LogTexture:Display: Building textures: Texture2D_107 (BGRA8, 128X128)
[2017.11.25-23.46.33:801][  0]LogTexture:Display: Building textures: Texture2D_108 (BGRA8, 128X128)
[2017.11.25-23.46.33:801][  0]LogTexture:Display: Building textures: Texture2D_109 (BGRA8, 128X128)
[2017.11.25-23.46.33:802][  0]LogTexture:Display: Building textures: Texture2D_110 (BGRA8, 128X128)
[2017.11.25-23.46.33:804][  0]LogTexture:Display: Building textures: Texture2D_112 (BGRA8, 128X128)
[2017.11.25-23.46.33:805][  0]LogTexture:Display: Building textures: Texture2D_113 (BGRA8, 128X128)
[2017.11.25-23.46.33:807][  0]LogTexture:Display: Building textures: Texture2D_114 (BGRA8, 128X128)
[2017.11.25-23.46.33:808][  0]LogTexture:Display: Building textures: Texture2D_115 (BGRA8, 128X128)
[2017.11.25-23.46.33:809][  0]LogTexture:Display: Building textures: Texture2D_116 (BGRA8, 128X128)
[2017.11.25-23.46.33:810][  0]LogTexture:Display: Building textures: Texture2D_117 (BGRA8, 128X128)
[2017.11.25-23.46.33:811][  0]LogTexture:Display: Building textures: Texture2D_118 (BGRA8, 128X128)
[2017.11.25-23.46.33:812][  0]LogTexture:Display: Building textures: Texture2D_119 (BGRA8, 128X128)
[2017.11.25-23.46.33:813][  0]LogTexture:Display: Building textures: Texture2D_120 (BGRA8, 128X128)
[2017.11.25-23.46.33:814][  0]LogTexture:Display: Building textures: Texture2D_121 (BGRA8, 128X128)
[2017.11.25-23.46.33:816][  0]LogTexture:Display: Building textures: Texture2D_123 (BGRA8, 128X128)
[2017.11.25-23.46.33:817][  0]LogTexture:Display: Building textures: Texture2D_124 (BGRA8, 128X128)
[2017.11.25-23.46.33:818][  0]LogTexture:Display: Building textures: Texture2D_125 (BGRA8, 128X128)
[2017.11.25-23.46.33:819][  0]LogTexture:Display: Building textures: Texture2D_126 (BGRA8, 128X128)
[2017.11.25-23.46.33:821][  0]LogTexture:Display: Building textures: Texture2D_127 (BGRA8, 128X128)
[2017.11.25-23.46.33:822][  0]LogTexture:Display: Building textures: Texture2D_128 (BGRA8, 128X128)
[2017.11.25-23.46.33:823][  0]LogTexture:Display: Building textures: Texture2D_129 (BGRA8, 128X128)
[2017.11.25-23.46.33:825][  0]LogTexture:Display: Building textures: Texture2D_130 (BGRA8, 128X128)
[2017.11.25-23.46.33:826][  0]LogTexture:Display: Building textures: Texture2D_131 (BGRA8, 128X128)
[2017.11.25-23.46.33:827][  0]LogTexture:Display: Building textures: Texture2D_132 (BGRA8, 128X128)
[2017.11.25-23.46.33:928][  0]LogStaticMesh: Building static mesh BSPCastleStaticMesh...
[2017.11.25-23.46.33:951][  0]LogMeshUtilities: Invalid vertex normals found for mesh. Forcing recomputation of vertex normals for MikkTSpace. Fix mesh or disable "Use MikkTSpace Tangent Space" to avoid forced recomputation of normals.
[2017.11.25-23.46.34:419][  0]LogStaticMesh: Built static mesh [0.49s] /Game/StaticMeshes/BSPCastleStaticMesh.BSPCastleStaticMesh
[2017.11.25-23.46.34:480][  0]LogStaticMesh: Building static mesh BrazierMesh...
[2017.11.25-23.46.34:482][  0]LogMeshUtilities: Invalid vertex normals found for mesh. Forcing recomputation of vertex normals for MikkTSpace. Fix mesh or disable "Use MikkTSpace Tangent Space" to avoid forced recomputation of normals.
[2017.11.25-23.46.34:696][  0]LogStaticMesh: Built static mesh [0.22s] /Game/StaticMeshes/BrazierMesh.BrazierMesh
[2017.11.25-23.46.34:717][  0]LogStaticMesh: Building static mesh WinterlevelTest001...
[2017.11.25-23.46.35:912][  0]LogStaticMesh: Built static mesh [1.20s] /Game/StaticMeshes/WinterlevelTest001.WinterlevelTest001
[2017.11.25-23.46.36:332][  0]LogMaterial: Missing cached shader map for material initialShadingGroup, compiling. 
[2017.11.25-23.46.36:557][  0]LogStaticMesh: Building static mesh Merged_Catapult_mesh...
[2017.11.25-23.46.36:959][  0]LogStaticMesh: Built static mesh [0.40s] /Game/StaticMeshes/Merged_Catapult_mesh.Merged_Catapult_mesh
[2017.11.25-23.46.37:058][  0]LogAnimationCompression: Building Anim DDC data for AnimSequence /Game/AnimationAssets/Mixamo_J_Nordstrom/Animations/Working_On_Device.Working_On_Device
[2017.11.25-23.46.37:081][  0]LogAnimationCompression: Building Anim DDC data for AnimSequence /Game/AnimationAssets/Mixamo_J_Nordstrom/Animations/Pushing_In_Place.Pushing_In_Place
[2017.11.25-23.46.37:090][  0]LogAnimationCompression: Building Anim DDC data for AnimSequence /Game/AnimationAssets/Mixamo_J_Nordstrom/Animations/sword_and_shield_slash.sword_and_shield_slash
[2017.11.25-23.46.37:095][  0]LogAnimationCompression: Building Anim DDC data for AnimSequence /Game/AnimationAssets/Mixamo_J_Nordstrom/Animations/Sword_And_Shield_Run_In_Place.Sword_And_Shield_Run_In_Place
[2017.11.25-23.46.37:102][  0]LogAnimationCompression: Building Anim DDC data for AnimSequence /Game/AnimationAssets/Mixamo_J_Nordstrom/Animations/sword_and_shield_idle.sword_and_shield_idle
[2017.11.25-23.46.37:157][  0]LogMaterial: Missing cached shader map for material lambert1, compiling. 
[2017.11.25-23.46.37:176][  0]LogStaticMesh: Building static mesh ArcheryTragetStaticMesh...
[2017.11.25-23.46.37:177][  0]LogMeshUtilities: Invalid vertex normals found for mesh. Forcing recomputation of vertex normals for MikkTSpace. Fix mesh or disable "Use MikkTSpace Tangent Space" to avoid forced recomputation of normals.
[2017.11.25-23.46.37:209][  0]LogStaticMesh: Built static mesh [0.03s] /Game/StaticMeshes/ArcheryTragetStaticMesh.ArcheryTragetStaticMesh
[2017.11.25-23.46.38:678][  0]LogTexture:Display: Building textures: Paladin_diffuse (AutoDXT, 2048X2048)
[2017.11.25-23.46.39:813][  0]LogTexture:Display: Building textures: Paladin_normal (BC5, 2048X2048)
[2017.11.25-23.46.40:395][  0]LogTexture:Display: Building textures: Paladin_specular (AutoDXT, 2048X2048)
[2017.11.25-23.46.41:233][  0]LogMaterial: Missing cached shader map for material Paladin_MAT, compiling. 
[2017.11.25-23.46.41:284][  0]LogAudioDerivedData:Display: Building compressed audio format OGG wave Arrow_Impact_Gravel_9...
[2017.11.25-23.46.41:294][  0]LogAudioDerivedData:Display: Building compressed audio format OGG wave Arrow_impact_dowel_4...
[2017.11.25-23.46.41:307][  0]LogAudioDerivedData:Display: Building compressed audio format OGG wave Arrow_Impact_Dowel_3...
[2017.11.25-23.46.41:325][  0]LogAudioDerivedData:Display: Building compressed audio format OGG wave Arrow_Impact_Dowel_2...
[2017.11.25-23.46.41:341][  0]LogAudioDerivedData:Display: Building compressed audio format OGG wave Arrow_Impact_Gravel_1...
[2017.11.25-23.46.41:351][  0]LogAudioDerivedData:Display: Building compressed audio format OGG wave Arrow_Impact_Gravel_10...
[2017.11.25-23.46.41:361][  0]LogAudioDerivedData:Display: Building compressed audio format OGG wave Arrow_impact_Dowel_8...
[2017.11.25-23.46.41:371][  0]LogAudioDerivedData:Display: Building compressed audio format OGG wave Arrow_Impact_Dowel_7...
[2017.11.25-23.46.41:380][  0]LogAudioDerivedData:Display: Building compressed audio format OGG wave Arrow_Impact_Dowel_5...
[2017.11.25-23.46.41:413][  0]LogAudioDerivedData:Display: Building compressed audio format OGG wave Arrow_Im_pact_Gravel_7...
[2017.11.25-23.46.41:422][  0]LogAudioDerivedData:Display: Building compressed audio format OGG wave Arrow_Impact_Dowel_1...
[2017.11.25-23.46.41:459][  0]LogClass:Warning: Enum '/Game/Vive/Blueprints/Enum_GameStatus.Enum_GameStatus' was upgraded to use FText to store its display name data. Please re-save this asset to avoid issues with localization and determinstic cooking.
[2017.11.25-23.46.41:548][  0]LogMaterial: Missing cached shader map for material M_TestBaseRock, compiling. 
[2017.11.25-23.46.41:568][  0]LogMaterial: Missing cached shader map for material M_OutlineTest01, compiling. 
[2017.11.25-23.46.41:580][  0]LogTexture:Display: Building textures: CLUT_CelShadingTest (BGRA8, 1X128)
[2017.11.25-23.46.41:589][  0]LogMaterial: Missing cached shader map for material M_CelShadingTest, compiling. 
[2017.11.25-23.46.41:606][  0]LogMaterial: Missing cached shader map for material T_Wood_Walnut_Mat, compiling. 
[2017.11.25-23.46.41:839][  0]LogTexture:Display: Building textures: Knight_specular (AutoDXT, 2048X2048)
[2017.11.25-23.46.43:035][  0]LogTexture:Display: Building textures: Knight_normal (BC5, 2048X2048)
[2017.11.25-23.46.43:717][  0]LogTexture:Display: Building textures: Knight_diffuse (AutoDXT, 2048X2048)
[2017.11.25-23.46.45:030][  0]LogMaterial: Missing cached shader map for material Knight_MAT, compiling. 
[2017.11.25-23.46.45:166][  0]LogAnimationCompression: Building Anim DDC data for AnimSequence /Game/AnimationAssets/Mixamo_Erika/Animations/Shooting_Arrow_Anim.Shooting_Arrow_Anim
[2017.11.25-23.46.45:180][  0]LogAnimationCompression: Building Anim DDC data for AnimSequence /Game/AnimationAssets/Mixamo_Erika/Animations/standing_Run_In_Place.standing_Run_In_Place
[2017.11.25-23.46.45:280][  0]LogAIModule: Creating AISystem for world default
[2017.11.25-23.46.46:074][  0]LogEditorServer: Finished looking for orphan Actors (0.001 secs)
[2017.11.25-23.46.46:230][  0]Cmd: MAP CHECKDEP NOCLEARLOG
[2017.11.25-23.46.46:315][  0]MapCheck: Info Map check complete: 0 Error(s), 0 Warning(s), took 85.721ms to complete.
[2017.11.25-23.46.46:316][  0]LogFileHelpers: Loading map 'default' took 39.076
[2017.11.25-23.46.46:877][  0]LogCollectionManager: Loaded 0 collections in 0.002322 seconds
[2017.11.25-23.46.46:994][  0]LogFileCache: Scanning file cache for directory 'D:/CastleGuardCurrent/CastleGuardPhase2/CastleGuardReborn/Saved/Collections/' took 0.01s
[2017.11.25-23.46.46:994][  0]LogFileCache: Scanning file cache for directory 'D:/CastleGuardCurrent/CastleGuardPhase2/CastleGuardReborn/Content/Developers/studentuser/Collections/' took 0.01s
[2017.11.25-23.46.46:994][  0]LogFileCache: Scanning file cache for directory 'D:/CastleGuardCurrent/CastleGuardPhase2/CastleGuardReborn/Content/Collections/' took 0.01s
[2017.11.25-23.46.46:994][  0]LogCollectionManager: Rebuilt the GUID cache for 0 collections in 0.000004 seconds
[2017.11.25-23.46.47:011][  0]LogContentBrowser: Native class hierarchy populated in 0.0144 seconds. Added 2330 classes and 494 folders.
[2017.11.25-23.46.47:123][  0]LogContentBrowser: Native class hierarchy updated for 'WidgetCarousel' in 0.0008 seconds. Added 0 classes and 0 folders.
[2017.11.25-23.46.47:992][  0]LogContentBrowser: Native class hierarchy updated for 'AddContentDialog' in 0.0008 seconds. Added 0 classes and 0 folders.
[2017.11.25-23.46.48:074][  0]LogContentBrowser: Native class hierarchy updated for 'SceneOutliner' in 0.0009 seconds. Added 1 classes and 2 folders.
[2017.11.25-23.46.48:203][  0]LogCrashTracker: Crashtracker disabled due to settings.
[2017.11.25-23.46.48:227][  0]LogSlate: Took 0.007971 seconds to synchronously load lazily loaded font '../../../Engine/Content/Slate/Fonts/Roboto-Regular.ttf' (155K)
[2017.11.25-23.46.48:239][  0]LogSlate: Took 0.008328 seconds to synchronously load lazily loaded font '../../../Engine/Content/Slate/Fonts/Roboto-Bold.ttf' (160K)
[2017.11.25-23.46.48:256][  0]LogSlate: Took 0.008426 seconds to synchronously load lazily loaded font '../../../Engine/Content/Editor/Slate/Fonts/FontAwesome.ttf' (139K)
[2017.11.25-23.46.48:265][  0]LogSlate: Took 0.008287 seconds to synchronously load lazily loaded font '../../../Engine/Content/Editor/Slate/Fonts/DroidSansMono.ttf' (77K)
[2017.11.25-23.46.48:588][  0]LogRenderer: Reallocating scene render targets to support 1196x576 NumSamples 1 (Frame:1).
[2017.11.25-23.46.48:879][  0]LogUObjectGlobals:Warning: Failed to find object 'Class None.'
[2017.11.25-23.46.48:980][  0]LogContentBrowser: Native class hierarchy updated for 'HierarchicalLODOutliner' in 0.0009 seconds. Added 1 classes and 2 folders.
[2017.11.25-23.46.48:980][  0]LogLoad: (Engine Initialization) Total time: 66.88 seconds
[2017.11.25-23.46.48:981][  0]LogLoad: (Engine Initialization) Total Blueprint compile time: 0.85 seconds
[2017.11.25-23.46.48:981][  0]LogExternalProfiler: Found external profiler: VSPerf
[2017.11.25-23.46.48:981][  0]LogExternalProfiler: Using external profiler: VSPerf
[2017.11.25-23.46.49:332][  0]LogOcInput: OculusInput pre-init called
[2017.11.25-23.46.49:333][  0]LogHMD: Starting GearVRController plugin
[2017.11.25-23.46.49:335][  0]LogSteamVRController: Controller role for device 1 is 0 (invalid=0, left=1, right=2).
[2017.11.25-23.46.49:335][  0]LogSteamVRController:Warning: Controller device 1 has no role set.  There is no 'right' controller according to steamvr, so we are pickign that.
[2017.11.25-23.46.49:335][  0]LogSteamVRController: Controller device 1 is being assigned unreal hand 1 (left=0, right=1).
[2017.11.25-23.46.49:335][  0]LogSteamVRController: Controller role for device 2 is 0 (invalid=0, left=1, right=2).
[2017.11.25-23.46.49:336][  0]LogSteamVRController: Putting controller 2 on the left hand because there is already a controller for the right.
[2017.11.25-23.46.49:336][  0]LogSteamVRController: Controller device 2 is being assigned unreal hand 0 (left=0, right=1).
[2017.11.25-23.46.49:384][  0]LogContentStreaming: Texture pool size now 1000 MB
[2017.11.25-23.46.49:995][  2]LogAssetRegistry: Asset discovery search completed in 56.1818 seconds
[2017.11.25-23.46.50:009][  2]LogCollectionManager: Rebuilt the object cache for 0 collections in 0.000001 seconds (found 0 objects)
[2017.11.25-23.46.50:010][  2]LogCollectionManager: Fixed up redirectors for 0 collections in 0.000341 seconds (updated 0 objects)
[2017.11.25-23.46.50:357][  3]LogSlate: Took 0.017276 seconds to synchronously load lazily loaded font '../../../Engine/Content/Slate/Fonts/Roboto-Light.ttf' (159K)
[2017.11.25-23.46.53:666][ 14]LogStreaming:Warning: Failed to open ANSI TEXT file D:/CastleGuardCurrent/CastleGuardPhase2/CastleGuardReborn/Saved/HardwareSurvey/dxdiag.txt
[2017.11.25-23.46.54:090][ 15]LogSynthBenchmark:Display: FSynthBenchmark (V0.95):  requested WorkScale=5.00
[2017.11.25-23.46.54:091][ 15]LogSynthBenchmark:Display: ===============
[2017.11.25-23.46.54:091][ 15]LogSynthBenchmark:Display: Main Processor:
[2017.11.25-23.46.54:307][ 15]LogSynthBenchmark:Display:          ... 0.023024 s/Run 'RayIntersect'
[2017.11.25-23.46.54:308][ 15]LogSynthBenchmark:Display:          ... 0.020297 s/Run 'Fractal'
[2017.11.25-23.46.54:308][ 15]LogSynthBenchmark:Display: 
[2017.11.25-23.46.54:308][ 15]LogSynthBenchmark:Display:   CompiledTarget_x_Bits: 64
[2017.11.25-23.46.54:308][ 15]LogSynthBenchmark:Display:   UE_BUILD_SHIPPING: 0
[2017.11.25-23.46.54:308][ 15]LogSynthBenchmark:Display:   UE_BUILD_TEST: 0
[2017.11.25-23.46.54:308][ 15]LogSynthBenchmark:Display:   UE_BUILD_DEBUG: 0
[2017.11.25-23.46.54:308][ 15]LogSynthBenchmark:Display:   TotalPhysicalGBRam: 16
[2017.11.25-23.46.54:308][ 15]LogSynthBenchmark:Display:   NumberOfCores (physical): 4
[2017.11.25-23.46.54:308][ 15]LogSynthBenchmark:Display:   NumberOfCores (logical): 8
[2017.11.25-23.46.54:308][ 15]LogSynthBenchmark:Display:   CPU Perf Index 0: 111.2 (weight 1.00)
[2017.11.25-23.46.54:308][ 15]LogSynthBenchmark:Display:   CPU Perf Index 1: 140.9 (weight 1.50)
[2017.11.25-23.46.54:309][ 15]LogSynthBenchmark:Display:  
[2017.11.25-23.46.54:309][ 15]LogSynthBenchmark:Display: Graphics:
[2017.11.25-23.46.54:309][ 15]LogSynthBenchmark:Display:   Adapter Name: 'NVIDIA GeForce GTX 1070'
[2017.11.25-23.46.54:309][ 15]LogSynthBenchmark:Display:   (On Optimus the name might be wrong, memory should be ok)
[2017.11.25-23.46.54:309][ 15]LogSynthBenchmark:Display:   Vendor Id: 0x10DE
[2017.11.25-23.46.54:309][ 15]LogSynthBenchmark:Display:   Device Id: 0x1B81
[2017.11.25-23.46.54:309][ 15]LogSynthBenchmark:Display:   Device Revision: 0xA1
[2017.11.25-23.46.54:309][ 15]LogSynthBenchmark:Display:   GPU Memory: 8115/0/8142 MB
[2017.11.25-23.46.54:426][ 15]LogSynthBenchmark:Display:   GPU first test: 0.01s
[2017.11.25-23.46.54:426][ 15]LogSynthBenchmark:Display:          ... 8.518 s/GigaPix, Confidence=100% 'ALUHeavyNoise' (likely to be very inaccurate)
[2017.11.25-23.46.54:426][ 15]LogSynthBenchmark:Display:          ... 8.159 s/GigaPix, Confidence=100% 'TexHeavy' (likely to be very inaccurate)
[2017.11.25-23.46.54:426][ 15]LogSynthBenchmark:Display:          ... 6.582 s/GigaPix, Confidence=89% 'DepTexHeavy' (likely to be very inaccurate)
[2017.11.25-23.46.54:426][ 15]LogSynthBenchmark:Display:          ... 28.764 s/GigaPix, Confidence=89% 'FillOnly' (likely to be very inaccurate)
[2017.11.25-23.46.54:426][ 15]LogSynthBenchmark:Display:          ... 1.247 s/GigaPix, Confidence=100% 'Bandwidth' (likely to be very inaccurate)
[2017.11.25-23.46.54:426][ 15]LogSynthBenchmark:Display:          ... 16.035 s/GigaVert, Confidence=51% 'VertThroughPut1' (likely to be very inaccurate)
[2017.11.25-23.46.54:426][ 15]LogSynthBenchmark:Display:          ... 6.723 s/GigaVert, Confidence=100% 'VertThroughPut2' (likely to be very inaccurate)
[2017.11.25-23.46.54:668][ 15]LogSynthBenchmark:Display:   GPU second test: 0.09s
[2017.11.25-23.46.54:668][ 15]LogSynthBenchmark:Display:          ... 12.332 s/GigaPix, Confidence=100% 'ALUHeavyNoise' (likely to be inaccurate)
[2017.11.25-23.46.54:669][ 15]LogSynthBenchmark:Display:          ... 10.357 s/GigaPix, Confidence=89% 'TexHeavy' (likely to be inaccurate)
[2017.11.25-23.46.54:669][ 15]LogSynthBenchmark:Display:          ... 9.494 s/GigaPix, Confidence=89% 'DepTexHeavy' (likely to be inaccurate)
[2017.11.25-23.46.54:669][ 15]LogSynthBenchmark:Display:          ... 56.136 s/GigaPix, Confidence=100% 'FillOnly' (likely to be inaccurate)
[2017.11.25-23.46.54:669][ 15]LogSynthBenchmark:Display:          ... 1.326 s/GigaPix, Confidence=89% 'Bandwidth' (likely to be inaccurate)
[2017.11.25-23.46.54:669][ 15]LogSynthBenchmark:Display:          ... 5.849 s/GigaVert, Confidence=89% 'VertThroughPut1' (likely to be inaccurate)
[2017.11.25-23.46.54:669][ 15]LogSynthBenchmark:Display:          ... 5.178 s/GigaVert, Confidence=89% 'VertThroughPut2' (likely to be inaccurate)
[2017.11.25-23.46.55:492][ 15]LogSynthBenchmark:Display:   GPU third test: 0.74s
[2017.11.25-23.46.55:492][ 15]LogSynthBenchmark:Display:          ... 16.511 s/GigaPix, Confidence=89% 'ALUHeavyNoise'
[2017.11.25-23.46.55:493][ 15]LogSynthBenchmark:Display:          ... 12.831 s/GigaPix, Confidence=89% 'TexHeavy'
[2017.11.25-23.46.55:493][ 15]LogSynthBenchmark:Display:          ... 12.278 s/GigaPix, Confidence=89% 'DepTexHeavy'
[2017.11.25-23.46.55:493][ 15]LogSynthBenchmark:Display:          ... 78.857 s/GigaPix, Confidence=89% 'FillOnly'
[2017.11.25-23.46.55:493][ 15]LogSynthBenchmark:Display:          ... 1.540 s/GigaPix, Confidence=100% 'Bandwidth'
[2017.11.25-23.46.55:493][ 15]LogSynthBenchmark:Display:          ... 4.698 s/GigaVert, Confidence=100% 'VertThroughPut1'
[2017.11.25-23.46.55:493][ 15]LogSynthBenchmark:Display:          ... 5.751 s/GigaVert, Confidence=100% 'VertThroughPut2'
[2017.11.25-23.46.55:493][ 15]LogSynthBenchmark:Display:   GPU Final Results:
[2017.11.25-23.46.55:493][ 15]LogSynthBenchmark:Display:          ... 16.511 s/GigaPix, Confidence=89% 'ALUHeavyNoise'
[2017.11.25-23.46.55:493][ 15]LogSynthBenchmark:Display:          ... 12.831 s/GigaPix, Confidence=89% 'TexHeavy'
[2017.11.25-23.46.55:493][ 15]LogSynthBenchmark:Display:          ... 12.278 s/GigaPix, Confidence=89% 'DepTexHeavy'
[2017.11.25-23.46.55:494][ 15]LogSynthBenchmark:Display:          ... 78.857 s/GigaPix, Confidence=89% 'FillOnly'
[2017.11.25-23.46.55:494][ 15]LogSynthBenchmark:Display:          ... 1.540 s/GigaPix, Confidence=100% 'Bandwidth'
[2017.11.25-23.46.55:494][ 15]LogSynthBenchmark:Display:          ... 4.698 s/GigaVert, Confidence=100% 'VertThroughPut1'
[2017.11.25-23.46.55:494][ 15]LogSynthBenchmark:Display:          ... 5.751 s/GigaVert, Confidence=100% 'VertThroughPut2'
[2017.11.25-23.46.55:494][ 15]LogSynthBenchmark:Display: 
[2017.11.25-23.46.55:494][ 15]LogSynthBenchmark:Display:   GPU Perf Index 0: 358.8 (weight 1.00)
[2017.11.25-23.46.55:494][ 15]LogSynthBenchmark:Display:   GPU Perf Index 1: 172.3 (weight 0.10)
[2017.11.25-23.46.55:494][ 15]LogSynthBenchmark:Display:   GPU Perf Index 2: 319.2 (weight 0.10)
[2017.11.25-23.46.55:494][ 15]LogSynthBenchmark:Display:   GPU Perf Index 3: 309.7 (weight 3.00)
[2017.11.25-23.46.55:494][ 15]LogSynthBenchmark:Display:   GPU Perf Index 4: 143.7 (weight 1.00)
[2017.11.25-23.46.55:494][ 15]LogSynthBenchmark:Display:   GPU Perf Index 5: 305.7 (weight 0.00)
[2017.11.25-23.46.55:494][ 15]LogSynthBenchmark:Display:   GPU Perf Index 6: 325.5 (weight 0.00)
[2017.11.25-23.46.55:494][ 15]LogSynthBenchmark:Display:   CPUIndex: 129.0
[2017.11.25-23.46.55:495][ 15]LogSynthBenchmark:Display:   GPUIndex: 284.8
[2017.11.25-23.46.55:495][ 15]LogSynthBenchmark:Display: 
[2017.11.25-23.46.55:495][ 15]LogSynthBenchmark:Display:          ... Total Time: 1.404507 sec
[2017.11.25-23.47.48:854][604]LogSlate: Only BGRA pngs, bmps or icos are supported in by External Image Picker
[2017.11.25-23.47.48:895][605]LogTemp: Executing iPhonePackager certificates Engine -bundlename com.YourCompany.CastleGuardReborn
[2017.11.25-23.47.48:895][605]LogTemp: CWD: C:\Program Files\Epic Games\UE_4.16\Engine\Binaries\DotNET\IOS
[2017.11.25-23.47.48:896][605]LogTemp: Initial Dir: C:\Program Files\Epic Games\UE_4.16
[2017.11.25-23.47.48:896][605]LogTemp: Env CWD: C:\Program Files\Epic Games\UE_4.16\Engine\Binaries\DotNET\IOS
[2017.11.25-23.47.48:896][605]LogTemp: BranchPath = LCIVAN-238-00/C/Program Files/Epic Games/UE_4.16/Engine/Binaries --- GameBranchPath = LCIVAN-238-00/C/Program Files/Epic Games/UE_4.16/Engine/Binaries
[2017.11.25-23.47.48:896][605]LogTemp: IPP ERROR: Could not find provision directory 'C:\Users\studentuser\AppData\Local/Apple Computer/MobileDevice/Provisioning Profiles/'.
[2017.11.25-23.48.59:919][244]LogBlueprintUserMessages: Early PlayInEditor Detection: Level '/Game/VirtualRealityBP/Maps/default.default:PersistentLevel' has LevelScriptBlueprint '/Game/VirtualRealityBP/Maps/default.default:PersistentLevel.default' with GeneratedClass '/Game/VirtualRealityBP/Maps/default.default_C' with ClassGeneratedBy '/Game/VirtualRealityBP/Maps/default.default:PersistentLevel.default'
[2017.11.25-23.48.59:920][244]LogPlayLevel: PlayLevel: No blueprints needed recompiling
[2017.11.25-23.48.59:923][244]PIE: New page: PIE session: default (Nov 25, 2017, 7:48:59 AM)
[2017.11.25-23.48.59:924][244]LogPlayLevel: Creating play world package: /Game/VirtualRealityBP/Maps/UEDPIE_0_default
[2017.11.25-23.49.00:078][244]LogPlayLevel: PIE: StaticDuplicateObject took: (0.154397s)
[2017.11.25-23.49.00:079][244]LogAIModule: Creating AISystem for world default
[2017.11.25-23.49.00:079][244]LogPlayLevel: PIE: World Init took: (0.000868s)
[2017.11.25-23.49.00:080][244]LogPlayLevel: PIE: Created PIE world by copying editor world from /Game/VirtualRealityBP/Maps/default.default to /Game/VirtualRealityBP/Maps/UEDPIE_0_default.default (0.156153s)
[2017.11.25-23.49.00:100][244]LogInit: XAudio2 using 'HTC-VIVE-0 (NVIDIA High Definition Audio)' : 2 channels at 48 kHz using 16 bits per sample (channel mask 0x3)
[2017.11.25-23.49.00:107][244]LogInit: FAudioDevice initialized.
[2017.11.25-23.49.00:197][244]LogLoad: Game class is 'GM_ViveGameMode_C'
[2017.11.25-23.49.00:214][244]LogWorld: Bringing World /Game/VirtualRealityBP/Maps/UEDPIE_0_default.default up for play (max tick rate 0) at 2017.11.25-15.49.00
[2017.11.25-23.49.00:219][244]LogWorld: Bringing up level for play took: 0.018790
[2017.11.25-23.49.00:255][244]LogContentBrowser: Native class hierarchy updated for 'MovieSceneCapture' in 0.0005 seconds. Added 11 classes and 0 folders.
[2017.11.25-23.49.00:256][244]LogGameMode:Display: Match State Changed from EnteringMap to WaitingToStart
[2017.11.25-23.49.00:256][244]LogGameState: Match State Changed from EnteringMap to WaitingToStart
[2017.11.25-23.49.00:256][244]LogGameMode:Display: Match State Changed from WaitingToStart to InProgress
[2017.11.25-23.49.00:262][244]LogGameState: Match State Changed from WaitingToStart to InProgress
[2017.11.25-23.49.00:265][244]PIE: Info Play in editor start time for /Game/VirtualRealityBP/Maps/UEDPIE_0_default 0.116
[2017.11.25-23.49.00:266][244]LogBlueprintUserMessages: Late PlayInEditor Detection: Level '/Game/VirtualRealityBP/Maps/default.default:PersistentLevel' has LevelScriptBlueprint '/Game/VirtualRealityBP/Maps/default.default:PersistentLevel.default' with GeneratedClass '/Game/VirtualRealityBP/Maps/default.default_C' with ClassGeneratedBy '/Game/VirtualRealityBP/Maps/default.default:PersistentLevel.default'
[2017.11.25-23.49.00:307][245]LogRenderer: Reallocating scene render targets to support 3024x1680 NumSamples 1 (Frame:1).
[2017.11.25-23.49.00:833][285]LogBlueprintUserMessages: Early EndPlayMap Detection: Level '/Game/VirtualRealityBP/Maps/default.default:PersistentLevel' has LevelScriptBlueprint '/Game/VirtualRealityBP/Maps/default.default:PersistentLevel.default' with GeneratedClass '/Game/VirtualRealityBP/Maps/default.default_C' with ClassGeneratedBy '/Game/VirtualRealityBP/Maps/default.default:PersistentLevel.default'
[2017.11.25-23.49.00:994][285]LogBlueprintUserMessages: Late EndPlayMap Detection: Level '/Game/VirtualRealityBP/Maps/default.default:PersistentLevel' has LevelScriptBlueprint '/Game/VirtualRealityBP/Maps/default.default:PersistentLevel.default' with GeneratedClass '/Game/VirtualRealityBP/Maps/default.default_C' with ClassGeneratedBy '/Game/VirtualRealityBP/Maps/default.default:PersistentLevel.default'
[2017.11.25-23.49.23:553][947]LogSlate: Took 0.000112 seconds to synchronously load lazily loaded font '../../../Engine/Content/Slate/Fonts/Roboto-Light.ttf' (159K)
[2017.11.25-23.49.25:046][947]LogContentBrowser: Native class hierarchy updated for 'BlueprintGraph' in 0.0008 seconds. Added 112 classes and 0 folders.
[2017.11.25-23.49.26:758][947]LogSlate: Took 0.003516 seconds to synchronously load lazily loaded font '../../../Engine/Content/Editor/Slate/Fonts/Roboto-BoldCondensed.ttf' (158K)
[2017.11.25-23.49.48:362][461]LogSlate: Took 0.003817 seconds to synchronously load lazily loaded font '../../../Engine/Content/Editor/Slate/Fonts/Roboto-Italic.ttf' (157K)
[2017.11.25-23.54.43:177][204]BlueprintLog: New page: Compile Overlord
[2017.11.25-23.54.44:057][288]Cmd: OBJ SAVEPACKAGE PACKAGE="/Game/Vive/Blueprints/WidgetUI/Overlord" FILE="D:/CastleGuardCurrent/CastleGuardPhase2/CastleGuardReborn/Content/Vive/Blueprints/WidgetUI/Overlord.uasset" SILENT=true
[2017.11.25-23.54.44:115][288]LogSavePackage: Save=49.78ms
[2017.11.25-23.54.44:115][288]LogSavePackage: Moving 'D:/CastleGuardCurrent/CastleGuardPhase2/CastleGuardReborn/Saved/OverlordBC16F27A4EDBE8BE0EA13F8F1E6E6AE8.tmp' to 'D:/CastleGuardCurrent/CastleGuardPhase2/CastleGuardReborn/Content/Vive/Blueprints/WidgetUI/Overlord.uasset'
[2017.11.25-23.54.44:120][288]LogSavePackage:Display: Finished SavePackage D:/CastleGuardCurrent/CastleGuardPhase2/CastleGuardReborn/Content/Vive/Blueprints/WidgetUI/Overlord.uasset
[2017.11.25-23.55.11:956][448]BlueprintLog: New page: Compile Overlord
[2017.11.25-23.55.12:539][486]Cmd: OBJ SAVEPACKAGE PACKAGE="/Game/Vive/Blueprints/WidgetUI/Overlord" FILE="D:/CastleGuardCurrent/CastleGuardPhase2/CastleGuardReborn/Content/Vive/Blueprints/WidgetUI/Overlord.uasset" SILENT=true
[2017.11.25-23.55.12:585][486]LogSavePackage: Save=43.91ms
[2017.11.25-23.55.12:585][486]LogSavePackage: Moving 'D:/CastleGuardCurrent/CastleGuardPhase2/CastleGuardReborn/Saved/OverlordD56A8902488607BA08A5C988D30C426D.tmp' to 'D:/CastleGuardCurrent/CastleGuardPhase2/CastleGuardReborn/Content/Vive/Blueprints/WidgetUI/Overlord.uasset'
[2017.11.25-23.55.12:586][486]LogSavePackage:Display: Finished SavePackage D:/CastleGuardCurrent/CastleGuardPhase2/CastleGuardReborn/Content/Vive/Blueprints/WidgetUI/Overlord.uasset
[2017.11.25-23.55.19:772][944]LogSlate: Took 0.000113 seconds to synchronously load lazily loaded font '../../../Engine/Content/Slate/Fonts/Roboto-Regular.ttf' (155K)
[2017.11.25-23.55.20:289][944]LogSavePackage: Save=3351.16ms
[2017.11.25-23.55.20:289][944]LogSavePackage: Moving 'D:/CastleGuardCurrent/CastleGuardPhase2/CastleGuardReborn/Saved/defaultEF7547D249AD345374F9DB8271F9A77F.tmp' to 'D:/CastleGuardCurrent/CastleGuardPhase2/CastleGuardReborn/Content/VirtualRealityBP/Maps/default.umap'
[2017.11.25-23.55.20:293][944]LogSavePackage:Display: Finished SavePackage D:/CastleGuardCurrent/CastleGuardPhase2/CastleGuardReborn/Content/VirtualRealityBP/Maps/default.umap
[2017.11.25-23.55.20:354][944]LogFileHelpers: Saving map 'default' took 3.496
[2017.11.26-03.31.02:178][996]LogWindowsTextInputMethodSystem:Display: IME system now deactivated.
[2017.11.26-03.31.03:184][996]LogWindowsTextInputMethodSystem:Display: IME system now activated using TSF (Microsoft IME).
[2017.11.26-03.31.05:727][168]Cmd: QUIT_EDITOR
[2017.11.26-03.31.05:782][168]LogWindowsTextInputMethodSystem:Display: IME system now activated using TSF (Microsoft IME).
[2017.11.26-03.31.05:797][168]LogExit: Preparing to exit.
[2017.11.26-03.31.06:620][168]LogExit: Editor shut down
[2017.11.26-03.31.06:642][168]LogExit: Transaction tracking system shut down
[2017.11.26-03.31.07:024][168]LogObj: Freed 0b from 0 cluster array pools.
[2017.11.26-03.31.07:024][168]LogExit: Object subsystem successfully closed.
[2017.11.26-03.31.07:078][168]LogD3D11RHI: Shutdown
[2017.11.26-03.31.07:078][168]LogD3D11RHI: CleanupD3DDevice
[2017.11.26-03.31.07:083][168]LogD3D11RHI: ~FD3D11DynamicRHI
[2017.11.26-03.31.07:110][168]LogModuleManager: Shutting down and abandoning module BlueprintGraph (536)
[2017.11.26-03.31.07:110][168]LogModuleManager: Shutting down and abandoning module BlueprintProfiler (534)
[2017.11.26-03.31.07:111][168]LogModuleManager: Shutting down and abandoning module MovieSceneCapture (532)
[2017.11.26-03.31.07:111][168]LogModuleManager: Shutting down and abandoning module ExternalImagePicker (530)
[2017.11.26-03.31.07:111][168]LogModuleManager: Shutting down and abandoning module SynthBenchmark (528)
[2017.11.26-03.31.07:111][168]LogModuleManager: Shutting down and abandoning module HierarchicalLODOutliner (526)
[2017.11.26-03.31.07:111][168]LogModuleManager: Shutting down and abandoning module CrashTracker (524)
[2017.11.26-03.31.07:111][168]LogModuleManager: Shutting down and abandoning module SceneOutliner (522)
[2017.11.26-03.31.07:112][168]LogModuleManager: Shutting down and abandoning module AddContentDialog (520)
[2017.11.26-03.31.07:112][168]LogDirectoryWatcher: A directory notification for 'C:/Program Files/Epic Games/UE_4.16/FeaturePacks/' was aborted.
[2017.11.26-03.31.07:116][168]LogModuleManager: Shutting down and abandoning module WidgetCarousel (519)
[2017.11.26-03.31.07:116][168]LogModuleManager: Shutting down and abandoning module EditorWidgets (516)
[2017.11.26-03.31.07:116][168]LogModuleManager: Shutting down and abandoning module CollectionManager (514)
[2017.11.26-03.31.07:116][168]LogDirectoryWatcher: A directory notification for 'D:/CastleGuardCurrent/CastleGuardPhase2/CastleGuardReborn/Content/Collections/' was aborted.
[2017.11.26-03.31.07:116][168]LogDirectoryWatcher: A directory notification for 'D:/CastleGuardCurrent/CastleGuardPhase2/CastleGuardReborn/Content/Developers/studentuser/Collections/' was aborted.
[2017.11.26-03.31.07:116][168]LogDirectoryWatcher: A directory notification for 'D:/CastleGuardCurrent/CastleGuardPhase2/CastleGuardReborn/Saved/Collections/' was aborted.
[2017.11.26-03.31.07:116][168]LogModuleManager: Shutting down and abandoning module WorldBrowser (512)
[2017.11.26-03.31.07:117][168]LogModuleManager: Shutting down and abandoning module StatsViewer (510)
[2017.11.26-03.31.07:117][168]LogModuleManager: Shutting down and abandoning module FoliageEdit (508)
[2017.11.26-03.31.07:117][168]LogModuleManager: Shutting down and abandoning module LandscapeEditor (506)
[2017.11.26-03.31.07:118][168]LogModuleManager: Shutting down and abandoning module MeshPaintMode (504)
[2017.11.26-03.31.07:119][168]LogModuleManager: Shutting down and abandoning module SceneDepthPickerMode (502)
[2017.11.26-03.31.07:119][168]LogModuleManager: Shutting down and abandoning module ActorPickerMode (500)
[2017.11.26-03.31.07:119][168]LogModuleManager: Shutting down and abandoning module GeometryMode (498)
[2017.11.26-03.31.07:119][168]LogModuleManager: Shutting down and abandoning module TextureAlignMode (496)
[2017.11.26-03.31.07:119][168]LogModuleManager: Shutting down and abandoning module BspMode (494)
[2017.11.26-03.31.07:119][168]LogModuleManager: Shutting down and abandoning module HardwareSurvey (492)
[2017.11.26-03.31.07:119][168]LogModuleManager: Shutting down and abandoning module SequenceRecorderSections (490)
[2017.11.26-03.31.07:119][168]LogModuleManager: Shutting down and abandoning module AutomationWorker (488)
[2017.11.26-03.31.07:119][168]LogModuleManager: Shutting down and abandoning module MatineeToLevelSequence (486)
[2017.11.26-03.31.07:119][168]LogModuleManager: Shutting down and abandoning module LevelSequenceEditor (484)
[2017.11.26-03.31.07:122][168]LogModuleManager: Shutting down and abandoning module PlacementMode (483)
[2017.11.26-03.31.07:122][168]LogModuleManager: Shutting down and abandoning module WmfMediaFactory (480)
[2017.11.26-03.31.07:122][168]LogModuleManager: Shutting down and abandoning module WmfMediaEditor (478)
[2017.11.26-03.31.07:122][168]LogModuleManager: Shutting down and abandoning module AvfMediaFactory (476)
[2017.11.26-03.31.07:122][168]LogModuleManager: Shutting down and abandoning module AvfMediaEditor (474)
[2017.11.26-03.31.07:122][168]LogModuleManager: Shutting down and abandoning module AndroidMediaFactory (472)
[2017.11.26-03.31.07:122][168]LogModuleManager: Shutting down and abandoning module Media (471)
[2017.11.26-03.31.07:122][168]LogModuleManager: Shutting down and abandoning module AndroidMediaEditor (468)
[2017.11.26-03.31.07:122][168]LogModuleManager: Shutting down and abandoning module CharacterAI (466)
[2017.11.26-03.31.07:122][168]LogModuleManager: Shutting down and abandoning module AudioCapture (464)
[2017.11.26-03.31.07:122][168]LogModuleManager: Shutting down and abandoning module SequenceRecorder (463)
[2017.11.26-03.31.07:123][168]LogModuleManager: Shutting down and abandoning module SmartSnapping (460)
[2017.11.26-03.31.07:123][168]LogModuleManager: Shutting down and abandoning module SessionServices (458)
[2017.11.26-03.31.07:123][168]LogModuleManager: Shutting down and abandoning module ViewportSnapping (456)
[2017.11.26-03.31.07:123][168]LogModuleManager: Shutting down and abandoning module ViewportInteraction (454)
[2017.11.26-03.31.07:123][168]LogModuleManager: Shutting down and abandoning module ClothPainter (452)
[2017.11.26-03.31.07:124][168]LogModuleManager: Shutting down and abandoning module LogVisualizer (450)
[2017.11.26-03.31.07:125][168]LogModuleManager: Shutting down and abandoning module IntroTutorials (448)
[2017.11.26-03.31.07:126][168]LogModuleManager: Shutting down and abandoning module GameProjectGeneration (447)
[2017.11.26-03.31.07:127][168]LogModuleManager: Shutting down and abandoning module EditorLiveStreaming (444)
[2017.11.26-03.31.07:127][168]LogModuleManager: Shutting down and abandoning module IOSPlatformEditor (442)
[2017.11.26-03.31.07:127][168]LogModuleManager: Shutting down and abandoning module HTML5PlatformEditor (440)
[2017.11.26-03.31.07:127][168]LogModuleManager: Shutting down and abandoning module AndroidPlatformEditor (438)
[2017.11.26-03.31.07:127][168]LogModuleManager: Shutting down and abandoning module AndroidDeviceDetection (437)
[2017.11.26-03.31.07:363][168]LogModuleManager: Shutting down and abandoning module IOSRuntimeSettings (434)
[2017.11.26-03.31.07:363][168]LogModuleManager: Shutting down and abandoning module AndroidRuntimeSettings (432)
[2017.11.26-03.31.07:363][168]LogModuleManager: Shutting down and abandoning module InputBindingEditor (430)
[2017.11.26-03.31.07:363][168]LogModuleManager: Shutting down and abandoning module MergeActors (428)
[2017.11.26-03.31.07:372][168]LogModuleManager: Shutting down and abandoning module SizeMap (426)
[2017.11.26-03.31.07:372][168]LogModuleManager: Shutting down and abandoning module TreeMap (424)
[2017.11.26-03.31.07:373][168]LogModuleManager: Shutting down and abandoning module ReferenceViewer (422)
[2017.11.26-03.31.07:373][168]LogModuleManager: Shutting down and abandoning module LocalizationDashboard (420)
[2017.11.26-03.31.07:374][168]LogModuleManager: Shutting down and abandoning module LocalizationService (419)
[2017.11.26-03.31.07:375][168]LogModuleManager: Shutting down and abandoning module HardwareTargeting (416)
[2017.11.26-03.31.07:375][168]LogModuleManager: Shutting down and abandoning module DeviceProfileEditor (414)
[2017.11.26-03.31.07:375][168]LogModuleManager: Shutting down and abandoning module UndoHistory (412)
[2017.11.26-03.31.07:375][168]LogModuleManager: Shutting down and abandoning module UserFeedback (410)
[2017.11.26-03.31.07:375][168]LogModuleManager: Shutting down and abandoning module XmlParser (408)
[2017.11.26-03.31.07:375][168]LogModuleManager: Shutting down and abandoning module Blutility (406)
[2017.11.26-03.31.07:375][168]LogModuleManager: Shutting down and abandoning module ProjectSettingsViewer (404)
[2017.11.26-03.31.07:376][168]LogModuleManager: Shutting down and abandoning module ProjectTargetPlatformEditor (403)
[2017.11.26-03.31.07:376][168]LogModuleManager: Shutting down and abandoning module EditorSettingsViewer (400)
[2017.11.26-03.31.07:376][168]LogModuleManager: Shutting down and abandoning module SettingsEditor (398)
[2017.11.26-03.31.07:376][168]LogModuleManager: Shutting down and abandoning module ProjectLauncher (396)
[2017.11.26-03.31.07:377][168]LogModuleManager: Shutting down and abandoning module SessionFrontend (394)
[2017.11.26-03.31.07:377][168]LogModuleManager: Shutting down and abandoning module ProfilerClient (392)
[2017.11.26-03.31.07:378][168]LogModuleManager: Shutting down and abandoning module DeviceManager (390)
[2017.11.26-03.31.07:378][168]LogModuleManager: Shutting down and abandoning module TargetDeviceServices (389)
[2017.11.26-03.31.07:443][168]LogModuleManager: Shutting down and abandoning module AutomationController (386)
[2017.11.26-03.31.07:443][168]LogModuleManager: Shutting down and abandoning module AutomationWindow (384)
[2017.11.26-03.31.07:444][168]LogModuleManager: Shutting down and abandoning module Layers (382)
[2017.11.26-03.31.07:445][168]LogModuleManager: Shutting down and abandoning module ComponentVisualizers (380)
[2017.11.26-03.31.07:445][168]LogModuleManager: Shutting down and abandoning module DetailCustomizations (378)
[2017.11.26-03.31.07:446][168]LogModuleManager: Shutting down and abandoning module PackagesDialog (376)
[2017.11.26-03.31.07:446][168]LogModuleManager: Shutting down and abandoning module Persona (374)
[2017.11.26-03.31.07:447][168]LogModuleManager: Shutting down and abandoning module AdvancedPreviewScene (373)
[2017.11.26-03.31.07:447][168]LogModuleManager: Shutting down and abandoning module AnimGraph (371)
[2017.11.26-03.31.07:447][168]LogModuleManager: Shutting down and abandoning module Kismet (368)
[2017.11.26-03.31.07:456][168]LogModuleManager: Shutting down and abandoning module ClassViewer (366)
[2017.11.26-03.31.07:456][168]LogModuleManager: Shutting down and abandoning module Toolbox (364)
[2017.11.26-03.31.07:456][168]LogModuleManager: Shutting down and abandoning module ModuleUI (362)
[2017.11.26-03.31.07:457][168]LogModuleManager: Shutting down and abandoning module MovieSceneTools (360)
[2017.11.26-03.31.07:458][168]LogModuleManager: Shutting down and abandoning module OutputLog (358)
[2017.11.26-03.31.07:458][168]LogModuleManager: Shutting down and abandoning module GammaUI (356)
[2017.11.26-03.31.07:458][168]LogModuleManager: Shutting down and abandoning module Documentation (354)
[2017.11.26-03.31.07:459][168]LogModuleManager: Shutting down and abandoning module MovieSceneTracks (352)
[2017.11.26-03.31.07:459][168]LogModuleManager: Shutting down and abandoning module MovieScene (350)
[2017.11.26-03.31.07:459][168]LogModuleManager: Shutting down and abandoning module Niagara (348)
[2017.11.26-03.31.07:459][168]LogModuleManager: Shutting down and abandoning module NiagaraEditor (347)
[2017.11.26-03.31.07:461][168]LogModuleManager: Shutting down and abandoning module StreamingPauseRendering (344)
[2017.11.26-03.31.07:461][168]LogModuleManager: Shutting down and abandoning module AnalyticsET (342)
[2017.11.26-03.31.07:461][168]LogModuleManager: Shutting down and abandoning module PortalServices (340)
[2017.11.26-03.31.07:461][168]LogModuleManager: Shutting down and abandoning module PortalRpc (338)
[2017.11.26-03.31.07:461][168]LogModuleManager: Shutting down and abandoning module MessagingRpc (336)
[2017.11.26-03.31.07:461][168]LogModuleManager: Shutting down and abandoning module AIModule (334)
[2017.11.26-03.31.07:461][168]LogModuleManager: Shutting down and abandoning module GameplayDebugger (333)
[2017.11.26-03.31.07:462][168]LogModuleManager: Shutting down and abandoning module AITestSuite (331)
[2017.11.26-03.31.07:463][168]LogModuleManager: Shutting down and abandoning module ProfilerService (328)
[2017.11.26-03.31.07:687][168]LogModuleManager: Shutting down and abandoning module TaskGraph (326)
[2017.11.26-03.31.07:688][168]LogModuleManager: Shutting down and abandoning module SteamVRController (324)
[2017.11.26-03.31.07:688][168]LogModuleManager: Shutting down and abandoning module SteamVR (322)
[2017.11.26-03.31.07:688][168]LogModuleManager: Shutting down and abandoning module ProceduralMeshComponentEditor (320)
[2017.11.26-03.31.07:688][168]LogModuleManager: Shutting down and abandoning module ProceduralMeshComponent (318)
[2017.11.26-03.31.07:688][168]LogModuleManager: Shutting down and abandoning module OculusLibrary (316)
[2017.11.26-03.31.07:688][168]LogModuleManager: Shutting down and abandoning module OculusInput (314)
[2017.11.26-03.31.07:688][168]LogModuleManager: Shutting down and abandoning module MobilePatchingUtils (312)
[2017.11.26-03.31.07:688][168]LogModuleManager: Shutting down and abandoning module CustomMeshComponent (310)
[2017.11.26-03.31.07:688][168]LogModuleManager: Shutting down and abandoning module CableComponent (308)
[2017.11.26-03.31.07:688][168]LogModuleManager: Shutting down and abandoning module ArchVisCharacter (306)
[2017.11.26-03.31.07:688][168]LogModuleManager: Shutting down and abandoning module AndroidPermission (304)
[2017.11.26-03.31.07:688][168]LogModuleManager: Shutting down and abandoning module MediaPlayerEditor (300)
[2017.11.26-03.31.07:689][168]LogModuleManager: Shutting down and abandoning module HTML5Networking (298)
[2017.11.26-03.31.07:689][168]LogModuleManager: Shutting down and abandoning module AlembicImporter (296)
[2017.11.26-03.31.07:690][168]LogModuleManager: Shutting down and abandoning module AlembicLibrary (295)
[2017.11.26-03.31.07:690][168]LogModuleManager: Shutting down and abandoning module GeometryCache (294)
[2017.11.26-03.31.07:690][168]LogModuleManager: Shutting down and abandoning module GeometryCacheEd (293)
[2017.11.26-03.31.07:690][168]LogModuleManager: Shutting down and abandoning module SuperSearchEditor (288)
[2017.11.26-03.31.07:690][168]LogModuleManager: Shutting down and abandoning module SuperSearch (287)
[2017.11.26-03.31.07:690][168]LogModuleManager: Shutting down and abandoning module SpeedTreeImporter (284)
[2017.11.26-03.31.07:690][168]LogModuleManager: Shutting down and abandoning module PluginBrowser (282)
[2017.11.26-03.31.07:690][168]LogModuleManager: Shutting down and abandoning module MobileLauncherProfileWizard (280)
[2017.11.26-03.31.07:691][168]LogModuleManager: Shutting down and abandoning module VisualStudioSourceCodeAccess (278)
[2017.11.26-03.31.07:691][168]LogModuleManager: Shutting down and abandoning module DesktopPlatform (277)
[2017.11.26-03.31.07:691][168]LogModuleManager: Shutting down and abandoning module UObjectPlugin (274)
[2017.11.26-03.31.07:691][168]LogModuleManager: Shutting down and abandoning module SubversionSourceControl (272)
[2017.11.26-03.31.07:692][168]LogModuleManager: Shutting down and abandoning module PerforceSourceControl (270)
[2017.11.26-03.31.07:692][168]LogModuleManager: Shutting down and abandoning module GitSourceControl (268)
[2017.11.26-03.31.07:692][168]LogModuleManager: Shutting down and abandoning module SourceControl (267)
[2017.11.26-03.31.07:693][168]LogModuleManager: Shutting down and abandoning module LightPropagationVolumeEditor (264)
[2017.11.26-03.31.07:693][168]LogModuleManager: Shutting down and abandoning module PaperTiledImporter (262)
[2017.11.26-03.31.07:693][168]LogModuleManager: Shutting down and abandoning module PaperSpriteSheetImporter (260)
[2017.11.26-03.31.07:693][168]LogModuleManager: Shutting down and abandoning module Paper2DEditor (258)
[2017.11.26-03.31.07:693][168]LogModuleManager: Shutting down and abandoning module MeshPaint (257)
[2017.11.26-03.31.07:693][168]LogModuleManager: Shutting down and abandoning module LevelEditor (255)
[2017.11.26-03.31.07:694][168]LogModuleManager: Shutting down and abandoning module PixelInspectorModule (254)
[2017.11.26-03.31.07:695][168]LogModuleManager: Shutting down and abandoning module MainFrame (252)
[2017.11.26-03.31.07:695][168]LogModuleManager: Shutting down and abandoning module HotReload (251)
[2017.11.26-03.31.07:696][168]LogModuleManager: Shutting down and abandoning module PhysXVehiclesEditor (246)
[2017.11.26-03.31.07:696][168]LogModuleManager: Shutting down and abandoning module PhysXVehicles (244)
[2017.11.26-03.31.07:696][168]LogModuleManager: Shutting down and abandoning module LocationServicesBPLibrary (242)
[2017.11.26-03.31.07:696][168]LogModuleManager: Shutting down and abandoning module ImmediatePhysicsEditor (240)
[2017.11.26-03.31.07:696][168]LogModuleManager: Shutting down and abandoning module ImmediatePhysics (238)
[2017.11.26-03.31.07:696][168]LogModuleManager: Shutting down and abandoning module UdpMessaging (236)
[2017.11.26-03.31.07:797][168]LogModuleManager: Shutting down and abandoning module TcpMessaging (234)
[2017.11.26-03.31.07:902][168]LogModuleManager: Shutting down and abandoning module GameplayTagsEditor (232)
[2017.11.26-03.31.07:910][168]LogModuleManager: Shutting down and abandoning module FacialAnimationEditor (230)
[2017.11.26-03.31.07:910][168]LogModuleManager: Shutting down and abandoning module FacialAnimation (228)
[2017.11.26-03.31.07:910][168]LogModuleManager: Shutting down and abandoning module AssetManagerEditor (226)
[2017.11.26-03.31.07:911][168]LogModuleManager: Shutting down and abandoning module GraphEditor (225)
[2017.11.26-03.31.07:911][168]LogModuleManager: Shutting down and abandoning module ContentBrowser (223)
[2017.11.26-03.31.07:911][168]LogModuleManager: Shutting down and abandoning module LightPropagationVolumeRuntime (220)
[2017.11.26-03.31.07:911][168]LogModuleManager: Shutting down and abandoning module Paper2D (218)
[2017.11.26-03.31.07:912][168]LogModuleManager: Shutting down and abandoning module WindowsMoviePlayer (216)
[2017.11.26-03.31.07:912][168]LogModuleManager: Shutting down and abandoning module WmfMedia (214)
[2017.11.26-03.31.07:912][168]LogModuleManager: Shutting down and abandoning module ClothingSystemEditor (212)
[2017.11.26-03.31.07:912][168]LogModuleManager: Shutting down and abandoning module ClothingSystemRuntime (210)
[2017.11.26-03.31.07:913][168]LogModuleManager: Shutting down and abandoning module MediaAssets (208)
[2017.11.26-03.31.07:913][168]LogModuleManager: Shutting down and abandoning module GameLiveStreaming (206)
[2017.11.26-03.31.07:913][168]LogModuleManager: Shutting down and abandoning module VREditor (204)
[2017.11.26-03.31.07:914][168]LogModuleManager: Shutting down and abandoning module StringTableEditor (202)
[2017.11.26-03.31.07:914][168]LogModuleManager: Shutting down and abandoning module GameplayTasksEditor (200)
[2017.11.26-03.31.07:914][168]LogModuleManager: Shutting down and abandoning module BehaviorTreeEditor (198)
[2017.11.26-03.31.07:916][168]LogModuleManager: Shutting down and abandoning module FunctionalTesting (196)
[2017.11.26-03.31.07:916][168]LogModuleManager: Shutting down and abandoning module CollisionAnalyzer (194)
[2017.11.26-03.31.07:917][168]LogModuleManager: Shutting down and abandoning module UMG (192)
[2017.11.26-03.31.07:917][168]LogModuleManager: Shutting down and abandoning module UMGEditor (191)
[2017.11.26-03.31.07:918][168]LogModuleManager: Shutting down and abandoning module Sequencer (190)
[2017.11.26-03.31.07:919][168]LogModuleManager: Shutting down and abandoning module AssetTools (188)
[2017.11.26-03.31.07:921][168]LogModuleManager: Shutting down and abandoning module MessageLog (187)
[2017.11.26-03.31.07:921][168]LogModuleManager: Shutting down and abandoning module WorkspaceMenuStructure (186)
[2017.11.26-03.31.07:921][168]LogModuleManager: Shutting down and abandoning module SlateReflector (180)
[2017.11.26-03.31.07:923][168]LogModuleManager: Shutting down and abandoning module Slate (178)
[2017.11.26-03.31.07:923][168]LogModuleManager: Shutting down and abandoning module EditorStyle (176)
[2017.11.26-03.31.07:926][168]LogModuleManager: Shutting down and abandoning module SourceCodeAccess (174)
[2017.11.26-03.31.07:926][168]LogModuleManager: Shutting down and abandoning module HeadMountedDisplay (172)
[2017.11.26-03.31.07:926][168]LogModuleManager: Shutting down and abandoning module XAudio2 (170)
[2017.11.26-03.31.07:926][168]LogModuleManager: Shutting down and abandoning module Networking (168)
[2017.11.26-03.31.07:926][168]LogModuleManager: Shutting down and abandoning module Core (164)
[2017.11.26-03.31.07:926][168]LogModuleManager: Shutting down and abandoning module AssetRegistry (162)
[2017.11.26-03.31.08:013][168]LogDirectoryWatcher: A directory notification for '../../../Engine/Content/' was aborted.
[2017.11.26-03.31.08:013][168]LogDirectoryWatcher: A directory notification for 'D:/CastleGuardCurrent/CastleGuardPhase2/CastleGuardReborn/Content/' was aborted.
[2017.11.26-03.31.08:013][168]LogDirectoryWatcher: A directory notification for '../../../Engine/Plugins/2D/Paper2D/Content/' was aborted.
[2017.11.26-03.31.08:013][168]LogDirectoryWatcher: A directory notification for '../../../Engine/Plugins/Runtime/GearVR/Content/' was aborted.
[2017.11.26-03.31.08:024][168]LogModuleManager: Shutting down and abandoning module DirectoryWatcher (161)
[2017.11.26-03.31.08:028][168]LogModuleManager: Shutting down and abandoning module KismetCompiler (158)
[2017.11.26-03.31.08:028][168]LogModuleManager: Shutting down and abandoning module LevelSequence (156)
[2017.11.26-03.31.08:028][168]LogModuleManager: Shutting down and abandoning module PhysXFormats (154)
[2017.11.26-03.31.08:028][168]LogModuleManager: Shutting down and abandoning module MeshUtilities (152)
[2017.11.26-03.31.08:028][168]LogModuleManager: Shutting down and abandoning module SimplygonSwarm (151)
[2017.11.26-03.31.08:029][168]LogModuleManager: Shutting down and abandoning module SimplygonMeshReduction (149)
[2017.11.26-03.31.08:029][168]LogModuleManager: Shutting down and abandoning module QuadricMeshReduction (147)
[2017.11.26-03.31.08:029][168]LogModuleManager: Shutting down and abandoning module DerivedDataCache (144)
[2017.11.26-03.31.08:064][168]LogDerivedDataCache: Shutdown
[2017.11.26-03.31.08:064][168]LogModuleManager: Shutting down and abandoning module TargetPlatform (142)
[2017.11.26-03.31.08:064][168]LogModuleManager: Shutting down and abandoning module VulkanShaderFormat (141)
[2017.11.26-03.31.08:065][168]LogModuleManager: Shutting down and abandoning module ShaderFormatVectorVM (139)
[2017.11.26-03.31.08:066][168]LogModuleManager: Shutting down and abandoning module ShaderFormatOpenGL (137)
[2017.11.26-03.31.08:066][168]LogModuleManager: Shutting down and abandoning module ShaderFormatD3D (135)
[2017.11.26-03.31.08:066][168]LogModuleManager: Shutting down and abandoning module MetalShaderFormat (133)
[2017.11.26-03.31.08:067][168]LogModuleManager: Shutting down and abandoning module TextureFormatUncompressed (131)
[2017.11.26-03.31.08:067][168]LogModuleManager: Shutting down and abandoning module TextureFormatPVR (129)
[2017.11.26-03.31.08:067][168]LogModuleManager: Shutting down and abandoning module TextureFormatDXT (127)
[2017.11.26-03.31.08:067][168]LogModuleManager: Shutting down and abandoning module TextureFormatIntelISPCTexComp (125)
[2017.11.26-03.31.08:067][168]LogModuleManager: Shutting down and abandoning module TextureFormatASTC (123)
[2017.11.26-03.31.08:067][168]LogModuleManager: Shutting down and abandoning module ImageWrapper (122)
[2017.11.26-03.31.08:067][168]LogModuleManager: Shutting down and abandoning module TextureFormatAndroid (119)
[2017.11.26-03.31.08:067][168]LogModuleManager: Shutting down and abandoning module AudioFormatOpus (117)
[2017.11.26-03.31.08:067][168]LogModuleManager: Shutting down and abandoning module AudioFormatOgg (115)
[2017.11.26-03.31.08:067][168]LogModuleManager: Shutting down and abandoning module AudioFormatADPCM (113)
[2017.11.26-03.31.08:067][168]LogModuleManager: Shutting down and abandoning module LinuxTargetPlatform (111)
[2017.11.26-03.31.08:067][168]LogModuleManager: Shutting down and abandoning module LinuxServerTargetPlatform (109)
[2017.11.26-03.31.08:067][168]LogModuleManager: Shutting down and abandoning module LinuxNoEditorTargetPlatform (107)
[2017.11.26-03.31.08:067][168]LogModuleManager: Shutting down and abandoning module LinuxClientTargetPlatform (105)
[2017.11.26-03.31.08:067][168]LogModuleManager: Shutting down and abandoning module TVOSTargetPlatform (103)
[2017.11.26-03.31.08:067][168]LogModuleManager: Shutting down and abandoning module Messaging (101)
[2017.11.26-03.31.08:067][168]LogModuleManager: Shutting down and abandoning module IOSTargetPlatform (99)
[2017.11.26-03.31.08:067][168]LogModuleManager: Shutting down and abandoning module HTML5TargetPlatform (97)
[2017.11.26-03.31.08:067][168]LogModuleManager: Shutting down and abandoning module Android_PVRTCTargetPlatform (95)
[2017.11.26-03.31.08:067][168]LogModuleManager: Shutting down and abandoning module Android_MultiTargetPlatform (93)
[2017.11.26-03.31.08:068][168]LogModuleManager: Shutting down and abandoning module Android_ETC2TargetPlatform (91)
[2017.11.26-03.31.08:068][168]LogModuleManager: Shutting down and abandoning module Android_ETC1TargetPlatform (89)
[2017.11.26-03.31.08:068][168]LogModuleManager: Shutting down and abandoning module Android_DXTTargetPlatform (87)
[2017.11.26-03.31.08:068][168]LogModuleManager: Shutting down and abandoning module Android_ATCTargetPlatform (85)
[2017.11.26-03.31.08:068][168]LogModuleManager: Shutting down and abandoning module Android_ASTCTargetPlatform (83)
[2017.11.26-03.31.08:068][168]LogModuleManager: Shutting down and abandoning module AndroidTargetPlatform (81)
[2017.11.26-03.31.08:068][168]LogModuleManager: Shutting down and abandoning module WindowsTargetPlatform (79)
[2017.11.26-03.31.08:068][168]LogModuleManager: Shutting down and abandoning module WindowsServerTargetPlatform (77)
[2017.11.26-03.31.08:068][168]LogModuleManager: Shutting down and abandoning module WindowsNoEditorTargetPlatform (75)
[2017.11.26-03.31.08:068][168]LogModuleManager: Shutting down and abandoning module WindowsClientTargetPlatform (73)
[2017.11.26-03.31.08:068][168]LogModuleManager: Shutting down and abandoning module MacTargetPlatform (71)
[2017.11.26-03.31.08:068][168]LogModuleManager: Shutting down and abandoning module MacServerTargetPlatform (69)
[2017.11.26-03.31.08:068][168]LogModuleManager: Shutting down and abandoning module MacNoEditorTargetPlatform (67)
[2017.11.26-03.31.08:068][168]LogModuleManager: Shutting down and abandoning module MacClientTargetPlatform (65)
[2017.11.26-03.31.08:068][168]LogModuleManager: Shutting down and abandoning module AllDesktopTargetPlatform (63)
[2017.11.26-03.31.08:068][168]LogModuleManager: Shutting down and abandoning module InputCore (60)
[2017.11.26-03.31.08:068][168]LogModuleManager: Shutting down and abandoning module Settings (58)
[2017.11.26-03.31.08:068][168]LogModuleManager: Shutting down and abandoning module OculusRift (56)
[2017.11.26-03.31.08:068][168]LogModuleManager: Shutting down and abandoning module GearVRController (54)
[2017.11.26-03.31.08:068][168]LogModuleManager: Shutting down and abandoning module GearVR (52)
[2017.11.26-03.31.08:069][168]LogModuleManager: Shutting down and abandoning module ExampleDeviceProfileSelector (50)
[2017.11.26-03.31.08:069][168]LogModuleManager: Shutting down and abandoning module OnlineBlueprintSupport (48)
[2017.11.26-03.31.08:069][168]LogModuleManager: Shutting down and abandoning module OnlineSubsystem (44)
[2017.11.26-03.31.08:069][168]LogOnline:Display: Unloading online subsystem: NULL
[2017.11.26-03.31.08:070][168]LogModuleManager: Shutting down and abandoning module XMPP (43)
[2017.11.26-03.31.08:070][168]LogModuleManager: Shutting down and abandoning module HTTP (41)
[2017.11.26-03.31.08:070][168]LogHttp:Display: Http module shutting down, but needs to wait on 1 outstanding Http requests:
[2017.11.26-03.31.08:071][168]LogHttp:Display: 	verb=[POST] url=[https://datarouter.ol.epicgames.com/datarouter/api/v1/public/data?SessionID=%7B219948AF-4A1C-8ACD-2D53-7BAA02A1F2DF%7D&AppID=UEEditor.Rocket.Release&AppVersion=4.16.2-3514769%2B%2B%2BUE4%2BRelease-4.16&UserID=982011a7482c1cbdc2ce3cbeaef51dbe%7Ce0ca3295625c4184a95d26a3b9c858a2%7C70012bb2-c253-4297-934e-6257f569ac01&AppEnvironment=datacollector-binary&UploadType=eteventstream] status=Processing
[2017.11.26-03.31.08:086][168]LogModuleManager: Shutting down and abandoning module SSL (40)
[2017.11.26-03.31.08:088][168]LogModuleManager: Shutting down and abandoning module HTTPChunkInstaller (36)
[2017.11.26-03.31.08:089][168]LogModuleManager: Shutting down and abandoning module AnimationModifiers (34)
[2017.11.26-03.31.08:090][168]LogModuleManager: Shutting down and abandoning module PropertyEditor (33)
[2017.11.26-03.31.08:090][168]LogModuleManager: Shutting down and abandoning module AudioEditor (30)
[2017.11.26-03.31.08:091][168]LogModuleManager: Shutting down and abandoning module TextureCompressor (28)
[2017.11.26-03.31.08:091][168]LogModuleManager: Shutting down and abandoning module ShaderCore (26)
[2017.11.26-03.31.08:091][168]LogModuleManager: Shutting down and abandoning module Landscape (24)
[2017.11.26-03.31.08:091][168]LogModuleManager: Shutting down and abandoning module SlateRHIRenderer (22)
[2017.11.26-03.31.08:096][168]LogModuleManager: Shutting down and abandoning module OpenGLDrv (20)
[2017.11.26-03.31.08:097][168]LogModuleManager: Shutting down and abandoning module D3D11RHI (18)
[2017.11.26-03.31.08:097][168]LogModuleManager: Shutting down and abandoning module AnimGraphRuntime (16)
[2017.11.26-03.31.08:097][168]LogModuleManager: Shutting down and abandoning module Renderer (14)
[2017.11.26-03.31.08:097][168]LogModuleManager: Shutting down and abandoning module Engine (12)
[2017.11.26-03.31.08:097][168]LogModuleManager: Shutting down and abandoning module CoreUObject (10)
[2017.11.26-03.31.08:097][168]LogModuleManager: Shutting down and abandoning module NetworkFile (8)
[2017.11.26-03.31.08:097][168]LogModuleManager: Shutting down and abandoning module StreamingFile (6)
[2017.11.26-03.31.08:097][168]LogModuleManager: Shutting down and abandoning module SandboxFile (4)
[2017.11.26-03.31.08:097][168]LogModuleManager: Shutting down and abandoning module PakFile (2)
[2017.11.26-03.31.08:098][168]LogExit: Exiting.
[2017.11.26-03.31.08:135][168]Log file closed, 11/25/17 19:31:08
