Log file open, 11/02/17 16:41:56
LogInit:Display: Running engine for game: CastleGuardReborn
LogPlatformFile: Not using cached read wrapper
LogInit:Display: RandInit(-1473088265) SRandInit(-1473088265).
LogTaskGraph: Started task graph with 5 named threads and 8 total threads with 1 sets of task threads.
LogStats: Stats thread started at 0.083394
LogInit: Using libcurl 7.47.1
LogInit:  - built for x86_64-pc-win32
LogInit:  - supports SSL with OpenSSL/1.0.2g
LogInit:  - supports HTTP deflate (compression) using libz 1.2.8
LogInit:  - other features:
LogInit:      CURL_VERSION_SSL
LogInit:      CURL_VERSION_LIBZ
LogInit:      CURL_VERSION_IPV6
LogInit:      CURL_VERSION_ASYNCHDNS
LogInit:      CURL_VERSION_LARGEFILE
LogInit:      CURL_VERSION_IDN
LogInit:  CurlRequestOptions (configurable via config and command line):
LogInit:  - bVerifyPeer = false  - Libcurl will NOT verify peer certificate
LogInit:  - bUseHttpProxy = false  - Libcurl will NOT use HTTP proxy
LogInit:  - bDontReuseConnections = false  - Libcurl will reuse connections
LogInit:  - CertBundlePath = nullptr  - Libcurl will use whatever was configured at build time.
LogInit: Build: ++UE4+Release-4.16-CL-3514769
LogInit: Engine Version: 4.16.2-3514769+++UE4+Release-4.16
LogInit: Compatible Engine Version: 4.16.0-3452394+++UE4+Release-4.16
LogInit: Net CL: 3452394
LogDevObjectVersion: Number of dev versions registered: 16
LogDevObjectVersion:   Dev-Blueprints (B0D832E4-1F89-4F0D-ACCF-7EB736FD4AA2): 9
LogDevObjectVersion:   Dev-Build (E1C64328-A22C-4D53-A36C-8E866417BD8C): 0
LogDevObjectVersion:   Dev-Core (375EC13C-06E4-48FB-B500-84F0262A717E): 2
LogDevObjectVersion:   Dev-Editor (E4B068ED-F494-42E9-A231-DA0B2E46BB41): 17
LogDevObjectVersion:   Dev-Framework (CFFC743F-43B0-4480-9391-14DF171D2073): 23
LogDevObjectVersion:   Dev-Mobile (B02B49B5-BB20-44E9-A304-32B752E40360): 0
LogDevObjectVersion:   Dev-Networking (A4E4105C-59A1-49B5-A7C5-40C4547EDFEE): 0
LogDevObjectVersion:   Dev-Online (39C831C9-5AE6-47DC-9A44-9C173E1C8E7C): 0
LogDevObjectVersion:   Dev-Physics (78F01B33-EBEA-4F98-B9B4-84EACCB95AA2): 0
LogDevObjectVersion:   Dev-Platform (6631380F-2D4D-43E0-8009-CF276956A95A): 0
LogDevObjectVersion:   Dev-Rendering (12F88B9F-8875-4AFC-A67C-D90C383ABD29): 15
LogDevObjectVersion:   Dev-Sequencer (7B5AE74C-D270-4C10-A958-57980B212A5A): 4
LogDevObjectVersion:   Dev-VR (D7296918-1DD6-4BDD-9DE2-64A83CC13884): 0
LogDevObjectVersion:   Dev-LoadTimes (C2A15278-BFE7-4AFE-6C17-90FF531DF755): 1
LogDevObjectVersion:   Private-Geometry (6EACA3D4-40EC-4CC1-B786-8BED09428FC5): 1
LogDevObjectVersion:   Dev-AnimPhys (29E575DD-E0A3-4627-9D10-D276232CDCEA): 3
LogInit: Compiled (64-bit): Jun 29 2017 02:03:24
LogInit: Compiled with Visual C++: 19.00.24215.01
LogInit: Build Configuration: Development
LogInit: Branch Name: ++UE4+Release-4.16
LogInit: Command line: 
LogInit: Base directory: C:/4.16/Engine/Binaries/Win64/
LogInit: Installed Engine Build: 1
LogInit: Presizing for max 8388607 objects, including 0 objects not considered by GC, pre-allocating 0 bytes for permanent pool.
LogInit: Object subsystem initialized
[2017.11.02-23.41.56:756][  0]LogInit: Selected Device Profile: [Windows]
[2017.11.02-23.41.56:756][  0]LogInit: Applying CVar settings loaded from the selected device profile: [Windows]
[2017.11.02-23.41.56:764][  0]LogInit: Computer: WIZARD
[2017.11.02-23.41.56:764][  0]LogInit: User: 22TKDF8XX6YG69F9M66D
[2017.11.02-23.41.56:764][  0]LogInit: CPU Page size=4096, Cores=4
[2017.11.02-23.41.56:764][  0]LogInit: High frequency timer resolution =3.320351 MHz
[2017.11.02-23.41.56:764][  0]LogMemory: Memory total: Physical=15.9GB (16GB approx)
[2017.11.02-23.41.56:765][  0]LogMemory: Platform Memory Stats for Windows
[2017.11.02-23.41.56:765][  0]LogMemory: Process Physical Memory: 275.90 MB used, 275.90 MB peak
[2017.11.02-23.41.56:765][  0]LogMemory: Process Virtual Memory: 263.83 MB used, 263.83 MB peak
[2017.11.02-23.41.56:765][  0]LogMemory: Physical Memory: 4451.67 MB used,  11876.25 MB free, 16327.92 MB total
[2017.11.02-23.41.56:765][  0]LogMemory: Virtual Memory: 622.28 MB used,  11876.25 MB free, 8388608.00 MB total
[2017.11.02-23.41.56:832][  0]LogInit: Using OS detected language (en-US).
[2017.11.02-23.41.56:832][  0]LogInit: Using OS detected locale (en-US).
[2017.11.02-23.41.56:834][  0]LogTextLocalizationManager: No specific localization for 'en-US' exists, so the 'en' localization will be used.
[2017.11.02-23.41.57:758][  0]LogD3D11RHI: D3D11 adapters:
[2017.11.02-23.41.57:766][  0]LogD3D11RHI:    0. 'AMD Radeon HD 7900 Series' (Feature Level 11_0)
[2017.11.02-23.41.57:766][  0]LogD3D11RHI:       3049/0/3840 MB DedicatedVideo/DedicatedSystem/SharedSystem, Outputs:2, VendorId:0x1002
[2017.11.02-23.41.57:766][  0]LogD3D11RHI: Chosen D3D11 Adapter: 0
[2017.11.02-23.41.57:769][  0]LogD3D11RHI: Creating new Direct3DDevice
[2017.11.02-23.41.57:769][  0]LogD3D11RHI:     GPU DeviceId: 0x679a (for the marketing name, search the web for "GPU Device Id")
[2017.11.02-23.41.57:769][  0]LogWindows: EnumDisplayDevices:
[2017.11.02-23.41.57:769][  0]LogWindows:    0. 'AMD Radeon HD 7900 Series' (P:0 D:1)
[2017.11.02-23.41.57:770][  0]LogWindows:    1. 'AMD Radeon HD 7900 Series' (P:1 D:1)
[2017.11.02-23.41.57:770][  0]LogWindows:    2. 'AMD Radeon HD 7900 Series' (P:0 D:0)
[2017.11.02-23.41.57:770][  0]LogWindows:    3. 'AMD Radeon HD 7900 Series' (P:0 D:0)
[2017.11.02-23.41.57:770][  0]LogWindows:    4. 'AMD Radeon HD 7900 Series' (P:0 D:0)
[2017.11.02-23.41.57:770][  0]LogWindows:    5. 'AMD Radeon HD 7900 Series' (P:0 D:0)
[2017.11.02-23.41.57:770][  0]LogWindows:    6. 'RDPDD Chained DD' (P:0 D:0)
[2017.11.02-23.41.57:770][  0]LogWindows:    7. 'RDP Encoder Mirror Driver' (P:0 D:0)
[2017.11.02-23.41.57:770][  0]LogWindows:    8. 'RDP Reflector Display Driver' (P:0 D:0)
[2017.11.02-23.41.57:770][  0]LogWindows: DebugString: GetVideoDriverDetailsInvalid PrimaryIsNotTheChoosenAdapter GetVideoDriverDetailsInvalid PrimaryIsNotTheChoosenAdapter GetVideoDriverDetailsInvalid PrimaryIsNotTheChoosenAdapter FoundDriverCount:6 
[2017.11.02-23.41.57:770][  0]LogD3D11RHI:     Adapter Name: AMD Radeon HD 7900 Series
[2017.11.02-23.41.57:770][  0]LogD3D11RHI:   Driver Version: Crimson ReLive 17.7.2 (internal:22.19.662.4, unified:22.19.662.4)
[2017.11.02-23.41.57:770][  0]LogD3D11RHI:      Driver Date: 7-20-2017
[2017.11.02-23.41.57:770][  0]LogRHI: Texture pool is 1361 MB (70% of 1945 MB)
[2017.11.02-23.41.57:800][  0]LogD3D11RHI: Async texture creation enabled
[2017.11.02-23.41.57:809][  0]LogD3D11RHI: GPU Timing Frequency: 27.000000 (Debug: 2 1)
[2017.11.02-23.41.57:809][  0]LogShaderCompilers: Guid format shader working directory is -23 characters bigger than the processId version (../../../../Users/22TKDF8XX6YG69F9M66D/Downloads/CastleGuardPhase2/CastleGuardReborn/Intermediate/Shaders/WorkingDirectory/4152/).
[2017.11.02-23.41.57:809][  0]LogShaderCompilers: Cleaned the shader compiler working directory 'C:/Users/22TKDF8XX6YG69F9M66D/AppData/Local/Temp/UnrealShaderWorkingDir/47B491A34E6B70C1484ACFA6B09E5981/'.
[2017.11.02-23.41.57:809][  0]LogShaderCompilers:Display: Using Local Shader Compiler.
[2017.11.02-23.41.58:877][  0]LogTemp:Display: Loaded TP AllDesktopTargetPlatform
[2017.11.02-23.41.58:926][  0]LogTemp:Display: Loaded TP MacClientTargetPlatform
[2017.11.02-23.41.58:975][  0]LogTemp:Display: Loaded TP MacNoEditorTargetPlatform
[2017.11.02-23.41.59:025][  0]LogTemp:Display: Loaded TP MacServerTargetPlatform
[2017.11.02-23.41.59:075][  0]LogTemp:Display: Loaded TP MacTargetPlatform
[2017.11.02-23.41.59:125][  0]LogTemp:Display: Loaded TP WindowsClientTargetPlatform
[2017.11.02-23.41.59:175][  0]LogTemp:Display: Loaded TP WindowsNoEditorTargetPlatform
[2017.11.02-23.41.59:227][  0]LogTemp:Display: Loaded TP WindowsServerTargetPlatform
[2017.11.02-23.41.59:269][  0]LogTemp:Display: Loaded TP WindowsTargetPlatform
[2017.11.02-23.41.59:318][  0]LogTemp:Display: Loaded TP AndroidTargetPlatform
[2017.11.02-23.41.59:367][  0]LogTemp:Display: Loaded TP Android_ASTCTargetPlatform
[2017.11.02-23.41.59:415][  0]LogTemp:Display: Loaded TP Android_ATCTargetPlatform
[2017.11.02-23.41.59:464][  0]LogTemp:Display: Loaded TP Android_DXTTargetPlatform
[2017.11.02-23.41.59:512][  0]LogTemp:Display: Loaded TP Android_ETC1TargetPlatform
[2017.11.02-23.41.59:562][  0]LogTemp:Display: Loaded TP Android_ETC2TargetPlatform
[2017.11.02-23.41.59:659][  0]LogTemp:Display: Loaded TP Android_MultiTargetPlatform
[2017.11.02-23.41.59:659][  0]LogTemp:Display: Loaded TP Android_PVRTCTargetPlatform
[2017.11.02-23.41.59:694][  0]LogTemp:Display: Loaded TP HTML5TargetPlatform
[2017.11.02-23.41.59:787][  0]LogTemp:Display: Loaded TP IOSTargetPlatform
[2017.11.02-23.41.59:817][  0]LogTemp:Display: Loaded TP TVOSTargetPlatform
[2017.11.02-23.41.59:866][  0]LogTemp:Display: Loaded TP LinuxClientTargetPlatform
[2017.11.02-23.41.59:914][  0]LogTemp:Display: Loaded TP LinuxNoEditorTargetPlatform
[2017.11.02-23.41.59:961][  0]LogTemp:Display: Loaded TP LinuxServerTargetPlatform
[2017.11.02-23.42.00:008][  0]LogTemp:Display: Loaded TP LinuxTargetPlatform
[2017.11.02-23.42.00:008][  0]LogTargetPlatformManager:Display: Building Assets For Windows
[2017.11.02-23.42.00:435][  0]LogDerivedDataCache:Display: Max Cache Size: 512 MB
[2017.11.02-23.42.00:539][  0]LogDerivedDataCache: Loaded boot cache 0.10s 90MB C:/Users/22TKDF8XX6YG69F9M66D/AppData/Local/UnrealEngine/4.16/DerivedDataCache/Boot.ddc.
[2017.11.02-23.42.00:539][  0]LogDerivedDataCache:Display: Loaded Boot cache: C:/Users/22TKDF8XX6YG69F9M66D/AppData/Local/UnrealEngine/4.16/DerivedDataCache/Boot.ddc
[2017.11.02-23.42.00:539][  0]LogDerivedDataCache: FDerivedDataBackendGraph:  Pak pak cache file ../../../../Users/22TKDF8XX6YG69F9M66D/Downloads/CastleGuardPhase2/CastleGuardReborn/DerivedDataCache/DDC.ddp not found, will not use a pak cache.
[2017.11.02-23.42.00:539][  0]LogDerivedDataCache: Unable to find inner node Pak for hierarchical cache Hierarchy.
[2017.11.02-23.42.00:539][  0]LogDerivedDataCache: FDerivedDataBackendGraph:  CompressedPak pak cache file ../../../../Users/22TKDF8XX6YG69F9M66D/Downloads/CastleGuardPhase2/CastleGuardReborn/DerivedDataCache/Compressed.ddp not found, will not use a pak cache.
[2017.11.02-23.42.00:539][  0]LogDerivedDataCache: Unable to find inner node CompressedPak for hierarchical cache Hierarchy.
[2017.11.02-23.42.00:559][  0]LogDerivedDataCache:Display: Pak cache opened for reading ../../../Engine/DerivedDataCache/Compressed.ddp.
[2017.11.02-23.42.00:570][  0]LogDerivedDataCache: Using Local data cache path C:/Users/22TKDF8XX6YG69F9M66D/AppData/Local/UnrealEngine/Common/DerivedDataCache: Writable
[2017.11.02-23.42.00:581][  0]LogMaterial: Verifying Global Shaders for PCD3D_SM5
[2017.11.02-23.42.00:581][  0]LogSlate: Using Freetype 2.6.0
[2017.11.02-23.42.00:582][  0]LogSlate: SlateFontCache - WITH_FREETYPE: 1, WITH_HARFBUZZ: 1
[2017.11.02-23.42.00:582][  0]LogSlate: SlateFontCache - WITH_FREETYPE: 1, WITH_HARFBUZZ: 1
[2017.11.02-23.42.00:991][  0]LogInit: Selected Device Profile: [Windows]
[2017.11.02-23.42.00:996][  0]LogContentStreaming: Texture pool size is 0.00 MB
[2017.11.02-23.42.01:230][  0]LogMeshUtilities: Using QuadricMeshReduction for automatic static mesh reduction
[2017.11.02-23.42.01:272][  0]LogSimplygon: Simplygon DLL not present - disabling.
[2017.11.02-23.42.01:314][  0]LogMeshUtilities: Using SimplygonSwarm for distributed automatic mesh merging
[2017.11.02-23.42.01:314][  0]LogMeshUtilities: No automatic skeletal mesh reduction module available
[2017.11.02-23.42.01:314][  0]LogMeshUtilities: No automatic mesh merging module available
[2017.11.02-23.42.01:877][  0]LogNetVersion: CastleGuardReborn , NetCL: 3452394, EngineNetVer: 2, GameNetVer: 0 (Checksum: 2303850599)
[2017.11.02-23.42.01:936][  0]LogAssetRegistry: FAssetRegistry took 0.0250 seconds to start up
[2017.11.02-23.42.01:978][  0]LogPackageLocalizationCache: Processed 4 localized package path(s) for 2 prioritized culture(s) in 0.022989 seconds
[2017.11.02-23.42.01:984][  0]LogUObjectArray: 34194 objects as part of root set at end of initial load.
[2017.11.02-23.42.01:984][  0]LogUObjectAllocator: 7260424 out of 0 bytes used by permanent object pool.
[2017.11.02-23.42.01:984][  0]LogUObjectArray: CloseDisregardForGC: 0/0 objects in disregard for GC pool
[2017.11.02-23.42.02:041][  0]LogInit: WinSock: version 1.1 (2.2), MaxSocks=32767, MaxUdp=65467
[2017.11.02-23.42.04:357][  0]LogTcpMessaging: Initializing TcpMessaging bridge
[2017.11.02-23.42.04:393][  0]LogUdpMessaging: Initializing bridge on interface 0.0.0.0:0 to multicast group 230.0.0.1:6666.
[2017.11.02-23.42.04:891][  0]LogMaterial: Uniform references updated for custom material expression Custom.
[2017.11.02-23.42.05:330][  0]SourceControl: Info Source control is disabled
[2017.11.02-23.42.05:391][  0]SourceControl: Info Source control is disabled
[2017.11.02-23.42.05:445][  0]SourceControl: Info Source control is disabled
[2017.11.02-23.42.05:494][  0]SourceControl: Info Source control is disabled
[2017.11.02-23.42.06:141][  0]LogAndroidPermission: UAndroidPermissionCallbackProxy::GetInstance
[2017.11.02-23.42.06:691][  0]LogEngine: Initializing Engine...
[2017.11.02-23.42.06:691][  0]LogHMD: Failed to initialize OpenVR with code 110
[2017.11.02-23.42.06:924][  0]LogStats: UGameplayTagsManager::ConstructGameplayTagTree: Construct from data asset -  0.000 s
[2017.11.02-23.42.06:924][  0]LogStats: UGameplayTagsManager::ConstructGameplayTagTree: GameplayTagTreeChangedEvent.Broadcast -  0.000 s
[2017.11.02-23.42.07:050][  0]LogAIModule: Creating AISystem for world Untitled
[2017.11.02-23.42.07:059][  0]LogInit: XAudio2 using 'Speakers (2- High Definition Audio Device)' : 2 channels at 44.1 kHz using 16 bits per sample (channel mask 0x3)
[2017.11.02-23.42.07:066][  0]LogInit: FAudioDevice initialized.
[2017.11.02-23.42.07:114][  0]LogDerivedDataCache: Saved boot cache 0.05s 90MB C:/Users/22TKDF8XX6YG69F9M66D/AppData/Local/UnrealEngine/4.16/DerivedDataCache/Boot.ddc.
[2017.11.02-23.42.07:135][  0]LogInit: Texture streaming: Enabled
[2017.11.02-23.42.07:228][  0]LogEngineSessionManager: EngineSessionManager initialized
[2017.11.02-23.42.07:432][  0]LogInit: Transaction tracking system initialized
[2017.11.02-23.42.07:725][  0]BlueprintLog: New page: Editor Load
[2017.11.02-23.42.08:634][  0]LocalizationService: Info Localization service is disabled
[2017.11.02-23.42.09:268][  0]LogConsoleResponse:Display: 
[2017.11.02-23.42.09:405][  0]LogCook:Display: Max memory allowance for cook 16384mb min free memory 0mb
[2017.11.02-23.42.09:405][  0]LogCook:Display: Mobile HDR setting 1
[2017.11.02-23.42.10:371][  0]SourceControl: Info Source control is disabled
[2017.11.02-23.42.10:371][  0]Cmd: MAP LOAD FILE="../../../../Users/22TKDF8XX6YG69F9M66D/Downloads/CastleGuardPhase2/CastleGuardReborn/Content/VirtualRealityBP/Maps/MainMenu_Level.umap" TEMPLATE=0 SHOWPROGRESS=1 FEATURELEVEL=3
[2017.11.02-23.42.10:371][  0]LightingResults: New page: Lighting Build
[2017.11.02-23.42.10:409][  0]MapCheck: New page: Map Check
[2017.11.02-23.42.10:409][  0]LightingResults: New page: Lighting Build
[2017.11.02-23.42.11:809][  0]LogLinker:Warning: Can't find file '/Game/Vive/Blueprints/StaticMeshUI/QuitGame'
[2017.11.02-23.42.11:809][  0]LogLinker:Warning: Can't find file for asset '/Game/Vive/Blueprints/StaticMeshUI/QuitGame' while loading ../../../../Users/22TKDF8XX6YG69F9M66D/Downloads/CastleGuardPhase2/CastleGuardReborn/Content/VirtualRealityBP/Maps/MainMenu_Level.umap.
[2017.11.02-23.42.11:809][  0]LoadErrors:Error: Error /Game/VirtualRealityBP/Maps/MainMenu_Level : Can't find file for asset. /Game/Vive/Blueprints/StaticMeshUI/QuitGame
[2017.11.02-23.42.11:811][  0]LogLinker:Warning: Can't find file '/Game/Vive/Blueprints/StaticMeshUI/QuitGame'
[2017.11.02-23.42.11:812][  0]LogLinker:Warning: Can't find file for asset '/Game/Vive/Blueprints/StaticMeshUI/QuitGame' while loading ../../../../Users/22TKDF8XX6YG69F9M66D/Downloads/CastleGuardPhase2/CastleGuardReborn/Content/VirtualRealityBP/Maps/MainMenu_Level.umap.
[2017.11.02-23.42.11:812][  0]LoadErrors:Error: Error /Game/VirtualRealityBP/Maps/MainMenu_Level : Can't find file for asset. /Game/Vive/Blueprints/StaticMeshUI/QuitGame
[2017.11.02-23.42.11:812][  0]LogLinker:Warning: Can't find file '/Game/Vive/Blueprints/StaticMeshUI/QuitGame'
[2017.11.02-23.42.11:812][  0]LogLinker:Warning: Can't find file for asset '/Game/Vive/Blueprints/StaticMeshUI/QuitGame' while loading ../../../../Users/22TKDF8XX6YG69F9M66D/Downloads/CastleGuardPhase2/CastleGuardReborn/Content/VirtualRealityBP/Maps/MainMenu_Level.umap.
[2017.11.02-23.42.11:812][  0]LoadErrors:Error: Error /Game/VirtualRealityBP/Maps/MainMenu_Level : Can't find file for asset. /Game/Vive/Blueprints/StaticMeshUI/QuitGame
[2017.11.02-23.42.11:812][  0]LogLinker:Warning: Can't find file '/Game/Vive/Blueprints/StaticMeshUI/QuitGame'
[2017.11.02-23.42.11:812][  0]LogLinker:Warning: Can't find file for asset '/Game/Vive/Blueprints/StaticMeshUI/QuitGame' while loading ../../../../Users/22TKDF8XX6YG69F9M66D/Downloads/CastleGuardPhase2/CastleGuardReborn/Content/VirtualRealityBP/Maps/MainMenu_Level.umap.
[2017.11.02-23.42.11:812][  0]LoadErrors:Error: Error /Game/VirtualRealityBP/Maps/MainMenu_Level : Can't find file for asset. /Game/Vive/Blueprints/StaticMeshUI/QuitGame
[2017.11.02-23.42.11:814][  0]LogLinker:Warning: Can't find file '/Game/Vive/Blueprints/StaticMeshUI/QuitGame'
[2017.11.02-23.42.11:814][  0]LogLinker:Warning: Can't find file for asset '/Game/Vive/Blueprints/StaticMeshUI/QuitGame' while loading NULL.
[2017.11.02-23.42.11:814][  0]LogLinker:Warning: Can't find file '/Game/Vive/Blueprints/StaticMeshUI/QuitGame'
[2017.11.02-23.42.11:814][  0]LogLinker:Warning: Can't find file for asset '/Game/Vive/Blueprints/StaticMeshUI/QuitGame' while loading NULL.
[2017.11.02-23.42.11:814][  0]LogLinker:Warning: Can't find file '/Game/Vive/Blueprints/StaticMeshUI/QuitGame'
[2017.11.02-23.42.11:814][  0]LogLinker:Warning: Can't find file for asset '/Game/Vive/Blueprints/StaticMeshUI/QuitGame' while loading NULL.
[2017.11.02-23.42.11:814][  0]LogLinker:Warning: Can't find file '/Game/Vive/Blueprints/StaticMeshUI/QuitGame'
[2017.11.02-23.42.11:814][  0]LogLinker:Warning: Can't find file for asset '/Game/Vive/Blueprints/StaticMeshUI/QuitGame' while loading NULL.
[2017.11.02-23.42.11:822][  0]LogLinker:Warning: Can't find file '/Game/Vive/Blueprints/StaticMeshUI/QuitGame'
[2017.11.02-23.42.11:822][  0]LogLinker:Warning: Can't find file for asset '/Game/Vive/Blueprints/StaticMeshUI/QuitGame' while loading NULL.
[2017.11.02-23.42.11:822][  0]LogLinker:Warning: Can't find file '/Game/Vive/Blueprints/StaticMeshUI/QuitGame'
[2017.11.02-23.42.11:822][  0]LogLinker:Warning: Can't find file for asset '/Game/Vive/Blueprints/StaticMeshUI/QuitGame' while loading NULL.
[2017.11.02-23.42.11:823][  0]LogLinker:Warning: Can't find file '/Game/Vive/Blueprints/StaticMeshUI/QuitGame'
[2017.11.02-23.42.11:823][  0]LogLinker:Warning: Can't find file for asset '/Game/Vive/Blueprints/StaticMeshUI/QuitGame' while loading NULL.
[2017.11.02-23.42.11:823][  0]LogLinker:Warning: Can't find file '/Game/Vive/Blueprints/StaticMeshUI/QuitGame'
[2017.11.02-23.42.11:823][  0]LogLinker:Warning: Can't find file for asset '/Game/Vive/Blueprints/StaticMeshUI/QuitGame' while loading NULL.
[2017.11.02-23.42.11:878][  0]LogLinker:Warning: Can't find file '/Game/Vive/Blueprints/StaticMeshUI/QuitGame'
[2017.11.02-23.42.11:878][  0]LogLinker:Warning: Can't find file for asset '/Game/Vive/Blueprints/StaticMeshUI/QuitGame' while loading NULL.
[2017.11.02-23.42.11:878][  0]LogLinker:Warning: Can't find file '/Game/Vive/Blueprints/StaticMeshUI/QuitGame'
[2017.11.02-23.42.11:878][  0]LoadErrors: Info Failed to load /Game/Vive/Blueprints/StaticMeshUI/QuitGame.QuitGame_C Referenced by PersistentLevel
[2017.11.02-23.42.11:878][  0]LogLinker:Warning: Can't find file for asset '/Game/Vive/Blueprints/StaticMeshUI/QuitGame' while loading NULL.
[2017.11.02-23.42.11:878][  0]LoadErrors: Info Failed to load /Game/Vive/Blueprints/StaticMeshUI/QuitGame.QuitGame_C Referenced by PersistentLevel
[2017.11.02-23.42.12:320][  0]LogClass:Warning: Enum '/Game/Vive/Blueprints/Enum_GameStatus.Enum_GameStatus' was upgraded to use FText to store its display name data. Please re-save this asset to avoid issues with localization and determinstic cooking.
[2017.11.02-23.42.12:507][  0]LogAIModule: Creating AISystem for world MainMenu_Level
[2017.11.02-23.42.12:516][  0]LogEditorServer: Finished looking for orphan Actors (0.000 secs)
[2017.11.02-23.42.12:546][  0]Cmd: MAP CHECKDEP NOCLEARLOG
[2017.11.02-23.42.12:597][  0]MapCheck: Info Map check complete: 0 Error(s), 0 Warning(s), took 50.71ms to complete.
[2017.11.02-23.42.12:597][  0]LogFileHelpers: Loading map 'MainMenu_Level' took 2.226
[2017.11.02-23.42.12:758][  0]LogCollectionManager: Loaded 0 collections in 0.001406 seconds
[2017.11.02-23.42.12:835][  0]LogFileCache: Scanning file cache for directory 'C:/Users/22TKDF8XX6YG69F9M66D/Downloads/CastleGuardPhase2/CastleGuardReborn/Saved/Collections/' took 0.01s
[2017.11.02-23.42.12:835][  0]LogFileCache: Scanning file cache for directory 'C:/Users/22TKDF8XX6YG69F9M66D/Downloads/CastleGuardPhase2/CastleGuardReborn/Content/Developers/22TKDF8XX6YG69F9M66D/Collections/' took 0.01s
[2017.11.02-23.42.12:835][  0]LogFileCache: Scanning file cache for directory 'C:/Users/22TKDF8XX6YG69F9M66D/Downloads/CastleGuardPhase2/CastleGuardReborn/Content/Collections/' took 0.01s
[2017.11.02-23.42.12:835][  0]LogCollectionManager: Rebuilt the GUID cache for 0 collections in 0.000002 seconds
[2017.11.02-23.42.12:845][  0]LogContentBrowser: Native class hierarchy populated in 0.0098 seconds. Added 2329 classes and 491 folders.
[2017.11.02-23.42.12:905][  0]LogContentBrowser: Native class hierarchy updated for 'WidgetCarousel' in 0.0006 seconds. Added 0 classes and 0 folders.
[2017.11.02-23.42.12:940][  0]LogContentBrowser: Native class hierarchy updated for 'AddContentDialog' in 0.0005 seconds. Added 0 classes and 0 folders.
[2017.11.02-23.42.12:980][  0]LogContentBrowser: Native class hierarchy updated for 'SceneOutliner' in 0.0006 seconds. Added 1 classes and 2 folders.
[2017.11.02-23.42.13:035][  0]LogCrashTracker: Crashtracker disabled due to settings.
[2017.11.02-23.42.13:062][  0]LogSlate: Took 0.000139 seconds to synchronously load lazily loaded font '../../../Engine/Content/Slate/Fonts/Roboto-Regular.ttf' (155K)
[2017.11.02-23.42.14:355][  0]LogSlate: Only BGRA pngs, bmps or icos are supported in by External Image Picker
[2017.11.02-23.42.14:376][  0]LogUObjectGlobals:Warning: Failed to find object 'Class None.'
[2017.11.02-23.42.14:437][  0]LogTemp: Executing iPhonePackager certificates Engine -bundlename com.YourCompany.CastleGuardReborn
[2017.11.02-23.42.14:437][  0]LogTemp: CWD: C:\4.16\Engine\Binaries\DotNET\IOS
[2017.11.02-23.42.14:437][  0]LogTemp: Initial Dir: C:\4.16
[2017.11.02-23.42.14:437][  0]LogTemp: Env CWD: C:\4.16\Engine\Binaries\DotNET\IOS
[2017.11.02-23.42.14:437][  0]LogTemp: BranchPath = WIZARD/C/4.16/Engine/Binaries --- GameBranchPath = WIZARD/C/4.16/Engine/Binaries
[2017.11.02-23.42.14:437][  0]LogTemp: IPP ERROR: Could not find provision directory 'C:\Users\22TKDF8XX6YG69F9M66D\AppData\Local/Apple Computer/MobileDevice/Provisioning Profiles/'.
[2017.11.02-23.42.14:437][  0]LogContentBrowser: Native class hierarchy updated for 'HierarchicalLODOutliner' in 0.0006 seconds. Added 1 classes and 2 folders.
[2017.11.02-23.42.14:438][  0]LogLoad: (Engine Initialization) Total time: 18.99 seconds
[2017.11.02-23.42.14:438][  0]LogLoad: (Engine Initialization) Total Blueprint compile time: 0.76 seconds
[2017.11.02-23.42.14:438][  0]LogExternalProfiler: No external profilers were discovered.  External profiling features will not be available.
[2017.11.02-23.42.14:777][  0]LogOcInput: OculusInput pre-init called
[2017.11.02-23.42.14:777][  0]LogHMD: Starting GearVRController plugin
[2017.11.02-23.42.14:779][  0]LoadErrors:Warning: Warning CreateExport: Failed to load Outer for resource 'StaticMeshComponent0': QuitGame_C /Game/VirtualRealityBP/Maps/MainMenu_Level.MainMenu_Level:PersistentLevel.QuitGame_2
[2017.11.02-23.42.14:811][  0]LogContentStreaming: Texture pool size now 1000 MB
[2017.11.02-23.42.15:447][  2]LogRenderer: Reallocating scene render targets to support 128x128 NumSamples 1 (Frame:0).
[2017.11.02-23.42.15:447][  2]LogAssetRegistry: Asset discovery search completed in 13.5316 seconds
[2017.11.02-23.42.15:452][  2]LogCollectionManager: Rebuilt the object cache for 0 collections in 0.000001 seconds (found 0 objects)
[2017.11.02-23.42.15:452][  2]LogCollectionManager: Fixed up redirectors for 0 collections in 0.000083 seconds (updated 0 objects)
[2017.11.02-23.42.31:024][311]LogSlate: Took 0.000219 seconds to synchronously load lazily loaded font '../../../Engine/Content/Slate/Fonts/Roboto-Bold.ttf' (160K)
[2017.11.02-23.42.31:030][311]LogSlate: Took 0.000168 seconds to synchronously load lazily loaded font '../../../Engine/Content/Editor/Slate/Fonts/FontAwesome.ttf' (139K)
[2017.11.02-23.42.31:135][311]LogRenderer: Reallocating scene render targets to support 1220x564 NumSamples 1 (Frame:1).
[2017.11.02-23.42.31:135][311]LogSlate: Took 0.000130 seconds to synchronously load lazily loaded font '../../../Engine/Content/Slate/Fonts/Roboto-Light.ttf' (159K)
[2017.11.02-23.42.45:651][996]Cmd: DELETE
[2017.11.02-23.42.45:651][996]Cmd: ACTOR DELETE
[2017.11.02-23.42.45:651][996]LogEditorActor: Deleted Actor: Brush
[2017.11.02-23.42.45:662][996]LogEditorActor: Deleted 1 Actors (0.012 secs)
[2017.11.02-23.42.46:754][126]Cmd: TRANSACTION UNDO
[2017.11.02-23.42.46:754][126]LogEditorTransaction: Undo Delete Actors
[2017.11.02-23.42.46:798][126]LogSlate: Took 0.000192 seconds to synchronously load lazily loaded font '../../../Engine/Content/Slate/Fonts/Roboto-Light.ttf' (159K)
[2017.11.02-23.42.47:152][155]LogEditorViewport: Clicking on Actor (LMB): LoadFirstLevel_C (LoadFirstLevel)
[2017.11.02-23.42.47:184][155]LogEditorViewport: Clicking on Component (LMB): StaticMeshComponent (StaticMeshComponent0)
[2017.11.02-23.42.49:133][375]LogEditorViewport: Clicking on Component (LMB): StaticMeshComponent (StaticMeshComponent0)
[2017.11.02-23.42.51:797][681]LogEditorActor: Deleted Actor: LoadFirstLevel_C
[2017.11.02-23.42.51:807][681]LogEditorActor: Deleted 1 Actors (0.010 secs)
[2017.11.02-23.42.54:014][940]LogSlate: Took 0.000143 seconds to synchronously load lazily loaded font '../../../Engine/Content/Slate/Fonts/Roboto-Light.ttf' (159K)
[2017.11.02-23.42.56:060][940]LogContentBrowser: Native class hierarchy updated for 'BlueprintGraph' in 0.0011 seconds. Added 112 classes and 0 folders.
[2017.11.02-23.42.58:110][940]LogSlate: Took 0.000159 seconds to synchronously load lazily loaded font '../../../Engine/Content/Slate/Fonts/Roboto-Regular.ttf' (155K)
[2017.11.02-23.42.58:572][940]LogSlate: Took 0.000171 seconds to synchronously load lazily loaded font '../../../Engine/Content/Editor/Slate/Fonts/Roboto-BoldCondensed.ttf' (158K)
[2017.11.02-23.43.05:566][357]LogSavePackage: Save=144.74ms
[2017.11.02-23.43.05:566][357]LogSavePackage: Moving '../../../../Users/22TKDF8XX6YG69F9M66D/Downloads/CastleGuardPhase2/CastleGuardReborn/Saved/MainMenu_LevelE690BF89453DFDED78A07DAFCC665C35.tmp' to '../../../../Users/22TKDF8XX6YG69F9M66D/Downloads/CastleGuardPhase2/CastleGuardReborn/Content/VirtualRealityBP/Maps/MainMenu_Level.umap'
[2017.11.02-23.43.05:568][357]LogSavePackage:Display: Finished SavePackage ../../../../Users/22TKDF8XX6YG69F9M66D/Downloads/CastleGuardPhase2/CastleGuardReborn/Content/VirtualRealityBP/Maps/MainMenu_Level.umap
[2017.11.02-23.43.05:620][357]LogFileHelpers: Saving map 'MainMenu_Level' took 0.271
[2017.11.02-23.43.05:655][357]LogSavePackage: Save=23.09ms
[2017.11.02-23.43.05:655][357]LogSavePackage: Moving '../../../../Users/22TKDF8XX6YG69F9M66D/Downloads/CastleGuardPhase2/CastleGuardReborn/Saved/LoadFirstLevel01BBA7D3484F5BBC89207DB500B9A9B4.tmp' to '../../../../Users/22TKDF8XX6YG69F9M66D/Downloads/CastleGuardPhase2/CastleGuardReborn/Content/Vive/Blueprints/StaticMeshUI/LoadFirstLevel.uasset'
[2017.11.02-23.43.05:656][357]LogSavePackage:Display: Finished SavePackage ../../../../Users/22TKDF8XX6YG69F9M66D/Downloads/CastleGuardPhase2/CastleGuardReborn/Content/Vive/Blueprints/StaticMeshUI/LoadFirstLevel.uasset
[2017.11.02-23.43.22:612][203]LogEditorViewport: Clicking on Actor (LMB): LoadSecondLevel_C (LoadSecondLevel)
[2017.11.02-23.43.22:824][221]Cmd: DELETE
[2017.11.02-23.43.22:824][221]Cmd: ACTOR DELETE
[2017.11.02-23.43.22:824][221]LogEditorActor: Deleted Actor: LoadSecondLevel_C
[2017.11.02-23.43.22:842][221]LogEditorActor: Deleted 1 Actors (0.018 secs)
[2017.11.02-23.43.23:271][271]LogEditorViewport: Clicking on Actor (LMB): QuitGame_C (QuitGame)
[2017.11.02-23.43.23:441][285]Cmd: DELETE
[2017.11.02-23.43.23:441][285]Cmd: ACTOR DELETE
[2017.11.02-23.43.23:441][285]LogEditorActor: Deleted Actor: QuitGame_C
[2017.11.02-23.43.23:457][285]LogEditorActor: Deleted 1 Actors (0.017 secs)
[2017.11.02-23.43.24:545][409]LogEditorViewport: Clicking on Actor (LMB): TextRenderActor (TextRenderActor2)
[2017.11.02-23.43.24:566][409]LogEditorViewport: Clicking on Component (LMB): TextRenderComponent (NewTextRenderComponent)
[2017.11.02-23.43.27:628][759]LogEditorActor: Deleted Actor: TextRenderActor
[2017.11.02-23.43.27:644][759]LogEditorActor: Deleted 1 Actors (0.016 secs)
[2017.11.02-23.43.28:216][824]LogEditorActor: Deleted Actor: TextRenderActor
[2017.11.02-23.43.28:232][824]LogEditorActor: Deleted 1 Actors (0.016 secs)
[2017.11.02-23.43.33:529][389]LogRenderer: Reallocating scene render targets to support 1220x680 NumSamples 1 (Frame:1).
[2017.11.02-23.43.34:339][485]LogSlate: Took 0.000187 seconds to synchronously load lazily loaded font '../../../Engine/Content/Editor/Slate/Fonts/Roboto-Italic.ttf' (157K)
[2017.11.02-23.44.04:284][  7]BlueprintLog: New page: Compile LoadSecondLevel
[2017.11.02-23.44.05:069][ 54]LogSavePackage: Save=28.30ms
[2017.11.02-23.44.05:069][ 54]LogSavePackage: Moving '../../../../Users/22TKDF8XX6YG69F9M66D/Downloads/CastleGuardPhase2/CastleGuardReborn/Saved/LoadSecondLevel5D7356A347A66DF9181CB3BBDE6BD54F.tmp' to '../../../../Users/22TKDF8XX6YG69F9M66D/Downloads/CastleGuardPhase2/CastleGuardReborn/Content/Vive/Blueprints/StaticMeshUI/LoadSecondLevel.uasset'
[2017.11.02-23.44.05:070][ 54]LogSavePackage:Display: Finished SavePackage ../../../../Users/22TKDF8XX6YG69F9M66D/Downloads/CastleGuardPhase2/CastleGuardReborn/Content/Vive/Blueprints/StaticMeshUI/LoadSecondLevel.uasset
[2017.11.02-23.44.24:179][298]LogSavePackage: Save=144.58ms
[2017.11.02-23.44.24:179][298]LogSavePackage: Moving '../../../../Users/22TKDF8XX6YG69F9M66D/Downloads/CastleGuardPhase2/CastleGuardReborn/Saved/MainMenu_LevelDD0D37E54EF2BEF50D76C49033CCCD3A.tmp' to '../../../../Users/22TKDF8XX6YG69F9M66D/Downloads/CastleGuardPhase2/CastleGuardReborn/Content/VirtualRealityBP/Maps/MainMenu_Level.umap'
[2017.11.02-23.44.24:181][298]LogSavePackage:Display: Finished SavePackage ../../../../Users/22TKDF8XX6YG69F9M66D/Downloads/CastleGuardPhase2/CastleGuardReborn/Content/VirtualRealityBP/Maps/MainMenu_Level.umap
[2017.11.02-23.44.24:233][298]LogFileHelpers: Saving map 'MainMenu_Level' took 0.273
[2017.11.02-23.44.24:266][298]LogSavePackage: Save=22.24ms
[2017.11.02-23.44.24:267][298]LogSavePackage: Moving '../../../../Users/22TKDF8XX6YG69F9M66D/Downloads/CastleGuardPhase2/CastleGuardReborn/Saved/QuitGame9E2BD6324D664CABFF5DA78F7E44A2B7.tmp' to '../../../../Users/22TKDF8XX6YG69F9M66D/Downloads/CastleGuardPhase2/CastleGuardReborn/Content/Vive/Blueprints/StaticMeshUI/QuitGame.uasset'
[2017.11.02-23.44.24:268][298]LogSavePackage:Display: Finished SavePackage ../../../../Users/22TKDF8XX6YG69F9M66D/Downloads/CastleGuardPhase2/CastleGuardReborn/Content/Vive/Blueprints/StaticMeshUI/QuitGame.uasset
[2017.11.02-23.45.01:287][683]LogEditorViewport: Clicking on Actor (LMB): BP_Sky_Sphere_C (BP_Sky_Sphere)
[2017.11.02-23.45.01:891][750]LogEditorViewport: Clicking on Actor (LMB): BP_Arrow_C (BP_Arrow2)
[2017.11.02-23.45.01:908][750]LogEditorViewport: Clicking on Component (LMB): StaticMeshComponent (StaticMesh)
[2017.11.02-23.45.27:528][627]Cmd: DELETE
[2017.11.02-23.45.27:528][627]Cmd: ACTOR DELETE
[2017.11.02-23.45.27:529][627]LogEditorActor: Deleted Actor: LoadFirstLevel_C
[2017.11.02-23.45.27:546][627]LogEditorActor: Deleted 1 Actors (0.017 secs)
[2017.11.02-23.45.53:151][366]LogSavePackage: Save=144.44ms
[2017.11.02-23.45.53:151][366]LogSavePackage: Moving '../../../../Users/22TKDF8XX6YG69F9M66D/Downloads/CastleGuardPhase2/CastleGuardReborn/Saved/MainMenu_LevelB3C07EC346A33F1CD7A80F9625BEA8B0.tmp' to '../../../../Users/22TKDF8XX6YG69F9M66D/Downloads/CastleGuardPhase2/CastleGuardReborn/Content/VirtualRealityBP/Maps/MainMenu_Level.umap'
[2017.11.02-23.45.53:152][366]LogSavePackage:Display: Finished SavePackage ../../../../Users/22TKDF8XX6YG69F9M66D/Downloads/CastleGuardPhase2/CastleGuardReborn/Content/VirtualRealityBP/Maps/MainMenu_Level.umap
[2017.11.02-23.45.53:205][366]LogFileHelpers: Saving map 'MainMenu_Level' took 0.272
[2017.11.02-23.46.06:817][882]LogEditorViewport: Clicking on Actor (LMB): LoadSecondLevel_C (LoadSecondLevel)
[2017.11.02-23.46.17:933][650]LogActorFactory: Actor Factory created Plane
[2017.11.02-23.46.30:947][140]LogEditorViewport: Clicking on Actor (LMB): LoadFirstLevel_C (LoadFirstLevel)
[2017.11.02-23.46.30:980][140]LogEditorViewport: Clicking on Component (LMB): StaticMeshComponent (StaticMeshComponent0)
[2017.11.02-23.46.36:807][779]LogEditorViewport: Clicking on Actor (LMB): LoadSecondLevel_C (LoadSecondLevel)
[2017.11.02-23.46.43:467][494]LogEditorViewport: Clicking on Actor (LMB): LoadFirstLevel_C (LoadFirstLevel)
[2017.11.02-23.46.51:438][387]BlueprintLog: New page: Compile LoadFirstLevel
[2017.11.02-23.46.56:953][942]LogEditorViewport: Clicking on Actor (double click): LoadFirstLevel_C (LoadFirstLevel)
[2017.11.02-23.46.57:520][  4]LogEditorViewport: Clicking on Actor (LMB): LoadFirstLevel_C (LoadFirstLevel)
[2017.11.02-23.47.29:811][588]LogEditorViewport: Clicking on Actor (LMB): LoadSecondLevel_C (LoadSecondLevel)
[2017.11.02-23.47.35:091][175]LogEditorViewport: Clicking on Actor (LMB): LoadFirstLevel_C (LoadFirstLevel)
[2017.11.02-23.47.35:121][175]LogEditorViewport: Clicking on Component (LMB): StaticMeshComponent (StaticMeshComponent0)
[2017.11.02-23.47.40:053][680]LogSavePackage: Save=153.67ms
[2017.11.02-23.47.40:053][680]LogSavePackage: Moving '../../../../Users/22TKDF8XX6YG69F9M66D/Downloads/CastleGuardPhase2/CastleGuardReborn/Saved/MainMenu_Level80AA2F9C469D3E18B07813A4E20E0366.tmp' to '../../../../Users/22TKDF8XX6YG69F9M66D/Downloads/CastleGuardPhase2/CastleGuardReborn/Content/VirtualRealityBP/Maps/MainMenu_Level.umap'
[2017.11.02-23.47.40:054][680]LogSavePackage:Display: Finished SavePackage ../../../../Users/22TKDF8XX6YG69F9M66D/Downloads/CastleGuardPhase2/CastleGuardReborn/Content/VirtualRealityBP/Maps/MainMenu_Level.umap
[2017.11.02-23.47.40:107][680]LogFileHelpers: Saving map 'MainMenu_Level' took 0.283
[2017.11.02-23.47.40:139][680]LogSavePackage: Save=24.36ms
[2017.11.02-23.47.40:139][680]LogSavePackage: Moving '../../../../Users/22TKDF8XX6YG69F9M66D/Downloads/CastleGuardPhase2/CastleGuardReborn/Saved/LoadFirstLevel89E136444D6CB01BAEE461AAA0B3F8D5.tmp' to '../../../../Users/22TKDF8XX6YG69F9M66D/Downloads/CastleGuardPhase2/CastleGuardReborn/Content/Vive/Blueprints/StaticMeshUI/LoadFirstLevel.uasset'
[2017.11.02-23.47.40:141][680]LogSavePackage:Display: Finished SavePackage ../../../../Users/22TKDF8XX6YG69F9M66D/Downloads/CastleGuardPhase2/CastleGuardReborn/Content/Vive/Blueprints/StaticMeshUI/LoadFirstLevel.uasset
[2017.11.02-23.47.40:172][680]LogSavePackage: Save=23.19ms
[2017.11.02-23.47.40:172][680]LogSavePackage: Moving '../../../../Users/22TKDF8XX6YG69F9M66D/Downloads/CastleGuardPhase2/CastleGuardReborn/Saved/QuitGame6A90B83546426FBC08CD579FF0823ADC.tmp' to '../../../../Users/22TKDF8XX6YG69F9M66D/Downloads/CastleGuardPhase2/CastleGuardReborn/Content/Vive/Blueprints/StaticMeshUI/QuitGame.uasset'
[2017.11.02-23.47.40:173][680]LogSavePackage:Display: Finished SavePackage ../../../../Users/22TKDF8XX6YG69F9M66D/Downloads/CastleGuardPhase2/CastleGuardReborn/Content/Vive/Blueprints/StaticMeshUI/QuitGame.uasset
[2017.11.02-23.47.40:737][743]LogEditorViewport: Clicking on Actor (LMB): QuitGame_C (QuitGame)
[2017.11.02-23.47.40:768][743]LogEditorViewport: Clicking on Component (LMB): StaticMeshComponent (StaticMeshComponent0)
[2017.11.02-23.47.50:870][882]BlueprintLog: New page: Compile QuitGame
[2017.11.02-23.47.51:616][944]LogSavePackage: Save=21.72ms
[2017.11.02-23.47.51:616][944]LogSavePackage: Moving '../../../../Users/22TKDF8XX6YG69F9M66D/Downloads/CastleGuardPhase2/CastleGuardReborn/Saved/QuitGameF1F4D2124A12E4DE8B2FDFA10437AAC2.tmp' to '../../../../Users/22TKDF8XX6YG69F9M66D/Downloads/CastleGuardPhase2/CastleGuardReborn/Content/Vive/Blueprints/StaticMeshUI/QuitGame.uasset'
[2017.11.02-23.47.51:617][944]LogSavePackage:Display: Finished SavePackage ../../../../Users/22TKDF8XX6YG69F9M66D/Downloads/CastleGuardPhase2/CastleGuardReborn/Content/Vive/Blueprints/StaticMeshUI/QuitGame.uasset
[2017.11.02-23.48.05:930][553]LogSavePackage: Save=153.14ms
[2017.11.02-23.48.05:930][553]LogSavePackage: Moving '../../../../Users/22TKDF8XX6YG69F9M66D/Downloads/CastleGuardPhase2/CastleGuardReborn/Saved/MainMenu_LevelD364F57F475C7F777DE8B2AAEB1BE8AA.tmp' to '../../../../Users/22TKDF8XX6YG69F9M66D/Downloads/CastleGuardPhase2/CastleGuardReborn/Content/VirtualRealityBP/Maps/MainMenu_Level.umap'
[2017.11.02-23.48.05:931][553]LogSavePackage:Display: Finished SavePackage ../../../../Users/22TKDF8XX6YG69F9M66D/Downloads/CastleGuardPhase2/CastleGuardReborn/Content/VirtualRealityBP/Maps/MainMenu_Level.umap
[2017.11.02-23.48.05:984][553]LogFileHelpers: Saving map 'MainMenu_Level' took 0.284
[2017.11.02-23.57.43:660][ 33]LogEditorViewport: Clicking on Actor (LMB): BP_Arrow_C (BP_Arrow2)
[2017.11.02-23.57.44:322][105]Cmd: DELETE
[2017.11.02-23.57.44:323][105]Cmd: ACTOR DELETE
[2017.11.02-23.57.44:323][105]LogEditorActor: Deleted Actor: BP_Arrow_C
[2017.11.02-23.57.44:344][105]LogEditorActor: Deleted 1 Actors (0.021 secs)
[2017.11.02-23.57.47:885][486]LogSavePackage: Save=154.04ms
[2017.11.02-23.57.47:886][486]LogSavePackage: Moving '../../../../Users/22TKDF8XX6YG69F9M66D/Downloads/CastleGuardPhase2/CastleGuardReborn/Saved/MainMenu_Level366BB04F40FC3483C88DCDB2CB6A78D4.tmp' to '../../../../Users/22TKDF8XX6YG69F9M66D/Downloads/CastleGuardPhase2/CastleGuardReborn/Content/VirtualRealityBP/Maps/MainMenu_Level.umap'
[2017.11.02-23.57.47:887][486]LogSavePackage:Display: Finished SavePackage ../../../../Users/22TKDF8XX6YG69F9M66D/Downloads/CastleGuardPhase2/CastleGuardReborn/Content/VirtualRealityBP/Maps/MainMenu_Level.umap
[2017.11.02-23.57.47:939][486]LogFileHelpers: Saving map 'MainMenu_Level' took 0.286
[2017.11.02-23.57.49:155][621]LogEditorViewport: Clicking on Actor (LMB): BP_Arrow_C (BP_Arrow)
[2017.11.02-23.57.49:171][621]LogEditorViewport: Clicking on Component (LMB): BoxComponent (Box)
[2017.11.02-23.57.51:274][847]Cmd: CAMERA ALIGN ACTIVEVIEWPORTONLY
[2017.11.02-23.57.54:667][164]Cmd: CAMERA ALIGN ACTIVEVIEWPORTONLY
[2017.11.02-23.57.57:487][408]Cmd: CAMERA ALIGN ACTIVEVIEWPORTONLY
[2017.11.02-23.58.01:305][805]LogTemp: Repeting last play command: Simulate
[2017.11.02-23.58.01:376][805]LogBlueprintUserMessages: Early PlayInEditor Detection: Level '/Game/VirtualRealityBP/Maps/MainMenu_Level.MainMenu_Level:PersistentLevel' has LevelScriptBlueprint '/Game/VirtualRealityBP/Maps/MainMenu_Level.MainMenu_Level:PersistentLevel.MainMenu_Level' with GeneratedClass '/Game/VirtualRealityBP/Maps/MainMenu_Level.MainMenu_Level_C' with ClassGeneratedBy '/Game/VirtualRealityBP/Maps/MainMenu_Level.MainMenu_Level:PersistentLevel.MainMenu_Level'
[2017.11.02-23.58.01:376][805]LogPlayLevel: PlayLevel: No blueprints needed recompiling
[2017.11.02-23.58.01:376][805]PIE: New page: SIE session: MainMenu_Level (Nov 2, 2017, 9:58:01 AM)
[2017.11.02-23.58.01:377][805]LogPlayLevel: Creating play world package: /Game/VirtualRealityBP/Maps/UEDPIE_0_MainMenu_Level
[2017.11.02-23.58.01:380][805]LogPlayLevel: PIE: StaticDuplicateObject took: (0.003111s)
[2017.11.02-23.58.01:380][805]LogAIModule: Creating AISystem for world MainMenu_Level
[2017.11.02-23.58.01:381][805]LogPlayLevel: PIE: World Init took: (0.000768s)
[2017.11.02-23.58.01:381][805]LogPlayLevel: PIE: Created PIE world by copying editor world from /Game/VirtualRealityBP/Maps/MainMenu_Level.MainMenu_Level to /Game/VirtualRealityBP/Maps/UEDPIE_0_MainMenu_Level.MainMenu_Level (0.004145s)
[2017.11.02-23.58.01:403][805]LogInit: XAudio2 using 'Speakers (2- High Definition Audio Device)' : 2 channels at 44.1 kHz using 16 bits per sample (channel mask 0x3)
[2017.11.02-23.58.01:409][805]LogInit: FAudioDevice initialized.
[2017.11.02-23.58.01:451][805]LogUObjectGlobals:Warning: Failed to find object 'Class None.'
[2017.11.02-23.58.01:451][805]LogLoad: Game class is 'GameModeBase'
[2017.11.02-23.58.01:454][805]LogWorld: Bringing World /Game/VirtualRealityBP/Maps/UEDPIE_0_MainMenu_Level.MainMenu_Level up for play (max tick rate 0) at 2017.11.02-16.58.01
[2017.11.02-23.58.01:454][805]LogWorld: Bringing up level for play took: 0.001714
[2017.11.02-23.58.01:455][805]LogGameMode: FindPlayerStart: PATHS NOT DEFINED or NO PLAYERSTART with positive rating
[2017.11.02-23.58.01:494][805]LogContentBrowser: Native class hierarchy updated for 'MovieSceneCapture' in 0.0007 seconds. Added 11 classes and 0 folders.
[2017.11.02-23.58.01:496][805]PIE: Info Play in editor start time for /Game/VirtualRealityBP/Maps/UEDPIE_0_MainMenu_Level 0.969
[2017.11.02-23.58.01:511][805]LogBlueprintUserMessages: Late PlayInEditor Detection: Level '/Game/VirtualRealityBP/Maps/MainMenu_Level.MainMenu_Level:PersistentLevel' has LevelScriptBlueprint '/Game/VirtualRealityBP/Maps/MainMenu_Level.MainMenu_Level:PersistentLevel.MainMenu_Level' with GeneratedClass '/Game/VirtualRealityBP/Maps/MainMenu_Level.MainMenu_Level_C' with ClassGeneratedBy '/Game/VirtualRealityBP/Maps/MainMenu_Level.MainMenu_Level:PersistentLevel.MainMenu_Level'
[2017.11.02-23.58.02:854][930]LogBlueprintUserMessages: Early EndPlayMap Detection: Level '/Game/VirtualRealityBP/Maps/MainMenu_Level.MainMenu_Level:PersistentLevel' has LevelScriptBlueprint '/Game/VirtualRealityBP/Maps/MainMenu_Level.MainMenu_Level:PersistentLevel.MainMenu_Level' with GeneratedClass '/Game/VirtualRealityBP/Maps/MainMenu_Level.MainMenu_Level_C' with ClassGeneratedBy '/Game/VirtualRealityBP/Maps/MainMenu_Level.MainMenu_Level:PersistentLevel.MainMenu_Level'
[2017.11.02-23.58.02:902][930]LogBlueprintUserMessages: Late EndPlayMap Detection: Level '/Game/VirtualRealityBP/Maps/MainMenu_Level.MainMenu_Level:PersistentLevel' has LevelScriptBlueprint '/Game/VirtualRealityBP/Maps/MainMenu_Level.MainMenu_Level:PersistentLevel.MainMenu_Level' with GeneratedClass '/Game/VirtualRealityBP/Maps/MainMenu_Level.MainMenu_Level_C' with ClassGeneratedBy '/Game/VirtualRealityBP/Maps/MainMenu_Level.MainMenu_Level:PersistentLevel.MainMenu_Level'
[2017.11.02-23.58.04:151][ 72]LogEditorViewport: Clicking on Actor (LMB): BP_Arrow_C (BP_Arrow)
[2017.11.02-23.58.12:067][906]LogEditorViewport: Clicking on Actor (LMB): BP_Sky_Sphere_C (BP_Sky_Sphere)
[2017.11.02-23.58.17:149][465]LogEditorActor: Deleted Actor: BP_Arrow_C
[2017.11.02-23.58.17:168][465]LogEditorActor: Deleted 1 Actors (0.020 secs)
[2017.11.02-23.58.20:691][875]LogScriptCore:Warning: Script Msg: Attempted to access index 0 from array CallFunc_GetAllActorsOfClass_OutActors of length 0!
[2017.11.02-23.58.20:691][875]LogScript:Warning: Accessed None trying to read property CallFunc_Array_Get_Item
	ArcherAIArrow_C /Engine/Transient.World_12:PersistentLevel.ArcherAIArrow_C_0
	Function /Game/Vive/Blueprints/AI/ArcherAIArrow.ArcherAIArrow_C:UserConstructionScript:00C8
[2017.11.02-23.58.20:691][875]LogScript:Warning: Accessed None
	ArcherAIArrow_C /Engine/Transient.World_12:PersistentLevel.ArcherAIArrow_C_0
	Function /Game/Vive/Blueprints/AI/ArcherAIArrow.ArcherAIArrow_C:UserConstructionScript:00DD
[2017.11.02-23.58.25:997][437]Cmd: CAMERA ALIGN ACTIVEVIEWPORTONLY
[2017.11.02-23.58.32:511][ 68]LogTemp: Repeting last play command: Simulate
[2017.11.02-23.58.32:539][ 68]LogBlueprintUserMessages: Early PlayInEditor Detection: Level '/Game/VirtualRealityBP/Maps/MainMenu_Level.MainMenu_Level:PersistentLevel' has LevelScriptBlueprint '/Game/VirtualRealityBP/Maps/MainMenu_Level.MainMenu_Level:PersistentLevel.MainMenu_Level' with GeneratedClass '/Game/VirtualRealityBP/Maps/MainMenu_Level.MainMenu_Level_C' with ClassGeneratedBy '/Game/VirtualRealityBP/Maps/MainMenu_Level.MainMenu_Level:PersistentLevel.MainMenu_Level'
[2017.11.02-23.58.32:539][ 68]LogPlayLevel: PlayLevel: No blueprints needed recompiling
[2017.11.02-23.58.32:540][ 68]PIE: New page: SIE session: MainMenu_Level (Nov 2, 2017, 9:58:32 AM)
[2017.11.02-23.58.32:540][ 68]LogPlayLevel: Creating play world package: /Game/VirtualRealityBP/Maps/UEDPIE_0_MainMenu_Level
[2017.11.02-23.58.32:543][ 68]LogPlayLevel: PIE: StaticDuplicateObject took: (0.003010s)
[2017.11.02-23.58.32:543][ 68]LogAIModule: Creating AISystem for world MainMenu_Level
[2017.11.02-23.58.32:544][ 68]LogPlayLevel: PIE: World Init took: (0.000707s)
[2017.11.02-23.58.32:544][ 68]LogPlayLevel: PIE: Created PIE world by copying editor world from /Game/VirtualRealityBP/Maps/MainMenu_Level.MainMenu_Level to /Game/VirtualRealityBP/Maps/UEDPIE_0_MainMenu_Level.MainMenu_Level (0.003978s)
[2017.11.02-23.58.32:567][ 68]LogInit: XAudio2 using 'Speakers (2- High Definition Audio Device)' : 2 channels at 44.1 kHz using 16 bits per sample (channel mask 0x3)
[2017.11.02-23.58.32:572][ 68]LogInit: FAudioDevice initialized.
[2017.11.02-23.58.32:603][ 68]LogUObjectGlobals:Warning: Failed to find object 'Class None.'
[2017.11.02-23.58.32:603][ 68]LogLoad: Game class is 'GameModeBase'
[2017.11.02-23.58.32:605][ 68]LogWorld: Bringing World /Game/VirtualRealityBP/Maps/UEDPIE_0_MainMenu_Level.MainMenu_Level up for play (max tick rate 0) at 2017.11.02-16.58.32
[2017.11.02-23.58.32:606][ 68]LogWorld: Bringing up level for play took: 0.001470
[2017.11.02-23.58.32:606][ 68]LogGameMode: FindPlayerStart: PATHS NOT DEFINED or NO PLAYERSTART with positive rating
[2017.11.02-23.58.32:607][ 68]PIE: Info Play in editor start time for /Game/VirtualRealityBP/Maps/UEDPIE_0_MainMenu_Level 0.079
[2017.11.02-23.58.32:617][ 68]LogBlueprintUserMessages: Late PlayInEditor Detection: Level '/Game/VirtualRealityBP/Maps/MainMenu_Level.MainMenu_Level:PersistentLevel' has LevelScriptBlueprint '/Game/VirtualRealityBP/Maps/MainMenu_Level.MainMenu_Level:PersistentLevel.MainMenu_Level' with GeneratedClass '/Game/VirtualRealityBP/Maps/MainMenu_Level.MainMenu_Level_C' with ClassGeneratedBy '/Game/VirtualRealityBP/Maps/MainMenu_Level.MainMenu_Level:PersistentLevel.MainMenu_Level'
[2017.11.02-23.58.33:879][182]LogBlueprintUserMessages: Early EndPlayMap Detection: Level '/Game/VirtualRealityBP/Maps/MainMenu_Level.MainMenu_Level:PersistentLevel' has LevelScriptBlueprint '/Game/VirtualRealityBP/Maps/MainMenu_Level.MainMenu_Level:PersistentLevel.MainMenu_Level' with GeneratedClass '/Game/VirtualRealityBP/Maps/MainMenu_Level.MainMenu_Level_C' with ClassGeneratedBy '/Game/VirtualRealityBP/Maps/MainMenu_Level.MainMenu_Level:PersistentLevel.MainMenu_Level'
[2017.11.02-23.58.33:919][182]LogBlueprintUserMessages: Late EndPlayMap Detection: Level '/Game/VirtualRealityBP/Maps/MainMenu_Level.MainMenu_Level:PersistentLevel' has LevelScriptBlueprint '/Game/VirtualRealityBP/Maps/MainMenu_Level.MainMenu_Level:PersistentLevel.MainMenu_Level' with GeneratedClass '/Game/VirtualRealityBP/Maps/MainMenu_Level.MainMenu_Level_C' with ClassGeneratedBy '/Game/VirtualRealityBP/Maps/MainMenu_Level.MainMenu_Level:PersistentLevel.MainMenu_Level'
[2017.11.02-23.58.36:422][428]LogEditorViewport: Clicking on Actor (LMB): BP_Arrow_C (BP_Arrow)
[2017.11.02-23.58.36:432][428]LogEditorViewport: Clicking on Component (LMB): StaticMeshComponent (StaticMesh)
[2017.11.02-23.58.38:632][635]LogTemp: Repeting last play command: Simulate
[2017.11.02-23.58.38:661][635]LogBlueprintUserMessages: Early PlayInEditor Detection: Level '/Game/VirtualRealityBP/Maps/MainMenu_Level.MainMenu_Level:PersistentLevel' has LevelScriptBlueprint '/Game/VirtualRealityBP/Maps/MainMenu_Level.MainMenu_Level:PersistentLevel.MainMenu_Level' with GeneratedClass '/Game/VirtualRealityBP/Maps/MainMenu_Level.MainMenu_Level_C' with ClassGeneratedBy '/Game/VirtualRealityBP/Maps/MainMenu_Level.MainMenu_Level:PersistentLevel.MainMenu_Level'
[2017.11.02-23.58.38:661][635]LogPlayLevel: PlayLevel: No blueprints needed recompiling
[2017.11.02-23.58.38:661][635]PIE: New page: SIE session: MainMenu_Level (Nov 2, 2017, 9:58:38 AM)
[2017.11.02-23.58.38:661][635]LogPlayLevel: Creating play world package: /Game/VirtualRealityBP/Maps/UEDPIE_0_MainMenu_Level
[2017.11.02-23.58.38:664][635]LogPlayLevel: PIE: StaticDuplicateObject took: (0.002913s)
[2017.11.02-23.58.38:665][635]LogAIModule: Creating AISystem for world MainMenu_Level
[2017.11.02-23.58.38:665][635]LogPlayLevel: PIE: World Init took: (0.000641s)
[2017.11.02-23.58.38:665][635]LogPlayLevel: PIE: Created PIE world by copying editor world from /Game/VirtualRealityBP/Maps/MainMenu_Level.MainMenu_Level to /Game/VirtualRealityBP/Maps/UEDPIE_0_MainMenu_Level.MainMenu_Level (0.003787s)
[2017.11.02-23.58.38:687][635]LogInit: XAudio2 using 'Speakers (2- High Definition Audio Device)' : 2 channels at 44.1 kHz using 16 bits per sample (channel mask 0x3)
[2017.11.02-23.58.38:692][635]LogInit: FAudioDevice initialized.
[2017.11.02-23.58.38:722][635]LogUObjectGlobals:Warning: Failed to find object 'Class None.'
[2017.11.02-23.58.38:722][635]LogLoad: Game class is 'GameModeBase'
[2017.11.02-23.58.38:724][635]LogWorld: Bringing World /Game/VirtualRealityBP/Maps/UEDPIE_0_MainMenu_Level.MainMenu_Level up for play (max tick rate 0) at 2017.11.02-16.58.38
[2017.11.02-23.58.38:725][635]LogWorld: Bringing up level for play took: 0.001482
[2017.11.02-23.58.38:725][635]LogGameMode: FindPlayerStart: PATHS NOT DEFINED or NO PLAYERSTART with positive rating
[2017.11.02-23.58.38:726][635]PIE: Info Play in editor start time for /Game/VirtualRealityBP/Maps/UEDPIE_0_MainMenu_Level 0.198
[2017.11.02-23.58.38:736][635]LogBlueprintUserMessages: Late PlayInEditor Detection: Level '/Game/VirtualRealityBP/Maps/MainMenu_Level.MainMenu_Level:PersistentLevel' has LevelScriptBlueprint '/Game/VirtualRealityBP/Maps/MainMenu_Level.MainMenu_Level:PersistentLevel.MainMenu_Level' with GeneratedClass '/Game/VirtualRealityBP/Maps/MainMenu_Level.MainMenu_Level_C' with ClassGeneratedBy '/Game/VirtualRealityBP/Maps/MainMenu_Level.MainMenu_Level:PersistentLevel.MainMenu_Level'
[2017.11.02-23.58.42:566][945]LogBlueprintUserMessages: Early EndPlayMap Detection: Level '/Game/VirtualRealityBP/Maps/MainMenu_Level.MainMenu_Level:PersistentLevel' has LevelScriptBlueprint '/Game/VirtualRealityBP/Maps/MainMenu_Level.MainMenu_Level:PersistentLevel.MainMenu_Level' with GeneratedClass '/Game/VirtualRealityBP/Maps/MainMenu_Level.MainMenu_Level_C' with ClassGeneratedBy '/Game/VirtualRealityBP/Maps/MainMenu_Level.MainMenu_Level:PersistentLevel.MainMenu_Level'
[2017.11.02-23.58.42:607][945]LogBlueprintUserMessages: Late EndPlayMap Detection: Level '/Game/VirtualRealityBP/Maps/MainMenu_Level.MainMenu_Level:PersistentLevel' has LevelScriptBlueprint '/Game/VirtualRealityBP/Maps/MainMenu_Level.MainMenu_Level:PersistentLevel.MainMenu_Level' with GeneratedClass '/Game/VirtualRealityBP/Maps/MainMenu_Level.MainMenu_Level_C' with ClassGeneratedBy '/Game/VirtualRealityBP/Maps/MainMenu_Level.MainMenu_Level:PersistentLevel.MainMenu_Level'
[2017.11.02-23.59.12:160][248]LogEditorViewport: Clicking on Actor (LMB): BP_Sky_Sphere_C (BP_Sky_Sphere)
[2017.11.02-23.59.12:962][330]LogEditorViewport: Clicking on Actor (LMB): BP_Arrow_C (BP_Arrow)
[2017.11.02-23.59.14:090][448]Cmd: DELETE
[2017.11.02-23.59.14:090][448]Cmd: ACTOR DELETE
[2017.11.02-23.59.14:090][448]LogEditorActor: Deleted Actor: BP_Arrow_C
[2017.11.02-23.59.14:109][448]LogEditorActor: Deleted 1 Actors (0.020 secs)
[2017.11.02-23.59.16:304][673]LogSavePackage: Save=149.27ms
[2017.11.02-23.59.16:304][673]LogSavePackage: Moving '../../../../Users/22TKDF8XX6YG69F9M66D/Downloads/CastleGuardPhase2/CastleGuardReborn/Saved/MainMenu_Level378F444741F401A5B1334B8FE0B7C412.tmp' to '../../../../Users/22TKDF8XX6YG69F9M66D/Downloads/CastleGuardPhase2/CastleGuardReborn/Content/VirtualRealityBP/Maps/MainMenu_Level.umap'
[2017.11.02-23.59.16:305][673]LogSavePackage:Display: Finished SavePackage ../../../../Users/22TKDF8XX6YG69F9M66D/Downloads/CastleGuardPhase2/CastleGuardReborn/Content/VirtualRealityBP/Maps/MainMenu_Level.umap
[2017.11.02-23.59.16:358][673]LogFileHelpers: Saving map 'MainMenu_Level' took 0.282
[2017.11.02-23.59.23:425][493]LogEditorViewport: Clicking on Actor (LMB): QuitGame_C (QuitGame)
[2017.11.02-23.59.24:023][549]LogEditorViewport: Clicking on Actor (CTRL LMB): LoadSecondLevel_C (LoadSecondLevel)
[2017.11.02-23.59.24:590][603]LogEditorViewport: Clicking on Actor (CTRL LMB): LoadFirstLevel_C (LoadFirstLevel)
[2017.11.02-23.59.33:968][452]LogSavePackage: Save=148.65ms
[2017.11.02-23.59.33:968][452]LogSavePackage: Moving '../../../../Users/22TKDF8XX6YG69F9M66D/Downloads/CastleGuardPhase2/CastleGuardReborn/Saved/MainMenu_LevelDC65860144E5C413DC57F8810B263483.tmp' to '../../../../Users/22TKDF8XX6YG69F9M66D/Downloads/CastleGuardPhase2/CastleGuardReborn/Content/VirtualRealityBP/Maps/MainMenu_Level.umap'
[2017.11.02-23.59.33:969][452]LogSavePackage:Display: Finished SavePackage ../../../../Users/22TKDF8XX6YG69F9M66D/Downloads/CastleGuardPhase2/CastleGuardReborn/Content/VirtualRealityBP/Maps/MainMenu_Level.umap
[2017.11.02-23.59.34:021][452]LogFileHelpers: Saving map 'MainMenu_Level' took 0.278
[2017.11.02-23.59.58:007][880]Cmd: MAP LOAD FILE="../../../../Users/22TKDF8XX6YG69F9M66D/Downloads/CastleGuardPhase2/CastleGuardReborn/Content/VirtualRealityBP/Maps/MotionControllerMap.umap" TEMPLATE=0 SHOWPROGRESS=1 FEATURELEVEL=3
[2017.11.02-23.59.58:051][880]LightingResults: New page: Lighting Build
[2017.11.02-23.59.58:052][880]LoadErrors: New page: Loading map: MotionControllerMap.umap
[2017.11.02-23.59.58:054][880]MapCheck: New page: Map Check
[2017.11.02-23.59.58:054][880]LightingResults: New page: Lighting Build
[2017.11.02-23.59.58:400][880]LogLinker:Warning: Can't find file '/Game/VirtualRealityBP/Maps/MotionControllerMap_BuiltData'
[2017.11.02-23.59.58:401][880]LogLinker:Warning: Can't find file for asset '/Game/VirtualRealityBP/Maps/MotionControllerMap_BuiltData' while loading ../../../../Users/22TKDF8XX6YG69F9M66D/Downloads/CastleGuardPhase2/CastleGuardReborn/Content/VirtualRealityBP/Maps/MotionControllerMap.umap.
[2017.11.02-23.59.58:401][880]LoadErrors:Error: Error /Game/VirtualRealityBP/Maps/MotionControllerMap : Can't find file for asset. /Game/VirtualRealityBP/Maps/MotionControllerMap_BuiltData
[2017.11.02-23.59.58:404][880]LogLinker:Warning: Can't find file '/Game/VirtualRealityBP/Maps/MotionControllerMap_BuiltData'
[2017.11.02-23.59.58:404][880]LogLinker:Warning: Can't find file for asset '/Game/VirtualRealityBP/Maps/MotionControllerMap_BuiltData' while loading ../../../../Users/22TKDF8XX6YG69F9M66D/Downloads/CastleGuardPhase2/CastleGuardReborn/Content/VirtualRealityBP/Maps/MotionControllerMap.umap.
[2017.11.02-23.59.58:405][880]LogLinker:Warning: Can't find file '/Game/VirtualRealityBP/Maps/MotionControllerMap_BuiltData'
[2017.11.02-23.59.58:405][880]LogLinker:Warning: Can't find file for asset '/Game/VirtualRealityBP/Maps/MotionControllerMap_BuiltData' while loading NULL.
[2017.11.02-23.59.58:405][880]LogLinker:Warning: Can't find file '/Game/VirtualRealityBP/Maps/MotionControllerMap_BuiltData'
[2017.11.02-23.59.58:405][880]LogLinker:Warning: Can't find file for asset '/Game/VirtualRealityBP/Maps/MotionControllerMap_BuiltData' while loading NULL.
[2017.11.02-23.59.58:424][880]LogLinker:Warning: Can't find file '/Game/VirtualRealityBP/Maps/MotionControllerMap_BuiltData'
[2017.11.02-23.59.58:424][880]LoadErrors: Info Failed to load /Game/VirtualRealityBP/Maps/MotionControllerMap_BuiltData.MotionControllerMap_BuiltData Referenced by PersistentLevel
[2017.11.02-23.59.58:424][880]LogLinker:Warning: Can't find file for asset '/Game/VirtualRealityBP/Maps/MotionControllerMap_BuiltData' while loading NULL.
[2017.11.02-23.59.58:697][880]LogAIModule: Creating AISystem for world MotionControllerMap
[2017.11.02-23.59.58:707][880]LogEditorServer: Finished looking for orphan Actors (0.000 secs)
[2017.11.02-23.59.58:788][880]Cmd: MAP CHECKDEP NOCLEARLOG
[2017.11.02-23.59.58:849][880]MapCheck: Info Map check complete: 0 Error(s), 0 Warning(s), took 60.234ms to complete.
[2017.11.02-23.59.58:849][880]LogFileHelpers: Loading map 'MotionControllerMap' took 0.844
[2017.11.03-00.00.15:945][850]LogActorComponent: UnregisterComponent: (/Engine/Transient.EditorFloorComp) Not registered. Aborting.
[2017.11.03-00.00.16:010][850]LogActorComponent: UnregisterComponent: (/Engine/Transient.EditorFloorComp) Not registered. Aborting.
[2017.11.03-00.00.16:073][850]LogActorComponent: UnregisterComponent: (/Engine/Transient.EditorFloorComp) Not registered. Aborting.
[2017.11.03-00.00.16:483][851]Cmd: QUIT_EDITOR
[2017.11.03-00.00.16:542][851]LogExit: Preparing to exit.
[2017.11.03-00.00.17:658][851]LogExit: Editor shut down
[2017.11.03-00.00.17:664][851]LogExit: Transaction tracking system shut down
[2017.11.03-00.00.17:770][851]LogObj: Freed 0b from 0 cluster array pools.
[2017.11.03-00.00.17:770][851]LogExit: Object subsystem successfully closed.
[2017.11.03-00.00.17:792][851]LogD3D11RHI: Shutdown
[2017.11.03-00.00.17:792][851]LogD3D11RHI: CleanupD3DDevice
[2017.11.03-00.00.17:830][851]LogD3D11RHI: ~FD3D11DynamicRHI
[2017.11.03-00.00.17:843][851]LogModuleManager: Shutting down and abandoning module MovieSceneCapture (532)
[2017.11.03-00.00.17:843][851]LogModuleManager: Shutting down and abandoning module BlueprintGraph (530)
[2017.11.03-00.00.17:843][851]LogModuleManager: Shutting down and abandoning module BlueprintProfiler (528)
[2017.11.03-00.00.17:843][851]LogModuleManager: Shutting down and abandoning module HierarchicalLODOutliner (526)
[2017.11.03-00.00.17:843][851]LogModuleManager: Shutting down and abandoning module ExternalImagePicker (524)
[2017.11.03-00.00.17:843][851]LogModuleManager: Shutting down and abandoning module CrashTracker (522)
[2017.11.03-00.00.17:843][851]LogModuleManager: Shutting down and abandoning module SceneOutliner (520)
[2017.11.03-00.00.17:843][851]LogModuleManager: Shutting down and abandoning module AddContentDialog (518)
[2017.11.03-00.00.17:843][851]LogDirectoryWatcher: A directory notification for 'C:/4.16/FeaturePacks/' was aborted.
[2017.11.03-00.00.17:844][851]LogModuleManager: Shutting down and abandoning module WidgetCarousel (517)
[2017.11.03-00.00.17:844][851]LogModuleManager: Shutting down and abandoning module EditorWidgets (514)
[2017.11.03-00.00.17:844][851]LogModuleManager: Shutting down and abandoning module CollectionManager (512)
[2017.11.03-00.00.17:844][851]LogDirectoryWatcher: A directory notification for 'C:/Users/22TKDF8XX6YG69F9M66D/Downloads/CastleGuardPhase2/CastleGuardReborn/Content/Collections/' was aborted.
[2017.11.03-00.00.17:844][851]LogDirectoryWatcher: A directory notification for 'C:/Users/22TKDF8XX6YG69F9M66D/Downloads/CastleGuardPhase2/CastleGuardReborn/Content/Developers/22TKDF8XX6YG69F9M66D/Collections/' was aborted.
[2017.11.03-00.00.17:844][851]LogDirectoryWatcher: A directory notification for 'C:/Users/22TKDF8XX6YG69F9M66D/Downloads/CastleGuardPhase2/CastleGuardReborn/Saved/Collections/' was aborted.
[2017.11.03-00.00.17:844][851]LogModuleManager: Shutting down and abandoning module StatsViewer (510)
[2017.11.03-00.00.17:844][851]LogModuleManager: Shutting down and abandoning module FoliageEdit (508)
[2017.11.03-00.00.17:844][851]LogModuleManager: Shutting down and abandoning module LandscapeEditor (506)
[2017.11.03-00.00.17:844][851]LogModuleManager: Shutting down and abandoning module MeshPaintMode (504)
[2017.11.03-00.00.17:844][851]LogModuleManager: Shutting down and abandoning module SceneDepthPickerMode (502)
[2017.11.03-00.00.17:844][851]LogModuleManager: Shutting down and abandoning module ActorPickerMode (500)
[2017.11.03-00.00.17:844][851]LogModuleManager: Shutting down and abandoning module GeometryMode (498)
[2017.11.03-00.00.17:844][851]LogModuleManager: Shutting down and abandoning module TextureAlignMode (496)
[2017.11.03-00.00.17:844][851]LogModuleManager: Shutting down and abandoning module BspMode (494)
[2017.11.03-00.00.17:844][851]LogModuleManager: Shutting down and abandoning module HardwareSurvey (492)
[2017.11.03-00.00.17:844][851]LogModuleManager: Shutting down and abandoning module SequenceRecorderSections (490)
[2017.11.03-00.00.17:844][851]LogModuleManager: Shutting down and abandoning module AutomationWorker (488)
[2017.11.03-00.00.17:844][851]LogModuleManager: Shutting down and abandoning module MatineeToLevelSequence (486)
[2017.11.03-00.00.17:844][851]LogModuleManager: Shutting down and abandoning module LevelSequenceEditor (484)
[2017.11.03-00.00.17:844][851]LogModuleManager: Shutting down and abandoning module PlacementMode (483)
[2017.11.03-00.00.17:844][851]LogModuleManager: Shutting down and abandoning module WmfMediaFactory (480)
[2017.11.03-00.00.17:844][851]LogModuleManager: Shutting down and abandoning module WmfMediaEditor (478)
[2017.11.03-00.00.17:844][851]LogModuleManager: Shutting down and abandoning module AvfMediaFactory (476)
[2017.11.03-00.00.17:844][851]LogModuleManager: Shutting down and abandoning module AvfMediaEditor (474)
[2017.11.03-00.00.17:844][851]LogModuleManager: Shutting down and abandoning module AndroidMediaFactory (472)
[2017.11.03-00.00.17:844][851]LogModuleManager: Shutting down and abandoning module Media (471)
[2017.11.03-00.00.17:844][851]LogModuleManager: Shutting down and abandoning module AndroidMediaEditor (468)
[2017.11.03-00.00.17:844][851]LogModuleManager: Shutting down and abandoning module CharacterAI (466)
[2017.11.03-00.00.17:844][851]LogModuleManager: Shutting down and abandoning module AudioCapture (464)
[2017.11.03-00.00.17:844][851]LogModuleManager: Shutting down and abandoning module SequenceRecorder (463)
[2017.11.03-00.00.17:844][851]LogModuleManager: Shutting down and abandoning module SmartSnapping (460)
[2017.11.03-00.00.17:844][851]LogModuleManager: Shutting down and abandoning module SessionServices (458)
[2017.11.03-00.00.17:844][851]LogModuleManager: Shutting down and abandoning module ViewportSnapping (456)
[2017.11.03-00.00.17:844][851]LogModuleManager: Shutting down and abandoning module ViewportInteraction (454)
[2017.11.03-00.00.17:844][851]LogModuleManager: Shutting down and abandoning module ClothPainter (452)
[2017.11.03-00.00.17:844][851]LogModuleManager: Shutting down and abandoning module LogVisualizer (450)
[2017.11.03-00.00.17:845][851]LogModuleManager: Shutting down and abandoning module IntroTutorials (448)
[2017.11.03-00.00.17:845][851]LogModuleManager: Shutting down and abandoning module GameProjectGeneration (447)
[2017.11.03-00.00.17:845][851]LogModuleManager: Shutting down and abandoning module EditorLiveStreaming (444)
[2017.11.03-00.00.17:845][851]LogModuleManager: Shutting down and abandoning module IOSPlatformEditor (442)
[2017.11.03-00.00.17:845][851]LogModuleManager: Shutting down and abandoning module HTML5PlatformEditor (440)
[2017.11.03-00.00.17:845][851]LogModuleManager: Shutting down and abandoning module AndroidPlatformEditor (438)
[2017.11.03-00.00.17:845][851]LogModuleManager: Shutting down and abandoning module AndroidDeviceDetection (437)
[2017.11.03-00.00.18:007][851]LogModuleManager: Shutting down and abandoning module IOSRuntimeSettings (434)
[2017.11.03-00.00.18:007][851]LogModuleManager: Shutting down and abandoning module AndroidRuntimeSettings (432)
[2017.11.03-00.00.18:007][851]LogModuleManager: Shutting down and abandoning module InputBindingEditor (430)
[2017.11.03-00.00.18:007][851]LogModuleManager: Shutting down and abandoning module MergeActors (428)
[2017.11.03-00.00.18:007][851]LogModuleManager: Shutting down and abandoning module SizeMap (426)
[2017.11.03-00.00.18:007][851]LogModuleManager: Shutting down and abandoning module TreeMap (424)
[2017.11.03-00.00.18:008][851]LogModuleManager: Shutting down and abandoning module ReferenceViewer (422)
[2017.11.03-00.00.18:008][851]LogModuleManager: Shutting down and abandoning module LocalizationDashboard (420)
[2017.11.03-00.00.18:008][851]LogModuleManager: Shutting down and abandoning module LocalizationService (419)
[2017.11.03-00.00.18:008][851]LogModuleManager: Shutting down and abandoning module HardwareTargeting (416)
[2017.11.03-00.00.18:008][851]LogModuleManager: Shutting down and abandoning module DeviceProfileEditor (414)
[2017.11.03-00.00.18:008][851]LogModuleManager: Shutting down and abandoning module UndoHistory (412)
[2017.11.03-00.00.18:008][851]LogModuleManager: Shutting down and abandoning module UserFeedback (410)
[2017.11.03-00.00.18:008][851]LogModuleManager: Shutting down and abandoning module XmlParser (408)
[2017.11.03-00.00.18:008][851]LogModuleManager: Shutting down and abandoning module Blutility (406)
[2017.11.03-00.00.18:008][851]LogModuleManager: Shutting down and abandoning module ProjectSettingsViewer (404)
[2017.11.03-00.00.18:008][851]LogModuleManager: Shutting down and abandoning module ProjectTargetPlatformEditor (403)
[2017.11.03-00.00.18:008][851]LogModuleManager: Shutting down and abandoning module EditorSettingsViewer (400)
[2017.11.03-00.00.18:008][851]LogModuleManager: Shutting down and abandoning module SettingsEditor (398)
[2017.11.03-00.00.18:008][851]LogModuleManager: Shutting down and abandoning module ProjectLauncher (396)
[2017.11.03-00.00.18:008][851]LogModuleManager: Shutting down and abandoning module SessionFrontend (394)
[2017.11.03-00.00.18:008][851]LogModuleManager: Shutting down and abandoning module ProfilerClient (392)
[2017.11.03-00.00.18:008][851]LogModuleManager: Shutting down and abandoning module DeviceManager (390)
[2017.11.03-00.00.18:008][851]LogModuleManager: Shutting down and abandoning module TargetDeviceServices (389)
[2017.11.03-00.00.18:058][851]LogModuleManager: Shutting down and abandoning module AutomationController (386)
[2017.11.03-00.00.18:058][851]LogModuleManager: Shutting down and abandoning module AutomationWindow (384)
[2017.11.03-00.00.18:058][851]LogModuleManager: Shutting down and abandoning module Layers (382)
[2017.11.03-00.00.18:058][851]LogModuleManager: Shutting down and abandoning module ComponentVisualizers (380)
[2017.11.03-00.00.18:058][851]LogModuleManager: Shutting down and abandoning module DetailCustomizations (378)
[2017.11.03-00.00.18:058][851]LogModuleManager: Shutting down and abandoning module PackagesDialog (376)
[2017.11.03-00.00.18:058][851]LogModuleManager: Shutting down and abandoning module Persona (374)
[2017.11.03-00.00.18:058][851]LogModuleManager: Shutting down and abandoning module AdvancedPreviewScene (373)
[2017.11.03-00.00.18:058][851]LogModuleManager: Shutting down and abandoning module AnimGraph (371)
[2017.11.03-00.00.18:058][851]LogModuleManager: Shutting down and abandoning module Kismet (368)
[2017.11.03-00.00.18:075][851]LogModuleManager: Shutting down and abandoning module ClassViewer (366)
[2017.11.03-00.00.18:075][851]LogModuleManager: Shutting down and abandoning module Toolbox (364)
[2017.11.03-00.00.18:075][851]LogModuleManager: Shutting down and abandoning module ModuleUI (362)
[2017.11.03-00.00.18:075][851]LogModuleManager: Shutting down and abandoning module MovieSceneTools (360)
[2017.11.03-00.00.18:075][851]LogModuleManager: Shutting down and abandoning module OutputLog (358)
[2017.11.03-00.00.18:075][851]LogModuleManager: Shutting down and abandoning module GammaUI (356)
[2017.11.03-00.00.18:075][851]LogModuleManager: Shutting down and abandoning module Documentation (354)
[2017.11.03-00.00.18:076][851]LogModuleManager: Shutting down and abandoning module MovieSceneTracks (352)
[2017.11.03-00.00.18:076][851]LogModuleManager: Shutting down and abandoning module MovieScene (350)
[2017.11.03-00.00.18:076][851]LogModuleManager: Shutting down and abandoning module Niagara (348)
[2017.11.03-00.00.18:076][851]LogModuleManager: Shutting down and abandoning module NiagaraEditor (347)
[2017.11.03-00.00.18:076][851]LogModuleManager: Shutting down and abandoning module StreamingPauseRendering (344)
[2017.11.03-00.00.18:076][851]LogModuleManager: Shutting down and abandoning module AnalyticsET (342)
[2017.11.03-00.00.18:076][851]LogModuleManager: Shutting down and abandoning module PortalServices (340)
[2017.11.03-00.00.18:076][851]LogModuleManager: Shutting down and abandoning module PortalRpc (338)
[2017.11.03-00.00.18:076][851]LogModuleManager: Shutting down and abandoning module MessagingRpc (336)
[2017.11.03-00.00.18:076][851]LogModuleManager: Shutting down and abandoning module AIModule (334)
[2017.11.03-00.00.18:076][851]LogModuleManager: Shutting down and abandoning module GameplayDebugger (333)
[2017.11.03-00.00.18:076][851]LogModuleManager: Shutting down and abandoning module AITestSuite (331)
[2017.11.03-00.00.18:076][851]LogModuleManager: Shutting down and abandoning module ProfilerService (328)
[2017.11.03-00.00.18:208][851]LogModuleManager: Shutting down and abandoning module TaskGraph (326)
[2017.11.03-00.00.18:208][851]LogModuleManager: Shutting down and abandoning module SteamVRController (324)
[2017.11.03-00.00.18:208][851]LogModuleManager: Shutting down and abandoning module SteamVR (322)
[2017.11.03-00.00.18:209][851]LogModuleManager: Shutting down and abandoning module ProceduralMeshComponentEditor (320)
[2017.11.03-00.00.18:209][851]LogModuleManager: Shutting down and abandoning module ProceduralMeshComponent (318)
[2017.11.03-00.00.18:209][851]LogModuleManager: Shutting down and abandoning module OculusLibrary (316)
[2017.11.03-00.00.18:209][851]LogModuleManager: Shutting down and abandoning module OculusInput (314)
[2017.11.03-00.00.18:209][851]LogModuleManager: Shutting down and abandoning module MobilePatchingUtils (312)
[2017.11.03-00.00.18:209][851]LogModuleManager: Shutting down and abandoning module CustomMeshComponent (310)
[2017.11.03-00.00.18:209][851]LogModuleManager: Shutting down and abandoning module CableComponent (308)
[2017.11.03-00.00.18:209][851]LogModuleManager: Shutting down and abandoning module ArchVisCharacter (306)
[2017.11.03-00.00.18:209][851]LogModuleManager: Shutting down and abandoning module AndroidPermission (304)
[2017.11.03-00.00.18:209][851]LogModuleManager: Shutting down and abandoning module MediaPlayerEditor (300)
[2017.11.03-00.00.18:209][851]LogModuleManager: Shutting down and abandoning module HTML5Networking (298)
[2017.11.03-00.00.18:209][851]LogModuleManager: Shutting down and abandoning module AlembicImporter (296)
[2017.11.03-00.00.18:209][851]LogModuleManager: Shutting down and abandoning module AlembicLibrary (295)
[2017.11.03-00.00.18:209][851]LogModuleManager: Shutting down and abandoning module GeometryCache (294)
[2017.11.03-00.00.18:209][851]LogModuleManager: Shutting down and abandoning module GeometryCacheEd (293)
[2017.11.03-00.00.18:209][851]LogModuleManager: Shutting down and abandoning module SuperSearchEditor (288)
[2017.11.03-00.00.18:209][851]LogModuleManager: Shutting down and abandoning module SuperSearch (287)
[2017.11.03-00.00.18:209][851]LogModuleManager: Shutting down and abandoning module SpeedTreeImporter (284)
[2017.11.03-00.00.18:209][851]LogModuleManager: Shutting down and abandoning module PluginBrowser (282)
[2017.11.03-00.00.18:209][851]LogModuleManager: Shutting down and abandoning module MobileLauncherProfileWizard (280)
[2017.11.03-00.00.18:209][851]LogModuleManager: Shutting down and abandoning module VisualStudioSourceCodeAccess (278)
[2017.11.03-00.00.18:209][851]LogModuleManager: Shutting down and abandoning module DesktopPlatform (277)
[2017.11.03-00.00.18:209][851]LogModuleManager: Shutting down and abandoning module UObjectPlugin (274)
[2017.11.03-00.00.18:209][851]LogModuleManager: Shutting down and abandoning module SubversionSourceControl (272)
[2017.11.03-00.00.18:209][851]LogModuleManager: Shutting down and abandoning module PerforceSourceControl (270)
[2017.11.03-00.00.18:209][851]LogModuleManager: Shutting down and abandoning module GitSourceControl (268)
[2017.11.03-00.00.18:209][851]LogModuleManager: Shutting down and abandoning module SourceControl (267)
[2017.11.03-00.00.18:209][851]LogModuleManager: Shutting down and abandoning module LightPropagationVolumeEditor (264)
[2017.11.03-00.00.18:209][851]LogModuleManager: Shutting down and abandoning module PaperTiledImporter (262)
[2017.11.03-00.00.18:209][851]LogModuleManager: Shutting down and abandoning module PaperSpriteSheetImporter (260)
[2017.11.03-00.00.18:209][851]LogModuleManager: Shutting down and abandoning module Paper2DEditor (258)
[2017.11.03-00.00.18:209][851]LogModuleManager: Shutting down and abandoning module MeshPaint (257)
[2017.11.03-00.00.18:210][851]LogModuleManager: Shutting down and abandoning module LevelEditor (255)
[2017.11.03-00.00.18:211][851]LogModuleManager: Shutting down and abandoning module PixelInspectorModule (254)
[2017.11.03-00.00.18:211][851]LogModuleManager: Shutting down and abandoning module MainFrame (252)
[2017.11.03-00.00.18:211][851]LogModuleManager: Shutting down and abandoning module HotReload (251)
[2017.11.03-00.00.18:212][851]LogModuleManager: Shutting down and abandoning module PhysXVehiclesEditor (246)
[2017.11.03-00.00.18:212][851]LogModuleManager: Shutting down and abandoning module PhysXVehicles (244)
[2017.11.03-00.00.18:212][851]LogModuleManager: Shutting down and abandoning module LocationServicesBPLibrary (242)
[2017.11.03-00.00.18:212][851]LogModuleManager: Shutting down and abandoning module ImmediatePhysicsEditor (240)
[2017.11.03-00.00.18:212][851]LogModuleManager: Shutting down and abandoning module ImmediatePhysics (238)
[2017.11.03-00.00.18:212][851]LogModuleManager: Shutting down and abandoning module UdpMessaging (236)
[2017.11.03-00.00.18:312][851]LogModuleManager: Shutting down and abandoning module TcpMessaging (234)
[2017.11.03-00.00.18:421][851]LogModuleManager: Shutting down and abandoning module GameplayTagsEditor (232)
[2017.11.03-00.00.18:421][851]LogModuleManager: Shutting down and abandoning module FacialAnimationEditor (230)
[2017.11.03-00.00.18:421][851]LogModuleManager: Shutting down and abandoning module FacialAnimation (228)
[2017.11.03-00.00.18:421][851]LogModuleManager: Shutting down and abandoning module AssetManagerEditor (226)
[2017.11.03-00.00.18:422][851]LogModuleManager: Shutting down and abandoning module GraphEditor (225)
[2017.11.03-00.00.18:422][851]LogModuleManager: Shutting down and abandoning module ContentBrowser (223)
[2017.11.03-00.00.18:423][851]LogModuleManager: Shutting down and abandoning module LightPropagationVolumeRuntime (220)
[2017.11.03-00.00.18:423][851]LogModuleManager: Shutting down and abandoning module Paper2D (218)
[2017.11.03-00.00.18:423][851]LogModuleManager: Shutting down and abandoning module WindowsMoviePlayer (216)
[2017.11.03-00.00.18:423][851]LogModuleManager: Shutting down and abandoning module WmfMedia (214)
[2017.11.03-00.00.18:424][851]LogModuleManager: Shutting down and abandoning module ClothingSystemEditor (212)
[2017.11.03-00.00.18:424][851]LogModuleManager: Shutting down and abandoning module ClothingSystemRuntime (210)
[2017.11.03-00.00.18:425][851]LogModuleManager: Shutting down and abandoning module MediaAssets (208)
[2017.11.03-00.00.18:425][851]LogModuleManager: Shutting down and abandoning module GameLiveStreaming (206)
[2017.11.03-00.00.18:425][851]LogModuleManager: Shutting down and abandoning module VREditor (204)
[2017.11.03-00.00.18:425][851]LogModuleManager: Shutting down and abandoning module StringTableEditor (202)
[2017.11.03-00.00.18:425][851]LogModuleManager: Shutting down and abandoning module GameplayTasksEditor (200)
[2017.11.03-00.00.18:425][851]LogModuleManager: Shutting down and abandoning module BehaviorTreeEditor (198)
[2017.11.03-00.00.18:425][851]LogModuleManager: Shutting down and abandoning module FunctionalTesting (196)
[2017.11.03-00.00.18:425][851]LogModuleManager: Shutting down and abandoning module CollisionAnalyzer (194)
[2017.11.03-00.00.18:425][851]LogModuleManager: Shutting down and abandoning module UMG (192)
[2017.11.03-00.00.18:425][851]LogModuleManager: Shutting down and abandoning module UMGEditor (191)
[2017.11.03-00.00.18:425][851]LogModuleManager: Shutting down and abandoning module Sequencer (190)
[2017.11.03-00.00.18:425][851]LogModuleManager: Shutting down and abandoning module AssetTools (188)
[2017.11.03-00.00.18:425][851]LogModuleManager: Shutting down and abandoning module MessageLog (187)
[2017.11.03-00.00.18:425][851]LogModuleManager: Shutting down and abandoning module WorkspaceMenuStructure (186)
[2017.11.03-00.00.18:425][851]LogModuleManager: Shutting down and abandoning module SlateReflector (180)
[2017.11.03-00.00.18:425][851]LogModuleManager: Shutting down and abandoning module Slate (178)
[2017.11.03-00.00.18:425][851]LogModuleManager: Shutting down and abandoning module EditorStyle (176)
[2017.11.03-00.00.18:430][851]LogModuleManager: Shutting down and abandoning module SourceCodeAccess (174)
[2017.11.03-00.00.18:430][851]LogModuleManager: Shutting down and abandoning module HeadMountedDisplay (172)
[2017.11.03-00.00.18:430][851]LogModuleManager: Shutting down and abandoning module XAudio2 (170)
[2017.11.03-00.00.18:430][851]LogModuleManager: Shutting down and abandoning module Networking (168)
[2017.11.03-00.00.18:430][851]LogModuleManager: Shutting down and abandoning module Core (164)
[2017.11.03-00.00.18:430][851]LogModuleManager: Shutting down and abandoning module AssetRegistry (162)
[2017.11.03-00.00.18:549][851]LogDirectoryWatcher: A directory notification for '../../../Engine/Content/' was aborted.
[2017.11.03-00.00.18:549][851]LogDirectoryWatcher: A directory notification for '../../../../Users/22TKDF8XX6YG69F9M66D/Downloads/CastleGuardPhase2/CastleGuardReborn/Content/' was aborted.
[2017.11.03-00.00.18:549][851]LogDirectoryWatcher: A directory notification for '../../../Engine/Plugins/2D/Paper2D/Content/' was aborted.
[2017.11.03-00.00.18:550][851]LogDirectoryWatcher: A directory notification for '../../../Engine/Plugins/Runtime/GearVR/Content/' was aborted.
[2017.11.03-00.00.18:554][851]LogModuleManager: Shutting down and abandoning module DirectoryWatcher (161)
[2017.11.03-00.00.18:555][851]LogModuleManager: Shutting down and abandoning module KismetCompiler (158)
[2017.11.03-00.00.18:555][851]LogModuleManager: Shutting down and abandoning module PhysXFormats (156)
[2017.11.03-00.00.18:555][851]LogModuleManager: Shutting down and abandoning module MeshUtilities (154)
[2017.11.03-00.00.18:555][851]LogModuleManager: Shutting down and abandoning module SimplygonSwarm (153)
[2017.11.03-00.00.18:555][851]LogModuleManager: Shutting down and abandoning module SimplygonMeshReduction (151)
[2017.11.03-00.00.18:555][851]LogModuleManager: Shutting down and abandoning module QuadricMeshReduction (149)
[2017.11.03-00.00.18:555][851]LogModuleManager: Shutting down and abandoning module LevelSequence (146)
[2017.11.03-00.00.18:555][851]LogModuleManager: Shutting down and abandoning module DerivedDataCache (144)
[2017.11.03-00.00.18:648][851]LogDerivedDataCache: Shutdown
[2017.11.03-00.00.18:648][851]LogModuleManager: Shutting down and abandoning module TargetPlatform (142)
[2017.11.03-00.00.18:648][851]LogModuleManager: Shutting down and abandoning module VulkanShaderFormat (141)
[2017.11.03-00.00.18:648][851]LogModuleManager: Shutting down and abandoning module ShaderFormatVectorVM (139)
[2017.11.03-00.00.18:648][851]LogModuleManager: Shutting down and abandoning module ShaderFormatOpenGL (137)
[2017.11.03-00.00.18:648][851]LogModuleManager: Shutting down and abandoning module ShaderFormatD3D (135)
[2017.11.03-00.00.18:648][851]LogModuleManager: Shutting down and abandoning module MetalShaderFormat (133)
[2017.11.03-00.00.18:648][851]LogModuleManager: Shutting down and abandoning module TextureFormatUncompressed (131)
[2017.11.03-00.00.18:648][851]LogModuleManager: Shutting down and abandoning module TextureFormatPVR (129)
[2017.11.03-00.00.18:649][851]LogModuleManager: Shutting down and abandoning module TextureFormatDXT (127)
[2017.11.03-00.00.18:649][851]LogModuleManager: Shutting down and abandoning module TextureFormatIntelISPCTexComp (125)
[2017.11.03-00.00.18:649][851]LogModuleManager: Shutting down and abandoning module TextureFormatASTC (123)
[2017.11.03-00.00.18:649][851]LogModuleManager: Shutting down and abandoning module ImageWrapper (122)
[2017.11.03-00.00.18:649][851]LogModuleManager: Shutting down and abandoning module TextureFormatAndroid (119)
[2017.11.03-00.00.18:649][851]LogModuleManager: Shutting down and abandoning module AudioFormatOpus (117)
[2017.11.03-00.00.18:649][851]LogModuleManager: Shutting down and abandoning module AudioFormatOgg (115)
[2017.11.03-00.00.18:649][851]LogModuleManager: Shutting down and abandoning module AudioFormatADPCM (113)
[2017.11.03-00.00.18:649][851]LogModuleManager: Shutting down and abandoning module LinuxTargetPlatform (111)
[2017.11.03-00.00.18:649][851]LogModuleManager: Shutting down and abandoning module LinuxServerTargetPlatform (109)
[2017.11.03-00.00.18:649][851]LogModuleManager: Shutting down and abandoning module LinuxNoEditorTargetPlatform (107)
[2017.11.03-00.00.18:649][851]LogModuleManager: Shutting down and abandoning module LinuxClientTargetPlatform (105)
[2017.11.03-00.00.18:649][851]LogModuleManager: Shutting down and abandoning module TVOSTargetPlatform (103)
[2017.11.03-00.00.18:649][851]LogModuleManager: Shutting down and abandoning module Messaging (101)
[2017.11.03-00.00.18:649][851]LogModuleManager: Shutting down and abandoning module IOSTargetPlatform (99)
[2017.11.03-00.00.18:649][851]LogModuleManager: Shutting down and abandoning module HTML5TargetPlatform (97)
[2017.11.03-00.00.18:649][851]LogModuleManager: Shutting down and abandoning module Android_PVRTCTargetPlatform (95)
[2017.11.03-00.00.18:649][851]LogModuleManager: Shutting down and abandoning module Android_MultiTargetPlatform (93)
[2017.11.03-00.00.18:649][851]LogModuleManager: Shutting down and abandoning module Android_ETC2TargetPlatform (91)
[2017.11.03-00.00.18:649][851]LogModuleManager: Shutting down and abandoning module Android_ETC1TargetPlatform (89)
[2017.11.03-00.00.18:649][851]LogModuleManager: Shutting down and abandoning module Android_DXTTargetPlatform (87)
[2017.11.03-00.00.18:649][851]LogModuleManager: Shutting down and abandoning module Android_ATCTargetPlatform (85)
[2017.11.03-00.00.18:649][851]LogModuleManager: Shutting down and abandoning module Android_ASTCTargetPlatform (83)
[2017.11.03-00.00.18:649][851]LogModuleManager: Shutting down and abandoning module AndroidTargetPlatform (81)
[2017.11.03-00.00.18:649][851]LogModuleManager: Shutting down and abandoning module WindowsTargetPlatform (79)
[2017.11.03-00.00.18:649][851]LogModuleManager: Shutting down and abandoning module WindowsServerTargetPlatform (77)
[2017.11.03-00.00.18:649][851]LogModuleManager: Shutting down and abandoning module WindowsNoEditorTargetPlatform (75)
[2017.11.03-00.00.18:649][851]LogModuleManager: Shutting down and abandoning module WindowsClientTargetPlatform (73)
[2017.11.03-00.00.18:649][851]LogModuleManager: Shutting down and abandoning module MacTargetPlatform (71)
[2017.11.03-00.00.18:649][851]LogModuleManager: Shutting down and abandoning module MacServerTargetPlatform (69)
[2017.11.03-00.00.18:649][851]LogModuleManager: Shutting down and abandoning module MacNoEditorTargetPlatform (67)
[2017.11.03-00.00.18:649][851]LogModuleManager: Shutting down and abandoning module MacClientTargetPlatform (65)
[2017.11.03-00.00.18:649][851]LogModuleManager: Shutting down and abandoning module AllDesktopTargetPlatform (63)
[2017.11.03-00.00.18:649][851]LogModuleManager: Shutting down and abandoning module InputCore (60)
[2017.11.03-00.00.18:649][851]LogModuleManager: Shutting down and abandoning module Settings (58)
[2017.11.03-00.00.18:649][851]LogModuleManager: Shutting down and abandoning module OculusRift (56)
[2017.11.03-00.00.18:649][851]LogModuleManager: Shutting down and abandoning module GearVRController (54)
[2017.11.03-00.00.18:649][851]LogModuleManager: Shutting down and abandoning module GearVR (52)
[2017.11.03-00.00.18:649][851]LogModuleManager: Shutting down and abandoning module ExampleDeviceProfileSelector (50)
[2017.11.03-00.00.18:650][851]LogModuleManager: Shutting down and abandoning module OnlineBlueprintSupport (48)
[2017.11.03-00.00.18:650][851]LogModuleManager: Shutting down and abandoning module OnlineSubsystem (44)
[2017.11.03-00.00.18:650][851]LogOnline:Display: Unloading online subsystem: NULL
[2017.11.03-00.00.18:650][851]LogModuleManager: Shutting down and abandoning module XMPP (43)
[2017.11.03-00.00.18:650][851]LogModuleManager: Shutting down and abandoning module HTTP (41)
[2017.11.03-00.00.18:650][851]LogHttp:Display: Http module shutting down, but needs to wait on 1 outstanding Http requests:
[2017.11.03-00.00.18:650][851]LogHttp:Display: 	verb=[POST] url=[https://datarouter.ol.epicgames.com/datarouter/api/v1/public/data?SessionID=%7B10DEFB9B-4E1E-ACB0-A540-FEAE6E915C9C%7D&AppID=UEEditor.Rocket.Release&AppVersion=4.16.2-3514769%2B%2B%2BUE4%2BRelease-4.16&UserID=7d95a3be43093fd608837481edd68a92%7C13a931f21dd548b98826eed59eaa05dc%7Ce354c1bf-5dae-4247-9b80-c28e84928e7b&AppEnvironment=datacollector-binary&UploadType=eteventstream] status=Processing
[2017.11.03-00.00.18:673][851]LogModuleManager: Shutting down and abandoning module SSL (40)
[2017.11.03-00.00.18:675][851]LogModuleManager: Shutting down and abandoning module HTTPChunkInstaller (36)
[2017.11.03-00.00.18:675][851]LogModuleManager: Shutting down and abandoning module AnimationModifiers (34)
[2017.11.03-00.00.18:675][851]LogModuleManager: Shutting down and abandoning module PropertyEditor (33)
[2017.11.03-00.00.18:675][851]LogModuleManager: Shutting down and abandoning module AudioEditor (30)
[2017.11.03-00.00.18:676][851]LogModuleManager: Shutting down and abandoning module TextureCompressor (28)
[2017.11.03-00.00.18:676][851]LogModuleManager: Shutting down and abandoning module ShaderCore (26)
[2017.11.03-00.00.18:676][851]LogModuleManager: Shutting down and abandoning module Landscape (24)
[2017.11.03-00.00.18:676][851]LogModuleManager: Shutting down and abandoning module SlateRHIRenderer (22)
[2017.11.03-00.00.18:678][851]LogModuleManager: Shutting down and abandoning module OpenGLDrv (20)
[2017.11.03-00.00.18:678][851]LogModuleManager: Shutting down and abandoning module D3D11RHI (18)
[2017.11.03-00.00.18:678][851]LogModuleManager: Shutting down and abandoning module AnimGraphRuntime (16)
[2017.11.03-00.00.18:678][851]LogModuleManager: Shutting down and abandoning module Renderer (14)
[2017.11.03-00.00.18:678][851]LogModuleManager: Shutting down and abandoning module Engine (12)
[2017.11.03-00.00.18:678][851]LogModuleManager: Shutting down and abandoning module CoreUObject (10)
[2017.11.03-00.00.18:678][851]LogModuleManager: Shutting down and abandoning module NetworkFile (8)
[2017.11.03-00.00.18:678][851]LogModuleManager: Shutting down and abandoning module StreamingFile (6)
[2017.11.03-00.00.18:678][851]LogModuleManager: Shutting down and abandoning module SandboxFile (4)
[2017.11.03-00.00.18:678][851]LogModuleManager: Shutting down and abandoning module PakFile (2)
[2017.11.03-00.00.18:680][851]LogExit: Exiting.
[2017.11.03-00.00.18:737][851]Log file closed, 11/02/17 17:00:18
