Log file open, 11/12/17 17:36:15
LogInit:Display: Running engine for game: CastleGuardReborn
LogPlatformFile: Not using cached read wrapper
LogInit:Display: RandInit(1112892335) SRandInit(1112892335).
LogTaskGraph: Started task graph with 5 named threads and 8 total threads with 1 sets of task threads.
LogStats: Stats thread started at 0.081681
LogInit: Using libcurl 7.47.1
LogInit:  - built for x86_64-pc-win32
LogInit:  - supports SSL with OpenSSL/1.0.2g
LogInit:  - supports HTTP deflate (compression) using libz 1.2.8
LogInit:  - other features:
LogInit:      CURL_VERSION_SSL
LogInit:      CURL_VERSION_LIBZ
LogInit:      CURL_VERSION_IPV6
LogInit:      CURL_VERSION_ASYNCHDNS
LogInit:      CURL_VERSION_LARGEFILE
LogInit:      CURL_VERSION_IDN
LogInit:  CurlRequestOptions (configurable via config and command line):
LogInit:  - bVerifyPeer = false  - Libcurl will NOT verify peer certificate
LogInit:  - bUseHttpProxy = false  - Libcurl will NOT use HTTP proxy
LogInit:  - bDontReuseConnections = false  - Libcurl will reuse connections
LogInit:  - CertBundlePath = nullptr  - Libcurl will use whatever was configured at build time.
LogInit: Build: ++UE4+Release-4.16-CL-3514769
LogInit: Engine Version: 4.16.2-3514769+++UE4+Release-4.16
LogInit: Compatible Engine Version: 4.16.0-3452394+++UE4+Release-4.16
LogInit: Net CL: 3452394
LogDevObjectVersion: Number of dev versions registered: 16
LogDevObjectVersion:   Dev-Blueprints (B0D832E4-1F89-4F0D-ACCF-7EB736FD4AA2): 9
LogDevObjectVersion:   Dev-Build (E1C64328-A22C-4D53-A36C-8E866417BD8C): 0
LogDevObjectVersion:   Dev-Core (375EC13C-06E4-48FB-B500-84F0262A717E): 2
LogDevObjectVersion:   Dev-Editor (E4B068ED-F494-42E9-A231-DA0B2E46BB41): 17
LogDevObjectVersion:   Dev-Framework (CFFC743F-43B0-4480-9391-14DF171D2073): 23
LogDevObjectVersion:   Dev-Mobile (B02B49B5-BB20-44E9-A304-32B752E40360): 0
LogDevObjectVersion:   Dev-Networking (A4E4105C-59A1-49B5-A7C5-40C4547EDFEE): 0
LogDevObjectVersion:   Dev-Online (39C831C9-5AE6-47DC-9A44-9C173E1C8E7C): 0
LogDevObjectVersion:   Dev-Physics (78F01B33-EBEA-4F98-B9B4-84EACCB95AA2): 0
LogDevObjectVersion:   Dev-Platform (6631380F-2D4D-43E0-8009-CF276956A95A): 0
LogDevObjectVersion:   Dev-Rendering (12F88B9F-8875-4AFC-A67C-D90C383ABD29): 15
LogDevObjectVersion:   Dev-Sequencer (7B5AE74C-D270-4C10-A958-57980B212A5A): 4
LogDevObjectVersion:   Dev-VR (D7296918-1DD6-4BDD-9DE2-64A83CC13884): 0
LogDevObjectVersion:   Dev-LoadTimes (C2A15278-BFE7-4AFE-6C17-90FF531DF755): 1
LogDevObjectVersion:   Private-Geometry (6EACA3D4-40EC-4CC1-B786-8BED09428FC5): 1
LogDevObjectVersion:   Dev-AnimPhys (29E575DD-E0A3-4627-9D10-D276232CDCEA): 3
LogInit: Compiled (64-bit): Jun 29 2017 02:03:24
LogInit: Compiled with Visual C++: 19.00.24215.01
LogInit: Build Configuration: Development
LogInit: Branch Name: ++UE4+Release-4.16
LogInit: Command line:  
LogInit: Base directory: C:/Program Files/Epic Games/UE_4.16/Engine/Binaries/Win64/
LogInit: Installed Engine Build: 1
LogInit: Presizing for max 8388607 objects, including 0 objects not considered by GC, pre-allocating 0 bytes for permanent pool.
LogInit: Object subsystem initialized
[2017.11.13-01.36.16:117][  0]LogInit: Selected Device Profile: [Windows]
[2017.11.13-01.36.16:117][  0]LogInit: Applying CVar settings loaded from the selected device profile: [Windows]
[2017.11.13-01.36.16:124][  0]LogInit: Computer: LCIVAN-238-00
[2017.11.13-01.36.16:124][  0]LogInit: User: studentuser
[2017.11.13-01.36.16:124][  0]LogInit: CPU Page size=4096, Cores=4
[2017.11.13-01.36.16:124][  0]LogInit: High frequency timer resolution =4.101561 MHz
[2017.11.13-01.36.16:125][  0]LogMemory: Memory total: Physical=15.9GB (16GB approx)
[2017.11.13-01.36.16:125][  0]LogMemory: Platform Memory Stats for Windows
[2017.11.13-01.36.16:125][  0]LogMemory: Process Physical Memory: 275.52 MB used, 275.52 MB peak
[2017.11.13-01.36.16:125][  0]LogMemory: Process Virtual Memory: 276.66 MB used, 276.66 MB peak
[2017.11.13-01.36.16:125][  0]LogMemory: Physical Memory: 6650.53 MB used,  9632.92 MB free, 16283.45 MB total
[2017.11.13-01.36.16:125][  0]LogMemory: Virtual Memory: 654.47 MB used,  9632.92 MB free, 134217728.00 MB total
[2017.11.13-01.36.16:173][  0]LogInit: Using OS detected language (en-US).
[2017.11.13-01.36.16:173][  0]LogInit: Using OS detected locale (en-CA).
[2017.11.13-01.36.16:175][  0]LogTextLocalizationManager: No specific localization for 'en-US' exists, so the 'en' localization will be used.
[2017.11.13-01.36.16:846][  0]LogD3D11RHI: D3D11 adapters:
[2017.11.13-01.36.16:881][  0]LogD3D11RHI:    0. 'NVIDIA GeForce GTX 1070' (Feature Level 11_0)
[2017.11.13-01.36.16:881][  0]LogD3D11RHI:       8115/0/8141 MB DedicatedVideo/DedicatedSystem/SharedSystem, Outputs:1, VendorId:0x10de
[2017.11.13-01.36.16:886][  0]LogD3D11RHI:    1. 'Intel(R) HD Graphics 630' (Feature Level 11_0)
[2017.11.13-01.36.16:886][  0]LogD3D11RHI:       128/0/8141 MB DedicatedVideo/DedicatedSystem/SharedSystem, Outputs:0, VendorId:0x8086
[2017.11.13-01.36.16:887][  0]LogD3D11RHI:    2. 'Microsoft Basic Render Driver' (Feature Level 11_0)
[2017.11.13-01.36.16:887][  0]LogD3D11RHI:       0/0/8141 MB DedicatedVideo/DedicatedSystem/SharedSystem, Outputs:0, VendorId:0x1414
[2017.11.13-01.36.16:887][  0]LogD3D11RHI: Chosen D3D11 Adapter: 0
[2017.11.13-01.36.16:893][  0]LogD3D11RHI: Creating new Direct3DDevice
[2017.11.13-01.36.16:893][  0]LogD3D11RHI:     GPU DeviceId: 0x1b81 (for the marketing name, search the web for "GPU Device Id")
[2017.11.13-01.36.16:893][  0]LogWindows: EnumDisplayDevices:
[2017.11.13-01.36.16:893][  0]LogWindows:    0. 'NVIDIA GeForce GTX 1070' (P:1 D:1)
[2017.11.13-01.36.16:894][  0]LogWindows:    1. 'NVIDIA GeForce GTX 1070' (P:0 D:0)
[2017.11.13-01.36.16:894][  0]LogWindows:    2. 'NVIDIA GeForce GTX 1070' (P:0 D:0)
[2017.11.13-01.36.16:894][  0]LogWindows:    3. 'NVIDIA GeForce GTX 1070' (P:0 D:0)
[2017.11.13-01.36.16:894][  0]LogWindows:    4. 'Intel(R) HD Graphics 630' (P:0 D:0)
[2017.11.13-01.36.16:894][  0]LogWindows:    5. 'Intel(R) HD Graphics 630' (P:0 D:0)
[2017.11.13-01.36.16:894][  0]LogWindows:    6. 'Intel(R) HD Graphics 630' (P:0 D:0)
[2017.11.13-01.36.16:894][  0]LogWindows: DebugString: PrimaryIsNotTheChoosenAdapter PrimaryIsNotTheChoosenAdapter PrimaryIsNotTheChoosenAdapter FoundDriverCount:4 
[2017.11.13-01.36.16:894][  0]LogD3D11RHI:     Adapter Name: NVIDIA GeForce GTX 1070
[2017.11.13-01.36.16:894][  0]LogD3D11RHI:   Driver Version: 382.66 (internal:22.21.13.8266, unified:382.66)
[2017.11.13-01.36.16:894][  0]LogD3D11RHI:      Driver Date: 6-25-2017
[2017.11.13-01.36.16:894][  0]LogRHI: Texture pool is 1361 MB (70% of 1945 MB)
[2017.11.13-01.36.16:919][  0]LogD3D11RHI: Async texture creation enabled
[2017.11.13-01.36.16:934][  0]LogD3D11RHI: GPU Timing Frequency: 1000.000000 (Debug: 2 2)
[2017.11.13-01.36.16:981][  0]LogShaderCompilers: Guid format shader working directory is -5 characters bigger than the processId version (D:/CastleGuardCurrent/CastleGuardPhase2/CastleGuardReborn/Intermediate/Shaders/WorkingDirectory/8232/).
[2017.11.13-01.36.16:981][  0]LogShaderCompilers: Cleaned the shader compiler working directory 'C:/Users/studentuser/AppData/Local/Temp/UnrealShaderWorkingDir/73962A5746C0C37A34C76EA4034DF561/'.
[2017.11.13-01.36.16:981][  0]LogShaderCompilers:Display: Using Local Shader Compiler.
[2017.11.13-01.36.17:688][  0]LogTemp:Display: Loaded TP AllDesktopTargetPlatform
[2017.11.13-01.36.17:725][  0]LogTemp:Display: Loaded TP MacClientTargetPlatform
[2017.11.13-01.36.17:761][  0]LogTemp:Display: Loaded TP MacNoEditorTargetPlatform
[2017.11.13-01.36.17:801][  0]LogTemp:Display: Loaded TP MacServerTargetPlatform
[2017.11.13-01.36.17:838][  0]LogTemp:Display: Loaded TP MacTargetPlatform
[2017.11.13-01.36.17:873][  0]LogTemp:Display: Loaded TP WindowsClientTargetPlatform
[2017.11.13-01.36.17:909][  0]LogTemp:Display: Loaded TP WindowsNoEditorTargetPlatform
[2017.11.13-01.36.17:944][  0]LogTemp:Display: Loaded TP WindowsServerTargetPlatform
[2017.11.13-01.36.17:975][  0]LogTemp:Display: Loaded TP WindowsTargetPlatform
[2017.11.13-01.36.18:011][  0]LogTemp:Display: Loaded TP AndroidTargetPlatform
[2017.11.13-01.36.18:046][  0]LogTemp:Display: Loaded TP Android_ASTCTargetPlatform
[2017.11.13-01.36.18:080][  0]LogTemp:Display: Loaded TP Android_ATCTargetPlatform
[2017.11.13-01.36.18:115][  0]LogTemp:Display: Loaded TP Android_DXTTargetPlatform
[2017.11.13-01.36.18:149][  0]LogTemp:Display: Loaded TP Android_ETC1TargetPlatform
[2017.11.13-01.36.18:184][  0]LogTemp:Display: Loaded TP Android_ETC2TargetPlatform
[2017.11.13-01.36.18:255][  0]LogTemp:Display: Loaded TP Android_MultiTargetPlatform
[2017.11.13-01.36.18:255][  0]LogTemp:Display: Loaded TP Android_PVRTCTargetPlatform
[2017.11.13-01.36.18:282][  0]LogTemp:Display: Loaded TP HTML5TargetPlatform
[2017.11.13-01.36.18:354][  0]LogTemp:Display: Loaded TP IOSTargetPlatform
[2017.11.13-01.36.18:376][  0]LogTemp:Display: Loaded TP TVOSTargetPlatform
[2017.11.13-01.36.18:410][  0]LogTemp:Display: Loaded TP LinuxClientTargetPlatform
[2017.11.13-01.36.18:444][  0]LogTemp:Display: Loaded TP LinuxNoEditorTargetPlatform
[2017.11.13-01.36.18:479][  0]LogTemp:Display: Loaded TP LinuxServerTargetPlatform
[2017.11.13-01.36.18:514][  0]LogTemp:Display: Loaded TP LinuxTargetPlatform
[2017.11.13-01.36.18:514][  0]LogTargetPlatformManager:Display: Building Assets For Windows
[2017.11.13-01.36.18:873][  0]LogDerivedDataCache:Display: Max Cache Size: 512 MB
[2017.11.13-01.36.18:956][  0]LogDerivedDataCache: Loaded boot cache 0.08s 90MB C:/Users/studentuser/AppData/Local/UnrealEngine/4.16/DerivedDataCache/Boot.ddc.
[2017.11.13-01.36.18:956][  0]LogDerivedDataCache:Display: Loaded Boot cache: C:/Users/studentuser/AppData/Local/UnrealEngine/4.16/DerivedDataCache/Boot.ddc
[2017.11.13-01.36.18:956][  0]LogDerivedDataCache: FDerivedDataBackendGraph:  Pak pak cache file D:/CastleGuardCurrent/CastleGuardPhase2/CastleGuardReborn/DerivedDataCache/DDC.ddp not found, will not use a pak cache.
[2017.11.13-01.36.18:956][  0]LogDerivedDataCache: Unable to find inner node Pak for hierarchical cache Hierarchy.
[2017.11.13-01.36.18:956][  0]LogDerivedDataCache: FDerivedDataBackendGraph:  CompressedPak pak cache file D:/CastleGuardCurrent/CastleGuardPhase2/CastleGuardReborn/DerivedDataCache/Compressed.ddp not found, will not use a pak cache.
[2017.11.13-01.36.18:956][  0]LogDerivedDataCache: Unable to find inner node CompressedPak for hierarchical cache Hierarchy.
[2017.11.13-01.36.18:967][  0]LogDerivedDataCache:Display: Pak cache opened for reading ../../../Engine/DerivedDataCache/Compressed.ddp.
[2017.11.13-01.36.18:979][  0]LogDerivedDataCache: Using Local data cache path C:/Users/studentuser/AppData/Local/UnrealEngine/Common/DerivedDataCache: Writable
[2017.11.13-01.36.18:987][  0]LogMaterial: Verifying Global Shaders for PCD3D_SM5
[2017.11.13-01.36.18:987][  0]LogSlate: Using Freetype 2.6.0
[2017.11.13-01.36.18:988][  0]LogSlate: SlateFontCache - WITH_FREETYPE: 1, WITH_HARFBUZZ: 1
[2017.11.13-01.36.18:988][  0]LogSlate: SlateFontCache - WITH_FREETYPE: 1, WITH_HARFBUZZ: 1
[2017.11.13-01.36.19:210][  0]LogInit: Selected Device Profile: [Windows]
[2017.11.13-01.36.19:268][  0]LogContentStreaming: Texture pool size is 0.00 MB
[2017.11.13-01.36.19:397][  0]LogMeshUtilities: Using QuadricMeshReduction for automatic static mesh reduction
[2017.11.13-01.36.19:432][  0]LogSimplygon: Simplygon DLL not present - disabling.
[2017.11.13-01.36.19:467][  0]LogMeshUtilities: Using SimplygonSwarm for distributed automatic mesh merging
[2017.11.13-01.36.19:467][  0]LogMeshUtilities: No automatic skeletal mesh reduction module available
[2017.11.13-01.36.19:467][  0]LogMeshUtilities: No automatic mesh merging module available
[2017.11.13-01.36.19:871][  0]LogNetVersion: CastleGuardReborn , NetCL: 3452394, EngineNetVer: 2, GameNetVer: 0 (Checksum: 2303850599)
[2017.11.13-01.36.19:922][  0]LogAssetRegistry: FAssetRegistry took 0.0241 seconds to start up
[2017.11.13-01.36.19:961][  0]LogPackageLocalizationCache: Processed 4 localized package path(s) for 2 prioritized culture(s) in 0.021156 seconds
[2017.11.13-01.36.19:965][  0]LogUObjectArray: 34194 objects as part of root set at end of initial load.
[2017.11.13-01.36.19:965][  0]LogUObjectAllocator: 7260416 out of 0 bytes used by permanent object pool.
[2017.11.13-01.36.19:965][  0]LogUObjectArray: CloseDisregardForGC: 0/0 objects in disregard for GC pool
[2017.11.13-01.36.20:012][  0]LogInit: WinSock: version 1.1 (2.2), MaxSocks=32767, MaxUdp=65467
[2017.11.13-01.36.21:681][  0]LogTcpMessaging: Initializing TcpMessaging bridge
[2017.11.13-01.36.21:713][  0]LogUdpMessaging: Initializing bridge on interface 0.0.0.0:0 to multicast group 230.0.0.1:6666.
[2017.11.13-01.36.22:098][  0]LogMaterial: Uniform references updated for custom material expression Custom.
[2017.11.13-01.36.22:378][  0]SourceControl: Info Source control is disabled
[2017.11.13-01.36.22:398][  0]SourceControl: Info Source control is disabled
[2017.11.13-01.36.22:432][  0]SourceControl: Info Source control is disabled
[2017.11.13-01.36.22:465][  0]SourceControl: Info Source control is disabled
[2017.11.13-01.36.22:953][  0]LogAndroidPermission: UAndroidPermissionCallbackProxy::GetInstance
[2017.11.13-01.36.23:375][  0]LogEngine: Initializing Engine...
[2017.11.13-01.36.26:433][  0]LogHMD: SteamVR initialized.  Driver: lighthouse  Display: LHR-A4D81BA4
[2017.11.13-01.36.26:597][  0]LogStats: UGameplayTagsManager::ConstructGameplayTagTree: Construct from data asset -  0.000 s
[2017.11.13-01.36.26:597][  0]LogStats: UGameplayTagsManager::ConstructGameplayTagTree: GameplayTagTreeChangedEvent.Broadcast -  0.000 s
[2017.11.13-01.36.26:695][  0]LogAIModule: Creating AISystem for world Untitled
[2017.11.13-01.36.26:706][  0]LogInit: XAudio2 using 'Speakers (2- USB Audio Device)' : 2 channels at 48 kHz using 16 bits per sample (channel mask 0x3)
[2017.11.13-01.36.26:715][  0]LogInit: FAudioDevice initialized.
[2017.11.13-01.36.26:757][  0]LogDerivedDataCache: Saved boot cache 0.04s 90MB C:/Users/studentuser/AppData/Local/UnrealEngine/4.16/DerivedDataCache/Boot.ddc.
[2017.11.13-01.36.26:768][  0]LogInit: Texture streaming: Enabled
[2017.11.13-01.36.26:846][  0]LogEngineSessionManager: EngineSessionManager initialized
[2017.11.13-01.36.27:004][  0]LogInit: Transaction tracking system initialized
[2017.11.13-01.36.27:228][  0]BlueprintLog: New page: Editor Load
[2017.11.13-01.36.27:912][  0]LocalizationService: Info Localization service is disabled
[2017.11.13-01.36.28:402][  0]LogConsoleResponse:Display: 
[2017.11.13-01.36.28:512][  0]LogCook:Display: Max memory allowance for cook 16384mb min free memory 0mb
[2017.11.13-01.36.28:512][  0]LogCook:Display: Mobile HDR setting 1
[2017.11.13-01.36.29:236][  0]SourceControl: Info Source control is disabled
[2017.11.13-01.36.29:236][  0]Cmd: MAP LOAD FILE="D:/CastleGuardCurrent/CastleGuardPhase2/CastleGuardReborn/Content/VirtualRealityBP/Maps/default.umap" TEMPLATE=0 SHOWPROGRESS=1 FEATURELEVEL=3
[2017.11.13-01.36.29:237][  0]LightingResults: New page: Lighting Build
[2017.11.13-01.36.29:267][  0]MapCheck: New page: Map Check
[2017.11.13-01.36.29:267][  0]LightingResults: New page: Lighting Build
[2017.11.13-01.36.31:214][  0]LogClass:Warning: Enum '/Game/Vive/Blueprints/Enum_GameStatus.Enum_GameStatus' was upgraded to use FText to store its display name data. Please re-save this asset to avoid issues with localization and determinstic cooking.
[2017.11.13-01.36.31:216][  0]LogAIModule: Creating AISystem for world default
[2017.11.13-01.36.31:327][  0]LogEditorServer: Finished looking for orphan Actors (0.000 secs)
[2017.11.13-01.36.31:401][  0]Cmd: MAP CHECKDEP NOCLEARLOG
[2017.11.13-01.36.31:443][  0]MapCheck: Info Map check complete: 0 Error(s), 0 Warning(s), took 42.251ms to complete.
[2017.11.13-01.36.31:443][  0]LogFileHelpers: Loading map 'default' took 2.207
[2017.11.13-01.36.31:500][  0]LogWindowsTextInputMethodSystem:Display: IME system now deactivated.
[2017.11.13-01.36.31:596][  0]LogCollectionManager: Loaded 0 collections in 0.001994 seconds
[2017.11.13-01.36.31:660][  0]LogFileCache: Scanning file cache for directory 'D:/CastleGuardCurrent/CastleGuardPhase2/CastleGuardReborn/Saved/Collections/' took 0.01s
[2017.11.13-01.36.31:660][  0]LogFileCache: Scanning file cache for directory 'D:/CastleGuardCurrent/CastleGuardPhase2/CastleGuardReborn/Content/Developers/studentuser/Collections/' took 0.01s
[2017.11.13-01.36.31:660][  0]LogFileCache: Scanning file cache for directory 'D:/CastleGuardCurrent/CastleGuardPhase2/CastleGuardReborn/Content/Collections/' took 0.01s
[2017.11.13-01.36.31:660][  0]LogCollectionManager: Rebuilt the GUID cache for 0 collections in 0.000001 seconds
[2017.11.13-01.36.31:667][  0]LogContentBrowser: Native class hierarchy populated in 0.0066 seconds. Added 2330 classes and 494 folders.
[2017.11.13-01.36.31:713][  0]LogContentBrowser: Native class hierarchy updated for 'WidgetCarousel' in 0.0004 seconds. Added 0 classes and 0 folders.
[2017.11.13-01.36.31:737][  0]LogContentBrowser: Native class hierarchy updated for 'AddContentDialog' in 0.0004 seconds. Added 0 classes and 0 folders.
[2017.11.13-01.36.31:769][  0]LogContentBrowser: Native class hierarchy updated for 'SceneOutliner' in 0.0005 seconds. Added 1 classes and 2 folders.
[2017.11.13-01.36.31:799][  0]LogCrashTracker: Crashtracker disabled due to settings.
[2017.11.13-01.36.31:803][  0]LogSlate: Took 0.000153 seconds to synchronously load lazily loaded font '../../../Engine/Content/Slate/Fonts/Roboto-Regular.ttf' (155K)
[2017.11.13-01.36.31:805][  0]LogSlate: Took 0.000153 seconds to synchronously load lazily loaded font '../../../Engine/Content/Slate/Fonts/Roboto-Bold.ttf' (160K)
[2017.11.13-01.36.31:808][  0]LogSlate: Took 0.000136 seconds to synchronously load lazily loaded font '../../../Engine/Content/Editor/Slate/Fonts/FontAwesome.ttf' (139K)
[2017.11.13-01.36.31:879][  0]LogRenderer: Reallocating scene render targets to support 1196x580 NumSamples 1 (Frame:1).
[2017.11.13-01.36.31:961][  0]LogUObjectGlobals:Warning: Failed to find object 'Class None.'
[2017.11.13-01.36.32:014][  0]LogContentBrowser: Native class hierarchy updated for 'HierarchicalLODOutliner' in 0.0004 seconds. Added 1 classes and 2 folders.
[2017.11.13-01.36.32:014][  0]LogLoad: (Engine Initialization) Total time: 17.12 seconds
[2017.11.13-01.36.32:014][  0]LogLoad: (Engine Initialization) Total Blueprint compile time: 0.62 seconds
[2017.11.13-01.36.32:014][  0]LogExternalProfiler: Found external profiler: VSPerf
[2017.11.13-01.36.32:014][  0]LogExternalProfiler: Using external profiler: VSPerf
[2017.11.13-01.36.32:025][  0]LogOcInput: OculusInput pre-init called
[2017.11.13-01.36.32:026][  0]LogHMD: Starting GearVRController plugin
[2017.11.13-01.36.32:046][  0]LogAssetRegistry: Asset discovery search completed in 12.1453 seconds
[2017.11.13-01.36.32:047][  0]LogCollectionManager: Rebuilt the object cache for 0 collections in 0.000000 seconds (found 0 objects)
[2017.11.13-01.36.32:047][  0]LogCollectionManager: Fixed up redirectors for 0 collections in 0.000030 seconds (updated 0 objects)
[2017.11.13-01.36.32:051][  0]LogContentStreaming: Texture pool size now 1000 MB
[2017.11.13-01.36.32:117][  0]LogSlate: Took 0.000124 seconds to synchronously load lazily loaded font '../../../Engine/Content/Slate/Fonts/Roboto-Light.ttf' (159K)
[2017.11.13-01.36.40:368][970]LogBlueprintUserMessages: Early PlayInEditor Detection: Level '/Game/VirtualRealityBP/Maps/default.default:PersistentLevel' has LevelScriptBlueprint '/Game/VirtualRealityBP/Maps/default.default:PersistentLevel.default' with GeneratedClass '/Game/VirtualRealityBP/Maps/default.default_C' with ClassGeneratedBy '/Game/VirtualRealityBP/Maps/default.default:PersistentLevel.default'
[2017.11.13-01.36.40:368][970]LogPlayLevel: PlayLevel: No blueprints needed recompiling
[2017.11.13-01.36.40:368][970]PIE: New page: SIE session: default (Nov 12, 2017, 9:36:40 AM)
[2017.11.13-01.36.40:368][970]LogPlayLevel: Creating play world package: /Game/VirtualRealityBP/Maps/UEDPIE_0_default
[2017.11.13-01.36.40:516][970]LogPlayLevel: PIE: StaticDuplicateObject took: (0.147783s)
[2017.11.13-01.36.40:517][970]LogAIModule: Creating AISystem for world default
[2017.11.13-01.36.40:517][970]LogPlayLevel: PIE: World Init took: (0.000709s)
[2017.11.13-01.36.40:517][970]LogPlayLevel: PIE: Created PIE world by copying editor world from /Game/VirtualRealityBP/Maps/default.default to /Game/VirtualRealityBP/Maps/UEDPIE_0_default.default (0.148961s)
[2017.11.13-01.36.40:532][970]LogInit: XAudio2 using 'Speakers (2- USB Audio Device)' : 2 channels at 48 kHz using 16 bits per sample (channel mask 0x3)
[2017.11.13-01.36.40:538][970]LogInit: FAudioDevice initialized.
[2017.11.13-01.36.40:581][970]LogLoad: Game class is 'ViveGameMode_C'
[2017.11.13-01.36.40:592][970]LogWorld: Bringing World /Game/VirtualRealityBP/Maps/UEDPIE_0_default.default up for play (max tick rate 0) at 2017.11.12-17.36.40
[2017.11.13-01.36.40:593][970]LogWorld: Bringing up level for play took: 0.010897
[2017.11.13-01.36.40:594][970]LogGameMode: FindPlayerStart: PATHS NOT DEFINED or NO PLAYERSTART with positive rating
[2017.11.13-01.36.40:623][970]LogContentBrowser: Native class hierarchy updated for 'MovieSceneCapture' in 0.0005 seconds. Added 11 classes and 0 folders.
[2017.11.13-01.36.40:624][970]LogGameMode:Display: Match State Changed from EnteringMap to WaitingToStart
[2017.11.13-01.36.40:627][970]LogSpawn:Warning: SpawnActor failed because of collision at the spawn location [X=21323.434 Y=23440.414 Z=89.169] for [SoldierAI_C]
[2017.11.13-01.36.40:628][970]LogScript:Warning: Attempted to access SoldierAI_C_1 via property CallFunc_FinishSpawningActor_ReturnValue, but SoldierAI_C_1 is pending kill
	default_C /Game/VirtualRealityBP/Maps/UEDPIE_0_default.default:PersistentLevel.default_C_1
	Function /Game/VirtualRealityBP/Maps/default.default_C:LeftPathSoldier1Spawn:00F2
[2017.11.13-01.36.40:628][970]PIE:Error: Error Blueprint Runtime Error: Attempted to access SoldierAI_C_1 via property CallFunc_FinishSpawningActor_ReturnValue, but SoldierAI_C_1 is pending kill from function: 'LeftPathSoldier1Spawn' from node: Set FirstStop in graph: LeftPathSoldier1Spawn in object: default with description: Attempted to access SoldierAI_C_1 via property CallFunc_FinishSpawningActor_ReturnValue, but SoldierAI_C_1 is pending kill
[2017.11.13-01.36.40:628][970]LogScript:Warning: Accessed None attempting to assign variable on an object
	default_C /Game/VirtualRealityBP/Maps/UEDPIE_0_default.default:PersistentLevel.default_C_1
	Function /Game/VirtualRealityBP/Maps/default.default_C:LeftPathSoldier1Spawn:0107
[2017.11.13-01.36.40:628][970]PIE:Error: Error Blueprint Runtime Error: Accessed None attempting to assign variable on an object from function: 'LeftPathSoldier1Spawn' from node: Set FirstStop in graph: LeftPathSoldier1Spawn in object: default with description: Accessed None attempting to assign variable on an object
[2017.11.13-01.36.40:628][970]LogScript:Warning: Attempted to access SoldierAI_C_1 via property CallFunc_FinishSpawningActor_ReturnValue, but SoldierAI_C_1 is pending kill
	default_C /Game/VirtualRealityBP/Maps/UEDPIE_0_default.default:PersistentLevel.default_C_1
	Function /Game/VirtualRealityBP/Maps/default.default_C:LeftPathSoldier1Spawn:011D
[2017.11.13-01.36.40:628][970]PIE:Error: Error Blueprint Runtime Error: Attempted to access SoldierAI_C_1 via property CallFunc_FinishSpawningActor_ReturnValue, but SoldierAI_C_1 is pending kill from function: 'LeftPathSoldier1Spawn' from node: Set Catapult in graph: LeftPathSoldier1Spawn in object: default with description: Attempted to access SoldierAI_C_1 via property CallFunc_FinishSpawningActor_ReturnValue, but SoldierAI_C_1 is pending kill
[2017.11.13-01.36.40:628][970]LogScript:Warning: Accessed None attempting to assign variable on an object
	default_C /Game/VirtualRealityBP/Maps/UEDPIE_0_default.default:PersistentLevel.default_C_1
	Function /Game/VirtualRealityBP/Maps/default.default_C:LeftPathSoldier1Spawn:0132
[2017.11.13-01.36.40:628][970]PIE:Error: Error Blueprint Runtime Error: Accessed None attempting to assign variable on an object from function: 'LeftPathSoldier1Spawn' from node: Set Catapult in graph: LeftPathSoldier1Spawn in object: default with description: Accessed None attempting to assign variable on an object
[2017.11.13-01.36.40:628][970]LogScript:Warning: Attempted to access SoldierAI_C_1 via property CallFunc_FinishSpawningActor_ReturnValue, but SoldierAI_C_1 is pending kill
	default_C /Game/VirtualRealityBP/Maps/UEDPIE_0_default.default:PersistentLevel.default_C_1
	Function /Game/VirtualRealityBP/Maps/default.default_C:LeftPathSoldier1Spawn:0148
[2017.11.13-01.36.40:628][970]PIE:Error: Error Blueprint Runtime Error: Attempted to access SoldierAI_C_1 via property CallFunc_FinishSpawningActor_ReturnValue, but SoldierAI_C_1 is pending kill from function: 'LeftPathSoldier1Spawn' from node: Set AttackPos in graph: LeftPathSoldier1Spawn in object: default with description: Attempted to access SoldierAI_C_1 via property CallFunc_FinishSpawningActor_ReturnValue, but SoldierAI_C_1 is pending kill
[2017.11.13-01.36.40:628][970]LogScript:Warning: Accessed None attempting to assign variable on an object
	default_C /Game/VirtualRealityBP/Maps/UEDPIE_0_default.default:PersistentLevel.default_C_1
	Function /Game/VirtualRealityBP/Maps/default.default_C:LeftPathSoldier1Spawn:015D
[2017.11.13-01.36.40:628][970]PIE:Error: Error Blueprint Runtime Error: Accessed None attempting to assign variable on an object from function: 'LeftPathSoldier1Spawn' from node: Set AttackPos in graph: LeftPathSoldier1Spawn in object: default with description: Accessed None attempting to assign variable on an object
[2017.11.13-01.36.40:628][970]LogScript:Warning: Attempted to access SoldierAI_C_1 via property CallFunc_FinishSpawningActor_ReturnValue, but SoldierAI_C_1 is pending kill
	default_C /Game/VirtualRealityBP/Maps/UEDPIE_0_default.default:PersistentLevel.default_C_1
	Function /Game/VirtualRealityBP/Maps/default.default_C:LeftPathSoldier1Spawn:0173
[2017.11.13-01.36.40:628][970]PIE:Error: Error Blueprint Runtime Error: Attempted to access SoldierAI_C_1 via property CallFunc_FinishSpawningActor_ReturnValue, but SoldierAI_C_1 is pending kill from function: 'LeftPathSoldier1Spawn' from node: Set BatteringRam in graph: LeftPathSoldier1Spawn in object: default with description: Attempted to access SoldierAI_C_1 via property CallFunc_FinishSpawningActor_ReturnValue, but SoldierAI_C_1 is pending kill
[2017.11.13-01.36.40:628][970]LogScript:Warning: Accessed None attempting to assign variable on an object
	default_C /Game/VirtualRealityBP/Maps/UEDPIE_0_default.default:PersistentLevel.default_C_1
	Function /Game/VirtualRealityBP/Maps/default.default_C:LeftPathSoldier1Spawn:0188
[2017.11.13-01.36.40:628][970]PIE:Error: Error Blueprint Runtime Error: Accessed None attempting to assign variable on an object from function: 'LeftPathSoldier1Spawn' from node: Set BatteringRam in graph: LeftPathSoldier1Spawn in object: default with description: Accessed None attempting to assign variable on an object
[2017.11.13-01.36.40:628][970]LogGameState: Match State Changed from EnteringMap to WaitingToStart
[2017.11.13-01.36.40:628][970]PIE: Info Play in editor start time for /Game/VirtualRealityBP/Maps/UEDPIE_0_default 0.499
[2017.11.13-01.36.40:647][970]LogBlueprintUserMessages: Late PlayInEditor Detection: Level '/Game/VirtualRealityBP/Maps/default.default:PersistentLevel' has LevelScriptBlueprint '/Game/VirtualRealityBP/Maps/default.default:PersistentLevel.default' with GeneratedClass '/Game/VirtualRealityBP/Maps/default.default_C' with ClassGeneratedBy '/Game/VirtualRealityBP/Maps/default.default:PersistentLevel.default'
[2017.11.13-01.36.41:703][ 63]LogBlueprintUserMessages: [Catapult_C_0] Handle1
[2017.11.13-01.36.41:703][ 63]LogScript:Warning: Accessed None trying to read property Catapult
	SoldierAI_C /Game/VirtualRealityBP/Maps/UEDPIE_0_default.default:PersistentLevel.SoldierAI_C_0
	Function /Game/Vive/Blueprints/AI/SoldierAIHeavy/SoldierAI.SoldierAI_C:ExecuteUbergraph_SoldierAI:0D92
[2017.11.13-01.36.41:703][ 63]PIE:Error: Error Blueprint Runtime Error: Accessed None trying to read property Catapult from function: 'ExecuteUbergraph_SoldierAI' from node: Branch in graph: EventGraph in object: SoldierAI with description: Accessed None trying to read property Catapult
[2017.11.13-01.36.42:032][ 96]LogBlueprintUserMessages: Early EndPlayMap Detection: Level '/Game/VirtualRealityBP/Maps/default.default:PersistentLevel' has LevelScriptBlueprint '/Game/VirtualRealityBP/Maps/default.default:PersistentLevel.default' with GeneratedClass '/Game/VirtualRealityBP/Maps/default.default_C' with ClassGeneratedBy '/Game/VirtualRealityBP/Maps/default.default:PersistentLevel.default'
[2017.11.13-01.36.42:069][ 96]LogBlueprintUserMessages: Late EndPlayMap Detection: Level '/Game/VirtualRealityBP/Maps/default.default:PersistentLevel' has LevelScriptBlueprint '/Game/VirtualRealityBP/Maps/default.default:PersistentLevel.default' with GeneratedClass '/Game/VirtualRealityBP/Maps/default.default_C' with ClassGeneratedBy '/Game/VirtualRealityBP/Maps/default.default:PersistentLevel.default'
[2017.11.13-01.36.47:230][667]LogEditorActor: Deleted Actor: ArcherAi_C
[2017.11.13-01.36.47:239][667]LogEditorActor: Deleted 1 Actors (0.016 secs)
[2017.11.13-01.36.50:698][ 79]LogTemp: Repeting last play command: Simulate
[2017.11.13-01.36.50:721][ 79]LogBlueprintUserMessages: Early PlayInEditor Detection: Level '/Game/VirtualRealityBP/Maps/default.default:PersistentLevel' has LevelScriptBlueprint '/Game/VirtualRealityBP/Maps/default.default:PersistentLevel.default' with GeneratedClass '/Game/VirtualRealityBP/Maps/default.default_C' with ClassGeneratedBy '/Game/VirtualRealityBP/Maps/default.default:PersistentLevel.default'
[2017.11.13-01.36.50:721][ 79]LogPlayLevel: PlayLevel: No blueprints needed recompiling
[2017.11.13-01.36.50:721][ 79]PIE: New page: SIE session: default (Nov 12, 2017, 9:36:50 AM)
[2017.11.13-01.36.50:721][ 79]LogPlayLevel: Creating play world package: /Game/VirtualRealityBP/Maps/UEDPIE_0_default
[2017.11.13-01.36.50:850][ 79]LogPlayLevel: PIE: StaticDuplicateObject took: (0.128604s)
[2017.11.13-01.36.50:850][ 79]LogAIModule: Creating AISystem for world default
[2017.11.13-01.36.50:851][ 79]LogPlayLevel: PIE: World Init took: (0.000698s)
[2017.11.13-01.36.50:851][ 79]LogPlayLevel: PIE: Created PIE world by copying editor world from /Game/VirtualRealityBP/Maps/default.default to /Game/VirtualRealityBP/Maps/UEDPIE_0_default.default (0.129930s)
[2017.11.13-01.36.50:865][ 79]LogInit: XAudio2 using 'Speakers (2- USB Audio Device)' : 2 channels at 48 kHz using 16 bits per sample (channel mask 0x3)
[2017.11.13-01.36.50:871][ 79]LogInit: FAudioDevice initialized.
[2017.11.13-01.36.50:905][ 79]LogLoad: Game class is 'ViveGameMode_C'
[2017.11.13-01.36.50:915][ 79]LogWorld: Bringing World /Game/VirtualRealityBP/Maps/UEDPIE_0_default.default up for play (max tick rate 0) at 2017.11.12-17.36.50
[2017.11.13-01.36.50:916][ 79]LogWorld: Bringing up level for play took: 0.010002
[2017.11.13-01.36.50:916][ 79]LogGameMode: FindPlayerStart: PATHS NOT DEFINED or NO PLAYERSTART with positive rating
[2017.11.13-01.36.50:916][ 79]LogGameMode:Display: Match State Changed from EnteringMap to WaitingToStart
[2017.11.13-01.36.50:919][ 79]LogSpawn:Warning: SpawnActor failed because of collision at the spawn location [X=21323.434 Y=23440.414 Z=89.169] for [SoldierAI_C]
[2017.11.13-01.36.50:919][ 79]LogScript:Warning: Attempted to access SoldierAI_C_1 via property CallFunc_FinishSpawningActor_ReturnValue, but SoldierAI_C_1 is pending kill
	default_C /Game/VirtualRealityBP/Maps/UEDPIE_0_default.default:PersistentLevel.default_C_1
	Function /Game/VirtualRealityBP/Maps/default.default_C:LeftPathSoldier1Spawn:00F2
[2017.11.13-01.36.50:920][ 79]PIE:Error: Error Blueprint Runtime Error: Attempted to access SoldierAI_C_1 via property CallFunc_FinishSpawningActor_ReturnValue, but SoldierAI_C_1 is pending kill from function: 'LeftPathSoldier1Spawn' from node: Set FirstStop in graph: LeftPathSoldier1Spawn in object: default with description: Attempted to access SoldierAI_C_1 via property CallFunc_FinishSpawningActor_ReturnValue, but SoldierAI_C_1 is pending kill
[2017.11.13-01.36.50:920][ 79]LogScript:Warning: Accessed None attempting to assign variable on an object
	default_C /Game/VirtualRealityBP/Maps/UEDPIE_0_default.default:PersistentLevel.default_C_1
	Function /Game/VirtualRealityBP/Maps/default.default_C:LeftPathSoldier1Spawn:0107
[2017.11.13-01.36.50:920][ 79]PIE:Error: Error Blueprint Runtime Error: Accessed None attempting to assign variable on an object from function: 'LeftPathSoldier1Spawn' from node: Set FirstStop in graph: LeftPathSoldier1Spawn in object: default with description: Accessed None attempting to assign variable on an object
[2017.11.13-01.36.50:920][ 79]LogScript:Warning: Attempted to access SoldierAI_C_1 via property CallFunc_FinishSpawningActor_ReturnValue, but SoldierAI_C_1 is pending kill
	default_C /Game/VirtualRealityBP/Maps/UEDPIE_0_default.default:PersistentLevel.default_C_1
	Function /Game/VirtualRealityBP/Maps/default.default_C:LeftPathSoldier1Spawn:011D
[2017.11.13-01.36.50:920][ 79]PIE:Error: Error Blueprint Runtime Error: Attempted to access SoldierAI_C_1 via property CallFunc_FinishSpawningActor_ReturnValue, but SoldierAI_C_1 is pending kill from function: 'LeftPathSoldier1Spawn' from node: Set Catapult in graph: LeftPathSoldier1Spawn in object: default with description: Attempted to access SoldierAI_C_1 via property CallFunc_FinishSpawningActor_ReturnValue, but SoldierAI_C_1 is pending kill
[2017.11.13-01.36.50:920][ 79]LogScript:Warning: Accessed None attempting to assign variable on an object
	default_C /Game/VirtualRealityBP/Maps/UEDPIE_0_default.default:PersistentLevel.default_C_1
	Function /Game/VirtualRealityBP/Maps/default.default_C:LeftPathSoldier1Spawn:0132
[2017.11.13-01.36.50:920][ 79]PIE:Error: Error Blueprint Runtime Error: Accessed None attempting to assign variable on an object from function: 'LeftPathSoldier1Spawn' from node: Set Catapult in graph: LeftPathSoldier1Spawn in object: default with description: Accessed None attempting to assign variable on an object
[2017.11.13-01.36.50:920][ 79]LogScript:Warning: Attempted to access SoldierAI_C_1 via property CallFunc_FinishSpawningActor_ReturnValue, but SoldierAI_C_1 is pending kill
	default_C /Game/VirtualRealityBP/Maps/UEDPIE_0_default.default:PersistentLevel.default_C_1
	Function /Game/VirtualRealityBP/Maps/default.default_C:LeftPathSoldier1Spawn:0148
[2017.11.13-01.36.50:920][ 79]PIE:Error: Error Blueprint Runtime Error: Attempted to access SoldierAI_C_1 via property CallFunc_FinishSpawningActor_ReturnValue, but SoldierAI_C_1 is pending kill from function: 'LeftPathSoldier1Spawn' from node: Set AttackPos in graph: LeftPathSoldier1Spawn in object: default with description: Attempted to access SoldierAI_C_1 via property CallFunc_FinishSpawningActor_ReturnValue, but SoldierAI_C_1 is pending kill
[2017.11.13-01.36.50:920][ 79]LogScript:Warning: Accessed None attempting to assign variable on an object
	default_C /Game/VirtualRealityBP/Maps/UEDPIE_0_default.default:PersistentLevel.default_C_1
	Function /Game/VirtualRealityBP/Maps/default.default_C:LeftPathSoldier1Spawn:015D
[2017.11.13-01.36.50:920][ 79]PIE:Error: Error Blueprint Runtime Error: Accessed None attempting to assign variable on an object from function: 'LeftPathSoldier1Spawn' from node: Set AttackPos in graph: LeftPathSoldier1Spawn in object: default with description: Accessed None attempting to assign variable on an object
[2017.11.13-01.36.50:920][ 79]LogScript:Warning: Attempted to access SoldierAI_C_1 via property CallFunc_FinishSpawningActor_ReturnValue, but SoldierAI_C_1 is pending kill
	default_C /Game/VirtualRealityBP/Maps/UEDPIE_0_default.default:PersistentLevel.default_C_1
	Function /Game/VirtualRealityBP/Maps/default.default_C:LeftPathSoldier1Spawn:0173
[2017.11.13-01.36.50:920][ 79]PIE:Error: Error Blueprint Runtime Error: Attempted to access SoldierAI_C_1 via property CallFunc_FinishSpawningActor_ReturnValue, but SoldierAI_C_1 is pending kill from function: 'LeftPathSoldier1Spawn' from node: Set BatteringRam in graph: LeftPathSoldier1Spawn in object: default with description: Attempted to access SoldierAI_C_1 via property CallFunc_FinishSpawningActor_ReturnValue, but SoldierAI_C_1 is pending kill
[2017.11.13-01.36.50:920][ 79]LogScript:Warning: Accessed None attempting to assign variable on an object
	default_C /Game/VirtualRealityBP/Maps/UEDPIE_0_default.default:PersistentLevel.default_C_1
	Function /Game/VirtualRealityBP/Maps/default.default_C:LeftPathSoldier1Spawn:0188
[2017.11.13-01.36.50:920][ 79]PIE:Error: Error Blueprint Runtime Error: Accessed None attempting to assign variable on an object from function: 'LeftPathSoldier1Spawn' from node: Set BatteringRam in graph: LeftPathSoldier1Spawn in object: default with description: Accessed None attempting to assign variable on an object
[2017.11.13-01.36.50:920][ 79]LogGameState: Match State Changed from EnteringMap to WaitingToStart
[2017.11.13-01.36.50:920][ 79]PIE: Info Play in editor start time for /Game/VirtualRealityBP/Maps/UEDPIE_0_default 0.791
[2017.11.13-01.36.50:923][ 79]LogBlueprintUserMessages: Late PlayInEditor Detection: Level '/Game/VirtualRealityBP/Maps/default.default:PersistentLevel' has LevelScriptBlueprint '/Game/VirtualRealityBP/Maps/default.default:PersistentLevel.default' with GeneratedClass '/Game/VirtualRealityBP/Maps/default.default_C' with ClassGeneratedBy '/Game/VirtualRealityBP/Maps/default.default:PersistentLevel.default'
[2017.11.13-01.36.52:086][196]LogBlueprintUserMessages: [Catapult_C_0] Handle1
[2017.11.13-01.36.52:086][196]LogScript:Warning: Accessed None trying to read property Catapult
	SoldierAI_C /Game/VirtualRealityBP/Maps/UEDPIE_0_default.default:PersistentLevel.SoldierAI_C_0
	Function /Game/Vive/Blueprints/AI/SoldierAIHeavy/SoldierAI.SoldierAI_C:ExecuteUbergraph_SoldierAI:0D92
[2017.11.13-01.36.52:086][196]PIE:Error: Error Blueprint Runtime Error: Accessed None trying to read property Catapult from function: 'ExecuteUbergraph_SoldierAI' from node: Branch in graph: EventGraph in object: SoldierAI with description: Accessed None trying to read property Catapult
[2017.11.13-01.36.54:693][469]LogSpawn:Warning: SpawnActor failed because of collision at the spawn location [X=21323.434 Y=23440.414 Z=89.169] for [SoldierAI_C]
[2017.11.13-01.36.54:693][469]LogScript:Warning: Attempted to access SoldierAI_C_3 via property CallFunc_FinishSpawningActor_ReturnValue, but SoldierAI_C_3 is pending kill
	default_C /Game/VirtualRealityBP/Maps/UEDPIE_0_default.default:PersistentLevel.default_C_1
	Function /Game/VirtualRealityBP/Maps/default.default_C:LeftPathSoldier1Spawn:00F2
[2017.11.13-01.36.54:693][469]PIE:Error: Error Blueprint Runtime Error: Attempted to access SoldierAI_C_3 via property CallFunc_FinishSpawningActor_ReturnValue, but SoldierAI_C_3 is pending kill from function: 'LeftPathSoldier1Spawn' from node: Set FirstStop in graph: LeftPathSoldier1Spawn in object: default with description: Attempted to access SoldierAI_C_3 via property CallFunc_FinishSpawningActor_ReturnValue, but SoldierAI_C_3 is pending kill
[2017.11.13-01.36.54:693][469]PIE:Error: Error Blueprint Runtime Error: Accessed None attempting to assign variable on an object from function: 'LeftPathSoldier1Spawn' from node: Set FirstStop in graph: LeftPathSoldier1Spawn in object: default with description: Accessed None attempting to assign variable on an object
[2017.11.13-01.36.54:694][469]PIE:Error: Error Blueprint Runtime Error: Attempted to access SoldierAI_C_3 via property CallFunc_FinishSpawningActor_ReturnValue, but SoldierAI_C_3 is pending kill from function: 'LeftPathSoldier1Spawn' from node: Set Catapult in graph: LeftPathSoldier1Spawn in object: default with description: Attempted to access SoldierAI_C_3 via property CallFunc_FinishSpawningActor_ReturnValue, but SoldierAI_C_3 is pending kill
[2017.11.13-01.36.54:694][469]PIE:Error: Error Blueprint Runtime Error: Accessed None attempting to assign variable on an object from function: 'LeftPathSoldier1Spawn' from node: Set Catapult in graph: LeftPathSoldier1Spawn in object: default with description: Accessed None attempting to assign variable on an object
[2017.11.13-01.36.54:694][469]PIE:Error: Error Blueprint Runtime Error: Attempted to access SoldierAI_C_3 via property CallFunc_FinishSpawningActor_ReturnValue, but SoldierAI_C_3 is pending kill from function: 'LeftPathSoldier1Spawn' from node: Set AttackPos in graph: LeftPathSoldier1Spawn in object: default with description: Attempted to access SoldierAI_C_3 via property CallFunc_FinishSpawningActor_ReturnValue, but SoldierAI_C_3 is pending kill
[2017.11.13-01.36.54:694][469]PIE:Error: Error Blueprint Runtime Error: Accessed None attempting to assign variable on an object from function: 'LeftPathSoldier1Spawn' from node: Set AttackPos in graph: LeftPathSoldier1Spawn in object: default with description: Accessed None attempting to assign variable on an object
[2017.11.13-01.36.54:694][469]PIE:Error: Error Blueprint Runtime Error: Attempted to access SoldierAI_C_3 via property CallFunc_FinishSpawningActor_ReturnValue, but SoldierAI_C_3 is pending kill from function: 'LeftPathSoldier1Spawn' from node: Set BatteringRam in graph: LeftPathSoldier1Spawn in object: default with description: Attempted to access SoldierAI_C_3 via property CallFunc_FinishSpawningActor_ReturnValue, but SoldierAI_C_3 is pending kill
[2017.11.13-01.36.54:694][469]PIE:Error: Error Blueprint Runtime Error: Accessed None attempting to assign variable on an object from function: 'LeftPathSoldier1Spawn' from node: Set BatteringRam in graph: LeftPathSoldier1Spawn in object: default with description: Accessed None attempting to assign variable on an object
[2017.11.13-01.36.58:702][857]LogSpawn:Warning: SpawnActor failed because of collision at the spawn location [X=20615.313 Y=23595.873 Z=91.582] for [Catapult_C]
[2017.11.13-01.36.58:703][857]PIE:Error: Error Blueprint Runtime Error: Attempted to access Catapult_C_1 via property CallFunc_FinishSpawningActor_ReturnValue, but Catapult_C_1 is pending kill from function: 'LeftpathCatapultSpawn' from node: Set FinalLocation in graph: LeftpathCatapultSpawn in object: default with description: Attempted to access Catapult_C_1 via property CallFunc_FinishSpawningActor_ReturnValue, but Catapult_C_1 is pending kill
[2017.11.13-01.36.58:703][857]PIE:Error: Error Blueprint Runtime Error: Accessed None attempting to assign variable on an object from function: 'LeftpathCatapultSpawn' from node: Set FinalLocation in graph: LeftpathCatapultSpawn in object: default with description: Accessed None attempting to assign variable on an object
[2017.11.13-01.36.58:703][857]PIE:Error: Error Blueprint Runtime Error: Attempted to access Catapult_C_1 via property CallFunc_FinishSpawningActor_ReturnValue, but Catapult_C_1 is pending kill from function: 'LeftpathCatapultSpawn' from node: Set FirstPos in graph: LeftpathCatapultSpawn in object: default with description: Attempted to access Catapult_C_1 via property CallFunc_FinishSpawningActor_ReturnValue, but Catapult_C_1 is pending kill
[2017.11.13-01.36.58:703][857]PIE:Error: Error Blueprint Runtime Error: Accessed None attempting to assign variable on an object from function: 'LeftpathCatapultSpawn' from node: Set FirstPos in graph: LeftpathCatapultSpawn in object: default with description: Accessed None attempting to assign variable on an object
[2017.11.13-01.36.58:703][857]PIE:Error: Error Blueprint Runtime Error: Attempted to access Catapult_C_1 via property CallFunc_FinishSpawningActor_ReturnValue, but Catapult_C_1 is pending kill from function: 'LeftpathCatapultSpawn' from node: Set NextCatapult in graph: LeftpathCatapultSpawn in object: default with description: Attempted to access Catapult_C_1 via property CallFunc_FinishSpawningActor_ReturnValue, but Catapult_C_1 is pending kill
[2017.11.13-01.36.58:703][857]PIE:Error: Error Blueprint Runtime Error: Accessed None attempting to assign variable on an object from function: 'LeftpathCatapultSpawn' from node: Set NextCatapult in graph: LeftpathCatapultSpawn in object: default with description: Accessed None attempting to assign variable on an object
[2017.11.13-01.36.58:704][857]LogSpawn:Warning: SpawnActor failed because of collision at the spawn location [X=21323.434 Y=23440.414 Z=89.169] for [SoldierAI_C]
[2017.11.13-01.36.58:704][857]PIE:Error: Error Blueprint Runtime Error: Attempted to access SoldierAI_C_5 via property CallFunc_FinishSpawningActor_ReturnValue, but SoldierAI_C_5 is pending kill from function: 'LeftPathSoldier1Spawn' from node: Set FirstStop in graph: LeftPathSoldier1Spawn in object: default with description: Attempted to access SoldierAI_C_5 via property CallFunc_FinishSpawningActor_ReturnValue, but SoldierAI_C_5 is pending kill
[2017.11.13-01.36.58:704][857]PIE:Error: Error Blueprint Runtime Error: Accessed None attempting to assign variable on an object from function: 'LeftPathSoldier1Spawn' from node: Set FirstStop in graph: LeftPathSoldier1Spawn in object: default with description: Accessed None attempting to assign variable on an object
[2017.11.13-01.36.58:704][857]PIE:Error: Error Blueprint Runtime Error: Attempted to access SoldierAI_C_5 via property CallFunc_FinishSpawningActor_ReturnValue, but SoldierAI_C_5 is pending kill from function: 'LeftPathSoldier1Spawn' from node: Set Catapult in graph: LeftPathSoldier1Spawn in object: default with description: Attempted to access SoldierAI_C_5 via property CallFunc_FinishSpawningActor_ReturnValue, but SoldierAI_C_5 is pending kill
[2017.11.13-01.36.58:704][857]PIE:Error: Error Blueprint Runtime Error: Accessed None attempting to assign variable on an object from function: 'LeftPathSoldier1Spawn' from node: Set Catapult in graph: LeftPathSoldier1Spawn in object: default with description: Accessed None attempting to assign variable on an object
[2017.11.13-01.36.58:704][857]PIE:Error: Error Blueprint Runtime Error: Attempted to access SoldierAI_C_5 via property CallFunc_FinishSpawningActor_ReturnValue, but SoldierAI_C_5 is pending kill from function: 'LeftPathSoldier1Spawn' from node: Set AttackPos in graph: LeftPathSoldier1Spawn in object: default with description: Attempted to access SoldierAI_C_5 via property CallFunc_FinishSpawningActor_ReturnValue, but SoldierAI_C_5 is pending kill
[2017.11.13-01.36.58:704][857]PIE:Error: Error Blueprint Runtime Error: Accessed None attempting to assign variable on an object from function: 'LeftPathSoldier1Spawn' from node: Set AttackPos in graph: LeftPathSoldier1Spawn in object: default with description: Accessed None attempting to assign variable on an object
[2017.11.13-01.36.58:705][857]PIE:Error: Error Blueprint Runtime Error: Attempted to access SoldierAI_C_5 via property CallFunc_FinishSpawningActor_ReturnValue, but SoldierAI_C_5 is pending kill from function: 'LeftPathSoldier1Spawn' from node: Set BatteringRam in graph: LeftPathSoldier1Spawn in object: default with description: Attempted to access SoldierAI_C_5 via property CallFunc_FinishSpawningActor_ReturnValue, but SoldierAI_C_5 is pending kill
[2017.11.13-01.36.58:705][857]PIE:Error: Error Blueprint Runtime Error: Accessed None attempting to assign variable on an object from function: 'LeftPathSoldier1Spawn' from node: Set BatteringRam in graph: LeftPathSoldier1Spawn in object: default with description: Accessed None attempting to assign variable on an object
[2017.11.13-01.37.01:684][150]LogBlueprintUserMessages: Early EndPlayMap Detection: Level '/Game/VirtualRealityBP/Maps/default.default:PersistentLevel' has LevelScriptBlueprint '/Game/VirtualRealityBP/Maps/default.default:PersistentLevel.default' with GeneratedClass '/Game/VirtualRealityBP/Maps/default.default_C' with ClassGeneratedBy '/Game/VirtualRealityBP/Maps/default.default:PersistentLevel.default'
[2017.11.13-01.37.01:719][150]LogBlueprintUserMessages: Late EndPlayMap Detection: Level '/Game/VirtualRealityBP/Maps/default.default:PersistentLevel' has LevelScriptBlueprint '/Game/VirtualRealityBP/Maps/default.default:PersistentLevel.default' with GeneratedClass '/Game/VirtualRealityBP/Maps/default.default_C' with ClassGeneratedBy '/Game/VirtualRealityBP/Maps/default.default:PersistentLevel.default'
[2017.11.13-01.37.13:865][578]LogMaterial: Missing cached shader map for material LandscapeMaterial, compiling. 
[2017.11.13-01.37.13:866][578]LogMaterial:Warning: Failed to compile Material Instance /Engine/Transient.LandscapeMaterialInstanceConstant_14 with Base LandscapeMaterial for platform PCD3D_SM5, Default Material will be used in game.
[2017.11.13-01.37.13:866][578]LogMaterial:Warning: 	(Node TextureSample) Texture Sample> Missing input texture
[2017.11.13-01.37.13:867][578]LogMaterial: Missing cached shader map for material LandscapeMaterial, compiling. 
[2017.11.13-01.37.13:867][578]LogMaterial:Warning: Failed to compile Material Instance /Engine/Transient.LandscapeMaterialInstanceConstant_14 with Base LandscapeMaterial for platform PCD3D_SM5, Default Material will be used in game.
[2017.11.13-01.37.13:867][578]LogMaterial:Warning: 	(Node TextureSample) Texture Sample> Missing input texture
[2017.11.13-01.37.13:934][578]LogTexture:Display: Building textures: Texture2D_2 (G8, 128X128)
[2017.11.13-01.37.30:360][337]LogTemp: Repeting last play command: Simulate
[2017.11.13-01.37.30:387][337]LogBlueprintUserMessages: Early PlayInEditor Detection: Level '/Game/VirtualRealityBP/Maps/default.default:PersistentLevel' has LevelScriptBlueprint '/Game/VirtualRealityBP/Maps/default.default:PersistentLevel.default' with GeneratedClass '/Game/VirtualRealityBP/Maps/default.default_C' with ClassGeneratedBy '/Game/VirtualRealityBP/Maps/default.default:PersistentLevel.default'
[2017.11.13-01.37.30:387][337]LogPlayLevel: PlayLevel: No blueprints needed recompiling
[2017.11.13-01.37.30:387][337]PIE: New page: SIE session: default (Nov 12, 2017, 9:37:30 AM)
[2017.11.13-01.37.30:387][337]LogPlayLevel: Creating play world package: /Game/VirtualRealityBP/Maps/UEDPIE_0_default
[2017.11.13-01.37.30:518][337]LogPlayLevel: PIE: StaticDuplicateObject took: (0.130933s)
[2017.11.13-01.37.30:519][337]LogAIModule: Creating AISystem for world default
[2017.11.13-01.37.30:519][337]LogPlayLevel: PIE: World Init took: (0.000694s)
[2017.11.13-01.37.30:520][337]LogPlayLevel: PIE: Created PIE world by copying editor world from /Game/VirtualRealityBP/Maps/default.default to /Game/VirtualRealityBP/Maps/UEDPIE_0_default.default (0.132147s)
[2017.11.13-01.37.30:541][337]LogInit: XAudio2 using 'Speakers (2- USB Audio Device)' : 2 channels at 48 kHz using 16 bits per sample (channel mask 0x3)
[2017.11.13-01.37.30:547][337]LogInit: FAudioDevice initialized.
[2017.11.13-01.37.30:576][337]LogLoad: Game class is 'ViveGameMode_C'
[2017.11.13-01.37.30:587][337]LogWorld: Bringing World /Game/VirtualRealityBP/Maps/UEDPIE_0_default.default up for play (max tick rate 0) at 2017.11.12-17.37.30
[2017.11.13-01.37.30:588][337]LogWorld: Bringing up level for play took: 0.011079
[2017.11.13-01.37.30:588][337]LogGameMode: FindPlayerStart: PATHS NOT DEFINED or NO PLAYERSTART with positive rating
[2017.11.13-01.37.30:589][337]LogGameMode:Display: Match State Changed from EnteringMap to WaitingToStart
[2017.11.13-01.37.30:592][337]LogGameState: Match State Changed from EnteringMap to WaitingToStart
[2017.11.13-01.37.30:592][337]PIE: Info Play in editor start time for /Game/VirtualRealityBP/Maps/UEDPIE_0_default 0.464
[2017.11.13-01.37.30:595][337]LogBlueprintUserMessages: Late PlayInEditor Detection: Level '/Game/VirtualRealityBP/Maps/default.default:PersistentLevel' has LevelScriptBlueprint '/Game/VirtualRealityBP/Maps/default.default:PersistentLevel.default' with GeneratedClass '/Game/VirtualRealityBP/Maps/default.default_C' with ClassGeneratedBy '/Game/VirtualRealityBP/Maps/default.default:PersistentLevel.default'
[2017.11.13-01.37.31:776][452]LogBlueprintUserMessages: [Catapult_C_0] Handle1
[2017.11.13-01.37.31:776][452]LogScript:Warning: Accessed None trying to read property Catapult
	SoldierAI_C /Game/VirtualRealityBP/Maps/UEDPIE_0_default.default:PersistentLevel.SoldierAI_C_0
	Function /Game/Vive/Blueprints/AI/SoldierAIHeavy/SoldierAI.SoldierAI_C:ExecuteUbergraph_SoldierAI:0D92
[2017.11.13-01.37.31:776][452]PIE:Error: Error Blueprint Runtime Error: Accessed None trying to read property Catapult from function: 'ExecuteUbergraph_SoldierAI' from node: Branch in graph: EventGraph in object: SoldierAI with description: Accessed None trying to read property Catapult
[2017.11.13-01.37.31:987][473]LogBlueprintUserMessages: [Catapult_C_0] Handle2
[2017.11.13-01.37.31:987][473]LogScript:Warning: Accessed None trying to read property Catapult
	SoldierAI_C /Game/VirtualRealityBP/Maps/UEDPIE_0_default.default:PersistentLevel.SoldierAI_C_1
	Function /Game/Vive/Blueprints/AI/SoldierAIHeavy/SoldierAI.SoldierAI_C:ExecuteUbergraph_SoldierAI:0D92
[2017.11.13-01.37.31:987][473]PIE:Error: Error Blueprint Runtime Error: Accessed None trying to read property Catapult from function: 'ExecuteUbergraph_SoldierAI' from node: Branch in graph: EventGraph in object: SoldierAI with description: Accessed None trying to read property Catapult
[2017.11.13-01.37.36:445][879]LogBlueprintUserMessages: [BatteringRamOld_C_0] Handle1
[2017.11.13-01.37.36:780][909]LogBlueprintUserMessages: [BatteringRamOld_C_0] Handle2
[2017.11.13-01.37.39:796][178]LogBlueprintUserMessages: [Catapult_C_1] Handle1
[2017.11.13-01.37.39:796][178]LogScript:Warning: Accessed None trying to read property Catapult
	SoldierAI_C /Game/VirtualRealityBP/Maps/UEDPIE_0_default.default:PersistentLevel.SoldierAI_C_4
	Function /Game/Vive/Blueprints/AI/SoldierAIHeavy/SoldierAI.SoldierAI_C:ExecuteUbergraph_SoldierAI:0D92
[2017.11.13-01.37.39:797][178]PIE:Error: Error Blueprint Runtime Error: Accessed None trying to read property Catapult from function: 'ExecuteUbergraph_SoldierAI' from node: Branch in graph: EventGraph in object: SoldierAI with description: Accessed None trying to read property Catapult
[2017.11.13-01.37.39:998][196]LogBlueprintUserMessages: [Catapult_C_1] Handle2
[2017.11.13-01.37.39:998][196]LogScript:Warning: Accessed None trying to read property Catapult
	SoldierAI_C /Game/VirtualRealityBP/Maps/UEDPIE_0_default.default:PersistentLevel.SoldierAI_C_5
	Function /Game/Vive/Blueprints/AI/SoldierAIHeavy/SoldierAI.SoldierAI_C:ExecuteUbergraph_SoldierAI:0D92
[2017.11.13-01.37.39:998][196]PIE:Error: Error Blueprint Runtime Error: Accessed None trying to read property Catapult from function: 'ExecuteUbergraph_SoldierAI' from node: Branch in graph: EventGraph in object: SoldierAI with description: Accessed None trying to read property Catapult
[2017.11.13-01.37.44:467][572]LogBlueprintUserMessages: [BatteringRamOld_C_1] Handle1
[2017.11.13-01.37.44:802][599]LogBlueprintUserMessages: [BatteringRamOld_C_1] Handle2
[2017.11.13-01.38.30:119][ 37]LogBlueprintUserMessages: [Catapult_C_1] Position is taken, cycle through next
[2017.11.13-01.38.31:900][166]LogBlueprintUserMessages: [SM_TestDoor_Blueprint_19] Catapult Damage
[2017.11.13-01.38.33:480][287]LogScript:Warning: Attempted to access ArcherAIArrow_C_0 via property K2Node_DynamicCast_AsArcher_AIArrow, but ArcherAIArrow_C_0 is pending kill
	BP_Castle_C /Game/VirtualRealityBP/Maps/UEDPIE_0_default.default:PersistentLevel.BP_Castle
	Function /Game/Vive/Blueprints/WorldObjects/BP_Castle.BP_Castle_C:ExecuteUbergraph_BP_Castle:0069
[2017.11.13-01.38.33:480][287]PIE:Error: Error Blueprint Runtime Error: Attempted to access ArcherAIArrow_C_0 via property K2Node_DynamicCast_AsArcher_AIArrow, but ArcherAIArrow_C_0 is pending kill from function: 'ExecuteUbergraph_BP_Castle' from node: DestroyActor in graph: EventGraph in object: BP_Castle with description: Attempted to access ArcherAIArrow_C_0 via property K2Node_DynamicCast_AsArcher_AIArrow, but ArcherAIArrow_C_0 is pending kill
[2017.11.13-01.38.34:903][399]LogBlueprintUserMessages: [SM_TestDoor_Blueprint_19] Catapult Damage
[2017.11.13-01.38.34:927][401]LogScript:Warning: Attempted to access ArcherAIArrow_C_1 via property K2Node_DynamicCast_AsArcher_AIArrow, but ArcherAIArrow_C_1 is pending kill
	BP_Castle_C /Game/VirtualRealityBP/Maps/UEDPIE_0_default.default:PersistentLevel.BP_Castle
	Function /Game/Vive/Blueprints/WorldObjects/BP_Castle.BP_Castle_C:ExecuteUbergraph_BP_Castle:0069
[2017.11.13-01.38.34:927][401]PIE:Error: Error Blueprint Runtime Error: Attempted to access ArcherAIArrow_C_1 via property K2Node_DynamicCast_AsArcher_AIArrow, but ArcherAIArrow_C_1 is pending kill from function: 'ExecuteUbergraph_BP_Castle' from node: DestroyActor in graph: EventGraph in object: BP_Castle with description: Attempted to access ArcherAIArrow_C_1 via property K2Node_DynamicCast_AsArcher_AIArrow, but ArcherAIArrow_C_1 is pending kill
[2017.11.13-01.38.36:464][520]LogScript:Warning: Attempted to access ArcherAIArrow_C_2 via property K2Node_DynamicCast_AsArcher_AIArrow, but ArcherAIArrow_C_2 is pending kill
	BP_Castle_C /Game/VirtualRealityBP/Maps/UEDPIE_0_default.default:PersistentLevel.BP_Castle
	Function /Game/Vive/Blueprints/WorldObjects/BP_Castle.BP_Castle_C:ExecuteUbergraph_BP_Castle:0069
[2017.11.13-01.38.36:464][520]PIE:Error: Error Blueprint Runtime Error: Attempted to access ArcherAIArrow_C_2 via property K2Node_DynamicCast_AsArcher_AIArrow, but ArcherAIArrow_C_2 is pending kill from function: 'ExecuteUbergraph_BP_Castle' from node: DestroyActor in graph: EventGraph in object: BP_Castle with description: Attempted to access ArcherAIArrow_C_2 via property K2Node_DynamicCast_AsArcher_AIArrow, but ArcherAIArrow_C_2 is pending kill
[2017.11.13-01.38.37:183][577]LogBlueprintUserMessages: [ArcherAttackPosition5_1030] End Overlap
[2017.11.13-01.38.37:904][633]LogBlueprintUserMessages: [SM_TestDoor_Blueprint_19] Catapult Damage
[2017.11.13-01.38.38:197][656]LogScript:Warning: Attempted to access ArcherAIArrow_C_3 via property K2Node_DynamicCast_AsArcher_AIArrow, but ArcherAIArrow_C_3 is pending kill
	BP_Castle_C /Game/VirtualRealityBP/Maps/UEDPIE_0_default.default:PersistentLevel.BP_Castle
	Function /Game/Vive/Blueprints/WorldObjects/BP_Castle.BP_Castle_C:ExecuteUbergraph_BP_Castle:0069
[2017.11.13-01.38.38:197][656]PIE:Error: Error Blueprint Runtime Error: Attempted to access ArcherAIArrow_C_3 via property K2Node_DynamicCast_AsArcher_AIArrow, but ArcherAIArrow_C_3 is pending kill from function: 'ExecuteUbergraph_BP_Castle' from node: DestroyActor in graph: EventGraph in object: BP_Castle with description: Attempted to access ArcherAIArrow_C_3 via property K2Node_DynamicCast_AsArcher_AIArrow, but ArcherAIArrow_C_3 is pending kill
[2017.11.13-01.38.38:469][677]LogScript:Warning: Attempted to access ArcherAIArrow_C_4 via property K2Node_DynamicCast_AsArcher_AIArrow, but ArcherAIArrow_C_4 is pending kill
	BP_Castle_C /Game/VirtualRealityBP/Maps/UEDPIE_0_default.default:PersistentLevel.BP_Castle
	Function /Game/Vive/Blueprints/WorldObjects/BP_Castle.BP_Castle_C:ExecuteUbergraph_BP_Castle:0069
[2017.11.13-01.38.38:469][677]PIE:Error: Error Blueprint Runtime Error: Attempted to access ArcherAIArrow_C_4 via property K2Node_DynamicCast_AsArcher_AIArrow, but ArcherAIArrow_C_4 is pending kill from function: 'ExecuteUbergraph_BP_Castle' from node: DestroyActor in graph: EventGraph in object: BP_Castle with description: Attempted to access ArcherAIArrow_C_4 via property K2Node_DynamicCast_AsArcher_AIArrow, but ArcherAIArrow_C_4 is pending kill
[2017.11.13-01.38.39:693][770]LogBlueprintUserMessages: [SM_TestDoor_Blueprint_19] Catapult Damage
[2017.11.13-01.38.39:918][787]LogScript:Warning: Attempted to access ArcherAIArrow_C_5 via property K2Node_DynamicCast_AsArcher_AIArrow, but ArcherAIArrow_C_5 is pending kill
	BP_Castle_C /Game/VirtualRealityBP/Maps/UEDPIE_0_default.default:PersistentLevel.BP_Castle
	Function /Game/Vive/Blueprints/WorldObjects/BP_Castle.BP_Castle_C:ExecuteUbergraph_BP_Castle:0069
[2017.11.13-01.38.39:918][787]PIE:Error: Error Blueprint Runtime Error: Attempted to access ArcherAIArrow_C_5 via property K2Node_DynamicCast_AsArcher_AIArrow, but ArcherAIArrow_C_5 is pending kill from function: 'ExecuteUbergraph_BP_Castle' from node: DestroyActor in graph: EventGraph in object: BP_Castle with description: Attempted to access ArcherAIArrow_C_5 via property K2Node_DynamicCast_AsArcher_AIArrow, but ArcherAIArrow_C_5 is pending kill
[2017.11.13-01.38.40:036][796]LogScript:Warning: Attempted to access ArcherAIArrow_C_6 via property K2Node_DynamicCast_AsArcher_AIArrow, but ArcherAIArrow_C_6 is pending kill
	BP_Castle_C /Game/VirtualRealityBP/Maps/UEDPIE_0_default.default:PersistentLevel.BP_Castle
	Function /Game/Vive/Blueprints/WorldObjects/BP_Castle.BP_Castle_C:ExecuteUbergraph_BP_Castle:0069
[2017.11.13-01.38.40:036][796]PIE:Error: Error Blueprint Runtime Error: Attempted to access ArcherAIArrow_C_6 via property K2Node_DynamicCast_AsArcher_AIArrow, but ArcherAIArrow_C_6 is pending kill from function: 'ExecuteUbergraph_BP_Castle' from node: DestroyActor in graph: EventGraph in object: BP_Castle with description: Attempted to access ArcherAIArrow_C_6 via property K2Node_DynamicCast_AsArcher_AIArrow, but ArcherAIArrow_C_6 is pending kill
[2017.11.13-01.38.40:911][863]LogBlueprintUserMessages: [SM_TestDoor_Blueprint_19] Catapult Damage
[2017.11.13-01.38.41:469][904]LogScript:Warning: Attempted to access ArcherAIArrow_C_7 via property K2Node_DynamicCast_AsArcher_AIArrow, but ArcherAIArrow_C_7 is pending kill
	BP_Castle_C /Game/VirtualRealityBP/Maps/UEDPIE_0_default.default:PersistentLevel.BP_Castle
	Function /Game/Vive/Blueprints/WorldObjects/BP_Castle.BP_Castle_C:ExecuteUbergraph_BP_Castle:0069
[2017.11.13-01.38.41:469][904]PIE:Error: Error Blueprint Runtime Error: Attempted to access ArcherAIArrow_C_7 via property K2Node_DynamicCast_AsArcher_AIArrow, but ArcherAIArrow_C_7 is pending kill from function: 'ExecuteUbergraph_BP_Castle' from node: DestroyActor in graph: EventGraph in object: BP_Castle with description: Attempted to access ArcherAIArrow_C_7 via property K2Node_DynamicCast_AsArcher_AIArrow, but ArcherAIArrow_C_7 is pending kill
[2017.11.13-01.38.41:896][938]LogScript:Warning: Attempted to access ArcherAIArrow_C_8 via property K2Node_DynamicCast_AsArcher_AIArrow, but ArcherAIArrow_C_8 is pending kill
	BP_Castle_C /Game/VirtualRealityBP/Maps/UEDPIE_0_default.default:PersistentLevel.BP_Castle
	Function /Game/Vive/Blueprints/WorldObjects/BP_Castle.BP_Castle_C:ExecuteUbergraph_BP_Castle:0069
[2017.11.13-01.38.41:896][938]PIE:Error: Error Blueprint Runtime Error: Attempted to access ArcherAIArrow_C_8 via property K2Node_DynamicCast_AsArcher_AIArrow, but ArcherAIArrow_C_8 is pending kill from function: 'ExecuteUbergraph_BP_Castle' from node: DestroyActor in graph: EventGraph in object: BP_Castle with description: Attempted to access ArcherAIArrow_C_8 via property K2Node_DynamicCast_AsArcher_AIArrow, but ArcherAIArrow_C_8 is pending kill
[2017.11.13-01.38.42:703][ 11]LogBlueprintUserMessages: [SM_TestDoor_Blueprint_19] Catapult Damage
[2017.11.13-01.38.43:198][ 47]LogScript:Warning: Attempted to access ArcherAIArrow_C_9 via property K2Node_DynamicCast_AsArcher_AIArrow, but ArcherAIArrow_C_9 is pending kill
	BP_Castle_C /Game/VirtualRealityBP/Maps/UEDPIE_0_default.default:PersistentLevel.BP_Castle
	Function /Game/Vive/Blueprints/WorldObjects/BP_Castle.BP_Castle_C:ExecuteUbergraph_BP_Castle:0069
[2017.11.13-01.38.43:198][ 47]PIE:Error: Error Blueprint Runtime Error: Attempted to access ArcherAIArrow_C_9 via property K2Node_DynamicCast_AsArcher_AIArrow, but ArcherAIArrow_C_9 is pending kill from function: 'ExecuteUbergraph_BP_Castle' from node: DestroyActor in graph: EventGraph in object: BP_Castle with description: Attempted to access ArcherAIArrow_C_9 via property K2Node_DynamicCast_AsArcher_AIArrow, but ArcherAIArrow_C_9 is pending kill
[2017.11.13-01.38.43:476][ 67]LogScript:Warning: Attempted to access ArcherAIArrow_C_10 via property K2Node_DynamicCast_AsArcher_AIArrow, but ArcherAIArrow_C_10 is pending kill
	BP_Castle_C /Game/VirtualRealityBP/Maps/UEDPIE_0_default.default:PersistentLevel.BP_Castle
	Function /Game/Vive/Blueprints/WorldObjects/BP_Castle.BP_Castle_C:ExecuteUbergraph_BP_Castle:0069
[2017.11.13-01.38.43:476][ 67]PIE:Error: Error Blueprint Runtime Error: Attempted to access ArcherAIArrow_C_10 via property K2Node_DynamicCast_AsArcher_AIArrow, but ArcherAIArrow_C_10 is pending kill from function: 'ExecuteUbergraph_BP_Castle' from node: DestroyActor in graph: EventGraph in object: BP_Castle with description: Attempted to access ArcherAIArrow_C_10 via property K2Node_DynamicCast_AsArcher_AIArrow, but ArcherAIArrow_C_10 is pending kill
[2017.11.13-01.38.43:914][ 99]LogBlueprintUserMessages: [SM_TestDoor_Blueprint_19] Catapult Damage
[2017.11.13-01.38.44:914][173]LogBlueprintUserMessages: [BatteringRamAttackPosition_164] Ram Damage
[2017.11.13-01.38.44:930][174]LogScript:Warning: Attempted to access ArcherAIArrow_C_11 via property K2Node_DynamicCast_AsArcher_AIArrow, but ArcherAIArrow_C_11 is pending kill
	BP_Castle_C /Game/VirtualRealityBP/Maps/UEDPIE_0_default.default:PersistentLevel.BP_Castle
	Function /Game/Vive/Blueprints/WorldObjects/BP_Castle.BP_Castle_C:ExecuteUbergraph_BP_Castle:0069
[2017.11.13-01.38.44:930][174]PIE:Error: Error Blueprint Runtime Error: Attempted to access ArcherAIArrow_C_11 via property K2Node_DynamicCast_AsArcher_AIArrow, but ArcherAIArrow_C_11 is pending kill from function: 'ExecuteUbergraph_BP_Castle' from node: DestroyActor in graph: EventGraph in object: BP_Castle with description: Attempted to access ArcherAIArrow_C_11 via property K2Node_DynamicCast_AsArcher_AIArrow, but ArcherAIArrow_C_11 is pending kill
[2017.11.13-01.38.45:036][182]LogScript:Warning: Attempted to access ArcherAIArrow_C_12 via property K2Node_DynamicCast_AsArcher_AIArrow, but ArcherAIArrow_C_12 is pending kill
	BP_Castle_C /Game/VirtualRealityBP/Maps/UEDPIE_0_default.default:PersistentLevel.BP_Castle
	Function /Game/Vive/Blueprints/WorldObjects/BP_Castle.BP_Castle_C:ExecuteUbergraph_BP_Castle:0069
[2017.11.13-01.38.45:037][182]PIE:Error: Error Blueprint Runtime Error: Attempted to access ArcherAIArrow_C_12 via property K2Node_DynamicCast_AsArcher_AIArrow, but ArcherAIArrow_C_12 is pending kill from function: 'ExecuteUbergraph_BP_Castle' from node: DestroyActor in graph: EventGraph in object: BP_Castle with description: Attempted to access ArcherAIArrow_C_12 via property K2Node_DynamicCast_AsArcher_AIArrow, but ArcherAIArrow_C_12 is pending kill
[2017.11.13-01.38.45:702][232]LogBlueprintUserMessages: [SM_TestDoor_Blueprint_19] Catapult Damage
[2017.11.13-01.38.46:463][288]LogScript:Warning: Attempted to access ArcherAIArrow_C_13 via property K2Node_DynamicCast_AsArcher_AIArrow, but ArcherAIArrow_C_13 is pending kill
	BP_Castle_C /Game/VirtualRealityBP/Maps/UEDPIE_0_default.default:PersistentLevel.BP_Castle
	Function /Game/Vive/Blueprints/WorldObjects/BP_Castle.BP_Castle_C:ExecuteUbergraph_BP_Castle:0069
[2017.11.13-01.38.46:463][288]PIE:Error: Error Blueprint Runtime Error: Attempted to access ArcherAIArrow_C_13 via property K2Node_DynamicCast_AsArcher_AIArrow, but ArcherAIArrow_C_13 is pending kill from function: 'ExecuteUbergraph_BP_Castle' from node: DestroyActor in graph: EventGraph in object: BP_Castle with description: Attempted to access ArcherAIArrow_C_13 via property K2Node_DynamicCast_AsArcher_AIArrow, but ArcherAIArrow_C_13 is pending kill
[2017.11.13-01.38.46:897][319]LogScript:Warning: Attempted to access ArcherAIArrow_C_14 via property K2Node_DynamicCast_AsArcher_AIArrow, but ArcherAIArrow_C_14 is pending kill
	BP_Castle_C /Game/VirtualRealityBP/Maps/UEDPIE_0_default.default:PersistentLevel.BP_Castle
	Function /Game/Vive/Blueprints/WorldObjects/BP_Castle.BP_Castle_C:ExecuteUbergraph_BP_Castle:0069
[2017.11.13-01.38.46:897][319]PIE:Error: Error Blueprint Runtime Error: Attempted to access ArcherAIArrow_C_14 via property K2Node_DynamicCast_AsArcher_AIArrow, but ArcherAIArrow_C_14 is pending kill from function: 'ExecuteUbergraph_BP_Castle' from node: DestroyActor in graph: EventGraph in object: BP_Castle with description: Attempted to access ArcherAIArrow_C_14 via property K2Node_DynamicCast_AsArcher_AIArrow, but ArcherAIArrow_C_14 is pending kill
[2017.11.13-01.38.46:925][321]LogBlueprintUserMessages: [SM_TestDoor_Blueprint_19] Catapult Damage
[2017.11.13-01.38.48:192][415]LogScript:Warning: Attempted to access ArcherAIArrow_C_15 via property K2Node_DynamicCast_AsArcher_AIArrow, but ArcherAIArrow_C_15 is pending kill
	BP_Castle_C /Game/VirtualRealityBP/Maps/UEDPIE_0_default.default:PersistentLevel.BP_Castle
	Function /Game/Vive/Blueprints/WorldObjects/BP_Castle.BP_Castle_C:ExecuteUbergraph_BP_Castle:0069
[2017.11.13-01.38.48:192][415]PIE:Error: Error Blueprint Runtime Error: Attempted to access ArcherAIArrow_C_15 via property K2Node_DynamicCast_AsArcher_AIArrow, but ArcherAIArrow_C_15 is pending kill from function: 'ExecuteUbergraph_BP_Castle' from node: DestroyActor in graph: EventGraph in object: BP_Castle with description: Attempted to access ArcherAIArrow_C_15 via property K2Node_DynamicCast_AsArcher_AIArrow, but ArcherAIArrow_C_15 is pending kill
[2017.11.13-01.38.48:465][435]LogScript:Warning: Attempted to access ArcherAIArrow_C_16 via property K2Node_DynamicCast_AsArcher_AIArrow, but ArcherAIArrow_C_16 is pending kill
	BP_Castle_C /Game/VirtualRealityBP/Maps/UEDPIE_0_default.default:PersistentLevel.BP_Castle
	Function /Game/Vive/Blueprints/WorldObjects/BP_Castle.BP_Castle_C:ExecuteUbergraph_BP_Castle:0069
[2017.11.13-01.38.48:465][435]PIE:Error: Error Blueprint Runtime Error: Attempted to access ArcherAIArrow_C_16 via property K2Node_DynamicCast_AsArcher_AIArrow, but ArcherAIArrow_C_16 is pending kill from function: 'ExecuteUbergraph_BP_Castle' from node: DestroyActor in graph: EventGraph in object: BP_Castle with description: Attempted to access ArcherAIArrow_C_16 via property K2Node_DynamicCast_AsArcher_AIArrow, but ArcherAIArrow_C_16 is pending kill
[2017.11.13-01.38.48:722][454]LogBlueprintUserMessages: [SM_TestDoor_Blueprint_19] Catapult Damage
[2017.11.13-01.38.48:918][469]LogBlueprintUserMessages: [BatteringRamAttackPosition_164] Ram Damage
[2017.11.13-01.38.49:924][546]LogBlueprintUserMessages: [SM_TestDoor_Blueprint_19] Catapult Damage
[2017.11.13-01.38.49:936][547]PIE:Error: Error Blueprint Runtime Error: Attempted to access ArcherAIArrow_C_17 via property K2Node_DynamicCast_AsArcher_AIArrow, but ArcherAIArrow_C_17 is pending kill from function: 'ExecuteUbergraph_BP_Castle' from node: DestroyActor in graph: EventGraph in object: BP_Castle with description: Attempted to access ArcherAIArrow_C_17 via property K2Node_DynamicCast_AsArcher_AIArrow, but ArcherAIArrow_C_17 is pending kill
[2017.11.13-01.38.50:032][554]PIE:Error: Error Blueprint Runtime Error: Attempted to access ArcherAIArrow_C_18 via property K2Node_DynamicCast_AsArcher_AIArrow, but ArcherAIArrow_C_18 is pending kill from function: 'ExecuteUbergraph_BP_Castle' from node: DestroyActor in graph: EventGraph in object: BP_Castle with description: Attempted to access ArcherAIArrow_C_18 via property K2Node_DynamicCast_AsArcher_AIArrow, but ArcherAIArrow_C_18 is pending kill
[2017.11.13-01.38.51:469][659]PIE:Error: Error Blueprint Runtime Error: Attempted to access ArcherAIArrow_C_19 via property K2Node_DynamicCast_AsArcher_AIArrow, but ArcherAIArrow_C_19 is pending kill from function: 'ExecuteUbergraph_BP_Castle' from node: DestroyActor in graph: EventGraph in object: BP_Castle with description: Attempted to access ArcherAIArrow_C_19 via property K2Node_DynamicCast_AsArcher_AIArrow, but ArcherAIArrow_C_19 is pending kill
[2017.11.13-01.38.51:715][676]LogBlueprintUserMessages: [SM_TestDoor_Blueprint_19] Catapult Damage
[2017.11.13-01.38.51:886][691]PIE:Error: Error Blueprint Runtime Error: Attempted to access ArcherAIArrow_C_20 via property K2Node_DynamicCast_AsArcher_AIArrow, but ArcherAIArrow_C_20 is pending kill from function: 'ExecuteUbergraph_BP_Castle' from node: DestroyActor in graph: EventGraph in object: BP_Castle with description: Attempted to access ArcherAIArrow_C_20 via property K2Node_DynamicCast_AsArcher_AIArrow, but ArcherAIArrow_C_20 is pending kill
[2017.11.13-01.38.52:771][764]LogEditorViewport: Clicking on Actor (LMB): BatteringRamOld_C (BatteringRamOld1)
[2017.11.13-01.38.52:924][777]LogBlueprintUserMessages: [BatteringRamAttackPosition_164] Ram Damage
[2017.11.13-01.38.52:926][777]LogBlueprintUserMessages: [SM_TestDoor_Blueprint_19] Catapult Damage
[2017.11.13-01.38.53:196][799]PIE:Error: Error Blueprint Runtime Error: Attempted to access ArcherAIArrow_C_21 via property K2Node_DynamicCast_AsArcher_AIArrow, but ArcherAIArrow_C_21 is pending kill from function: 'ExecuteUbergraph_BP_Castle' from node: DestroyActor in graph: EventGraph in object: BP_Castle with description: Attempted to access ArcherAIArrow_C_21 via property K2Node_DynamicCast_AsArcher_AIArrow, but ArcherAIArrow_C_21 is pending kill
[2017.11.13-01.38.53:477][821]PIE:Error: Error Blueprint Runtime Error: Attempted to access ArcherAIArrow_C_22 via property K2Node_DynamicCast_AsArcher_AIArrow, but ArcherAIArrow_C_22 is pending kill from function: 'ExecuteUbergraph_BP_Castle' from node: DestroyActor in graph: EventGraph in object: BP_Castle with description: Attempted to access ArcherAIArrow_C_22 via property K2Node_DynamicCast_AsArcher_AIArrow, but ArcherAIArrow_C_22 is pending kill
[2017.11.13-01.38.53:571][829]LogEditorViewport: Clicking on Actor (LMB): Landscape (Landscape1)
[2017.11.13-01.38.53:712][843]LogEditorViewport: Clicking on Actor (double click): Landscape (Landscape1)
[2017.11.13-01.38.54:055][876]LogEditorViewport: Clicking on Actor (LMB): BatteringRamOld_C (BatteringRamOld1)
[2017.11.13-01.38.54:177][888]LogEditorViewport: Clicking on Actor (double click): BatteringRamOld_C (BatteringRamOld1)
[2017.11.13-01.38.54:633][931]LogEditorViewport: Clicking on Actor (LMB): BatteringRamOld_C (BatteringRamOld1)
[2017.11.13-01.38.54:726][940]LogBlueprintUserMessages: [SM_TestDoor_Blueprint_19] Catapult Damage
[2017.11.13-01.38.54:804][949]LogEditorViewport: Clicking on Actor (double click): BatteringRamOld_C (BatteringRamOld1)
[2017.11.13-01.38.54:916][960]PIE:Error: Error Blueprint Runtime Error: Attempted to access ArcherAIArrow_C_23 via property K2Node_DynamicCast_AsArcher_AIArrow, but ArcherAIArrow_C_23 is pending kill from function: 'ExecuteUbergraph_BP_Castle' from node: DestroyActor in graph: EventGraph in object: BP_Castle with description: Attempted to access ArcherAIArrow_C_23 via property K2Node_DynamicCast_AsArcher_AIArrow, but ArcherAIArrow_C_23 is pending kill
[2017.11.13-01.38.55:025][973]PIE:Error: Error Blueprint Runtime Error: Attempted to access ArcherAIArrow_C_24 via property K2Node_DynamicCast_AsArcher_AIArrow, but ArcherAIArrow_C_24 is pending kill from function: 'ExecuteUbergraph_BP_Castle' from node: DestroyActor in graph: EventGraph in object: BP_Castle with description: Attempted to access ArcherAIArrow_C_24 via property K2Node_DynamicCast_AsArcher_AIArrow, but ArcherAIArrow_C_24 is pending kill
[2017.11.13-01.38.55:933][ 59]LogBlueprintUserMessages: [SM_TestDoor_Blueprint_19] Catapult Damage
[2017.11.13-01.38.55:933][ 59]LogBlueprintUserMessages: Early EndPlayMap Detection: Level '/Game/VirtualRealityBP/Maps/default.default:PersistentLevel' has LevelScriptBlueprint '/Game/VirtualRealityBP/Maps/default.default:PersistentLevel.default' with GeneratedClass '/Game/VirtualRealityBP/Maps/default.default_C' with ClassGeneratedBy '/Game/VirtualRealityBP/Maps/default.default:PersistentLevel.default'
[2017.11.13-01.38.55:968][ 59]LogBlueprintUserMessages: Late EndPlayMap Detection: Level '/Game/VirtualRealityBP/Maps/default.default:PersistentLevel' has LevelScriptBlueprint '/Game/VirtualRealityBP/Maps/default.default:PersistentLevel.default' with GeneratedClass '/Game/VirtualRealityBP/Maps/default.default_C' with ClassGeneratedBy '/Game/VirtualRealityBP/Maps/default.default:PersistentLevel.default'
[2017.11.13-01.39.33:172][458]LogEditorViewport: Clicking on Actor (LMB): PostProcessVolume (PP_Outline)
[2017.11.13-05.07.18:640][560]LogSteamVRController: Controller role for device 3 is 0 (invalid=0, left=1, right=2).
[2017.11.13-05.07.18:642][560]LogSteamVRController:Warning: Controller device 3 has no role set.  There is no 'right' controller according to steamvr, so we are pickign that.
[2017.11.13-05.07.18:642][560]LogSteamVRController: Controller device 3 is being assigned unreal hand 1 (left=0, right=1).
[2017.11.13-05.07.23:307][574]LogSteamVRController: Controller role for device 4 is 0 (invalid=0, left=1, right=2).
[2017.11.13-05.07.23:307][574]LogSteamVRController: Putting controller 4 on the left hand because there is already a controller for the right.
[2017.11.13-05.07.23:307][574]LogSteamVRController: Controller device 4 is being assigned unreal hand 0 (left=0, right=1).
