Log file open, 08/19/17 20:22:40
LogInit:Display: Running engine for game: CastleGuardReborn
LogPlatformFile: Not using cached read wrapper
LogInit:Display: RandInit(51851694) SRandInit(51851694).
LogTaskGraph: Started task graph with 5 named threads and 8 total threads with 1 sets of task threads.
LogStats: Stats thread started at 0.074599
LogInit: Using libcurl 7.47.1
LogInit:  - built for x86_64-pc-win32
LogInit:  - supports SSL with OpenSSL/1.0.2g
LogInit:  - supports HTTP deflate (compression) using libz 1.2.8
LogInit:  - other features:
LogInit:      CURL_VERSION_SSL
LogInit:      CURL_VERSION_LIBZ
LogInit:      CURL_VERSION_IPV6
LogInit:      CURL_VERSION_ASYNCHDNS
LogInit:      CURL_VERSION_LARGEFILE
LogInit:      CURL_VERSION_IDN
LogInit:  CurlRequestOptions (configurable via config and command line):
LogInit:  - bVerifyPeer = false  - Libcurl will NOT verify peer certificate
LogInit:  - bUseHttpProxy = false  - Libcurl will NOT use HTTP proxy
LogInit:  - bDontReuseConnections = false  - Libcurl will reuse connections
LogInit:  - CertBundlePath = nullptr  - Libcurl will use whatever was configured at build time.
LogInit: Build: ++UE4+Release-4.16-CL-3514769
LogInit: Engine Version: 4.16.2-3514769+++UE4+Release-4.16
LogInit: Compatible Engine Version: 4.16.0-3452394+++UE4+Release-4.16
LogInit: Net CL: 3452394
LogDevObjectVersion: Number of dev versions registered: 16
LogDevObjectVersion:   Dev-Blueprints (B0D832E4-1F89-4F0D-ACCF-7EB736FD4AA2): 9
LogDevObjectVersion:   Dev-Build (E1C64328-A22C-4D53-A36C-8E866417BD8C): 0
LogDevObjectVersion:   Dev-Core (375EC13C-06E4-48FB-B500-84F0262A717E): 2
LogDevObjectVersion:   Dev-Editor (E4B068ED-F494-42E9-A231-DA0B2E46BB41): 17
LogDevObjectVersion:   Dev-Framework (CFFC743F-43B0-4480-9391-14DF171D2073): 23
LogDevObjectVersion:   Dev-Mobile (B02B49B5-BB20-44E9-A304-32B752E40360): 0
LogDevObjectVersion:   Dev-Networking (A4E4105C-59A1-49B5-A7C5-40C4547EDFEE): 0
LogDevObjectVersion:   Dev-Online (39C831C9-5AE6-47DC-9A44-9C173E1C8E7C): 0
LogDevObjectVersion:   Dev-Physics (78F01B33-EBEA-4F98-B9B4-84EACCB95AA2): 0
LogDevObjectVersion:   Dev-Platform (6631380F-2D4D-43E0-8009-CF276956A95A): 0
LogDevObjectVersion:   Dev-Rendering (12F88B9F-8875-4AFC-A67C-D90C383ABD29): 15
LogDevObjectVersion:   Dev-Sequencer (7B5AE74C-D270-4C10-A958-57980B212A5A): 4
LogDevObjectVersion:   Dev-VR (D7296918-1DD6-4BDD-9DE2-64A83CC13884): 0
LogDevObjectVersion:   Dev-LoadTimes (C2A15278-BFE7-4AFE-6C17-90FF531DF755): 1
LogDevObjectVersion:   Private-Geometry (6EACA3D4-40EC-4CC1-B786-8BED09428FC5): 1
LogDevObjectVersion:   Dev-AnimPhys (29E575DD-E0A3-4627-9D10-D276232CDCEA): 3
LogInit: Compiled (64-bit): Jun 29 2017 02:03:24
LogInit: Compiled with Visual C++: 19.00.24215.01
LogInit: Build Configuration: Development
LogInit: Branch Name: ++UE4+Release-4.16
LogInit: Command line:  
LogInit: Base directory: C:/Program Files/Epic Games/UE_4.16/Engine/Binaries/Win64/
LogInit: Installed Engine Build: 1
LogInit: Presizing for max 8388607 objects, including 0 objects not considered by GC, pre-allocating 0 bytes for permanent pool.
LogInit: Object subsystem initialized
[2017.08.20-03.22.40:704][  0]LogInit: Selected Device Profile: [Windows]
[2017.08.20-03.22.40:704][  0]LogInit: Applying CVar settings loaded from the selected device profile: [Windows]
[2017.08.20-03.22.40:711][  0]LogInit: Computer: LCIVAN-238-00
[2017.08.20-03.22.40:711][  0]LogInit: User: studentuser
[2017.08.20-03.22.40:711][  0]LogInit: CPU Page size=4096, Cores=4
[2017.08.20-03.22.40:711][  0]LogInit: High frequency timer resolution =4.101559 MHz
[2017.08.20-03.22.40:712][  0]LogMemory: Memory total: Physical=15.9GB (16GB approx)
[2017.08.20-03.22.40:712][  0]LogMemory: Platform Memory Stats for Windows
[2017.08.20-03.22.40:712][  0]LogMemory: Process Physical Memory: 274.31 MB used, 274.31 MB peak
[2017.08.20-03.22.40:712][  0]LogMemory: Process Virtual Memory: 260.73 MB used, 260.73 MB peak
[2017.08.20-03.22.40:712][  0]LogMemory: Physical Memory: 9258.98 MB used,  7024.47 MB free, 16283.45 MB total
[2017.08.20-03.22.40:712][  0]LogMemory: Virtual Memory: 638.49 MB used,  7024.47 MB free, 134217728.00 MB total
[2017.08.20-03.22.40:755][  0]LogInit: Using OS detected language (en-US).
[2017.08.20-03.22.40:755][  0]LogInit: Using OS detected locale (en-CA).
[2017.08.20-03.22.40:758][  0]LogTextLocalizationManager: No specific localization for 'en-US' exists, so the 'en' localization will be used.
[2017.08.20-03.22.41:399][  0]LogD3D11RHI: D3D11 adapters:
[2017.08.20-03.22.41:431][  0]LogD3D11RHI:    0. 'NVIDIA GeForce GTX 1070' (Feature Level 11_0)
[2017.08.20-03.22.41:431][  0]LogD3D11RHI:       8120/0/8141 MB DedicatedVideo/DedicatedSystem/SharedSystem, Outputs:1, VendorId:0x10de
[2017.08.20-03.22.41:437][  0]LogD3D11RHI:    1. 'Intel(R) HD Graphics 630' (Feature Level 11_0)
[2017.08.20-03.22.41:437][  0]LogD3D11RHI:       128/0/8141 MB DedicatedVideo/DedicatedSystem/SharedSystem, Outputs:0, VendorId:0x8086
[2017.08.20-03.22.41:438][  0]LogD3D11RHI:    2. 'Microsoft Basic Render Driver' (Feature Level 11_0)
[2017.08.20-03.22.41:438][  0]LogD3D11RHI:       0/0/8141 MB DedicatedVideo/DedicatedSystem/SharedSystem, Outputs:0, VendorId:0x1414
[2017.08.20-03.22.41:438][  0]LogD3D11RHI: Chosen D3D11 Adapter: 0
[2017.08.20-03.22.41:444][  0]LogD3D11RHI: Creating new Direct3DDevice
[2017.08.20-03.22.41:444][  0]LogD3D11RHI:     GPU DeviceId: 0x1b81 (for the marketing name, search the web for "GPU Device Id")
[2017.08.20-03.22.41:444][  0]LogWindows: EnumDisplayDevices:
[2017.08.20-03.22.41:444][  0]LogWindows:    0. 'NVIDIA GeForce GTX 1070' (P:1 D:1)
[2017.08.20-03.22.41:444][  0]LogWindows:    1. 'NVIDIA GeForce GTX 1070' (P:0 D:0)
[2017.08.20-03.22.41:444][  0]LogWindows:    2. 'NVIDIA GeForce GTX 1070' (P:0 D:0)
[2017.08.20-03.22.41:444][  0]LogWindows:    3. 'NVIDIA GeForce GTX 1070' (P:0 D:0)
[2017.08.20-03.22.41:444][  0]LogWindows:    4. 'Intel(R) HD Graphics 630' (P:0 D:0)
[2017.08.20-03.22.41:444][  0]LogWindows:    5. 'Intel(R) HD Graphics 630' (P:0 D:0)
[2017.08.20-03.22.41:444][  0]LogWindows:    6. 'Intel(R) HD Graphics 630' (P:0 D:0)
[2017.08.20-03.22.41:444][  0]LogWindows: DebugString: PrimaryIsNotTheChoosenAdapter PrimaryIsNotTheChoosenAdapter PrimaryIsNotTheChoosenAdapter FoundDriverCount:4 
[2017.08.20-03.22.41:444][  0]LogD3D11RHI:     Adapter Name: NVIDIA GeForce GTX 1070
[2017.08.20-03.22.41:444][  0]LogD3D11RHI:   Driver Version: 382.05 (internal:22.21.13.8205, unified:382.05)
[2017.08.20-03.22.41:444][  0]LogD3D11RHI:      Driver Date: 5-1-2017
[2017.08.20-03.22.41:444][  0]LogRHI: Texture pool is 1361 MB (70% of 1945 MB)
[2017.08.20-03.22.41:468][  0]LogD3D11RHI: Async texture creation enabled
[2017.08.20-03.22.41:483][  0]LogD3D11RHI: GPU Timing Frequency: 1000.000000 (Debug: 2 2)
[2017.08.20-03.22.41:531][  0]LogShaderCompilers: Guid format shader working directory is -16 characters bigger than the processId version (D:/CastleGuardPhase2Master/CastleGuardPhase2Master/CastleGuardReborn/Intermediate/Shaders/WorkingDirectory/1120/).
[2017.08.20-03.22.41:532][  0]LogShaderCompilers: Cleaned the shader compiler working directory 'C:/Users/studentuser/AppData/Local/Temp/UnrealShaderWorkingDir/6595356E4F20A5E66C89E7A79A99E9F7/'.
[2017.08.20-03.22.41:532][  0]LogShaderCompilers:Display: Using Local Shader Compiler.
[2017.08.20-03.22.42:223][  0]LogTemp:Display: Loaded TP AllDesktopTargetPlatform
[2017.08.20-03.22.42:257][  0]LogTemp:Display: Loaded TP MacClientTargetPlatform
[2017.08.20-03.22.42:290][  0]LogTemp:Display: Loaded TP MacNoEditorTargetPlatform
[2017.08.20-03.22.42:326][  0]LogTemp:Display: Loaded TP MacServerTargetPlatform
[2017.08.20-03.22.42:360][  0]LogTemp:Display: Loaded TP MacTargetPlatform
[2017.08.20-03.22.42:395][  0]LogTemp:Display: Loaded TP WindowsClientTargetPlatform
[2017.08.20-03.22.42:430][  0]LogTemp:Display: Loaded TP WindowsNoEditorTargetPlatform
[2017.08.20-03.22.42:464][  0]LogTemp:Display: Loaded TP WindowsServerTargetPlatform
[2017.08.20-03.22.42:494][  0]LogTemp:Display: Loaded TP WindowsTargetPlatform
[2017.08.20-03.22.42:526][  0]LogTemp:Display: Loaded TP AndroidTargetPlatform
[2017.08.20-03.22.42:558][  0]LogTemp:Display: Loaded TP Android_ASTCTargetPlatform
[2017.08.20-03.22.42:592][  0]LogTemp:Display: Loaded TP Android_ATCTargetPlatform
[2017.08.20-03.22.42:624][  0]LogTemp:Display: Loaded TP Android_DXTTargetPlatform
[2017.08.20-03.22.42:656][  0]LogTemp:Display: Loaded TP Android_ETC1TargetPlatform
[2017.08.20-03.22.42:689][  0]LogTemp:Display: Loaded TP Android_ETC2TargetPlatform
[2017.08.20-03.22.42:754][  0]LogTemp:Display: Loaded TP Android_MultiTargetPlatform
[2017.08.20-03.22.42:754][  0]LogTemp:Display: Loaded TP Android_PVRTCTargetPlatform
[2017.08.20-03.22.42:779][  0]LogTemp:Display: Loaded TP HTML5TargetPlatform
[2017.08.20-03.22.42:848][  0]LogTemp:Display: Loaded TP IOSTargetPlatform
[2017.08.20-03.22.42:868][  0]LogTemp:Display: Loaded TP TVOSTargetPlatform
[2017.08.20-03.22.42:901][  0]LogTemp:Display: Loaded TP LinuxClientTargetPlatform
[2017.08.20-03.22.42:934][  0]LogTemp:Display: Loaded TP LinuxNoEditorTargetPlatform
[2017.08.20-03.22.42:966][  0]LogTemp:Display: Loaded TP LinuxServerTargetPlatform
[2017.08.20-03.22.42:998][  0]LogTemp:Display: Loaded TP LinuxTargetPlatform
[2017.08.20-03.22.42:998][  0]LogTargetPlatformManager:Display: Building Assets For Windows
[2017.08.20-03.22.43:318][  0]LogDerivedDataCache:Display: Max Cache Size: 512 MB
[2017.08.20-03.22.43:397][  0]LogDerivedDataCache: Loaded boot cache 0.08s 90MB C:/Users/studentuser/AppData/Local/UnrealEngine/4.16/DerivedDataCache/Boot.ddc.
[2017.08.20-03.22.43:397][  0]LogDerivedDataCache:Display: Loaded Boot cache: C:/Users/studentuser/AppData/Local/UnrealEngine/4.16/DerivedDataCache/Boot.ddc
[2017.08.20-03.22.43:397][  0]LogDerivedDataCache: FDerivedDataBackendGraph:  Pak pak cache file D:/CastleGuardPhase2Master/CastleGuardPhase2Master/CastleGuardReborn/DerivedDataCache/DDC.ddp not found, will not use a pak cache.
[2017.08.20-03.22.43:397][  0]LogDerivedDataCache: Unable to find inner node Pak for hierarchical cache Hierarchy.
[2017.08.20-03.22.43:397][  0]LogDerivedDataCache: FDerivedDataBackendGraph:  CompressedPak pak cache file D:/CastleGuardPhase2Master/CastleGuardPhase2Master/CastleGuardReborn/DerivedDataCache/Compressed.ddp not found, will not use a pak cache.
[2017.08.20-03.22.43:397][  0]LogDerivedDataCache: Unable to find inner node CompressedPak for hierarchical cache Hierarchy.
[2017.08.20-03.22.43:408][  0]LogDerivedDataCache:Display: Pak cache opened for reading ../../../Engine/DerivedDataCache/Compressed.ddp.
[2017.08.20-03.22.43:420][  0]LogDerivedDataCache: Using Local data cache path C:/Users/studentuser/AppData/Local/UnrealEngine/Common/DerivedDataCache: Writable
[2017.08.20-03.22.43:427][  0]LogMaterial: Verifying Global Shaders for PCD3D_SM5
[2017.08.20-03.22.43:427][  0]LogSlate: Using Freetype 2.6.0
[2017.08.20-03.22.43:428][  0]LogSlate: SlateFontCache - WITH_FREETYPE: 1, WITH_HARFBUZZ: 1
[2017.08.20-03.22.43:428][  0]LogSlate: SlateFontCache - WITH_FREETYPE: 1, WITH_HARFBUZZ: 1
[2017.08.20-03.22.43:642][  0]LogInit: Selected Device Profile: [Windows]
[2017.08.20-03.22.43:695][  0]LogContentStreaming: Texture pool size is 0.00 MB
[2017.08.20-03.22.43:803][  0]LogMeshUtilities: Using QuadricMeshReduction for automatic static mesh reduction
[2017.08.20-03.22.43:832][  0]LogSimplygon: Simplygon DLL not present - disabling.
[2017.08.20-03.22.43:868][  0]LogMeshUtilities: Using SimplygonSwarm for distributed automatic mesh merging
[2017.08.20-03.22.43:868][  0]LogMeshUtilities: No automatic skeletal mesh reduction module available
[2017.08.20-03.22.43:868][  0]LogMeshUtilities: No automatic mesh merging module available
[2017.08.20-03.22.44:288][  0]LogNetVersion: CastleGuardReborn , NetCL: 3452394, EngineNetVer: 2, GameNetVer: 0 (Checksum: 2303850599)
[2017.08.20-03.22.44:338][  0]LogAssetRegistry: FAssetRegistry took 0.0241 seconds to start up
[2017.08.20-03.22.44:373][  0]LogPackageLocalizationCache: Processed 4 localized package path(s) for 2 prioritized culture(s) in 0.020386 seconds
[2017.08.20-03.22.44:377][  0]LogUObjectArray: 34194 objects as part of root set at end of initial load.
[2017.08.20-03.22.44:377][  0]LogUObjectAllocator: 7260424 out of 0 bytes used by permanent object pool.
[2017.08.20-03.22.44:377][  0]LogUObjectArray: CloseDisregardForGC: 0/0 objects in disregard for GC pool
[2017.08.20-03.22.44:418][  0]LogInit: WinSock: version 1.1 (2.2), MaxSocks=32767, MaxUdp=65467
[2017.08.20-03.22.46:076][  0]LogTcpMessaging: Initializing TcpMessaging bridge
[2017.08.20-03.22.46:106][  0]LogUdpMessaging: Initializing bridge on interface 0.0.0.0:0 to multicast group 230.0.0.1:6666.
[2017.08.20-03.22.46:457][  0]LogMaterial: Uniform references updated for custom material expression Custom.
[2017.08.20-03.22.46:714][  0]SourceControl: Info Source control is disabled
[2017.08.20-03.22.46:738][  0]SourceControl: Info Source control is disabled
[2017.08.20-03.22.46:769][  0]SourceControl: Info Source control is disabled
[2017.08.20-03.22.46:800][  0]SourceControl: Info Source control is disabled
[2017.08.20-03.22.47:226][  0]LogAndroidPermission: UAndroidPermissionCallbackProxy::GetInstance
[2017.08.20-03.22.47:617][  0]LogEngine: Initializing Engine...
[2017.08.20-03.22.48:162][  0]LogHMD: SteamVR initialized.  Driver: lighthouse  Display: LHR-A4D81BA4
[2017.08.20-03.22.48:328][  0]LogStats: UGameplayTagsManager::ConstructGameplayTagTree: Construct from data asset -  0.000 s
[2017.08.20-03.22.48:328][  0]LogStats: UGameplayTagsManager::ConstructGameplayTagTree: GameplayTagTreeChangedEvent.Broadcast -  0.000 s
[2017.08.20-03.22.48:418][  0]LogAIModule: Creating AISystem for world Untitled
[2017.08.20-03.22.48:430][  0]LogInit: XAudio2 using 'Speakers / Headphones (Realtek Audio)' : 2 channels at 48 kHz using 32 bits per sample (channel mask 0x3)
[2017.08.20-03.22.48:444][  0]LogInit: FAudioDevice initialized.
[2017.08.20-03.22.48:485][  0]LogDerivedDataCache: Saved boot cache 0.04s 90MB C:/Users/studentuser/AppData/Local/UnrealEngine/4.16/DerivedDataCache/Boot.ddc.
[2017.08.20-03.22.48:499][  0]LogInit: Texture streaming: Enabled
[2017.08.20-03.22.48:561][  0]LogEngineSessionManager: EngineSessionManager initialized
[2017.08.20-03.22.48:702][  0]LogInit: Transaction tracking system initialized
[2017.08.20-03.22.48:903][  0]BlueprintLog: New page: Editor Load
[2017.08.20-03.22.49:507][  0]LocalizationService: Info Localization service is disabled
[2017.08.20-03.22.49:950][  0]LogConsoleResponse:Display: 
[2017.08.20-03.22.50:046][  0]LogCook:Display: Max memory allowance for cook 16384mb min free memory 0mb
[2017.08.20-03.22.50:046][  0]LogCook:Display: Mobile HDR setting 1
[2017.08.20-03.22.50:698][  0]SourceControl: Info Source control is disabled
[2017.08.20-03.22.50:698][  0]Cmd: MAP LOAD FILE="D:/CastleGuardPhase2Master/CastleGuardPhase2Master/CastleGuardReborn/Content/VirtualRealityBP/Maps/StartupMap.umap" TEMPLATE=0 SHOWPROGRESS=1 FEATURELEVEL=3
[2017.08.20-03.22.50:699][  0]LightingResults: New page: Lighting Build
[2017.08.20-03.22.50:724][  0]MapCheck: New page: Map Check
[2017.08.20-03.22.50:724][  0]LightingResults: New page: Lighting Build
[2017.08.20-03.22.50:735][  0]LogLinker:Warning: Can't find file '/Game/VirtualRealityBP/Maps/StartupMap_BuiltData'
[2017.08.20-03.22.50:735][  0]LogLinker:Warning: Can't find file for asset '/Game/VirtualRealityBP/Maps/StartupMap_BuiltData' while loading D:/CastleGuardPhase2Master/CastleGuardPhase2Master/CastleGuardReborn/Content/VirtualRealityBP/Maps/StartupMap.umap.
[2017.08.20-03.22.50:735][  0]LoadErrors:Error: Error /Game/VirtualRealityBP/Maps/StartupMap : Can't find file for asset. /Game/VirtualRealityBP/Maps/StartupMap_BuiltData
[2017.08.20-03.22.50:749][  0]LogLinker:Warning: Can't find file '/Game/VirtualRealityBP/Maps/StartupMap_BuiltData'
[2017.08.20-03.22.50:749][  0]LogLinker:Warning: Can't find file for asset '/Game/VirtualRealityBP/Maps/StartupMap_BuiltData' while loading D:/CastleGuardPhase2Master/CastleGuardPhase2Master/CastleGuardReborn/Content/VirtualRealityBP/Maps/StartupMap.umap.
[2017.08.20-03.22.50:749][  0]LoadErrors:Error: Error /Game/VirtualRealityBP/Maps/StartupMap : Can't find file for asset. /Game/VirtualRealityBP/Maps/StartupMap_BuiltData
[2017.08.20-03.22.50:754][  0]LogLinker:Warning: Can't find file '/Game/VirtualRealityBP/Maps/StartupMap_BuiltData'
[2017.08.20-03.22.50:754][  0]LoadErrors: Info Failed to load /Game/VirtualRealityBP/Maps/StartupMap_BuiltData.StartupMap_BuiltData Referenced by PersistentLevel
[2017.08.20-03.22.50:754][  0]LogLinker:Warning: Can't find file for asset '/Game/VirtualRealityBP/Maps/StartupMap_BuiltData' while loading NULL.
[2017.08.20-03.22.50:754][  0]LoadErrors: Info Failed to load /Game/VirtualRealityBP/Maps/StartupMap_BuiltData.StartupMap_BuiltData Referenced by PersistentLevel
[2017.08.20-03.22.50:779][  0]LogAIModule: Creating AISystem for world StartupMap
[2017.08.20-03.22.50:784][  0]LogEditorServer: Finished looking for orphan Actors (0.000 secs)
[2017.08.20-03.22.50:791][  0]Cmd: MAP CHECKDEP NOCLEARLOG
[2017.08.20-03.22.50:823][  0]MapCheck: Info Map check complete: 0 Error(s), 0 Warning(s), took 31.657ms to complete.
[2017.08.20-03.22.50:823][  0]LogFileHelpers: Loading map 'StartupMap' took 0.125
[2017.08.20-03.22.50:886][  0]LogWindowsTextInputMethodSystem:Display: IME system now deactivated.
[2017.08.20-03.22.50:939][  0]LogCollectionManager: Loaded 0 collections in 0.000898 seconds
[2017.08.20-03.22.51:002][  0]LogFileCache: Scanning file cache for directory 'D:/CastleGuardPhase2Master/CastleGuardPhase2Master/CastleGuardReborn/Saved/Collections/' took 0.01s
[2017.08.20-03.22.51:002][  0]LogFileCache: Scanning file cache for directory 'D:/CastleGuardPhase2Master/CastleGuardPhase2Master/CastleGuardReborn/Content/Developers/studentuser/Collections/' took 0.01s
[2017.08.20-03.22.51:002][  0]LogFileCache: Scanning file cache for directory 'D:/CastleGuardPhase2Master/CastleGuardPhase2Master/CastleGuardReborn/Content/Collections/' took 0.01s
[2017.08.20-03.22.51:002][  0]LogCollectionManager: Rebuilt the GUID cache for 0 collections in 0.000001 seconds
[2017.08.20-03.22.51:008][  0]LogContentBrowser: Native class hierarchy populated in 0.0063 seconds. Added 2329 classes and 491 folders.
[2017.08.20-03.22.51:050][  0]LogContentBrowser: Native class hierarchy updated for 'WidgetCarousel' in 0.0004 seconds. Added 0 classes and 0 folders.
[2017.08.20-03.22.51:073][  0]LogContentBrowser: Native class hierarchy updated for 'AddContentDialog' in 0.0004 seconds. Added 0 classes and 0 folders.
[2017.08.20-03.22.51:100][  0]LogContentBrowser: Native class hierarchy updated for 'SceneOutliner' in 0.0004 seconds. Added 1 classes and 2 folders.
[2017.08.20-03.22.51:126][  0]LogCrashTracker: Crashtracker disabled due to settings.
[2017.08.20-03.22.51:130][  0]LogSlate: Took 0.000295 seconds to synchronously load lazily loaded font '../../../Engine/Content/Slate/Fonts/Roboto-Regular.ttf' (155K)
[2017.08.20-03.22.51:133][  0]LogSlate: Took 0.000271 seconds to synchronously load lazily loaded font '../../../Engine/Content/Slate/Fonts/Roboto-Bold.ttf' (160K)
[2017.08.20-03.22.51:138][  0]LogSlate: Took 0.000262 seconds to synchronously load lazily loaded font '../../../Engine/Content/Editor/Slate/Fonts/FontAwesome.ttf' (139K)
[2017.08.20-03.22.51:207][  0]LogRenderer: Reallocating scene render targets to support 1196x576 NumSamples 1 (Frame:1).
[2017.08.20-03.22.51:292][  0]LogUObjectGlobals:Warning: Failed to find object 'Class None.'
[2017.08.20-03.22.51:343][  0]LogContentBrowser: Native class hierarchy updated for 'HierarchicalLODOutliner' in 0.0004 seconds. Added 1 classes and 2 folders.
[2017.08.20-03.22.51:343][  0]LogLoad: (Engine Initialization) Total time: 11.65 seconds
[2017.08.20-03.22.51:343][  0]LogLoad: (Engine Initialization) Total Blueprint compile time: 0.03 seconds
[2017.08.20-03.22.51:343][  0]LogExternalProfiler: Found external profiler: VSPerf
[2017.08.20-03.22.51:343][  0]LogExternalProfiler: Using external profiler: VSPerf
[2017.08.20-03.22.51:354][  0]LogOcInput: OculusInput pre-init called
[2017.08.20-03.22.51:354][  0]LogHMD: Starting GearVRController plugin
[2017.08.20-03.22.51:354][  0]LogSteamVRController: Controller role for device 1 is 2 (invalid=0, left=1, right=2).
[2017.08.20-03.22.51:354][  0]LogSteamVRController:Warning: Controller device 1 is being assigned to its prefered role 'right'.
[2017.08.20-03.22.51:354][  0]LogSteamVRController: Controller device 1 is being assigned unreal hand 1 (left=0, right=1).
[2017.08.20-03.22.51:354][  0]LogSteamVRController: Controller role for device 2 is 1 (invalid=0, left=1, right=2).
[2017.08.20-03.22.51:354][  0]LogSteamVRController: Putting controller 2 on the left hand because there is already a controller for the right.
[2017.08.20-03.22.51:354][  0]LogSteamVRController: Controller device 2 is being assigned unreal hand 0 (left=0, right=1).
[2017.08.20-03.22.51:367][  0]LogAssetRegistry: Asset discovery search completed in 7.0513 seconds
[2017.08.20-03.22.51:369][  0]LogCollectionManager: Rebuilt the object cache for 0 collections in 0.000001 seconds (found 0 objects)
[2017.08.20-03.22.51:369][  0]LogCollectionManager: Fixed up redirectors for 0 collections in 0.000051 seconds (updated 0 objects)
[2017.08.20-03.22.51:371][  0]LogContentStreaming: Texture pool size now 1000 MB
[2017.08.20-03.22.52:361][117]LogSlate: Took 0.000143 seconds to synchronously load lazily loaded font '../../../Engine/Content/Slate/Fonts/Roboto-Light.ttf' (159K)
[2017.08.20-03.22.59:177][933]LogSlate: Took 0.000112 seconds to synchronously load lazily loaded font '../../../Engine/Content/Slate/Fonts/Roboto-Light.ttf' (159K)
[2017.08.20-03.23.37:422][495]Cmd: MAP LOAD FILE="D:/CastleGuardPhase2Master/CastleGuardPhase2Master/CastleGuardReborn/Content/Vive/Maps/default.umap" TEMPLATE=0 SHOWPROGRESS=1 FEATURELEVEL=3
[2017.08.20-03.23.37:426][495]LogSlate: Took 0.000085 seconds to synchronously load lazily loaded font '../../../Engine/Content/Slate/Fonts/Roboto-Light.ttf' (159K)
[2017.08.20-03.23.37:432][495]LightingResults: New page: Lighting Build
[2017.08.20-03.23.37:433][495]LoadErrors: New page: Loading map: default.umap
[2017.08.20-03.23.37:435][495]MapCheck: New page: Map Check
[2017.08.20-03.23.37:435][495]LightingResults: New page: Lighting Build
[2017.08.20-03.23.37:613][495]LogBlueprint:Error: [Compiler CatapultFiringPosition1] Error This blueprint (self) is not a SplineComponent, therefore ' Target ' must have a connection.
[2017.08.20-03.23.37:613][495]LogBlueprint:Error: [Compiler CatapultFiringPosition1] Error This blueprint (self) is not a SplineComponent, therefore ' Target ' must have a connection.
[2017.08.20-03.23.37:613][495]LogBlueprint:Error: [Compiler CatapultFiringPosition1] Error This blueprint (self) is not a SplineComponent, therefore ' Target ' must have a connection.
[2017.08.20-03.23.37:613][495]LogBlueprint:Error: [Compiler CatapultFiringPosition1] Error This blueprint (self) is not a SceneComponent, therefore ' Target ' must have a connection.
[2017.08.20-03.23.37:614][495]LogBlueprint:Error: [Compiler CatapultFiringPosition1] Error This blueprint (self) is not a SplineComponent, therefore ' Target ' must have a connection.
[2017.08.20-03.23.37:614][495]LogBlueprint:Error: [Compiler CatapultFiringPosition1] Error This blueprint (self) is not a SplineComponent, therefore ' Target ' must have a connection.
[2017.08.20-03.23.37:617][495]LogBlueprint:Warning: [Compiler CatapultFiringPosition1] Warning [0057.93] Compile of CatapultFiringPosition1 failed. 6 Fatal Issue(s) 0 Warning(s) [in 7 ms] (/Game/Vive/Blueprints/AI/CatapultProjectiles/CatapultFiringPosition1.CatapultFiringPosition1)
[2017.08.20-03.23.37:617][495]LogBlueprint:Warning: [Compiler CatapultFiringPosition1] Warning [0057.93] Compile of CatapultFiringPosition1 failed. 6 Fatal Issue(s) 1 Warning(s) [in 0 ms] (/Game/Vive/Blueprints/AI/CatapultProjectiles/CatapultFiringPosition1.CatapultFiringPosition1)
[2017.08.20-03.23.37:617][495]LogBlueprint:Warning: [Compiler CatapultFiringPosition1] Warning [0057.93] Compile of CatapultFiringPosition1 failed. 6 Fatal Issue(s) 2 Warning(s) [in 0 ms] (/Game/Vive/Blueprints/AI/CatapultProjectiles/CatapultFiringPosition1.CatapultFiringPosition1)
[2017.08.20-03.23.38:445][495]LogClass:Warning: Enum '/Game/Vive/Blueprints/Enum_GameStatus.Enum_GameStatus' was upgraded to use FText to store its display name data. Please re-save this asset to avoid issues with localization and determinstic cooking.
[2017.08.20-03.23.38:500][495]LogAIModule: Creating AISystem for world default
[2017.08.20-03.23.38:607][495]LogEditorServer: Finished looking for orphan Actors (0.000 secs)
[2017.08.20-03.23.38:692][495]Cmd: MAP CHECKDEP NOCLEARLOG
[2017.08.20-03.23.38:730][495]MapCheck: Info Map check complete: 0 Error(s), 0 Warning(s), took 38.303ms to complete.
[2017.08.20-03.23.38:730][495]LogFileHelpers: Loading map 'default' took 1.308
[2017.08.20-03.23.59:955][960]LogContentBrowser: Native class hierarchy updated for 'BlueprintGraph' in 0.0006 seconds. Added 112 classes and 0 folders.
[2017.08.20-03.24.00:350][960]LogSlate: Took 0.000098 seconds to synchronously load lazily loaded font '../../../Engine/Content/Slate/Fonts/Roboto-Regular.ttf' (155K)
[2017.08.20-03.24.00:396][960]LogSlate: Took 0.000136 seconds to synchronously load lazily loaded font '../../../Engine/Content/Editor/Slate/Fonts/Roboto-BoldCondensed.ttf' (158K)
[2017.08.20-03.24.06:435][616]LogEditorViewport: Clicking on Actor (LMB): Vive_Pawn_C (Vive_Pawn)
[2017.08.20-03.24.28:260][550]LogSlate: Took 0.000167 seconds to synchronously load lazily loaded font '../../../Engine/Content/Editor/Slate/Fonts/Roboto-Italic.ttf' (157K)
[2017.08.20-03.25.10:055][507]LogEditorTransaction: Undo Move Node
[2017.08.20-03.25.24:482][222]LogEditorTransaction: Undo Move Node
[2017.08.20-03.25.25:173][297]LogEditorTransaction: Undo Clicking on Actors
[2017.08.20-03.26.14:080][136]BlueprintLog: New page: Compile SoldierAI
[2017.08.20-03.27.14:780][614]LogTemp: Repeting last play command: VR Preview
[2017.08.20-03.27.14:812][614]LogBlueprintUserMessages: Early PlayInEditor Detection: Level '/Game/Vive/Maps/default.default:PersistentLevel' has LevelScriptBlueprint '/Game/Vive/Maps/default.default:PersistentLevel.default' with GeneratedClass '/Game/Vive/Maps/default.default_C' with ClassGeneratedBy '/Game/Vive/Maps/default.default:PersistentLevel.default'
[2017.08.20-03.27.14:812][614]LogPlayLevel: PlayLevel: No blueprints needed recompiling
[2017.08.20-03.27.16:299][614]PIE: New page: PIE session: default (Aug 19, 2017, 1:27:16 PM)
[2017.08.20-03.27.16:299][614]LogPlayLevel: Creating play world package: /Game/Vive/Maps/UEDPIE_0_default
[2017.08.20-03.27.16:449][614]LogPlayLevel: PIE: StaticDuplicateObject took: (0.149393s)
[2017.08.20-03.27.16:450][614]LogAIModule: Creating AISystem for world default
[2017.08.20-03.27.16:450][614]LogPlayLevel: PIE: World Init took: (0.000910s)
[2017.08.20-03.27.16:450][614]LogPlayLevel: PIE: Created PIE world by copying editor world from /Game/Vive/Maps/default.default to /Game/Vive/Maps/UEDPIE_0_default.default (0.150799s)
[2017.08.20-03.27.16:470][614]LogInit: XAudio2 using 'Speakers / Headphones (Realtek Audio)' : 2 channels at 48 kHz using 32 bits per sample (channel mask 0x3)
[2017.08.20-03.27.16:482][614]LogInit: FAudioDevice initialized.
[2017.08.20-03.27.16:565][614]LogLoad: Game class is 'ViveGameMode_C'
[2017.08.20-03.27.16:575][614]LogWorld: Bringing World /Game/Vive/Maps/UEDPIE_0_default.default up for play (max tick rate 0) at 2017.08.19-20.27.16
[2017.08.20-03.27.16:576][614]LogWorld: Bringing up level for play took: 0.009208
[2017.08.20-03.27.16:606][614]LogContentBrowser: Native class hierarchy updated for 'MovieSceneCapture' in 0.0004 seconds. Added 11 classes and 0 folders.
[2017.08.20-03.27.16:606][614]LogGameMode:Display: Match State Changed from EnteringMap to WaitingToStart
[2017.08.20-03.27.16:606][614]LogGameState: Match State Changed from EnteringMap to WaitingToStart
[2017.08.20-03.27.16:606][614]LogGameMode:Display: Match State Changed from WaitingToStart to InProgress
[2017.08.20-03.27.16:611][614]LogGameState: Match State Changed from WaitingToStart to InProgress
[2017.08.20-03.27.16:615][614]PIE: Info Play in editor start time for /Game/Vive/Maps/UEDPIE_0_default 2.463
[2017.08.20-03.27.16:615][614]LogBlueprintUserMessages: Late PlayInEditor Detection: Level '/Game/Vive/Maps/default.default:PersistentLevel' has LevelScriptBlueprint '/Game/Vive/Maps/default.default:PersistentLevel.default' with GeneratedClass '/Game/Vive/Maps/default.default_C' with ClassGeneratedBy '/Game/Vive/Maps/default.default:PersistentLevel.default'
[2017.08.20-03.27.16:715][615]LogRenderer: Reallocating scene render targets to support 3024x1680 NumSamples 1 (Frame:1).
[2017.08.20-03.27.17:060][643]LogScript:Warning: Accessed None trying to read property K2Node_Event_Other
	BP_CatapultRock_C /Game/Vive/Maps/UEDPIE_0_default.default:PersistentLevel.BP_CatapultRock2_178
	Function /Game/Vive/Blueprints/CatapultProjectiles/BP_CatapultRock.BP_CatapultRock_C:ExecuteUbergraph_BP_CatapultRock:0020
[2017.08.20-03.27.17:061][643]PIE:Error: Error Blueprint Runtime Error: Accessed None trying to read property K2Node_Event_Other from function: 'ExecuteUbergraph_BP_CatapultRock' from node: Branch in graph: EventGraph in object: BP_CatapultRock with description: Accessed None trying to read property K2Node_Event_Other
[2017.08.20-03.27.17:072][644]LogScript:Warning: Accessed None trying to read property K2Node_Event_Other
	BP_CatapultRock_C /Game/Vive/Maps/UEDPIE_0_default.default:PersistentLevel.BP_CatapultRock_128
	Function /Game/Vive/Blueprints/CatapultProjectiles/BP_CatapultRock.BP_CatapultRock_C:ExecuteUbergraph_BP_CatapultRock:0020
[2017.08.20-03.27.17:072][644]PIE:Error: Error Blueprint Runtime Error: Accessed None trying to read property K2Node_Event_Other from function: 'ExecuteUbergraph_BP_CatapultRock' from node: Branch in graph: EventGraph in object: BP_CatapultRock with description: Accessed None trying to read property K2Node_Event_Other
[2017.08.20-03.27.17:944][722]LogBlueprintUserMessages: Early EndPlayMap Detection: Level '/Game/Vive/Maps/default.default:PersistentLevel' has LevelScriptBlueprint '/Game/Vive/Maps/default.default:PersistentLevel.default' with GeneratedClass '/Game/Vive/Maps/default.default_C' with ClassGeneratedBy '/Game/Vive/Maps/default.default:PersistentLevel.default'
[2017.08.20-03.27.18:092][722]LogBlueprintUserMessages: Late EndPlayMap Detection: Level '/Game/Vive/Maps/default.default:PersistentLevel' has LevelScriptBlueprint '/Game/Vive/Maps/default.default:PersistentLevel.default' with GeneratedClass '/Game/Vive/Maps/default.default_C' with ClassGeneratedBy '/Game/Vive/Maps/default.default:PersistentLevel.default'
[2017.08.20-03.27.20:714][ 25]LogBlueprintUserMessages: Early PlayInEditor Detection: Level '/Game/Vive/Maps/default.default:PersistentLevel' has LevelScriptBlueprint '/Game/Vive/Maps/default.default:PersistentLevel.default' with GeneratedClass '/Game/Vive/Maps/default.default_C' with ClassGeneratedBy '/Game/Vive/Maps/default.default:PersistentLevel.default'
[2017.08.20-03.27.20:714][ 25]LogPlayLevel: PlayLevel: No blueprints needed recompiling
[2017.08.20-03.27.20:714][ 25]PIE: New page: PIE session: default (Aug 19, 2017, 1:27:20 PM)
[2017.08.20-03.27.20:714][ 25]LogPlayLevel: Creating play world package: /Game/Vive/Maps/UEDPIE_0_default
[2017.08.20-03.27.20:848][ 25]LogPlayLevel: PIE: StaticDuplicateObject took: (0.134296s)
[2017.08.20-03.27.20:849][ 25]LogAIModule: Creating AISystem for world default
[2017.08.20-03.27.20:849][ 25]LogPlayLevel: PIE: World Init took: (0.000817s)
[2017.08.20-03.27.20:850][ 25]LogPlayLevel: PIE: Created PIE world by copying editor world from /Game/Vive/Maps/default.default to /Game/Vive/Maps/UEDPIE_0_default.default (0.136198s)
[2017.08.20-03.27.20:876][ 25]LogInit: XAudio2 using 'Speakers / Headphones (Realtek Audio)' : 2 channels at 48 kHz using 32 bits per sample (channel mask 0x3)
[2017.08.20-03.27.20:887][ 25]LogInit: FAudioDevice initialized.
[2017.08.20-03.27.20:916][ 25]LogLoad: Game class is 'ViveGameMode_C'
[2017.08.20-03.27.20:925][ 25]LogWorld: Bringing World /Game/Vive/Maps/UEDPIE_0_default.default up for play (max tick rate 0) at 2017.08.19-20.27.20
[2017.08.20-03.27.20:925][ 25]LogWorld: Bringing up level for play took: 0.008918
[2017.08.20-03.27.20:926][ 25]LogGameMode:Display: Match State Changed from EnteringMap to WaitingToStart
[2017.08.20-03.27.20:926][ 25]LogGameState: Match State Changed from EnteringMap to WaitingToStart
[2017.08.20-03.27.20:926][ 25]LogGameMode:Display: Match State Changed from WaitingToStart to InProgress
[2017.08.20-03.27.20:931][ 25]LogGameState: Match State Changed from WaitingToStart to InProgress
[2017.08.20-03.27.20:931][ 25]PIE: Info Play in editor start time for /Game/Vive/Maps/UEDPIE_0_default 0.779
[2017.08.20-03.27.20:932][ 25]LogBlueprintUserMessages: Late PlayInEditor Detection: Level '/Game/Vive/Maps/default.default:PersistentLevel' has LevelScriptBlueprint '/Game/Vive/Maps/default.default:PersistentLevel.default' with GeneratedClass '/Game/Vive/Maps/default.default_C' with ClassGeneratedBy '/Game/Vive/Maps/default.default:PersistentLevel.default'
[2017.08.20-03.27.21:445][ 74]LogScript:Warning: Accessed None trying to read property K2Node_Event_Other
	BP_CatapultRock_C /Game/Vive/Maps/UEDPIE_0_default.default:PersistentLevel.BP_CatapultRock2_178
	Function /Game/Vive/Blueprints/CatapultProjectiles/BP_CatapultRock.BP_CatapultRock_C:ExecuteUbergraph_BP_CatapultRock:0020
[2017.08.20-03.27.21:445][ 74]PIE:Error: Error Blueprint Runtime Error: Accessed None trying to read property K2Node_Event_Other from function: 'ExecuteUbergraph_BP_CatapultRock' from node: Branch in graph: EventGraph in object: BP_CatapultRock with description: Accessed None trying to read property K2Node_Event_Other
[2017.08.20-03.27.21:454][ 75]LogScript:Warning: Accessed None trying to read property K2Node_Event_Other
	BP_CatapultRock_C /Game/Vive/Maps/UEDPIE_0_default.default:PersistentLevel.BP_CatapultRock_128
	Function /Game/Vive/Blueprints/CatapultProjectiles/BP_CatapultRock.BP_CatapultRock_C:ExecuteUbergraph_BP_CatapultRock:0020
[2017.08.20-03.27.21:454][ 75]PIE:Error: Error Blueprint Runtime Error: Accessed None trying to read property K2Node_Event_Other from function: 'ExecuteUbergraph_BP_CatapultRock' from node: Branch in graph: EventGraph in object: BP_CatapultRock with description: Accessed None trying to read property K2Node_Event_Other
[2017.08.20-03.27.22:221][166]LogBlueprintUserMessages: Early EndPlayMap Detection: Level '/Game/Vive/Maps/default.default:PersistentLevel' has LevelScriptBlueprint '/Game/Vive/Maps/default.default:PersistentLevel.default' with GeneratedClass '/Game/Vive/Maps/default.default_C' with ClassGeneratedBy '/Game/Vive/Maps/default.default:PersistentLevel.default'
[2017.08.20-03.27.22:261][166]LogBlueprintUserMessages: Late EndPlayMap Detection: Level '/Game/Vive/Maps/default.default:PersistentLevel' has LevelScriptBlueprint '/Game/Vive/Maps/default.default:PersistentLevel.default' with GeneratedClass '/Game/Vive/Maps/default.default_C' with ClassGeneratedBy '/Game/Vive/Maps/default.default:PersistentLevel.default'
[2017.08.20-03.27.25:018][487]LogBlueprintUserMessages: Early PlayInEditor Detection: Level '/Game/Vive/Maps/default.default:PersistentLevel' has LevelScriptBlueprint '/Game/Vive/Maps/default.default:PersistentLevel.default' with GeneratedClass '/Game/Vive/Maps/default.default_C' with ClassGeneratedBy '/Game/Vive/Maps/default.default:PersistentLevel.default'
[2017.08.20-03.27.25:018][487]LogPlayLevel: PlayLevel: No blueprints needed recompiling
[2017.08.20-03.27.25:018][487]PIE: New page: SIE session: default (Aug 19, 2017, 1:27:25 PM)
[2017.08.20-03.27.25:018][487]LogPlayLevel: Creating play world package: /Game/Vive/Maps/UEDPIE_0_default
[2017.08.20-03.27.25:151][487]LogPlayLevel: PIE: StaticDuplicateObject took: (0.133443s)
[2017.08.20-03.27.25:152][487]LogAIModule: Creating AISystem for world default
[2017.08.20-03.27.25:153][487]LogPlayLevel: PIE: World Init took: (0.001320s)
[2017.08.20-03.27.25:154][487]LogPlayLevel: PIE: Created PIE world by copying editor world from /Game/Vive/Maps/default.default to /Game/Vive/Maps/UEDPIE_0_default.default (0.135889s)
[2017.08.20-03.27.25:180][487]LogInit: XAudio2 using 'Speakers / Headphones (Realtek Audio)' : 2 channels at 48 kHz using 32 bits per sample (channel mask 0x3)
[2017.08.20-03.27.25:191][487]LogInit: FAudioDevice initialized.
[2017.08.20-03.27.25:222][487]LogLoad: Game class is 'ViveGameMode_C'
[2017.08.20-03.27.25:230][487]LogWorld: Bringing World /Game/Vive/Maps/UEDPIE_0_default.default up for play (max tick rate 0) at 2017.08.19-20.27.25
[2017.08.20-03.27.25:231][487]LogWorld: Bringing up level for play took: 0.008675
[2017.08.20-03.27.25:232][487]LogGameMode: FindPlayerStart: PATHS NOT DEFINED or NO PLAYERSTART with positive rating
[2017.08.20-03.27.25:232][487]LogGameMode:Display: Match State Changed from EnteringMap to WaitingToStart
[2017.08.20-03.27.25:237][487]LogGameState: Match State Changed from EnteringMap to WaitingToStart
[2017.08.20-03.27.25:237][487]PIE: Info Play in editor start time for /Game/Vive/Maps/UEDPIE_0_default 1.086
[2017.08.20-03.27.25:243][487]LogBlueprintUserMessages: Late PlayInEditor Detection: Level '/Game/Vive/Maps/default.default:PersistentLevel' has LevelScriptBlueprint '/Game/Vive/Maps/default.default:PersistentLevel.default' with GeneratedClass '/Game/Vive/Maps/default.default_C' with ClassGeneratedBy '/Game/Vive/Maps/default.default:PersistentLevel.default'
[2017.08.20-03.27.25:750][533]LogScript:Warning: Accessed None trying to read property K2Node_Event_Other
	BP_CatapultRock_C /Game/Vive/Maps/UEDPIE_0_default.default:PersistentLevel.BP_CatapultRock2_178
	Function /Game/Vive/Blueprints/CatapultProjectiles/BP_CatapultRock.BP_CatapultRock_C:ExecuteUbergraph_BP_CatapultRock:0020
[2017.08.20-03.27.25:750][533]PIE:Error: Error Blueprint Runtime Error: Accessed None trying to read property K2Node_Event_Other from function: 'ExecuteUbergraph_BP_CatapultRock' from node: Branch in graph: EventGraph in object: BP_CatapultRock with description: Accessed None trying to read property K2Node_Event_Other
[2017.08.20-03.27.25:763][534]LogScript:Warning: Accessed None trying to read property K2Node_Event_Other
	BP_CatapultRock_C /Game/Vive/Maps/UEDPIE_0_default.default:PersistentLevel.BP_CatapultRock_128
	Function /Game/Vive/Blueprints/CatapultProjectiles/BP_CatapultRock.BP_CatapultRock_C:ExecuteUbergraph_BP_CatapultRock:0020
[2017.08.20-03.27.25:763][534]PIE:Error: Error Blueprint Runtime Error: Accessed None trying to read property K2Node_Event_Other from function: 'ExecuteUbergraph_BP_CatapultRock' from node: Branch in graph: EventGraph in object: BP_CatapultRock with description: Accessed None trying to read property K2Node_Event_Other
[2017.08.20-03.27.26:903][642]LogBlueprintUserMessages: [Catapult_C_0] Handle1
[2017.08.20-03.27.27:085][654]LogBlueprintUserMessages: [Catapult_C_0] Handle2
[2017.08.20-03.27.28:887][821]LogScript:Warning: Accessed None trying to read property K2Node_Event_Other
	BP_CatapultRock_C /Game/Vive/Maps/UEDPIE_0_default.default:PersistentLevel.BP_CatapultRock2_178
	Function /Game/Vive/Blueprints/CatapultProjectiles/BP_CatapultRock.BP_CatapultRock_C:ExecuteUbergraph_BP_CatapultRock:0020
[2017.08.20-03.27.28:887][821]PIE:Error: Error Blueprint Runtime Error: Accessed None trying to read property K2Node_Event_Other from function: 'ExecuteUbergraph_BP_CatapultRock' from node: Branch in graph: EventGraph in object: BP_CatapultRock with description: Accessed None trying to read property K2Node_Event_Other
[2017.08.20-03.27.29:179][847]LogScript:Warning: Accessed None trying to read property K2Node_Event_Other
	BP_CatapultRock_C /Game/Vive/Maps/UEDPIE_0_default.default:PersistentLevel.BP_CatapultRock_128
	Function /Game/Vive/Blueprints/CatapultProjectiles/BP_CatapultRock.BP_CatapultRock_C:ExecuteUbergraph_BP_CatapultRock:0020
[2017.08.20-03.27.29:179][847]PIE:Error: Error Blueprint Runtime Error: Accessed None trying to read property K2Node_Event_Other from function: 'ExecuteUbergraph_BP_CatapultRock' from node: Branch in graph: EventGraph in object: BP_CatapultRock with description: Accessed None trying to read property K2Node_Event_Other
[2017.08.20-03.28.02:042][810]LogBlueprintUserMessages: [ArcherAttackPosition4_775] End Overlap
[2017.08.20-03.28.22:477][719]LogBlueprintUserMessages: Early EndPlayMap Detection: Level '/Game/Vive/Maps/default.default:PersistentLevel' has LevelScriptBlueprint '/Game/Vive/Maps/default.default:PersistentLevel.default' with GeneratedClass '/Game/Vive/Maps/default.default_C' with ClassGeneratedBy '/Game/Vive/Maps/default.default:PersistentLevel.default'
[2017.08.20-03.28.22:515][719]LogBlueprintUserMessages: Late EndPlayMap Detection: Level '/Game/Vive/Maps/default.default:PersistentLevel' has LevelScriptBlueprint '/Game/Vive/Maps/default.default:PersistentLevel.default' with GeneratedClass '/Game/Vive/Maps/default.default_C' with ClassGeneratedBy '/Game/Vive/Maps/default.default:PersistentLevel.default'
[2017.08.20-03.29.31:402][945]BlueprintLog: New page: Compile ArcherAttackPosition
[2017.08.20-03.29.33:234][ 74]LogTemp: Repeting last play command: Simulate
[2017.08.20-03.29.33:248][ 74]LogBlueprintUserMessages: Early PlayInEditor Detection: Level '/Game/Vive/Maps/default.default:PersistentLevel' has LevelScriptBlueprint '/Game/Vive/Maps/default.default:PersistentLevel.default' with GeneratedClass '/Game/Vive/Maps/default.default_C' with ClassGeneratedBy '/Game/Vive/Maps/default.default:PersistentLevel.default'
[2017.08.20-03.29.33:248][ 74]LogPlayLevel: PlayLevel: No blueprints needed recompiling
[2017.08.20-03.29.33:248][ 74]PIE: New page: SIE session: default (Aug 19, 2017, 1:29:33 PM)
[2017.08.20-03.29.33:248][ 74]LogPlayLevel: Creating play world package: /Game/Vive/Maps/UEDPIE_0_default
[2017.08.20-03.29.33:387][ 74]LogPlayLevel: PIE: StaticDuplicateObject took: (0.138264s)
[2017.08.20-03.29.33:387][ 74]LogAIModule: Creating AISystem for world default
[2017.08.20-03.29.33:388][ 74]LogPlayLevel: PIE: World Init took: (0.000702s)
[2017.08.20-03.29.33:388][ 74]LogPlayLevel: PIE: Created PIE world by copying editor world from /Game/Vive/Maps/default.default to /Game/Vive/Maps/UEDPIE_0_default.default (0.139611s)
[2017.08.20-03.29.33:413][ 74]LogInit: XAudio2 using 'Speakers / Headphones (Realtek Audio)' : 2 channels at 48 kHz using 32 bits per sample (channel mask 0x3)
[2017.08.20-03.29.33:425][ 74]LogInit: FAudioDevice initialized.
[2017.08.20-03.29.33:453][ 74]LogLoad: Game class is 'ViveGameMode_C'
[2017.08.20-03.29.33:462][ 74]LogWorld: Bringing World /Game/Vive/Maps/UEDPIE_0_default.default up for play (max tick rate 0) at 2017.08.19-20.29.33
[2017.08.20-03.29.33:463][ 74]LogWorld: Bringing up level for play took: 0.009197
[2017.08.20-03.29.33:464][ 74]LogGameMode: FindPlayerStart: PATHS NOT DEFINED or NO PLAYERSTART with positive rating
[2017.08.20-03.29.33:464][ 74]LogGameMode:Display: Match State Changed from EnteringMap to WaitingToStart
[2017.08.20-03.29.33:469][ 74]LogGameState: Match State Changed from EnteringMap to WaitingToStart
[2017.08.20-03.29.33:469][ 74]PIE: Info Play in editor start time for /Game/Vive/Maps/UEDPIE_0_default -0.683
[2017.08.20-03.29.33:471][ 74]LogBlueprintUserMessages: Late PlayInEditor Detection: Level '/Game/Vive/Maps/default.default:PersistentLevel' has LevelScriptBlueprint '/Game/Vive/Maps/default.default:PersistentLevel.default' with GeneratedClass '/Game/Vive/Maps/default.default_C' with ClassGeneratedBy '/Game/Vive/Maps/default.default:PersistentLevel.default'
[2017.08.20-03.29.33:986][124]LogScript:Warning: Accessed None trying to read property K2Node_Event_Other
	BP_CatapultRock_C /Game/Vive/Maps/UEDPIE_0_default.default:PersistentLevel.BP_CatapultRock2_178
	Function /Game/Vive/Blueprints/CatapultProjectiles/BP_CatapultRock.BP_CatapultRock_C:ExecuteUbergraph_BP_CatapultRock:0020
[2017.08.20-03.29.33:986][124]PIE:Error: Error Blueprint Runtime Error: Accessed None trying to read property K2Node_Event_Other from function: 'ExecuteUbergraph_BP_CatapultRock' from node: Branch in graph: EventGraph in object: BP_CatapultRock with description: Accessed None trying to read property K2Node_Event_Other
[2017.08.20-03.29.33:997][125]LogScript:Warning: Accessed None trying to read property K2Node_Event_Other
	BP_CatapultRock_C /Game/Vive/Maps/UEDPIE_0_default.default:PersistentLevel.BP_CatapultRock_128
	Function /Game/Vive/Blueprints/CatapultProjectiles/BP_CatapultRock.BP_CatapultRock_C:ExecuteUbergraph_BP_CatapultRock:0020
[2017.08.20-03.29.33:997][125]PIE:Error: Error Blueprint Runtime Error: Accessed None trying to read property K2Node_Event_Other from function: 'ExecuteUbergraph_BP_CatapultRock' from node: Branch in graph: EventGraph in object: BP_CatapultRock with description: Accessed None trying to read property K2Node_Event_Other
[2017.08.20-03.29.35:147][259]LogBlueprintUserMessages: [Catapult_C_0] Handle1
[2017.08.20-03.29.35:297][277]LogBlueprintUserMessages: [Catapult_C_0] Handle2
[2017.08.20-03.29.37:303][283]LogScript:Warning: Accessed None trying to read property K2Node_Event_Other
	BP_CatapultRock_C /Game/Vive/Maps/UEDPIE_0_default.default:PersistentLevel.BP_CatapultRock2_178
	Function /Game/Vive/Blueprints/CatapultProjectiles/BP_CatapultRock.BP_CatapultRock_C:ExecuteUbergraph_BP_CatapultRock:0020
[2017.08.20-03.29.37:304][283]PIE:Error: Error Blueprint Runtime Error: Accessed None trying to read property K2Node_Event_Other from function: 'ExecuteUbergraph_BP_CatapultRock' from node: Branch in graph: EventGraph in object: BP_CatapultRock with description: Accessed None trying to read property K2Node_Event_Other
[2017.08.20-03.30.12:302][388]LogBlueprintUserMessages: [ArcherAttackPosition4_775] End Overlap
[2017.08.20-03.30.38:302][466]LogBlueprintUserMessages: [BP_CatapultRock_C_0] HitDoor
[2017.08.20-03.30.45:302][487]LogBlueprintUserMessages: [BP_CatapultRock_C_1] HitDoor
[2017.08.20-03.30.52:675][987]LogBlueprintUserMessages: [BP_CatapultRock_C_2] HitDoor
[2017.08.20-03.30.57:400][529]LogBlueprintUserMessages: Early EndPlayMap Detection: Level '/Game/Vive/Maps/default.default:PersistentLevel' has LevelScriptBlueprint '/Game/Vive/Maps/default.default:PersistentLevel.default' with GeneratedClass '/Game/Vive/Maps/default.default_C' with ClassGeneratedBy '/Game/Vive/Maps/default.default:PersistentLevel.default'
[2017.08.20-03.30.57:446][529]LogBlueprintUserMessages: Late EndPlayMap Detection: Level '/Game/Vive/Maps/default.default:PersistentLevel' has LevelScriptBlueprint '/Game/Vive/Maps/default.default:PersistentLevel.default' with GeneratedClass '/Game/Vive/Maps/default.default_C' with ClassGeneratedBy '/Game/Vive/Maps/default.default:PersistentLevel.default'
[2017.08.20-03.31.49:255][697]LogMetaData: Removing '/Game/Vive/Blueprints/AI/ArcherAIArrow.SKEL_ArcherAIArrow_C' ref from Metadata '/Game/Vive/Blueprints/AI/BP_Arrow.PackageMetaData'
[2017.08.20-03.31.49:255][697]LogMetaData: Removing '/Game/Vive/Blueprints/AI/ArcherAIArrow.ArcherAIArrow_C' ref from Metadata '/Game/Vive/Blueprints/AI/BP_Arrow.PackageMetaData'
[2017.08.20-03.31.49:338][697]LogSavePackage: Save=40.18ms
[2017.08.20-03.31.49:338][697]LogSavePackage: Moving 'D:/CastleGuardPhase2Master/CastleGuardPhase2Master/CastleGuardReborn/Saved/ArcherAIArrow4E557FA9431D37512C810FB29D8CB1F1.tmp' to 'D:/CastleGuardPhase2Master/CastleGuardPhase2Master/CastleGuardReborn/Content/Vive/Blueprints/AI/ArcherAIArrow.uasset'
[2017.08.20-03.31.49:339][697]LogSavePackage:Display: Finished SavePackage D:/CastleGuardPhase2Master/CastleGuardPhase2Master/CastleGuardReborn/Content/Vive/Blueprints/AI/ArcherAIArrow.uasset
[2017.08.20-03.32.07:634][837]LogTemp: Repeting last play command: Simulate
[2017.08.20-03.32.07:650][837]LogBlueprintUserMessages: Early PlayInEditor Detection: Level '/Game/Vive/Maps/default.default:PersistentLevel' has LevelScriptBlueprint '/Game/Vive/Maps/default.default:PersistentLevel.default' with GeneratedClass '/Game/Vive/Maps/default.default_C' with ClassGeneratedBy '/Game/Vive/Maps/default.default:PersistentLevel.default'
[2017.08.20-03.32.07:650][837]BlueprintLog: New page: Pre-Play auto-recompile
[2017.08.20-03.32.07:650][837]LogPlayLevel: [PlayLevel] Compiling ArcherAttackPosition before play...
[2017.08.20-03.32.08:189][837]LogPlayLevel: [PlayLevel] Compiling SoldierAI before play...
[2017.08.20-03.32.08:300][837]LogPlayLevel: [PlayLevel] Compiling default before play...
[2017.08.20-03.32.08:403][837]LogPlayLevel: PlayLevel: Blueprint regeneration took 753 ms (3 blueprints)
[2017.08.20-03.32.08:403][837]PIE: New page: SIE session: default (Aug 19, 2017, 1:32:08 PM)
[2017.08.20-03.32.08:403][837]LogPlayLevel: Creating play world package: /Game/Vive/Maps/UEDPIE_0_default
[2017.08.20-03.32.08:538][837]LogPlayLevel: PIE: StaticDuplicateObject took: (0.134552s)
[2017.08.20-03.32.08:539][837]LogAIModule: Creating AISystem for world default
[2017.08.20-03.32.08:539][837]LogPlayLevel: PIE: World Init took: (0.000837s)
[2017.08.20-03.32.08:540][837]LogPlayLevel: PIE: Created PIE world by copying editor world from /Game/Vive/Maps/default.default to /Game/Vive/Maps/UEDPIE_0_default.default (0.136296s)
[2017.08.20-03.32.08:566][837]LogInit: XAudio2 using 'Speakers / Headphones (Realtek Audio)' : 2 channels at 48 kHz using 32 bits per sample (channel mask 0x3)
[2017.08.20-03.32.08:578][837]LogInit: FAudioDevice initialized.
[2017.08.20-03.32.08:609][837]LogLoad: Game class is 'ViveGameMode_C'
[2017.08.20-03.32.08:618][837]LogWorld: Bringing World /Game/Vive/Maps/UEDPIE_0_default.default up for play (max tick rate 0) at 2017.08.19-20.32.08
[2017.08.20-03.32.08:619][837]LogWorld: Bringing up level for play took: 0.008675
[2017.08.20-03.32.08:619][837]LogGameMode: FindPlayerStart: PATHS NOT DEFINED or NO PLAYERSTART with positive rating
[2017.08.20-03.32.08:619][837]LogGameMode:Display: Match State Changed from EnteringMap to WaitingToStart
[2017.08.20-03.32.08:624][837]LogGameState: Match State Changed from EnteringMap to WaitingToStart
[2017.08.20-03.32.08:624][837]PIE: Info Play in editor start time for /Game/Vive/Maps/UEDPIE_0_default 0.472
[2017.08.20-03.32.08:627][837]LogBlueprintUserMessages: Late PlayInEditor Detection: Level '/Game/Vive/Maps/default.default:PersistentLevel' has LevelScriptBlueprint '/Game/Vive/Maps/default.default:PersistentLevel.default' with GeneratedClass '/Game/Vive/Maps/default.default_C' with ClassGeneratedBy '/Game/Vive/Maps/default.default:PersistentLevel.default'
[2017.08.20-03.32.08:981][842]LogScript:Warning: Accessed None trying to read property K2Node_Event_Other
	BP_CatapultRock_C /Game/Vive/Maps/UEDPIE_0_default.default:PersistentLevel.BP_CatapultRock2_178
	Function /Game/Vive/Blueprints/CatapultProjectiles/BP_CatapultRock.BP_CatapultRock_C:ExecuteUbergraph_BP_CatapultRock:0020
[2017.08.20-03.32.08:982][842]PIE:Error: Error Blueprint Runtime Error: Accessed None trying to read property K2Node_Event_Other from function: 'ExecuteUbergraph_BP_CatapultRock' from node: Branch in graph: EventGraph in object: BP_CatapultRock with description: Accessed None trying to read property K2Node_Event_Other
[2017.08.20-03.32.08:998][844]LogScript:Warning: Accessed None trying to read property K2Node_Event_Other
	BP_CatapultRock_C /Game/Vive/Maps/UEDPIE_0_default.default:PersistentLevel.BP_CatapultRock_128
	Function /Game/Vive/Blueprints/CatapultProjectiles/BP_CatapultRock.BP_CatapultRock_C:ExecuteUbergraph_BP_CatapultRock:0020
[2017.08.20-03.32.08:998][844]PIE:Error: Error Blueprint Runtime Error: Accessed None trying to read property K2Node_Event_Other from function: 'ExecuteUbergraph_BP_CatapultRock' from node: Branch in graph: EventGraph in object: BP_CatapultRock with description: Accessed None trying to read property K2Node_Event_Other
[2017.08.20-03.32.10:336][926]LogBlueprintUserMessages: [Catapult_C_0] Handle1
[2017.08.20-03.32.10:336][926]LogBlueprintUserMessages: [Catapult_C_0] Handle2
[2017.08.20-03.32.12:337][932]LogScript:Warning: Accessed None trying to read property K2Node_Event_Other
	BP_CatapultRock_C /Game/Vive/Maps/UEDPIE_0_default.default:PersistentLevel.BP_CatapultRock2_178
	Function /Game/Vive/Blueprints/CatapultProjectiles/BP_CatapultRock.BP_CatapultRock_C:ExecuteUbergraph_BP_CatapultRock:0020
[2017.08.20-03.32.12:337][932]PIE:Error: Error Blueprint Runtime Error: Accessed None trying to read property K2Node_Event_Other from function: 'ExecuteUbergraph_BP_CatapultRock' from node: Branch in graph: EventGraph in object: BP_CatapultRock with description: Accessed None trying to read property K2Node_Event_Other
[2017.08.20-03.32.47:336][ 37]LogBlueprintUserMessages: [ArcherAttackPosition4_775] End Overlap
[2017.08.20-03.33.13:336][115]LogBlueprintUserMessages: [BP_CatapultRock_C_0] HitDoor
[2017.08.20-03.33.20:336][136]LogBlueprintUserMessages: [BP_CatapultRock_C_1] HitDoor
[2017.08.20-03.33.27:336][157]LogBlueprintUserMessages: [BP_CatapultRock_C_2] HitDoor
[2017.08.20-03.33.34:336][178]LogBlueprintUserMessages: [BP_CatapultRock_C_3] HitDoor
[2017.08.20-03.33.41:336][199]LogBlueprintUserMessages: [BP_CatapultRock_C_4] HitDoor
[2017.08.20-03.33.48:336][220]LogBlueprintUserMessages: [BP_CatapultRock_C_5] HitDoor
[2017.08.20-03.33.55:336][241]LogBlueprintUserMessages: [BP_CatapultRock_C_6] HitDoor
[2017.08.20-03.34.02:336][262]LogBlueprintUserMessages: [BP_CatapultRock_C_7] HitDoor
[2017.08.20-03.34.09:336][283]LogBlueprintUserMessages: [BP_CatapultRock_C_8] HitDoor
[2017.08.20-03.34.16:336][304]LogBlueprintUserMessages: [BP_CatapultRock_C_9] HitDoor
[2017.08.20-03.34.23:336][325]LogBlueprintUserMessages: [BP_CatapultRock_C_10] HitDoor
[2017.08.20-03.34.30:336][346]LogBlueprintUserMessages: [BP_CatapultRock_C_11] HitDoor
[2017.08.20-03.34.37:336][367]LogBlueprintUserMessages: [BP_CatapultRock_C_12] HitDoor
[2017.08.20-03.34.44:336][388]LogBlueprintUserMessages: [BP_CatapultRock_C_13] HitDoor
[2017.08.20-03.34.51:336][409]LogBlueprintUserMessages: [BP_CatapultRock_C_14] HitDoor
[2017.08.20-03.34.58:337][430]LogBlueprintUserMessages: [BP_CatapultRock_C_15] HitDoor
[2017.08.20-03.35.05:336][451]LogBlueprintUserMessages: [BP_CatapultRock_C_16] HitDoor
[2017.08.20-03.35.10:514][845]LogBlueprintUserMessages: Early EndPlayMap Detection: Level '/Game/Vive/Maps/default.default:PersistentLevel' has LevelScriptBlueprint '/Game/Vive/Maps/default.default:PersistentLevel.default' with GeneratedClass '/Game/Vive/Maps/default.default_C' with ClassGeneratedBy '/Game/Vive/Maps/default.default:PersistentLevel.default'
[2017.08.20-03.35.10:556][845]LogBlueprintUserMessages: Late EndPlayMap Detection: Level '/Game/Vive/Maps/default.default:PersistentLevel' has LevelScriptBlueprint '/Game/Vive/Maps/default.default:PersistentLevel.default' with GeneratedClass '/Game/Vive/Maps/default.default_C' with ClassGeneratedBy '/Game/Vive/Maps/default.default:PersistentLevel.default'
[2017.08.20-03.35.41:401][477]LogEditorViewport: Clicking on Actor (LMB): BP_CatapultRock_C (BP_CatapultRock2)
[2017.08.20-03.35.52:330][711]LogScriptCore:Warning: Script Msg: Attempted to access index 0 from array CallFunc_GetAllActorsOfClass_OutActors of length 0!
[2017.08.20-03.35.52:330][711]LogScript:Warning: Accessed None trying to read property CallFunc_Array_Get_Item
	BP_CatapultRock_C /Engine/Transient.World_15:PersistentLevel.BP_CatapultRock_C_0
	Function /Game/Vive/Blueprints/CatapultProjectiles/BP_CatapultRock.BP_CatapultRock_C:UserConstructionScript:00D9
[2017.08.20-03.35.53:221][796]LogScriptCore:Warning: Script Msg: Attempted to access index 0 from array CallFunc_GetAllActorsOfClass_OutActors of length 0!
[2017.08.20-03.35.53:221][796]LogScript:Warning: Accessed None trying to read property CallFunc_Array_Get_Item
	BP_CatapultRock_C /Engine/Transient.World_16:PersistentLevel.BP_CatapultRock_C_1
	Function /Game/Vive/Blueprints/CatapultProjectiles/BP_CatapultRock.BP_CatapultRock_C:UserConstructionScript:00D9
[2017.08.20-03.36.41:855][496]LogScriptCore:Warning: Script Msg: Attempted to access index 0 from array CallFunc_GetAllActorsOfClass_OutActors of length 0!
[2017.08.20-03.36.41:855][496]LogScript:Warning: Accessed None trying to read property CallFunc_Array_Get_Item
	BP_CatapultRock_C /Engine/Transient.World_18:PersistentLevel.BP_CatapultRock_C_2
	Function /Game/Vive/Blueprints/CatapultProjectiles/BP_CatapultRock.BP_CatapultRock_C:UserConstructionScript:00D9
[2017.08.20-03.39.15:801][950]LogSavePackage: Save=2715.51ms
[2017.08.20-03.39.15:802][950]LogSavePackage: Moving 'D:/CastleGuardPhase2Master/CastleGuardPhase2Master/CastleGuardReborn/Saved/default1E95885749662F8E125C9C9F2981903A.tmp' to 'D:/CastleGuardPhase2Master/CastleGuardPhase2Master/CastleGuardReborn/Content/Vive/Maps/default.umap'
[2017.08.20-03.39.15:806][950]LogSavePackage:Display: Finished SavePackage D:/CastleGuardPhase2Master/CastleGuardPhase2Master/CastleGuardReborn/Content/Vive/Maps/default.umap
[2017.08.20-03.39.15:826][950]LogFileHelpers: Saving map 'default' took 2.822
[2017.08.20-03.39.15:889][950]LogSavePackage: Save=57.29ms
[2017.08.20-03.39.15:890][950]LogSavePackage: Moving 'D:/CastleGuardPhase2Master/CastleGuardPhase2Master/CastleGuardReborn/Saved/ArcherAttackPosition096B842C4ED0919346CBD598825FBA80.tmp' to 'D:/CastleGuardPhase2Master/CastleGuardPhase2Master/CastleGuardReborn/Content/Vive/Blueprints/AI/ArcherAttackPosition.uasset'
[2017.08.20-03.39.15:891][950]LogSavePackage:Display: Finished SavePackage D:/CastleGuardPhase2Master/CastleGuardPhase2Master/CastleGuardReborn/Content/Vive/Blueprints/AI/ArcherAttackPosition.uasset
[2017.08.20-03.39.15:908][950]Cmd: OBJ SAVEPACKAGE PACKAGE="/Game/Vive/Blueprints/AI/SoldierAI" FILE="D:/CastleGuardPhase2Master/CastleGuardPhase2Master/CastleGuardReborn/Content/Vive/Blueprints/AI/SoldierAI.uasset" SILENT=true
[2017.08.20-03.39.15:985][950]LogSavePackage: Save=71.08ms
[2017.08.20-03.39.15:985][950]LogSavePackage: Moving 'D:/CastleGuardPhase2Master/CastleGuardPhase2Master/CastleGuardReborn/Saved/SoldierAICBDBC45846084D53A243E19B723001A3.tmp' to 'D:/CastleGuardPhase2Master/CastleGuardPhase2Master/CastleGuardReborn/Content/Vive/Blueprints/AI/SoldierAI.uasset'
[2017.08.20-03.39.15:986][950]LogSavePackage:Display: Finished SavePackage D:/CastleGuardPhase2Master/CastleGuardPhase2Master/CastleGuardReborn/Content/Vive/Blueprints/AI/SoldierAI.uasset
[2017.08.20-03.39.16:025][950]LogSavePackage: Save=29.43ms
[2017.08.20-03.39.16:025][950]LogSavePackage: Moving 'D:/CastleGuardPhase2Master/CastleGuardPhase2Master/CastleGuardReborn/Saved/ArcherAIArrowCF66306445DA531EF5ADC8A134B01F0C.tmp' to 'D:/CastleGuardPhase2Master/CastleGuardPhase2Master/CastleGuardReborn/Content/Vive/Blueprints/AI/ArcherAIArrow.uasset'
[2017.08.20-03.39.16:026][950]LogSavePackage:Display: Finished SavePackage D:/CastleGuardPhase2Master/CastleGuardPhase2Master/CastleGuardReborn/Content/Vive/Blueprints/AI/ArcherAIArrow.uasset
