Log file open, 11/02/17 15:49:51
LogInit:Display: Running engine for game: CastleGuardReborn
LogPlatformFile: Not using cached read wrapper
LogInit:Display: RandInit(1035085748) SRandInit(1035085748).
LogTaskGraph: Started task graph with 5 named threads and 8 total threads with 1 sets of task threads.
LogStats: Stats thread started at 0.085572
LogInit: Using libcurl 7.47.1
LogInit:  - built for x86_64-pc-win32
LogInit:  - supports SSL with OpenSSL/1.0.2g
LogInit:  - supports HTTP deflate (compression) using libz 1.2.8
LogInit:  - other features:
LogInit:      CURL_VERSION_SSL
LogInit:      CURL_VERSION_LIBZ
LogInit:      CURL_VERSION_IPV6
LogInit:      CURL_VERSION_ASYNCHDNS
LogInit:      CURL_VERSION_LARGEFILE
LogInit:      CURL_VERSION_IDN
LogInit:  CurlRequestOptions (configurable via config and command line):
LogInit:  - bVerifyPeer = false  - Libcurl will NOT verify peer certificate
LogInit:  - bUseHttpProxy = false  - Libcurl will NOT use HTTP proxy
LogInit:  - bDontReuseConnections = false  - Libcurl will reuse connections
LogInit:  - CertBundlePath = nullptr  - Libcurl will use whatever was configured at build time.
LogInit: Build: ++UE4+Release-4.16-CL-3514769
LogInit: Engine Version: 4.16.2-3514769+++UE4+Release-4.16
LogInit: Compatible Engine Version: 4.16.0-3452394+++UE4+Release-4.16
LogInit: Net CL: 3452394
LogDevObjectVersion: Number of dev versions registered: 16
LogDevObjectVersion:   Dev-Blueprints (B0D832E4-1F89-4F0D-ACCF-7EB736FD4AA2): 9
LogDevObjectVersion:   Dev-Build (E1C64328-A22C-4D53-A36C-8E866417BD8C): 0
LogDevObjectVersion:   Dev-Core (375EC13C-06E4-48FB-B500-84F0262A717E): 2
LogDevObjectVersion:   Dev-Editor (E4B068ED-F494-42E9-A231-DA0B2E46BB41): 17
LogDevObjectVersion:   Dev-Framework (CFFC743F-43B0-4480-9391-14DF171D2073): 23
LogDevObjectVersion:   Dev-Mobile (B02B49B5-BB20-44E9-A304-32B752E40360): 0
LogDevObjectVersion:   Dev-Networking (A4E4105C-59A1-49B5-A7C5-40C4547EDFEE): 0
LogDevObjectVersion:   Dev-Online (39C831C9-5AE6-47DC-9A44-9C173E1C8E7C): 0
LogDevObjectVersion:   Dev-Physics (78F01B33-EBEA-4F98-B9B4-84EACCB95AA2): 0
LogDevObjectVersion:   Dev-Platform (6631380F-2D4D-43E0-8009-CF276956A95A): 0
LogDevObjectVersion:   Dev-Rendering (12F88B9F-8875-4AFC-A67C-D90C383ABD29): 15
LogDevObjectVersion:   Dev-Sequencer (7B5AE74C-D270-4C10-A958-57980B212A5A): 4
LogDevObjectVersion:   Dev-VR (D7296918-1DD6-4BDD-9DE2-64A83CC13884): 0
LogDevObjectVersion:   Dev-LoadTimes (C2A15278-BFE7-4AFE-6C17-90FF531DF755): 1
LogDevObjectVersion:   Private-Geometry (6EACA3D4-40EC-4CC1-B786-8BED09428FC5): 1
LogDevObjectVersion:   Dev-AnimPhys (29E575DD-E0A3-4627-9D10-D276232CDCEA): 3
LogInit: Compiled (64-bit): Jun 29 2017 02:03:24
LogInit: Compiled with Visual C++: 19.00.24215.01
LogInit: Build Configuration: Development
LogInit: Branch Name: ++UE4+Release-4.16
LogInit: Command line: 
LogInit: Base directory: C:/4.16/Engine/Binaries/Win64/
LogInit: Installed Engine Build: 1
LogInit: Presizing for max 8388607 objects, including 0 objects not considered by GC, pre-allocating 0 bytes for permanent pool.
LogInit: Object subsystem initialized
[2017.11.02-22.49.51:592][  0]LogInit: Selected Device Profile: [Windows]
[2017.11.02-22.49.51:592][  0]LogInit: Applying CVar settings loaded from the selected device profile: [Windows]
[2017.11.02-22.49.51:603][  0]LogInit: Computer: WIZARD
[2017.11.02-22.49.51:603][  0]LogInit: User: 22TKDF8XX6YG69F9M66D
[2017.11.02-22.49.51:603][  0]LogInit: CPU Page size=4096, Cores=4
[2017.11.02-22.49.51:603][  0]LogInit: High frequency timer resolution =3.320351 MHz
[2017.11.02-22.49.51:603][  0]LogMemory: Memory total: Physical=15.9GB (16GB approx)
[2017.11.02-22.49.51:603][  0]LogMemory: Platform Memory Stats for Windows
[2017.11.02-22.49.51:604][  0]LogMemory: Process Physical Memory: 276.00 MB used, 276.00 MB peak
[2017.11.02-22.49.51:604][  0]LogMemory: Process Virtual Memory: 263.83 MB used, 263.83 MB peak
[2017.11.02-22.49.51:604][  0]LogMemory: Physical Memory: 4175.19 MB used,  12152.73 MB free, 16327.92 MB total
[2017.11.02-22.49.51:604][  0]LogMemory: Virtual Memory: 622.28 MB used,  12152.73 MB free, 8388608.00 MB total
[2017.11.02-22.49.51:675][  0]LogInit: Using OS detected language (en-US).
[2017.11.02-22.49.51:675][  0]LogInit: Using OS detected locale (en-US).
[2017.11.02-22.49.51:677][  0]LogTextLocalizationManager: No specific localization for 'en-US' exists, so the 'en' localization will be used.
[2017.11.02-22.49.52:610][  0]LogD3D11RHI: D3D11 adapters:
[2017.11.02-22.49.52:618][  0]LogD3D11RHI:    0. 'AMD Radeon HD 7900 Series' (Feature Level 11_0)
[2017.11.02-22.49.52:618][  0]LogD3D11RHI:       3049/0/3840 MB DedicatedVideo/DedicatedSystem/SharedSystem, Outputs:2, VendorId:0x1002
[2017.11.02-22.49.52:618][  0]LogD3D11RHI: Chosen D3D11 Adapter: 0
[2017.11.02-22.49.52:622][  0]LogD3D11RHI: Creating new Direct3DDevice
[2017.11.02-22.49.52:622][  0]LogD3D11RHI:     GPU DeviceId: 0x679a (for the marketing name, search the web for "GPU Device Id")
[2017.11.02-22.49.52:622][  0]LogWindows: EnumDisplayDevices:
[2017.11.02-22.49.52:622][  0]LogWindows:    0. 'AMD Radeon HD 7900 Series' (P:0 D:1)
[2017.11.02-22.49.52:622][  0]LogWindows:    1. 'AMD Radeon HD 7900 Series' (P:1 D:1)
[2017.11.02-22.49.52:623][  0]LogWindows:    2. 'AMD Radeon HD 7900 Series' (P:0 D:0)
[2017.11.02-22.49.52:623][  0]LogWindows:    3. 'AMD Radeon HD 7900 Series' (P:0 D:0)
[2017.11.02-22.49.52:623][  0]LogWindows:    4. 'AMD Radeon HD 7900 Series' (P:0 D:0)
[2017.11.02-22.49.52:623][  0]LogWindows:    5. 'AMD Radeon HD 7900 Series' (P:0 D:0)
[2017.11.02-22.49.52:623][  0]LogWindows:    6. 'RDPDD Chained DD' (P:0 D:0)
[2017.11.02-22.49.52:623][  0]LogWindows:    7. 'RDP Encoder Mirror Driver' (P:0 D:0)
[2017.11.02-22.49.52:623][  0]LogWindows:    8. 'RDP Reflector Display Driver' (P:0 D:0)
[2017.11.02-22.49.52:623][  0]LogWindows: DebugString: GetVideoDriverDetailsInvalid PrimaryIsNotTheChoosenAdapter GetVideoDriverDetailsInvalid PrimaryIsNotTheChoosenAdapter GetVideoDriverDetailsInvalid PrimaryIsNotTheChoosenAdapter FoundDriverCount:6 
[2017.11.02-22.49.52:623][  0]LogD3D11RHI:     Adapter Name: AMD Radeon HD 7900 Series
[2017.11.02-22.49.52:623][  0]LogD3D11RHI:   Driver Version: Crimson ReLive 17.7.2 (internal:22.19.662.4, unified:22.19.662.4)
[2017.11.02-22.49.52:623][  0]LogD3D11RHI:      Driver Date: 7-20-2017
[2017.11.02-22.49.52:623][  0]LogRHI: Texture pool is 1361 MB (70% of 1945 MB)
[2017.11.02-22.49.52:661][  0]LogD3D11RHI: Async texture creation enabled
[2017.11.02-22.49.52:671][  0]LogD3D11RHI: GPU Timing Frequency: 27.000000 (Debug: 2 1)
[2017.11.02-22.49.52:671][  0]LogShaderCompilers: Guid format shader working directory is -23 characters bigger than the processId version (../../../../Users/22TKDF8XX6YG69F9M66D/Downloads/CastleGuardPhase2/CastleGuardReborn/Intermediate/Shaders/WorkingDirectory/6620/).
[2017.11.02-22.49.52:671][  0]LogShaderCompilers: Cleaned the shader compiler working directory 'C:/Users/22TKDF8XX6YG69F9M66D/AppData/Local/Temp/UnrealShaderWorkingDir/3350337E4D10BD403890C88C82151550/'.
[2017.11.02-22.49.52:671][  0]LogShaderCompilers:Display: Using Local Shader Compiler.
[2017.11.02-22.49.53:780][  0]LogTemp:Display: Loaded TP AllDesktopTargetPlatform
[2017.11.02-22.49.53:829][  0]LogTemp:Display: Loaded TP MacClientTargetPlatform
[2017.11.02-22.49.53:878][  0]LogTemp:Display: Loaded TP MacNoEditorTargetPlatform
[2017.11.02-22.49.53:926][  0]LogTemp:Display: Loaded TP MacServerTargetPlatform
[2017.11.02-22.49.53:975][  0]LogTemp:Display: Loaded TP MacTargetPlatform
[2017.11.02-22.49.54:024][  0]LogTemp:Display: Loaded TP WindowsClientTargetPlatform
[2017.11.02-22.49.54:073][  0]LogTemp:Display: Loaded TP WindowsNoEditorTargetPlatform
[2017.11.02-22.49.54:122][  0]LogTemp:Display: Loaded TP WindowsServerTargetPlatform
[2017.11.02-22.49.54:163][  0]LogTemp:Display: Loaded TP WindowsTargetPlatform
[2017.11.02-22.49.54:213][  0]LogTemp:Display: Loaded TP AndroidTargetPlatform
[2017.11.02-22.49.54:261][  0]LogTemp:Display: Loaded TP Android_ASTCTargetPlatform
[2017.11.02-22.49.54:309][  0]LogTemp:Display: Loaded TP Android_ATCTargetPlatform
[2017.11.02-22.49.54:357][  0]LogTemp:Display: Loaded TP Android_DXTTargetPlatform
[2017.11.02-22.49.54:405][  0]LogTemp:Display: Loaded TP Android_ETC1TargetPlatform
[2017.11.02-22.49.54:453][  0]LogTemp:Display: Loaded TP Android_ETC2TargetPlatform
[2017.11.02-22.49.54:550][  0]LogTemp:Display: Loaded TP Android_MultiTargetPlatform
[2017.11.02-22.49.54:550][  0]LogTemp:Display: Loaded TP Android_PVRTCTargetPlatform
[2017.11.02-22.49.54:586][  0]LogTemp:Display: Loaded TP HTML5TargetPlatform
[2017.11.02-22.49.54:673][  0]LogTemp:Display: Loaded TP IOSTargetPlatform
[2017.11.02-22.49.54:703][  0]LogTemp:Display: Loaded TP TVOSTargetPlatform
[2017.11.02-22.49.54:751][  0]LogTemp:Display: Loaded TP LinuxClientTargetPlatform
[2017.11.02-22.49.54:799][  0]LogTemp:Display: Loaded TP LinuxNoEditorTargetPlatform
[2017.11.02-22.49.54:847][  0]LogTemp:Display: Loaded TP LinuxServerTargetPlatform
[2017.11.02-22.49.54:894][  0]LogTemp:Display: Loaded TP LinuxTargetPlatform
[2017.11.02-22.49.54:894][  0]LogTargetPlatformManager:Display: Building Assets For Windows
[2017.11.02-22.49.55:337][  0]LogDerivedDataCache:Display: Max Cache Size: 512 MB
[2017.11.02-22.49.55:439][  0]LogDerivedDataCache: Loaded boot cache 0.10s 90MB C:/Users/22TKDF8XX6YG69F9M66D/AppData/Local/UnrealEngine/4.16/DerivedDataCache/Boot.ddc.
[2017.11.02-22.49.55:440][  0]LogDerivedDataCache:Display: Loaded Boot cache: C:/Users/22TKDF8XX6YG69F9M66D/AppData/Local/UnrealEngine/4.16/DerivedDataCache/Boot.ddc
[2017.11.02-22.49.55:440][  0]LogDerivedDataCache: FDerivedDataBackendGraph:  Pak pak cache file ../../../../Users/22TKDF8XX6YG69F9M66D/Downloads/CastleGuardPhase2/CastleGuardReborn/DerivedDataCache/DDC.ddp not found, will not use a pak cache.
[2017.11.02-22.49.55:440][  0]LogDerivedDataCache: Unable to find inner node Pak for hierarchical cache Hierarchy.
[2017.11.02-22.49.55:440][  0]LogDerivedDataCache: FDerivedDataBackendGraph:  CompressedPak pak cache file ../../../../Users/22TKDF8XX6YG69F9M66D/Downloads/CastleGuardPhase2/CastleGuardReborn/DerivedDataCache/Compressed.ddp not found, will not use a pak cache.
[2017.11.02-22.49.55:440][  0]LogDerivedDataCache: Unable to find inner node CompressedPak for hierarchical cache Hierarchy.
[2017.11.02-22.49.55:459][  0]LogDerivedDataCache:Display: Pak cache opened for reading ../../../Engine/DerivedDataCache/Compressed.ddp.
[2017.11.02-22.49.55:471][  0]LogDerivedDataCache: Using Local data cache path C:/Users/22TKDF8XX6YG69F9M66D/AppData/Local/UnrealEngine/Common/DerivedDataCache: Writable
[2017.11.02-22.49.55:482][  0]LogMaterial: Verifying Global Shaders for PCD3D_SM5
[2017.11.02-22.49.55:483][  0]LogSlate: Using Freetype 2.6.0
[2017.11.02-22.49.55:483][  0]LogSlate: SlateFontCache - WITH_FREETYPE: 1, WITH_HARFBUZZ: 1
[2017.11.02-22.49.55:483][  0]LogSlate: SlateFontCache - WITH_FREETYPE: 1, WITH_HARFBUZZ: 1
[2017.11.02-22.49.55:894][  0]LogInit: Selected Device Profile: [Windows]
[2017.11.02-22.49.55:897][  0]LogContentStreaming: Texture pool size is 0.00 MB
[2017.11.02-22.49.56:130][  0]LogMeshUtilities: Using QuadricMeshReduction for automatic static mesh reduction
[2017.11.02-22.49.56:170][  0]LogSimplygon: Simplygon DLL not present - disabling.
[2017.11.02-22.49.56:212][  0]LogMeshUtilities: Using SimplygonSwarm for distributed automatic mesh merging
[2017.11.02-22.49.56:212][  0]LogMeshUtilities: No automatic skeletal mesh reduction module available
[2017.11.02-22.49.56:212][  0]LogMeshUtilities: No automatic mesh merging module available
[2017.11.02-22.49.56:756][  0]LogNetVersion: CastleGuardReborn , NetCL: 3452394, EngineNetVer: 2, GameNetVer: 0 (Checksum: 2303850599)
[2017.11.02-22.49.56:816][  0]LogAssetRegistry: FAssetRegistry took 0.0243 seconds to start up
[2017.11.02-22.49.56:860][  0]LogPackageLocalizationCache: Processed 4 localized package path(s) for 2 prioritized culture(s) in 0.024786 seconds
[2017.11.02-22.49.56:866][  0]LogUObjectArray: 34194 objects as part of root set at end of initial load.
[2017.11.02-22.49.56:866][  0]LogUObjectAllocator: 7260424 out of 0 bytes used by permanent object pool.
[2017.11.02-22.49.56:866][  0]LogUObjectArray: CloseDisregardForGC: 0/0 objects in disregard for GC pool
[2017.11.02-22.49.56:922][  0]LogInit: WinSock: version 1.1 (2.2), MaxSocks=32767, MaxUdp=65467
[2017.11.02-22.49.59:249][  0]LogTcpMessaging: Initializing TcpMessaging bridge
[2017.11.02-22.49.59:283][  0]LogUdpMessaging: Initializing bridge on interface 0.0.0.0:0 to multicast group 230.0.0.1:6666.
[2017.11.02-22.49.59:844][  0]LogMaterial: Uniform references updated for custom material expression Custom.
[2017.11.02-22.50.00:243][  0]SourceControl: Info Source control is disabled
[2017.11.02-22.50.00:290][  0]SourceControl: Info Source control is disabled
[2017.11.02-22.50.00:331][  0]SourceControl: Info Source control is disabled
[2017.11.02-22.50.00:372][  0]SourceControl: Info Source control is disabled
[2017.11.02-22.50.00:962][  0]LogAndroidPermission: UAndroidPermissionCallbackProxy::GetInstance
[2017.11.02-22.50.01:488][  0]LogEngine: Initializing Engine...
[2017.11.02-22.50.01:488][  0]LogHMD: Failed to initialize OpenVR with code 110
[2017.11.02-22.50.01:722][  0]LogStats: UGameplayTagsManager::ConstructGameplayTagTree: Construct from data asset -  0.000 s
[2017.11.02-22.50.01:722][  0]LogStats: UGameplayTagsManager::ConstructGameplayTagTree: GameplayTagTreeChangedEvent.Broadcast -  0.000 s
[2017.11.02-22.50.01:839][  0]LogAIModule: Creating AISystem for world Untitled
[2017.11.02-22.50.01:849][  0]LogInit: XAudio2 using 'Speakers (2- High Definition Audio Device)' : 2 channels at 44.1 kHz using 16 bits per sample (channel mask 0x3)
[2017.11.02-22.50.01:857][  0]LogInit: FAudioDevice initialized.
[2017.11.02-22.50.01:899][  0]LogDerivedDataCache: Saved boot cache 0.04s 90MB C:/Users/22TKDF8XX6YG69F9M66D/AppData/Local/UnrealEngine/4.16/DerivedDataCache/Boot.ddc.
[2017.11.02-22.50.01:911][  0]LogInit: Texture streaming: Enabled
[2017.11.02-22.50.02:012][  0]LogEngineSessionManager: EngineSessionManager initialized
[2017.11.02-22.50.02:205][  0]LogInit: Transaction tracking system initialized
[2017.11.02-22.50.02:485][  0]BlueprintLog: New page: Editor Load
[2017.11.02-22.50.03:333][  0]LocalizationService: Info Localization service is disabled
[2017.11.02-22.50.03:959][  0]LogConsoleResponse:Display: 
[2017.11.02-22.50.04:104][  0]LogCook:Display: Max memory allowance for cook 16384mb min free memory 0mb
[2017.11.02-22.50.04:104][  0]LogCook:Display: Mobile HDR setting 1
[2017.11.02-22.50.05:033][  0]SourceControl: Info Source control is disabled
[2017.11.02-22.50.05:033][  0]Cmd: MAP LOAD FILE="../../../../Users/22TKDF8XX6YG69F9M66D/Downloads/CastleGuardPhase2/CastleGuardReborn/Content/Vive/Maps/default.umap" TEMPLATE=0 SHOWPROGRESS=1 FEATURELEVEL=3
[2017.11.02-22.50.05:033][  0]LightingResults: New page: Lighting Build
[2017.11.02-22.50.05:072][  0]MapCheck: New page: Map Check
[2017.11.02-22.50.05:072][  0]LightingResults: New page: Lighting Build
[2017.11.02-22.50.07:483][  0]LogClass:Warning: Enum '/Game/Vive/Blueprints/Enum_GameStatus.Enum_GameStatus' was upgraded to use FText to store its display name data. Please re-save this asset to avoid issues with localization and determinstic cooking.
[2017.11.02-22.50.07:822][  0]LogAIModule: Creating AISystem for world default
[2017.11.02-22.50.07:986][  0]LogEditorServer: Finished looking for orphan Actors (0.000 secs)
[2017.11.02-22.50.08:088][  0]Cmd: MAP CHECKDEP NOCLEARLOG
[2017.11.02-22.50.08:141][  0]MapCheck: Info Map check complete: 0 Error(s), 0 Warning(s), took 52.361ms to complete.
[2017.11.02-22.50.08:141][  0]LogFileHelpers: Loading map 'default' took 3.108
[2017.11.02-22.50.08:289][  0]LogCollectionManager: Loaded 0 collections in 0.001509 seconds
[2017.11.02-22.50.08:368][  0]LogFileCache: Scanning file cache for directory 'C:/Users/22TKDF8XX6YG69F9M66D/Downloads/CastleGuardPhase2/CastleGuardReborn/Saved/Collections/' took 0.01s
[2017.11.02-22.50.08:368][  0]LogFileCache: Scanning file cache for directory 'C:/Users/22TKDF8XX6YG69F9M66D/Downloads/CastleGuardPhase2/CastleGuardReborn/Content/Developers/22TKDF8XX6YG69F9M66D/Collections/' took 0.01s
[2017.11.02-22.50.08:368][  0]LogFileCache: Scanning file cache for directory 'C:/Users/22TKDF8XX6YG69F9M66D/Downloads/CastleGuardPhase2/CastleGuardReborn/Content/Collections/' took 0.01s
[2017.11.02-22.50.08:368][  0]LogCollectionManager: Rebuilt the GUID cache for 0 collections in 0.000002 seconds
[2017.11.02-22.50.08:379][  0]LogContentBrowser: Native class hierarchy populated in 0.0102 seconds. Added 2329 classes and 491 folders.
[2017.11.02-22.50.08:438][  0]LogContentBrowser: Native class hierarchy updated for 'WidgetCarousel' in 0.0006 seconds. Added 0 classes and 0 folders.
[2017.11.02-22.50.08:480][  0]LogContentBrowser: Native class hierarchy updated for 'AddContentDialog' in 0.0008 seconds. Added 0 classes and 0 folders.
[2017.11.02-22.50.08:521][  0]LogContentBrowser: Native class hierarchy updated for 'SceneOutliner' in 0.0006 seconds. Added 1 classes and 2 folders.
[2017.11.02-22.50.08:579][  0]LogCrashTracker: Crashtracker disabled due to settings.
[2017.11.02-22.50.09:524][  0]LogSlate: Only BGRA pngs, bmps or icos are supported in by External Image Picker
[2017.11.02-22.50.09:563][  0]LogTemp: Executing iPhonePackager certificates Engine -bundlename com.YourCompany.CastleGuardReborn
[2017.11.02-22.50.09:563][  0]LogTemp: CWD: C:\4.16\Engine\Binaries\DotNET\IOS
[2017.11.02-22.50.09:563][  0]LogTemp: Initial Dir: C:\4.16
[2017.11.02-22.50.09:563][  0]LogTemp: Env CWD: C:\4.16\Engine\Binaries\DotNET\IOS
[2017.11.02-22.50.09:563][  0]LogTemp: BranchPath = WIZARD/C/4.16/Engine/Binaries --- GameBranchPath = WIZARD/C/4.16/Engine/Binaries
[2017.11.02-22.50.09:563][  0]LogTemp: IPP ERROR: Could not find provision directory 'C:\Users\22TKDF8XX6YG69F9M66D\AppData\Local/Apple Computer/MobileDevice/Provisioning Profiles/'.
[2017.11.02-22.50.09:563][  0]LogSlate: Took 0.000239 seconds to synchronously load lazily loaded font '../../../Engine/Content/Slate/Fonts/Roboto-Regular.ttf' (155K)
[2017.11.02-22.50.09:935][  0]LogUObjectGlobals:Warning: Failed to find object 'Class None.'
[2017.11.02-22.50.09:996][  0]LogContentBrowser: Native class hierarchy updated for 'HierarchicalLODOutliner' in 0.0008 seconds. Added 1 classes and 2 folders.
[2017.11.02-22.50.09:996][  0]LogLoad: (Engine Initialization) Total time: 19.78 seconds
[2017.11.02-22.50.09:996][  0]LogLoad: (Engine Initialization) Total Blueprint compile time: 0.83 seconds
[2017.11.02-22.50.09:996][  0]LogExternalProfiler: No external profilers were discovered.  External profiling features will not be available.
[2017.11.02-22.50.10:005][  0]LogOcInput: OculusInput pre-init called
[2017.11.02-22.50.10:005][  0]LogHMD: Starting GearVRController plugin
[2017.11.02-22.50.10:033][  0]LogContentStreaming: Texture pool size now 1000 MB
[2017.11.02-22.50.10:035][  0]LogSlate: Took 0.000216 seconds to synchronously load lazily loaded font '../../../Engine/Content/Slate/Fonts/Roboto-Bold.ttf' (160K)
[2017.11.02-22.50.10:039][  0]LogSlate: Took 0.000138 seconds to synchronously load lazily loaded font '../../../Engine/Content/Editor/Slate/Fonts/FontAwesome.ttf' (139K)
[2017.11.02-22.50.10:040][  0]LogSlate: Took 0.000094 seconds to synchronously load lazily loaded font '../../../Engine/Content/Editor/Slate/Fonts/DroidSansMono.ttf' (77K)
[2017.11.02-22.50.10:224][  1]LogAssetRegistry: Asset discovery search completed in 13.4282 seconds
[2017.11.02-22.50.10:227][  1]LogCollectionManager: Rebuilt the object cache for 0 collections in 0.000001 seconds (found 0 objects)
[2017.11.02-22.50.10:227][  1]LogCollectionManager: Fixed up redirectors for 0 collections in 0.000151 seconds (updated 0 objects)
[2017.11.02-22.50.10:262][  2]LogRenderer: Reallocating scene render targets to support 1216x564 NumSamples 1 (Frame:1).
[2017.11.02-22.50.11:554][  5]LogSlate: Took 0.000248 seconds to synchronously load lazily loaded font '../../../Engine/Content/Slate/Fonts/Roboto-Light.ttf' (159K)
[2017.11.02-23.15.14:949][511]LogSlate: Only BGRA pngs, bmps or icos are supported in by External Image Picker
[2017.11.02-23.15.15:006][512]LogTemp: Executing iPhonePackager certificates Engine -bundlename com.YourCompany.CastleGuardReborn
[2017.11.02-23.15.15:006][512]LogTemp: CWD: C:\4.16\Engine\Binaries\DotNET\IOS
[2017.11.02-23.15.15:006][512]LogTemp: Initial Dir: C:\4.16
[2017.11.02-23.15.15:006][512]LogTemp: Env CWD: C:\4.16\Engine\Binaries\DotNET\IOS
[2017.11.02-23.15.15:006][512]LogTemp: BranchPath = WIZARD/C/4.16/Engine/Binaries --- GameBranchPath = WIZARD/C/4.16/Engine/Binaries
[2017.11.02-23.15.15:006][512]LogTemp: IPP ERROR: Could not find provision directory 'C:\Users\22TKDF8XX6YG69F9M66D\AppData\Local/Apple Computer/MobileDevice/Provisioning Profiles/'.
[2017.11.02-23.18.07:687][154]LogSlate: Took 0.000213 seconds to synchronously load lazily loaded font '../../../Engine/Content/Slate/Fonts/Roboto-Light.ttf' (159K)
[2017.11.02-23.18.15:237][793]Cmd: MAP LOAD FILE="../../../../Users/22TKDF8XX6YG69F9M66D/Downloads/CastleGuardPhase2/CastleGuardReborn/Content/VirtualRealityBP/Maps/MainMenu_Level.umap" TEMPLATE=0 SHOWPROGRESS=1 FEATURELEVEL=3
[2017.11.02-23.18.15:249][793]LogSlate: Took 0.000149 seconds to synchronously load lazily loaded font '../../../Engine/Content/Slate/Fonts/Roboto-Light.ttf' (159K)
[2017.11.02-23.18.15:261][793]LightingResults: New page: Lighting Build
[2017.11.02-23.18.15:262][793]LoadErrors: New page: Loading map: MainMenu_Level.umap
[2017.11.02-23.18.15:277][793]MapCheck: New page: Map Check
[2017.11.02-23.18.15:277][793]LightingResults: New page: Lighting Build
[2017.11.02-23.18.15:307][793]LogLinker:Warning: Can't find file '/Game/Vive/Blueprints/UI_Blueprints/Level_Select_Button'
[2017.11.02-23.18.15:307][793]LogLinker:Warning: Can't find file for asset '/Game/Vive/Blueprints/UI_Blueprints/Level_Select_Button' while loading ../../../../Users/22TKDF8XX6YG69F9M66D/Downloads/CastleGuardPhase2/CastleGuardReborn/Content/VirtualRealityBP/Maps/MainMenu_Level.umap.
[2017.11.02-23.18.15:308][793]LoadErrors:Error: Error /Game/VirtualRealityBP/Maps/MainMenu_Level : Can't find file for asset. /Game/Vive/Blueprints/UI_Blueprints/Level_Select_Button
[2017.11.02-23.18.15:308][793]LogLinker:Warning: Can't find file '/Game/Vive/Blueprints/UI_Blueprints/LocationGenerator2'
[2017.11.02-23.18.15:308][793]LogLinker:Warning: Can't find file for asset '/Game/Vive/Blueprints/UI_Blueprints/LocationGenerator2' while loading ../../../../Users/22TKDF8XX6YG69F9M66D/Downloads/CastleGuardPhase2/CastleGuardReborn/Content/VirtualRealityBP/Maps/MainMenu_Level.umap.
[2017.11.02-23.18.15:309][793]LoadErrors:Error: Error /Game/VirtualRealityBP/Maps/MainMenu_Level : Can't find file for asset. /Game/Vive/Blueprints/UI_Blueprints/LocationGenerator2
[2017.11.02-23.18.15:311][793]LogLinker:Warning: Can't find file '/Game/Vive/Maps/UILevel/MainMenu_Level_BuiltData'
[2017.11.02-23.18.15:311][793]LogLinker:Warning: Can't find file for asset '/Game/Vive/Maps/UILevel/MainMenu_Level_BuiltData' while loading ../../../../Users/22TKDF8XX6YG69F9M66D/Downloads/CastleGuardPhase2/CastleGuardReborn/Content/VirtualRealityBP/Maps/MainMenu_Level.umap.
[2017.11.02-23.18.15:311][793]LoadErrors:Error: Error /Game/VirtualRealityBP/Maps/MainMenu_Level : Can't find file for asset. /Game/Vive/Maps/UILevel/MainMenu_Level_BuiltData
[2017.11.02-23.18.15:312][793]LogLinker:Warning: Can't find file '/Game/Vive/Blueprints/UI_Blueprints/Level_Select_Button'
[2017.11.02-23.18.15:312][793]LogLinker:Warning: Can't find file for asset '/Game/Vive/Blueprints/UI_Blueprints/Level_Select_Button' while loading ../../../../Users/22TKDF8XX6YG69F9M66D/Downloads/CastleGuardPhase2/CastleGuardReborn/Content/VirtualRealityBP/Maps/MainMenu_Level.umap.
[2017.11.02-23.18.15:313][793]LogLinker:Warning: Can't find file '/Game/Vive/Blueprints/UI_Blueprints/LocationGenerator2'
[2017.11.02-23.18.15:313][793]LogLinker:Warning: Can't find file for asset '/Game/Vive/Blueprints/UI_Blueprints/LocationGenerator2' while loading ../../../../Users/22TKDF8XX6YG69F9M66D/Downloads/CastleGuardPhase2/CastleGuardReborn/Content/VirtualRealityBP/Maps/MainMenu_Level.umap.
[2017.11.02-23.18.15:313][793]LogLinker:Warning: Can't find file '/Game/Vive/Maps/UILevel/MainMenu_Level_BuiltData'
[2017.11.02-23.18.15:313][793]LogLinker:Warning: Can't find file for asset '/Game/Vive/Maps/UILevel/MainMenu_Level_BuiltData' while loading ../../../../Users/22TKDF8XX6YG69F9M66D/Downloads/CastleGuardPhase2/CastleGuardReborn/Content/VirtualRealityBP/Maps/MainMenu_Level.umap.
[2017.11.02-23.18.15:314][793]LogLinker:Warning: Can't find file '/Game/Vive/Blueprints/UI_Blueprints/Level_Select_Button'
[2017.11.02-23.18.15:314][793]LogLinker:Warning: Can't find file for asset '/Game/Vive/Blueprints/UI_Blueprints/Level_Select_Button' while loading ../../../../Users/22TKDF8XX6YG69F9M66D/Downloads/CastleGuardPhase2/CastleGuardReborn/Content/VirtualRealityBP/Maps/MainMenu_Level.umap.
[2017.11.02-23.18.15:315][793]LogLinker:Warning: Can't find file '/Game/Vive/Blueprints/UI_Blueprints/LocationGenerator2'
[2017.11.02-23.18.15:315][793]LogLinker:Warning: Can't find file for asset '/Game/Vive/Blueprints/UI_Blueprints/LocationGenerator2' while loading ../../../../Users/22TKDF8XX6YG69F9M66D/Downloads/CastleGuardPhase2/CastleGuardReborn/Content/VirtualRealityBP/Maps/MainMenu_Level.umap.
[2017.11.02-23.18.15:315][793]LogLinker:Warning: Can't find file '/Game/Vive/Blueprints/UI_Blueprints/Level_Select_Button'
[2017.11.02-23.18.15:316][793]LogLinker:Warning: Can't find file for asset '/Game/Vive/Blueprints/UI_Blueprints/Level_Select_Button' while loading ../../../../Users/22TKDF8XX6YG69F9M66D/Downloads/CastleGuardPhase2/CastleGuardReborn/Content/VirtualRealityBP/Maps/MainMenu_Level.umap.
[2017.11.02-23.18.15:316][793]LogLinker:Warning: Can't find file '/Game/Vive/Blueprints/UI_Blueprints/Level_Select_Button'
[2017.11.02-23.18.15:316][793]LogLinker:Warning: Can't find file for asset '/Game/Vive/Blueprints/UI_Blueprints/Level_Select_Button' while loading ../../../../Users/22TKDF8XX6YG69F9M66D/Downloads/CastleGuardPhase2/CastleGuardReborn/Content/VirtualRealityBP/Maps/MainMenu_Level.umap.
[2017.11.02-23.18.15:318][793]LogLinker:Warning: Can't find file '/Game/Vive/Blueprints/UI_Blueprints/Level_Select_Button'
[2017.11.02-23.18.15:318][793]LogLinker:Warning: Can't find file for asset '/Game/Vive/Blueprints/UI_Blueprints/Level_Select_Button' while loading NULL.
[2017.11.02-23.18.15:318][793]LogLinker:Warning: Can't find file '/Game/Vive/Blueprints/UI_Blueprints/LocationGenerator2'
[2017.11.02-23.18.15:318][793]LogLinker:Warning: Can't find file for asset '/Game/Vive/Blueprints/UI_Blueprints/LocationGenerator2' while loading NULL.
[2017.11.02-23.18.15:319][793]LogLinker:Warning: Can't find file '/Game/Vive/Maps/UILevel/MainMenu_Level_BuiltData'
[2017.11.02-23.18.15:319][793]LogLinker:Warning: Can't find file for asset '/Game/Vive/Maps/UILevel/MainMenu_Level_BuiltData' while loading NULL.
[2017.11.02-23.18.15:319][793]LogLinker:Warning: Can't find file '/Game/Vive/Blueprints/UI_Blueprints/Level_Select_Button'
[2017.11.02-23.18.15:319][793]LogLinker:Warning: Can't find file for asset '/Game/Vive/Blueprints/UI_Blueprints/Level_Select_Button' while loading NULL.
[2017.11.02-23.18.15:320][793]LogLinker:Warning: Can't find file '/Game/Vive/Blueprints/UI_Blueprints/LocationGenerator2'
[2017.11.02-23.18.15:320][793]LogLinker:Warning: Can't find file for asset '/Game/Vive/Blueprints/UI_Blueprints/LocationGenerator2' while loading NULL.
[2017.11.02-23.18.15:320][793]LogLinker:Warning: Can't find file '/Game/Vive/Maps/UILevel/MainMenu_Level_BuiltData'
[2017.11.02-23.18.15:320][793]LogLinker:Warning: Can't find file for asset '/Game/Vive/Maps/UILevel/MainMenu_Level_BuiltData' while loading NULL.
[2017.11.02-23.18.15:321][793]LogLinker:Warning: Can't find file '/Game/Vive/Blueprints/UI_Blueprints/Level_Select_Button'
[2017.11.02-23.18.15:321][793]LogLinker:Warning: Can't find file for asset '/Game/Vive/Blueprints/UI_Blueprints/Level_Select_Button' while loading NULL.
[2017.11.02-23.18.15:321][793]LogLinker:Warning: Can't find file '/Game/Vive/Blueprints/UI_Blueprints/LocationGenerator2'
[2017.11.02-23.18.15:321][793]LogLinker:Warning: Can't find file for asset '/Game/Vive/Blueprints/UI_Blueprints/LocationGenerator2' while loading NULL.
[2017.11.02-23.18.15:321][793]LogLinker:Warning: Can't find file '/Game/Vive/Blueprints/UI_Blueprints/Level_Select_Button'
[2017.11.02-23.18.15:322][793]LogLinker:Warning: Can't find file for asset '/Game/Vive/Blueprints/UI_Blueprints/Level_Select_Button' while loading NULL.
[2017.11.02-23.18.15:322][793]LogLinker:Warning: Can't find file '/Game/Vive/Blueprints/UI_Blueprints/Level_Select_Button'
[2017.11.02-23.18.15:322][793]LogLinker:Warning: Can't find file for asset '/Game/Vive/Blueprints/UI_Blueprints/Level_Select_Button' while loading NULL.
[2017.11.02-23.18.15:329][793]LogLinker:Warning: Can't find file '/Game/Vive/Blueprints/UI_Blueprints/Level_Select_Button'
[2017.11.02-23.18.15:329][793]LogLinker:Warning: Can't find file for asset '/Game/Vive/Blueprints/UI_Blueprints/Level_Select_Button' while loading NULL.
[2017.11.02-23.18.15:329][793]LogLinker:Warning: Can't find file '/Game/Vive/Blueprints/UI_Blueprints/Level_Select_Button'
[2017.11.02-23.18.15:330][793]LogLinker:Warning: Can't find file for asset '/Game/Vive/Blueprints/UI_Blueprints/Level_Select_Button' while loading NULL.
[2017.11.02-23.18.15:330][793]LogLinker:Warning: Can't find file '/Game/Vive/Blueprints/UI_Blueprints/LocationGenerator2'
[2017.11.02-23.18.15:330][793]LogLinker:Warning: Can't find file for asset '/Game/Vive/Blueprints/UI_Blueprints/LocationGenerator2' while loading NULL.
[2017.11.02-23.18.15:330][793]LogLinker:Warning: Can't find file '/Game/Vive/Blueprints/UI_Blueprints/LocationGenerator2'
[2017.11.02-23.18.15:331][793]LogLinker:Warning: Can't find file for asset '/Game/Vive/Blueprints/UI_Blueprints/LocationGenerator2' while loading NULL.
[2017.11.02-23.18.15:331][793]LogLinker:Warning: Can't find file '/Game/Vive/Blueprints/UI_Blueprints/LocationGenerator2'
[2017.11.02-23.18.15:331][793]LogLinker:Warning: Can't find file for asset '/Game/Vive/Blueprints/UI_Blueprints/LocationGenerator2' while loading NULL.
[2017.11.02-23.18.15:331][793]LogLinker:Warning: Can't find file '/Game/Vive/Blueprints/UI_Blueprints/LocationGenerator2'
[2017.11.02-23.18.15:331][793]LogLinker:Warning: Can't find file for asset '/Game/Vive/Blueprints/UI_Blueprints/LocationGenerator2' while loading NULL.
[2017.11.02-23.18.15:332][793]LogLinker:Warning: Can't find file '/Game/Vive/Blueprints/UI_Blueprints/LocationGenerator2'
[2017.11.02-23.18.15:332][793]LogLinker:Warning: Can't find file for asset '/Game/Vive/Blueprints/UI_Blueprints/LocationGenerator2' while loading NULL.
[2017.11.02-23.18.15:332][793]LogLinker:Warning: Can't find file '/Game/Vive/Blueprints/UI_Blueprints/LocationGenerator2'
[2017.11.02-23.18.15:332][793]LogLinker:Warning: Can't find file for asset '/Game/Vive/Blueprints/UI_Blueprints/LocationGenerator2' while loading NULL.
[2017.11.02-23.18.15:333][793]LogLinker:Warning: Can't find file '/Game/Vive/Blueprints/UI_Blueprints/Level_Select_Button'
[2017.11.02-23.18.15:333][793]LogLinker:Warning: Can't find file for asset '/Game/Vive/Blueprints/UI_Blueprints/Level_Select_Button' while loading NULL.
[2017.11.02-23.18.15:334][793]LogLinker:Warning: Can't find file '/Game/Vive/Blueprints/UI_Blueprints/Level_Select_Button'
[2017.11.02-23.18.15:334][793]LogLinker:Warning: Can't find file for asset '/Game/Vive/Blueprints/UI_Blueprints/Level_Select_Button' while loading NULL.
[2017.11.02-23.18.15:355][793]LogLinker:Warning: Can't find file '/Game/Vive/Blueprints/UI_Blueprints/LocationGenerator2'
[2017.11.02-23.18.15:355][793]LogLinker:Warning: Can't find file for asset '/Game/Vive/Blueprints/UI_Blueprints/LocationGenerator2' while loading NULL.
[2017.11.02-23.18.15:355][793]LogLinker:Warning: Can't find file '/Game/Vive/Blueprints/UI_Blueprints/LocationGenerator2'
[2017.11.02-23.18.15:355][793]LogLinker:Warning: Can't find file for asset '/Game/Vive/Blueprints/UI_Blueprints/LocationGenerator2' while loading NULL.
[2017.11.02-23.18.15:355][793]LogLinker:Warning: Can't find file '/Game/Vive/Blueprints/UI_Blueprints/LocationGenerator2'
[2017.11.02-23.18.15:356][793]LogLinker:Warning: Can't find file for asset '/Game/Vive/Blueprints/UI_Blueprints/LocationGenerator2' while loading NULL.
[2017.11.02-23.18.15:356][793]LogLinker:Warning: Can't find file '/Game/Vive/Blueprints/UI_Blueprints/LocationGenerator2'
[2017.11.02-23.18.15:356][793]LogLinker:Warning: Can't find file for asset '/Game/Vive/Blueprints/UI_Blueprints/LocationGenerator2' while loading NULL.
[2017.11.02-23.18.15:356][793]LogLinker:Warning: Can't find file '/Game/Vive/Blueprints/UI_Blueprints/LocationGenerator2'
[2017.11.02-23.18.15:357][793]LogLinker:Warning: Can't find file for asset '/Game/Vive/Blueprints/UI_Blueprints/LocationGenerator2' while loading NULL.
[2017.11.02-23.18.15:357][793]LogLinker:Warning: Can't find file '/Game/Vive/Blueprints/UI_Blueprints/LocationGenerator2'
[2017.11.02-23.18.15:357][793]LogLinker:Warning: Can't find file for asset '/Game/Vive/Blueprints/UI_Blueprints/LocationGenerator2' while loading NULL.
[2017.11.02-23.18.15:358][793]LogLinker:Warning: Can't find file '/Game/Vive/Blueprints/UI_Blueprints/Level_Select_Button'
[2017.11.02-23.18.15:358][793]LogLinker:Warning: Can't find file for asset '/Game/Vive/Blueprints/UI_Blueprints/Level_Select_Button' while loading NULL.
[2017.11.02-23.18.15:358][793]LogLinker:Warning: Can't find file '/Game/Vive/Blueprints/UI_Blueprints/Level_Select_Button'
[2017.11.02-23.18.15:358][793]LogLinker:Warning: Can't find file for asset '/Game/Vive/Blueprints/UI_Blueprints/Level_Select_Button' while loading NULL.
[2017.11.02-23.18.15:359][793]LogLinker:Warning: Can't find file '/Game/Vive/Blueprints/UI_Blueprints/Level_Select_Button'
[2017.11.02-23.18.15:359][793]LogLinker:Warning: Can't find file for asset '/Game/Vive/Blueprints/UI_Blueprints/Level_Select_Button' while loading NULL.
[2017.11.02-23.18.15:359][793]LogLinker:Warning: Can't find file '/Game/Vive/Blueprints/UI_Blueprints/Level_Select_Button'
[2017.11.02-23.18.15:359][793]LogLinker:Warning: Can't find file for asset '/Game/Vive/Blueprints/UI_Blueprints/Level_Select_Button' while loading NULL.
[2017.11.02-23.18.15:360][793]LogLinker:Warning: Can't find file '/Game/Vive/Maps/UILevel/MainMenu_Level_BuiltData'
[2017.11.02-23.18.15:360][793]LoadErrors: Info Failed to load /Game/Vive/Maps/UILevel/MainMenu_Level_BuiltData.MainMenu_Level_BuiltData Referenced by PersistentLevel
[2017.11.02-23.18.15:361][793]LogLinker:Warning: Can't find file for asset '/Game/Vive/Maps/UILevel/MainMenu_Level_BuiltData' while loading NULL.
[2017.11.02-23.18.15:361][793]LogLinker:Warning: Can't find file '/Game/Vive/Blueprints/UI_Blueprints/LocationGenerator2'
[2017.11.02-23.18.15:361][793]LogLinker:Warning: Can't find file for asset '/Game/Vive/Blueprints/UI_Blueprints/LocationGenerator2' while loading NULL.
[2017.11.02-23.18.15:361][793]LogLinker:Warning: Can't find file '/Game/Vive/Blueprints/UI_Blueprints/LocationGenerator2'
[2017.11.02-23.18.15:361][793]LoadErrors: Info Failed to load /Game/Vive/Blueprints/UI_Blueprints/LocationGenerator2.LocationGenerator2_C Referenced by PersistentLevel
[2017.11.02-23.18.15:362][793]LogLinker:Warning: Can't find file for asset '/Game/Vive/Blueprints/UI_Blueprints/LocationGenerator2' while loading NULL.
[2017.11.02-23.18.15:362][793]LogLinker:Warning: Can't find file '/Game/Vive/Blueprints/UI_Blueprints/LocationGenerator2'
[2017.11.02-23.18.15:362][793]LogLinker:Warning: Can't find file for asset '/Game/Vive/Blueprints/UI_Blueprints/LocationGenerator2' while loading NULL.
[2017.11.02-23.18.15:362][793]LogLinker:Warning: Can't find file '/Game/Vive/Blueprints/UI_Blueprints/LocationGenerator2'
[2017.11.02-23.18.15:363][793]LogLinker:Warning: Can't find file for asset '/Game/Vive/Blueprints/UI_Blueprints/LocationGenerator2' while loading NULL.
[2017.11.02-23.18.15:363][793]LogLinker:Warning: Can't find file '/Game/Vive/Blueprints/UI_Blueprints/LocationGenerator2'
[2017.11.02-23.18.15:363][793]LogLinker:Warning: Can't find file for asset '/Game/Vive/Blueprints/UI_Blueprints/LocationGenerator2' while loading NULL.
[2017.11.02-23.18.15:363][793]LogLinker:Warning: Can't find file '/Game/Vive/Blueprints/UI_Blueprints/LocationGenerator2'
[2017.11.02-23.18.15:363][793]LogLinker:Warning: Can't find file for asset '/Game/Vive/Blueprints/UI_Blueprints/LocationGenerator2' while loading NULL.
[2017.11.02-23.18.15:364][793]LogLinker:Warning: Can't find file '/Game/Vive/Blueprints/UI_Blueprints/Level_Select_Button'
[2017.11.02-23.18.15:364][793]LogLinker:Warning: Can't find file for asset '/Game/Vive/Blueprints/UI_Blueprints/Level_Select_Button' while loading NULL.
[2017.11.02-23.18.15:364][793]LogLinker:Warning: Can't find file '/Game/Vive/Blueprints/UI_Blueprints/Level_Select_Button'
[2017.11.02-23.18.15:364][793]LoadErrors: Info Failed to load /Game/Vive/Blueprints/UI_Blueprints/Level_Select_Button.Level_Select_Button_C Referenced by PersistentLevel
[2017.11.02-23.18.15:365][793]LogLinker:Warning: Can't find file for asset '/Game/Vive/Blueprints/UI_Blueprints/Level_Select_Button' while loading NULL.
[2017.11.02-23.18.15:370][793]LogAIModule: Creating AISystem for world MainMenu_Level
[2017.11.02-23.18.15:401][793]LogEditorServer: Finished looking for orphan Actors (0.000 secs)
[2017.11.02-23.18.15:465][793]Cmd: MAP CHECKDEP NOCLEARLOG
[2017.11.02-23.18.15:526][793]MapCheck: Info Map check complete: 0 Error(s), 0 Warning(s), took 60.123ms to complete.
[2017.11.02-23.18.15:526][793]LogFileHelpers: Loading map 'MainMenu_Level' took 0.288
[2017.11.02-23.18.15:529][793]LoadErrors:Warning: Warning CreateExport: Failed to load Outer for resource 'DefaultSceneRoot': Level_Select_Button_C /Game/VirtualRealityBP/Maps/MainMenu_Level.MainMenu_Level:PersistentLevel.Level_Select_Button_245
[2017.11.02-23.18.15:530][793]LoadErrors:Warning: Warning CreateExport: Failed to load Outer for resource 'DefaultSceneRoot': LocationGenerator2_C /Game/VirtualRealityBP/Maps/MainMenu_Level.MainMenu_Level:PersistentLevel.LocationGenerator2_120
[2017.11.02-23.18.15:530][793]LoadErrors:Warning: Warning CreateExport: Failed to load Outer for resource 'DefaultSceneRoot': LocationGenerator2_C /Game/VirtualRealityBP/Maps/MainMenu_Level.MainMenu_Level:PersistentLevel.LocationGenerator3_243
[2017.11.02-23.18.15:530][793]LoadErrors:Warning: Warning CreateExport: Failed to load Outer for resource 'DefaultSceneRoot': LocationGenerator2_C /Game/VirtualRealityBP/Maps/MainMenu_Level.MainMenu_Level:PersistentLevel.LocationGenerator_100
[2017.11.02-23.18.15:531][793]LoadErrors:Warning: Warning CreateExport: Failed to load Outer for resource 'Cone': Level_Select_Button_C /Game/VirtualRealityBP/Maps/MainMenu_Level.MainMenu_Level:PersistentLevel.Level_Select_Button_245
[2017.11.02-23.18.15:531][793]LoadErrors:Warning: Warning CreateExport: Failed to load Outer for resource 'TextRender': Level_Select_Button_C /Game/VirtualRealityBP/Maps/MainMenu_Level.MainMenu_Level:PersistentLevel.Level_Select_Button_245
[2017.11.02-23.18.26:454][ 87]Cmd: EDCALLBACK SURFPROPS
[2017.11.02-23.18.31:580][687]Cmd: DELETE
[2017.11.02-23.18.31:580][687]Cmd: ACTOR DELETE
[2017.11.02-23.18.31:582][687]LogEditorActor: Deleted Actor: Brush
[2017.11.02-23.18.31:593][687]LogEditorActor: Deleted 1 Actors (0.012 secs)
[2017.11.02-23.18.33:629][924]LogEditorViewport: Clicking on Actor (LMB): BP_Sky_Sphere_C (BP_Sky_Sphere)
[2017.11.02-23.18.34:107][976]LogEditorViewport: Clicking on Component (LMB): StaticMeshComponent (Sky Sphere mesh)
[2017.11.02-23.18.37:820][413]Cmd: TRANSACTION UNDO
[2017.11.02-23.18.37:820][413]LogEditorTransaction: Undo Clicking on Components
[2017.11.02-23.18.38:523][454]Cmd: TRANSACTION UNDO
[2017.11.02-23.18.38:523][454]LogEditorTransaction: Undo Clicking on Actors
[2017.11.02-23.18.39:072][519]Cmd: TRANSACTION UNDO
[2017.11.02-23.18.39:072][519]LogEditorTransaction: Undo Delete Actors
[2017.11.02-23.19.33:797][741]Cmd: DELETE
[2017.11.02-23.19.33:798][741]Cmd: ACTOR DELETE
[2017.11.02-23.19.33:798][741]LogEditorActor: Deleted Actor: Brush
[2017.11.02-23.19.33:810][741]LogEditorActor: Deleted 1 Actors (0.012 secs)
[2017.11.02-23.19.34:837][863]LogEditorViewport: Clicking on Actor (LMB): Vive_Pawn_C (Vive_Pawn)
[2017.11.02-23.19.36:256][ 27]LogEditorViewport: Clicking on Actor (double click): BP_Sky_Sphere_C (BP_Sky_Sphere)
[2017.11.02-23.19.36:895][100]LogEditorViewport: Clicking on Actor (LMB): BP_Sky_Sphere_C (BP_Sky_Sphere)
[2017.11.02-23.19.37:383][156]LogEditorViewport: Clicking on Actor (LMB): BP_Arrow_C (BP_Arrow2)
[2017.11.02-23.19.37:399][156]LogEditorViewport: Clicking on Component (LMB): BoxComponent (Box)
[2017.11.02-23.20.02:262][ 73]LogActorFactory: Actor Factory created Cone
[2017.11.02-23.20.02:661][118]LogActorFactory: Actor Factory created Cone
[2017.11.02-23.20.04:420][323]Cmd: DELETE
[2017.11.02-23.20.04:421][323]Cmd: ACTOR DELETE
[2017.11.02-23.20.04:421][323]LogEditorActor: Deleted Actor: StaticMeshActor
[2017.11.02-23.20.04:431][323]LogEditorActor: Deleted 1 Actors (0.011 secs)
[2017.11.02-23.20.05:320][427]LogScriptCore:Warning: Script Msg: Attempted to access index 0 from array CallFunc_GetAllActorsOfClass_OutActors of length 0!
[2017.11.02-23.20.05:320][427]LogScript:Warning: Accessed None trying to read property CallFunc_Array_Get_Item
	ArcherAIArrow_C /Engine/Transient.World_8:PersistentLevel.ArcherAIArrow_C_0
	Function /Game/Vive/Blueprints/AI/ArcherAIArrow.ArcherAIArrow_C:UserConstructionScript:00C8
[2017.11.02-23.20.05:321][427]LogScript:Warning: Accessed None
	ArcherAIArrow_C /Engine/Transient.World_8:PersistentLevel.ArcherAIArrow_C_0
	Function /Game/Vive/Blueprints/AI/ArcherAIArrow.ArcherAIArrow_C:UserConstructionScript:00DD
[2017.11.02-23.20.11:050][102]Cmd: BRUSH ADD SELECTNEWBRUSH
[2017.11.02-23.20.32:338][556]Cmd: TRANSACTION UNDO
[2017.11.02-23.20.32:338][556]LogEditorTransaction: Undo Clicking on Actors
[2017.11.02-23.20.36:876][ 48]LogEditorViewport: Clicking on Actor (LMB): DirectionalLight (DirectionalLight)
[2017.11.02-23.20.36:913][ 48]LogEditorViewport: Clicking on Component (LMB): DirectionalLightComponent (LightComponent0)
[2017.11.02-23.20.38:769][252]LogEditorViewport: Clicking on Actor (LMB): BP_Sky_Sphere_C (BP_Sky_Sphere)
[2017.11.02-23.20.38:786][252]LogEditorViewport: Clicking on Component (LMB): StaticMeshComponent (Sky Sphere mesh)
[2017.11.02-23.20.40:887][474]LogSlate: Took 0.000224 seconds to synchronously load lazily loaded font '../../../Engine/Content/Editor/Slate/Fonts/Roboto-Italic.ttf' (157K)
[2017.11.02-23.20.43:828][820]LogEditorViewport: Clicking on Component (LMB): StaticMeshComponent (Sky Sphere mesh)
[2017.11.02-23.20.45:842][ 58]Cmd: CAMERA ALIGN ACTIVEVIEWPORTONLY
[2017.11.02-23.20.47:325][234]Cmd: CAMERA ALIGN ACTIVEVIEWPORTONLY
[2017.11.02-23.20.49:702][509]Cmd: TRANSACTION UNDO
[2017.11.02-23.20.49:702][509]LogEditorTransaction: Undo Move Components
[2017.11.02-23.20.51:373][680]Cmd: CAMERA ALIGN ACTIVEVIEWPORTONLY
[2017.11.02-23.23.50:091][176]LogEditorViewport: Clicking on Actor (LMB): BP_Arrow_C (BP_Arrow2)
[2017.11.02-23.23.51:196][304]Cmd: DELETE
[2017.11.02-23.23.51:196][304]Cmd: ACTOR DELETE
[2017.11.02-23.23.51:196][304]LogEditorActor: Deleted Actor: BP_Arrow_C
[2017.11.02-23.23.51:209][304]LogEditorActor: Deleted 1 Actors (0.013 secs)
[2017.11.02-23.23.52:249][428]LogEditorViewport: Clicking on Actor (LMB): BP_Arrow_C (BP_Arrow)
[2017.11.02-23.23.52:265][428]LogEditorViewport: Clicking on Component (LMB): BoxComponent (Box)
[2017.11.02-23.23.54:584][701]Cmd: TRANSACTION UNDO
[2017.11.02-23.23.54:584][701]LogEditorTransaction: Undo Clicking on Components
[2017.11.02-23.23.55:631][801]Cmd: TRANSACTION UNDO
[2017.11.02-23.23.55:631][801]LogEditorTransaction: Undo Clicking on Actors
[2017.11.02-23.23.56:039][849]Cmd: TRANSACTION UNDO
[2017.11.02-23.23.56:039][849]LogEditorTransaction: Undo Delete Actors
[2017.11.02-23.24.01:453][471]Cmd: BRUSH ADD SELECTNEWBRUSH
[2017.11.02-23.24.51:721][312]LogEditorViewport: Clicking on Actor (LMB): BP_Sky_Sphere_C (BP_Sky_Sphere)
[2017.11.02-23.24.59:492][201]Cmd: BRUSH ADD SELECTNEWBRUSH
[2017.11.02-23.25.25:152][ 54]Cmd: EDCALLBACK SURFPROPS
[2017.11.02-23.25.32:055][769]LogEditorViewport: Clicking on Actor (LMB): BP_Sky_Sphere_C (BP_Sky_Sphere)
[2017.11.02-23.25.39:076][564]LogEditorViewport: Clicking on Actor (double click): Brush (Cylinder Brush2)
[2017.11.02-23.25.41:594][812]Cmd: DELETE
[2017.11.02-23.25.41:594][812]Cmd: ACTOR DELETE
[2017.11.02-23.25.41:595][812]LogEditorActor: Deleted Actor: Brush
[2017.11.02-23.25.41:608][812]LogEditorActor: Deleted 1 Actors (0.014 secs)
[2017.11.02-23.25.42:883][964]Cmd: TRANSACTION UNDO
[2017.11.02-23.25.42:883][964]LogEditorTransaction: Undo Delete Actors
[2017.11.02-23.25.42:886][964]LogActorComponent: ~FComponentReregisterContext: (/Game/VirtualRealityBP/Maps/MainMenu_Level.MainMenu_Level:PersistentLevel.CylinderBrush2.BrushComponent0) Component already registered.
[2017.11.02-23.25.45:089][190]LogEditorViewport: Clicking on Actor (double click): Brush (Cylinder Brush2)
[2017.11.02-23.26.06:622][617]Cmd: TRANSACTION UNDO
[2017.11.02-23.26.06:622][617]LogEditorTransaction: Undo Move Actors
[2017.11.02-23.26.06:626][617]LogActorComponent: ~FComponentReregisterContext: (/Game/VirtualRealityBP/Maps/MainMenu_Level.MainMenu_Level:PersistentLevel.CylinderBrush2.BrushComponent0) Component already registered.
[2017.11.02-23.26.46:068][175]LogStaticMesh: Building static mesh ArcheryTragetStaticMesh...
[2017.11.02-23.26.46:079][175]LogMeshUtilities: Invalid vertex normals found for mesh. Forcing recomputation of vertex normals for MikkTSpace. Fix mesh or disable "Use MikkTSpace Tangent Space" to avoid forced recomputation of normals.
[2017.11.02-23.26.46:163][175]LogStaticMesh: Built static mesh [0.10s] /Game/StaticMeshes/ArcheryTragetStaticMesh.ArcheryTragetStaticMesh
[2017.11.02-23.26.46:168][175]LogActorFactory: Actor Factory created ArcheryTragetStaticMesh
[2017.11.02-23.26.46:222][175]EditorErrors: New page: Actor Reattachment
[2017.11.02-23.26.47:933][361]LogEditorViewport: Clicking on Actor (LMB): StaticMeshActor (ArcheryTragetStaticMesh)
[2017.11.02-23.26.48:473][419]Cmd: EDCALLBACK SURFPROPS
[2017.11.02-23.26.48:958][475]LogEditorViewport: Clicking on Actor (LMB): StaticMeshActor (ArcheryTragetStaticMesh)
[2017.11.02-23.26.57:143][341]LogTexture:Display: Building textures: Bow_NM (BC5, 2048X2048)
[2017.11.02-23.26.57:824][341]LogTexture:Display: Building textures: Bow_DIFF (AutoDXT, 2048X2048)
[2017.11.02-23.26.59:726][341]LogMaterial: Missing cached shader map for material Bow_MAT, compiling. 
[2017.11.02-23.27.00:996][438]LogEditorViewport: Clicking on Actor (LMB): StaticMeshActor (ArcheryTragetStaticMesh)
[2017.11.02-23.27.01:050][438]LogEditorViewport: Clicking on Component (LMB): StaticMeshComponent (StaticMeshComponent0)
[2017.11.02-23.27.13:839][675]LogSavePackage: Save=148.92ms
[2017.11.02-23.27.13:839][675]LogSavePackage: Moving '../../../../Users/22TKDF8XX6YG69F9M66D/Downloads/CastleGuardPhase2/CastleGuardReborn/Saved/MainMenu_Level807109AE49D70A6A8DAE60A93D72CD8F.tmp' to '../../../../Users/22TKDF8XX6YG69F9M66D/Downloads/CastleGuardPhase2/CastleGuardReborn/Content/VirtualRealityBP/Maps/MainMenu_Level.umap'
[2017.11.02-23.27.13:842][675]LogSavePackage:Display: Finished SavePackage ../../../../Users/22TKDF8XX6YG69F9M66D/Downloads/CastleGuardPhase2/CastleGuardReborn/Content/VirtualRealityBP/Maps/MainMenu_Level.umap
[2017.11.02-23.27.13:895][675]LogFileHelpers: Saving map 'MainMenu_Level' took 0.273
[2017.11.02-23.27.13:928][675]LogSavePackage: Save=11.54ms
[2017.11.02-23.27.13:928][675]LogSavePackage: Moving '../../../../Users/22TKDF8XX6YG69F9M66D/Downloads/CastleGuardPhase2/CastleGuardReborn/Saved/ArcheryTragetStaticMesh6D0CF907425929E0032096B645850BB2.tmp' to '../../../../Users/22TKDF8XX6YG69F9M66D/Downloads/CastleGuardPhase2/CastleGuardReborn/Content/StaticMeshes/ArcheryTragetStaticMesh.uasset'
[2017.11.02-23.27.13:930][675]LogSavePackage:Display: Finished SavePackage ../../../../Users/22TKDF8XX6YG69F9M66D/Downloads/CastleGuardPhase2/CastleGuardReborn/Content/StaticMeshes/ArcheryTragetStaticMesh.uasset
[2017.11.02-23.27.25:419][ 29]Cmd: EDCALLBACK SURFPROPS
[2017.11.02-23.27.26:082][106]LogEditorViewport: Clicking on Actor (LMB): StaticMeshActor (ArcheryTragetStaticMesh)
[2017.11.02-23.27.26:115][106]LogEditorViewport: Clicking on Component (LMB): StaticMeshComponent (StaticMeshComponent0)
[2017.11.02-23.29.16:342][340]LogContentBrowser: Native class hierarchy updated for 'BlueprintGraph' in 0.0010 seconds. Added 112 classes and 0 folders.
[2017.11.02-23.29.21:306][524]LogRenderer: Reallocating scene render targets to support 1216x680 NumSamples 1 (Frame:178).
[2017.11.02-23.29.21:366][526]LogRenderer: Reallocating scene render targets to support 1216x684 NumSamples 1 (Frame:180).
[2017.11.02-23.29.25:767][887]LogSlate: Took 0.000221 seconds to synchronously load lazily loaded font '../../../Engine/Content/Editor/Slate/Fonts/Roboto-BoldCondensed.ttf' (158K)
[2017.11.02-23.30.25:102][750]BlueprintLog: New page: Compile LoadFirstLevel
[2017.11.02-23.30.25:979][790]LogSavePackage: Save=28.67ms
[2017.11.02-23.30.25:979][790]LogSavePackage: Moving '../../../../Users/22TKDF8XX6YG69F9M66D/Downloads/CastleGuardPhase2/CastleGuardReborn/Saved/LoadFirstLevel426E715D4C41D94800A149900BBDDC3D.tmp' to '../../../../Users/22TKDF8XX6YG69F9M66D/Downloads/CastleGuardPhase2/CastleGuardReborn/Content/Vive/Blueprints/StaticMeshUI/LoadFirstLevel.uasset'
[2017.11.02-23.30.25:980][790]LogSavePackage:Display: Finished SavePackage ../../../../Users/22TKDF8XX6YG69F9M66D/Downloads/CastleGuardPhase2/CastleGuardReborn/Content/Vive/Blueprints/StaticMeshUI/LoadFirstLevel.uasset
[2017.11.02-23.31.11:155][914]LogSavePackage: Save=153.24ms
[2017.11.02-23.31.11:155][914]LogSavePackage: Moving '../../../../Users/22TKDF8XX6YG69F9M66D/Downloads/CastleGuardPhase2/CastleGuardReborn/Saved/MainMenu_LevelF3F7D5C94AEA4D561C4D58BC431EA5D2.tmp' to '../../../../Users/22TKDF8XX6YG69F9M66D/Downloads/CastleGuardPhase2/CastleGuardReborn/Content/VirtualRealityBP/Maps/MainMenu_Level.umap'
[2017.11.02-23.31.11:157][914]LogSavePackage:Display: Finished SavePackage ../../../../Users/22TKDF8XX6YG69F9M66D/Downloads/CastleGuardPhase2/CastleGuardReborn/Content/VirtualRealityBP/Maps/MainMenu_Level.umap
[2017.11.02-23.31.11:210][914]LogFileHelpers: Saving map 'MainMenu_Level' took 0.284
[2017.11.02-23.31.11:245][914]LogSavePackage: Save=23.84ms
[2017.11.02-23.31.11:245][914]LogSavePackage: Moving '../../../../Users/22TKDF8XX6YG69F9M66D/Downloads/CastleGuardPhase2/CastleGuardReborn/Saved/QuitGameCA0D81E243ACEE3BB30E85B90BD7F564.tmp' to '../../../../Users/22TKDF8XX6YG69F9M66D/Downloads/CastleGuardPhase2/CastleGuardReborn/Content/Vive/Blueprints/StaticMeshUI/QuitGame.uasset'
[2017.11.02-23.31.11:247][914]LogSavePackage:Display: Finished SavePackage ../../../../Users/22TKDF8XX6YG69F9M66D/Downloads/CastleGuardPhase2/CastleGuardReborn/Content/Vive/Blueprints/StaticMeshUI/QuitGame.uasset
[2017.11.02-23.35.50:200][138]BlueprintLog: New page: Compile QuitGame
[2017.11.02-23.35.50:855][192]LogSavePackage: Save=20.26ms
[2017.11.02-23.35.50:855][192]LogSavePackage: Moving '../../../../Users/22TKDF8XX6YG69F9M66D/Downloads/CastleGuardPhase2/CastleGuardReborn/Saved/QuitGame9406B37E47589860ABEC408EF3AEB04F.tmp' to '../../../../Users/22TKDF8XX6YG69F9M66D/Downloads/CastleGuardPhase2/CastleGuardReborn/Content/Vive/Blueprints/StaticMeshUI/QuitGame.uasset'
[2017.11.02-23.35.50:856][192]LogSavePackage:Display: Finished SavePackage ../../../../Users/22TKDF8XX6YG69F9M66D/Downloads/CastleGuardPhase2/CastleGuardReborn/Content/Vive/Blueprints/StaticMeshUI/QuitGame.uasset
[2017.11.02-23.36.44:660][328]LogEditorViewport: Clicking on Actor (LMB): LoadFirstLevel_C (LoadFirstLevel)
[2017.11.02-23.36.44:690][328]LogEditorViewport: Clicking on Component (LMB): StaticMeshComponent (StaticMeshComponent0)
[2017.11.02-23.37.22:858][770]LogEditorViewport: Clicking on Actor (LMB): TextRenderActor (TextRenderActor)
[2017.11.02-23.37.22:883][770]LogEditorViewport: Clicking on Component (LMB): TextRenderComponent (NewTextRenderComponent)
[2017.11.02-23.37.45:848][472]LogEditorViewport: Clicking on Actor (LMB): QuitGame_C (QuitGame)
[2017.11.02-23.37.47:733][658]LogEditorViewport: Clicking on Actor (LMB): TextRenderActor (TextRenderActor)
[2017.11.02-23.37.48:612][758]Cmd: EDIT COPY
[2017.11.02-23.37.48:751][772]Cmd: EDIT PASTE
[2017.11.02-23.37.59:322][  5]Cmd: POLY SELECT REVERSE
[2017.11.02-23.38.09:974][240]LogEditorViewport: Clicking on Actor (LMB): QuitGame_C (QuitGame)
[2017.11.02-23.38.10:354][279]LogEditorViewport: Clicking on Actor (LMB): TextRenderActor (TextRenderActor2)
[2017.11.02-23.38.10:375][279]LogEditorViewport: Clicking on Component (LMB): TextRenderComponent (NewTextRenderComponent)
[2017.11.02-23.38.14:728][752]LogSavePackage: Save=162.61ms
[2017.11.02-23.38.14:728][752]LogSavePackage: Moving '../../../../Users/22TKDF8XX6YG69F9M66D/Downloads/CastleGuardPhase2/CastleGuardReborn/Saved/MainMenu_LevelE09084FB45CB52A2997EBFA1F608313E.tmp' to '../../../../Users/22TKDF8XX6YG69F9M66D/Downloads/CastleGuardPhase2/CastleGuardReborn/Content/VirtualRealityBP/Maps/MainMenu_Level.umap'
[2017.11.02-23.38.14:731][752]LogSavePackage:Display: Finished SavePackage ../../../../Users/22TKDF8XX6YG69F9M66D/Downloads/CastleGuardPhase2/CastleGuardReborn/Content/VirtualRealityBP/Maps/MainMenu_Level.umap
[2017.11.02-23.38.14:783][752]LogFileHelpers: Saving map 'MainMenu_Level' took 0.296
[2017.11.02-23.38.20:397][401]LogEditorViewport: Clicking on Actor (LMB): QuitGame_C (QuitGame)
[2017.11.02-23.38.25:265][975]LogEditorViewport: Clicking on Actor (LMB): LoadFirstLevel_C (LoadFirstLevel)
[2017.11.02-23.38.41:263][780]LogMetaData: Removing '/Game/Vive/Blueprints/StaticMeshUI/LoadSecondLevel.LoadSecondLevel:UserConstructionScript.K2Node_FunctionEntry_0' ref from Metadata '/Game/Vive/Blueprints/StaticMeshUI/LoadFirstLevel.PackageMetaData'
[2017.11.02-23.38.41:264][780]LogMetaData: Removing '/Game/Vive/Blueprints/StaticMeshUI/LoadSecondLevel.SKEL_LoadSecondLevel_C' ref from Metadata '/Game/Vive/Blueprints/StaticMeshUI/LoadFirstLevel.PackageMetaData'
[2017.11.02-23.38.41:264][780]LogMetaData: Removing '/Game/Vive/Blueprints/StaticMeshUI/LoadSecondLevel.LoadSecondLevel_C' ref from Metadata '/Game/Vive/Blueprints/StaticMeshUI/LoadFirstLevel.PackageMetaData'
[2017.11.02-23.38.41:264][780]LogMetaData: Removing '/Game/Vive/Blueprints/StaticMeshUI/LoadSecondLevel.LoadSecondLevel:EventGraph.K2Node_Event_0' ref from Metadata '/Game/Vive/Blueprints/StaticMeshUI/LoadFirstLevel.PackageMetaData'
[2017.11.02-23.38.41:264][780]LogMetaData: Removing '/Game/Vive/Blueprints/StaticMeshUI/LoadSecondLevel.LoadSecondLevel:EventGraph.K2Node_Event_1' ref from Metadata '/Game/Vive/Blueprints/StaticMeshUI/LoadFirstLevel.PackageMetaData'
[2017.11.02-23.38.41:265][780]LogMetaData: Removing '/Game/Vive/Blueprints/StaticMeshUI/LoadSecondLevel.LoadSecondLevel:EventGraph.K2Node_Event_2' ref from Metadata '/Game/Vive/Blueprints/StaticMeshUI/LoadFirstLevel.PackageMetaData'
[2017.11.02-23.38.41:363][780]LogSavePackage: Save=28.72ms
[2017.11.02-23.38.41:363][780]LogSavePackage: Moving '../../../../Users/22TKDF8XX6YG69F9M66D/Downloads/CastleGuardPhase2/CastleGuardReborn/Saved/LoadSecondLevel4153061E426D32ED84D10AAA8CD150FA.tmp' to '../../../../Users/22TKDF8XX6YG69F9M66D/Downloads/CastleGuardPhase2/CastleGuardReborn/Content/Vive/Blueprints/StaticMeshUI/LoadSecondLevel.uasset'
[2017.11.02-23.38.41:364][780]LogSavePackage:Display: Finished SavePackage ../../../../Users/22TKDF8XX6YG69F9M66D/Downloads/CastleGuardPhase2/CastleGuardReborn/Content/Vive/Blueprints/StaticMeshUI/LoadSecondLevel.uasset
[2017.11.02-23.38.41:371][780]LogSavePackage: Save=0.82ms
[2017.11.02-23.38.41:371][780]LogSavePackage: Moving '../../../../Users/22TKDF8XX6YG69F9M66D/Downloads/CastleGuardPhase2/CastleGuardReborn/Saved/LoadFirstLevel0110C4FF4632FCA73CFBF48132A27F75.tmp' to '../../../../Users/22TKDF8XX6YG69F9M66D/Downloads/CastleGuardPhase2/CastleGuardReborn/Content/Vive/Blueprints/StaticMeshUI/LoadFirstLevel.uasset'
[2017.11.02-23.38.41:373][780]LogSavePackage:Display: Finished SavePackage ../../../../Users/22TKDF8XX6YG69F9M66D/Downloads/CastleGuardPhase2/CastleGuardReborn/Content/Vive/Blueprints/StaticMeshUI/LoadFirstLevel.uasset
[2017.11.02-23.38.58:904][636]Cmd: TRANSACTION UNDO
[2017.11.02-23.38.58:905][636]LogEditorTransaction: Undo Clicking on Actors
[2017.11.02-23.38.59:355][668]Cmd: TRANSACTION UNDO
[2017.11.02-23.38.59:355][668]LogEditorTransaction: Undo Clicking on Actors
[2017.11.02-23.39.12:356][198]Cmd: TRANSACTION REDO
[2017.11.02-23.39.12:356][198]LogEditorTransaction: Redo Clicking on Actors
[2017.11.02-23.39.12:503][208]Cmd: TRANSACTION REDO
[2017.11.02-23.39.12:503][208]LogEditorTransaction: Redo Clicking on Actors
[2017.11.02-23.39.29:135][516]LogActorComponent: UnregisterComponent: (/Engine/Transient.EditorFloorComp) Not registered. Aborting.
[2017.11.02-23.39.30:894][516]LogObjectTools:Warning: ForceReplaceReferences replaced references for a transient object 'DEADCLASS_LoadSecondLevel_C_1' or package '/Engine/Transient'.
[2017.11.02-23.39.30:894][516]LogObjectTools:Warning: ForceReplaceReferences replaced references for a transient object 'DefaultSceneRoot_GEN_VARIABLE' or package '/Engine/Transient'.
[2017.11.02-23.39.30:895][516]LogObjectTools:Warning: ForceReplaceReferences replaced references for a transient object 'SimpleConstructionScript_0' or package '/Engine/Transient'.
[2017.11.02-23.39.30:895][516]LogObjectTools:Warning: ForceReplaceReferences replaced references for a transient object 'DEADCLASS_LoadSecondLevel_C_0' or package '/Engine/Transient'.
[2017.11.02-23.39.30:895][516]LogObjectTools:Warning: ForceReplaceReferences replaced references for a transient object 'UberGraphFrame' or package '/Engine/Transient'.
[2017.11.02-23.39.30:895][516]LogObjectTools:Warning: ForceReplaceReferences replaced references for a transient object 'UserConstructionScript' or package '/Engine/Transient'.
[2017.11.02-23.39.30:896][516]LogObjectTools:Warning: ForceReplaceReferences replaced references for a transient object 'ReceiveHit' or package '/Engine/Transient'.
[2017.11.02-23.39.30:896][516]LogObjectTools:Warning: ForceReplaceReferences replaced references for a transient object 'ExecuteUbergraph_LoadSecondLevel' or package '/Engine/Transient'.
[2017.11.02-23.39.30:896][516]LogObjectTools:Warning: ForceReplaceReferences replaced references for a transient object 'ReceiveHit' or package '/Game/Vive/Blueprints/StaticMeshUI/LoadSecondLevel'.
[2017.11.02-23.39.30:896][516]LogObjectTools:Warning: ForceReplaceReferences replaced references for a transient object 'REINST_SKEL_LoadSecondLevel_C_198' or package '/Engine/Transient'.
[2017.11.02-23.39.30:897][516]LogObjectTools:Warning: ForceReplaceReferences replaced references for a transient object 'REINST_SKEL_LoadSecondLevel_C_218' or package '/Engine/Transient'.
[2017.11.02-23.39.30:897][516]LogObjectTools:Warning: ForceReplaceReferences replaced references for a transient object 'REINST_LoadSecondLevel_C_217' or package '/Engine/Transient'.
[2017.11.02-23.39.59:596][ 56]LogMetaData: Removing '/Game/Vive/Blueprints/StaticMeshUI/LoadSecondLevel.SKEL_LoadSecondLevel_C' ref from Metadata '/Game/Vive/Blueprints/StaticMeshUI/LoadSecondLevel1.PackageMetaData'
[2017.11.02-23.39.59:597][ 56]LogMetaData: Removing '/Game/Vive/Blueprints/StaticMeshUI/LoadSecondLevel.LoadSecondLevel_C' ref from Metadata '/Game/Vive/Blueprints/StaticMeshUI/LoadSecondLevel1.PackageMetaData'
[2017.11.02-23.39.59:653][ 56]LogSavePackage: Save=20.87ms
[2017.11.02-23.39.59:653][ 56]LogSavePackage: Moving '../../../../Users/22TKDF8XX6YG69F9M66D/Downloads/CastleGuardPhase2/CastleGuardReborn/Saved/LoadSecondLevel99F638C24CB4F5935CC3F6BFA588E349.tmp' to '../../../../Users/22TKDF8XX6YG69F9M66D/Downloads/CastleGuardPhase2/CastleGuardReborn/Content/Vive/Blueprints/StaticMeshUI/LoadSecondLevel.uasset'
[2017.11.02-23.39.59:655][ 56]LogSavePackage:Display: Finished SavePackage ../../../../Users/22TKDF8XX6YG69F9M66D/Downloads/CastleGuardPhase2/CastleGuardReborn/Content/Vive/Blueprints/StaticMeshUI/LoadSecondLevel.uasset
[2017.11.02-23.40.20:607][168]LogSavePackage: Save=154.73ms
[2017.11.02-23.40.20:607][168]LogSavePackage: Moving '../../../../Users/22TKDF8XX6YG69F9M66D/Downloads/CastleGuardPhase2/CastleGuardReborn/Saved/MainMenu_Level6F8FD14D4EDC580B3C1B93B2AA15B340.tmp' to '../../../../Users/22TKDF8XX6YG69F9M66D/Downloads/CastleGuardPhase2/CastleGuardReborn/Content/VirtualRealityBP/Maps/MainMenu_Level.umap'
[2017.11.02-23.40.20:610][168]LogSavePackage:Display: Finished SavePackage ../../../../Users/22TKDF8XX6YG69F9M66D/Downloads/CastleGuardPhase2/CastleGuardReborn/Content/VirtualRealityBP/Maps/MainMenu_Level.umap
[2017.11.02-23.40.20:662][168]LogFileHelpers: Saving map 'MainMenu_Level' took 0.298
[2017.11.02-23.40.20:665][168]LogSavePackage: Save=0.78ms
[2017.11.02-23.40.20:665][168]LogSavePackage: Moving '../../../../Users/22TKDF8XX6YG69F9M66D/Downloads/CastleGuardPhase2/CastleGuardReborn/Saved/LoadFirstLevel68431C914811F3C7F81FA8BF3FC6C407.tmp' to '../../../../Users/22TKDF8XX6YG69F9M66D/Downloads/CastleGuardPhase2/CastleGuardReborn/Content/Vive/Blueprints/StaticMeshUI/LoadFirstLevel.uasset'
[2017.11.02-23.40.20:666][168]LogSavePackage:Display: Finished SavePackage ../../../../Users/22TKDF8XX6YG69F9M66D/Downloads/CastleGuardPhase2/CastleGuardReborn/Content/Vive/Blueprints/StaticMeshUI/LoadFirstLevel.uasset
[2017.11.02-23.40.47:248][360]LogEditorViewport: Clicking on Actor (LMB): QuitGame_C (QuitGame)
[2017.11.02-23.41.24:461][703]LogSavePackage: Save=21.99ms
[2017.11.02-23.41.24:461][703]LogSavePackage: Moving '../../../../Users/22TKDF8XX6YG69F9M66D/Downloads/CastleGuardPhase2/CastleGuardReborn/Saved/LoadSecondLevel18B7A16E7438EE64F4933A59638F2F02F.tmp' to '../../../../Users/22TKDF8XX6YG69F9M66D/Downloads/CastleGuardPhase2/CastleGuardReborn/Content/Vive/Blueprints/StaticMeshUI/LoadSecondLevel1.uasset'
[2017.11.02-23.41.24:462][703]LogSavePackage:Display: Finished SavePackage ../../../../Users/22TKDF8XX6YG69F9M66D/Downloads/CastleGuardPhase2/CastleGuardReborn/Content/Vive/Blueprints/StaticMeshUI/LoadSecondLevel1.uasset
[2017.11.02-23.41.49:262][558]Cmd: QUIT_EDITOR
[2017.11.02-23.41.49:319][558]LogExit: Preparing to exit.
[2017.11.02-23.41.49:655][558]LogExit: Editor shut down
[2017.11.02-23.41.49:661][558]LogExit: Transaction tracking system shut down
[2017.11.02-23.41.49:824][558]LogObj: Freed 0b from 0 cluster array pools.
[2017.11.02-23.41.49:824][558]LogExit: Object subsystem successfully closed.
[2017.11.02-23.41.49:846][558]LogD3D11RHI: Shutdown
[2017.11.02-23.41.49:846][558]LogD3D11RHI: CleanupD3DDevice
[2017.11.02-23.41.49:888][558]LogD3D11RHI: ~FD3D11DynamicRHI
[2017.11.02-23.41.49:901][558]LogModuleManager: Shutting down and abandoning module BlueprintGraph (532)
[2017.11.02-23.41.49:901][558]LogModuleManager: Shutting down and abandoning module BlueprintProfiler (530)
[2017.11.02-23.41.49:901][558]LogModuleManager: Shutting down and abandoning module HierarchicalLODUtilities (528)
[2017.11.02-23.41.49:901][558]LogModuleManager: Shutting down and abandoning module HierarchicalLODOutliner (526)
[2017.11.02-23.41.49:901][558]LogModuleManager: Shutting down and abandoning module ExternalImagePicker (524)
[2017.11.02-23.41.49:901][558]LogModuleManager: Shutting down and abandoning module CrashTracker (522)
[2017.11.02-23.41.49:901][558]LogModuleManager: Shutting down and abandoning module SceneOutliner (520)
[2017.11.02-23.41.49:901][558]LogModuleManager: Shutting down and abandoning module AddContentDialog (518)
[2017.11.02-23.41.49:901][558]LogDirectoryWatcher: A directory notification for 'C:/4.16/FeaturePacks/' was aborted.
[2017.11.02-23.41.49:902][558]LogModuleManager: Shutting down and abandoning module WidgetCarousel (517)
[2017.11.02-23.41.49:902][558]LogModuleManager: Shutting down and abandoning module EditorWidgets (514)
[2017.11.02-23.41.49:902][558]LogModuleManager: Shutting down and abandoning module CollectionManager (512)
[2017.11.02-23.41.49:902][558]LogDirectoryWatcher: A directory notification for 'C:/Users/22TKDF8XX6YG69F9M66D/Downloads/CastleGuardPhase2/CastleGuardReborn/Content/Collections/' was aborted.
[2017.11.02-23.41.49:902][558]LogDirectoryWatcher: A directory notification for 'C:/Users/22TKDF8XX6YG69F9M66D/Downloads/CastleGuardPhase2/CastleGuardReborn/Content/Developers/22TKDF8XX6YG69F9M66D/Collections/' was aborted.
[2017.11.02-23.41.49:902][558]LogDirectoryWatcher: A directory notification for 'C:/Users/22TKDF8XX6YG69F9M66D/Downloads/CastleGuardPhase2/CastleGuardReborn/Saved/Collections/' was aborted.
[2017.11.02-23.41.49:902][558]LogModuleManager: Shutting down and abandoning module StatsViewer (510)
[2017.11.02-23.41.49:902][558]LogModuleManager: Shutting down and abandoning module FoliageEdit (508)
[2017.11.02-23.41.49:902][558]LogModuleManager: Shutting down and abandoning module LandscapeEditor (506)
[2017.11.02-23.41.49:902][558]LogModuleManager: Shutting down and abandoning module MeshPaintMode (504)
[2017.11.02-23.41.49:902][558]LogModuleManager: Shutting down and abandoning module SceneDepthPickerMode (502)
[2017.11.02-23.41.49:902][558]LogModuleManager: Shutting down and abandoning module ActorPickerMode (500)
[2017.11.02-23.41.49:902][558]LogModuleManager: Shutting down and abandoning module GeometryMode (498)
[2017.11.02-23.41.49:902][558]LogModuleManager: Shutting down and abandoning module TextureAlignMode (496)
[2017.11.02-23.41.49:902][558]LogModuleManager: Shutting down and abandoning module BspMode (494)
[2017.11.02-23.41.49:902][558]LogModuleManager: Shutting down and abandoning module HardwareSurvey (492)
[2017.11.02-23.41.49:902][558]LogModuleManager: Shutting down and abandoning module SequenceRecorderSections (490)
[2017.11.02-23.41.49:902][558]LogModuleManager: Shutting down and abandoning module AutomationWorker (488)
[2017.11.02-23.41.49:903][558]LogModuleManager: Shutting down and abandoning module MatineeToLevelSequence (486)
[2017.11.02-23.41.49:903][558]LogModuleManager: Shutting down and abandoning module LevelSequenceEditor (484)
[2017.11.02-23.41.49:903][558]LogModuleManager: Shutting down and abandoning module PlacementMode (483)
[2017.11.02-23.41.49:903][558]LogModuleManager: Shutting down and abandoning module WmfMediaFactory (480)
[2017.11.02-23.41.49:903][558]LogModuleManager: Shutting down and abandoning module WmfMediaEditor (478)
[2017.11.02-23.41.49:903][558]LogModuleManager: Shutting down and abandoning module AvfMediaFactory (476)
[2017.11.02-23.41.49:903][558]LogModuleManager: Shutting down and abandoning module AvfMediaEditor (474)
[2017.11.02-23.41.49:903][558]LogModuleManager: Shutting down and abandoning module AndroidMediaFactory (472)
[2017.11.02-23.41.49:903][558]LogModuleManager: Shutting down and abandoning module Media (471)
[2017.11.02-23.41.49:903][558]LogModuleManager: Shutting down and abandoning module AndroidMediaEditor (468)
[2017.11.02-23.41.49:903][558]LogModuleManager: Shutting down and abandoning module CharacterAI (466)
[2017.11.02-23.41.49:903][558]LogModuleManager: Shutting down and abandoning module AudioCapture (464)
[2017.11.02-23.41.49:903][558]LogModuleManager: Shutting down and abandoning module SequenceRecorder (463)
[2017.11.02-23.41.49:903][558]LogModuleManager: Shutting down and abandoning module SmartSnapping (460)
[2017.11.02-23.41.49:903][558]LogModuleManager: Shutting down and abandoning module SessionServices (458)
[2017.11.02-23.41.49:903][558]LogModuleManager: Shutting down and abandoning module ViewportSnapping (456)
[2017.11.02-23.41.49:903][558]LogModuleManager: Shutting down and abandoning module ViewportInteraction (454)
[2017.11.02-23.41.49:903][558]LogModuleManager: Shutting down and abandoning module ClothPainter (452)
[2017.11.02-23.41.49:903][558]LogModuleManager: Shutting down and abandoning module LogVisualizer (450)
[2017.11.02-23.41.49:903][558]LogModuleManager: Shutting down and abandoning module IntroTutorials (448)
[2017.11.02-23.41.49:903][558]LogModuleManager: Shutting down and abandoning module GameProjectGeneration (447)
[2017.11.02-23.41.49:903][558]LogModuleManager: Shutting down and abandoning module EditorLiveStreaming (444)
[2017.11.02-23.41.49:903][558]LogModuleManager: Shutting down and abandoning module IOSPlatformEditor (442)
[2017.11.02-23.41.49:903][558]LogModuleManager: Shutting down and abandoning module HTML5PlatformEditor (440)
[2017.11.02-23.41.49:903][558]LogModuleManager: Shutting down and abandoning module AndroidPlatformEditor (438)
[2017.11.02-23.41.49:903][558]LogModuleManager: Shutting down and abandoning module AndroidDeviceDetection (437)
[2017.11.02-23.41.50:809][558]LogModuleManager: Shutting down and abandoning module IOSRuntimeSettings (434)
[2017.11.02-23.41.50:809][558]LogModuleManager: Shutting down and abandoning module AndroidRuntimeSettings (432)
[2017.11.02-23.41.50:809][558]LogModuleManager: Shutting down and abandoning module InputBindingEditor (430)
[2017.11.02-23.41.50:809][558]LogModuleManager: Shutting down and abandoning module MergeActors (428)
[2017.11.02-23.41.50:809][558]LogModuleManager: Shutting down and abandoning module SizeMap (426)
[2017.11.02-23.41.50:809][558]LogModuleManager: Shutting down and abandoning module TreeMap (424)
[2017.11.02-23.41.50:809][558]LogModuleManager: Shutting down and abandoning module ReferenceViewer (422)
[2017.11.02-23.41.50:810][558]LogModuleManager: Shutting down and abandoning module LocalizationDashboard (420)
[2017.11.02-23.41.50:810][558]LogModuleManager: Shutting down and abandoning module LocalizationService (419)
[2017.11.02-23.41.50:810][558]LogModuleManager: Shutting down and abandoning module HardwareTargeting (416)
[2017.11.02-23.41.50:810][558]LogModuleManager: Shutting down and abandoning module DeviceProfileEditor (414)
[2017.11.02-23.41.50:810][558]LogModuleManager: Shutting down and abandoning module UndoHistory (412)
[2017.11.02-23.41.50:810][558]LogModuleManager: Shutting down and abandoning module UserFeedback (410)
[2017.11.02-23.41.50:810][558]LogModuleManager: Shutting down and abandoning module XmlParser (408)
[2017.11.02-23.41.50:810][558]LogModuleManager: Shutting down and abandoning module Blutility (406)
[2017.11.02-23.41.50:810][558]LogModuleManager: Shutting down and abandoning module ProjectSettingsViewer (404)
[2017.11.02-23.41.50:810][558]LogModuleManager: Shutting down and abandoning module ProjectTargetPlatformEditor (403)
[2017.11.02-23.41.50:810][558]LogModuleManager: Shutting down and abandoning module EditorSettingsViewer (400)
[2017.11.02-23.41.50:810][558]LogModuleManager: Shutting down and abandoning module SettingsEditor (398)
[2017.11.02-23.41.50:810][558]LogModuleManager: Shutting down and abandoning module ProjectLauncher (396)
[2017.11.02-23.41.50:810][558]LogModuleManager: Shutting down and abandoning module SessionFrontend (394)
[2017.11.02-23.41.50:810][558]LogModuleManager: Shutting down and abandoning module ProfilerClient (392)
[2017.11.02-23.41.50:810][558]LogModuleManager: Shutting down and abandoning module DeviceManager (390)
[2017.11.02-23.41.50:810][558]LogModuleManager: Shutting down and abandoning module TargetDeviceServices (389)
[2017.11.02-23.41.50:860][558]LogModuleManager: Shutting down and abandoning module AutomationController (386)
[2017.11.02-23.41.50:860][558]LogModuleManager: Shutting down and abandoning module AutomationWindow (384)
[2017.11.02-23.41.50:860][558]LogModuleManager: Shutting down and abandoning module Layers (382)
[2017.11.02-23.41.50:860][558]LogModuleManager: Shutting down and abandoning module ComponentVisualizers (380)
[2017.11.02-23.41.50:860][558]LogModuleManager: Shutting down and abandoning module DetailCustomizations (378)
[2017.11.02-23.41.50:860][558]LogModuleManager: Shutting down and abandoning module PackagesDialog (376)
[2017.11.02-23.41.50:860][558]LogModuleManager: Shutting down and abandoning module Persona (374)
[2017.11.02-23.41.50:860][558]LogModuleManager: Shutting down and abandoning module AdvancedPreviewScene (373)
[2017.11.02-23.41.50:860][558]LogModuleManager: Shutting down and abandoning module AnimGraph (371)
[2017.11.02-23.41.50:860][558]LogModuleManager: Shutting down and abandoning module Kismet (368)
[2017.11.02-23.41.50:879][558]LogModuleManager: Shutting down and abandoning module ClassViewer (366)
[2017.11.02-23.41.50:879][558]LogModuleManager: Shutting down and abandoning module Toolbox (364)
[2017.11.02-23.41.50:879][558]LogModuleManager: Shutting down and abandoning module ModuleUI (362)
[2017.11.02-23.41.50:879][558]LogModuleManager: Shutting down and abandoning module MovieSceneTools (360)
[2017.11.02-23.41.50:879][558]LogModuleManager: Shutting down and abandoning module OutputLog (358)
[2017.11.02-23.41.50:879][558]LogModuleManager: Shutting down and abandoning module GammaUI (356)
[2017.11.02-23.41.50:879][558]LogModuleManager: Shutting down and abandoning module Documentation (354)
[2017.11.02-23.41.50:879][558]LogModuleManager: Shutting down and abandoning module MovieSceneTracks (352)
[2017.11.02-23.41.50:879][558]LogModuleManager: Shutting down and abandoning module MovieScene (350)
[2017.11.02-23.41.50:879][558]LogModuleManager: Shutting down and abandoning module Niagara (348)
[2017.11.02-23.41.50:879][558]LogModuleManager: Shutting down and abandoning module NiagaraEditor (347)
[2017.11.02-23.41.50:879][558]LogModuleManager: Shutting down and abandoning module StreamingPauseRendering (344)
[2017.11.02-23.41.50:879][558]LogModuleManager: Shutting down and abandoning module AnalyticsET (342)
[2017.11.02-23.41.50:879][558]LogModuleManager: Shutting down and abandoning module PortalServices (340)
[2017.11.02-23.41.50:879][558]LogModuleManager: Shutting down and abandoning module PortalRpc (338)
[2017.11.02-23.41.50:879][558]LogModuleManager: Shutting down and abandoning module MessagingRpc (336)
[2017.11.02-23.41.50:879][558]LogModuleManager: Shutting down and abandoning module AIModule (334)
[2017.11.02-23.41.50:879][558]LogModuleManager: Shutting down and abandoning module GameplayDebugger (333)
[2017.11.02-23.41.50:879][558]LogModuleManager: Shutting down and abandoning module AITestSuite (331)
[2017.11.02-23.41.50:879][558]LogModuleManager: Shutting down and abandoning module ProfilerService (328)
[2017.11.02-23.41.50:944][558]LogModuleManager: Shutting down and abandoning module TaskGraph (326)
[2017.11.02-23.41.50:944][558]LogModuleManager: Shutting down and abandoning module SteamVRController (324)
[2017.11.02-23.41.50:944][558]LogModuleManager: Shutting down and abandoning module SteamVR (322)
[2017.11.02-23.41.50:944][558]LogModuleManager: Shutting down and abandoning module ProceduralMeshComponentEditor (320)
[2017.11.02-23.41.50:945][558]LogModuleManager: Shutting down and abandoning module ProceduralMeshComponent (318)
[2017.11.02-23.41.50:945][558]LogModuleManager: Shutting down and abandoning module OculusLibrary (316)
[2017.11.02-23.41.50:945][558]LogModuleManager: Shutting down and abandoning module OculusInput (314)
[2017.11.02-23.41.50:945][558]LogModuleManager: Shutting down and abandoning module MobilePatchingUtils (312)
[2017.11.02-23.41.50:945][558]LogModuleManager: Shutting down and abandoning module CustomMeshComponent (310)
[2017.11.02-23.41.50:945][558]LogModuleManager: Shutting down and abandoning module CableComponent (308)
[2017.11.02-23.41.50:945][558]LogModuleManager: Shutting down and abandoning module ArchVisCharacter (306)
[2017.11.02-23.41.50:945][558]LogModuleManager: Shutting down and abandoning module AndroidPermission (304)
[2017.11.02-23.41.50:945][558]LogModuleManager: Shutting down and abandoning module MediaPlayerEditor (300)
[2017.11.02-23.41.50:945][558]LogModuleManager: Shutting down and abandoning module HTML5Networking (298)
[2017.11.02-23.41.50:945][558]LogModuleManager: Shutting down and abandoning module AlembicImporter (296)
[2017.11.02-23.41.50:945][558]LogModuleManager: Shutting down and abandoning module AlembicLibrary (295)
[2017.11.02-23.41.50:945][558]LogModuleManager: Shutting down and abandoning module GeometryCache (294)
[2017.11.02-23.41.50:945][558]LogModuleManager: Shutting down and abandoning module GeometryCacheEd (293)
[2017.11.02-23.41.50:945][558]LogModuleManager: Shutting down and abandoning module SuperSearchEditor (288)
[2017.11.02-23.41.50:945][558]LogModuleManager: Shutting down and abandoning module SuperSearch (287)
[2017.11.02-23.41.50:945][558]LogModuleManager: Shutting down and abandoning module SpeedTreeImporter (284)
[2017.11.02-23.41.50:945][558]LogModuleManager: Shutting down and abandoning module PluginBrowser (282)
[2017.11.02-23.41.50:945][558]LogModuleManager: Shutting down and abandoning module MobileLauncherProfileWizard (280)
[2017.11.02-23.41.50:945][558]LogModuleManager: Shutting down and abandoning module VisualStudioSourceCodeAccess (278)
[2017.11.02-23.41.50:945][558]LogModuleManager: Shutting down and abandoning module DesktopPlatform (277)
[2017.11.02-23.41.50:945][558]LogModuleManager: Shutting down and abandoning module UObjectPlugin (274)
[2017.11.02-23.41.50:945][558]LogModuleManager: Shutting down and abandoning module SubversionSourceControl (272)
[2017.11.02-23.41.50:945][558]LogModuleManager: Shutting down and abandoning module PerforceSourceControl (270)
[2017.11.02-23.41.50:945][558]LogModuleManager: Shutting down and abandoning module GitSourceControl (268)
[2017.11.02-23.41.50:945][558]LogModuleManager: Shutting down and abandoning module SourceControl (267)
[2017.11.02-23.41.50:945][558]LogModuleManager: Shutting down and abandoning module LightPropagationVolumeEditor (264)
[2017.11.02-23.41.50:945][558]LogModuleManager: Shutting down and abandoning module PaperTiledImporter (262)
[2017.11.02-23.41.50:945][558]LogModuleManager: Shutting down and abandoning module PaperSpriteSheetImporter (260)
[2017.11.02-23.41.50:945][558]LogModuleManager: Shutting down and abandoning module Paper2DEditor (258)
[2017.11.02-23.41.50:945][558]LogModuleManager: Shutting down and abandoning module MeshPaint (257)
[2017.11.02-23.41.50:946][558]LogModuleManager: Shutting down and abandoning module LevelEditor (255)
[2017.11.02-23.41.50:947][558]LogModuleManager: Shutting down and abandoning module PixelInspectorModule (254)
[2017.11.02-23.41.50:947][558]LogModuleManager: Shutting down and abandoning module MainFrame (252)
[2017.11.02-23.41.50:947][558]LogModuleManager: Shutting down and abandoning module HotReload (251)
[2017.11.02-23.41.50:947][558]LogModuleManager: Shutting down and abandoning module PhysXVehiclesEditor (246)
[2017.11.02-23.41.50:948][558]LogModuleManager: Shutting down and abandoning module PhysXVehicles (244)
[2017.11.02-23.41.50:948][558]LogModuleManager: Shutting down and abandoning module LocationServicesBPLibrary (242)
[2017.11.02-23.41.50:948][558]LogModuleManager: Shutting down and abandoning module ImmediatePhysicsEditor (240)
[2017.11.02-23.41.50:948][558]LogModuleManager: Shutting down and abandoning module ImmediatePhysics (238)
[2017.11.02-23.41.50:948][558]LogModuleManager: Shutting down and abandoning module UdpMessaging (236)
[2017.11.02-23.41.51:048][558]LogModuleManager: Shutting down and abandoning module TcpMessaging (234)
[2017.11.02-23.41.51:148][558]LogModuleManager: Shutting down and abandoning module GameplayTagsEditor (232)
[2017.11.02-23.41.51:148][558]LogModuleManager: Shutting down and abandoning module FacialAnimationEditor (230)
[2017.11.02-23.41.51:148][558]LogModuleManager: Shutting down and abandoning module FacialAnimation (228)
[2017.11.02-23.41.51:148][558]LogModuleManager: Shutting down and abandoning module AssetManagerEditor (226)
[2017.11.02-23.41.51:148][558]LogModuleManager: Shutting down and abandoning module GraphEditor (225)
[2017.11.02-23.41.51:148][558]LogModuleManager: Shutting down and abandoning module ContentBrowser (223)
[2017.11.02-23.41.51:150][558]LogModuleManager: Shutting down and abandoning module LightPropagationVolumeRuntime (220)
[2017.11.02-23.41.51:150][558]LogModuleManager: Shutting down and abandoning module Paper2D (218)
[2017.11.02-23.41.51:150][558]LogModuleManager: Shutting down and abandoning module WindowsMoviePlayer (216)
[2017.11.02-23.41.51:150][558]LogModuleManager: Shutting down and abandoning module WmfMedia (214)
[2017.11.02-23.41.51:151][558]LogModuleManager: Shutting down and abandoning module ClothingSystemEditor (212)
[2017.11.02-23.41.51:151][558]LogModuleManager: Shutting down and abandoning module ClothingSystemRuntime (210)
[2017.11.02-23.41.51:151][558]LogModuleManager: Shutting down and abandoning module MediaAssets (208)
[2017.11.02-23.41.51:151][558]LogModuleManager: Shutting down and abandoning module GameLiveStreaming (206)
[2017.11.02-23.41.51:151][558]LogModuleManager: Shutting down and abandoning module VREditor (204)
[2017.11.02-23.41.51:151][558]LogModuleManager: Shutting down and abandoning module StringTableEditor (202)
[2017.11.02-23.41.51:151][558]LogModuleManager: Shutting down and abandoning module GameplayTasksEditor (200)
[2017.11.02-23.41.51:151][558]LogModuleManager: Shutting down and abandoning module BehaviorTreeEditor (198)
[2017.11.02-23.41.51:151][558]LogModuleManager: Shutting down and abandoning module FunctionalTesting (196)
[2017.11.02-23.41.51:151][558]LogModuleManager: Shutting down and abandoning module CollisionAnalyzer (194)
[2017.11.02-23.41.51:151][558]LogModuleManager: Shutting down and abandoning module UMG (192)
[2017.11.02-23.41.51:151][558]LogModuleManager: Shutting down and abandoning module UMGEditor (191)
[2017.11.02-23.41.51:152][558]LogModuleManager: Shutting down and abandoning module Sequencer (190)
[2017.11.02-23.41.51:152][558]LogModuleManager: Shutting down and abandoning module AssetTools (188)
[2017.11.02-23.41.51:152][558]LogModuleManager: Shutting down and abandoning module MessageLog (187)
[2017.11.02-23.41.51:152][558]LogModuleManager: Shutting down and abandoning module WorkspaceMenuStructure (186)
[2017.11.02-23.41.51:152][558]LogModuleManager: Shutting down and abandoning module SlateReflector (180)
[2017.11.02-23.41.51:152][558]LogModuleManager: Shutting down and abandoning module Slate (178)
[2017.11.02-23.41.51:152][558]LogModuleManager: Shutting down and abandoning module EditorStyle (176)
[2017.11.02-23.41.51:157][558]LogModuleManager: Shutting down and abandoning module SourceCodeAccess (174)
[2017.11.02-23.41.51:157][558]LogModuleManager: Shutting down and abandoning module HeadMountedDisplay (172)
[2017.11.02-23.41.51:157][558]LogModuleManager: Shutting down and abandoning module XAudio2 (170)
[2017.11.02-23.41.51:157][558]LogModuleManager: Shutting down and abandoning module Networking (168)
[2017.11.02-23.41.51:157][558]LogModuleManager: Shutting down and abandoning module Core (164)
[2017.11.02-23.41.51:157][558]LogModuleManager: Shutting down and abandoning module AssetRegistry (162)
[2017.11.02-23.41.51:300][558]LogDirectoryWatcher: A directory notification for '../../../Engine/Content/' was aborted.
[2017.11.02-23.41.51:300][558]LogDirectoryWatcher: A directory notification for '../../../../Users/22TKDF8XX6YG69F9M66D/Downloads/CastleGuardPhase2/CastleGuardReborn/Content/' was aborted.
[2017.11.02-23.41.51:300][558]LogDirectoryWatcher: A directory notification for '../../../Engine/Plugins/2D/Paper2D/Content/' was aborted.
[2017.11.02-23.41.51:300][558]LogDirectoryWatcher: A directory notification for '../../../Engine/Plugins/Runtime/GearVR/Content/' was aborted.
[2017.11.02-23.41.51:304][558]LogModuleManager: Shutting down and abandoning module DirectoryWatcher (161)
[2017.11.02-23.41.51:305][558]LogModuleManager: Shutting down and abandoning module KismetCompiler (158)
[2017.11.02-23.41.51:305][558]LogModuleManager: Shutting down and abandoning module PhysXFormats (156)
[2017.11.02-23.41.51:305][558]LogModuleManager: Shutting down and abandoning module MeshUtilities (154)
[2017.11.02-23.41.51:305][558]LogModuleManager: Shutting down and abandoning module SimplygonSwarm (153)
[2017.11.02-23.41.51:305][558]LogModuleManager: Shutting down and abandoning module SimplygonMeshReduction (151)
[2017.11.02-23.41.51:305][558]LogModuleManager: Shutting down and abandoning module QuadricMeshReduction (149)
[2017.11.02-23.41.51:305][558]LogModuleManager: Shutting down and abandoning module LevelSequence (146)
[2017.11.02-23.41.51:305][558]LogModuleManager: Shutting down and abandoning module DerivedDataCache (144)
[2017.11.02-23.41.51:307][558]LogDerivedDataCache: Shutdown
[2017.11.02-23.41.51:307][558]LogModuleManager: Shutting down and abandoning module TargetPlatform (142)
[2017.11.02-23.41.51:307][558]LogModuleManager: Shutting down and abandoning module VulkanShaderFormat (141)
[2017.11.02-23.41.51:307][558]LogModuleManager: Shutting down and abandoning module ShaderFormatVectorVM (139)
[2017.11.02-23.41.51:307][558]LogModuleManager: Shutting down and abandoning module ShaderFormatOpenGL (137)
[2017.11.02-23.41.51:307][558]LogModuleManager: Shutting down and abandoning module ShaderFormatD3D (135)
[2017.11.02-23.41.51:307][558]LogModuleManager: Shutting down and abandoning module MetalShaderFormat (133)
[2017.11.02-23.41.51:307][558]LogModuleManager: Shutting down and abandoning module TextureFormatUncompressed (131)
[2017.11.02-23.41.51:307][558]LogModuleManager: Shutting down and abandoning module TextureFormatPVR (129)
[2017.11.02-23.41.51:307][558]LogModuleManager: Shutting down and abandoning module TextureFormatDXT (127)
[2017.11.02-23.41.51:307][558]LogModuleManager: Shutting down and abandoning module TextureFormatIntelISPCTexComp (125)
[2017.11.02-23.41.51:307][558]LogModuleManager: Shutting down and abandoning module TextureFormatASTC (123)
[2017.11.02-23.41.51:307][558]LogModuleManager: Shutting down and abandoning module ImageWrapper (122)
[2017.11.02-23.41.51:307][558]LogModuleManager: Shutting down and abandoning module TextureFormatAndroid (119)
[2017.11.02-23.41.51:307][558]LogModuleManager: Shutting down and abandoning module AudioFormatOpus (117)
[2017.11.02-23.41.51:307][558]LogModuleManager: Shutting down and abandoning module AudioFormatOgg (115)
[2017.11.02-23.41.51:307][558]LogModuleManager: Shutting down and abandoning module AudioFormatADPCM (113)
[2017.11.02-23.41.51:307][558]LogModuleManager: Shutting down and abandoning module LinuxTargetPlatform (111)
[2017.11.02-23.41.51:307][558]LogModuleManager: Shutting down and abandoning module LinuxServerTargetPlatform (109)
[2017.11.02-23.41.51:307][558]LogModuleManager: Shutting down and abandoning module LinuxNoEditorTargetPlatform (107)
[2017.11.02-23.41.51:307][558]LogModuleManager: Shutting down and abandoning module LinuxClientTargetPlatform (105)
[2017.11.02-23.41.51:308][558]LogModuleManager: Shutting down and abandoning module TVOSTargetPlatform (103)
[2017.11.02-23.41.51:308][558]LogModuleManager: Shutting down and abandoning module Messaging (101)
[2017.11.02-23.41.51:308][558]LogModuleManager: Shutting down and abandoning module IOSTargetPlatform (99)
[2017.11.02-23.41.51:308][558]LogModuleManager: Shutting down and abandoning module HTML5TargetPlatform (97)
[2017.11.02-23.41.51:308][558]LogModuleManager: Shutting down and abandoning module Android_PVRTCTargetPlatform (95)
[2017.11.02-23.41.51:308][558]LogModuleManager: Shutting down and abandoning module Android_MultiTargetPlatform (93)
[2017.11.02-23.41.51:308][558]LogModuleManager: Shutting down and abandoning module Android_ETC2TargetPlatform (91)
[2017.11.02-23.41.51:308][558]LogModuleManager: Shutting down and abandoning module Android_ETC1TargetPlatform (89)
[2017.11.02-23.41.51:308][558]LogModuleManager: Shutting down and abandoning module Android_DXTTargetPlatform (87)
[2017.11.02-23.41.51:308][558]LogModuleManager: Shutting down and abandoning module Android_ATCTargetPlatform (85)
[2017.11.02-23.41.51:308][558]LogModuleManager: Shutting down and abandoning module Android_ASTCTargetPlatform (83)
[2017.11.02-23.41.51:308][558]LogModuleManager: Shutting down and abandoning module AndroidTargetPlatform (81)
[2017.11.02-23.41.51:308][558]LogModuleManager: Shutting down and abandoning module WindowsTargetPlatform (79)
[2017.11.02-23.41.51:308][558]LogModuleManager: Shutting down and abandoning module WindowsServerTargetPlatform (77)
[2017.11.02-23.41.51:308][558]LogModuleManager: Shutting down and abandoning module WindowsNoEditorTargetPlatform (75)
[2017.11.02-23.41.51:308][558]LogModuleManager: Shutting down and abandoning module WindowsClientTargetPlatform (73)
[2017.11.02-23.41.51:308][558]LogModuleManager: Shutting down and abandoning module MacTargetPlatform (71)
[2017.11.02-23.41.51:308][558]LogModuleManager: Shutting down and abandoning module MacServerTargetPlatform (69)
[2017.11.02-23.41.51:308][558]LogModuleManager: Shutting down and abandoning module MacNoEditorTargetPlatform (67)
[2017.11.02-23.41.51:308][558]LogModuleManager: Shutting down and abandoning module MacClientTargetPlatform (65)
[2017.11.02-23.41.51:308][558]LogModuleManager: Shutting down and abandoning module AllDesktopTargetPlatform (63)
[2017.11.02-23.41.51:308][558]LogModuleManager: Shutting down and abandoning module InputCore (60)
[2017.11.02-23.41.51:308][558]LogModuleManager: Shutting down and abandoning module Settings (58)
[2017.11.02-23.41.51:308][558]LogModuleManager: Shutting down and abandoning module OculusRift (56)
[2017.11.02-23.41.51:308][558]LogModuleManager: Shutting down and abandoning module GearVRController (54)
[2017.11.02-23.41.51:308][558]LogModuleManager: Shutting down and abandoning module GearVR (52)
[2017.11.02-23.41.51:308][558]LogModuleManager: Shutting down and abandoning module ExampleDeviceProfileSelector (50)
[2017.11.02-23.41.51:308][558]LogModuleManager: Shutting down and abandoning module OnlineBlueprintSupport (48)
[2017.11.02-23.41.51:308][558]LogModuleManager: Shutting down and abandoning module OnlineSubsystem (44)
[2017.11.02-23.41.51:308][558]LogOnline:Display: Unloading online subsystem: NULL
[2017.11.02-23.41.51:308][558]LogModuleManager: Shutting down and abandoning module XMPP (43)
[2017.11.02-23.41.51:308][558]LogModuleManager: Shutting down and abandoning module HTTP (41)
[2017.11.02-23.41.51:308][558]LogHttp:Display: Http module shutting down, but needs to wait on 1 outstanding Http requests:
[2017.11.02-23.41.51:308][558]LogHttp:Display: 	verb=[POST] url=[https://datarouter.ol.epicgames.com/datarouter/api/v1/public/data?SessionID=%7B577239AA-4485-ACB9-CC2B-3B9A4488DE47%7D&AppID=UEEditor.Rocket.Release&AppVersion=4.16.2-3514769%2B%2B%2BUE4%2BRelease-4.16&UserID=7d95a3be43093fd608837481edd68a92%7C13a931f21dd548b98826eed59eaa05dc%7Ce354c1bf-5dae-4247-9b80-c28e84928e7b&AppEnvironment=datacollector-binary&UploadType=eteventstream] status=Processing
[2017.11.02-23.41.51:321][558]LogModuleManager: Shutting down and abandoning module SSL (40)
[2017.11.02-23.41.51:323][558]LogModuleManager: Shutting down and abandoning module HTTPChunkInstaller (36)
[2017.11.02-23.41.51:323][558]LogModuleManager: Shutting down and abandoning module AnimationModifiers (34)
[2017.11.02-23.41.51:323][558]LogModuleManager: Shutting down and abandoning module PropertyEditor (33)
[2017.11.02-23.41.51:323][558]LogModuleManager: Shutting down and abandoning module AudioEditor (30)
[2017.11.02-23.41.51:323][558]LogModuleManager: Shutting down and abandoning module TextureCompressor (28)
[2017.11.02-23.41.51:323][558]LogModuleManager: Shutting down and abandoning module ShaderCore (26)
[2017.11.02-23.41.51:323][558]LogModuleManager: Shutting down and abandoning module Landscape (24)
[2017.11.02-23.41.51:323][558]LogModuleManager: Shutting down and abandoning module SlateRHIRenderer (22)
[2017.11.02-23.41.51:325][558]LogModuleManager: Shutting down and abandoning module OpenGLDrv (20)
[2017.11.02-23.41.51:325][558]LogModuleManager: Shutting down and abandoning module D3D11RHI (18)
[2017.11.02-23.41.51:325][558]LogModuleManager: Shutting down and abandoning module AnimGraphRuntime (16)
[2017.11.02-23.41.51:325][558]LogModuleManager: Shutting down and abandoning module Renderer (14)
[2017.11.02-23.41.51:325][558]LogModuleManager: Shutting down and abandoning module Engine (12)
[2017.11.02-23.41.51:325][558]LogModuleManager: Shutting down and abandoning module CoreUObject (10)
[2017.11.02-23.41.51:325][558]LogModuleManager: Shutting down and abandoning module NetworkFile (8)
[2017.11.02-23.41.51:325][558]LogModuleManager: Shutting down and abandoning module StreamingFile (6)
[2017.11.02-23.41.51:325][558]LogModuleManager: Shutting down and abandoning module SandboxFile (4)
[2017.11.02-23.41.51:325][558]LogModuleManager: Shutting down and abandoning module PakFile (2)
[2017.11.02-23.41.51:326][558]LogExit: Exiting.
[2017.11.02-23.41.51:363][558]Log file closed, 11/02/17 16:41:51
