Log file open, 10/24/17 09:20:30
LogInit:Display: Running engine for game: CastleGuardReborn
LogPlatformFile: Not using cached read wrapper
LogInit:Display: RandInit(-1520403117) SRandInit(-1520403117).
LogTaskGraph: Started task graph with 5 named threads and 8 total threads with 1 sets of task threads.
LogStats: Stats thread started at 0.079367
LogInit: Using libcurl 7.47.1
LogInit:  - built for x86_64-pc-win32
LogInit:  - supports SSL with OpenSSL/1.0.2g
LogInit:  - supports HTTP deflate (compression) using libz 1.2.8
LogInit:  - other features:
LogInit:      CURL_VERSION_SSL
LogInit:      CURL_VERSION_LIBZ
LogInit:      CURL_VERSION_IPV6
LogInit:      CURL_VERSION_ASYNCHDNS
LogInit:      CURL_VERSION_LARGEFILE
LogInit:      CURL_VERSION_IDN
LogInit:  CurlRequestOptions (configurable via config and command line):
LogInit:  - bVerifyPeer = false  - Libcurl will NOT verify peer certificate
LogInit:  - bUseHttpProxy = false  - Libcurl will NOT use HTTP proxy
LogInit:  - bDontReuseConnections = false  - Libcurl will reuse connections
LogInit:  - CertBundlePath = nullptr  - Libcurl will use whatever was configured at build time.
LogInit: Build: ++UE4+Release-4.16-CL-3514769
LogInit: Engine Version: 4.16.2-3514769+++UE4+Release-4.16
LogInit: Compatible Engine Version: 4.16.0-3452394+++UE4+Release-4.16
LogInit: Net CL: 3452394
LogDevObjectVersion: Number of dev versions registered: 16
LogDevObjectVersion:   Dev-Blueprints (B0D832E4-1F89-4F0D-ACCF-7EB736FD4AA2): 9
LogDevObjectVersion:   Dev-Build (E1C64328-A22C-4D53-A36C-8E866417BD8C): 0
LogDevObjectVersion:   Dev-Core (375EC13C-06E4-48FB-B500-84F0262A717E): 2
LogDevObjectVersion:   Dev-Editor (E4B068ED-F494-42E9-A231-DA0B2E46BB41): 17
LogDevObjectVersion:   Dev-Framework (CFFC743F-43B0-4480-9391-14DF171D2073): 23
LogDevObjectVersion:   Dev-Mobile (B02B49B5-BB20-44E9-A304-32B752E40360): 0
LogDevObjectVersion:   Dev-Networking (A4E4105C-59A1-49B5-A7C5-40C4547EDFEE): 0
LogDevObjectVersion:   Dev-Online (39C831C9-5AE6-47DC-9A44-9C173E1C8E7C): 0
LogDevObjectVersion:   Dev-Physics (78F01B33-EBEA-4F98-B9B4-84EACCB95AA2): 0
LogDevObjectVersion:   Dev-Platform (6631380F-2D4D-43E0-8009-CF276956A95A): 0
LogDevObjectVersion:   Dev-Rendering (12F88B9F-8875-4AFC-A67C-D90C383ABD29): 15
LogDevObjectVersion:   Dev-Sequencer (7B5AE74C-D270-4C10-A958-57980B212A5A): 4
LogDevObjectVersion:   Dev-VR (D7296918-1DD6-4BDD-9DE2-64A83CC13884): 0
LogDevObjectVersion:   Dev-LoadTimes (C2A15278-BFE7-4AFE-6C17-90FF531DF755): 1
LogDevObjectVersion:   Private-Geometry (6EACA3D4-40EC-4CC1-B786-8BED09428FC5): 1
LogDevObjectVersion:   Dev-AnimPhys (29E575DD-E0A3-4627-9D10-D276232CDCEA): 3
LogInit: Compiled (64-bit): Jun 29 2017 02:03:24
LogInit: Compiled with Visual C++: 19.00.24215.01
LogInit: Build Configuration: Development
LogInit: Branch Name: ++UE4+Release-4.16
LogInit: Command line:  
LogInit: Base directory: C:/Program Files/Epic Games/UE_4.16/Engine/Binaries/Win64/
LogInit: Installed Engine Build: 1
LogInit: Presizing for max 8388607 objects, including 0 objects not considered by GC, pre-allocating 0 bytes for permanent pool.
LogInit: Object subsystem initialized
[2017.10.24-16.20.30:450][  0]LogInit: Selected Device Profile: [Windows]
[2017.10.24-16.20.30:450][  0]LogInit: Applying CVar settings loaded from the selected device profile: [Windows]
[2017.10.24-16.20.30:470][  0]LogInit: Computer: LCIVAN-238-00
[2017.10.24-16.20.30:470][  0]LogInit: User: studentuser
[2017.10.24-16.20.30:470][  0]LogInit: CPU Page size=4096, Cores=4
[2017.10.24-16.20.30:470][  0]LogInit: High frequency timer resolution =4.101567 MHz
[2017.10.24-16.20.30:470][  0]LogMemory: Memory total: Physical=15.9GB (16GB approx)
[2017.10.24-16.20.30:470][  0]LogMemory: Platform Memory Stats for Windows
[2017.10.24-16.20.30:470][  0]LogMemory: Process Physical Memory: 274.14 MB used, 274.14 MB peak
[2017.10.24-16.20.30:470][  0]LogMemory: Process Virtual Memory: 260.90 MB used, 260.90 MB peak
[2017.10.24-16.20.30:470][  0]LogMemory: Physical Memory: 5203.50 MB used,  11079.95 MB free, 16283.45 MB total
[2017.10.24-16.20.30:470][  0]LogMemory: Virtual Memory: 638.47 MB used,  11079.95 MB free, 134217728.00 MB total
[2017.10.24-16.20.30:523][  0]LogInit: Using OS detected language (en-US).
[2017.10.24-16.20.30:523][  0]LogInit: Using OS detected locale (en-CA).
[2017.10.24-16.20.30:525][  0]LogTextLocalizationManager: No specific localization for 'en-US' exists, so the 'en' localization will be used.
[2017.10.24-16.20.31:194][  0]LogD3D11RHI: D3D11 adapters:
[2017.10.24-16.20.31:226][  0]LogD3D11RHI:    0. 'NVIDIA GeForce GTX 1070' (Feature Level 11_0)
[2017.10.24-16.20.31:226][  0]LogD3D11RHI:       8120/0/8141 MB DedicatedVideo/DedicatedSystem/SharedSystem, Outputs:1, VendorId:0x10de
[2017.10.24-16.20.31:232][  0]LogD3D11RHI:    1. 'Intel(R) HD Graphics 630' (Feature Level 11_0)
[2017.10.24-16.20.31:232][  0]LogD3D11RHI:       128/0/8141 MB DedicatedVideo/DedicatedSystem/SharedSystem, Outputs:0, VendorId:0x8086
[2017.10.24-16.20.31:233][  0]LogD3D11RHI:    2. 'Microsoft Basic Render Driver' (Feature Level 11_0)
[2017.10.24-16.20.31:233][  0]LogD3D11RHI:       0/0/8141 MB DedicatedVideo/DedicatedSystem/SharedSystem, Outputs:0, VendorId:0x1414
[2017.10.24-16.20.31:233][  0]LogD3D11RHI: Chosen D3D11 Adapter: 0
[2017.10.24-16.20.31:238][  0]LogD3D11RHI: Creating new Direct3DDevice
[2017.10.24-16.20.31:238][  0]LogD3D11RHI:     GPU DeviceId: 0x1b81 (for the marketing name, search the web for "GPU Device Id")
[2017.10.24-16.20.31:238][  0]LogWindows: EnumDisplayDevices:
[2017.10.24-16.20.31:238][  0]LogWindows:    0. 'NVIDIA GeForce GTX 1070' (P:1 D:1)
[2017.10.24-16.20.31:238][  0]LogWindows:    1. 'NVIDIA GeForce GTX 1070' (P:0 D:0)
[2017.10.24-16.20.31:238][  0]LogWindows:    2. 'NVIDIA GeForce GTX 1070' (P:0 D:0)
[2017.10.24-16.20.31:238][  0]LogWindows:    3. 'NVIDIA GeForce GTX 1070' (P:0 D:0)
[2017.10.24-16.20.31:238][  0]LogWindows:    4. 'Intel(R) HD Graphics 630' (P:0 D:0)
[2017.10.24-16.20.31:238][  0]LogWindows:    5. 'Intel(R) HD Graphics 630' (P:0 D:0)
[2017.10.24-16.20.31:239][  0]LogWindows:    6. 'Intel(R) HD Graphics 630' (P:0 D:0)
[2017.10.24-16.20.31:239][  0]LogWindows: DebugString: PrimaryIsNotTheChoosenAdapter PrimaryIsNotTheChoosenAdapter PrimaryIsNotTheChoosenAdapter FoundDriverCount:4 
[2017.10.24-16.20.31:239][  0]LogD3D11RHI:     Adapter Name: NVIDIA GeForce GTX 1070
[2017.10.24-16.20.31:239][  0]LogD3D11RHI:   Driver Version: 382.05 (internal:22.21.13.8205, unified:382.05)
[2017.10.24-16.20.31:239][  0]LogD3D11RHI:      Driver Date: 5-1-2017
[2017.10.24-16.20.31:239][  0]LogRHI: Texture pool is 1361 MB (70% of 1945 MB)
[2017.10.24-16.20.31:264][  0]LogD3D11RHI: Async texture creation enabled
[2017.10.24-16.20.31:275][  0]LogD3D11RHI: GPU Timing Frequency: 1000.000000 (Debug: 2 1)
[2017.10.24-16.20.31:324][  0]LogShaderCompilers: Guid format shader working directory is -5 characters bigger than the processId version (D:/CastleGuardCurrent/CastleGuardPhase2/CastleGuardReborn/Intermediate/Shaders/WorkingDirectory/8308/).
[2017.10.24-16.20.31:324][  0]LogShaderCompilers: Cleaned the shader compiler working directory 'C:/Users/studentuser/AppData/Local/Temp/UnrealShaderWorkingDir/0E9896C54CA127ECF6C3C5B9721C70DF/'.
[2017.10.24-16.20.31:324][  0]LogShaderCompilers:Display: Using Local Shader Compiler.
[2017.10.24-16.20.32:015][  0]LogTemp:Display: Loaded TP AllDesktopTargetPlatform
[2017.10.24-16.20.32:053][  0]LogTemp:Display: Loaded TP MacClientTargetPlatform
[2017.10.24-16.20.32:089][  0]LogTemp:Display: Loaded TP MacNoEditorTargetPlatform
[2017.10.24-16.20.32:126][  0]LogTemp:Display: Loaded TP MacServerTargetPlatform
[2017.10.24-16.20.32:163][  0]LogTemp:Display: Loaded TP MacTargetPlatform
[2017.10.24-16.20.32:200][  0]LogTemp:Display: Loaded TP WindowsClientTargetPlatform
[2017.10.24-16.20.32:236][  0]LogTemp:Display: Loaded TP WindowsNoEditorTargetPlatform
[2017.10.24-16.20.32:274][  0]LogTemp:Display: Loaded TP WindowsServerTargetPlatform
[2017.10.24-16.20.32:308][  0]LogTemp:Display: Loaded TP WindowsTargetPlatform
[2017.10.24-16.20.32:343][  0]LogTemp:Display: Loaded TP AndroidTargetPlatform
[2017.10.24-16.20.32:378][  0]LogTemp:Display: Loaded TP Android_ASTCTargetPlatform
[2017.10.24-16.20.32:413][  0]LogTemp:Display: Loaded TP Android_ATCTargetPlatform
[2017.10.24-16.20.32:449][  0]LogTemp:Display: Loaded TP Android_DXTTargetPlatform
[2017.10.24-16.20.32:484][  0]LogTemp:Display: Loaded TP Android_ETC1TargetPlatform
[2017.10.24-16.20.32:520][  0]LogTemp:Display: Loaded TP Android_ETC2TargetPlatform
[2017.10.24-16.20.32:594][  0]LogTemp:Display: Loaded TP Android_MultiTargetPlatform
[2017.10.24-16.20.32:594][  0]LogTemp:Display: Loaded TP Android_PVRTCTargetPlatform
[2017.10.24-16.20.32:621][  0]LogTemp:Display: Loaded TP HTML5TargetPlatform
[2017.10.24-16.20.32:693][  0]LogTemp:Display: Loaded TP IOSTargetPlatform
[2017.10.24-16.20.32:718][  0]LogTemp:Display: Loaded TP TVOSTargetPlatform
[2017.10.24-16.20.32:753][  0]LogTemp:Display: Loaded TP LinuxClientTargetPlatform
[2017.10.24-16.20.32:788][  0]LogTemp:Display: Loaded TP LinuxNoEditorTargetPlatform
[2017.10.24-16.20.32:824][  0]LogTemp:Display: Loaded TP LinuxServerTargetPlatform
[2017.10.24-16.20.32:859][  0]LogTemp:Display: Loaded TP LinuxTargetPlatform
[2017.10.24-16.20.32:859][  0]LogTargetPlatformManager:Display: Building Assets For Windows
[2017.10.24-16.20.33:221][  0]LogDerivedDataCache:Display: Max Cache Size: 512 MB
[2017.10.24-16.20.33:311][  0]LogDerivedDataCache: Loaded boot cache 0.09s 103MB C:/Users/studentuser/AppData/Local/UnrealEngine/4.16/DerivedDataCache/Boot.ddc.
[2017.10.24-16.20.33:311][  0]LogDerivedDataCache:Display: Loaded Boot cache: C:/Users/studentuser/AppData/Local/UnrealEngine/4.16/DerivedDataCache/Boot.ddc
[2017.10.24-16.20.33:311][  0]LogDerivedDataCache: FDerivedDataBackendGraph:  Pak pak cache file D:/CastleGuardCurrent/CastleGuardPhase2/CastleGuardReborn/DerivedDataCache/DDC.ddp not found, will not use a pak cache.
[2017.10.24-16.20.33:311][  0]LogDerivedDataCache: Unable to find inner node Pak for hierarchical cache Hierarchy.
[2017.10.24-16.20.33:311][  0]LogDerivedDataCache: FDerivedDataBackendGraph:  CompressedPak pak cache file D:/CastleGuardCurrent/CastleGuardPhase2/CastleGuardReborn/DerivedDataCache/Compressed.ddp not found, will not use a pak cache.
[2017.10.24-16.20.33:311][  0]LogDerivedDataCache: Unable to find inner node CompressedPak for hierarchical cache Hierarchy.
[2017.10.24-16.20.33:322][  0]LogDerivedDataCache:Display: Pak cache opened for reading ../../../Engine/DerivedDataCache/Compressed.ddp.
[2017.10.24-16.20.33:334][  0]LogDerivedDataCache: Using Local data cache path C:/Users/studentuser/AppData/Local/UnrealEngine/Common/DerivedDataCache: Writable
[2017.10.24-16.20.33:341][  0]LogMaterial: Verifying Global Shaders for PCD3D_SM5
[2017.10.24-16.20.33:341][  0]LogSlate: Using Freetype 2.6.0
[2017.10.24-16.20.33:341][  0]LogSlate: SlateFontCache - WITH_FREETYPE: 1, WITH_HARFBUZZ: 1
[2017.10.24-16.20.33:342][  0]LogSlate: SlateFontCache - WITH_FREETYPE: 1, WITH_HARFBUZZ: 1
[2017.10.24-16.20.33:561][  0]LogInit: Selected Device Profile: [Windows]
[2017.10.24-16.20.33:637][  0]LogContentStreaming: Texture pool size is 0.00 MB
[2017.10.24-16.20.33:753][  0]LogMeshUtilities: Using QuadricMeshReduction for automatic static mesh reduction
[2017.10.24-16.20.33:786][  0]LogSimplygon: Simplygon DLL not present - disabling.
[2017.10.24-16.20.33:822][  0]LogMeshUtilities: Using SimplygonSwarm for distributed automatic mesh merging
[2017.10.24-16.20.33:822][  0]LogMeshUtilities: No automatic skeletal mesh reduction module available
[2017.10.24-16.20.33:822][  0]LogMeshUtilities: No automatic mesh merging module available
[2017.10.24-16.20.34:268][  0]LogNetVersion: CastleGuardReborn , NetCL: 3452394, EngineNetVer: 2, GameNetVer: 0 (Checksum: 2303850599)
[2017.10.24-16.20.34:320][  0]LogAssetRegistry: FAssetRegistry took 0.0240 seconds to start up
[2017.10.24-16.20.34:371][  0]LogPackageLocalizationCache: Processed 4 localized package path(s) for 2 prioritized culture(s) in 0.032843 seconds
[2017.10.24-16.20.34:376][  0]LogUObjectArray: 34194 objects as part of root set at end of initial load.
[2017.10.24-16.20.34:376][  0]LogUObjectAllocator: 7260416 out of 0 bytes used by permanent object pool.
[2017.10.24-16.20.34:376][  0]LogUObjectArray: CloseDisregardForGC: 0/0 objects in disregard for GC pool
[2017.10.24-16.20.34:425][  0]LogInit: WinSock: version 1.1 (2.2), MaxSocks=32767, MaxUdp=65467
[2017.10.24-16.20.36:183][  0]LogTcpMessaging: Initializing TcpMessaging bridge
[2017.10.24-16.20.36:215][  0]LogUdpMessaging: Initializing bridge on interface 0.0.0.0:0 to multicast group 230.0.0.1:6666.
[2017.10.24-16.20.36:605][  0]LogMaterial: Uniform references updated for custom material expression Custom.
[2017.10.24-16.20.36:894][  0]SourceControl: Info Source control is disabled
[2017.10.24-16.20.36:924][  0]SourceControl: Info Source control is disabled
[2017.10.24-16.20.36:957][  0]SourceControl: Info Source control is disabled
[2017.10.24-16.20.36:989][  0]SourceControl: Info Source control is disabled
[2017.10.24-16.20.37:477][  0]LogAndroidPermission: UAndroidPermissionCallbackProxy::GetInstance
[2017.10.24-16.20.37:906][  0]LogEngine: Initializing Engine...
[2017.10.24-16.20.40:450][  0]LogHMD: SteamVR initialized.  Driver: lighthouse  Display: LHR-A4D81BA4
[2017.10.24-16.20.40:617][  0]LogStats: UGameplayTagsManager::ConstructGameplayTagTree: Construct from data asset -  0.000 s
[2017.10.24-16.20.40:617][  0]LogStats: UGameplayTagsManager::ConstructGameplayTagTree: GameplayTagTreeChangedEvent.Broadcast -  0.000 s
[2017.10.24-16.20.40:718][  0]LogAIModule: Creating AISystem for world Untitled
[2017.10.24-16.20.40:729][  0]LogInit: XAudio2 using 'Speakers (2- USB Audio Device)' : 2 channels at 48 kHz using 16 bits per sample (channel mask 0x3)
[2017.10.24-16.20.40:738][  0]LogInit: FAudioDevice initialized.
[2017.10.24-16.20.40:792][  0]LogDerivedDataCache: Saved boot cache 0.05s 103MB C:/Users/studentuser/AppData/Local/UnrealEngine/4.16/DerivedDataCache/Boot.ddc.
[2017.10.24-16.20.40:813][  0]LogInit: Texture streaming: Enabled
[2017.10.24-16.20.40:886][  0]LogEngineSessionManager: EngineSessionManager initialized
[2017.10.24-16.20.41:055][  0]LogWindowsTextInputMethodSystem:Display: IME system now deactivated.
[2017.10.24-16.20.41:073][  0]LogInit: Transaction tracking system initialized
[2017.10.24-16.20.41:303][  0]BlueprintLog: New page: Editor Load
[2017.10.24-16.20.42:088][  0]LocalizationService: Info Localization service is disabled
[2017.10.24-16.20.42:669][  0]LogConsoleResponse:Display: 
[2017.10.24-16.20.42:771][  0]LogCook:Display: Max memory allowance for cook 16384mb min free memory 0mb
[2017.10.24-16.20.42:771][  0]LogCook:Display: Mobile HDR setting 1
[2017.10.24-16.20.43:614][  0]SourceControl: Info Source control is disabled
[2017.10.24-16.20.43:624][  0]Cmd: MAP LOAD FILE="D:/CastleGuardCurrent/CastleGuardPhase2/CastleGuardReborn/Content/Vive/Maps/default.umap" TEMPLATE=0 SHOWPROGRESS=1 FEATURELEVEL=3
[2017.10.24-16.20.43:646][  0]LightingResults: New page: Lighting Build
[2017.10.24-16.20.43:679][  0]MapCheck: New page: Map Check
[2017.10.24-16.20.43:679][  0]LightingResults: New page: Lighting Build
[2017.10.24-16.20.46:552][  0]LogAnimationCompression: Building Anim DDC data for AnimSequence /Game/AnimationAssets/Mixamo_J_Nordstrom/Animations/Working_On_Device.Working_On_Device
[2017.10.24-16.20.46:573][  0]LogAnimationCompression: Building Anim DDC data for AnimSequence /Game/AnimationAssets/Mixamo_J_Nordstrom/Animations/Pushing_In_Place.Pushing_In_Place
[2017.10.24-16.20.46:580][  0]LogAnimationCompression: Building Anim DDC data for AnimSequence /Game/AnimationAssets/Mixamo_J_Nordstrom/Animations/sword_and_shield_slash.sword_and_shield_slash
[2017.10.24-16.20.46:583][  0]LogAnimationCompression: Building Anim DDC data for AnimSequence /Game/AnimationAssets/Mixamo_J_Nordstrom/Animations/Sword_And_Shield_Run_In_Place.Sword_And_Shield_Run_In_Place
[2017.10.24-16.20.46:585][  0]LogAnimationCompression: Building Anim DDC data for AnimSequence /Game/AnimationAssets/Mixamo_J_Nordstrom/Animations/sword_and_shield_idle.sword_and_shield_idle
[2017.10.24-16.20.46:637][  0]LogClass:Warning: Enum '/Game/Vive/Blueprints/Enum_GameStatus.Enum_GameStatus' was upgraded to use FText to store its display name data. Please re-save this asset to avoid issues with localization and determinstic cooking.
[2017.10.24-16.20.46:893][  0]LogTexture:Display: Building textures: FemaleFitA_Body_diffuse (AutoDXT, 2048X2048)
[2017.10.24-16.20.48:480][  0]LogMaterial: Missing cached shader map for material Lashes_MAT, compiling. 
[2017.10.24-16.20.48:663][  0]LogTexture:Display: Building textures: FemaleFitA_StdNM (BC5, 2048X2048)
[2017.10.24-16.20.49:067][  0]LogMaterial: Missing cached shader map for material EyeSpec_MAT, compiling. 
[2017.10.24-16.20.49:316][  0]LogTexture:Display: Building textures: Bow_NM (BC5, 2048X2048)
[2017.10.24-16.20.50:072][  0]LogTexture:Display: Building textures: Bow_DIFF (AutoDXT, 2048X2048)
[2017.10.24-16.20.51:696][  0]LogMaterial: Missing cached shader map for material Bow_MAT, compiling. 
[2017.10.24-16.20.51:739][  0]LogMaterial: Missing cached shader map for material Body_MAT, compiling. 
[2017.10.24-16.20.51:965][  0]LogTexture:Display: Building textures: Erika_Archer_Clothes_normal (BC5, 2048X2048)
[2017.10.24-16.20.52:683][  0]LogTexture:Display: Building textures: Erika_Archer_Clothes_diffuse (AutoDXT, 2048X2048)
[2017.10.24-16.20.53:791][  0]LogMaterial: Missing cached shader map for material Akai_MAT, compiling. 
[2017.10.24-16.20.54:046][  0]LogTexture:Display: Building textures: Paladin_normal (BC5, 2048X2048)
[2017.10.24-16.20.54:663][  0]LogTexture:Display: Building textures: Paladin_specular (AutoDXT, 2048X2048)
[2017.10.24-16.20.55:486][  0]LogAnimationCompression: Building Anim DDC data for AnimSequence /Game/AnimationAssets/Mixamo_Erika/Animations/Shooting_Arrow_Anim.Shooting_Arrow_Anim
[2017.10.24-16.20.55:642][  0]LogTexture:Display: Building textures: Paladin_diffuse (AutoDXT, 2048X2048)
[2017.10.24-16.20.56:555][  0]LogMaterial: Missing cached shader map for material Paladin_MAT, compiling. 
[2017.10.24-16.20.56:687][  0]LogAnimationCompression: Building Anim DDC data for AnimSequence /Game/AnimationAssets/Mixamo_Erika/Animations/standing_Run_In_Place.standing_Run_In_Place
[2017.10.24-16.20.56:761][  0]LogTexture:Display: Building textures: HQ_Lightmap0_1 (AutoDXT, 1024X1024)
[2017.10.24-16.20.56:932][  0]LogTexture:Display: Building textures: HQ_Lightmap0_10 (AutoDXT, 64X64)
[2017.10.24-16.20.56:956][  0]LogTexture:Display: Building textures: HQ_Lightmap0_2 (AutoDXT, 1024X1024)
[2017.10.24-16.20.57:088][  0]LogTexture:Display: Building textures: HQ_Lightmap0_3 (AutoDXT, 1024X1024)
[2017.10.24-16.20.57:206][  0]LogTexture:Display: Building textures: HQ_Lightmap0_4 (AutoDXT, 1024X1024)
[2017.10.24-16.20.57:411][  0]LogTexture:Display: Building textures: HQ_Lightmap0_5 (AutoDXT, 1024X1024)
[2017.10.24-16.20.57:499][  0]LogTexture:Display: Building textures: HQ_Lightmap0_6 (AutoDXT, 1024X1024)
[2017.10.24-16.20.57:648][  0]LogTexture:Display: Building textures: HQ_Lightmap0_7 (AutoDXT, 512X512)
[2017.10.24-16.20.57:734][  0]LogTexture:Display: Building textures: HQ_Lightmap0_8 (AutoDXT, 512X512)
[2017.10.24-16.20.57:789][  0]LogTexture:Display: Building textures: HQ_Lightmap0_9 (AutoDXT, 256X256)
[2017.10.24-16.20.57:830][  0]LogTexture:Display: Building textures: LQ_Lightmap_0_1 (DXT1, 1024X1024)
[2017.10.24-16.20.57:901][  0]LogTexture:Display: Building textures: LQ_Lightmap_0_10 (DXT1, 64X64)
[2017.10.24-16.20.57:923][  0]LogTexture:Display: Building textures: LQ_Lightmap_0_2 (DXT1, 1024X1024)
[2017.10.24-16.20.58:043][  0]LogTexture:Display: Building textures: LQ_Lightmap_0_3 (DXT1, 1024X1024)
[2017.10.24-16.20.58:175][  0]LogTexture:Display: Building textures: LQ_Lightmap_0_4 (DXT1, 1024X1024)
[2017.10.24-16.20.58:308][  0]LogTexture:Display: Building textures: LQ_Lightmap_0_5 (DXT1, 1024X1024)
[2017.10.24-16.20.58:426][  0]LogTexture:Display: Building textures: LQ_Lightmap_0_6 (DXT1, 1024X1024)
[2017.10.24-16.20.58:536][  0]LogTexture:Display: Building textures: LQ_Lightmap_0_7 (DXT1, 512X512)
[2017.10.24-16.20.58:603][  0]LogTexture:Display: Building textures: LQ_Lightmap_0_8 (DXT1, 512X512)
[2017.10.24-16.20.58:643][  0]LogTexture:Display: Building textures: LQ_Lightmap_0_9 (DXT1, 256X256)
[2017.10.24-16.20.58:676][  0]LogTexture:Display: Building textures: SkyOcclusion0_1 (AutoDXT, 1024X512)
[2017.10.24-16.20.58:773][  0]LogTexture:Display: Building textures: SkyOcclusion0_10 (AutoDXT, 64X32)
[2017.10.24-16.20.58:782][  0]LogTexture:Display: Building textures: SkyOcclusion0_2 (AutoDXT, 1024X512)
[2017.10.24-16.20.58:878][  0]LogTexture:Display: Building textures: SkyOcclusion0_3 (AutoDXT, 1024X512)
[2017.10.24-16.20.58:963][  0]LogTexture:Display: Building textures: SkyOcclusion0_4 (AutoDXT, 1024X512)
[2017.10.24-16.20.59:061][  0]LogTexture:Display: Building textures: SkyOcclusion0_5 (AutoDXT, 1024X512)
[2017.10.24-16.20.59:135][  0]LogTexture:Display: Building textures: SkyOcclusion0_6 (AutoDXT, 1024X512)
[2017.10.24-16.20.59:214][  0]LogTexture:Display: Building textures: SkyOcclusion0_7 (AutoDXT, 512X256)
[2017.10.24-16.20.59:262][  0]LogTexture:Display: Building textures: SkyOcclusion0_8 (AutoDXT, 512X256)
[2017.10.24-16.20.59:294][  0]LogTexture:Display: Building textures: SkyOcclusion0_9 (AutoDXT, 256X128)
[2017.10.24-16.20.59:320][  0]LogTexture:Display: Building textures: ShadowMapTexture2D_0 (G8, 1024X512)
[2017.10.24-16.20.59:339][  0]LogTexture:Display: Building textures: ShadowMapTexture2D_1 (G8, 1024X256)
[2017.10.24-16.20.59:348][  0]LogTexture:Display: Building textures: ShadowMapTexture2D_2 (G8, 1024X256)
[2017.10.24-16.20.59:356][  0]LogTexture:Display: Building textures: ShadowMapTexture2D_3 (G8, 1024X256)
[2017.10.24-16.20.59:365][  0]LogTexture:Display: Building textures: ShadowMapTexture2D_4 (G8, 1024X256)
[2017.10.24-16.20.59:374][  0]LogTexture:Display: Building textures: ShadowMapTexture2D_5 (G8, 1024X256)
[2017.10.24-16.20.59:382][  0]LogTexture:Display: Building textures: ShadowMapTexture2D_6 (G8, 512X128)
[2017.10.24-16.20.59:385][  0]LogTexture:Display: Building textures: ShadowMapTexture2D_7 (G8, 1024X128)
[2017.10.24-16.20.59:391][  0]LogTexture:Display: Building textures: ShadowMapTexture2D_8 (G8, 32X32)
[2017.10.24-16.20.59:764][  0]LogAIModule: Creating AISystem for world default
[2017.10.24-16.21.01:364][  0]LogEditorServer: Finished looking for orphan Actors (0.000 secs)
[2017.10.24-16.21.01:532][  0]Cmd: MAP CHECKDEP NOCLEARLOG
[2017.10.24-16.21.01:616][  0]MapCheck: Info Map check complete: 0 Error(s), 0 Warning(s), took 83.52ms to complete.
[2017.10.24-16.21.01:616][  0]LogFileHelpers: Loading map 'default' took 17.992
[2017.10.24-16.21.01:919][  0]LogCollectionManager: Loaded 0 collections in 0.003020 seconds
[2017.10.24-16.21.02:020][  0]LogFileCache: Scanning file cache for directory 'D:/CastleGuardCurrent/CastleGuardPhase2/CastleGuardReborn/Saved/Collections/' took 0.01s
[2017.10.24-16.21.02:020][  0]LogFileCache: Scanning file cache for directory 'D:/CastleGuardCurrent/CastleGuardPhase2/CastleGuardReborn/Content/Developers/studentuser/Collections/' took 0.01s
[2017.10.24-16.21.02:020][  0]LogFileCache: Scanning file cache for directory 'D:/CastleGuardCurrent/CastleGuardPhase2/CastleGuardReborn/Content/Collections/' took 0.01s
[2017.10.24-16.21.02:020][  0]LogCollectionManager: Rebuilt the GUID cache for 0 collections in 0.000002 seconds
[2017.10.24-16.21.02:033][  0]LogContentBrowser: Native class hierarchy populated in 0.0130 seconds. Added 2330 classes and 494 folders.
[2017.10.24-16.21.02:141][  0]LogContentBrowser: Native class hierarchy updated for 'WidgetCarousel' in 0.0009 seconds. Added 0 classes and 0 folders.
[2017.10.24-16.21.02:182][  0]LogContentBrowser: Native class hierarchy updated for 'AddContentDialog' in 0.0008 seconds. Added 0 classes and 0 folders.
[2017.10.24-16.21.02:257][  0]LogContentBrowser: Native class hierarchy updated for 'SceneOutliner' in 0.0010 seconds. Added 1 classes and 2 folders.
[2017.10.24-16.21.02:347][  0]LogCrashTracker: Crashtracker disabled due to settings.
[2017.10.24-16.21.02:358][  0]LogSlate: Took 0.000228 seconds to synchronously load lazily loaded font '../../../Engine/Content/Slate/Fonts/Roboto-Regular.ttf' (155K)
[2017.10.24-16.21.02:361][  0]LogSlate: Took 0.000198 seconds to synchronously load lazily loaded font '../../../Engine/Content/Slate/Fonts/Roboto-Bold.ttf' (160K)
[2017.10.24-16.21.02:367][  0]LogSlate: Took 0.000294 seconds to synchronously load lazily loaded font '../../../Engine/Content/Editor/Slate/Fonts/FontAwesome.ttf' (139K)
[2017.10.24-16.21.02:500][  0]LogRenderer: Reallocating scene render targets to support 1196x576 NumSamples 1 (Frame:1).
[2017.10.24-16.21.02:710][  0]LogUObjectGlobals:Warning: Failed to find object 'Class None.'
[2017.10.24-16.21.02:809][  0]LogContentBrowser: Native class hierarchy updated for 'HierarchicalLODOutliner' in 0.0006 seconds. Added 1 classes and 2 folders.
[2017.10.24-16.21.02:809][  0]LogLoad: (Engine Initialization) Total time: 34.03 seconds
[2017.10.24-16.21.02:809][  0]LogLoad: (Engine Initialization) Total Blueprint compile time: 0.49 seconds
[2017.10.24-16.21.02:809][  0]LogExternalProfiler: Found external profiler: VSPerf
[2017.10.24-16.21.02:809][  0]LogExternalProfiler: Using external profiler: VSPerf
[2017.10.24-16.21.02:819][  0]LogOcInput: OculusInput pre-init called
[2017.10.24-16.21.02:820][  0]LogHMD: Starting GearVRController plugin
[2017.10.24-16.21.02:857][  0]LogContentStreaming: Texture pool size now 1000 MB
[2017.10.24-16.21.02:933][  0]LogSlate: Took 0.000289 seconds to synchronously load lazily loaded font '../../../Engine/Content/Slate/Fonts/Roboto-Light.ttf' (159K)
[2017.10.24-16.21.02:956][  1]LogAssetRegistry: Asset discovery search completed in 28.6575 seconds
[2017.10.24-16.21.02:960][  1]LogCollectionManager: Rebuilt the object cache for 0 collections in 0.000002 seconds (found 0 objects)
[2017.10.24-16.21.02:960][  1]LogCollectionManager: Fixed up redirectors for 0 collections in 0.000195 seconds (updated 0 objects)
[2017.10.24-16.21.04:230][ 57]LogD3D11RHI: Timed out while waiting for GPU to catch up. (0.5 s)
[2017.10.24-16.21.04:315][ 58]LogSlate: Took 0.000313 seconds to synchronously load lazily loaded font '../../../Engine/Content/Slate/Fonts/Roboto-Light.ttf' (159K)
[2017.10.24-16.22.46:896][546]LogScriptCore:Warning: Script Msg: Attempted to access index 0 from array CallFunc_GetAllActorsOfClass_OutActors of length 0!
[2017.10.24-16.22.46:897][546]LogScript:Warning: Accessed None trying to read property CallFunc_Array_Get_Item
	ArcherAIArrow_C /Engine/Transient.World_3:PersistentLevel.ArcherAIArrow_C_0
	Function /Game/Vive/Blueprints/AI/ArcherAIArrow.ArcherAIArrow_C:UserConstructionScript:00C8
[2017.10.24-16.22.46:897][546]LogScript:Warning: Accessed None
	ArcherAIArrow_C /Engine/Transient.World_3:PersistentLevel.ArcherAIArrow_C_0
	Function /Game/Vive/Blueprints/AI/ArcherAIArrow.ArcherAIArrow_C:UserConstructionScript:00DD
[2017.10.24-16.22.47:788][643]LogSlate: Took 0.000126 seconds to synchronously load lazily loaded font '../../../Engine/Content/Slate/Fonts/Roboto-Light.ttf' (159K)
[2017.10.24-16.22.48:136][643]LogContentBrowser: Native class hierarchy updated for 'BlueprintGraph' in 0.0007 seconds. Added 112 classes and 0 folders.
[2017.10.24-16.22.48:678][643]LogSlate: Took 0.000103 seconds to synchronously load lazily loaded font '../../../Engine/Content/Slate/Fonts/Roboto-Regular.ttf' (155K)
[2017.10.24-16.22.48:782][643]LogSlate: Took 0.003497 seconds to synchronously load lazily loaded font '../../../Engine/Content/Editor/Slate/Fonts/Roboto-BoldCondensed.ttf' (158K)
[2017.10.24-16.22.48:934][644]LogSlate: Took 0.000137 seconds to synchronously load lazily loaded font '../../../Engine/Content/Editor/Slate/Fonts/Roboto-Italic.ttf' (157K)
[2017.10.24-16.22.54:022][ 76]LogScript:Warning: Accessed None trying to read property K2Node_DynamicCast_AsArcher_Attack_Position
	ArcherAi_C /Engine/Transient.World_5:PersistentLevel.ArcherAi_C_1
	Function /Game/Vive/Blueprints/AI/ArcherAI/ArcherAi.ArcherAi_C:ExecuteUbergraph_ArcherAi:05EB
[2017.10.24-16.22.54:022][ 76]LogScript:Warning: Accessed None trying to read property K2Node_DynamicCast_AsArcher_Attack_Position
	ArcherAi_C /Engine/Transient.World_5:PersistentLevel.ArcherAi_C_1
	Function /Game/Vive/Blueprints/AI/ArcherAI/ArcherAi.ArcherAi_C:ExecuteUbergraph_ArcherAi:061D
[2017.10.24-16.22.54:022][ 76]LogScriptCore:Warning: Script Msg: Attempted to access index 0 from array CallFunc_GetAllActorsOfClass_OutActors of length 0!
[2017.10.24-16.22.54:022][ 76]LogScript:Warning: Accessed None trying to read property CallFunc_Array_Get_Item
	ArcherAi_C /Engine/Transient.World_5:PersistentLevel.ArcherAi_C_1
	Function /Game/Vive/Blueprints/AI/ArcherAI/ArcherAi.ArcherAi_C:ExecuteUbergraph_ArcherAi:0687
[2017.10.24-16.22.54:022][ 76]LogScript:Warning: Accessed None
	ArcherAi_C /Engine/Transient.World_5:PersistentLevel.ArcherAi_C_1
	Function /Game/Vive/Blueprints/AI/ArcherAI/ArcherAi.ArcherAi_C:ExecuteUbergraph_ArcherAi:069C
[2017.10.24-16.22.54:023][ 76]LogScript:Warning: Accessed None trying to read property K2Node_DynamicCast_AsArcher_Attack_Position
	ArcherAi_C /Engine/Transient.World_5:PersistentLevel.ArcherAi_C_1
	Function /Game/Vive/Blueprints/AI/ArcherAI/ArcherAi.ArcherAi_C:ExecuteUbergraph_ArcherAi:0836
[2017.10.24-16.22.54:023][ 76]LogScript:Warning: Accessed None trying to read property K2Node_DynamicCast_AsArcher_Attack_Position
	ArcherAi_C /Engine/Transient.World_5:PersistentLevel.ArcherAi_C_1
	Function /Game/Vive/Blueprints/AI/ArcherAI/ArcherAi.ArcherAi_C:ExecuteUbergraph_ArcherAi:0868
[2017.10.24-16.22.54:023][ 76]LogScriptCore:Warning: Script Msg: Attempted to access index 0 from array CallFunc_GetAllActorsOfClass_OutActors of length 0!
[2017.10.24-16.22.54:023][ 76]LogScript:Warning: Accessed None trying to read property CallFunc_Array_Get_Item
	ArcherAi_C /Engine/Transient.World_5:PersistentLevel.ArcherAi_C_1
	Function /Game/Vive/Blueprints/AI/ArcherAI/ArcherAi.ArcherAi_C:ExecuteUbergraph_ArcherAi:08D2
[2017.10.24-16.22.54:023][ 76]LogScript:Warning: Accessed None
	ArcherAi_C /Engine/Transient.World_5:PersistentLevel.ArcherAi_C_1
	Function /Game/Vive/Blueprints/AI/ArcherAI/ArcherAi.ArcherAi_C:ExecuteUbergraph_ArcherAi:08E7
[2017.10.24-16.22.54:035][ 76]LogScriptCore:Warning: Script Msg: Attempted to access index 0 from array CallFunc_GetAllActorsOfClass_OutActors of length 0!
[2017.10.24-16.22.54:035][ 76]LogScript:Warning: Accessed None trying to read property CallFunc_Array_Get_Item
	ArcherAIArrow_C /Engine/Transient.World_5:PersistentLevel.ArcherAIArrow_C_1
	Function /Game/Vive/Blueprints/AI/ArcherAIArrow.ArcherAIArrow_C:UserConstructionScript:00C8
[2017.10.24-16.22.54:035][ 76]LogScript:Warning: Accessed None
	ArcherAIArrow_C /Engine/Transient.World_5:PersistentLevel.ArcherAIArrow_C_1
	Function /Game/Vive/Blueprints/AI/ArcherAIArrow.ArcherAIArrow_C:UserConstructionScript:00DD
[2017.10.24-16.22.59:622][661]LogTemp: Repeting last play command: Simulate
[2017.10.24-16.22.59:703][661]LogBlueprintUserMessages: Early PlayInEditor Detection: Level '/Game/Vive/Maps/default.default:PersistentLevel' has LevelScriptBlueprint '/Game/Vive/Maps/default.default:PersistentLevel.default' with GeneratedClass '/Game/Vive/Maps/default.default_C' with ClassGeneratedBy '/Game/Vive/Maps/default.default:PersistentLevel.default'
[2017.10.24-16.22.59:703][661]LogPlayLevel: PlayLevel: No blueprints needed recompiling
[2017.10.24-16.22.59:703][661]PIE: New page: SIE session: default (Oct 24, 2017, 2:22:59 AM)
[2017.10.24-16.22.59:703][661]LogPlayLevel: Creating play world package: /Game/Vive/Maps/UEDPIE_0_default
[2017.10.24-16.22.59:864][661]LogPlayLevel: PIE: StaticDuplicateObject took: (0.160564s)
[2017.10.24-16.22.59:864][661]LogAIModule: Creating AISystem for world default
[2017.10.24-16.22.59:865][661]LogPlayLevel: PIE: World Init took: (0.000727s)
[2017.10.24-16.22.59:865][661]LogPlayLevel: PIE: Created PIE world by copying editor world from /Game/Vive/Maps/default.default to /Game/Vive/Maps/UEDPIE_0_default.default (0.161877s)
[2017.10.24-16.22.59:887][661]LogInit: XAudio2 using 'Speakers (2- USB Audio Device)' : 2 channels at 48 kHz using 16 bits per sample (channel mask 0x3)
[2017.10.24-16.22.59:893][661]LogInit: FAudioDevice initialized.
[2017.10.24-16.22.59:934][661]LogLoad: Game class is 'ViveGameMode_C'
[2017.10.24-16.22.59:944][661]LogWorld: Bringing World /Game/Vive/Maps/UEDPIE_0_default.default up for play (max tick rate 0) at 2017.10.24-09.22.59
[2017.10.24-16.22.59:947][661]LogWorld: Bringing up level for play took: 0.011639
[2017.10.24-16.22.59:947][661]LogGameMode: FindPlayerStart: PATHS NOT DEFINED or NO PLAYERSTART with positive rating
[2017.10.24-16.22.59:978][661]LogContentBrowser: Native class hierarchy updated for 'MovieSceneCapture' in 0.0005 seconds. Added 11 classes and 0 folders.
[2017.10.24-16.22.59:978][661]LogGameMode:Display: Match State Changed from EnteringMap to WaitingToStart
[2017.10.24-16.22.59:989][661]LogGameState: Match State Changed from EnteringMap to WaitingToStart
[2017.10.24-16.22.59:989][661]PIE: Info Play in editor start time for /Game/Vive/Maps/UEDPIE_0_default 0.831
[2017.10.24-16.22.59:997][661]LogBlueprintUserMessages: Late PlayInEditor Detection: Level '/Game/Vive/Maps/default.default:PersistentLevel' has LevelScriptBlueprint '/Game/Vive/Maps/default.default:PersistentLevel.default' with GeneratedClass '/Game/Vive/Maps/default.default_C' with ClassGeneratedBy '/Game/Vive/Maps/default.default:PersistentLevel.default'
[2017.10.24-16.23.01:295][784]LogBlueprintUserMessages: [Catapult_C_0] Handle1
[2017.10.24-16.23.01:296][784]LogScript:Warning: Accessed None trying to read property Catapult
	SoldierAI_C /Game/Vive/Maps/UEDPIE_0_default.default:PersistentLevel.SoldierAI_C_0
	Function /Game/Vive/Blueprints/AI/SoldierAI/SoldierAI.SoldierAI_C:ExecuteUbergraph_SoldierAI:0D92
[2017.10.24-16.23.01:296][784]PIE:Error: Error Blueprint Runtime Error: Accessed None trying to read property Catapult from function: 'ExecuteUbergraph_SoldierAI' from node: Branch in graph: EventGraph in object: SoldierAI with description: Accessed None trying to read property Catapult
[2017.10.24-16.23.01:512][805]LogBlueprintUserMessages: [Catapult_C_0] Handle2
[2017.10.24-16.23.05:377][162]LogBlueprintUserMessages: [BatteringRamOld_C_0] Handle1
[2017.10.24-16.23.05:600][182]LogBlueprintUserMessages: [BatteringRamOld_C_0] Handle2
[2017.10.24-16.23.09:318][453]LogBlueprintUserMessages: [Catapult_C_1] Handle1
[2017.10.24-16.23.09:318][453]LogScript:Warning: Accessed None trying to read property Catapult
	SoldierAI_C /Game/Vive/Maps/UEDPIE_0_default.default:PersistentLevel.SoldierAI_C_4
	Function /Game/Vive/Blueprints/AI/SoldierAI/SoldierAI.SoldierAI_C:ExecuteUbergraph_SoldierAI:0D92
[2017.10.24-16.23.09:318][453]PIE:Error: Error Blueprint Runtime Error: Accessed None trying to read property Catapult from function: 'ExecuteUbergraph_SoldierAI' from node: Branch in graph: EventGraph in object: SoldierAI with description: Accessed None trying to read property Catapult
[2017.10.24-16.23.09:541][468]LogBlueprintUserMessages: [Catapult_C_1] Handle2
[2017.10.24-16.23.13:402][813]LogBlueprintUserMessages: [BatteringRamOld_C_1] Handle1
[2017.10.24-16.23.13:627][830]LogBlueprintUserMessages: [BatteringRamOld_C_1] Handle2
[2017.10.24-16.23.31:977][603]Cmd: CAMERA ALIGN ACTIVEVIEWPORTONLY
[2017.10.24-16.23.34:039][773]Cmd: CAMERA ALIGN ACTIVEVIEWPORTONLY
[2017.10.24-16.23.36:391][988]LogEditorViewport: Clicking on Actor (LMB): Landscape (Landscape1)
[2017.10.24-16.23.37:036][ 55]LogEditorViewport: Clicking on Actor (LMB): Landscape (Landscape1)
[2017.10.24-16.23.37:449][ 97]LogEditorViewport: Clicking on Actor (LMB): PlayerCollision_C (PlayerCollision)
[2017.10.24-16.23.58:941][815]LogBlueprintUserMessages: [Catapult_C_1] Position is taken, cycle through next
[2017.10.24-16.24.01:718][ 29]LogBlueprintUserMessages: [ArcherAIArrow_C_0] ArrowHitPlayer
[2017.10.24-16.24.01:718][ 29]LogBlueprintUserMessages: [ArcherAIArrow_C_0] 75.0
[2017.10.24-16.24.04:718][256]LogBlueprintUserMessages: [ArcherAIArrow_C_2] ArrowHitPlayer
[2017.10.24-16.24.04:718][256]LogBlueprintUserMessages: [ArcherAIArrow_C_2] 50.0
[2017.10.24-16.24.04:798][262]LogBlueprintUserMessages: [CatapultAttackPositions_71] End Overlap
[2017.10.24-16.24.06:431][388]LogBlueprintUserMessages: [ArcherAIArrow_C_3] ArrowHitPlayer
[2017.10.24-16.24.06:431][388]LogBlueprintUserMessages: [ArcherAIArrow_C_3] 25.0
[2017.10.24-16.24.06:719][410]LogBlueprintUserMessages: [ArcherAttackPosition5_1030] End Overlap
[2017.10.24-16.24.06:735][411]LogBlueprintUserMessages: [ArcherAIArrow_C_4] ArrowHitPlayer
[2017.10.24-16.24.06:735][411]LogBlueprintUserMessages: [ArcherAIArrow_C_4] 25.0
[2017.10.24-16.24.08:123][519]LogBlueprintUserMessages: [ArcherAIArrow_C_5] ArrowHitPlayer
[2017.10.24-16.24.08:123][519]LogBlueprintUserMessages: [ArcherAIArrow_C_5] 0.0
[2017.10.24-16.24.08:304][533]LogBlueprintUserMessages: [ArcherAIArrow_C_6] ArrowHitPlayer
[2017.10.24-16.24.08:304][533]LogBlueprintUserMessages: [ArcherAIArrow_C_6] -25.0
[2017.10.24-16.24.09:712][641]LogBlueprintUserMessages: [ArcherAIArrow_C_7] ArrowHitPlayer
[2017.10.24-16.24.09:712][641]LogBlueprintUserMessages: [ArcherAIArrow_C_7] -50.0
[2017.10.24-16.24.10:188][678]LogBlueprintUserMessages: [ArcherAIArrow_C_8] ArrowHitPlayer
[2017.10.24-16.24.10:188][678]LogBlueprintUserMessages: [ArcherAIArrow_C_8] -75.0
[2017.10.24-16.24.11:428][775]LogBlueprintUserMessages: [ArcherAIArrow_C_9] ArrowHitPlayer
[2017.10.24-16.24.11:428][775]LogBlueprintUserMessages: [ArcherAIArrow_C_9] -100.0
[2017.10.24-16.24.11:720][798]LogBlueprintUserMessages: [ArcherAIArrow_C_10] ArrowHitPlayer
[2017.10.24-16.24.11:720][798]LogBlueprintUserMessages: [ArcherAIArrow_C_10] -125.0
[2017.10.24-16.24.13:134][908]LogBlueprintUserMessages: [ArcherAIArrow_C_11] ArrowHitPlayer
[2017.10.24-16.24.13:134][908]LogBlueprintUserMessages: [ArcherAIArrow_C_11] -125.0
[2017.10.24-16.24.13:766][958]LogBlueprintUserMessages: [BatteringRamAttackPosition2_398] Ram Damage
[2017.10.24-16.24.14:700][ 30]LogBlueprintUserMessages: [ArcherAIArrow_C_13] ArrowHitPlayer
[2017.10.24-16.24.14:700][ 30]LogBlueprintUserMessages: [ArcherAIArrow_C_13] -150.0
[2017.10.24-16.24.15:176][ 68]LogBlueprintUserMessages: [ArcherAIArrow_C_14] ArrowHitPlayer
[2017.10.24-16.24.15:176][ 68]LogBlueprintUserMessages: [ArcherAIArrow_C_14] -175.0
[2017.10.24-16.24.15:627][106]LogBlueprintUserMessages: Early EndPlayMap Detection: Level '/Game/Vive/Maps/default.default:PersistentLevel' has LevelScriptBlueprint '/Game/Vive/Maps/default.default:PersistentLevel.default' with GeneratedClass '/Game/Vive/Maps/default.default_C' with ClassGeneratedBy '/Game/Vive/Maps/default.default:PersistentLevel.default'
[2017.10.24-16.24.15:675][106]LogBlueprintUserMessages: Late EndPlayMap Detection: Level '/Game/Vive/Maps/default.default:PersistentLevel' has LevelScriptBlueprint '/Game/Vive/Maps/default.default:PersistentLevel.default' with GeneratedClass '/Game/Vive/Maps/default.default_C' with ClassGeneratedBy '/Game/Vive/Maps/default.default:PersistentLevel.default'
[2017.10.24-16.24.16:599][210]LogScript:Warning: Accessed None trying to read property K2Node_DynamicCast_AsArcher_Attack_Position
	ArcherAi_C /Engine/Transient.World_5:PersistentLevel.ArcherAi_C_1
	Function /Game/Vive/Blueprints/AI/ArcherAI/ArcherAi.ArcherAi_C:ExecuteUbergraph_ArcherAi:05EB
[2017.10.24-16.24.16:600][210]LogScript:Warning: Accessed None trying to read property K2Node_DynamicCast_AsArcher_Attack_Position
	ArcherAi_C /Engine/Transient.World_5:PersistentLevel.ArcherAi_C_1
	Function /Game/Vive/Blueprints/AI/ArcherAI/ArcherAi.ArcherAi_C:ExecuteUbergraph_ArcherAi:061D
[2017.10.24-16.24.16:600][210]LogScriptCore:Warning: Script Msg: Attempted to access index 0 from array CallFunc_GetAllActorsOfClass_OutActors of length 0!
[2017.10.24-16.24.16:600][210]LogScript:Warning: Accessed None trying to read property CallFunc_Array_Get_Item
	ArcherAi_C /Engine/Transient.World_5:PersistentLevel.ArcherAi_C_1
	Function /Game/Vive/Blueprints/AI/ArcherAI/ArcherAi.ArcherAi_C:ExecuteUbergraph_ArcherAi:0687
[2017.10.24-16.24.16:600][210]LogScript:Warning: Accessed None
	ArcherAi_C /Engine/Transient.World_5:PersistentLevel.ArcherAi_C_1
	Function /Game/Vive/Blueprints/AI/ArcherAI/ArcherAi.ArcherAi_C:ExecuteUbergraph_ArcherAi:069C
[2017.10.24-16.24.16:600][210]LogScript:Warning: Accessed None trying to read property K2Node_DynamicCast_AsArcher_Attack_Position
	ArcherAi_C /Engine/Transient.World_5:PersistentLevel.ArcherAi_C_1
	Function /Game/Vive/Blueprints/AI/ArcherAI/ArcherAi.ArcherAi_C:ExecuteUbergraph_ArcherAi:0836
[2017.10.24-16.24.16:600][210]LogScript:Warning: Accessed None trying to read property K2Node_DynamicCast_AsArcher_Attack_Position
	ArcherAi_C /Engine/Transient.World_5:PersistentLevel.ArcherAi_C_1
	Function /Game/Vive/Blueprints/AI/ArcherAI/ArcherAi.ArcherAi_C:ExecuteUbergraph_ArcherAi:0868
[2017.10.24-16.24.16:600][210]LogScriptCore:Warning: Script Msg: Attempted to access index 0 from array CallFunc_GetAllActorsOfClass_OutActors of length 0!
[2017.10.24-16.24.16:600][210]LogScript:Warning: Accessed None trying to read property CallFunc_Array_Get_Item
	ArcherAi_C /Engine/Transient.World_5:PersistentLevel.ArcherAi_C_1
	Function /Game/Vive/Blueprints/AI/ArcherAI/ArcherAi.ArcherAi_C:ExecuteUbergraph_ArcherAi:08D2
[2017.10.24-16.24.16:600][210]LogScript:Warning: Accessed None
	ArcherAi_C /Engine/Transient.World_5:PersistentLevel.ArcherAi_C_1
	Function /Game/Vive/Blueprints/AI/ArcherAI/ArcherAi.ArcherAi_C:ExecuteUbergraph_ArcherAi:08E7
[2017.10.24-16.24.16:600][210]LogScriptCore:Warning: Script Msg: Attempted to access index 0 from array CallFunc_GetAllActorsOfClass_OutActors of length 0!
[2017.10.24-16.24.16:600][210]LogScript:Warning: Accessed None trying to read property CallFunc_Array_Get_Item
	ArcherAIArrow_C /Engine/Transient.World_5:PersistentLevel.ArcherAIArrow_C_2
	Function /Game/Vive/Blueprints/AI/ArcherAIArrow.ArcherAIArrow_C:UserConstructionScript:00C8
[2017.10.24-16.24.16:600][210]LogScript:Warning: Accessed None
	ArcherAIArrow_C /Engine/Transient.World_5:PersistentLevel.ArcherAIArrow_C_2
	Function /Game/Vive/Blueprints/AI/ArcherAIArrow.ArcherAIArrow_C:UserConstructionScript:00DD
[2017.10.24-16.24.21:728][353]LogScript:Warning: Accessed None trying to read property K2Node_DynamicCast_AsArcher_Attack_Position
	ArcherAi_C /Engine/Transient.World_5:PersistentLevel.ArcherAi_C_1
	Function /Game/Vive/Blueprints/AI/ArcherAI/ArcherAi.ArcherAi_C:ExecuteUbergraph_ArcherAi:05EB
[2017.10.24-16.24.21:728][353]LogScriptCore:Warning: Script Msg: Attempted to access index 0 from array CallFunc_GetAllActorsOfClass_OutActors of length 0!
[2017.10.24-16.24.21:728][353]LogScriptCore:Warning: Script Msg: Attempted to access index 0 from array CallFunc_GetAllActorsOfClass_OutActors of length 0!
[2017.10.24-16.24.21:729][353]LogScriptCore:Warning: Script Msg: Attempted to access index 0 from array CallFunc_GetAllActorsOfClass_OutActors of length 0!
[2017.10.24-16.24.21:729][353]LogScript:Warning: Accessed None trying to read property CallFunc_Array_Get_Item
	ArcherAIArrow_C /Engine/Transient.World_5:PersistentLevel.ArcherAIArrow_C_3
	Function /Game/Vive/Blueprints/AI/ArcherAIArrow.ArcherAIArrow_C:UserConstructionScript:00C8
[2017.10.24-16.24.21:729][353]LogScript:Warning: Accessed None
	ArcherAIArrow_C /Engine/Transient.World_5:PersistentLevel.ArcherAIArrow_C_3
	Function /Game/Vive/Blueprints/AI/ArcherAIArrow.ArcherAIArrow_C:UserConstructionScript:00DD
[2017.10.24-16.24.26:727][368]LogScriptCore:Warning: Script Msg: Attempted to access index 0 from array CallFunc_GetAllActorsOfClass_OutActors of length 0!
[2017.10.24-16.24.26:727][368]LogScriptCore:Warning: Script Msg: Attempted to access index 0 from array CallFunc_GetAllActorsOfClass_OutActors of length 0!
[2017.10.24-16.24.26:728][368]LogScriptCore:Warning: Script Msg: Attempted to access index 0 from array CallFunc_GetAllActorsOfClass_OutActors of length 0!
[2017.10.24-16.24.26:728][368]LogScript:Warning: Accessed None trying to read property CallFunc_Array_Get_Item
	ArcherAIArrow_C /Engine/Transient.World_5:PersistentLevel.ArcherAIArrow_C_4
	Function /Game/Vive/Blueprints/AI/ArcherAIArrow.ArcherAIArrow_C:UserConstructionScript:00C8
[2017.10.24-16.24.26:728][368]LogScript:Warning: Accessed None
	ArcherAIArrow_C /Engine/Transient.World_5:PersistentLevel.ArcherAIArrow_C_4
	Function /Game/Vive/Blueprints/AI/ArcherAIArrow.ArcherAIArrow_C:UserConstructionScript:00DD
[2017.10.24-16.24.31:727][383]LogScriptCore:Warning: Script Msg: Attempted to access index 0 from array CallFunc_GetAllActorsOfClass_OutActors of length 0!
[2017.10.24-16.24.31:727][383]LogScriptCore:Warning: Script Msg: Attempted to access index 0 from array CallFunc_GetAllActorsOfClass_OutActors of length 0!
[2017.10.24-16.24.31:728][383]LogScriptCore:Warning: Script Msg: Attempted to access index 0 from array CallFunc_GetAllActorsOfClass_OutActors of length 0!
[2017.10.24-16.24.31:728][383]LogScript:Warning: Accessed None trying to read property CallFunc_Array_Get_Item
	ArcherAIArrow_C /Engine/Transient.World_5:PersistentLevel.ArcherAIArrow_C_5
	Function /Game/Vive/Blueprints/AI/ArcherAIArrow.ArcherAIArrow_C:UserConstructionScript:00C8
[2017.10.24-16.24.31:728][383]LogScript:Warning: Accessed None
	ArcherAIArrow_C /Engine/Transient.World_5:PersistentLevel.ArcherAIArrow_C_5
	Function /Game/Vive/Blueprints/AI/ArcherAIArrow.ArcherAIArrow_C:UserConstructionScript:00DD
[2017.10.24-16.24.36:727][398]LogScriptCore:Warning: Script Msg: Attempted to access index 0 from array CallFunc_GetAllActorsOfClass_OutActors of length 0!
[2017.10.24-16.24.36:727][398]LogScriptCore:Warning: Script Msg: Attempted to access index 0 from array CallFunc_GetAllActorsOfClass_OutActors of length 0!
[2017.10.24-16.24.36:727][398]LogScriptCore:Warning: Script Msg: Attempted to access index 0 from array CallFunc_GetAllActorsOfClass_OutActors of length 0!
[2017.10.24-16.24.36:727][398]LogScript:Warning: Accessed None trying to read property CallFunc_Array_Get_Item
	ArcherAIArrow_C /Engine/Transient.World_5:PersistentLevel.ArcherAIArrow_C_6
	Function /Game/Vive/Blueprints/AI/ArcherAIArrow.ArcherAIArrow_C:UserConstructionScript:00C8
[2017.10.24-16.24.36:727][398]LogScript:Warning: Accessed None
	ArcherAIArrow_C /Engine/Transient.World_5:PersistentLevel.ArcherAIArrow_C_6
	Function /Game/Vive/Blueprints/AI/ArcherAIArrow.ArcherAIArrow_C:UserConstructionScript:00DD
[2017.10.24-16.24.41:728][413]LogScriptCore:Warning: Script Msg: Attempted to access index 0 from array CallFunc_GetAllActorsOfClass_OutActors of length 0!
[2017.10.24-16.24.41:728][413]LogScriptCore:Warning: Script Msg: Attempted to access index 0 from array CallFunc_GetAllActorsOfClass_OutActors of length 0!
[2017.10.24-16.24.41:728][413]LogScriptCore:Warning: Script Msg: Attempted to access index 0 from array CallFunc_GetAllActorsOfClass_OutActors of length 0!
[2017.10.24-16.24.41:728][413]LogScript:Warning: Accessed None trying to read property CallFunc_Array_Get_Item
	ArcherAIArrow_C /Engine/Transient.World_5:PersistentLevel.ArcherAIArrow_C_7
	Function /Game/Vive/Blueprints/AI/ArcherAIArrow.ArcherAIArrow_C:UserConstructionScript:00C8
[2017.10.24-16.24.41:728][413]LogScript:Warning: Accessed None
	ArcherAIArrow_C /Engine/Transient.World_5:PersistentLevel.ArcherAIArrow_C_7
	Function /Game/Vive/Blueprints/AI/ArcherAIArrow.ArcherAIArrow_C:UserConstructionScript:00DD
[2017.10.24-16.24.46:727][428]LogScriptCore:Warning: Script Msg: Attempted to access index 0 from array CallFunc_GetAllActorsOfClass_OutActors of length 0!
[2017.10.24-16.24.46:727][428]LogScriptCore:Warning: Script Msg: Attempted to access index 0 from array CallFunc_GetAllActorsOfClass_OutActors of length 0!
[2017.10.24-16.24.46:727][428]LogScriptCore:Warning: Script Msg: Attempted to access index 0 from array CallFunc_GetAllActorsOfClass_OutActors of length 0!
[2017.10.24-16.24.46:727][428]LogScript:Warning: Accessed None trying to read property CallFunc_Array_Get_Item
	ArcherAIArrow_C /Engine/Transient.World_5:PersistentLevel.ArcherAIArrow_C_8
	Function /Game/Vive/Blueprints/AI/ArcherAIArrow.ArcherAIArrow_C:UserConstructionScript:00C8
[2017.10.24-16.24.46:727][428]LogScript:Warning: Accessed None
	ArcherAIArrow_C /Engine/Transient.World_5:PersistentLevel.ArcherAIArrow_C_8
	Function /Game/Vive/Blueprints/AI/ArcherAIArrow.ArcherAIArrow_C:UserConstructionScript:00DD
[2017.10.24-16.24.51:727][443]LogScriptCore:Warning: Script Msg: Attempted to access index 0 from array CallFunc_GetAllActorsOfClass_OutActors of length 0!
[2017.10.24-16.24.51:727][443]LogScriptCore:Warning: Script Msg: Attempted to access index 0 from array CallFunc_GetAllActorsOfClass_OutActors of length 0!
[2017.10.24-16.24.51:728][443]LogScriptCore:Warning: Script Msg: Attempted to access index 0 from array CallFunc_GetAllActorsOfClass_OutActors of length 0!
[2017.10.24-16.24.51:728][443]LogScript:Warning: Accessed None trying to read property CallFunc_Array_Get_Item
	ArcherAIArrow_C /Engine/Transient.World_5:PersistentLevel.ArcherAIArrow_C_9
	Function /Game/Vive/Blueprints/AI/ArcherAIArrow.ArcherAIArrow_C:UserConstructionScript:00C8
[2017.10.24-16.24.51:728][443]LogScript:Warning: Accessed None
	ArcherAIArrow_C /Engine/Transient.World_5:PersistentLevel.ArcherAIArrow_C_9
	Function /Game/Vive/Blueprints/AI/ArcherAIArrow.ArcherAIArrow_C:UserConstructionScript:00DD
[2017.10.24-16.24.56:727][458]LogScriptCore:Warning: Script Msg: Attempted to access index 0 from array CallFunc_GetAllActorsOfClass_OutActors of length 0!
[2017.10.24-16.24.56:727][458]LogScriptCore:Warning: Script Msg: Attempted to access index 0 from array CallFunc_GetAllActorsOfClass_OutActors of length 0!
[2017.10.24-16.24.56:728][458]LogScriptCore:Warning: Script Msg: Attempted to access index 0 from array CallFunc_GetAllActorsOfClass_OutActors of length 0!
[2017.10.24-16.24.56:728][458]LogScript:Warning: Accessed None trying to read property CallFunc_Array_Get_Item
	ArcherAIArrow_C /Engine/Transient.World_5:PersistentLevel.ArcherAIArrow_C_10
	Function /Game/Vive/Blueprints/AI/ArcherAIArrow.ArcherAIArrow_C:UserConstructionScript:00C8
[2017.10.24-16.24.56:728][458]LogScript:Warning: Accessed None
	ArcherAIArrow_C /Engine/Transient.World_5:PersistentLevel.ArcherAIArrow_C_10
	Function /Game/Vive/Blueprints/AI/ArcherAIArrow.ArcherAIArrow_C:UserConstructionScript:00DD
[2017.10.24-16.25.01:728][473]LogScriptCore:Warning: Script Msg: Attempted to access index 0 from array CallFunc_GetAllActorsOfClass_OutActors of length 0!
[2017.10.24-16.25.01:728][473]LogScriptCore:Warning: Script Msg: Attempted to access index 0 from array CallFunc_GetAllActorsOfClass_OutActors of length 0!
[2017.10.24-16.25.01:728][473]LogScriptCore:Warning: Script Msg: Attempted to access index 0 from array CallFunc_GetAllActorsOfClass_OutActors of length 0!
[2017.10.24-16.25.01:728][473]LogScript:Warning: Accessed None trying to read property CallFunc_Array_Get_Item
	ArcherAIArrow_C /Engine/Transient.World_5:PersistentLevel.ArcherAIArrow_C_11
	Function /Game/Vive/Blueprints/AI/ArcherAIArrow.ArcherAIArrow_C:UserConstructionScript:00C8
[2017.10.24-16.25.01:728][473]LogScript:Warning: Accessed None
	ArcherAIArrow_C /Engine/Transient.World_5:PersistentLevel.ArcherAIArrow_C_11
	Function /Game/Vive/Blueprints/AI/ArcherAIArrow.ArcherAIArrow_C:UserConstructionScript:00DD
[2017.10.24-16.25.06:727][488]LogScriptCore:Warning: Script Msg: Attempted to access index 0 from array CallFunc_GetAllActorsOfClass_OutActors of length 0!
[2017.10.24-16.25.06:727][488]LogScriptCore:Warning: Script Msg: Attempted to access index 0 from array CallFunc_GetAllActorsOfClass_OutActors of length 0!
[2017.10.24-16.25.06:727][488]LogScriptCore:Warning: Script Msg: Attempted to access index 0 from array CallFunc_GetAllActorsOfClass_OutActors of length 0!
[2017.10.24-16.25.06:727][488]LogScript:Warning: Accessed None trying to read property CallFunc_Array_Get_Item
	ArcherAIArrow_C /Engine/Transient.World_5:PersistentLevel.ArcherAIArrow_C_12
	Function /Game/Vive/Blueprints/AI/ArcherAIArrow.ArcherAIArrow_C:UserConstructionScript:00C8
[2017.10.24-16.25.06:727][488]LogScript:Warning: Accessed None
	ArcherAIArrow_C /Engine/Transient.World_5:PersistentLevel.ArcherAIArrow_C_12
	Function /Game/Vive/Blueprints/AI/ArcherAIArrow.ArcherAIArrow_C:UserConstructionScript:00DD
