Log file open, 11/28/17 00:10:00
LogInit:Display: Running engine for game: CastleGuardReborn
LogPlatformFile: Not using cached read wrapper
LogInit:Display: RandInit(1161148732) SRandInit(1161148733).
LogTaskGraph: Started task graph with 5 named threads and 8 total threads with 1 sets of task threads.
LogStats: Stats thread started at 0.098733
LogInit: Using libcurl 7.47.1
LogInit:  - built for x86_64-pc-win32
LogInit:  - supports SSL with OpenSSL/1.0.2g
LogInit:  - supports HTTP deflate (compression) using libz 1.2.8
LogInit:  - other features:
LogInit:      CURL_VERSION_SSL
LogInit:      CURL_VERSION_LIBZ
LogInit:      CURL_VERSION_IPV6
LogInit:      CURL_VERSION_ASYNCHDNS
LogInit:      CURL_VERSION_LARGEFILE
LogInit:      CURL_VERSION_IDN
LogInit:  CurlRequestOptions (configurable via config and command line):
LogInit:  - bVerifyPeer = false  - Libcurl will NOT verify peer certificate
LogInit:  - bUseHttpProxy = false  - Libcurl will NOT use HTTP proxy
LogInit:  - bDontReuseConnections = false  - Libcurl will reuse connections
LogInit:  - CertBundlePath = nullptr  - Libcurl will use whatever was configured at build time.
LogInit: Build: ++UE4+Release-4.16-CL-3514769
LogInit: Engine Version: 4.16.2-3514769+++UE4+Release-4.16
LogInit: Compatible Engine Version: 4.16.0-3452394+++UE4+Release-4.16
LogInit: Net CL: 3452394
LogDevObjectVersion: Number of dev versions registered: 16
LogDevObjectVersion:   Dev-Blueprints (B0D832E4-1F89-4F0D-ACCF-7EB736FD4AA2): 9
LogDevObjectVersion:   Dev-Build (E1C64328-A22C-4D53-A36C-8E866417BD8C): 0
LogDevObjectVersion:   Dev-Core (375EC13C-06E4-48FB-B500-84F0262A717E): 2
LogDevObjectVersion:   Dev-Editor (E4B068ED-F494-42E9-A231-DA0B2E46BB41): 17
LogDevObjectVersion:   Dev-Framework (CFFC743F-43B0-4480-9391-14DF171D2073): 23
LogDevObjectVersion:   Dev-Mobile (B02B49B5-BB20-44E9-A304-32B752E40360): 0
LogDevObjectVersion:   Dev-Networking (A4E4105C-59A1-49B5-A7C5-40C4547EDFEE): 0
LogDevObjectVersion:   Dev-Online (39C831C9-5AE6-47DC-9A44-9C173E1C8E7C): 0
LogDevObjectVersion:   Dev-Physics (78F01B33-EBEA-4F98-B9B4-84EACCB95AA2): 0
LogDevObjectVersion:   Dev-Platform (6631380F-2D4D-43E0-8009-CF276956A95A): 0
LogDevObjectVersion:   Dev-Rendering (12F88B9F-8875-4AFC-A67C-D90C383ABD29): 15
LogDevObjectVersion:   Dev-Sequencer (7B5AE74C-D270-4C10-A958-57980B212A5A): 4
LogDevObjectVersion:   Dev-VR (D7296918-1DD6-4BDD-9DE2-64A83CC13884): 0
LogDevObjectVersion:   Dev-LoadTimes (C2A15278-BFE7-4AFE-6C17-90FF531DF755): 1
LogDevObjectVersion:   Private-Geometry (6EACA3D4-40EC-4CC1-B786-8BED09428FC5): 1
LogDevObjectVersion:   Dev-AnimPhys (29E575DD-E0A3-4627-9D10-D276232CDCEA): 3
LogInit: Compiled (64-bit): Jun 29 2017 02:03:24
LogInit: Compiled with Visual C++: 19.00.24215.01
LogInit: Build Configuration: Development
LogInit: Branch Name: ++UE4+Release-4.16
LogInit: Command line:  
LogInit: Base directory: C:/Program Files/Epic Games/UE_4.16/Engine/Binaries/Win64/
LogInit: Installed Engine Build: 1
LogInit: Presizing for max 8388607 objects, including 0 objects not considered by GC, pre-allocating 0 bytes for permanent pool.
LogInit: Object subsystem initialized
[2017.11.28-08.10.00:969][  0]LogInit: Selected Device Profile: [Windows]
[2017.11.28-08.10.00:969][  0]LogInit: Applying CVar settings loaded from the selected device profile: [Windows]
[2017.11.28-08.10.01:002][  0]LogInit: Computer: LCIVAN-238-00
[2017.11.28-08.10.01:002][  0]LogInit: User: studentuser
[2017.11.28-08.10.01:002][  0]LogInit: CPU Page size=4096, Cores=4
[2017.11.28-08.10.01:002][  0]LogInit: High frequency timer resolution =4.101560 MHz
[2017.11.28-08.10.01:002][  0]LogMemory: Memory total: Physical=15.9GB (16GB approx)
[2017.11.28-08.10.01:002][  0]LogMemory: Platform Memory Stats for Windows
[2017.11.28-08.10.01:002][  0]LogMemory: Process Physical Memory: 275.06 MB used, 275.06 MB peak
[2017.11.28-08.10.01:002][  0]LogMemory: Process Virtual Memory: 276.93 MB used, 276.93 MB peak
[2017.11.28-08.10.01:002][  0]LogMemory: Physical Memory: 3909.13 MB used,  12374.32 MB free, 16283.45 MB total
[2017.11.28-08.10.01:002][  0]LogMemory: Virtual Memory: 654.49 MB used,  12374.32 MB free, 134217728.00 MB total
[2017.11.28-08.10.01:259][  0]LogInit: Using OS detected language (en-US).
[2017.11.28-08.10.01:259][  0]LogInit: Using OS detected locale (en-CA).
[2017.11.28-08.10.01:307][  0]LogTextLocalizationManager: No specific localization for 'en-US' exists, so the 'en' localization will be used.
[2017.11.28-08.10.03:629][  0]LogD3D11RHI: D3D11 adapters:
[2017.11.28-08.10.03:670][  0]LogD3D11RHI:    0. 'NVIDIA GeForce GTX 1070' (Feature Level 11_0)
[2017.11.28-08.10.03:670][  0]LogD3D11RHI:       8115/0/8141 MB DedicatedVideo/DedicatedSystem/SharedSystem, Outputs:1, VendorId:0x10de
[2017.11.28-08.10.03:685][  0]LogD3D11RHI:    1. 'Intel(R) HD Graphics 630' (Feature Level 11_0)
[2017.11.28-08.10.03:685][  0]LogD3D11RHI:       128/0/8141 MB DedicatedVideo/DedicatedSystem/SharedSystem, Outputs:0, VendorId:0x8086
[2017.11.28-08.10.03:687][  0]LogD3D11RHI:    2. 'Microsoft Basic Render Driver' (Feature Level 11_0)
[2017.11.28-08.10.03:687][  0]LogD3D11RHI:       0/0/8141 MB DedicatedVideo/DedicatedSystem/SharedSystem, Outputs:0, VendorId:0x1414
[2017.11.28-08.10.03:687][  0]LogD3D11RHI: Chosen D3D11 Adapter: 0
[2017.11.28-08.10.03:694][  0]LogD3D11RHI: Creating new Direct3DDevice
[2017.11.28-08.10.03:694][  0]LogD3D11RHI:     GPU DeviceId: 0x1b81 (for the marketing name, search the web for "GPU Device Id")
[2017.11.28-08.10.03:694][  0]LogWindows: EnumDisplayDevices:
[2017.11.28-08.10.03:694][  0]LogWindows:    0. 'NVIDIA GeForce GTX 1070' (P:1 D:1)
[2017.11.28-08.10.03:694][  0]LogWindows:    1. 'NVIDIA GeForce GTX 1070' (P:0 D:0)
[2017.11.28-08.10.03:694][  0]LogWindows:    2. 'NVIDIA GeForce GTX 1070' (P:0 D:0)
[2017.11.28-08.10.03:694][  0]LogWindows:    3. 'NVIDIA GeForce GTX 1070' (P:0 D:0)
[2017.11.28-08.10.03:694][  0]LogWindows:    4. 'Intel(R) HD Graphics 630' (P:0 D:0)
[2017.11.28-08.10.03:695][  0]LogWindows:    5. 'Intel(R) HD Graphics 630' (P:0 D:0)
[2017.11.28-08.10.03:695][  0]LogWindows:    6. 'Intel(R) HD Graphics 630' (P:0 D:0)
[2017.11.28-08.10.03:695][  0]LogWindows: DebugString: PrimaryIsNotTheChoosenAdapter PrimaryIsNotTheChoosenAdapter PrimaryIsNotTheChoosenAdapter FoundDriverCount:4 
[2017.11.28-08.10.03:695][  0]LogD3D11RHI:     Adapter Name: NVIDIA GeForce GTX 1070
[2017.11.28-08.10.03:695][  0]LogD3D11RHI:   Driver Version: 382.66 (internal:22.21.13.8266, unified:382.66)
[2017.11.28-08.10.03:695][  0]LogD3D11RHI:      Driver Date: 6-25-2017
[2017.11.28-08.10.03:695][  0]LogRHI: Texture pool is 1361 MB (70% of 1945 MB)
[2017.11.28-08.10.03:721][  0]LogD3D11RHI: Async texture creation enabled
[2017.11.28-08.10.03:745][  0]LogD3D11RHI: GPU Timing Frequency: 1000.000000 (Debug: 2 1)
[2017.11.28-08.10.03:802][  0]LogShaderCompilers: Guid format shader working directory is -6 characters bigger than the processId version (D:/CastleGuardCurrent/CastleGuardPhase2/CastleGuardReborn/Intermediate/Shaders/WorkingDirectory/13540/).
[2017.11.28-08.10.03:802][  0]LogShaderCompilers: Cleaned the shader compiler working directory 'C:/Users/studentuser/AppData/Local/Temp/UnrealShaderWorkingDir/F9B6A0904211AAB7E93D31904B84AE0B/'.
[2017.11.28-08.10.03:802][  0]LogShaderCompilers:Display: Using Local Shader Compiler.
[2017.11.28-08.10.05:398][  0]LogTemp:Display: Loaded TP AllDesktopTargetPlatform
[2017.11.28-08.10.05:432][  0]LogTemp:Display: Loaded TP MacClientTargetPlatform
[2017.11.28-08.10.05:466][  0]LogTemp:Display: Loaded TP MacNoEditorTargetPlatform
[2017.11.28-08.10.05:499][  0]LogTemp:Display: Loaded TP MacServerTargetPlatform
[2017.11.28-08.10.05:538][  0]LogTemp:Display: Loaded TP MacTargetPlatform
[2017.11.28-08.10.05:572][  0]LogTemp:Display: Loaded TP WindowsClientTargetPlatform
[2017.11.28-08.10.05:605][  0]LogTemp:Display: Loaded TP WindowsNoEditorTargetPlatform
[2017.11.28-08.10.05:640][  0]LogTemp:Display: Loaded TP WindowsServerTargetPlatform
[2017.11.28-08.10.05:670][  0]LogTemp:Display: Loaded TP WindowsTargetPlatform
[2017.11.28-08.10.05:706][  0]LogTemp:Display: Loaded TP AndroidTargetPlatform
[2017.11.28-08.10.05:739][  0]LogTemp:Display: Loaded TP Android_ASTCTargetPlatform
[2017.11.28-08.10.05:772][  0]LogTemp:Display: Loaded TP Android_ATCTargetPlatform
[2017.11.28-08.10.05:805][  0]LogTemp:Display: Loaded TP Android_DXTTargetPlatform
[2017.11.28-08.10.05:838][  0]LogTemp:Display: Loaded TP Android_ETC1TargetPlatform
[2017.11.28-08.10.05:871][  0]LogTemp:Display: Loaded TP Android_ETC2TargetPlatform
[2017.11.28-08.10.05:937][  0]LogTemp:Display: Loaded TP Android_MultiTargetPlatform
[2017.11.28-08.10.05:937][  0]LogTemp:Display: Loaded TP Android_PVRTCTargetPlatform
[2017.11.28-08.10.05:963][  0]LogTemp:Display: Loaded TP HTML5TargetPlatform
[2017.11.28-08.10.06:041][  0]LogTemp:Display: Loaded TP IOSTargetPlatform
[2017.11.28-08.10.06:061][  0]LogTemp:Display: Loaded TP TVOSTargetPlatform
[2017.11.28-08.10.06:093][  0]LogTemp:Display: Loaded TP LinuxClientTargetPlatform
[2017.11.28-08.10.06:126][  0]LogTemp:Display: Loaded TP LinuxNoEditorTargetPlatform
[2017.11.28-08.10.06:159][  0]LogTemp:Display: Loaded TP LinuxServerTargetPlatform
[2017.11.28-08.10.06:196][  0]LogTemp:Display: Loaded TP LinuxTargetPlatform
[2017.11.28-08.10.06:196][  0]LogTargetPlatformManager:Display: Building Assets For Windows
[2017.11.28-08.10.06:639][  0]LogDerivedDataCache:Display: Max Cache Size: 512 MB
[2017.11.28-08.10.07:108][  0]LogDerivedDataCache: Loaded boot cache 0.47s 90MB C:/Users/studentuser/AppData/Local/UnrealEngine/4.16/DerivedDataCache/Boot.ddc.
[2017.11.28-08.10.07:108][  0]LogDerivedDataCache:Display: Loaded Boot cache: C:/Users/studentuser/AppData/Local/UnrealEngine/4.16/DerivedDataCache/Boot.ddc
[2017.11.28-08.10.07:108][  0]LogDerivedDataCache: FDerivedDataBackendGraph:  Pak pak cache file D:/CastleGuardCurrent/CastleGuardPhase2/CastleGuardReborn/DerivedDataCache/DDC.ddp not found, will not use a pak cache.
[2017.11.28-08.10.07:108][  0]LogDerivedDataCache: Unable to find inner node Pak for hierarchical cache Hierarchy.
[2017.11.28-08.10.07:108][  0]LogDerivedDataCache: FDerivedDataBackendGraph:  CompressedPak pak cache file D:/CastleGuardCurrent/CastleGuardPhase2/CastleGuardReborn/DerivedDataCache/Compressed.ddp not found, will not use a pak cache.
[2017.11.28-08.10.07:108][  0]LogDerivedDataCache: Unable to find inner node CompressedPak for hierarchical cache Hierarchy.
[2017.11.28-08.10.07:130][  0]LogDerivedDataCache:Display: Pak cache opened for reading ../../../Engine/DerivedDataCache/Compressed.ddp.
[2017.11.28-08.10.07:142][  0]LogDerivedDataCache: Using Local data cache path C:/Users/studentuser/AppData/Local/UnrealEngine/Common/DerivedDataCache: Writable
[2017.11.28-08.10.07:154][  0]LogMaterial: Verifying Global Shaders for PCD3D_SM5
[2017.11.28-08.10.07:160][  0]LogSlate: Using Freetype 2.6.0
[2017.11.28-08.10.07:176][  0]LogSlate: SlateFontCache - WITH_FREETYPE: 1, WITH_HARFBUZZ: 1
[2017.11.28-08.10.07:176][  0]LogSlate: SlateFontCache - WITH_FREETYPE: 1, WITH_HARFBUZZ: 1
[2017.11.28-08.10.07:876][  0]LogInit: Selected Device Profile: [Windows]
[2017.11.28-08.10.08:029][  0]LogContentStreaming: Texture pool size is 0.00 MB
[2017.11.28-08.10.08:210][  0]LogMeshUtilities: Using QuadricMeshReduction for automatic static mesh reduction
[2017.11.28-08.10.08:252][  0]LogSimplygon: Simplygon DLL not present - disabling.
[2017.11.28-08.10.08:290][  0]LogMeshUtilities: Using SimplygonSwarm for distributed automatic mesh merging
[2017.11.28-08.10.08:290][  0]LogMeshUtilities: No automatic skeletal mesh reduction module available
[2017.11.28-08.10.08:290][  0]LogMeshUtilities: No automatic mesh merging module available
[2017.11.28-08.10.09:383][  0]LogNetVersion: CastleGuardReborn , NetCL: 3452394, EngineNetVer: 2, GameNetVer: 0 (Checksum: 2303850599)
[2017.11.28-08.10.09:464][  0]LogAssetRegistry: FAssetRegistry took 0.0285 seconds to start up
[2017.11.28-08.10.09:573][  0]LogPackageLocalizationCache: Processed 4 localized package path(s) for 2 prioritized culture(s) in 0.084909 seconds
[2017.11.28-08.10.09:578][  0]LogUObjectArray: 34194 objects as part of root set at end of initial load.
[2017.11.28-08.10.09:578][  0]LogUObjectAllocator: 7260416 out of 0 bytes used by permanent object pool.
[2017.11.28-08.10.09:578][  0]LogUObjectArray: CloseDisregardForGC: 0/0 objects in disregard for GC pool
[2017.11.28-08.10.09:624][  0]LogInit: WinSock: version 1.1 (2.2), MaxSocks=32767, MaxUdp=65467
[2017.11.28-08.10.13:953][  0]LogTcpMessaging: Initializing TcpMessaging bridge
[2017.11.28-08.10.13:987][  0]LogUdpMessaging: Initializing bridge on interface 0.0.0.0:0 to multicast group 230.0.0.1:6666.
[2017.11.28-08.10.14:559][  0]LogMaterial: Uniform references updated for custom material expression Custom.
[2017.11.28-08.10.14:940][  0]SourceControl: Info Source control is disabled
[2017.11.28-08.10.15:036][  0]SourceControl: Info Source control is disabled
[2017.11.28-08.10.15:074][  0]SourceControl: Info Source control is disabled
[2017.11.28-08.10.15:108][  0]SourceControl: Info Source control is disabled
[2017.11.28-08.10.15:639][  0]LogAndroidPermission: UAndroidPermissionCallbackProxy::GetInstance
[2017.11.28-08.10.16:096][  0]LogEngine: Initializing Engine...
[2017.11.28-08.10.18:952][  0]LogHMD: SteamVR initialized.  Driver: lighthouse  Display: LHR-A4D81BA4
[2017.11.28-08.10.19:434][  0]LogStats: UGameplayTagsManager::ConstructGameplayTagTree: Construct from data asset -  0.000 s
[2017.11.28-08.10.19:434][  0]LogStats: UGameplayTagsManager::ConstructGameplayTagTree: GameplayTagTreeChangedEvent.Broadcast -  0.000 s
[2017.11.28-08.10.19:553][  0]LogAIModule: Creating AISystem for world Untitled
[2017.11.28-08.10.19:573][  0]LogInit: XAudio2 using 'Speakers / Headphones (Realtek Audio)' : 2 channels at 48 kHz using 32 bits per sample (channel mask 0x3)
[2017.11.28-08.10.19:609][  0]LogInit: FAudioDevice initialized.
[2017.11.28-08.10.19:654][  0]LogDerivedDataCache: Saved boot cache 0.04s 90MB C:/Users/studentuser/AppData/Local/UnrealEngine/4.16/DerivedDataCache/Boot.ddc.
[2017.11.28-08.10.19:676][  0]LogInit: Texture streaming: Enabled
[2017.11.28-08.10.19:755][  0]LogEngineSessionManager: EngineSessionManager initialized
[2017.11.28-08.10.19:943][  0]LogInit: Transaction tracking system initialized
[2017.11.28-08.10.20:183][  0]BlueprintLog: New page: Editor Load
[2017.11.28-08.10.20:949][  0]LocalizationService: Info Localization service is disabled
[2017.11.28-08.10.21:499][  0]LogConsoleResponse:Display: 
[2017.11.28-08.10.21:896][  0]LogCook:Display: Max memory allowance for cook 16384mb min free memory 0mb
[2017.11.28-08.10.21:896][  0]LogCook:Display: Mobile HDR setting 1
[2017.11.28-08.10.22:797][  0]SourceControl: Info Source control is disabled
[2017.11.28-08.10.22:805][  0]Cmd: MAP LOAD FILE="D:/CastleGuardCurrent/CastleGuardPhase2/CastleGuardReborn/Content/VirtualRealityBP/Maps/default.umap" TEMPLATE=0 SHOWPROGRESS=1 FEATURELEVEL=3
[2017.11.28-08.10.22:809][  0]LightingResults: New page: Lighting Build
[2017.11.28-08.10.22:848][  0]MapCheck: New page: Map Check
[2017.11.28-08.10.22:848][  0]LightingResults: New page: Lighting Build
[2017.11.28-08.10.30:481][  0]LogClass:Warning: Enum '/Game/Vive/Blueprints/Enum_GameStatus.Enum_GameStatus' was upgraded to use FText to store its display name data. Please re-save this asset to avoid issues with localization and determinstic cooking.
[2017.11.28-08.10.30:712][  0]LogAIModule: Creating AISystem for world default
[2017.11.28-08.10.31:648][  0]LogEditorServer: Finished looking for orphan Actors (0.000 secs)
[2017.11.28-08.10.31:729][  0]Cmd: MAP CHECKDEP NOCLEARLOG
[2017.11.28-08.10.31:774][  0]MapCheck: Info Map check complete: 0 Error(s), 0 Warning(s), took 44.888ms to complete.
[2017.11.28-08.10.31:774][  0]LogFileHelpers: Loading map 'default' took 8.972
[2017.11.28-08.10.32:076][  0]LogCollectionManager: Loaded 0 collections in 0.001487 seconds
[2017.11.28-08.10.32:153][  0]LogFileCache: Scanning file cache for directory 'D:/CastleGuardCurrent/CastleGuardPhase2/CastleGuardReborn/Saved/Collections/' took 0.01s
[2017.11.28-08.10.32:153][  0]LogFileCache: Scanning file cache for directory 'D:/CastleGuardCurrent/CastleGuardPhase2/CastleGuardReborn/Content/Developers/studentuser/Collections/' took 0.01s
[2017.11.28-08.10.32:153][  0]LogFileCache: Scanning file cache for directory 'D:/CastleGuardCurrent/CastleGuardPhase2/CastleGuardReborn/Content/Collections/' took 0.01s
[2017.11.28-08.10.32:153][  0]LogCollectionManager: Rebuilt the GUID cache for 0 collections in 0.000001 seconds
[2017.11.28-08.10.32:161][  0]LogContentBrowser: Native class hierarchy populated in 0.0073 seconds. Added 2330 classes and 494 folders.
[2017.11.28-08.10.32:209][  0]LogContentBrowser: Native class hierarchy updated for 'WidgetCarousel' in 0.0004 seconds. Added 0 classes and 0 folders.
[2017.11.28-08.10.32:525][  0]LogContentBrowser: Native class hierarchy updated for 'AddContentDialog' in 0.0004 seconds. Added 0 classes and 0 folders.
[2017.11.28-08.10.32:565][  0]LogContentBrowser: Native class hierarchy updated for 'SceneOutliner' in 0.0004 seconds. Added 1 classes and 2 folders.
[2017.11.28-08.10.32:652][  0]LogCrashTracker: Crashtracker disabled due to settings.
[2017.11.28-08.10.32:667][  0]LogSlate: Took 0.004293 seconds to synchronously load lazily loaded font '../../../Engine/Content/Slate/Fonts/Roboto-Regular.ttf' (155K)
[2017.11.28-08.10.32:672][  0]LogSlate: Took 0.004272 seconds to synchronously load lazily loaded font '../../../Engine/Content/Slate/Fonts/Roboto-Bold.ttf' (160K)
[2017.11.28-08.10.32:682][  0]LogSlate: Took 0.005178 seconds to synchronously load lazily loaded font '../../../Engine/Content/Editor/Slate/Fonts/FontAwesome.ttf' (139K)
[2017.11.28-08.10.32:811][  0]LogRenderer: Reallocating scene render targets to support 1196x576 NumSamples 1 (Frame:1).
[2017.11.28-08.10.32:951][  0]LogUObjectGlobals:Warning: Failed to find object 'Class None.'
[2017.11.28-08.10.33:008][  0]LogContentBrowser: Native class hierarchy updated for 'HierarchicalLODOutliner' in 0.0004 seconds. Added 1 classes and 2 folders.
[2017.11.28-08.10.33:008][  0]LogLoad: (Engine Initialization) Total time: 34.64 seconds
[2017.11.28-08.10.33:008][  0]LogLoad: (Engine Initialization) Total Blueprint compile time: 0.77 seconds
[2017.11.28-08.10.33:008][  0]LogExternalProfiler: Found external profiler: VSPerf
[2017.11.28-08.10.33:008][  0]LogExternalProfiler: Using external profiler: VSPerf
[2017.11.28-08.10.33:019][  0]LogOcInput: OculusInput pre-init called
[2017.11.28-08.10.33:019][  0]LogHMD: Starting GearVRController plugin
[2017.11.28-08.10.33:050][  0]LogContentStreaming: Texture pool size now 1000 MB
[2017.11.28-08.10.33:115][  0]LogSlate: Took 0.004317 seconds to synchronously load lazily loaded font '../../../Engine/Content/Slate/Fonts/Roboto-Light.ttf' (159K)
[2017.11.28-08.10.33:128][  1]LogAssetRegistry: Asset discovery search completed in 23.6869 seconds
[2017.11.28-08.10.33:130][  1]LogCollectionManager: Rebuilt the object cache for 0 collections in 0.000001 seconds (found 0 objects)
[2017.11.28-08.10.33:130][  1]LogCollectionManager: Fixed up redirectors for 0 collections in 0.000057 seconds (updated 0 objects)
[2017.11.28-08.10.34:050][ 91]LogSlate: Took 0.000257 seconds to synchronously load lazily loaded font '../../../Engine/Content/Slate/Fonts/Roboto-Light.ttf' (159K)
[2017.11.28-08.11.34:734][346]LogSlate: Took 0.000102 seconds to synchronously load lazily loaded font '../../../Engine/Content/Slate/Fonts/Roboto-Light.ttf' (159K)
[2017.11.28-08.11.35:095][346]LogContentBrowser: Native class hierarchy updated for 'BlueprintGraph' in 0.0009 seconds. Added 112 classes and 0 folders.
[2017.11.28-08.11.35:549][346]LogSlate: Took 0.000099 seconds to synchronously load lazily loaded font '../../../Engine/Content/Slate/Fonts/Roboto-Regular.ttf' (155K)
[2017.11.28-08.11.35:652][346]LogSlate: Took 0.003479 seconds to synchronously load lazily loaded font '../../../Engine/Content/Editor/Slate/Fonts/Roboto-BoldCondensed.ttf' (158K)
[2017.11.28-08.11.35:772][347]LogSlate: Took 0.003674 seconds to synchronously load lazily loaded font '../../../Engine/Content/Editor/Slate/Fonts/Roboto-Italic.ttf' (157K)
[2017.11.28-08.11.56:005][584]BlueprintLog: New page: Compile BP_Overlord_Level02
[2017.11.28-08.12.07:800][973]BlueprintLog: New page: Compile BP_Overlord_Level02
[2017.11.28-08.12.08:411][ 15]LogSavePackage: Save=52.13ms
[2017.11.28-08.12.08:411][ 15]LogSavePackage: Moving 'D:/CastleGuardCurrent/CastleGuardPhase2/CastleGuardReborn/Saved/BP_Overlord_Level0233FAE73F424FAEBC00AD1183ACC33280.tmp' to 'D:/CastleGuardCurrent/CastleGuardPhase2/CastleGuardReborn/Content/Vive/Blueprints/Overlords/BP_Overlord_Level02.uasset'
[2017.11.28-08.12.08:425][ 15]LogSavePackage:Display: Finished SavePackage D:/CastleGuardCurrent/CastleGuardPhase2/CastleGuardReborn/Content/Vive/Blueprints/Overlords/BP_Overlord_Level02.uasset
[2017.11.28-08.12.23:155][733]LogEditorTransaction: Undo Move Nodes
[2017.11.28-08.12.23:572][767]LogEditorTransaction: Undo Paste clipboard contents
[2017.11.28-08.12.25:960][ 46]LogUObjectHash:Warning: Ambiguous search, could be K2Node_CustomEvent /Game/Vive/Blueprints/Overlords/BP_Overlord_Level02.BP_Overlord_Level02:CustomEvents.K2Node_CustomEvent_14 or K2Node_CustomEvent /Game/Vive/Blueprints/Overlords/BP_Overlord_Level02.BP_Overlord_Level02:CustomEvents.K2Node_CustomEvent_14
[2017.11.28-08.12.25:961][ 46]LogUObjectHash:Warning: Ambiguous search, could be K2Node_CustomEvent /Game/Vive/Blueprints/Overlords/BP_Overlord_Level02.BP_Overlord_Level02:CustomEvents.K2Node_CustomEvent_54 or K2Node_CustomEvent /Game/Vive/Blueprints/Overlords/BP_Overlord_Level02.BP_Overlord_Level02:CustomEvents.K2Node_CustomEvent_54
[2017.11.28-08.12.25:962][ 46]LogUObjectHash:Warning: Ambiguous search, could be K2Node_CustomEvent /Game/Vive/Blueprints/Overlords/BP_Overlord_Level02.BP_Overlord_Level02:CustomEvents.K2Node_CustomEvent_233 or K2Node_CustomEvent /Game/Vive/Blueprints/Overlords/BP_Overlord_Level02.BP_Overlord_Level02:CustomEvents.K2Node_CustomEvent_233
[2017.11.28-08.12.25:962][ 46]LogUObjectHash:Warning: Ambiguous search, could be K2Node_Knot /Game/Vive/Blueprints/Overlords/BP_Overlord_Level02.BP_Overlord_Level02:CustomEvents.K2Node_Knot_16 or K2Node_Knot /Game/Vive/Blueprints/Overlords/BP_Overlord_Level02.BP_Overlord_Level02:CustomEvents.K2Node_Knot_16
[2017.11.28-08.12.25:962][ 46]LogUObjectHash:Warning: Ambiguous search, could be K2Node_Knot /Game/Vive/Blueprints/Overlords/BP_Overlord_Level02.BP_Overlord_Level02:CustomEvents.K2Node_Knot_19 or K2Node_Knot /Game/Vive/Blueprints/Overlords/BP_Overlord_Level02.BP_Overlord_Level02:CustomEvents.K2Node_Knot_19
[2017.11.28-08.12.25:962][ 46]LogUObjectHash:Warning: Ambiguous search, could be K2Node_Knot /Game/Vive/Blueprints/Overlords/BP_Overlord_Level02.BP_Overlord_Level02:CustomEvents.K2Node_Knot_20 or K2Node_Knot /Game/Vive/Blueprints/Overlords/BP_Overlord_Level02.BP_Overlord_Level02:CustomEvents.K2Node_Knot_20
[2017.11.28-08.12.25:962][ 46]LogUObjectHash:Warning: Ambiguous search, could be K2Node_Knot /Game/Vive/Blueprints/Overlords/BP_Overlord_Level02.BP_Overlord_Level02:CustomEvents.K2Node_Knot_21 or K2Node_Knot /Game/Vive/Blueprints/Overlords/BP_Overlord_Level02.BP_Overlord_Level02:CustomEvents.K2Node_Knot_21
[2017.11.28-08.12.25:962][ 46]LogUObjectHash:Warning: Ambiguous search, could be K2Node_Knot /Game/Vive/Blueprints/Overlords/BP_Overlord_Level02.BP_Overlord_Level02:CustomEvents.K2Node_Knot_22 or K2Node_Knot /Game/Vive/Blueprints/Overlords/BP_Overlord_Level02.BP_Overlord_Level02:CustomEvents.K2Node_Knot_22
[2017.11.28-08.12.25:962][ 46]LogUObjectHash:Warning: Ambiguous search, could be K2Node_Knot /Game/Vive/Blueprints/Overlords/BP_Overlord_Level02.BP_Overlord_Level02:CustomEvents.K2Node_Knot_23 or K2Node_Knot /Game/Vive/Blueprints/Overlords/BP_Overlord_Level02.BP_Overlord_Level02:CustomEvents.K2Node_Knot_23
[2017.11.28-08.12.25:962][ 46]LogUObjectHash:Warning: Ambiguous search, could be K2Node_Knot /Game/Vive/Blueprints/Overlords/BP_Overlord_Level02.BP_Overlord_Level02:CustomEvents.K2Node_Knot_24 or K2Node_Knot /Game/Vive/Blueprints/Overlords/BP_Overlord_Level02.BP_Overlord_Level02:CustomEvents.K2Node_Knot_24
[2017.11.28-08.12.25:962][ 46]LogUObjectHash:Warning: Ambiguous search, could be K2Node_Knot /Game/Vive/Blueprints/Overlords/BP_Overlord_Level02.BP_Overlord_Level02:CustomEvents.K2Node_Knot_25 or K2Node_Knot /Game/Vive/Blueprints/Overlords/BP_Overlord_Level02.BP_Overlord_Level02:CustomEvents.K2Node_Knot_25
[2017.11.28-08.12.53:918][332]BlueprintLog: New page: Compile BP_Overlord_Level02
[2017.11.28-08.13.53:115][365]BlueprintLog: New page: Compile BP_Overlord_Level02
[2017.11.28-08.14.44:242][418]BlueprintLog: New page: Compile BP_Overlord_Level02
[2017.11.28-08.14.44:885][468]LogSavePackage: Save=84.54ms
[2017.11.28-08.14.44:885][468]LogSavePackage: Moving 'D:/CastleGuardCurrent/CastleGuardPhase2/CastleGuardReborn/Saved/BP_Overlord_Level02CCEDA3F14358982721AD7A87065FBC5A.tmp' to 'D:/CastleGuardCurrent/CastleGuardPhase2/CastleGuardReborn/Content/Vive/Blueprints/Overlords/BP_Overlord_Level02.uasset'
[2017.11.28-08.14.44:886][468]LogSavePackage:Display: Finished SavePackage D:/CastleGuardCurrent/CastleGuardPhase2/CastleGuardReborn/Content/Vive/Blueprints/Overlords/BP_Overlord_Level02.uasset
[2017.11.28-08.15.15:874][154]BlueprintLog: New page: Compile BP_Overlord_Level02
[2017.11.28-08.15.51:264][296]BlueprintLog: New page: Compile BP_Overlord_Level02
[2017.11.28-08.15.51:879][336]LogSavePackage: Save=93.26ms
[2017.11.28-08.15.51:879][336]LogSavePackage: Moving 'D:/CastleGuardCurrent/CastleGuardPhase2/CastleGuardReborn/Saved/BP_Overlord_Level0244E4064E4981FEBE1121908D92F388DE.tmp' to 'D:/CastleGuardCurrent/CastleGuardPhase2/CastleGuardReborn/Content/Vive/Blueprints/Overlords/BP_Overlord_Level02.uasset'
[2017.11.28-08.15.51:880][336]LogSavePackage:Display: Finished SavePackage D:/CastleGuardCurrent/CastleGuardPhase2/CastleGuardReborn/Content/Vive/Blueprints/Overlords/BP_Overlord_Level02.uasset
[2017.11.28-08.15.52:200][359]LogSavePackage: Save=92.86ms
[2017.11.28-08.15.52:200][359]LogSavePackage: Moving 'D:/CastleGuardCurrent/CastleGuardPhase2/CastleGuardReborn/Saved/BP_Overlord_Level024BB30D2846901F4FE5A61B841BE6C8D8.tmp' to 'D:/CastleGuardCurrent/CastleGuardPhase2/CastleGuardReborn/Content/Vive/Blueprints/Overlords/BP_Overlord_Level02.uasset'
[2017.11.28-08.15.52:201][359]LogSavePackage:Display: Finished SavePackage D:/CastleGuardCurrent/CastleGuardPhase2/CastleGuardReborn/Content/Vive/Blueprints/Overlords/BP_Overlord_Level02.uasset
[2017.11.28-08.16.09:742][418]BlueprintLog: New page: Compile BP_Overlord_Level02
[2017.11.28-08.16.10:864][522]LogSavePackage: Save=104.83ms
[2017.11.28-08.16.10:864][522]LogSavePackage: Moving 'D:/CastleGuardCurrent/CastleGuardPhase2/CastleGuardReborn/Saved/BP_Overlord_Level024C383F9242C30767BE97809B6885C2AF.tmp' to 'D:/CastleGuardCurrent/CastleGuardPhase2/CastleGuardReborn/Content/Vive/Blueprints/Overlords/BP_Overlord_Level02.uasset'
[2017.11.28-08.16.10:865][522]LogSavePackage:Display: Finished SavePackage D:/CastleGuardCurrent/CastleGuardPhase2/CastleGuardReborn/Content/Vive/Blueprints/Overlords/BP_Overlord_Level02.uasset
[2017.11.28-08.16.11:871][638]LogRenderer: Reallocating scene render targets to support 1196x712 NumSamples 1 (Frame:1).
[2017.11.28-08.17.32:864][277]BlueprintLog: New page: Compile BP_Overlord_Level02
[2017.11.28-08.17.33:466][317]LogSavePackage: Save=112.42ms
[2017.11.28-08.17.33:466][317]LogSavePackage: Moving 'D:/CastleGuardCurrent/CastleGuardPhase2/CastleGuardReborn/Saved/BP_Overlord_Level02644427EE42023D956F8B54A61BB4BF0E.tmp' to 'D:/CastleGuardCurrent/CastleGuardPhase2/CastleGuardReborn/Content/Vive/Blueprints/Overlords/BP_Overlord_Level02.uasset'
[2017.11.28-08.17.33:467][317]LogSavePackage:Display: Finished SavePackage D:/CastleGuardCurrent/CastleGuardPhase2/CastleGuardReborn/Content/Vive/Blueprints/Overlords/BP_Overlord_Level02.uasset
[2017.11.28-08.17.47:596][999]LogSlate: Took 0.004777 seconds to synchronously load lazily loaded font '../../../Engine/Content/Editor/Slate/Fonts/Roboto-BoldCondensedItalic.ttf' (160K)
[2017.11.28-08.18.59:073][515]BlueprintLog: New page: Compile BP_Overlord_Level02
[2017.11.28-08.19.14:988][401]LogActorComponent: UnregisterComponent: (/Engine/Transient.EditorFloorComp) Not registered. Aborting.
[2017.11.28-08.19.18:076][401]LogObjectTools:Warning: ForceReplaceReferences replaced references for a transient object 'TRASHCLASS_BP_Overlord_Level02_225' or package '/Engine/Transient'.
[2017.11.28-08.19.18:076][401]LogObjectTools:Warning: ForceReplaceReferences replaced references for a transient object 'TRASHCLASS_BP_Overlord_Level02_249' or package '/Engine/Transient'.
[2017.11.28-08.19.18:076][401]LogObjectTools:Warning: ForceReplaceReferences replaced references for a transient object 'TRASHCLASS_BP_Overlord_Level02_277' or package '/Engine/Transient'.
[2017.11.28-08.19.18:076][401]LogObjectTools:Warning: ForceReplaceReferences replaced references for a transient object 'TRASHCLASS_BP_Overlord_Level02_267' or package '/Engine/Transient'.
[2017.11.28-08.19.18:076][401]LogObjectTools:Warning: ForceReplaceReferences replaced references for a transient object 'TRASHCLASS_BP_Overlord_Level02_235' or package '/Engine/Transient'.
[2017.11.28-08.19.18:076][401]LogObjectTools:Warning: ForceReplaceReferences replaced references for a transient object 'TRASHCLASS_BP_Overlord_Level02_283' or package '/Engine/Transient'.
[2017.11.28-08.19.18:076][401]LogObjectTools:Warning: ForceReplaceReferences replaced references for a transient object 'TRASHCLASS_BP_Overlord_Level02_255' or package '/Engine/Transient'.
[2017.11.28-08.19.18:076][401]LogObjectTools:Warning: ForceReplaceReferences replaced references for a transient object 'DEADCLASS_BP_Overlord_Level02_C_1' or package '/Engine/Transient'.
[2017.11.28-08.19.18:085][401]LogObjectTools:Warning: ForceReplaceReferences replaced references for a transient object 'DefaultSceneRoot_GEN_VARIABLE' or package '/Engine/Transient'.
[2017.11.28-08.19.18:085][401]LogObjectTools:Warning: ForceReplaceReferences replaced references for a transient object 'InheritableComponentHandler' or package '/Engine/Transient'.
[2017.11.28-08.19.18:085][401]LogObjectTools:Warning: ForceReplaceReferences replaced references for a transient object 'SimpleConstructionScript_0' or package '/Engine/Transient'.
[2017.11.28-08.19.18:085][401]LogObjectTools:Warning: ForceReplaceReferences replaced references for a transient object 'DEADCLASS_BP_Overlord_Level02_C_0' or package '/Engine/Transient'.
[2017.11.28-08.19.18:085][401]LogObjectTools:Warning: ForceReplaceReferences replaced references for a transient object 'TRASHCLASS_BP_Overlord_Level02_211' or package '/Engine/Transient'.
[2017.11.28-08.19.18:085][401]LogObjectTools:Warning: ForceReplaceReferences replaced references for a transient object 'TRASHCLASS_BP_Overlord_Level02_203' or package '/Engine/Transient'.
[2017.11.28-08.19.18:085][401]LogObjectTools:Warning: ForceReplaceReferences replaced references for a transient object 'ExecuteUbergraph_BP_Overlord_Level02' or package '/Game/Vive/Blueprints/Overlords/BP_Overlord_Level02'.
[2017.11.28-08.19.18:085][401]LogObjectTools:Warning: ForceReplaceReferences replaced references for a transient object 'REINST_SKEL_BP_Overlord_Level02_C_325' or package '/Engine/Transient'.
[2017.11.28-08.19.18:085][401]LogObjectTools:Warning: ForceReplaceReferences replaced references for a transient object 'TRASHCLASS_BP_Overlord_Level02_323' or package '/Engine/Transient'.
[2017.11.28-08.19.18:086][401]LogObjectTools:Warning: ForceReplaceReferences replaced references for a transient object 'NewVar_1' or package '/Engine/Transient'.
[2017.11.28-08.19.18:086][401]LogObjectTools:Warning: ForceReplaceReferences replaced references for a transient object 'NewVar_0' or package '/Engine/Transient'.
[2017.11.28-08.19.18:086][401]LogObjectTools:Warning: ForceReplaceReferences replaced references for a transient object 'K2Node_CustomEvent_251' or package '/Game/Vive/Blueprints/Overlords/BP_Overlord_Level02'.
[2017.11.28-08.19.18:086][401]LogObjectTools:Warning: ForceReplaceReferences replaced references for a transient object 'K2Node_CustomEvent_250' or package '/Game/Vive/Blueprints/Overlords/BP_Overlord_Level02'.
[2017.11.28-08.19.18:086][401]LogObjectTools:Warning: ForceReplaceReferences replaced references for a transient object 'K2Node_CustomEvent_249' or package '/Game/Vive/Blueprints/Overlords/BP_Overlord_Level02'.
[2017.11.28-08.19.18:086][401]LogObjectTools:Warning: ForceReplaceReferences replaced references for a transient object 'K2Node_CustomEvent_248' or package '/Game/Vive/Blueprints/Overlords/BP_Overlord_Level02'.
[2017.11.28-08.19.18:086][401]LogObjectTools:Warning: ForceReplaceReferences replaced references for a transient object 'K2Node_CustomEvent_247' or package '/Game/Vive/Blueprints/Overlords/BP_Overlord_Level02'.
[2017.11.28-08.19.18:086][401]LogObjectTools:Warning: ForceReplaceReferences replaced references for a transient object 'SpawnCatapultUnit' or package '/Game/Vive/Blueprints/Overlords/BP_Overlord_Level02'.
[2017.11.28-08.19.18:086][401]LogObjectTools:Warning: ForceReplaceReferences replaced references for a transient object 'SpawnArcherUnit' or package '/Game/Vive/Blueprints/Overlords/BP_Overlord_Level02'.
[2017.11.28-08.19.18:086][401]LogObjectTools:Warning: ForceReplaceReferences replaced references for a transient object 'SpawnLightSoldierUnit' or package '/Game/Vive/Blueprints/Overlords/BP_Overlord_Level02'.
[2017.11.28-08.19.18:086][401]LogObjectTools:Warning: ForceReplaceReferences replaced references for a transient object 'SpawnHeavySoldierUnit' or package '/Game/Vive/Blueprints/Overlords/BP_Overlord_Level02'.
[2017.11.28-08.19.18:086][401]LogObjectTools:Warning: ForceReplaceReferences replaced references for a transient object 'SpawnRamUnit' or package '/Game/Vive/Blueprints/Overlords/BP_Overlord_Level02'.
[2017.11.28-08.19.18:086][401]LogObjectTools:Warning: ForceReplaceReferences replaced references for a transient object 'ExecuteUbergraph_BP_Overlord_Level02' or package '/Engine/Transient'.
[2017.11.28-08.19.18:086][401]LogObjectTools:Warning: ForceReplaceReferences replaced references for a transient object 'SpawnCatapultUnit' or package '/Engine/Transient'.
[2017.11.28-08.19.18:086][401]LogObjectTools:Warning: ForceReplaceReferences replaced references for a transient object 'SpawnArcherUnit' or package '/Engine/Transient'.
[2017.11.28-08.19.18:086][401]LogObjectTools:Warning: ForceReplaceReferences replaced references for a transient object 'SpawnLightSoldierUnit' or package '/Engine/Transient'.
[2017.11.28-08.19.18:086][401]LogObjectTools:Warning: ForceReplaceReferences replaced references for a transient object 'SpawnHeavySoldierUnit' or package '/Engine/Transient'.
[2017.11.28-08.19.18:086][401]LogObjectTools:Warning: ForceReplaceReferences replaced references for a transient object 'SpawnRamUnit' or package '/Engine/Transient'.
[2017.11.28-08.19.18:086][401]LogObjectTools:Warning: ForceReplaceReferences replaced references for a transient object 'UserConstructionScript' or package '/Engine/Transient'.
[2017.11.28-08.19.18:086][401]LogObjectTools:Warning: ForceReplaceReferences replaced references for a transient object 'UberGraphFrame' or package '/Engine/Transient'.
[2017.11.28-08.19.18:086][401]LogObjectTools:Warning: ForceReplaceReferences replaced references for a transient object 'REINST_BP_Overlord_Level02_C_324' or package '/Engine/Transient'.
[2017.11.28-08.19.26:790][253]LogUObjectGlobals:Warning: Failed to find object 'Object None.'
[2017.11.28-08.19.26:790][253]LogUObjectGlobals:Warning: Failed to find object 'Object None.'
[2017.11.28-08.19.27:198][284]LogScriptCore:Warning: Script Msg: Attempted to access index 0 from array CallFunc_GetAllActorsOfClass_OutActors of length 0!
[2017.11.28-08.19.27:198][284]LogScript:Warning: Accessed None trying to read property CallFunc_Array_Get_Item
	BP_ArcherAIArrow_C /Engine/Transient.World_4:PersistentLevel.BP_ArcherAIArrow_C_0
	Function /Game/Vive/Blueprints/AI/BP_ArcherAIArrow.BP_ArcherAIArrow_C:UserConstructionScript:00C8
[2017.11.28-08.19.27:198][284]LogScript:Warning: Accessed None
	BP_ArcherAIArrow_C /Engine/Transient.World_4:PersistentLevel.BP_ArcherAIArrow_C_0
	Function /Game/Vive/Blueprints/AI/BP_ArcherAIArrow.BP_ArcherAIArrow_C:UserConstructionScript:00DD
[2017.11.28-08.19.27:284][289]LogScriptCore:Warning: Script Msg: Attempted to access index 0 from array CallFunc_GetAllActorsOfClass_OutActors of length 0!
[2017.11.28-08.19.27:284][289]LogScript:Warning: Accessed None trying to read property CallFunc_Array_Get_Item
	BP_CatapultRock_C /Engine/Transient.World_9:PersistentLevel.BP_CatapultRock_C_0
	Function /Game/Vive/Blueprints/CatapultProjectiles/BP_CatapultRock.BP_CatapultRock_C:UserConstructionScript:00D9
[2017.11.28-08.19.37:901][502]BlueprintLog: New page: Compile default
[2017.11.28-08.20.26:871][ 42]Cmd: TRANSACTION UNDO
[2017.11.28-08.20.26:871][ 42]LogEditorTransaction: Undo Remove Variable
[2017.11.28-08.20.28:902][242]BlueprintLog: New page: Compile BP_Overlord_Master
[2017.11.28-08.21.54:135][524]BlueprintLog: New page: Compile BP_Overlord_Master
[2017.11.28-08.21.55:065][525]LogSavePackage: Save=206.11ms
[2017.11.28-08.21.55:065][525]LogSavePackage: Moving 'D:/CastleGuardCurrent/CastleGuardPhase2/CastleGuardReborn/Saved/BP_Overlord_Master2E10459F4BD8E8C9339954B3750C886B.tmp' to 'D:/CastleGuardCurrent/CastleGuardPhase2/CastleGuardReborn/Content/Vive/Blueprints/Overlords/BP_Overlord_Master.uasset'
[2017.11.28-08.21.55:079][525]LogSavePackage:Display: Finished SavePackage D:/CastleGuardCurrent/CastleGuardPhase2/CastleGuardReborn/Content/Vive/Blueprints/Overlords/BP_Overlord_Master.uasset
[2017.11.28-08.24.12:307][583]BlueprintLog: New page: Compile BP_Overlord_Master
[2017.11.28-08.24.13:033][583]LogSavePackage: Save=207.50ms
[2017.11.28-08.24.13:033][583]LogSavePackage: Moving 'D:/CastleGuardCurrent/CastleGuardPhase2/CastleGuardReborn/Saved/BP_Overlord_MasterEB02997340356E98A9188DB850BBC1BC.tmp' to 'D:/CastleGuardCurrent/CastleGuardPhase2/CastleGuardReborn/Content/Vive/Blueprints/Overlords/BP_Overlord_Master.uasset'
[2017.11.28-08.24.13:035][583]LogSavePackage:Display: Finished SavePackage D:/CastleGuardCurrent/CastleGuardPhase2/CastleGuardReborn/Content/Vive/Blueprints/Overlords/BP_Overlord_Master.uasset
[2017.11.28-08.24.13:526][589]LogSavePackage: Save=204.96ms
[2017.11.28-08.24.13:526][589]LogSavePackage: Moving 'D:/CastleGuardCurrent/CastleGuardPhase2/CastleGuardReborn/Saved/BP_Overlord_Master6446C72F42A95016C8F484B8C02E419B.tmp' to 'D:/CastleGuardCurrent/CastleGuardPhase2/CastleGuardReborn/Content/Vive/Blueprints/Overlords/BP_Overlord_Master.uasset'
[2017.11.28-08.24.13:527][589]LogSavePackage:Display: Finished SavePackage D:/CastleGuardCurrent/CastleGuardPhase2/CastleGuardReborn/Content/Vive/Blueprints/Overlords/BP_Overlord_Master.uasset
[2017.11.28-08.27.21:123][657]BlueprintLog: New page: Compile BP_Overlord_Master
[2017.11.28-08.27.22:348][678]LogSavePackage: Save=205.59ms
[2017.11.28-08.27.22:348][678]LogSavePackage: Moving 'D:/CastleGuardCurrent/CastleGuardPhase2/CastleGuardReborn/Saved/BP_Overlord_Master9DB764C345AEC1892551F89DF8A75DAE.tmp' to 'D:/CastleGuardCurrent/CastleGuardPhase2/CastleGuardReborn/Content/Vive/Blueprints/Overlords/BP_Overlord_Master.uasset'
[2017.11.28-08.27.22:349][678]LogSavePackage:Display: Finished SavePackage D:/CastleGuardCurrent/CastleGuardPhase2/CastleGuardReborn/Content/Vive/Blueprints/Overlords/BP_Overlord_Master.uasset
[2017.11.28-08.27.30:592][ 58]LogSavePackage: Save=3366.39ms
[2017.11.28-08.27.30:592][ 58]LogSavePackage: Moving 'D:/CastleGuardCurrent/CastleGuardPhase2/CastleGuardReborn/Saved/defaultB98E947A4BCAE74CBB1EB58A722FE207.tmp' to 'D:/CastleGuardCurrent/CastleGuardPhase2/CastleGuardReborn/Content/VirtualRealityBP/Maps/default.umap'
[2017.11.28-08.27.30:602][ 58]LogSavePackage:Display: Finished SavePackage D:/CastleGuardCurrent/CastleGuardPhase2/CastleGuardReborn/Content/VirtualRealityBP/Maps/default.umap
[2017.11.28-08.27.30:662][ 58]LogFileHelpers: Saving map 'default' took 5.086
[2017.11.28-08.29.52:124][441]BlueprintLog: New page: Compile BP_Overlord_Master
[2017.11.28-08.29.53:096][442]LogSavePackage: Save=209.73ms
[2017.11.28-08.29.53:096][442]LogSavePackage: Moving 'D:/CastleGuardCurrent/CastleGuardPhase2/CastleGuardReborn/Saved/BP_Overlord_Master13A4051D454C326F9D82BA9770A31BB3.tmp' to 'D:/CastleGuardCurrent/CastleGuardPhase2/CastleGuardReborn/Content/Vive/Blueprints/Overlords/BP_Overlord_Master.uasset'
[2017.11.28-08.29.53:097][442]LogSavePackage:Display: Finished SavePackage D:/CastleGuardCurrent/CastleGuardPhase2/CastleGuardReborn/Content/Vive/Blueprints/Overlords/BP_Overlord_Master.uasset
[2017.11.28-08.30.25:518][132]BlueprintLog: New page: Compile BP_Overlord_Master
[2017.11.28-08.30.26:318][162]LogSavePackage: Save=209.21ms
[2017.11.28-08.30.26:318][162]LogSavePackage: Moving 'D:/CastleGuardCurrent/CastleGuardPhase2/CastleGuardReborn/Saved/BP_Overlord_Master203DB1E4479D65D08E9B0CB4893E63BF.tmp' to 'D:/CastleGuardCurrent/CastleGuardPhase2/CastleGuardReborn/Content/Vive/Blueprints/Overlords/BP_Overlord_Master.uasset'
[2017.11.28-08.30.26:320][162]LogSavePackage:Display: Finished SavePackage D:/CastleGuardCurrent/CastleGuardPhase2/CastleGuardReborn/Content/Vive/Blueprints/Overlords/BP_Overlord_Master.uasset
[2017.11.28-08.32.05:507][797]BlueprintLog: New page: Compile BP_Overlord_Master
[2017.11.28-08.32.06:255][837]LogSavePackage: Save=207.25ms
[2017.11.28-08.32.06:255][837]LogSavePackage: Moving 'D:/CastleGuardCurrent/CastleGuardPhase2/CastleGuardReborn/Saved/BP_Overlord_Master5E1DC9D541C52C7B5380298AC76E613B.tmp' to 'D:/CastleGuardCurrent/CastleGuardPhase2/CastleGuardReborn/Content/Vive/Blueprints/Overlords/BP_Overlord_Master.uasset'
[2017.11.28-08.32.06:257][837]LogSavePackage:Display: Finished SavePackage D:/CastleGuardCurrent/CastleGuardPhase2/CastleGuardReborn/Content/Vive/Blueprints/Overlords/BP_Overlord_Master.uasset
[2017.11.28-08.32.22:945][805]LogSavePackage: Save=208.07ms
[2017.11.28-08.32.22:945][805]LogSavePackage: Moving 'D:/CastleGuardCurrent/CastleGuardPhase2/CastleGuardReborn/Saved/BP_Overlord_Master33C8CE8F49BB09322F4B229D218BB65B.tmp' to 'D:/CastleGuardCurrent/CastleGuardPhase2/CastleGuardReborn/Content/Vive/Blueprints/Overlords/BP_Overlord_Master.uasset'
[2017.11.28-08.32.22:947][805]LogSavePackage:Display: Finished SavePackage D:/CastleGuardCurrent/CastleGuardPhase2/CastleGuardReborn/Content/Vive/Blueprints/Overlords/BP_Overlord_Master.uasset
[2017.11.28-08.33.11:817][620]BlueprintLog: New page: Compile BP_Overlord_Master
[2017.11.28-08.33.12:542][657]LogSavePackage: Save=205.98ms
[2017.11.28-08.33.12:542][657]LogSavePackage: Moving 'D:/CastleGuardCurrent/CastleGuardPhase2/CastleGuardReborn/Saved/BP_Overlord_Master3005937C4ADCC262DE4CD6814A7D5F9D.tmp' to 'D:/CastleGuardCurrent/CastleGuardPhase2/CastleGuardReborn/Content/Vive/Blueprints/Overlords/BP_Overlord_Master.uasset'
[2017.11.28-08.33.12:543][657]LogSavePackage:Display: Finished SavePackage D:/CastleGuardCurrent/CastleGuardPhase2/CastleGuardReborn/Content/Vive/Blueprints/Overlords/BP_Overlord_Master.uasset
[2017.11.28-08.35.17:585][477]BlueprintLog: New page: Compile BP_Overlord_Level02
[2017.11.28-08.35.55:586][537]LogSavePackage: Save=3330.25ms
[2017.11.28-08.35.55:586][537]LogSavePackage: Moving 'D:/CastleGuardCurrent/CastleGuardPhase2/CastleGuardReborn/Saved/default214E7E864AD641B5F8C015B26A804C30.tmp' to 'D:/CastleGuardCurrent/CastleGuardPhase2/CastleGuardReborn/Content/VirtualRealityBP/Maps/default.umap'
[2017.11.28-08.35.55:589][537]LogSavePackage:Display: Finished SavePackage D:/CastleGuardCurrent/CastleGuardPhase2/CastleGuardReborn/Content/VirtualRealityBP/Maps/default.umap
[2017.11.28-08.35.55:639][537]LogFileHelpers: Saving map 'default' took 3.492
[2017.11.28-08.35.55:654][537]LogSavePackage: Save=10.30ms
[2017.11.28-08.35.55:654][537]LogSavePackage: Moving 'D:/CastleGuardCurrent/CastleGuardPhase2/CastleGuardReborn/Saved/BP_Overlord_Level02F08C4EAE4A4A7F6BD85B47AA7D0D12C8.tmp' to 'D:/CastleGuardCurrent/CastleGuardPhase2/CastleGuardReborn/Content/Vive/Blueprints/Overlords/BP_Overlord_Level02.uasset'
[2017.11.28-08.35.55:655][537]LogSavePackage:Display: Finished SavePackage D:/CastleGuardCurrent/CastleGuardPhase2/CastleGuardReborn/Content/Vive/Blueprints/Overlords/BP_Overlord_Level02.uasset
[2017.11.28-09.29.06:943][ 65]LogSlate:Warning: Prevented a slow task dialog from being summoned while a context menu was open
[2017.11.28-09.29.11:507][599]BlueprintLog: New page: Compile default
[2017.11.28-09.29.15:592][657]LogSavePackage: Save=3329.44ms
[2017.11.28-09.29.15:592][657]LogSavePackage: Moving 'D:/CastleGuardCurrent/CastleGuardPhase2/CastleGuardReborn/Saved/default404B950B4ABEFC4946FAEE87194B685A.tmp' to 'D:/CastleGuardCurrent/CastleGuardPhase2/CastleGuardReborn/Content/VirtualRealityBP/Maps/default.umap'
[2017.11.28-09.29.15:595][657]LogSavePackage:Display: Finished SavePackage D:/CastleGuardCurrent/CastleGuardPhase2/CastleGuardReborn/Content/VirtualRealityBP/Maps/default.umap
[2017.11.28-09.29.15:646][657]LogFileHelpers: Saving map 'default' took 3.469
[2017.11.28-09.29.22:114][410]LogEditorViewport: Clicking on Actor (LMB): Actor (ArcherSpawnpoint2)
[2017.11.28-09.29.23:617][587]LogEditorViewport: Clicking on Actor (CTRL LMB): Actor (CatapultSpawnPoint2)
[2017.11.28-09.29.25:053][757]LogEditorViewport: Clicking on Actor (CTRL LMB): Landscape (Landscape1)
[2017.11.28-09.29.26:231][894]LogEditorViewport: Clicking on Actor (LMB): Actor (ArcherSpawnpoint2)
[2017.11.28-09.29.27:357][ 26]LogEditorViewport: Clicking on Actor (LMB): Landscape (Landscape1)
[2017.11.28-09.29.33:146][692]LogEditorTransaction: Undo Add Node
[2017.11.28-09.29.34:997][904]LogEditorViewport: Clicking on Actor (LMB): BP_SiegePathStops_C (BP_CatapultPathStops)
[2017.11.28-09.29.42:513][766]LogEditorViewport: Clicking on Actor (LMB): BP_ArcherPathStops_C (BP_ArcherPathStops)
[2017.11.28-09.29.45:593][109]LogEditorViewport: Clicking on Actor (LMB): BP_SoldierPathStops_C (BP_SoldierPathStops)
[2017.11.28-09.30.01:962][ 14]LogEditorViewport: Clicking on Actor (LMB): Actor (ArcherSpawnpoint)
[2017.11.28-09.30.05:179][375]LogEditorViewport: Clicking on Actor (LMB): Actor (CatapultSpawnPoint)
[2017.11.28-09.30.08:911][797]LogEditorViewport: Clicking on Actor (LMB): Actor (SoldierSpawnPoint)
[2017.11.28-09.30.24:565][608]LogEditorViewport: Clicking on Actor (LMB): BP_SoldierPathStops_C (AiStops_Soldier)
[2017.11.28-09.30.30:922][324]LogEditorViewport: Clicking on Actor (LMB): BP_SoldierPathStops_C (AiStops_Soldier2)
[2017.11.28-09.30.33:510][615]LogEditorViewport: Clicking on Actor (LMB): BP_SiegePathStops_C (AiStops_Catapult)
[2017.11.28-09.30.37:050][ 13]LogEditorViewport: Clicking on Actor (LMB): BP_ArcherPathStops_C (ArcherPathStops)
[2017.11.28-09.31.00:724][720]LogEditorViewport: Clicking on Actor (LMB): BP_ArcherAttackPosition_C (ArcherAttackPosition)
[2017.11.28-09.31.11:891][983]LogEditorViewport: Clicking on Actor (LMB): BP_ArcherAttackPosition_C (ArcherAttackPosition7)
[2017.11.28-09.31.16:741][526]BlueprintLog: New page: Compile default
[2017.11.28-09.31.20:872][584]LogSavePackage: Save=3353.54ms
[2017.11.28-09.31.20:872][584]LogSavePackage: Moving 'D:/CastleGuardCurrent/CastleGuardPhase2/CastleGuardReborn/Saved/default60FC634B4A4375927A9A5CA923BB1B74.tmp' to 'D:/CastleGuardCurrent/CastleGuardPhase2/CastleGuardReborn/Content/VirtualRealityBP/Maps/default.umap'
[2017.11.28-09.31.20:875][584]LogSavePackage:Display: Finished SavePackage D:/CastleGuardCurrent/CastleGuardPhase2/CastleGuardReborn/Content/VirtualRealityBP/Maps/default.umap
[2017.11.28-09.31.20:935][584]LogFileHelpers: Saving map 'default' took 3.490
[2017.11.28-09.31.25:500][ 78]LogEditorViewport: Clicking on Actor (LMB): BP_CatapultAttackPositions_C (CatapultAttackPositions)
[2017.11.28-09.31.31:498][728]LogEditorViewport: Clicking on Actor (LMB): BP_BatteringRamAttackPosition_C (BatteringRamAttackPosition)
[2017.11.28-09.31.37:554][403]LogEditorViewport: Clicking on Actor (LMB): BP_SoldierAttackPosition_C (AiAttackPosition)
[2017.11.28-09.31.43:316][ 48]LogEditorViewport: Clicking on Actor (LMB): BP_SoldierAttackPosition_C (AiAttackPosition4)
[2017.11.28-09.31.46:737][417]LogEditorViewport: Clicking on Actor (LMB): BP_BatteringRamAttackPosition_C (BatteringRamAttackPosition4)
[2017.11.28-09.31.48:191][582]LogEditorViewport: Clicking on Actor (LMB): BP_BatteringRamAttackPosition_C (BatteringRamAttackPosition3)
[2017.11.28-09.31.50:905][870]BlueprintLog: New page: Compile default
[2017.11.28-09.31.55:050][930]LogSavePackage: Save=3334.74ms
[2017.11.28-09.31.55:050][930]LogSavePackage: Moving 'D:/CastleGuardCurrent/CastleGuardPhase2/CastleGuardReborn/Saved/default5B9F993A4E60A61E9E5F3688226E4EA3.tmp' to 'D:/CastleGuardCurrent/CastleGuardPhase2/CastleGuardReborn/Content/VirtualRealityBP/Maps/default.umap'
[2017.11.28-09.31.55:054][930]LogSavePackage:Display: Finished SavePackage D:/CastleGuardCurrent/CastleGuardPhase2/CastleGuardReborn/Content/VirtualRealityBP/Maps/default.umap
[2017.11.28-09.31.55:108][930]LogFileHelpers: Saving map 'default' took 3.464
[2017.11.28-09.31.57:573][204]LogEditorViewport: Clicking on Actor (LMB): BP_CatapultAttackPositions_C (CatapultAttackPositions3)
[2017.11.28-09.32.02:082][686]BlueprintLog: New page: Compile default
[2017.11.28-09.32.06:624][790]LogSavePackage: Save=3362.99ms
[2017.11.28-09.32.06:624][790]LogSavePackage: Moving 'D:/CastleGuardCurrent/CastleGuardPhase2/CastleGuardReborn/Saved/defaultF050566846150FEB2B9A5791C65DFCA3.tmp' to 'D:/CastleGuardCurrent/CastleGuardPhase2/CastleGuardReborn/Content/VirtualRealityBP/Maps/default.umap'
[2017.11.28-09.32.06:628][790]LogSavePackage:Display: Finished SavePackage D:/CastleGuardCurrent/CastleGuardPhase2/CastleGuardReborn/Content/VirtualRealityBP/Maps/default.umap
[2017.11.28-09.32.06:682][790]LogFileHelpers: Saving map 'default' took 3.492
[2017.11.28-09.32.33:475][910]LogEditorTransaction: Undo Delete current selection
[2017.11.28-09.32.33:954][959]LogEditorTransaction: Undo Delete current selection
[2017.11.28-09.35.15:368][237]LogEditorTransaction: Undo Create Reroute Node
[2017.11.28-09.35.15:558][251]LogEditorTransaction: Undo Comment Bubble Visibility
[2017.11.28-09.35.15:721][262]LogEditorTransaction: Undo Create Reroute Node
[2017.11.28-09.35.15:897][275]LogEditorTransaction: Undo Create Pin Link
[2017.11.28-09.35.16:957][394]LogEditorTransaction: Redo Create Pin Link
[2017.11.28-09.36.25:332][540]LogEditorTransaction: Undo Delete current selection
[2017.11.28-09.41.43:370][499]LogEditorTransaction: Undo Resize Node
[2017.11.28-09.41.44:163][584]LogEditorTransaction: Undo Create Pin Link
[2017.11.28-09.41.44:659][634]LogEditorTransaction: Undo Create Pin Link
[2017.11.28-09.41.45:159][694]LogEditorTransaction: Undo Create Pin Link
[2017.11.28-09.41.47:270][938]LogEditorTransaction: Redo Create Pin Link
[2017.11.28-09.41.48:208][ 41]LogEditorTransaction: Redo Create Pin Link
[2017.11.28-09.41.48:849][118]LogEditorTransaction: Redo Create Pin Link
[2017.11.28-09.41.49:707][212]LogEditorTransaction: Redo Resize Node
[2017.11.28-09.42.39:684][104]LogEditorTransaction: Undo Create Reroute Node
[2017.11.28-09.42.51:731][539]LogEditorTransaction: Undo Create Reroute Node
[2017.11.28-09.43.43:054][685]BlueprintLog: New page: Compile default
[2017.11.28-09.43.47:132][729]LogSavePackage: Save=3370.96ms
[2017.11.28-09.43.47:132][729]LogSavePackage: Moving 'D:/CastleGuardCurrent/CastleGuardPhase2/CastleGuardReborn/Saved/default32E50BC643FBE673875EFC8F0721DDD3.tmp' to 'D:/CastleGuardCurrent/CastleGuardPhase2/CastleGuardReborn/Content/VirtualRealityBP/Maps/default.umap'
[2017.11.28-09.43.47:135][729]LogSavePackage:Display: Finished SavePackage D:/CastleGuardCurrent/CastleGuardPhase2/CastleGuardReborn/Content/VirtualRealityBP/Maps/default.umap
[2017.11.28-09.43.47:186][729]LogFileHelpers: Saving map 'default' took 3.523
[2017.11.28-09.44.05:005][825]LogEditorViewport: Clicking on Actor (LMB): BP_SoldierPathStops_C (BP_SoldierPathStops)
[2017.11.28-09.44.06:999][ 61]LogEditorViewport: Clicking on Actor (LMB): BP_ArcherPathStops_C (BP_ArcherPathStops)
[2017.11.28-09.44.08:693][261]LogEditorViewport: Clicking on Actor (LMB): BP_SoldierPathStops_C (BP_SoldierPathStops)
[2017.11.28-09.44.38:233][767]LogEditorViewport: Clicking on Actor (LMB): BP_SiegePathStops_C (AiStops_Catapult)
[2017.11.28-09.44.39:620][930]LogEditorViewport: Clicking on Actor (LMB): BP_ArcherPathStops_C (ArcherPathStops)
[2017.11.28-09.44.42:289][247]LogEditorViewport: Clicking on Actor (LMB): BP_SoldierPathStops_C (AiStops_Soldier)
[2017.11.28-09.45.16:040][249]BlueprintLog: New page: Compile default
[2017.11.28-09.45.20:457][340]LogSavePackage: Save=3398.26ms
[2017.11.28-09.45.20:457][340]LogSavePackage: Moving 'D:/CastleGuardCurrent/CastleGuardPhase2/CastleGuardReborn/Saved/default3445BA48419098FA21F1278FFB9DC2B5.tmp' to 'D:/CastleGuardCurrent/CastleGuardPhase2/CastleGuardReborn/Content/VirtualRealityBP/Maps/default.umap'
[2017.11.28-09.45.20:462][340]LogSavePackage:Display: Finished SavePackage D:/CastleGuardCurrent/CastleGuardPhase2/CastleGuardReborn/Content/VirtualRealityBP/Maps/default.umap
[2017.11.28-09.45.20:512][340]LogFileHelpers: Saving map 'default' took 3.523
[2017.11.28-09.51.00:708][908]LogEditorTransaction: Undo Create Pin Link
[2017.11.28-09.51.18:100][976]BlueprintLog: New page: Compile default
[2017.11.28-09.51.23:042][126]LogSavePackage: Save=3405.61ms
[2017.11.28-09.51.23:042][126]LogSavePackage: Moving 'D:/CastleGuardCurrent/CastleGuardPhase2/CastleGuardReborn/Saved/default41F5A4224B347E942C33B9859B9FA5B6.tmp' to 'D:/CastleGuardCurrent/CastleGuardPhase2/CastleGuardReborn/Content/VirtualRealityBP/Maps/default.umap'
[2017.11.28-09.51.23:046][126]LogSavePackage:Display: Finished SavePackage D:/CastleGuardCurrent/CastleGuardPhase2/CastleGuardReborn/Content/VirtualRealityBP/Maps/default.umap
[2017.11.28-09.51.23:097][126]LogFileHelpers: Saving map 'default' took 3.542
[2017.11.28-09.53.37:359][935]BlueprintLog: New page: Compile default
[2017.11.28-09.53.41:407][979]LogSavePackage: Save=3410.54ms
[2017.11.28-09.53.41:407][979]LogSavePackage: Moving 'D:/CastleGuardCurrent/CastleGuardPhase2/CastleGuardReborn/Saved/default17627B5249888C2AF2F6B38F84DD7E42.tmp' to 'D:/CastleGuardCurrent/CastleGuardPhase2/CastleGuardReborn/Content/VirtualRealityBP/Maps/default.umap'
[2017.11.28-09.53.41:410][979]LogSavePackage:Display: Finished SavePackage D:/CastleGuardCurrent/CastleGuardPhase2/CastleGuardReborn/Content/VirtualRealityBP/Maps/default.umap
[2017.11.28-09.53.41:461][979]LogFileHelpers: Saving map 'default' took 3.539
[2017.11.28-09.53.48:929][868]BlueprintLog: New page: Compile default
[2017.11.28-09.53.52:944][910]LogSavePackage: Save=3399.78ms
[2017.11.28-09.53.52:944][910]LogSavePackage: Moving 'D:/CastleGuardCurrent/CastleGuardPhase2/CastleGuardReborn/Saved/defaultBF1DEC1F4D9B2D8644883489B8E4FFC5.tmp' to 'D:/CastleGuardCurrent/CastleGuardPhase2/CastleGuardReborn/Content/VirtualRealityBP/Maps/default.umap'
[2017.11.28-09.53.52:947][910]LogSavePackage:Display: Finished SavePackage D:/CastleGuardCurrent/CastleGuardPhase2/CastleGuardReborn/Content/VirtualRealityBP/Maps/default.umap
[2017.11.28-09.53.52:997][910]LogFileHelpers: Saving map 'default' took 3.523
[2017.11.28-09.55.08:901][740]BlueprintLog: New page: Compile default
[2017.11.28-09.55.12:962][789]LogSavePackage: Save=3385.47ms
[2017.11.28-09.55.12:962][789]LogSavePackage: Moving 'D:/CastleGuardCurrent/CastleGuardPhase2/CastleGuardReborn/Saved/default10D3451346415BA37F6834AECCE05932.tmp' to 'D:/CastleGuardCurrent/CastleGuardPhase2/CastleGuardReborn/Content/VirtualRealityBP/Maps/default.umap'
[2017.11.28-09.55.12:965][789]LogSavePackage:Display: Finished SavePackage D:/CastleGuardCurrent/CastleGuardPhase2/CastleGuardReborn/Content/VirtualRealityBP/Maps/default.umap
[2017.11.28-09.55.13:017][789]LogFileHelpers: Saving map 'default' took 3.510
[2017.11.28-09.59.44:385][402]LogActorComponent: UnregisterComponent: (/Engine/Transient.EditorFloorComp) Not registered. Aborting.
[2017.11.28-09.59.44:658][403]Cmd: QUIT_EDITOR
[2017.11.28-09.59.44:687][403]LogWindowsTextInputMethodSystem:Display: IME system now deactivated.
[2017.11.28-09.59.44:698][403]LogExit: Preparing to exit.
[2017.11.28-09.59.45:986][403]LogExit: Editor shut down
[2017.11.28-09.59.45:992][403]LogExit: Transaction tracking system shut down
[2017.11.28-09.59.46:225][403]LogObj: Freed 0b from 0 cluster array pools.
[2017.11.28-09.59.46:225][403]LogExit: Object subsystem successfully closed.
[2017.11.28-09.59.46:257][403]LogD3D11RHI: Shutdown
[2017.11.28-09.59.46:257][403]LogD3D11RHI: CleanupD3DDevice
[2017.11.28-09.59.46:340][403]LogD3D11RHI: ~FD3D11DynamicRHI
[2017.11.28-09.59.46:368][403]LogModuleManager: Shutting down and abandoning module BlueprintGraph (530)
[2017.11.28-09.59.46:368][403]LogModuleManager: Shutting down and abandoning module BlueprintProfiler (528)
[2017.11.28-09.59.46:370][403]LogModuleManager: Shutting down and abandoning module HierarchicalLODOutliner (526)
[2017.11.28-09.59.46:370][403]LogModuleManager: Shutting down and abandoning module CrashTracker (524)
[2017.11.28-09.59.46:370][403]LogModuleManager: Shutting down and abandoning module SceneOutliner (522)
[2017.11.28-09.59.46:370][403]LogModuleManager: Shutting down and abandoning module AddContentDialog (520)
[2017.11.28-09.59.46:370][403]LogDirectoryWatcher: A directory notification for 'C:/Program Files/Epic Games/UE_4.16/FeaturePacks/' was aborted.
[2017.11.28-09.59.46:371][403]LogModuleManager: Shutting down and abandoning module WidgetCarousel (519)
[2017.11.28-09.59.46:371][403]LogModuleManager: Shutting down and abandoning module EditorWidgets (516)
[2017.11.28-09.59.46:371][403]LogModuleManager: Shutting down and abandoning module CollectionManager (514)
[2017.11.28-09.59.46:371][403]LogDirectoryWatcher: A directory notification for 'D:/CastleGuardCurrent/CastleGuardPhase2/CastleGuardReborn/Content/Collections/' was aborted.
[2017.11.28-09.59.46:371][403]LogDirectoryWatcher: A directory notification for 'D:/CastleGuardCurrent/CastleGuardPhase2/CastleGuardReborn/Content/Developers/studentuser/Collections/' was aborted.
[2017.11.28-09.59.46:371][403]LogDirectoryWatcher: A directory notification for 'D:/CastleGuardCurrent/CastleGuardPhase2/CastleGuardReborn/Saved/Collections/' was aborted.
[2017.11.28-09.59.46:371][403]LogModuleManager: Shutting down and abandoning module WorldBrowser (512)
[2017.11.28-09.59.46:371][403]LogModuleManager: Shutting down and abandoning module StatsViewer (510)
[2017.11.28-09.59.46:372][403]LogModuleManager: Shutting down and abandoning module FoliageEdit (508)
[2017.11.28-09.59.46:372][403]LogModuleManager: Shutting down and abandoning module LandscapeEditor (506)
[2017.11.28-09.59.46:373][403]LogModuleManager: Shutting down and abandoning module MeshPaintMode (504)
[2017.11.28-09.59.46:373][403]LogModuleManager: Shutting down and abandoning module SceneDepthPickerMode (502)
[2017.11.28-09.59.46:373][403]LogModuleManager: Shutting down and abandoning module ActorPickerMode (500)
[2017.11.28-09.59.46:373][403]LogModuleManager: Shutting down and abandoning module GeometryMode (498)
[2017.11.28-09.59.46:373][403]LogModuleManager: Shutting down and abandoning module TextureAlignMode (496)
[2017.11.28-09.59.46:373][403]LogModuleManager: Shutting down and abandoning module BspMode (494)
[2017.11.28-09.59.46:373][403]LogModuleManager: Shutting down and abandoning module HardwareSurvey (492)
[2017.11.28-09.59.46:373][403]LogModuleManager: Shutting down and abandoning module SequenceRecorderSections (490)
[2017.11.28-09.59.46:373][403]LogModuleManager: Shutting down and abandoning module AutomationWorker (488)
[2017.11.28-09.59.46:373][403]LogModuleManager: Shutting down and abandoning module MatineeToLevelSequence (486)
[2017.11.28-09.59.46:373][403]LogModuleManager: Shutting down and abandoning module LevelSequenceEditor (484)
[2017.11.28-09.59.46:375][403]LogModuleManager: Shutting down and abandoning module PlacementMode (483)
[2017.11.28-09.59.46:375][403]LogModuleManager: Shutting down and abandoning module WmfMediaFactory (480)
[2017.11.28-09.59.46:375][403]LogModuleManager: Shutting down and abandoning module WmfMediaEditor (478)
[2017.11.28-09.59.46:375][403]LogModuleManager: Shutting down and abandoning module AvfMediaFactory (476)
[2017.11.28-09.59.46:375][403]LogModuleManager: Shutting down and abandoning module AvfMediaEditor (474)
[2017.11.28-09.59.46:375][403]LogModuleManager: Shutting down and abandoning module AndroidMediaFactory (472)
[2017.11.28-09.59.46:375][403]LogModuleManager: Shutting down and abandoning module Media (471)
[2017.11.28-09.59.46:375][403]LogModuleManager: Shutting down and abandoning module AndroidMediaEditor (468)
[2017.11.28-09.59.46:375][403]LogModuleManager: Shutting down and abandoning module CharacterAI (466)
[2017.11.28-09.59.46:375][403]LogModuleManager: Shutting down and abandoning module AudioCapture (464)
[2017.11.28-09.59.46:375][403]LogModuleManager: Shutting down and abandoning module SequenceRecorder (463)
[2017.11.28-09.59.46:376][403]LogModuleManager: Shutting down and abandoning module SmartSnapping (460)
[2017.11.28-09.59.46:376][403]LogModuleManager: Shutting down and abandoning module SessionServices (458)
[2017.11.28-09.59.46:376][403]LogModuleManager: Shutting down and abandoning module ViewportSnapping (456)
[2017.11.28-09.59.46:376][403]LogModuleManager: Shutting down and abandoning module ViewportInteraction (454)
[2017.11.28-09.59.46:376][403]LogModuleManager: Shutting down and abandoning module ClothPainter (452)
[2017.11.28-09.59.46:378][403]LogModuleManager: Shutting down and abandoning module LogVisualizer (450)
[2017.11.28-09.59.46:378][403]LogModuleManager: Shutting down and abandoning module IntroTutorials (448)
[2017.11.28-09.59.46:379][403]LogModuleManager: Shutting down and abandoning module GameProjectGeneration (447)
[2017.11.28-09.59.46:380][403]LogModuleManager: Shutting down and abandoning module EditorLiveStreaming (444)
[2017.11.28-09.59.46:380][403]LogModuleManager: Shutting down and abandoning module IOSPlatformEditor (442)
[2017.11.28-09.59.46:381][403]LogModuleManager: Shutting down and abandoning module HTML5PlatformEditor (440)
[2017.11.28-09.59.46:381][403]LogModuleManager: Shutting down and abandoning module AndroidPlatformEditor (438)
[2017.11.28-09.59.46:381][403]LogModuleManager: Shutting down and abandoning module AndroidDeviceDetection (437)
[2017.11.28-09.59.47:138][403]LogModuleManager: Shutting down and abandoning module IOSRuntimeSettings (434)
[2017.11.28-09.59.47:138][403]LogModuleManager: Shutting down and abandoning module AndroidRuntimeSettings (432)
[2017.11.28-09.59.47:138][403]LogModuleManager: Shutting down and abandoning module InputBindingEditor (430)
[2017.11.28-09.59.47:148][403]LogModuleManager: Shutting down and abandoning module MergeActors (428)
[2017.11.28-09.59.47:148][403]LogModuleManager: Shutting down and abandoning module SizeMap (426)
[2017.11.28-09.59.47:148][403]LogModuleManager: Shutting down and abandoning module TreeMap (424)
[2017.11.28-09.59.47:148][403]LogModuleManager: Shutting down and abandoning module ReferenceViewer (422)
[2017.11.28-09.59.47:149][403]LogModuleManager: Shutting down and abandoning module LocalizationDashboard (420)
[2017.11.28-09.59.47:150][403]LogModuleManager: Shutting down and abandoning module LocalizationService (419)
[2017.11.28-09.59.47:150][403]LogModuleManager: Shutting down and abandoning module HardwareTargeting (416)
[2017.11.28-09.59.47:150][403]LogModuleManager: Shutting down and abandoning module DeviceProfileEditor (414)
[2017.11.28-09.59.47:150][403]LogModuleManager: Shutting down and abandoning module UndoHistory (412)
[2017.11.28-09.59.47:151][403]LogModuleManager: Shutting down and abandoning module UserFeedback (410)
[2017.11.28-09.59.47:151][403]LogModuleManager: Shutting down and abandoning module XmlParser (408)
[2017.11.28-09.59.47:151][403]LogModuleManager: Shutting down and abandoning module Blutility (406)
[2017.11.28-09.59.47:151][403]LogModuleManager: Shutting down and abandoning module ProjectSettingsViewer (404)
[2017.11.28-09.59.47:151][403]LogModuleManager: Shutting down and abandoning module ProjectTargetPlatformEditor (403)
[2017.11.28-09.59.47:151][403]LogModuleManager: Shutting down and abandoning module EditorSettingsViewer (400)
[2017.11.28-09.59.47:151][403]LogModuleManager: Shutting down and abandoning module SettingsEditor (398)
[2017.11.28-09.59.47:151][403]LogModuleManager: Shutting down and abandoning module ProjectLauncher (396)
[2017.11.28-09.59.47:152][403]LogModuleManager: Shutting down and abandoning module SessionFrontend (394)
[2017.11.28-09.59.47:153][403]LogModuleManager: Shutting down and abandoning module ProfilerClient (392)
[2017.11.28-09.59.47:153][403]LogModuleManager: Shutting down and abandoning module DeviceManager (390)
[2017.11.28-09.59.47:153][403]LogModuleManager: Shutting down and abandoning module TargetDeviceServices (389)
[2017.11.28-09.59.47:218][403]LogModuleManager: Shutting down and abandoning module AutomationController (386)
[2017.11.28-09.59.47:219][403]LogModuleManager: Shutting down and abandoning module AutomationWindow (384)
[2017.11.28-09.59.47:220][403]LogModuleManager: Shutting down and abandoning module Layers (382)
[2017.11.28-09.59.47:221][403]LogModuleManager: Shutting down and abandoning module ComponentVisualizers (380)
[2017.11.28-09.59.47:221][403]LogModuleManager: Shutting down and abandoning module DetailCustomizations (378)
[2017.11.28-09.59.47:222][403]LogModuleManager: Shutting down and abandoning module PackagesDialog (376)
[2017.11.28-09.59.47:222][403]LogModuleManager: Shutting down and abandoning module Persona (374)
[2017.11.28-09.59.47:223][403]LogModuleManager: Shutting down and abandoning module AdvancedPreviewScene (373)
[2017.11.28-09.59.47:223][403]LogModuleManager: Shutting down and abandoning module AnimGraph (371)
[2017.11.28-09.59.47:223][403]LogModuleManager: Shutting down and abandoning module Kismet (368)
[2017.11.28-09.59.47:231][403]LogModuleManager: Shutting down and abandoning module ClassViewer (366)
[2017.11.28-09.59.47:231][403]LogModuleManager: Shutting down and abandoning module Toolbox (364)
[2017.11.28-09.59.47:232][403]LogModuleManager: Shutting down and abandoning module ModuleUI (362)
[2017.11.28-09.59.47:233][403]LogModuleManager: Shutting down and abandoning module MovieSceneTools (360)
[2017.11.28-09.59.47:234][403]LogModuleManager: Shutting down and abandoning module OutputLog (358)
[2017.11.28-09.59.47:234][403]LogModuleManager: Shutting down and abandoning module GammaUI (356)
[2017.11.28-09.59.47:234][403]LogModuleManager: Shutting down and abandoning module Documentation (354)
[2017.11.28-09.59.47:234][403]LogModuleManager: Shutting down and abandoning module MovieSceneTracks (352)
[2017.11.28-09.59.47:234][403]LogModuleManager: Shutting down and abandoning module MovieScene (350)
[2017.11.28-09.59.47:234][403]LogModuleManager: Shutting down and abandoning module Niagara (348)
[2017.11.28-09.59.47:234][403]LogModuleManager: Shutting down and abandoning module NiagaraEditor (347)
[2017.11.28-09.59.47:235][403]LogModuleManager: Shutting down and abandoning module StreamingPauseRendering (344)
[2017.11.28-09.59.47:235][403]LogModuleManager: Shutting down and abandoning module AnalyticsET (342)
[2017.11.28-09.59.47:235][403]LogModuleManager: Shutting down and abandoning module PortalServices (340)
[2017.11.28-09.59.47:235][403]LogModuleManager: Shutting down and abandoning module PortalRpc (338)
[2017.11.28-09.59.47:235][403]LogModuleManager: Shutting down and abandoning module MessagingRpc (336)
[2017.11.28-09.59.47:235][403]LogModuleManager: Shutting down and abandoning module AIModule (334)
[2017.11.28-09.59.47:235][403]LogModuleManager: Shutting down and abandoning module GameplayDebugger (333)
[2017.11.28-09.59.47:236][403]LogModuleManager: Shutting down and abandoning module AITestSuite (331)
[2017.11.28-09.59.47:236][403]LogModuleManager: Shutting down and abandoning module ProfilerService (328)
[2017.11.28-09.59.47:401][403]LogModuleManager: Shutting down and abandoning module TaskGraph (326)
[2017.11.28-09.59.47:411][403]LogModuleManager: Shutting down and abandoning module SteamVRController (324)
[2017.11.28-09.59.47:411][403]LogModuleManager: Shutting down and abandoning module SteamVR (322)
[2017.11.28-09.59.47:411][403]LogModuleManager: Shutting down and abandoning module ProceduralMeshComponentEditor (320)
[2017.11.28-09.59.47:411][403]LogModuleManager: Shutting down and abandoning module ProceduralMeshComponent (318)
[2017.11.28-09.59.47:412][403]LogModuleManager: Shutting down and abandoning module OculusLibrary (316)
[2017.11.28-09.59.47:412][403]LogModuleManager: Shutting down and abandoning module OculusInput (314)
[2017.11.28-09.59.47:412][403]LogModuleManager: Shutting down and abandoning module MobilePatchingUtils (312)
[2017.11.28-09.59.47:412][403]LogModuleManager: Shutting down and abandoning module CustomMeshComponent (310)
[2017.11.28-09.59.47:412][403]LogModuleManager: Shutting down and abandoning module CableComponent (308)
[2017.11.28-09.59.47:412][403]LogModuleManager: Shutting down and abandoning module ArchVisCharacter (306)
[2017.11.28-09.59.47:412][403]LogModuleManager: Shutting down and abandoning module AndroidPermission (304)
[2017.11.28-09.59.47:412][403]LogModuleManager: Shutting down and abandoning module MediaPlayerEditor (300)
[2017.11.28-09.59.47:414][403]LogModuleManager: Shutting down and abandoning module HTML5Networking (298)
[2017.11.28-09.59.47:414][403]LogModuleManager: Shutting down and abandoning module AlembicImporter (296)
[2017.11.28-09.59.47:414][403]LogModuleManager: Shutting down and abandoning module AlembicLibrary (295)
[2017.11.28-09.59.47:414][403]LogModuleManager: Shutting down and abandoning module GeometryCache (294)
[2017.11.28-09.59.47:414][403]LogModuleManager: Shutting down and abandoning module GeometryCacheEd (293)
[2017.11.28-09.59.47:414][403]LogModuleManager: Shutting down and abandoning module SuperSearchEditor (288)
[2017.11.28-09.59.47:414][403]LogModuleManager: Shutting down and abandoning module SuperSearch (287)
[2017.11.28-09.59.47:414][403]LogModuleManager: Shutting down and abandoning module SpeedTreeImporter (284)
[2017.11.28-09.59.47:414][403]LogModuleManager: Shutting down and abandoning module PluginBrowser (282)
[2017.11.28-09.59.47:415][403]LogModuleManager: Shutting down and abandoning module MobileLauncherProfileWizard (280)
[2017.11.28-09.59.47:416][403]LogModuleManager: Shutting down and abandoning module VisualStudioSourceCodeAccess (278)
[2017.11.28-09.59.47:416][403]LogModuleManager: Shutting down and abandoning module DesktopPlatform (277)
[2017.11.28-09.59.47:416][403]LogModuleManager: Shutting down and abandoning module UObjectPlugin (274)
[2017.11.28-09.59.47:416][403]LogModuleManager: Shutting down and abandoning module SubversionSourceControl (272)
[2017.11.28-09.59.47:417][403]LogModuleManager: Shutting down and abandoning module PerforceSourceControl (270)
[2017.11.28-09.59.47:417][403]LogModuleManager: Shutting down and abandoning module GitSourceControl (268)
[2017.11.28-09.59.47:417][403]LogModuleManager: Shutting down and abandoning module SourceControl (267)
[2017.11.28-09.59.47:418][403]LogModuleManager: Shutting down and abandoning module LightPropagationVolumeEditor (264)
[2017.11.28-09.59.47:418][403]LogModuleManager: Shutting down and abandoning module PaperTiledImporter (262)
[2017.11.28-09.59.47:418][403]LogModuleManager: Shutting down and abandoning module PaperSpriteSheetImporter (260)
[2017.11.28-09.59.47:418][403]LogModuleManager: Shutting down and abandoning module Paper2DEditor (258)
[2017.11.28-09.59.47:418][403]LogModuleManager: Shutting down and abandoning module MeshPaint (257)
[2017.11.28-09.59.47:418][403]LogModuleManager: Shutting down and abandoning module LevelEditor (255)
[2017.11.28-09.59.47:419][403]LogModuleManager: Shutting down and abandoning module PixelInspectorModule (254)
[2017.11.28-09.59.47:419][403]LogModuleManager: Shutting down and abandoning module MainFrame (252)
[2017.11.28-09.59.47:420][403]LogModuleManager: Shutting down and abandoning module HotReload (251)
[2017.11.28-09.59.47:420][403]LogModuleManager: Shutting down and abandoning module PhysXVehiclesEditor (246)
[2017.11.28-09.59.47:420][403]LogModuleManager: Shutting down and abandoning module PhysXVehicles (244)
[2017.11.28-09.59.47:420][403]LogModuleManager: Shutting down and abandoning module LocationServicesBPLibrary (242)
[2017.11.28-09.59.47:420][403]LogModuleManager: Shutting down and abandoning module ImmediatePhysicsEditor (240)
[2017.11.28-09.59.47:420][403]LogModuleManager: Shutting down and abandoning module ImmediatePhysics (238)
[2017.11.28-09.59.47:421][403]LogModuleManager: Shutting down and abandoning module UdpMessaging (236)
[2017.11.28-09.59.47:521][403]LogModuleManager: Shutting down and abandoning module TcpMessaging (234)
[2017.11.28-09.59.47:627][403]LogModuleManager: Shutting down and abandoning module GameplayTagsEditor (232)
[2017.11.28-09.59.47:636][403]LogModuleManager: Shutting down and abandoning module FacialAnimationEditor (230)
[2017.11.28-09.59.47:636][403]LogModuleManager: Shutting down and abandoning module FacialAnimation (228)
[2017.11.28-09.59.47:636][403]LogModuleManager: Shutting down and abandoning module AssetManagerEditor (226)
[2017.11.28-09.59.47:637][403]LogModuleManager: Shutting down and abandoning module GraphEditor (225)
[2017.11.28-09.59.47:637][403]LogModuleManager: Shutting down and abandoning module ContentBrowser (223)
[2017.11.28-09.59.47:637][403]LogModuleManager: Shutting down and abandoning module LightPropagationVolumeRuntime (220)
[2017.11.28-09.59.47:637][403]LogModuleManager: Shutting down and abandoning module Paper2D (218)
[2017.11.28-09.59.47:638][403]LogModuleManager: Shutting down and abandoning module WindowsMoviePlayer (216)
[2017.11.28-09.59.47:638][403]LogModuleManager: Shutting down and abandoning module WmfMedia (214)
[2017.11.28-09.59.47:638][403]LogModuleManager: Shutting down and abandoning module ClothingSystemEditor (212)
[2017.11.28-09.59.47:638][403]LogModuleManager: Shutting down and abandoning module ClothingSystemRuntime (210)
[2017.11.28-09.59.47:639][403]LogModuleManager: Shutting down and abandoning module MediaAssets (208)
[2017.11.28-09.59.47:639][403]LogModuleManager: Shutting down and abandoning module GameLiveStreaming (206)
[2017.11.28-09.59.47:639][403]LogModuleManager: Shutting down and abandoning module VREditor (204)
[2017.11.28-09.59.47:639][403]LogModuleManager: Shutting down and abandoning module StringTableEditor (202)
[2017.11.28-09.59.47:640][403]LogModuleManager: Shutting down and abandoning module GameplayTasksEditor (200)
[2017.11.28-09.59.47:640][403]LogModuleManager: Shutting down and abandoning module BehaviorTreeEditor (198)
[2017.11.28-09.59.47:642][403]LogModuleManager: Shutting down and abandoning module FunctionalTesting (196)
[2017.11.28-09.59.47:642][403]LogModuleManager: Shutting down and abandoning module CollisionAnalyzer (194)
[2017.11.28-09.59.47:642][403]LogModuleManager: Shutting down and abandoning module UMG (192)
[2017.11.28-09.59.47:642][403]LogModuleManager: Shutting down and abandoning module UMGEditor (191)
[2017.11.28-09.59.47:643][403]LogModuleManager: Shutting down and abandoning module Sequencer (190)
[2017.11.28-09.59.47:644][403]LogModuleManager: Shutting down and abandoning module AssetTools (188)
[2017.11.28-09.59.47:645][403]LogModuleManager: Shutting down and abandoning module MessageLog (187)
[2017.11.28-09.59.47:645][403]LogModuleManager: Shutting down and abandoning module WorkspaceMenuStructure (186)
[2017.11.28-09.59.47:645][403]LogModuleManager: Shutting down and abandoning module SlateReflector (180)
[2017.11.28-09.59.47:647][403]LogModuleManager: Shutting down and abandoning module Slate (178)
[2017.11.28-09.59.47:647][403]LogModuleManager: Shutting down and abandoning module EditorStyle (176)
[2017.11.28-09.59.47:648][403]LogModuleManager: Shutting down and abandoning module SourceCodeAccess (174)
[2017.11.28-09.59.47:648][403]LogModuleManager: Shutting down and abandoning module HeadMountedDisplay (172)
[2017.11.28-09.59.47:648][403]LogModuleManager: Shutting down and abandoning module XAudio2 (170)
[2017.11.28-09.59.47:648][403]LogModuleManager: Shutting down and abandoning module Networking (168)
[2017.11.28-09.59.47:648][403]LogModuleManager: Shutting down and abandoning module Core (164)
[2017.11.28-09.59.47:648][403]LogModuleManager: Shutting down and abandoning module AssetRegistry (162)
[2017.11.28-09.59.47:746][403]LogDirectoryWatcher: A directory notification for '../../../Engine/Content/' was aborted.
[2017.11.28-09.59.47:746][403]LogDirectoryWatcher: A directory notification for 'D:/CastleGuardCurrent/CastleGuardPhase2/CastleGuardReborn/Content/' was aborted.
[2017.11.28-09.59.47:746][403]LogDirectoryWatcher: A directory notification for '../../../Engine/Plugins/2D/Paper2D/Content/' was aborted.
[2017.11.28-09.59.47:747][403]LogDirectoryWatcher: A directory notification for '../../../Engine/Plugins/Runtime/GearVR/Content/' was aborted.
[2017.11.28-09.59.47:749][403]LogModuleManager: Shutting down and abandoning module DirectoryWatcher (161)
[2017.11.28-09.59.47:750][403]LogModuleManager: Shutting down and abandoning module KismetCompiler (158)
[2017.11.28-09.59.47:750][403]LogModuleManager: Shutting down and abandoning module LevelSequence (156)
[2017.11.28-09.59.47:750][403]LogModuleManager: Shutting down and abandoning module PhysXFormats (154)
[2017.11.28-09.59.47:750][403]LogModuleManager: Shutting down and abandoning module MeshUtilities (152)
[2017.11.28-09.59.47:752][403]LogModuleManager: Shutting down and abandoning module SimplygonSwarm (151)
[2017.11.28-09.59.47:752][403]LogModuleManager: Shutting down and abandoning module SimplygonMeshReduction (149)
[2017.11.28-09.59.47:752][403]LogModuleManager: Shutting down and abandoning module QuadricMeshReduction (147)
[2017.11.28-09.59.47:752][403]LogModuleManager: Shutting down and abandoning module DerivedDataCache (144)
[2017.11.28-09.59.47:840][403]LogDerivedDataCache: Shutdown
[2017.11.28-09.59.47:840][403]LogModuleManager: Shutting down and abandoning module TargetPlatform (142)
[2017.11.28-09.59.47:840][403]LogModuleManager: Shutting down and abandoning module VulkanShaderFormat (141)
[2017.11.28-09.59.47:842][403]LogModuleManager: Shutting down and abandoning module ShaderFormatVectorVM (139)
[2017.11.28-09.59.47:842][403]LogModuleManager: Shutting down and abandoning module ShaderFormatOpenGL (137)
[2017.11.28-09.59.47:843][403]LogModuleManager: Shutting down and abandoning module ShaderFormatD3D (135)
[2017.11.28-09.59.47:843][403]LogModuleManager: Shutting down and abandoning module MetalShaderFormat (133)
[2017.11.28-09.59.47:844][403]LogModuleManager: Shutting down and abandoning module TextureFormatUncompressed (131)
[2017.11.28-09.59.47:844][403]LogModuleManager: Shutting down and abandoning module TextureFormatPVR (129)
[2017.11.28-09.59.47:844][403]LogModuleManager: Shutting down and abandoning module TextureFormatDXT (127)
[2017.11.28-09.59.47:844][403]LogModuleManager: Shutting down and abandoning module TextureFormatIntelISPCTexComp (125)
[2017.11.28-09.59.47:844][403]LogModuleManager: Shutting down and abandoning module TextureFormatASTC (123)
[2017.11.28-09.59.47:844][403]LogModuleManager: Shutting down and abandoning module ImageWrapper (122)
[2017.11.28-09.59.47:844][403]LogModuleManager: Shutting down and abandoning module TextureFormatAndroid (119)
[2017.11.28-09.59.47:844][403]LogModuleManager: Shutting down and abandoning module AudioFormatOpus (117)
[2017.11.28-09.59.47:844][403]LogModuleManager: Shutting down and abandoning module AudioFormatOgg (115)
[2017.11.28-09.59.47:844][403]LogModuleManager: Shutting down and abandoning module AudioFormatADPCM (113)
[2017.11.28-09.59.47:844][403]LogModuleManager: Shutting down and abandoning module LinuxTargetPlatform (111)
[2017.11.28-09.59.47:844][403]LogModuleManager: Shutting down and abandoning module LinuxServerTargetPlatform (109)
[2017.11.28-09.59.47:844][403]LogModuleManager: Shutting down and abandoning module LinuxNoEditorTargetPlatform (107)
[2017.11.28-09.59.47:844][403]LogModuleManager: Shutting down and abandoning module LinuxClientTargetPlatform (105)
[2017.11.28-09.59.47:844][403]LogModuleManager: Shutting down and abandoning module TVOSTargetPlatform (103)
[2017.11.28-09.59.47:844][403]LogModuleManager: Shutting down and abandoning module Messaging (101)
[2017.11.28-09.59.47:844][403]LogModuleManager: Shutting down and abandoning module IOSTargetPlatform (99)
[2017.11.28-09.59.47:844][403]LogModuleManager: Shutting down and abandoning module HTML5TargetPlatform (97)
[2017.11.28-09.59.47:844][403]LogModuleManager: Shutting down and abandoning module Android_PVRTCTargetPlatform (95)
[2017.11.28-09.59.47:844][403]LogModuleManager: Shutting down and abandoning module Android_MultiTargetPlatform (93)
[2017.11.28-09.59.47:844][403]LogModuleManager: Shutting down and abandoning module Android_ETC2TargetPlatform (91)
[2017.11.28-09.59.47:844][403]LogModuleManager: Shutting down and abandoning module Android_ETC1TargetPlatform (89)
[2017.11.28-09.59.47:844][403]LogModuleManager: Shutting down and abandoning module Android_DXTTargetPlatform (87)
[2017.11.28-09.59.47:844][403]LogModuleManager: Shutting down and abandoning module Android_ATCTargetPlatform (85)
[2017.11.28-09.59.47:844][403]LogModuleManager: Shutting down and abandoning module Android_ASTCTargetPlatform (83)
[2017.11.28-09.59.47:844][403]LogModuleManager: Shutting down and abandoning module AndroidTargetPlatform (81)
[2017.11.28-09.59.47:844][403]LogModuleManager: Shutting down and abandoning module WindowsTargetPlatform (79)
[2017.11.28-09.59.47:844][403]LogModuleManager: Shutting down and abandoning module WindowsServerTargetPlatform (77)
[2017.11.28-09.59.47:844][403]LogModuleManager: Shutting down and abandoning module WindowsNoEditorTargetPlatform (75)
[2017.11.28-09.59.47:844][403]LogModuleManager: Shutting down and abandoning module WindowsClientTargetPlatform (73)
[2017.11.28-09.59.47:844][403]LogModuleManager: Shutting down and abandoning module MacTargetPlatform (71)
[2017.11.28-09.59.47:844][403]LogModuleManager: Shutting down and abandoning module MacServerTargetPlatform (69)
[2017.11.28-09.59.47:844][403]LogModuleManager: Shutting down and abandoning module MacNoEditorTargetPlatform (67)
[2017.11.28-09.59.47:844][403]LogModuleManager: Shutting down and abandoning module MacClientTargetPlatform (65)
[2017.11.28-09.59.47:844][403]LogModuleManager: Shutting down and abandoning module AllDesktopTargetPlatform (63)
[2017.11.28-09.59.47:844][403]LogModuleManager: Shutting down and abandoning module InputCore (60)
[2017.11.28-09.59.47:844][403]LogModuleManager: Shutting down and abandoning module Settings (58)
[2017.11.28-09.59.47:844][403]LogModuleManager: Shutting down and abandoning module OculusRift (56)
[2017.11.28-09.59.47:845][403]LogModuleManager: Shutting down and abandoning module GearVRController (54)
[2017.11.28-09.59.47:845][403]LogModuleManager: Shutting down and abandoning module GearVR (52)
[2017.11.28-09.59.47:845][403]LogModuleManager: Shutting down and abandoning module ExampleDeviceProfileSelector (50)
[2017.11.28-09.59.47:845][403]LogModuleManager: Shutting down and abandoning module OnlineBlueprintSupport (48)
[2017.11.28-09.59.47:845][403]LogModuleManager: Shutting down and abandoning module OnlineSubsystem (44)
[2017.11.28-09.59.47:845][403]LogOnline:Display: Unloading online subsystem: NULL
[2017.11.28-09.59.47:847][403]LogModuleManager: Shutting down and abandoning module XMPP (43)
[2017.11.28-09.59.47:848][403]LogModuleManager: Shutting down and abandoning module HTTP (41)
[2017.11.28-09.59.47:848][403]LogHttp:Display: Http module shutting down, but needs to wait on 2 outstanding Http requests:
[2017.11.28-09.59.47:848][403]LogHttp:Display: 	verb=[POST] url=[https://datarouter.ol.epicgames.com/datarouter/api/v1/public/data?SessionID=%7BF8EF2400-4DC3-7ABC-A64B-C48A7F3C0D48%7D&AppID=UEEditor.Rocket.Release&AppVersion=4.16.2-3514769%2B%2B%2BUE4%2BRelease-4.16&UserID=982011a7482c1cbdc2ce3cbeaef51dbe%7Ce0ca3295625c4184a95d26a3b9c858a2%7C70012bb2-c253-4297-934e-6257f569ac01&AppEnvironment=datacollector-binary&UploadType=eteventstream] status=Processing
[2017.11.28-09.59.47:848][403]LogHttp:Display: 	verb=[POST] url=[https://datarouter.ol.epicgames.com/datarouter/api/v1/public/data?SessionID=%7BF8EF2400-4DC3-7ABC-A64B-C48A7F3C0D48%7D&AppID=UEEditor.Rocket.Release&AppVersion=4.16.2-3514769%2B%2B%2BUE4%2BRelease-4.16&UserID=982011a7482c1cbdc2ce3cbeaef51dbe%7Ce0ca3295625c4184a95d26a3b9c858a2%7C70012bb2-c253-4297-934e-6257f569ac01&AppEnvironment=datacollector-binary&UploadType=eteventstream] status=Processing
[2017.11.28-09.59.47:861][403]LogModuleManager: Shutting down and abandoning module SSL (40)
[2017.11.28-09.59.47:862][403]LogModuleManager: Shutting down and abandoning module HTTPChunkInstaller (36)
[2017.11.28-09.59.47:864][403]LogModuleManager: Shutting down and abandoning module AnimationModifiers (34)
[2017.11.28-09.59.47:865][403]LogModuleManager: Shutting down and abandoning module PropertyEditor (33)
[2017.11.28-09.59.47:865][403]LogModuleManager: Shutting down and abandoning module AudioEditor (30)
[2017.11.28-09.59.47:866][403]LogModuleManager: Shutting down and abandoning module TextureCompressor (28)
[2017.11.28-09.59.47:866][403]LogModuleManager: Shutting down and abandoning module ShaderCore (26)
[2017.11.28-09.59.47:866][403]LogModuleManager: Shutting down and abandoning module Landscape (24)
[2017.11.28-09.59.47:866][403]LogModuleManager: Shutting down and abandoning module SlateRHIRenderer (22)
[2017.11.28-09.59.47:868][403]LogModuleManager: Shutting down and abandoning module OpenGLDrv (20)
[2017.11.28-09.59.47:869][403]LogModuleManager: Shutting down and abandoning module D3D11RHI (18)
[2017.11.28-09.59.47:869][403]LogModuleManager: Shutting down and abandoning module AnimGraphRuntime (16)
[2017.11.28-09.59.47:869][403]LogModuleManager: Shutting down and abandoning module Renderer (14)
[2017.11.28-09.59.47:869][403]LogModuleManager: Shutting down and abandoning module Engine (12)
[2017.11.28-09.59.47:869][403]LogModuleManager: Shutting down and abandoning module CoreUObject (10)
[2017.11.28-09.59.47:869][403]LogModuleManager: Shutting down and abandoning module NetworkFile (8)
[2017.11.28-09.59.47:869][403]LogModuleManager: Shutting down and abandoning module StreamingFile (6)
[2017.11.28-09.59.47:869][403]LogModuleManager: Shutting down and abandoning module SandboxFile (4)
[2017.11.28-09.59.47:869][403]LogModuleManager: Shutting down and abandoning module PakFile (2)
[2017.11.28-09.59.47:871][403]LogExit: Exiting.
[2017.11.28-09.59.47:894][403]Log file closed, 11/28/17 01:59:47
