Log file open, 11/11/17 13:41:27
LogInit:Display: Running engine for game: CastleGuardReborn
LogPlatformFile: Not using cached read wrapper
LogInit:Display: RandInit(1270166146) SRandInit(1270166146).
LogTaskGraph: Started task graph with 5 named threads and 8 total threads with 1 sets of task threads.
LogStats: Stats thread started at 0.079551
LogInit: Using libcurl 7.47.1
LogInit:  - built for x86_64-pc-win32
LogInit:  - supports SSL with OpenSSL/1.0.2g
LogInit:  - supports HTTP deflate (compression) using libz 1.2.8
LogInit:  - other features:
LogInit:      CURL_VERSION_SSL
LogInit:      CURL_VERSION_LIBZ
LogInit:      CURL_VERSION_IPV6
LogInit:      CURL_VERSION_ASYNCHDNS
LogInit:      CURL_VERSION_LARGEFILE
LogInit:      CURL_VERSION_IDN
LogInit:  CurlRequestOptions (configurable via config and command line):
LogInit:  - bVerifyPeer = false  - Libcurl will NOT verify peer certificate
LogInit:  - bUseHttpProxy = false  - Libcurl will NOT use HTTP proxy
LogInit:  - bDontReuseConnections = false  - Libcurl will reuse connections
LogInit:  - CertBundlePath = nullptr  - Libcurl will use whatever was configured at build time.
LogInit: Build: ++UE4+Release-4.16-CL-3514769
LogInit: Engine Version: 4.16.2-3514769+++UE4+Release-4.16
LogInit: Compatible Engine Version: 4.16.0-3452394+++UE4+Release-4.16
LogInit: Net CL: 3452394
LogDevObjectVersion: Number of dev versions registered: 16
LogDevObjectVersion:   Dev-Blueprints (B0D832E4-1F89-4F0D-ACCF-7EB736FD4AA2): 9
LogDevObjectVersion:   Dev-Build (E1C64328-A22C-4D53-A36C-8E866417BD8C): 0
LogDevObjectVersion:   Dev-Core (375EC13C-06E4-48FB-B500-84F0262A717E): 2
LogDevObjectVersion:   Dev-Editor (E4B068ED-F494-42E9-A231-DA0B2E46BB41): 17
LogDevObjectVersion:   Dev-Framework (CFFC743F-43B0-4480-9391-14DF171D2073): 23
LogDevObjectVersion:   Dev-Mobile (B02B49B5-BB20-44E9-A304-32B752E40360): 0
LogDevObjectVersion:   Dev-Networking (A4E4105C-59A1-49B5-A7C5-40C4547EDFEE): 0
LogDevObjectVersion:   Dev-Online (39C831C9-5AE6-47DC-9A44-9C173E1C8E7C): 0
LogDevObjectVersion:   Dev-Physics (78F01B33-EBEA-4F98-B9B4-84EACCB95AA2): 0
LogDevObjectVersion:   Dev-Platform (6631380F-2D4D-43E0-8009-CF276956A95A): 0
LogDevObjectVersion:   Dev-Rendering (12F88B9F-8875-4AFC-A67C-D90C383ABD29): 15
LogDevObjectVersion:   Dev-Sequencer (7B5AE74C-D270-4C10-A958-57980B212A5A): 4
LogDevObjectVersion:   Dev-VR (D7296918-1DD6-4BDD-9DE2-64A83CC13884): 0
LogDevObjectVersion:   Dev-LoadTimes (C2A15278-BFE7-4AFE-6C17-90FF531DF755): 1
LogDevObjectVersion:   Private-Geometry (6EACA3D4-40EC-4CC1-B786-8BED09428FC5): 1
LogDevObjectVersion:   Dev-AnimPhys (29E575DD-E0A3-4627-9D10-D276232CDCEA): 3
LogInit: Compiled (64-bit): Jun 29 2017 02:03:24
LogInit: Compiled with Visual C++: 19.00.24215.01
LogInit: Build Configuration: Development
LogInit: Branch Name: ++UE4+Release-4.16
LogInit: Command line:  
LogInit: Base directory: C:/Program Files/Epic Games/UE_4.16/Engine/Binaries/Win64/
LogInit: Installed Engine Build: 1
LogInit: Presizing for max 8388607 objects, including 0 objects not considered by GC, pre-allocating 0 bytes for permanent pool.
LogInit: Object subsystem initialized
[2017.11.11-21.41.28:189][  0]LogInit: Selected Device Profile: [Windows]
[2017.11.11-21.41.28:189][  0]LogInit: Applying CVar settings loaded from the selected device profile: [Windows]
[2017.11.11-21.41.28:211][  0]LogInit: Computer: LCIVAN-238-00
[2017.11.11-21.41.28:211][  0]LogInit: User: studentuser
[2017.11.11-21.41.28:211][  0]LogInit: CPU Page size=4096, Cores=4
[2017.11.11-21.41.28:211][  0]LogInit: High frequency timer resolution =4.101561 MHz
[2017.11.11-21.41.28:211][  0]LogMemory: Memory total: Physical=15.9GB (16GB approx)
[2017.11.11-21.41.28:211][  0]LogMemory: Platform Memory Stats for Windows
[2017.11.11-21.41.28:211][  0]LogMemory: Process Physical Memory: 276.04 MB used, 276.04 MB peak
[2017.11.11-21.41.28:211][  0]LogMemory: Process Virtual Memory: 276.91 MB used, 276.91 MB peak
[2017.11.11-21.41.28:211][  0]LogMemory: Physical Memory: 5883.21 MB used,  10400.23 MB free, 16283.45 MB total
[2017.11.11-21.41.28:211][  0]LogMemory: Virtual Memory: 654.47 MB used,  10400.23 MB free, 134217728.00 MB total
[2017.11.11-21.41.28:382][  0]LogInit: Using OS detected language (en-US).
[2017.11.11-21.41.28:382][  0]LogInit: Using OS detected locale (en-CA).
[2017.11.11-21.41.28:424][  0]LogTextLocalizationManager: No specific localization for 'en-US' exists, so the 'en' localization will be used.
[2017.11.11-21.41.30:618][  0]LogD3D11RHI: D3D11 adapters:
[2017.11.11-21.41.31:003][  0]LogD3D11RHI:    0. 'NVIDIA GeForce GTX 1070' (Feature Level 11_0)
[2017.11.11-21.41.31:003][  0]LogD3D11RHI:       8115/0/8141 MB DedicatedVideo/DedicatedSystem/SharedSystem, Outputs:1, VendorId:0x10de
[2017.11.11-21.41.31:008][  0]LogD3D11RHI:    1. 'Intel(R) HD Graphics 630' (Feature Level 11_0)
[2017.11.11-21.41.31:008][  0]LogD3D11RHI:       128/0/8141 MB DedicatedVideo/DedicatedSystem/SharedSystem, Outputs:0, VendorId:0x8086
[2017.11.11-21.41.31:009][  0]LogD3D11RHI:    2. 'Microsoft Basic Render Driver' (Feature Level 11_0)
[2017.11.11-21.41.31:009][  0]LogD3D11RHI:       0/0/8141 MB DedicatedVideo/DedicatedSystem/SharedSystem, Outputs:0, VendorId:0x1414
[2017.11.11-21.41.31:009][  0]LogD3D11RHI: Chosen D3D11 Adapter: 0
[2017.11.11-21.41.31:014][  0]LogD3D11RHI: Creating new Direct3DDevice
[2017.11.11-21.41.31:014][  0]LogD3D11RHI:     GPU DeviceId: 0x1b81 (for the marketing name, search the web for "GPU Device Id")
[2017.11.11-21.41.31:014][  0]LogWindows: EnumDisplayDevices:
[2017.11.11-21.41.31:014][  0]LogWindows:    0. 'NVIDIA GeForce GTX 1070' (P:1 D:1)
[2017.11.11-21.41.31:014][  0]LogWindows:    1. 'NVIDIA GeForce GTX 1070' (P:0 D:0)
[2017.11.11-21.41.31:014][  0]LogWindows:    2. 'NVIDIA GeForce GTX 1070' (P:0 D:0)
[2017.11.11-21.41.31:014][  0]LogWindows:    3. 'NVIDIA GeForce GTX 1070' (P:0 D:0)
[2017.11.11-21.41.31:014][  0]LogWindows:    4. 'Intel(R) HD Graphics 630' (P:0 D:0)
[2017.11.11-21.41.31:014][  0]LogWindows:    5. 'Intel(R) HD Graphics 630' (P:0 D:0)
[2017.11.11-21.41.31:014][  0]LogWindows:    6. 'Intel(R) HD Graphics 630' (P:0 D:0)
[2017.11.11-21.41.31:014][  0]LogWindows: DebugString: PrimaryIsNotTheChoosenAdapter PrimaryIsNotTheChoosenAdapter PrimaryIsNotTheChoosenAdapter FoundDriverCount:4 
[2017.11.11-21.41.31:014][  0]LogD3D11RHI:     Adapter Name: NVIDIA GeForce GTX 1070
[2017.11.11-21.41.31:015][  0]LogD3D11RHI:   Driver Version: 382.66 (internal:22.21.13.8266, unified:382.66)
[2017.11.11-21.41.31:015][  0]LogD3D11RHI:      Driver Date: 6-25-2017
[2017.11.11-21.41.31:015][  0]LogRHI: Texture pool is 1361 MB (70% of 1945 MB)
[2017.11.11-21.41.31:039][  0]LogD3D11RHI: Async texture creation enabled
[2017.11.11-21.41.31:048][  0]LogD3D11RHI: GPU Timing Frequency: 1000.000000 (Debug: 2 1)
[2017.11.11-21.41.31:096][  0]LogShaderCompilers: Guid format shader working directory is -5 characters bigger than the processId version (D:/CastleGuardCurrent/CastleGuardPhase2/CastleGuardReborn/Intermediate/Shaders/WorkingDirectory/9276/).
[2017.11.11-21.41.31:096][  0]LogShaderCompilers: Cleaned the shader compiler working directory 'C:/Users/studentuser/AppData/Local/Temp/UnrealShaderWorkingDir/7054273E41745A358D6D039C9C1C1D64/'.
[2017.11.11-21.41.31:096][  0]LogShaderCompilers:Display: Using Local Shader Compiler.
[2017.11.11-21.41.32:519][  0]LogTemp:Display: Loaded TP AllDesktopTargetPlatform
[2017.11.11-21.41.32:556][  0]LogTemp:Display: Loaded TP MacClientTargetPlatform
[2017.11.11-21.41.32:593][  0]LogTemp:Display: Loaded TP MacNoEditorTargetPlatform
[2017.11.11-21.41.32:628][  0]LogTemp:Display: Loaded TP MacServerTargetPlatform
[2017.11.11-21.41.32:667][  0]LogTemp:Display: Loaded TP MacTargetPlatform
[2017.11.11-21.41.32:702][  0]LogTemp:Display: Loaded TP WindowsClientTargetPlatform
[2017.11.11-21.41.32:738][  0]LogTemp:Display: Loaded TP WindowsNoEditorTargetPlatform
[2017.11.11-21.41.32:774][  0]LogTemp:Display: Loaded TP WindowsServerTargetPlatform
[2017.11.11-21.41.32:806][  0]LogTemp:Display: Loaded TP WindowsTargetPlatform
[2017.11.11-21.41.32:843][  0]LogTemp:Display: Loaded TP AndroidTargetPlatform
[2017.11.11-21.41.32:877][  0]LogTemp:Display: Loaded TP Android_ASTCTargetPlatform
[2017.11.11-21.41.32:912][  0]LogTemp:Display: Loaded TP Android_ATCTargetPlatform
[2017.11.11-21.41.32:947][  0]LogTemp:Display: Loaded TP Android_DXTTargetPlatform
[2017.11.11-21.41.32:981][  0]LogTemp:Display: Loaded TP Android_ETC1TargetPlatform
[2017.11.11-21.41.33:016][  0]LogTemp:Display: Loaded TP Android_ETC2TargetPlatform
[2017.11.11-21.41.33:085][  0]LogTemp:Display: Loaded TP Android_MultiTargetPlatform
[2017.11.11-21.41.33:085][  0]LogTemp:Display: Loaded TP Android_PVRTCTargetPlatform
[2017.11.11-21.41.33:112][  0]LogTemp:Display: Loaded TP HTML5TargetPlatform
[2017.11.11-21.41.33:187][  0]LogTemp:Display: Loaded TP IOSTargetPlatform
[2017.11.11-21.41.33:209][  0]LogTemp:Display: Loaded TP TVOSTargetPlatform
[2017.11.11-21.41.33:243][  0]LogTemp:Display: Loaded TP LinuxClientTargetPlatform
[2017.11.11-21.41.33:276][  0]LogTemp:Display: Loaded TP LinuxNoEditorTargetPlatform
[2017.11.11-21.41.33:310][  0]LogTemp:Display: Loaded TP LinuxServerTargetPlatform
[2017.11.11-21.41.33:347][  0]LogTemp:Display: Loaded TP LinuxTargetPlatform
[2017.11.11-21.41.33:347][  0]LogTargetPlatformManager:Display: Building Assets For Windows
[2017.11.11-21.41.33:755][  0]LogDerivedDataCache:Display: Max Cache Size: 512 MB
[2017.11.11-21.41.33:836][  0]LogDerivedDataCache: Loaded boot cache 0.08s 90MB C:/Users/studentuser/AppData/Local/UnrealEngine/4.16/DerivedDataCache/Boot.ddc.
[2017.11.11-21.41.33:836][  0]LogDerivedDataCache:Display: Loaded Boot cache: C:/Users/studentuser/AppData/Local/UnrealEngine/4.16/DerivedDataCache/Boot.ddc
[2017.11.11-21.41.33:836][  0]LogDerivedDataCache: FDerivedDataBackendGraph:  Pak pak cache file D:/CastleGuardCurrent/CastleGuardPhase2/CastleGuardReborn/DerivedDataCache/DDC.ddp not found, will not use a pak cache.
[2017.11.11-21.41.33:836][  0]LogDerivedDataCache: Unable to find inner node Pak for hierarchical cache Hierarchy.
[2017.11.11-21.41.33:836][  0]LogDerivedDataCache: FDerivedDataBackendGraph:  CompressedPak pak cache file D:/CastleGuardCurrent/CastleGuardPhase2/CastleGuardReborn/DerivedDataCache/Compressed.ddp not found, will not use a pak cache.
[2017.11.11-21.41.33:836][  0]LogDerivedDataCache: Unable to find inner node CompressedPak for hierarchical cache Hierarchy.
[2017.11.11-21.41.33:861][  0]LogDerivedDataCache:Display: Pak cache opened for reading ../../../Engine/DerivedDataCache/Compressed.ddp.
[2017.11.11-21.41.33:872][  0]LogDerivedDataCache: Using Local data cache path C:/Users/studentuser/AppData/Local/UnrealEngine/Common/DerivedDataCache: Writable
[2017.11.11-21.41.33:880][  0]LogMaterial: Verifying Global Shaders for PCD3D_SM5
[2017.11.11-21.41.33:880][  0]LogSlate: Using Freetype 2.6.0
[2017.11.11-21.41.33:891][  0]LogSlate: SlateFontCache - WITH_FREETYPE: 1, WITH_HARFBUZZ: 1
[2017.11.11-21.41.33:891][  0]LogSlate: SlateFontCache - WITH_FREETYPE: 1, WITH_HARFBUZZ: 1
[2017.11.11-21.41.34:207][  0]LogInit: Selected Device Profile: [Windows]
[2017.11.11-21.41.34:319][  0]LogContentStreaming: Texture pool size is 0.00 MB
[2017.11.11-21.41.34:468][  0]LogMeshUtilities: Using QuadricMeshReduction for automatic static mesh reduction
[2017.11.11-21.41.34:500][  0]LogSimplygon: Simplygon DLL not present - disabling.
[2017.11.11-21.41.34:535][  0]LogMeshUtilities: Using SimplygonSwarm for distributed automatic mesh merging
[2017.11.11-21.41.34:535][  0]LogMeshUtilities: No automatic skeletal mesh reduction module available
[2017.11.11-21.41.34:535][  0]LogMeshUtilities: No automatic mesh merging module available
[2017.11.11-21.41.35:438][  0]LogNetVersion: CastleGuardReborn , NetCL: 3452394, EngineNetVer: 2, GameNetVer: 0 (Checksum: 2303850599)
[2017.11.11-21.41.35:505][  0]LogAssetRegistry: FAssetRegistry took 0.0242 seconds to start up
[2017.11.11-21.41.35:554][  0]LogPackageLocalizationCache: Processed 4 localized package path(s) for 2 prioritized culture(s) in 0.028733 seconds
[2017.11.11-21.41.35:558][  0]LogUObjectArray: 34194 objects as part of root set at end of initial load.
[2017.11.11-21.41.35:558][  0]LogUObjectAllocator: 7260424 out of 0 bytes used by permanent object pool.
[2017.11.11-21.41.35:558][  0]LogUObjectArray: CloseDisregardForGC: 0/0 objects in disregard for GC pool
[2017.11.11-21.41.35:609][  0]LogInit: WinSock: version 1.1 (2.2), MaxSocks=32767, MaxUdp=65467
[2017.11.11-21.41.38:634][  0]LogTcpMessaging: Initializing TcpMessaging bridge
[2017.11.11-21.41.38:667][  0]LogUdpMessaging: Initializing bridge on interface 0.0.0.0:0 to multicast group 230.0.0.1:6666.
[2017.11.11-21.41.39:117][  0]LogMaterial: Uniform references updated for custom material expression Custom.
[2017.11.11-21.41.39:461][  0]SourceControl: Info Source control is disabled
[2017.11.11-21.41.39:540][  0]SourceControl: Info Source control is disabled
[2017.11.11-21.41.39:572][  0]SourceControl: Info Source control is disabled
[2017.11.11-21.41.39:605][  0]SourceControl: Info Source control is disabled
[2017.11.11-21.41.40:104][  0]LogAndroidPermission: UAndroidPermissionCallbackProxy::GetInstance
[2017.11.11-21.41.40:547][  0]LogEngine: Initializing Engine...
[2017.11.11-21.41.44:126][  0]LogHMD: SteamVR initialized.  Driver: lighthouse  Display: LHR-A4D81BA4
[2017.11.11-21.41.44:422][  0]LogStats: UGameplayTagsManager::ConstructGameplayTagTree: Construct from data asset -  0.000 s
[2017.11.11-21.41.44:422][  0]LogStats: UGameplayTagsManager::ConstructGameplayTagTree: GameplayTagTreeChangedEvent.Broadcast -  0.000 s
[2017.11.11-21.41.44:516][  0]LogAIModule: Creating AISystem for world Untitled
[2017.11.11-21.41.44:528][  0]LogInit: XAudio2 using 'Speakers (2- USB Audio Device)' : 2 channels at 48 kHz using 16 bits per sample (channel mask 0x3)
[2017.11.11-21.41.44:546][  0]LogInit: FAudioDevice initialized.
[2017.11.11-21.41.44:585][  0]LogDerivedDataCache: Saved boot cache 0.04s 90MB C:/Users/studentuser/AppData/Local/UnrealEngine/4.16/DerivedDataCache/Boot.ddc.
[2017.11.11-21.41.44:594][  0]LogInit: Texture streaming: Enabled
[2017.11.11-21.41.44:663][  0]LogEngineSessionManager: EngineSessionManager initialized
[2017.11.11-21.41.44:823][  0]LogInit: Transaction tracking system initialized
[2017.11.11-21.41.45:039][  0]BlueprintLog: New page: Editor Load
[2017.11.11-21.41.45:718][  0]LocalizationService: Info Localization service is disabled
[2017.11.11-21.41.46:205][  0]LogConsoleResponse:Display: 
[2017.11.11-21.41.46:529][  0]LogCook:Display: Max memory allowance for cook 16384mb min free memory 0mb
[2017.11.11-21.41.46:529][  0]LogCook:Display: Mobile HDR setting 1
[2017.11.11-21.41.47:282][  0]SourceControl: Info Source control is disabled
[2017.11.11-21.41.47:282][  0]Cmd: MAP LOAD FILE="D:/CastleGuardCurrent/CastleGuardPhase2/CastleGuardReborn/Content/VirtualRealityBP/Maps/default.umap" TEMPLATE=0 SHOWPROGRESS=1 FEATURELEVEL=3
[2017.11.11-21.41.47:282][  0]LightingResults: New page: Lighting Build
[2017.11.11-21.41.47:310][  0]MapCheck: New page: Map Check
[2017.11.11-21.41.47:310][  0]LightingResults: New page: Lighting Build
[2017.11.11-21.41.50:592][  0]LogClass:Warning: Enum '/Game/Vive/Blueprints/Enum_GameStatus.Enum_GameStatus' was upgraded to use FText to store its display name data. Please re-save this asset to avoid issues with localization and determinstic cooking.
[2017.11.11-21.41.50:727][  0]LogAIModule: Creating AISystem for world default
[2017.11.11-21.41.51:434][  0]LogEditorServer: Finished looking for orphan Actors (0.000 secs)
[2017.11.11-21.41.51:510][  0]Cmd: MAP CHECKDEP NOCLEARLOG
[2017.11.11-21.41.51:551][  0]MapCheck: Info Map check complete: 0 Error(s), 0 Warning(s), took 41.781ms to complete.
[2017.11.11-21.41.51:551][  0]LogFileHelpers: Loading map 'default' took 4.269
[2017.11.11-21.41.51:705][  0]LogCollectionManager: Loaded 0 collections in 0.001677 seconds
[2017.11.11-21.41.51:769][  0]LogFileCache: Scanning file cache for directory 'D:/CastleGuardCurrent/CastleGuardPhase2/CastleGuardReborn/Saved/Collections/' took 0.01s
[2017.11.11-21.41.51:769][  0]LogFileCache: Scanning file cache for directory 'D:/CastleGuardCurrent/CastleGuardPhase2/CastleGuardReborn/Content/Developers/studentuser/Collections/' took 0.01s
[2017.11.11-21.41.51:769][  0]LogFileCache: Scanning file cache for directory 'D:/CastleGuardCurrent/CastleGuardPhase2/CastleGuardReborn/Content/Collections/' took 0.01s
[2017.11.11-21.41.51:769][  0]LogCollectionManager: Rebuilt the GUID cache for 0 collections in 0.000001 seconds
[2017.11.11-21.41.51:776][  0]LogContentBrowser: Native class hierarchy populated in 0.0064 seconds. Added 2330 classes and 494 folders.
[2017.11.11-21.41.51:821][  0]LogContentBrowser: Native class hierarchy updated for 'WidgetCarousel' in 0.0004 seconds. Added 0 classes and 0 folders.
[2017.11.11-21.41.52:035][  0]LogContentBrowser: Native class hierarchy updated for 'AddContentDialog' in 0.0004 seconds. Added 0 classes and 0 folders.
[2017.11.11-21.41.52:066][  0]LogContentBrowser: Native class hierarchy updated for 'SceneOutliner' in 0.0005 seconds. Added 1 classes and 2 folders.
[2017.11.11-21.41.52:099][  0]LogCrashTracker: Crashtracker disabled due to settings.
[2017.11.11-21.41.52:108][  0]LogSlate: Took 0.004118 seconds to synchronously load lazily loaded font '../../../Engine/Content/Slate/Fonts/Roboto-Regular.ttf' (155K)
[2017.11.11-21.41.52:112][  0]LogSlate: Took 0.002745 seconds to synchronously load lazily loaded font '../../../Engine/Content/Slate/Fonts/Roboto-Bold.ttf' (160K)
[2017.11.11-21.41.52:119][  0]LogSlate: Took 0.003082 seconds to synchronously load lazily loaded font '../../../Engine/Content/Editor/Slate/Fonts/FontAwesome.ttf' (139K)
[2017.11.11-21.41.52:237][  0]LogRenderer: Reallocating scene render targets to support 1196x576 NumSamples 1 (Frame:1).
[2017.11.11-21.41.52:317][  0]LogUObjectGlobals:Warning: Failed to find object 'Class None.'
[2017.11.11-21.41.52:369][  0]LogContentBrowser: Native class hierarchy updated for 'HierarchicalLODOutliner' in 0.0004 seconds. Added 1 classes and 2 folders.
[2017.11.11-21.41.52:369][  0]LogLoad: (Engine Initialization) Total time: 25.94 seconds
[2017.11.11-21.41.52:369][  0]LogLoad: (Engine Initialization) Total Blueprint compile time: 0.63 seconds
[2017.11.11-21.41.52:369][  0]LogExternalProfiler: Found external profiler: VSPerf
[2017.11.11-21.41.52:369][  0]LogExternalProfiler: Using external profiler: VSPerf
[2017.11.11-21.41.52:381][  0]LogOcInput: OculusInput pre-init called
[2017.11.11-21.41.52:381][  0]LogHMD: Starting GearVRController plugin
[2017.11.11-21.41.52:381][  0]LogSteamVRController: Controller role for device 3 is 0 (invalid=0, left=1, right=2).
[2017.11.11-21.41.52:381][  0]LogSteamVRController:Warning: Controller device 3 has no role set.  There is no 'right' controller according to steamvr, so we are pickign that.
[2017.11.11-21.41.52:381][  0]LogSteamVRController: Controller device 3 is being assigned unreal hand 1 (left=0, right=1).
[2017.11.11-21.41.52:381][  0]LogSteamVRController: Controller role for device 4 is 1 (invalid=0, left=1, right=2).
[2017.11.11-21.41.52:381][  0]LogSteamVRController: Putting controller 4 on the left hand because there is already a controller for the right.
[2017.11.11-21.41.52:381][  0]LogSteamVRController: Controller device 4 is being assigned unreal hand 0 (left=0, right=1).
[2017.11.11-21.41.52:400][  0]LogAssetRegistry: Asset discovery search completed in 16.9167 seconds
[2017.11.11-21.41.52:402][  0]LogCollectionManager: Rebuilt the object cache for 0 collections in 0.000001 seconds (found 0 objects)
[2017.11.11-21.41.52:402][  0]LogCollectionManager: Fixed up redirectors for 0 collections in 0.000033 seconds (updated 0 objects)
[2017.11.11-21.41.52:406][  0]LogContentStreaming: Texture pool size now 1000 MB
[2017.11.11-21.41.52:461][  0]LogSlate: Took 0.002801 seconds to synchronously load lazily loaded font '../../../Engine/Content/Slate/Fonts/Roboto-Light.ttf' (159K)
[2017.11.11-21.41.53:410][ 99]LogSlate: Took 0.000155 seconds to synchronously load lazily loaded font '../../../Engine/Content/Slate/Fonts/Roboto-Light.ttf' (159K)
[2017.11.11-21.41.55:026][292]LogEditorViewport: Clicking on Actor (LMB): Vive_Pawn_C (Vive_Pawn)
[2017.11.11-21.41.56:560][469]LogSlate: Took 0.000124 seconds to synchronously load lazily loaded font '../../../Engine/Content/Slate/Fonts/Roboto-Light.ttf' (159K)
[2017.11.11-21.41.56:889][469]LogContentBrowser: Native class hierarchy updated for 'BlueprintGraph' in 0.0007 seconds. Added 112 classes and 0 folders.
[2017.11.11-21.41.57:409][469]LogSlate: Took 0.003302 seconds to synchronously load lazily loaded font '../../../Engine/Content/Editor/Slate/Fonts/Roboto-BoldCondensed.ttf' (158K)
[2017.11.11-21.41.57:725][470]LogSlate: Took 0.002948 seconds to synchronously load lazily loaded font '../../../Engine/Content/Editor/Slate/Fonts/Roboto-Italic.ttf' (157K)
[2017.11.11-21.43.20:190][704]LogUObjectBase:Warning: Object is not registered
[2017.11.11-21.43.22:725][704]LogStats: FPlatformStackWalk::StackWalkAndDump -  2.535 s
[2017.11.11-21.43.22:725][704]LogOutputDevice:Error: === Handled ensure: ===
[2017.11.11-21.43.22:725][704]LogOutputDevice:Error: 
[2017.11.11-21.43.22:725][704]LogOutputDevice:Error: Ensure condition failed: false [File:D:\Build\++UE4+Release-4.16+Compile\Sync\Engine\Source\Editor\UnrealEd\Private\Kismet2\KismetDebugUtilities.cpp] [Line: 1037]
[2017.11.11-21.43.22:725][704]LogOutputDevice:Error: Error: Invalid (but non-null) property associated with pin; cannot get variable value
[2017.11.11-21.43.22:725][704]LogOutputDevice:Error: Stack: 
[2017.11.11-21.43.22:725][704]LogOutputDevice:Error: UE4Editor-Core.dll!FWindowsPlatformStackWalk::StackWalkAndDump() [d:\build\++ue4+release-4.16+compile\sync\engine\source\runtime\core\private\windows\windowsplatformstackwalk.cpp:200]
[2017.11.11-21.43.22:725][704]LogOutputDevice:Error: UE4Editor-Core.dll!FDebug::EnsureFailed() [d:\build\++ue4+release-4.16+compile\sync\engine\source\runtime\core\private\misc\assertionmacros.cpp:233]
[2017.11.11-21.43.22:725][704]LogOutputDevice:Error: UE4Editor-Core.dll!FDebug::OptionallyLogFormattedEnsureMessageReturningFalse() [d:\build\++ue4+release-4.16+compile\sync\engine\source\runtime\core\private\misc\assertionmacros.cpp:360]
[2017.11.11-21.43.22:725][704]LogOutputDevice:Error: UE4Editor-UnrealEd.dll!FKismetDebugUtilities::GetWatchText() [d:\build\++ue4+release-4.16+compile\sync\engine\source\editor\unrealed\private\kismet2\kismetdebugutilities.cpp:1037]
[2017.11.11-21.43.22:725][704]LogOutputDevice:Error: UE4Editor-BlueprintGraph.dll!UK2Node::GetPinHoverText() [d:\build\++ue4+release-4.16+compile\sync\engine\source\editor\blueprintgraph\private\k2node.cpp:1251]
[2017.11.11-21.43.22:725][704]LogOutputDevice:Error: UE4Editor-GraphEditor.dll!SGraphPin::GetTooltipText() [d:\build\++ue4+release-4.16+compile\sync\engine\source\editor\grapheditor\private\sgraphpin.cpp:1085]
[2017.11.11-21.43.22:725][704]LogOutputDevice:Error: UE4Editor-GraphEditor.dll!TMemberFunctionCaller<SGraphPin,FText (__cdecl SGraphPin::*)(void)const __ptr64>::operator()<>() [d:\build\++ue4+release-4.16+compile\sync\engine\source\runtime\core\public\delegates\delegateinstanceinterface.h:165]
[2017.11.11-21.43.22:725][704]LogOutputDevice:Error: UE4Editor-GraphEditor.dll!UE4Tuple_Private::TTupleImpl<TIntegerSequence<unsigned int> >::ApplyAfter<TMemberFunctionCaller<SGraphPin,FText (__cdecl SGraphPin::*)(void)const __ptr64> >() [d:\build\++ue4+release-4.16+compile\sync\engine\source\runtime\core\public\templates\tuple.h:497]
[2017.11.11-21.43.22:725][704]LogOutputDevice:Error: UE4Editor-GraphEditor.dll!TBaseSPMethodDelegateInstance<1,SGraphPin,0,FText __cdecl(void)>::Execute() [d:\build\++ue4+release-4.16+compile\sync\engine\source\runtime\core\public\delegates\delegateinstancesimpl.h:327]
[2017.11.11-21.43.22:725][704]LogOutputDevice:Error: UE4Editor-Slate.dll!TBaseDelegate<FText>::Execute() [d:\build\++ue4+release-4.16+compile\sync\engine\source\runtime\core\public\delegates\delegatesignatureimpl.inl:537]
[2017.11.11-21.43.22:725][704]LogOutputDevice:Error: UE4Editor-Slate.dll!TAttribute<FText>::Get() [d:\build\++ue4+release-4.16+compile\sync\engine\source\runtime\core\public\misc\attribute.h:137]
[2017.11.11-21.43.22:725][704]LogOutputDevice:Error: UE4Editor-Slate.dll!SToolTip::IsEmpty() [d:\build\++ue4+release-4.16+compile\sync\engine\source\runtime\slate\private\widgets\stooltip.cpp:87]
[2017.11.11-21.43.22:725][704]LogOutputDevice:Error: UE4Editor-Slate.dll!FSlateApplication::UpdateToolTip() [d:\build\++ue4+release-4.16+compile\sync\engine\source\runtime\slate\private\framework\application\slateapplication.cpp:3444]
[2017.11.11-21.43.22:725][704]LogOutputDevice:Error: UE4Editor-Slate.dll!FSlateApplication::ProcessMouseMoveEvent() [d:\build\++ue4+release-4.16+compile\sync\engine\source\runtime\slate\private\framework\application\slateapplication.cpp:5697]
[2017.11.11-21.43.22:725][704]LogOutputDevice:Error: UE4Editor-Slate.dll!FSlateApplication::OnMouseMove() [d:\build\++ue4+release-4.16+compile\sync\engine\source\runtime\slate\private\framework\application\slateapplication.cpp:5647]
[2017.11.11-21.43.22:725][704]LogOutputDevice:Error: UE4Editor-Core.dll!FWindowsApplication::ProcessDeferredMessage() [d:\build\++ue4+release-4.16+compile\sync\engine\source\runtime\core\private\windows\windowsapplication.cpp:1742]
[2017.11.11-21.43.22:725][704]LogOutputDevice:Error: UE4Editor-Core.dll!FWindowsApplication::DeferMessage() [d:\build\++ue4+release-4.16+compile\sync\engine\source\runtime\core\private\windows\windowsapplication.cpp:2127]
[2017.11.11-21.43.22:725][704]LogOutputDevice:Error: UE4Editor-Core.dll!FWindowsApplication::ProcessMessage() [d:\build\++ue4+release-4.16+compile\sync\engine\source\runtime\core\private\windows\windowsapplication.cpp:867]
[2017.11.11-21.43.22:725][704]LogOutputDevice:Error: UE4Editor-Core.dll!FWindowsApplication::AppWndProc() [d:\build\++ue4+release-4.16+compile\sync\engine\source\runtime\core\private\windows\windowsapplication.cpp:714]
[2017.11.11-21.43.22:725][704]LogOutputDevice:Error: USER32.dll!0x00000000B311BC50
[2017.11.11-21.43.22:725][704]LogOutputDevice:Error: USER32.dll!0x00000000B311B5CF
[2017.11.11-21.43.22:725][704]LogOutputDevice:Error: UE4Editor-Core.dll!FWindowsPlatformMisc::PumpMessages() [d:\build\++ue4+release-4.16+compile\sync\engine\source\runtime\core\private\windows\windowsplatformmisc.cpp:1009]
[2017.11.11-21.43.22:725][704]LogOutputDevice:Error: UE4Editor.exe!FEngineLoop::Tick() [d:\build\++ue4+release-4.16+compile\sync\engine\source\runtime\launch\private\launchengineloop.cpp:3058]
[2017.11.11-21.43.22:725][704]LogOutputDevice:Error: UE4Editor.exe!GuardedMain() [d:\build\++ue4+release-4.16+compile\sync\engine\source\runtime\launch\private\launch.cpp:166]
[2017.11.11-21.43.22:725][704]LogOutputDevice:Error: UE4Editor.exe!GuardedMainWrapper() [d:\build\++ue4+release-4.16+compile\sync\engine\source\runtime\launch\private\windows\launchwindows.cpp:134]
[2017.11.11-21.43.22:725][704]LogOutputDevice:Error: UE4Editor.exe!WinMain() [d:\build\++ue4+release-4.16+compile\sync\engine\source\runtime\launch\private\windows\launchwindows.cpp:210]
[2017.11.11-21.43.22:725][704]LogOutputDevice:Error: UE4Editor.exe!__scrt_common_main_seh() [f:\dd\vctools\crt\vcstartup\src\startup\exe_common.inl:253]
[2017.11.11-21.43.22:725][704]LogOutputDevice:Error: KERNEL32.DLL!0x00000000B15A2774
[2017.11.11-21.43.22:725][704]LogOutputDevice:Error: ntdll.dll!0x00000000B3DB0D51
[2017.11.11-21.43.22:725][704]LogOutputDevice:Error: 
[2017.11.11-21.43.22:729][704]LogStats:                SubmitErrorReport -  0.000 s
[2017.11.11-21.43.22:901][704]LogStats:                    SendNewReport -  0.172 s
[2017.11.11-21.43.22:901][704]LogStats:             FDebug::EnsureFailed -  2.711 s
[2017.11.11-21.43.22:901][704]LogUObjectBase:Warning: Object is not registered
[2017.11.11-21.46.03:121][730]LogUObjectBase:Warning: Object is not registered
[2017.11.11-21.47.15:660][214]LogUObjectBase:Warning: Object is not registered
[2017.11.11-21.47.15:660][214]LogUObjectBase:Warning: Object is not registered
[2017.11.11-21.47.15:662][214]LogUObjectBase:Warning: Object is not registered
[2017.11.11-21.47.15:665][214]LogUObjectBase:Warning: Object is not registered
[2017.11.11-21.48.04:029][945]LogBlueprint:Warning: Unknown type of hyperlinked object
[2017.11.11-21.48.04:881][ 46]LogBlueprint:Warning: Unknown type of hyperlinked object
[2017.11.11-21.54.36:850][474]LogUObjectBase:Warning: Object is not registered
[2017.11.11-21.54.36:850][474]LogUObjectBase:Warning: Object is not registered
[2017.11.11-21.54.36:851][474]LogUObjectBase:Warning: Object is not registered
[2017.11.11-21.54.36:853][474]LogUObjectBase:Warning: Object is not registered
[2017.11.11-21.54.37:001][492]LogUObjectBase:Warning: Object is not registered
[2017.11.11-21.57.22:663][359]LogUObjectBase:Warning: Object is not registered
[2017.11.11-21.57.22:671][360]LogUObjectBase:Warning: Object is not registered
[2017.11.11-21.57.22:671][360]LogUObjectBase:Warning: Object is not registered
[2017.11.11-21.57.22:672][360]LogUObjectBase:Warning: Object is not registered
[2017.11.11-21.57.22:674][360]LogUObjectBase:Warning: Object is not registered
[2017.11.11-22.04.06:389][183]BlueprintLog: New page: Compile Vive_Pawn
[2017.11.11-22.04.07:408][208]Cmd: OBJ SAVEPACKAGE PACKAGE="/Game/Vive/Blueprints/Vive_Pawn" FILE="D:/CastleGuardCurrent/CastleGuardPhase2/CastleGuardReborn/Content/Vive/Blueprints/Vive_Pawn.uasset" SILENT=true
[2017.11.11-22.04.07:898][208]LogSavePackage: Save=439.04ms
[2017.11.11-22.04.07:898][208]LogSavePackage: Moving 'D:/CastleGuardCurrent/CastleGuardPhase2/CastleGuardReborn/Saved/Vive_Pawn72C0E9774B71AD364DDFC4A17B573CA2.tmp' to 'D:/CastleGuardCurrent/CastleGuardPhase2/CastleGuardReborn/Content/Vive/Blueprints/Vive_Pawn.uasset'
[2017.11.11-22.04.07:899][208]LogSavePackage:Display: Finished SavePackage D:/CastleGuardCurrent/CastleGuardPhase2/CastleGuardReborn/Content/Vive/Blueprints/Vive_Pawn.uasset
[2017.11.11-22.04.26:379][776]LogSlate: Took 0.013239 seconds to synchronously load lazily loaded font '../../../Engine/Content/Slate/Fonts/Roboto-Regular.ttf' (155K)
[2017.11.11-22.04.26:831][776]LogSavePackage: Save=2663.16ms
[2017.11.11-22.04.26:831][776]LogSavePackage: Moving 'D:/CastleGuardCurrent/CastleGuardPhase2/CastleGuardReborn/Saved/default2FFFD2A947C665BF3F5AA9B63D071FFA.tmp' to 'D:/CastleGuardCurrent/CastleGuardPhase2/CastleGuardReborn/Content/VirtualRealityBP/Maps/default.umap'
[2017.11.11-22.04.26:835][776]LogSavePackage:Display: Finished SavePackage D:/CastleGuardCurrent/CastleGuardPhase2/CastleGuardReborn/Content/VirtualRealityBP/Maps/default.umap
[2017.11.11-22.04.26:890][776]LogFileHelpers: Saving map 'default' took 3.072
[2017.11.11-22.05.54:284][101]LogBlueprintUserMessages: Early PlayInEditor Detection: Level '/Game/VirtualRealityBP/Maps/default.default:PersistentLevel' has LevelScriptBlueprint '/Game/VirtualRealityBP/Maps/default.default:PersistentLevel.default' with GeneratedClass '/Game/VirtualRealityBP/Maps/default.default_C' with ClassGeneratedBy '/Game/VirtualRealityBP/Maps/default.default:PersistentLevel.default'
[2017.11.11-22.05.54:285][101]LogPlayLevel: PlayLevel: No blueprints needed recompiling
[2017.11.11-22.05.54:289][101]PIE: New page: PIE session: default (Nov 11, 2017, 6:05:54 AM)
[2017.11.11-22.05.54:289][101]LogPlayLevel: Creating play world package: /Game/VirtualRealityBP/Maps/UEDPIE_0_default
[2017.11.11-22.05.54:689][101]LogPlayLevel: PIE: StaticDuplicateObject took: (0.399641s)
[2017.11.11-22.05.54:690][101]LogAIModule: Creating AISystem for world default
[2017.11.11-22.05.54:690][101]LogPlayLevel: PIE: World Init took: (0.001422s)
[2017.11.11-22.05.54:691][101]LogPlayLevel: PIE: Created PIE world by copying editor world from /Game/VirtualRealityBP/Maps/default.default to /Game/VirtualRealityBP/Maps/UEDPIE_0_default.default (0.402243s)
[2017.11.11-22.05.54:715][101]LogInit: XAudio2 using 'Speakers (2- USB Audio Device)' : 2 channels at 48 kHz using 16 bits per sample (channel mask 0x3)
[2017.11.11-22.05.54:722][101]LogInit: FAudioDevice initialized.
[2017.11.11-22.05.55:329][101]LogHMD: SteamVR initialized.  Driver: lighthouse  Display: LHR-A4D81BA4
[2017.11.11-22.05.55:373][101]LogLoad: Game class is 'ViveGameMode_C'
[2017.11.11-22.05.55:395][101]LogWorld: Bringing World /Game/VirtualRealityBP/Maps/UEDPIE_0_default.default up for play (max tick rate 0) at 2017.11.11-14.05.55
[2017.11.11-22.05.55:414][101]LogWorld: Bringing up level for play took: 0.030376
[2017.11.11-22.05.55:545][101]LogContentBrowser: Native class hierarchy updated for 'MovieSceneCapture' in 0.0005 seconds. Added 11 classes and 0 folders.
[2017.11.11-22.05.55:546][101]LogGameMode:Display: Match State Changed from EnteringMap to WaitingToStart
[2017.11.11-22.05.55:546][101]LogGameState: Match State Changed from EnteringMap to WaitingToStart
[2017.11.11-22.05.55:546][101]LogGameMode:Display: Match State Changed from WaitingToStart to InProgress
[2017.11.11-22.05.55:563][101]LogGameState: Match State Changed from WaitingToStart to InProgress
[2017.11.11-22.05.55:569][101]PIE: Info Play in editor start time for /Game/VirtualRealityBP/Maps/UEDPIE_0_default 1.44
[2017.11.11-22.05.55:570][101]LogBlueprintUserMessages: Late PlayInEditor Detection: Level '/Game/VirtualRealityBP/Maps/default.default:PersistentLevel' has LevelScriptBlueprint '/Game/VirtualRealityBP/Maps/default.default:PersistentLevel.default' with GeneratedClass '/Game/VirtualRealityBP/Maps/default.default_C' with ClassGeneratedBy '/Game/VirtualRealityBP/Maps/default.default:PersistentLevel.default'
[2017.11.11-22.05.55:622][102]LogRenderer: Reallocating scene render targets to support 3024x1680 NumSamples 1 (Frame:1).
[2017.11.11-22.05.56:653][140]LogBlueprintUserMessages: [Catapult_C_0] Handle1
[2017.11.11-22.05.56:655][140]LogScript:Warning: Accessed None trying to read property Catapult
	SoldierAI_C /Game/VirtualRealityBP/Maps/UEDPIE_0_default.default:PersistentLevel.SoldierAI_C_0
	Function /Game/Vive/Blueprints/AI/SoldierAIHeavy/SoldierAI.SoldierAI_C:ExecuteUbergraph_SoldierAI:0D92
[2017.11.11-22.05.56:655][140]PIE:Error: Error Blueprint Runtime Error: Accessed None trying to read property Catapult from function: 'ExecuteUbergraph_SoldierAI' from node: Branch in graph: EventGraph in object: SoldierAI with description: Accessed None trying to read property Catapult
[2017.11.11-22.05.56:877][150]LogBlueprintUserMessages: [Catapult_C_0] Handle2
[2017.11.11-22.05.56:877][150]LogScript:Warning: Accessed None trying to read property Catapult
	SoldierAI_C /Game/VirtualRealityBP/Maps/UEDPIE_0_default.default:PersistentLevel.SoldierAI_C_1
	Function /Game/Vive/Blueprints/AI/SoldierAIHeavy/SoldierAI.SoldierAI_C:ExecuteUbergraph_SoldierAI:0D92
[2017.11.11-22.05.56:877][150]PIE:Error: Error Blueprint Runtime Error: Accessed None trying to read property Catapult from function: 'ExecuteUbergraph_SoldierAI' from node: Branch in graph: EventGraph in object: SoldierAI with description: Accessed None trying to read property Catapult
[2017.11.11-22.06.01:502][488]LogBlueprintUserMessages: [BatteringRamOld_C_0] Handle1
[2017.11.11-22.06.01:860][519]LogBlueprintUserMessages: [BatteringRamOld_C_0] Handle2
[2017.11.11-22.06.02:619][564]LogScript:Warning: Attempted to access ArcherAIArrow_C_0 via property K2Node_DynamicCast_AsArcher_AIArrow, but ArcherAIArrow_C_0 is pending kill
	BP_Castle_C /Game/VirtualRealityBP/Maps/UEDPIE_0_default.default:PersistentLevel.BP_Castle
	Function /Game/Vive/Blueprints/WorldObjects/BP_Castle.BP_Castle_C:ExecuteUbergraph_BP_Castle:0069
[2017.11.11-22.06.02:619][564]PIE:Error: Error Blueprint Runtime Error: Attempted to access ArcherAIArrow_C_0 via property K2Node_DynamicCast_AsArcher_AIArrow, but ArcherAIArrow_C_0 is pending kill from function: 'ExecuteUbergraph_BP_Castle' from node: DestroyActor in graph: EventGraph in object: BP_Castle with description: Attempted to access ArcherAIArrow_C_0 via property K2Node_DynamicCast_AsArcher_AIArrow, but ArcherAIArrow_C_0 is pending kill
[2017.11.11-22.06.04:664][720]LogBlueprintUserMessages: [Catapult_C_1] Handle1
[2017.11.11-22.06.04:664][720]LogScript:Warning: Accessed None trying to read property Catapult
	SoldierAI_C /Game/VirtualRealityBP/Maps/UEDPIE_0_default.default:PersistentLevel.SoldierAI_C_4
	Function /Game/Vive/Blueprints/AI/SoldierAIHeavy/SoldierAI.SoldierAI_C:ExecuteUbergraph_SoldierAI:0D92
[2017.11.11-22.06.04:664][720]PIE:Error: Error Blueprint Runtime Error: Accessed None trying to read property Catapult from function: 'ExecuteUbergraph_SoldierAI' from node: Branch in graph: EventGraph in object: SoldierAI with description: Accessed None trying to read property Catapult
[2017.11.11-22.06.04:865][737]LogBlueprintUserMessages: [Catapult_C_1] Handle2
[2017.11.11-22.06.04:865][737]LogScript:Warning: Accessed None trying to read property Catapult
	SoldierAI_C /Game/VirtualRealityBP/Maps/UEDPIE_0_default.default:PersistentLevel.SoldierAI_C_5
	Function /Game/Vive/Blueprints/AI/SoldierAIHeavy/SoldierAI.SoldierAI_C:ExecuteUbergraph_SoldierAI:0D92
[2017.11.11-22.06.04:865][737]PIE:Error: Error Blueprint Runtime Error: Accessed None trying to read property Catapult from function: 'ExecuteUbergraph_SoldierAI' from node: Branch in graph: EventGraph in object: SoldierAI with description: Accessed None trying to read property Catapult
[2017.11.11-22.06.07:624][913]LogScript:Warning: Attempted to access ArcherAIArrow_C_1 via property K2Node_DynamicCast_AsArcher_AIArrow, but ArcherAIArrow_C_1 is pending kill
	BP_Castle_C /Game/VirtualRealityBP/Maps/UEDPIE_0_default.default:PersistentLevel.BP_Castle
	Function /Game/Vive/Blueprints/WorldObjects/BP_Castle.BP_Castle_C:ExecuteUbergraph_BP_Castle:0069
[2017.11.11-22.06.07:624][913]PIE:Error: Error Blueprint Runtime Error: Attempted to access ArcherAIArrow_C_1 via property K2Node_DynamicCast_AsArcher_AIArrow, but ArcherAIArrow_C_1 is pending kill from function: 'ExecuteUbergraph_BP_Castle' from node: DestroyActor in graph: EventGraph in object: BP_Castle with description: Attempted to access ArcherAIArrow_C_1 via property K2Node_DynamicCast_AsArcher_AIArrow, but ArcherAIArrow_C_1 is pending kill
[2017.11.11-22.06.09:277][991]LogBlueprintUserMessages: [BatteringRamOld_C_1] Handle1
[2017.11.11-22.06.09:612][  6]LogBlueprintUserMessages: [BatteringRamOld_C_1] Handle2
[2017.11.11-22.06.12:628][172]LogScript:Warning: Attempted to access ArcherAIArrow_C_2 via property K2Node_DynamicCast_AsArcher_AIArrow, but ArcherAIArrow_C_2 is pending kill
	BP_Castle_C /Game/VirtualRealityBP/Maps/UEDPIE_0_default.default:PersistentLevel.BP_Castle
	Function /Game/Vive/Blueprints/WorldObjects/BP_Castle.BP_Castle_C:ExecuteUbergraph_BP_Castle:0069
[2017.11.11-22.06.12:628][172]PIE:Error: Error Blueprint Runtime Error: Attempted to access ArcherAIArrow_C_2 via property K2Node_DynamicCast_AsArcher_AIArrow, but ArcherAIArrow_C_2 is pending kill from function: 'ExecuteUbergraph_BP_Castle' from node: DestroyActor in graph: EventGraph in object: BP_Castle with description: Attempted to access ArcherAIArrow_C_2 via property K2Node_DynamicCast_AsArcher_AIArrow, but ArcherAIArrow_C_2 is pending kill
[2017.11.11-22.06.17:610][511]LogScript:Warning: Attempted to access ArcherAIArrow_C_3 via property K2Node_DynamicCast_AsArcher_AIArrow, but ArcherAIArrow_C_3 is pending kill
	BP_Castle_C /Game/VirtualRealityBP/Maps/UEDPIE_0_default.default:PersistentLevel.BP_Castle
	Function /Game/Vive/Blueprints/WorldObjects/BP_Castle.BP_Castle_C:ExecuteUbergraph_BP_Castle:0069
[2017.11.11-22.06.17:610][511]PIE:Error: Error Blueprint Runtime Error: Attempted to access ArcherAIArrow_C_3 via property K2Node_DynamicCast_AsArcher_AIArrow, but ArcherAIArrow_C_3 is pending kill from function: 'ExecuteUbergraph_BP_Castle' from node: DestroyActor in graph: EventGraph in object: BP_Castle with description: Attempted to access ArcherAIArrow_C_3 via property K2Node_DynamicCast_AsArcher_AIArrow, but ArcherAIArrow_C_3 is pending kill
[2017.11.11-22.06.22:614][764]LogScript:Warning: Attempted to access ArcherAIArrow_C_4 via property K2Node_DynamicCast_AsArcher_AIArrow, but ArcherAIArrow_C_4 is pending kill
	BP_Castle_C /Game/VirtualRealityBP/Maps/UEDPIE_0_default.default:PersistentLevel.BP_Castle
	Function /Game/Vive/Blueprints/WorldObjects/BP_Castle.BP_Castle_C:ExecuteUbergraph_BP_Castle:0069
[2017.11.11-22.06.22:615][764]PIE:Error: Error Blueprint Runtime Error: Attempted to access ArcherAIArrow_C_4 via property K2Node_DynamicCast_AsArcher_AIArrow, but ArcherAIArrow_C_4 is pending kill from function: 'ExecuteUbergraph_BP_Castle' from node: DestroyActor in graph: EventGraph in object: BP_Castle with description: Attempted to access ArcherAIArrow_C_4 via property K2Node_DynamicCast_AsArcher_AIArrow, but ArcherAIArrow_C_4 is pending kill
[2017.11.11-22.06.34:590][687]LogBlueprintUserMessages: Early EndPlayMap Detection: Level '/Game/VirtualRealityBP/Maps/default.default:PersistentLevel' has LevelScriptBlueprint '/Game/VirtualRealityBP/Maps/default.default:PersistentLevel.default' with GeneratedClass '/Game/VirtualRealityBP/Maps/default.default_C' with ClassGeneratedBy '/Game/VirtualRealityBP/Maps/default.default:PersistentLevel.default'
[2017.11.11-22.06.34:767][687]LogBlueprintUserMessages: Late EndPlayMap Detection: Level '/Game/VirtualRealityBP/Maps/default.default:PersistentLevel' has LevelScriptBlueprint '/Game/VirtualRealityBP/Maps/default.default:PersistentLevel.default' with GeneratedClass '/Game/VirtualRealityBP/Maps/default.default_C' with ClassGeneratedBy '/Game/VirtualRealityBP/Maps/default.default:PersistentLevel.default'
[2017.11.11-22.06.46:720][430]LogEditorViewport: Clicking on Actor (LMB): Brazier_C (Brazier)
[2017.11.11-22.06.49:919][798]LogTemp: Repeting last play command: VR Preview
[2017.11.11-22.06.49:942][798]LogBlueprintUserMessages: Early PlayInEditor Detection: Level '/Game/VirtualRealityBP/Maps/default.default:PersistentLevel' has LevelScriptBlueprint '/Game/VirtualRealityBP/Maps/default.default:PersistentLevel.default' with GeneratedClass '/Game/VirtualRealityBP/Maps/default.default_C' with ClassGeneratedBy '/Game/VirtualRealityBP/Maps/default.default:PersistentLevel.default'
[2017.11.11-22.06.49:942][798]LogPlayLevel: PlayLevel: No blueprints needed recompiling
[2017.11.11-22.06.49:942][798]PIE: New page: PIE session: default (Nov 11, 2017, 6:06:49 AM)
[2017.11.11-22.06.49:942][798]LogPlayLevel: Creating play world package: /Game/VirtualRealityBP/Maps/UEDPIE_0_default
[2017.11.11-22.06.50:082][798]LogPlayLevel: PIE: StaticDuplicateObject took: (0.139973s)
[2017.11.11-22.06.50:083][798]LogAIModule: Creating AISystem for world default
[2017.11.11-22.06.50:083][798]LogPlayLevel: PIE: World Init took: (0.000872s)
[2017.11.11-22.06.50:084][798]LogPlayLevel: PIE: Created PIE world by copying editor world from /Game/VirtualRealityBP/Maps/default.default to /Game/VirtualRealityBP/Maps/UEDPIE_0_default.default (0.141647s)
[2017.11.11-22.06.50:110][798]LogInit: XAudio2 using 'Speakers (2- USB Audio Device)' : 2 channels at 48 kHz using 16 bits per sample (channel mask 0x3)
[2017.11.11-22.06.50:116][798]LogInit: FAudioDevice initialized.
[2017.11.11-22.06.50:198][798]LogLoad: Game class is 'ViveGameMode_C'
[2017.11.11-22.06.50:209][798]LogWorld: Bringing World /Game/VirtualRealityBP/Maps/UEDPIE_0_default.default up for play (max tick rate 0) at 2017.11.11-14.06.50
[2017.11.11-22.06.50:210][798]LogWorld: Bringing up level for play took: 0.010965
[2017.11.11-22.06.50:211][798]LogGameMode:Display: Match State Changed from EnteringMap to WaitingToStart
[2017.11.11-22.06.50:211][798]LogGameState: Match State Changed from EnteringMap to WaitingToStart
[2017.11.11-22.06.50:211][798]LogGameMode:Display: Match State Changed from WaitingToStart to InProgress
[2017.11.11-22.06.50:214][798]LogGameState: Match State Changed from WaitingToStart to InProgress
[2017.11.11-22.06.50:219][798]PIE: Info Play in editor start time for /Game/VirtualRealityBP/Maps/UEDPIE_0_default 0.09
[2017.11.11-22.06.50:220][798]LogBlueprintUserMessages: Late PlayInEditor Detection: Level '/Game/VirtualRealityBP/Maps/default.default:PersistentLevel' has LevelScriptBlueprint '/Game/VirtualRealityBP/Maps/default.default:PersistentLevel.default' with GeneratedClass '/Game/VirtualRealityBP/Maps/default.default_C' with ClassGeneratedBy '/Game/VirtualRealityBP/Maps/default.default:PersistentLevel.default'
[2017.11.11-22.06.51:341][878]LogBlueprintUserMessages: [Catapult_C_0] Handle1
[2017.11.11-22.06.51:341][878]LogScript:Warning: Accessed None trying to read property Catapult
	SoldierAI_C /Game/VirtualRealityBP/Maps/UEDPIE_0_default.default:PersistentLevel.SoldierAI_C_0
	Function /Game/Vive/Blueprints/AI/SoldierAIHeavy/SoldierAI.SoldierAI_C:ExecuteUbergraph_SoldierAI:0D92
[2017.11.11-22.06.51:342][878]PIE:Error: Error Blueprint Runtime Error: Accessed None trying to read property Catapult from function: 'ExecuteUbergraph_SoldierAI' from node: Branch in graph: EventGraph in object: SoldierAI with description: Accessed None trying to read property Catapult
[2017.11.11-22.06.51:565][891]LogBlueprintUserMessages: [Catapult_C_0] Handle2
[2017.11.11-22.06.51:565][891]LogScript:Warning: Accessed None trying to read property Catapult
	SoldierAI_C /Game/VirtualRealityBP/Maps/UEDPIE_0_default.default:PersistentLevel.SoldierAI_C_1
	Function /Game/Vive/Blueprints/AI/SoldierAIHeavy/SoldierAI.SoldierAI_C:ExecuteUbergraph_SoldierAI:0D92
[2017.11.11-22.06.51:565][891]PIE:Error: Error Blueprint Runtime Error: Accessed None trying to read property Catapult from function: 'ExecuteUbergraph_SoldierAI' from node: Branch in graph: EventGraph in object: SoldierAI with description: Accessed None trying to read property Catapult
[2017.11.11-22.06.56:022][222]LogBlueprintUserMessages: [BatteringRamOld_C_0] Handle1
[2017.11.11-22.06.56:358][252]LogBlueprintUserMessages: [BatteringRamOld_C_0] Handle2
[2017.11.11-22.06.57:229][319]LogScript:Warning: Attempted to access ArcherAIArrow_C_0 via property K2Node_DynamicCast_AsArcher_AIArrow, but ArcherAIArrow_C_0 is pending kill
	BP_Castle_C /Game/VirtualRealityBP/Maps/UEDPIE_0_default.default:PersistentLevel.BP_Castle
	Function /Game/Vive/Blueprints/WorldObjects/BP_Castle.BP_Castle_C:ExecuteUbergraph_BP_Castle:0069
[2017.11.11-22.06.57:229][319]PIE:Error: Error Blueprint Runtime Error: Attempted to access ArcherAIArrow_C_0 via property K2Node_DynamicCast_AsArcher_AIArrow, but ArcherAIArrow_C_0 is pending kill from function: 'ExecuteUbergraph_BP_Castle' from node: DestroyActor in graph: EventGraph in object: BP_Castle with description: Attempted to access ArcherAIArrow_C_0 via property K2Node_DynamicCast_AsArcher_AIArrow, but ArcherAIArrow_C_0 is pending kill
[2017.11.11-22.06.59:374][435]LogBlueprintUserMessages: [Catapult_C_1] Handle1
[2017.11.11-22.06.59:374][435]LogScript:Warning: Accessed None trying to read property Catapult
	SoldierAI_C /Game/VirtualRealityBP/Maps/UEDPIE_0_default.default:PersistentLevel.SoldierAI_C_4
	Function /Game/Vive/Blueprints/AI/SoldierAIHeavy/SoldierAI.SoldierAI_C:ExecuteUbergraph_SoldierAI:0D92
[2017.11.11-22.06.59:374][435]PIE:Error: Error Blueprint Runtime Error: Accessed None trying to read property Catapult from function: 'ExecuteUbergraph_SoldierAI' from node: Branch in graph: EventGraph in object: SoldierAI with description: Accessed None trying to read property Catapult
[2017.11.11-22.06.59:575][447]LogBlueprintUserMessages: [Catapult_C_1] Handle2
[2017.11.11-22.06.59:575][447]LogScript:Warning: Accessed None trying to read property Catapult
	SoldierAI_C /Game/VirtualRealityBP/Maps/UEDPIE_0_default.default:PersistentLevel.SoldierAI_C_5
	Function /Game/Vive/Blueprints/AI/SoldierAIHeavy/SoldierAI.SoldierAI_C:ExecuteUbergraph_SoldierAI:0D92
[2017.11.11-22.06.59:575][447]PIE:Error: Error Blueprint Runtime Error: Accessed None trying to read property Catapult from function: 'ExecuteUbergraph_SoldierAI' from node: Branch in graph: EventGraph in object: SoldierAI with description: Accessed None trying to read property Catapult
[2017.11.11-22.07.04:042][816]LogBlueprintUserMessages: [BatteringRamOld_C_1] Handle1
[2017.11.11-22.07.04:378][846]LogBlueprintUserMessages: [BatteringRamOld_C_1] Handle2
[2017.11.11-22.07.13:953][680]LogBlueprintUserMessages: Early EndPlayMap Detection: Level '/Game/VirtualRealityBP/Maps/default.default:PersistentLevel' has LevelScriptBlueprint '/Game/VirtualRealityBP/Maps/default.default:PersistentLevel.default' with GeneratedClass '/Game/VirtualRealityBP/Maps/default.default_C' with ClassGeneratedBy '/Game/VirtualRealityBP/Maps/default.default:PersistentLevel.default'
[2017.11.11-22.07.14:114][680]LogBlueprintUserMessages: Late EndPlayMap Detection: Level '/Game/VirtualRealityBP/Maps/default.default:PersistentLevel' has LevelScriptBlueprint '/Game/VirtualRealityBP/Maps/default.default:PersistentLevel.default' with GeneratedClass '/Game/VirtualRealityBP/Maps/default.default_C' with ClassGeneratedBy '/Game/VirtualRealityBP/Maps/default.default:PersistentLevel.default'
[2017.11.11-22.07.30:322][285]LogTemp: Repeting last play command: VR Preview
[2017.11.11-22.07.30:346][285]LogBlueprintUserMessages: Early PlayInEditor Detection: Level '/Game/VirtualRealityBP/Maps/default.default:PersistentLevel' has LevelScriptBlueprint '/Game/VirtualRealityBP/Maps/default.default:PersistentLevel.default' with GeneratedClass '/Game/VirtualRealityBP/Maps/default.default_C' with ClassGeneratedBy '/Game/VirtualRealityBP/Maps/default.default:PersistentLevel.default'
[2017.11.11-22.07.30:346][285]LogPlayLevel: PlayLevel: No blueprints needed recompiling
[2017.11.11-22.07.30:346][285]PIE: New page: PIE session: default (Nov 11, 2017, 6:07:30 AM)
[2017.11.11-22.07.30:346][285]LogPlayLevel: Creating play world package: /Game/VirtualRealityBP/Maps/UEDPIE_0_default
[2017.11.11-22.07.30:486][285]LogPlayLevel: PIE: StaticDuplicateObject took: (0.140437s)
[2017.11.11-22.07.30:487][285]LogAIModule: Creating AISystem for world default
[2017.11.11-22.07.30:487][285]LogPlayLevel: PIE: World Init took: (0.000747s)
[2017.11.11-22.07.30:488][285]LogPlayLevel: PIE: Created PIE world by copying editor world from /Game/VirtualRealityBP/Maps/default.default to /Game/VirtualRealityBP/Maps/UEDPIE_0_default.default (0.141922s)
[2017.11.11-22.07.30:512][285]LogInit: XAudio2 using 'Speakers (2- USB Audio Device)' : 2 channels at 48 kHz using 16 bits per sample (channel mask 0x3)
[2017.11.11-22.07.30:518][285]LogInit: FAudioDevice initialized.
[2017.11.11-22.07.30:600][285]LogLoad: Game class is 'ViveGameMode_C'
[2017.11.11-22.07.30:611][285]LogWorld: Bringing World /Game/VirtualRealityBP/Maps/UEDPIE_0_default.default up for play (max tick rate 0) at 2017.11.11-14.07.30
[2017.11.11-22.07.30:612][285]LogWorld: Bringing up level for play took: 0.011275
[2017.11.11-22.07.30:613][285]LogGameMode:Display: Match State Changed from EnteringMap to WaitingToStart
[2017.11.11-22.07.30:613][285]LogGameState: Match State Changed from EnteringMap to WaitingToStart
[2017.11.11-22.07.30:613][285]LogGameMode:Display: Match State Changed from WaitingToStart to InProgress
[2017.11.11-22.07.30:617][285]LogGameState: Match State Changed from WaitingToStart to InProgress
[2017.11.11-22.07.30:620][285]PIE: Info Play in editor start time for /Game/VirtualRealityBP/Maps/UEDPIE_0_default 0.491
[2017.11.11-22.07.30:621][285]LogBlueprintUserMessages: Late PlayInEditor Detection: Level '/Game/VirtualRealityBP/Maps/default.default:PersistentLevel' has LevelScriptBlueprint '/Game/VirtualRealityBP/Maps/default.default:PersistentLevel.default' with GeneratedClass '/Game/VirtualRealityBP/Maps/default.default_C' with ClassGeneratedBy '/Game/VirtualRealityBP/Maps/default.default:PersistentLevel.default'
[2017.11.11-22.07.31:754][377]LogBlueprintUserMessages: [Catapult_C_0] Handle1
[2017.11.11-22.07.31:754][377]LogScript:Warning: Accessed None trying to read property Catapult
	SoldierAI_C /Game/VirtualRealityBP/Maps/UEDPIE_0_default.default:PersistentLevel.SoldierAI_C_0
	Function /Game/Vive/Blueprints/AI/SoldierAIHeavy/SoldierAI.SoldierAI_C:ExecuteUbergraph_SoldierAI:0D92
[2017.11.11-22.07.31:754][377]PIE:Error: Error Blueprint Runtime Error: Accessed None trying to read property Catapult from function: 'ExecuteUbergraph_SoldierAI' from node: Branch in graph: EventGraph in object: SoldierAI with description: Accessed None trying to read property Catapult
[2017.11.11-22.07.31:944][393]LogBlueprintUserMessages: [Catapult_C_0] Handle2
[2017.11.11-22.07.31:944][393]LogScript:Warning: Accessed None trying to read property Catapult
	SoldierAI_C /Game/VirtualRealityBP/Maps/UEDPIE_0_default.default:PersistentLevel.SoldierAI_C_1
	Function /Game/Vive/Blueprints/AI/SoldierAIHeavy/SoldierAI.SoldierAI_C:ExecuteUbergraph_SoldierAI:0D92
[2017.11.11-22.07.31:944][393]PIE:Error: Error Blueprint Runtime Error: Accessed None trying to read property Catapult from function: 'ExecuteUbergraph_SoldierAI' from node: Branch in graph: EventGraph in object: SoldierAI with description: Accessed None trying to read property Catapult
[2017.11.11-22.07.36:435][749]LogBlueprintUserMessages: [BatteringRamOld_C_0] Handle1
[2017.11.11-22.07.36:770][774]LogBlueprintUserMessages: [BatteringRamOld_C_0] Handle2
[2017.11.11-22.07.39:763][ 29]LogBlueprintUserMessages: [Catapult_C_1] Handle1
[2017.11.11-22.07.39:763][ 29]LogScript:Warning: Accessed None trying to read property Catapult
	SoldierAI_C /Game/VirtualRealityBP/Maps/UEDPIE_0_default.default:PersistentLevel.SoldierAI_C_4
	Function /Game/Vive/Blueprints/AI/SoldierAIHeavy/SoldierAI.SoldierAI_C:ExecuteUbergraph_SoldierAI:0D92
[2017.11.11-22.07.39:764][ 29]PIE:Error: Error Blueprint Runtime Error: Accessed None trying to read property Catapult from function: 'ExecuteUbergraph_SoldierAI' from node: Branch in graph: EventGraph in object: SoldierAI with description: Accessed None trying to read property Catapult
[2017.11.11-22.07.39:965][ 47]LogBlueprintUserMessages: [Catapult_C_1] Handle2
[2017.11.11-22.07.39:965][ 47]LogScript:Warning: Accessed None trying to read property Catapult
	SoldierAI_C /Game/VirtualRealityBP/Maps/UEDPIE_0_default.default:PersistentLevel.SoldierAI_C_5
	Function /Game/Vive/Blueprints/AI/SoldierAIHeavy/SoldierAI.SoldierAI_C:ExecuteUbergraph_SoldierAI:0D92
[2017.11.11-22.07.39:966][ 47]PIE:Error: Error Blueprint Runtime Error: Accessed None trying to read property Catapult from function: 'ExecuteUbergraph_SoldierAI' from node: Branch in graph: EventGraph in object: SoldierAI with description: Accessed None trying to read property Catapult
[2017.11.11-22.07.44:465][385]LogBlueprintUserMessages: [BatteringRamOld_C_1] Handle1
[2017.11.11-22.07.44:801][413]LogBlueprintUserMessages: [BatteringRamOld_C_1] Handle2
[2017.11.11-22.07.46:880][586]LogBlueprintUserMessages: Early EndPlayMap Detection: Level '/Game/VirtualRealityBP/Maps/default.default:PersistentLevel' has LevelScriptBlueprint '/Game/VirtualRealityBP/Maps/default.default:PersistentLevel.default' with GeneratedClass '/Game/VirtualRealityBP/Maps/default.default_C' with ClassGeneratedBy '/Game/VirtualRealityBP/Maps/default.default:PersistentLevel.default'
[2017.11.11-22.07.47:039][586]LogBlueprintUserMessages: Late EndPlayMap Detection: Level '/Game/VirtualRealityBP/Maps/default.default:PersistentLevel' has LevelScriptBlueprint '/Game/VirtualRealityBP/Maps/default.default:PersistentLevel.default' with GeneratedClass '/Game/VirtualRealityBP/Maps/default.default_C' with ClassGeneratedBy '/Game/VirtualRealityBP/Maps/default.default:PersistentLevel.default'
[2017.11.11-22.07.51:707][809]LogSavePackage: Save=2616.80ms
[2017.11.11-22.07.51:707][809]LogSavePackage: Moving 'D:/CastleGuardCurrent/CastleGuardPhase2/CastleGuardReborn/Saved/defaultCA17A3BF401C51F7C685038DF7AF5FAE.tmp' to 'D:/CastleGuardCurrent/CastleGuardPhase2/CastleGuardReborn/Content/VirtualRealityBP/Maps/default.umap'
[2017.11.11-22.07.51:711][809]LogSavePackage:Display: Finished SavePackage D:/CastleGuardCurrent/CastleGuardPhase2/CastleGuardReborn/Content/VirtualRealityBP/Maps/default.umap
[2017.11.11-22.07.51:752][809]LogFileHelpers: Saving map 'default' took 2.722
[2017.11.11-22.07.58:450][830]Cmd: QUIT_EDITOR
[2017.11.11-22.07.59:050][830]LogWindowsTextInputMethodSystem:Display: IME system now deactivated.
[2017.11.11-22.07.59:057][830]LogExit: Preparing to exit.
[2017.11.11-22.07.59:340][830]LogExit: Editor shut down
[2017.11.11-22.07.59:343][830]LogExit: Transaction tracking system shut down
[2017.11.11-22.07.59:425][830]LogObj: Freed 0b from 0 cluster array pools.
[2017.11.11-22.07.59:425][830]LogExit: Object subsystem successfully closed.
[2017.11.11-22.07.59:447][830]LogD3D11RHI: Shutdown
[2017.11.11-22.07.59:447][830]LogD3D11RHI: CleanupD3DDevice
[2017.11.11-22.07.59:448][830]LogD3D11RHI: ~FD3D11DynamicRHI
[2017.11.11-22.07.59:457][830]LogModuleManager: Shutting down and abandoning module MovieSceneCapture (532)
[2017.11.11-22.07.59:457][830]LogModuleManager: Shutting down and abandoning module BlueprintGraph (530)
[2017.11.11-22.07.59:457][830]LogModuleManager: Shutting down and abandoning module BlueprintProfiler (528)
[2017.11.11-22.07.59:457][830]LogModuleManager: Shutting down and abandoning module HierarchicalLODOutliner (526)
[2017.11.11-22.07.59:457][830]LogModuleManager: Shutting down and abandoning module CrashTracker (524)
[2017.11.11-22.07.59:457][830]LogModuleManager: Shutting down and abandoning module SceneOutliner (522)
[2017.11.11-22.07.59:457][830]LogModuleManager: Shutting down and abandoning module AddContentDialog (520)
[2017.11.11-22.07.59:457][830]LogDirectoryWatcher: A directory notification for 'C:/Program Files/Epic Games/UE_4.16/FeaturePacks/' was aborted.
[2017.11.11-22.07.59:458][830]LogModuleManager: Shutting down and abandoning module WidgetCarousel (519)
[2017.11.11-22.07.59:458][830]LogModuleManager: Shutting down and abandoning module EditorWidgets (516)
[2017.11.11-22.07.59:458][830]LogModuleManager: Shutting down and abandoning module CollectionManager (514)
[2017.11.11-22.07.59:458][830]LogDirectoryWatcher: A directory notification for 'D:/CastleGuardCurrent/CastleGuardPhase2/CastleGuardReborn/Content/Collections/' was aborted.
[2017.11.11-22.07.59:458][830]LogDirectoryWatcher: A directory notification for 'D:/CastleGuardCurrent/CastleGuardPhase2/CastleGuardReborn/Content/Developers/studentuser/Collections/' was aborted.
[2017.11.11-22.07.59:458][830]LogDirectoryWatcher: A directory notification for 'D:/CastleGuardCurrent/CastleGuardPhase2/CastleGuardReborn/Saved/Collections/' was aborted.
[2017.11.11-22.07.59:458][830]LogModuleManager: Shutting down and abandoning module WorldBrowser (512)
[2017.11.11-22.07.59:458][830]LogModuleManager: Shutting down and abandoning module StatsViewer (510)
[2017.11.11-22.07.59:458][830]LogModuleManager: Shutting down and abandoning module FoliageEdit (508)
[2017.11.11-22.07.59:458][830]LogModuleManager: Shutting down and abandoning module LandscapeEditor (506)
[2017.11.11-22.07.59:458][830]LogModuleManager: Shutting down and abandoning module MeshPaintMode (504)
[2017.11.11-22.07.59:458][830]LogModuleManager: Shutting down and abandoning module SceneDepthPickerMode (502)
[2017.11.11-22.07.59:458][830]LogModuleManager: Shutting down and abandoning module ActorPickerMode (500)
[2017.11.11-22.07.59:458][830]LogModuleManager: Shutting down and abandoning module GeometryMode (498)
[2017.11.11-22.07.59:458][830]LogModuleManager: Shutting down and abandoning module TextureAlignMode (496)
[2017.11.11-22.07.59:458][830]LogModuleManager: Shutting down and abandoning module BspMode (494)
[2017.11.11-22.07.59:458][830]LogModuleManager: Shutting down and abandoning module HardwareSurvey (492)
[2017.11.11-22.07.59:458][830]LogModuleManager: Shutting down and abandoning module SequenceRecorderSections (490)
[2017.11.11-22.07.59:458][830]LogModuleManager: Shutting down and abandoning module AutomationWorker (488)
[2017.11.11-22.07.59:458][830]LogModuleManager: Shutting down and abandoning module MatineeToLevelSequence (486)
[2017.11.11-22.07.59:458][830]LogModuleManager: Shutting down and abandoning module LevelSequenceEditor (484)
[2017.11.11-22.07.59:458][830]LogModuleManager: Shutting down and abandoning module PlacementMode (483)
[2017.11.11-22.07.59:458][830]LogModuleManager: Shutting down and abandoning module WmfMediaFactory (480)
[2017.11.11-22.07.59:458][830]LogModuleManager: Shutting down and abandoning module WmfMediaEditor (478)
[2017.11.11-22.07.59:458][830]LogModuleManager: Shutting down and abandoning module AvfMediaFactory (476)
[2017.11.11-22.07.59:458][830]LogModuleManager: Shutting down and abandoning module AvfMediaEditor (474)
[2017.11.11-22.07.59:458][830]LogModuleManager: Shutting down and abandoning module AndroidMediaFactory (472)
[2017.11.11-22.07.59:458][830]LogModuleManager: Shutting down and abandoning module Media (471)
[2017.11.11-22.07.59:458][830]LogModuleManager: Shutting down and abandoning module AndroidMediaEditor (468)
[2017.11.11-22.07.59:458][830]LogModuleManager: Shutting down and abandoning module CharacterAI (466)
[2017.11.11-22.07.59:458][830]LogModuleManager: Shutting down and abandoning module AudioCapture (464)
[2017.11.11-22.07.59:458][830]LogModuleManager: Shutting down and abandoning module SequenceRecorder (463)
[2017.11.11-22.07.59:458][830]LogModuleManager: Shutting down and abandoning module SmartSnapping (460)
[2017.11.11-22.07.59:458][830]LogModuleManager: Shutting down and abandoning module SessionServices (458)
[2017.11.11-22.07.59:458][830]LogModuleManager: Shutting down and abandoning module ViewportSnapping (456)
[2017.11.11-22.07.59:458][830]LogModuleManager: Shutting down and abandoning module ViewportInteraction (454)
[2017.11.11-22.07.59:458][830]LogModuleManager: Shutting down and abandoning module ClothPainter (452)
[2017.11.11-22.07.59:458][830]LogModuleManager: Shutting down and abandoning module LogVisualizer (450)
[2017.11.11-22.07.59:458][830]LogModuleManager: Shutting down and abandoning module IntroTutorials (448)
[2017.11.11-22.07.59:459][830]LogModuleManager: Shutting down and abandoning module GameProjectGeneration (447)
[2017.11.11-22.07.59:459][830]LogModuleManager: Shutting down and abandoning module EditorLiveStreaming (444)
[2017.11.11-22.07.59:459][830]LogModuleManager: Shutting down and abandoning module IOSPlatformEditor (442)
[2017.11.11-22.07.59:459][830]LogModuleManager: Shutting down and abandoning module HTML5PlatformEditor (440)
[2017.11.11-22.07.59:459][830]LogModuleManager: Shutting down and abandoning module AndroidPlatformEditor (438)
[2017.11.11-22.07.59:459][830]LogModuleManager: Shutting down and abandoning module AndroidDeviceDetection (437)
[2017.11.11-22.07.59:511][830]LogModuleManager: Shutting down and abandoning module IOSRuntimeSettings (434)
[2017.11.11-22.07.59:511][830]LogModuleManager: Shutting down and abandoning module AndroidRuntimeSettings (432)
[2017.11.11-22.07.59:511][830]LogModuleManager: Shutting down and abandoning module InputBindingEditor (430)
[2017.11.11-22.07.59:511][830]LogModuleManager: Shutting down and abandoning module MergeActors (428)
[2017.11.11-22.07.59:511][830]LogModuleManager: Shutting down and abandoning module SizeMap (426)
[2017.11.11-22.07.59:511][830]LogModuleManager: Shutting down and abandoning module TreeMap (424)
[2017.11.11-22.07.59:511][830]LogModuleManager: Shutting down and abandoning module ReferenceViewer (422)
[2017.11.11-22.07.59:511][830]LogModuleManager: Shutting down and abandoning module LocalizationDashboard (420)
[2017.11.11-22.07.59:511][830]LogModuleManager: Shutting down and abandoning module LocalizationService (419)
[2017.11.11-22.07.59:511][830]LogModuleManager: Shutting down and abandoning module HardwareTargeting (416)
[2017.11.11-22.07.59:511][830]LogModuleManager: Shutting down and abandoning module DeviceProfileEditor (414)
[2017.11.11-22.07.59:511][830]LogModuleManager: Shutting down and abandoning module UndoHistory (412)
[2017.11.11-22.07.59:511][830]LogModuleManager: Shutting down and abandoning module UserFeedback (410)
[2017.11.11-22.07.59:511][830]LogModuleManager: Shutting down and abandoning module XmlParser (408)
[2017.11.11-22.07.59:511][830]LogModuleManager: Shutting down and abandoning module Blutility (406)
[2017.11.11-22.07.59:511][830]LogModuleManager: Shutting down and abandoning module ProjectSettingsViewer (404)
[2017.11.11-22.07.59:511][830]LogModuleManager: Shutting down and abandoning module ProjectTargetPlatformEditor (403)
[2017.11.11-22.07.59:511][830]LogModuleManager: Shutting down and abandoning module EditorSettingsViewer (400)
[2017.11.11-22.07.59:511][830]LogModuleManager: Shutting down and abandoning module SettingsEditor (398)
[2017.11.11-22.07.59:511][830]LogModuleManager: Shutting down and abandoning module ProjectLauncher (396)
[2017.11.11-22.07.59:511][830]LogModuleManager: Shutting down and abandoning module SessionFrontend (394)
[2017.11.11-22.07.59:511][830]LogModuleManager: Shutting down and abandoning module ProfilerClient (392)
[2017.11.11-22.07.59:511][830]LogModuleManager: Shutting down and abandoning module DeviceManager (390)
[2017.11.11-22.07.59:511][830]LogModuleManager: Shutting down and abandoning module TargetDeviceServices (389)
[2017.11.11-22.07.59:575][830]LogModuleManager: Shutting down and abandoning module AutomationController (386)
[2017.11.11-22.07.59:575][830]LogModuleManager: Shutting down and abandoning module AutomationWindow (384)
[2017.11.11-22.07.59:575][830]LogModuleManager: Shutting down and abandoning module Layers (382)
[2017.11.11-22.07.59:575][830]LogModuleManager: Shutting down and abandoning module ComponentVisualizers (380)
[2017.11.11-22.07.59:575][830]LogModuleManager: Shutting down and abandoning module DetailCustomizations (378)
[2017.11.11-22.07.59:575][830]LogModuleManager: Shutting down and abandoning module PackagesDialog (376)
[2017.11.11-22.07.59:575][830]LogModuleManager: Shutting down and abandoning module Persona (374)
[2017.11.11-22.07.59:575][830]LogModuleManager: Shutting down and abandoning module AdvancedPreviewScene (373)
[2017.11.11-22.07.59:575][830]LogModuleManager: Shutting down and abandoning module AnimGraph (371)
[2017.11.11-22.07.59:575][830]LogModuleManager: Shutting down and abandoning module Kismet (368)
[2017.11.11-22.07.59:581][830]LogModuleManager: Shutting down and abandoning module ClassViewer (366)
[2017.11.11-22.07.59:581][830]LogModuleManager: Shutting down and abandoning module Toolbox (364)
[2017.11.11-22.07.59:581][830]LogModuleManager: Shutting down and abandoning module ModuleUI (362)
[2017.11.11-22.07.59:581][830]LogModuleManager: Shutting down and abandoning module MovieSceneTools (360)
[2017.11.11-22.07.59:581][830]LogModuleManager: Shutting down and abandoning module OutputLog (358)
[2017.11.11-22.07.59:581][830]LogModuleManager: Shutting down and abandoning module GammaUI (356)
[2017.11.11-22.07.59:581][830]LogModuleManager: Shutting down and abandoning module Documentation (354)
[2017.11.11-22.07.59:581][830]LogModuleManager: Shutting down and abandoning module MovieSceneTracks (352)
[2017.11.11-22.07.59:581][830]LogModuleManager: Shutting down and abandoning module MovieScene (350)
[2017.11.11-22.07.59:581][830]LogModuleManager: Shutting down and abandoning module Niagara (348)
[2017.11.11-22.07.59:581][830]LogModuleManager: Shutting down and abandoning module NiagaraEditor (347)
[2017.11.11-22.07.59:581][830]LogModuleManager: Shutting down and abandoning module StreamingPauseRendering (344)
[2017.11.11-22.07.59:581][830]LogModuleManager: Shutting down and abandoning module AnalyticsET (342)
[2017.11.11-22.07.59:581][830]LogModuleManager: Shutting down and abandoning module PortalServices (340)
[2017.11.11-22.07.59:581][830]LogModuleManager: Shutting down and abandoning module PortalRpc (338)
[2017.11.11-22.07.59:581][830]LogModuleManager: Shutting down and abandoning module MessagingRpc (336)
[2017.11.11-22.07.59:581][830]LogModuleManager: Shutting down and abandoning module AIModule (334)
[2017.11.11-22.07.59:581][830]LogModuleManager: Shutting down and abandoning module GameplayDebugger (333)
[2017.11.11-22.07.59:581][830]LogModuleManager: Shutting down and abandoning module AITestSuite (331)
[2017.11.11-22.07.59:581][830]LogModuleManager: Shutting down and abandoning module ProfilerService (328)
[2017.11.11-22.07.59:750][830]LogModuleManager: Shutting down and abandoning module TaskGraph (326)
[2017.11.11-22.07.59:750][830]LogModuleManager: Shutting down and abandoning module SteamVRController (324)
[2017.11.11-22.07.59:750][830]LogModuleManager: Shutting down and abandoning module SteamVR (322)
[2017.11.11-22.07.59:750][830]LogModuleManager: Shutting down and abandoning module ProceduralMeshComponentEditor (320)
[2017.11.11-22.07.59:750][830]LogModuleManager: Shutting down and abandoning module ProceduralMeshComponent (318)
[2017.11.11-22.07.59:750][830]LogModuleManager: Shutting down and abandoning module OculusLibrary (316)
[2017.11.11-22.07.59:750][830]LogModuleManager: Shutting down and abandoning module OculusInput (314)
[2017.11.11-22.07.59:750][830]LogModuleManager: Shutting down and abandoning module MobilePatchingUtils (312)
[2017.11.11-22.07.59:750][830]LogModuleManager: Shutting down and abandoning module CustomMeshComponent (310)
[2017.11.11-22.07.59:750][830]LogModuleManager: Shutting down and abandoning module CableComponent (308)
[2017.11.11-22.07.59:750][830]LogModuleManager: Shutting down and abandoning module ArchVisCharacter (306)
[2017.11.11-22.07.59:750][830]LogModuleManager: Shutting down and abandoning module AndroidPermission (304)
[2017.11.11-22.07.59:750][830]LogModuleManager: Shutting down and abandoning module MediaPlayerEditor (300)
[2017.11.11-22.07.59:750][830]LogModuleManager: Shutting down and abandoning module HTML5Networking (298)
[2017.11.11-22.07.59:750][830]LogModuleManager: Shutting down and abandoning module AlembicImporter (296)
[2017.11.11-22.07.59:750][830]LogModuleManager: Shutting down and abandoning module AlembicLibrary (295)
[2017.11.11-22.07.59:750][830]LogModuleManager: Shutting down and abandoning module GeometryCache (294)
[2017.11.11-22.07.59:750][830]LogModuleManager: Shutting down and abandoning module GeometryCacheEd (293)
[2017.11.11-22.07.59:750][830]LogModuleManager: Shutting down and abandoning module SuperSearchEditor (288)
[2017.11.11-22.07.59:750][830]LogModuleManager: Shutting down and abandoning module SuperSearch (287)
[2017.11.11-22.07.59:750][830]LogModuleManager: Shutting down and abandoning module SpeedTreeImporter (284)
[2017.11.11-22.07.59:750][830]LogModuleManager: Shutting down and abandoning module PluginBrowser (282)
[2017.11.11-22.07.59:750][830]LogModuleManager: Shutting down and abandoning module MobileLauncherProfileWizard (280)
[2017.11.11-22.07.59:750][830]LogModuleManager: Shutting down and abandoning module VisualStudioSourceCodeAccess (278)
[2017.11.11-22.07.59:750][830]LogModuleManager: Shutting down and abandoning module DesktopPlatform (277)
[2017.11.11-22.07.59:750][830]LogModuleManager: Shutting down and abandoning module UObjectPlugin (274)
[2017.11.11-22.07.59:750][830]LogModuleManager: Shutting down and abandoning module SubversionSourceControl (272)
[2017.11.11-22.07.59:750][830]LogModuleManager: Shutting down and abandoning module PerforceSourceControl (270)
[2017.11.11-22.07.59:750][830]LogModuleManager: Shutting down and abandoning module GitSourceControl (268)
[2017.11.11-22.07.59:750][830]LogModuleManager: Shutting down and abandoning module SourceControl (267)
[2017.11.11-22.07.59:750][830]LogModuleManager: Shutting down and abandoning module LightPropagationVolumeEditor (264)
[2017.11.11-22.07.59:750][830]LogModuleManager: Shutting down and abandoning module PaperTiledImporter (262)
[2017.11.11-22.07.59:750][830]LogModuleManager: Shutting down and abandoning module PaperSpriteSheetImporter (260)
[2017.11.11-22.07.59:750][830]LogModuleManager: Shutting down and abandoning module Paper2DEditor (258)
[2017.11.11-22.07.59:750][830]LogModuleManager: Shutting down and abandoning module MeshPaint (257)
[2017.11.11-22.07.59:750][830]LogModuleManager: Shutting down and abandoning module LevelEditor (255)
[2017.11.11-22.07.59:751][830]LogModuleManager: Shutting down and abandoning module PixelInspectorModule (254)
[2017.11.11-22.07.59:751][830]LogModuleManager: Shutting down and abandoning module MainFrame (252)
[2017.11.11-22.07.59:751][830]LogModuleManager: Shutting down and abandoning module HotReload (251)
[2017.11.11-22.07.59:751][830]LogModuleManager: Shutting down and abandoning module PhysXVehiclesEditor (246)
[2017.11.11-22.07.59:751][830]LogModuleManager: Shutting down and abandoning module PhysXVehicles (244)
[2017.11.11-22.07.59:751][830]LogModuleManager: Shutting down and abandoning module LocationServicesBPLibrary (242)
[2017.11.11-22.07.59:751][830]LogModuleManager: Shutting down and abandoning module ImmediatePhysicsEditor (240)
[2017.11.11-22.07.59:751][830]LogModuleManager: Shutting down and abandoning module ImmediatePhysics (238)
[2017.11.11-22.07.59:751][830]LogModuleManager: Shutting down and abandoning module UdpMessaging (236)
[2017.11.11-22.07.59:852][830]LogModuleManager: Shutting down and abandoning module TcpMessaging (234)
[2017.11.11-22.07.59:952][830]LogModuleManager: Shutting down and abandoning module GameplayTagsEditor (232)
[2017.11.11-22.07.59:952][830]LogModuleManager: Shutting down and abandoning module FacialAnimationEditor (230)
[2017.11.11-22.07.59:952][830]LogModuleManager: Shutting down and abandoning module FacialAnimation (228)
[2017.11.11-22.07.59:952][830]LogModuleManager: Shutting down and abandoning module AssetManagerEditor (226)
[2017.11.11-22.07.59:952][830]LogModuleManager: Shutting down and abandoning module GraphEditor (225)
[2017.11.11-22.07.59:952][830]LogModuleManager: Shutting down and abandoning module ContentBrowser (223)
[2017.11.11-22.07.59:952][830]LogModuleManager: Shutting down and abandoning module LightPropagationVolumeRuntime (220)
[2017.11.11-22.07.59:952][830]LogModuleManager: Shutting down and abandoning module Paper2D (218)
[2017.11.11-22.07.59:952][830]LogModuleManager: Shutting down and abandoning module WindowsMoviePlayer (216)
[2017.11.11-22.07.59:952][830]LogModuleManager: Shutting down and abandoning module WmfMedia (214)
[2017.11.11-22.07.59:952][830]LogModuleManager: Shutting down and abandoning module ClothingSystemEditor (212)
[2017.11.11-22.07.59:953][830]LogModuleManager: Shutting down and abandoning module ClothingSystemRuntime (210)
[2017.11.11-22.07.59:953][830]LogModuleManager: Shutting down and abandoning module MediaAssets (208)
[2017.11.11-22.07.59:953][830]LogModuleManager: Shutting down and abandoning module GameLiveStreaming (206)
[2017.11.11-22.07.59:953][830]LogModuleManager: Shutting down and abandoning module VREditor (204)
[2017.11.11-22.07.59:953][830]LogModuleManager: Shutting down and abandoning module StringTableEditor (202)
[2017.11.11-22.07.59:953][830]LogModuleManager: Shutting down and abandoning module GameplayTasksEditor (200)
[2017.11.11-22.07.59:953][830]LogModuleManager: Shutting down and abandoning module BehaviorTreeEditor (198)
[2017.11.11-22.07.59:953][830]LogModuleManager: Shutting down and abandoning module FunctionalTesting (196)
[2017.11.11-22.07.59:953][830]LogModuleManager: Shutting down and abandoning module CollisionAnalyzer (194)
[2017.11.11-22.07.59:953][830]LogModuleManager: Shutting down and abandoning module UMG (192)
[2017.11.11-22.07.59:953][830]LogModuleManager: Shutting down and abandoning module UMGEditor (191)
[2017.11.11-22.07.59:953][830]LogModuleManager: Shutting down and abandoning module Sequencer (190)
[2017.11.11-22.07.59:953][830]LogModuleManager: Shutting down and abandoning module AssetTools (188)
[2017.11.11-22.07.59:953][830]LogModuleManager: Shutting down and abandoning module MessageLog (187)
[2017.11.11-22.07.59:953][830]LogModuleManager: Shutting down and abandoning module WorkspaceMenuStructure (186)
[2017.11.11-22.07.59:953][830]LogModuleManager: Shutting down and abandoning module SlateReflector (180)
[2017.11.11-22.07.59:953][830]LogModuleManager: Shutting down and abandoning module Slate (178)
[2017.11.11-22.07.59:953][830]LogModuleManager: Shutting down and abandoning module EditorStyle (176)
[2017.11.11-22.07.59:954][830]LogModuleManager: Shutting down and abandoning module SourceCodeAccess (174)
[2017.11.11-22.07.59:954][830]LogModuleManager: Shutting down and abandoning module HeadMountedDisplay (172)
[2017.11.11-22.07.59:954][830]LogModuleManager: Shutting down and abandoning module XAudio2 (170)
[2017.11.11-22.07.59:954][830]LogModuleManager: Shutting down and abandoning module Networking (168)
[2017.11.11-22.07.59:954][830]LogModuleManager: Shutting down and abandoning module Core (164)
[2017.11.11-22.07.59:954][830]LogModuleManager: Shutting down and abandoning module AssetRegistry (162)
[2017.11.11-22.08.00:087][830]LogDirectoryWatcher: A directory notification for '../../../Engine/Content/' was aborted.
[2017.11.11-22.08.00:087][830]LogDirectoryWatcher: A directory notification for 'D:/CastleGuardCurrent/CastleGuardPhase2/CastleGuardReborn/Content/' was aborted.
[2017.11.11-22.08.00:087][830]LogDirectoryWatcher: A directory notification for '../../../Engine/Plugins/2D/Paper2D/Content/' was aborted.
[2017.11.11-22.08.00:087][830]LogDirectoryWatcher: A directory notification for '../../../Engine/Plugins/Runtime/GearVR/Content/' was aborted.
[2017.11.11-22.08.00:090][830]LogModuleManager: Shutting down and abandoning module DirectoryWatcher (161)
[2017.11.11-22.08.00:090][830]LogModuleManager: Shutting down and abandoning module KismetCompiler (158)
[2017.11.11-22.08.00:090][830]LogModuleManager: Shutting down and abandoning module LevelSequence (156)
[2017.11.11-22.08.00:090][830]LogModuleManager: Shutting down and abandoning module PhysXFormats (154)
[2017.11.11-22.08.00:090][830]LogModuleManager: Shutting down and abandoning module MeshUtilities (152)
[2017.11.11-22.08.00:090][830]LogModuleManager: Shutting down and abandoning module SimplygonSwarm (151)
[2017.11.11-22.08.00:090][830]LogModuleManager: Shutting down and abandoning module SimplygonMeshReduction (149)
[2017.11.11-22.08.00:090][830]LogModuleManager: Shutting down and abandoning module QuadricMeshReduction (147)
[2017.11.11-22.08.00:090][830]LogModuleManager: Shutting down and abandoning module DerivedDataCache (144)
[2017.11.11-22.08.00:173][830]LogDerivedDataCache: Shutdown
[2017.11.11-22.08.00:173][830]LogModuleManager: Shutting down and abandoning module TargetPlatform (142)
[2017.11.11-22.08.00:173][830]LogModuleManager: Shutting down and abandoning module VulkanShaderFormat (141)
[2017.11.11-22.08.00:173][830]LogModuleManager: Shutting down and abandoning module ShaderFormatVectorVM (139)
[2017.11.11-22.08.00:173][830]LogModuleManager: Shutting down and abandoning module ShaderFormatOpenGL (137)
[2017.11.11-22.08.00:173][830]LogModuleManager: Shutting down and abandoning module ShaderFormatD3D (135)
[2017.11.11-22.08.00:173][830]LogModuleManager: Shutting down and abandoning module MetalShaderFormat (133)
[2017.11.11-22.08.00:173][830]LogModuleManager: Shutting down and abandoning module TextureFormatUncompressed (131)
[2017.11.11-22.08.00:173][830]LogModuleManager: Shutting down and abandoning module TextureFormatPVR (129)
[2017.11.11-22.08.00:173][830]LogModuleManager: Shutting down and abandoning module TextureFormatDXT (127)
[2017.11.11-22.08.00:173][830]LogModuleManager: Shutting down and abandoning module TextureFormatIntelISPCTexComp (125)
[2017.11.11-22.08.00:173][830]LogModuleManager: Shutting down and abandoning module TextureFormatASTC (123)
[2017.11.11-22.08.00:173][830]LogModuleManager: Shutting down and abandoning module ImageWrapper (122)
[2017.11.11-22.08.00:173][830]LogModuleManager: Shutting down and abandoning module TextureFormatAndroid (119)
[2017.11.11-22.08.00:173][830]LogModuleManager: Shutting down and abandoning module AudioFormatOpus (117)
[2017.11.11-22.08.00:173][830]LogModuleManager: Shutting down and abandoning module AudioFormatOgg (115)
[2017.11.11-22.08.00:173][830]LogModuleManager: Shutting down and abandoning module AudioFormatADPCM (113)
[2017.11.11-22.08.00:173][830]LogModuleManager: Shutting down and abandoning module LinuxTargetPlatform (111)
[2017.11.11-22.08.00:173][830]LogModuleManager: Shutting down and abandoning module LinuxServerTargetPlatform (109)
[2017.11.11-22.08.00:173][830]LogModuleManager: Shutting down and abandoning module LinuxNoEditorTargetPlatform (107)
[2017.11.11-22.08.00:173][830]LogModuleManager: Shutting down and abandoning module LinuxClientTargetPlatform (105)
[2017.11.11-22.08.00:173][830]LogModuleManager: Shutting down and abandoning module TVOSTargetPlatform (103)
[2017.11.11-22.08.00:173][830]LogModuleManager: Shutting down and abandoning module Messaging (101)
[2017.11.11-22.08.00:173][830]LogModuleManager: Shutting down and abandoning module IOSTargetPlatform (99)
[2017.11.11-22.08.00:173][830]LogModuleManager: Shutting down and abandoning module HTML5TargetPlatform (97)
[2017.11.11-22.08.00:173][830]LogModuleManager: Shutting down and abandoning module Android_PVRTCTargetPlatform (95)
[2017.11.11-22.08.00:173][830]LogModuleManager: Shutting down and abandoning module Android_MultiTargetPlatform (93)
[2017.11.11-22.08.00:173][830]LogModuleManager: Shutting down and abandoning module Android_ETC2TargetPlatform (91)
[2017.11.11-22.08.00:173][830]LogModuleManager: Shutting down and abandoning module Android_ETC1TargetPlatform (89)
[2017.11.11-22.08.00:173][830]LogModuleManager: Shutting down and abandoning module Android_DXTTargetPlatform (87)
[2017.11.11-22.08.00:173][830]LogModuleManager: Shutting down and abandoning module Android_ATCTargetPlatform (85)
[2017.11.11-22.08.00:173][830]LogModuleManager: Shutting down and abandoning module Android_ASTCTargetPlatform (83)
[2017.11.11-22.08.00:173][830]LogModuleManager: Shutting down and abandoning module AndroidTargetPlatform (81)
[2017.11.11-22.08.00:173][830]LogModuleManager: Shutting down and abandoning module WindowsTargetPlatform (79)
[2017.11.11-22.08.00:173][830]LogModuleManager: Shutting down and abandoning module WindowsServerTargetPlatform (77)
[2017.11.11-22.08.00:173][830]LogModuleManager: Shutting down and abandoning module WindowsNoEditorTargetPlatform (75)
[2017.11.11-22.08.00:173][830]LogModuleManager: Shutting down and abandoning module WindowsClientTargetPlatform (73)
[2017.11.11-22.08.00:173][830]LogModuleManager: Shutting down and abandoning module MacTargetPlatform (71)
[2017.11.11-22.08.00:173][830]LogModuleManager: Shutting down and abandoning module MacServerTargetPlatform (69)
[2017.11.11-22.08.00:173][830]LogModuleManager: Shutting down and abandoning module MacNoEditorTargetPlatform (67)
[2017.11.11-22.08.00:173][830]LogModuleManager: Shutting down and abandoning module MacClientTargetPlatform (65)
[2017.11.11-22.08.00:173][830]LogModuleManager: Shutting down and abandoning module AllDesktopTargetPlatform (63)
[2017.11.11-22.08.00:173][830]LogModuleManager: Shutting down and abandoning module InputCore (60)
[2017.11.11-22.08.00:173][830]LogModuleManager: Shutting down and abandoning module Settings (58)
[2017.11.11-22.08.00:173][830]LogModuleManager: Shutting down and abandoning module OculusRift (56)
[2017.11.11-22.08.00:173][830]LogModuleManager: Shutting down and abandoning module GearVRController (54)
[2017.11.11-22.08.00:173][830]LogModuleManager: Shutting down and abandoning module GearVR (52)
[2017.11.11-22.08.00:173][830]LogModuleManager: Shutting down and abandoning module ExampleDeviceProfileSelector (50)
[2017.11.11-22.08.00:173][830]LogModuleManager: Shutting down and abandoning module OnlineBlueprintSupport (48)
[2017.11.11-22.08.00:173][830]LogModuleManager: Shutting down and abandoning module OnlineSubsystem (44)
[2017.11.11-22.08.00:173][830]LogOnline:Display: Unloading online subsystem: NULL
[2017.11.11-22.08.00:173][830]LogModuleManager: Shutting down and abandoning module XMPP (43)
[2017.11.11-22.08.00:173][830]LogModuleManager: Shutting down and abandoning module HTTP (41)
[2017.11.11-22.08.00:173][830]LogHttp:Display: Http module shutting down, but needs to wait on 1 outstanding Http requests:
[2017.11.11-22.08.00:173][830]LogHttp:Display: 	verb=[POST] url=[https://datarouter.ol.epicgames.com/datarouter/api/v1/public/data?SessionID=%7B27197CDB-4854-5CA7-0F1D-D0ACD41920E5%7D&AppID=UEEditor.Rocket.Release&AppVersion=4.16.2-3514769%2B%2B%2BUE4%2BRelease-4.16&UserID=982011a7482c1cbdc2ce3cbeaef51dbe%7Ce0ca3295625c4184a95d26a3b9c858a2%7C70012bb2-c253-4297-934e-6257f569ac01&AppEnvironment=datacollector-binary&UploadType=eteventstream] status=Processing
[2017.11.11-22.08.00:175][830]LogModuleManager: Shutting down and abandoning module SSL (40)
[2017.11.11-22.08.00:176][830]LogModuleManager: Shutting down and abandoning module HTTPChunkInstaller (36)
[2017.11.11-22.08.00:176][830]LogModuleManager: Shutting down and abandoning module AnimationModifiers (34)
[2017.11.11-22.08.00:176][830]LogModuleManager: Shutting down and abandoning module PropertyEditor (33)
[2017.11.11-22.08.00:176][830]LogModuleManager: Shutting down and abandoning module AudioEditor (30)
[2017.11.11-22.08.00:176][830]LogModuleManager: Shutting down and abandoning module TextureCompressor (28)
[2017.11.11-22.08.00:176][830]LogModuleManager: Shutting down and abandoning module ShaderCore (26)
[2017.11.11-22.08.00:176][830]LogModuleManager: Shutting down and abandoning module Landscape (24)
[2017.11.11-22.08.00:176][830]LogModuleManager: Shutting down and abandoning module SlateRHIRenderer (22)
[2017.11.11-22.08.00:177][830]LogModuleManager: Shutting down and abandoning module OpenGLDrv (20)
[2017.11.11-22.08.00:177][830]LogModuleManager: Shutting down and abandoning module D3D11RHI (18)
[2017.11.11-22.08.00:177][830]LogModuleManager: Shutting down and abandoning module AnimGraphRuntime (16)
[2017.11.11-22.08.00:177][830]LogModuleManager: Shutting down and abandoning module Renderer (14)
[2017.11.11-22.08.00:177][830]LogModuleManager: Shutting down and abandoning module Engine (12)
[2017.11.11-22.08.00:177][830]LogModuleManager: Shutting down and abandoning module CoreUObject (10)
[2017.11.11-22.08.00:177][830]LogModuleManager: Shutting down and abandoning module NetworkFile (8)
[2017.11.11-22.08.00:177][830]LogModuleManager: Shutting down and abandoning module StreamingFile (6)
[2017.11.11-22.08.00:177][830]LogModuleManager: Shutting down and abandoning module SandboxFile (4)
[2017.11.11-22.08.00:177][830]LogModuleManager: Shutting down and abandoning module PakFile (2)
[2017.11.11-22.08.00:179][830]LogExit: Exiting.
[2017.11.11-22.08.00:199][830]Log file closed, 11/11/17 14:08:00
